[2024-03-23T00:03:36.371+0000] {processor.py:161} INFO - Started process (PID=48) to work on /home/airflow/.local/lib/python3.8/site-packages/airflow/example_dags/example_branch_labels.py
[2024-03-23T00:03:36.373+0000] {processor.py:830} INFO - Processing file /home/airflow/.local/lib/python3.8/site-packages/airflow/example_dags/example_branch_labels.py for tasks to queue
[2024-03-23T00:03:36.377+0000] {logging_mixin.py:188} INFO - [2024-03-23T00:03:36.377+0000] {dagbag.py:540} INFO - Filling up the DagBag from /home/airflow/.local/lib/python3.8/site-packages/airflow/example_dags/example_branch_labels.py
[2024-03-23T00:03:36.401+0000] {processor.py:840} INFO - DAG(s) 'example_branch_labels' retrieved from /home/airflow/.local/lib/python3.8/site-packages/airflow/example_dags/example_branch_labels.py
[2024-03-23T00:03:36.453+0000] {logging_mixin.py:188} INFO - [2024-03-23T00:03:36.452+0000] {dag.py:3047} INFO - Sync 1 DAGs
[2024-03-23T00:03:36.495+0000] {logging_mixin.py:188} INFO - [2024-03-23T00:03:36.494+0000] {dag.py:3834} INFO - Setting next_dagrun for example_branch_labels to 2024-03-22 00:00:00+00:00, run_after=2024-03-23 00:00:00+00:00
[2024-03-23T00:03:36.526+0000] {processor.py:183} INFO - Processing /home/airflow/.local/lib/python3.8/site-packages/airflow/example_dags/example_branch_labels.py took 0.159 seconds
[2024-03-23T00:04:07.235+0000] {processor.py:161} INFO - Started process (PID=103) to work on /home/airflow/.local/lib/python3.8/site-packages/airflow/example_dags/example_branch_labels.py
[2024-03-23T00:04:07.236+0000] {processor.py:830} INFO - Processing file /home/airflow/.local/lib/python3.8/site-packages/airflow/example_dags/example_branch_labels.py for tasks to queue
[2024-03-23T00:04:07.238+0000] {logging_mixin.py:188} INFO - [2024-03-23T00:04:07.238+0000] {dagbag.py:540} INFO - Filling up the DagBag from /home/airflow/.local/lib/python3.8/site-packages/airflow/example_dags/example_branch_labels.py
[2024-03-23T00:04:07.248+0000] {processor.py:840} INFO - DAG(s) 'example_branch_labels' retrieved from /home/airflow/.local/lib/python3.8/site-packages/airflow/example_dags/example_branch_labels.py
[2024-03-23T00:04:07.272+0000] {logging_mixin.py:188} INFO - [2024-03-23T00:04:07.272+0000] {dag.py:3047} INFO - Sync 1 DAGs
[2024-03-23T00:04:07.299+0000] {logging_mixin.py:188} INFO - [2024-03-23T00:04:07.298+0000] {dag.py:3834} INFO - Setting next_dagrun for example_branch_labels to 2024-03-22 00:00:00+00:00, run_after=2024-03-23 00:00:00+00:00
[2024-03-23T00:04:07.318+0000] {processor.py:183} INFO - Processing /home/airflow/.local/lib/python3.8/site-packages/airflow/example_dags/example_branch_labels.py took 0.087 seconds
[2024-03-23T00:04:37.664+0000] {processor.py:161} INFO - Started process (PID=158) to work on /home/airflow/.local/lib/python3.8/site-packages/airflow/example_dags/example_branch_labels.py
[2024-03-23T00:04:37.665+0000] {processor.py:830} INFO - Processing file /home/airflow/.local/lib/python3.8/site-packages/airflow/example_dags/example_branch_labels.py for tasks to queue
[2024-03-23T00:04:37.667+0000] {logging_mixin.py:188} INFO - [2024-03-23T00:04:37.667+0000] {dagbag.py:540} INFO - Filling up the DagBag from /home/airflow/.local/lib/python3.8/site-packages/airflow/example_dags/example_branch_labels.py
[2024-03-23T00:04:37.677+0000] {processor.py:840} INFO - DAG(s) 'example_branch_labels' retrieved from /home/airflow/.local/lib/python3.8/site-packages/airflow/example_dags/example_branch_labels.py
[2024-03-23T00:04:37.702+0000] {logging_mixin.py:188} INFO - [2024-03-23T00:04:37.701+0000] {dag.py:3047} INFO - Sync 1 DAGs
[2024-03-23T00:04:37.728+0000] {logging_mixin.py:188} INFO - [2024-03-23T00:04:37.727+0000] {dag.py:3834} INFO - Setting next_dagrun for example_branch_labels to 2024-03-22 00:00:00+00:00, run_after=2024-03-23 00:00:00+00:00
[2024-03-23T00:04:37.746+0000] {processor.py:183} INFO - Processing /home/airflow/.local/lib/python3.8/site-packages/airflow/example_dags/example_branch_labels.py took 0.086 seconds
[2024-03-23T00:05:07.913+0000] {processor.py:161} INFO - Started process (PID=213) to work on /home/airflow/.local/lib/python3.8/site-packages/airflow/example_dags/example_branch_labels.py
[2024-03-23T00:05:07.914+0000] {processor.py:830} INFO - Processing file /home/airflow/.local/lib/python3.8/site-packages/airflow/example_dags/example_branch_labels.py for tasks to queue
[2024-03-23T00:05:07.917+0000] {logging_mixin.py:188} INFO - [2024-03-23T00:05:07.916+0000] {dagbag.py:540} INFO - Filling up the DagBag from /home/airflow/.local/lib/python3.8/site-packages/airflow/example_dags/example_branch_labels.py
[2024-03-23T00:05:07.926+0000] {processor.py:840} INFO - DAG(s) 'example_branch_labels' retrieved from /home/airflow/.local/lib/python3.8/site-packages/airflow/example_dags/example_branch_labels.py
[2024-03-23T00:05:07.949+0000] {logging_mixin.py:188} INFO - [2024-03-23T00:05:07.949+0000] {dag.py:3047} INFO - Sync 1 DAGs
[2024-03-23T00:05:07.975+0000] {logging_mixin.py:188} INFO - [2024-03-23T00:05:07.975+0000] {dag.py:3834} INFO - Setting next_dagrun for example_branch_labels to 2024-03-22 00:00:00+00:00, run_after=2024-03-23 00:00:00+00:00
[2024-03-23T00:05:07.993+0000] {processor.py:183} INFO - Processing /home/airflow/.local/lib/python3.8/site-packages/airflow/example_dags/example_branch_labels.py took 0.084 seconds
[2024-03-23T00:05:38.134+0000] {processor.py:161} INFO - Started process (PID=268) to work on /home/airflow/.local/lib/python3.8/site-packages/airflow/example_dags/example_branch_labels.py
[2024-03-23T00:05:38.135+0000] {processor.py:830} INFO - Processing file /home/airflow/.local/lib/python3.8/site-packages/airflow/example_dags/example_branch_labels.py for tasks to queue
[2024-03-23T00:05:38.138+0000] {logging_mixin.py:188} INFO - [2024-03-23T00:05:38.137+0000] {dagbag.py:540} INFO - Filling up the DagBag from /home/airflow/.local/lib/python3.8/site-packages/airflow/example_dags/example_branch_labels.py
[2024-03-23T00:05:38.151+0000] {processor.py:840} INFO - DAG(s) 'example_branch_labels' retrieved from /home/airflow/.local/lib/python3.8/site-packages/airflow/example_dags/example_branch_labels.py
[2024-03-23T00:05:38.178+0000] {logging_mixin.py:188} INFO - [2024-03-23T00:05:38.178+0000] {dag.py:3047} INFO - Sync 1 DAGs
[2024-03-23T00:05:38.206+0000] {logging_mixin.py:188} INFO - [2024-03-23T00:05:38.206+0000] {dag.py:3834} INFO - Setting next_dagrun for example_branch_labels to 2024-03-22 00:00:00+00:00, run_after=2024-03-23 00:00:00+00:00
[2024-03-23T00:05:38.228+0000] {processor.py:183} INFO - Processing /home/airflow/.local/lib/python3.8/site-packages/airflow/example_dags/example_branch_labels.py took 0.098 seconds
[2024-03-23T00:06:08.482+0000] {processor.py:161} INFO - Started process (PID=323) to work on /home/airflow/.local/lib/python3.8/site-packages/airflow/example_dags/example_branch_labels.py
[2024-03-23T00:06:08.483+0000] {processor.py:830} INFO - Processing file /home/airflow/.local/lib/python3.8/site-packages/airflow/example_dags/example_branch_labels.py for tasks to queue
[2024-03-23T00:06:08.486+0000] {logging_mixin.py:188} INFO - [2024-03-23T00:06:08.485+0000] {dagbag.py:540} INFO - Filling up the DagBag from /home/airflow/.local/lib/python3.8/site-packages/airflow/example_dags/example_branch_labels.py
[2024-03-23T00:06:08.496+0000] {processor.py:840} INFO - DAG(s) 'example_branch_labels' retrieved from /home/airflow/.local/lib/python3.8/site-packages/airflow/example_dags/example_branch_labels.py
[2024-03-23T00:06:08.522+0000] {logging_mixin.py:188} INFO - [2024-03-23T00:06:08.522+0000] {dag.py:3047} INFO - Sync 1 DAGs
[2024-03-23T00:06:08.550+0000] {logging_mixin.py:188} INFO - [2024-03-23T00:06:08.549+0000] {dag.py:3834} INFO - Setting next_dagrun for example_branch_labels to 2024-03-22 00:00:00+00:00, run_after=2024-03-23 00:00:00+00:00
[2024-03-23T00:06:08.570+0000] {processor.py:183} INFO - Processing /home/airflow/.local/lib/python3.8/site-packages/airflow/example_dags/example_branch_labels.py took 0.093 seconds
[2024-03-23T00:06:39.044+0000] {processor.py:161} INFO - Started process (PID=378) to work on /home/airflow/.local/lib/python3.8/site-packages/airflow/example_dags/example_branch_labels.py
[2024-03-23T00:06:39.045+0000] {processor.py:830} INFO - Processing file /home/airflow/.local/lib/python3.8/site-packages/airflow/example_dags/example_branch_labels.py for tasks to queue
[2024-03-23T00:06:39.047+0000] {logging_mixin.py:188} INFO - [2024-03-23T00:06:39.047+0000] {dagbag.py:540} INFO - Filling up the DagBag from /home/airflow/.local/lib/python3.8/site-packages/airflow/example_dags/example_branch_labels.py
[2024-03-23T00:06:39.057+0000] {processor.py:840} INFO - DAG(s) 'example_branch_labels' retrieved from /home/airflow/.local/lib/python3.8/site-packages/airflow/example_dags/example_branch_labels.py
[2024-03-23T00:06:39.081+0000] {logging_mixin.py:188} INFO - [2024-03-23T00:06:39.080+0000] {dag.py:3047} INFO - Sync 1 DAGs
[2024-03-23T00:06:39.111+0000] {logging_mixin.py:188} INFO - [2024-03-23T00:06:39.111+0000] {dag.py:3834} INFO - Setting next_dagrun for example_branch_labels to 2024-03-22 00:00:00+00:00, run_after=2024-03-23 00:00:00+00:00
[2024-03-23T00:06:39.131+0000] {processor.py:183} INFO - Processing /home/airflow/.local/lib/python3.8/site-packages/airflow/example_dags/example_branch_labels.py took 0.091 seconds
[2024-03-23T00:07:09.532+0000] {processor.py:161} INFO - Started process (PID=433) to work on /home/airflow/.local/lib/python3.8/site-packages/airflow/example_dags/example_branch_labels.py
[2024-03-23T00:07:09.534+0000] {processor.py:830} INFO - Processing file /home/airflow/.local/lib/python3.8/site-packages/airflow/example_dags/example_branch_labels.py for tasks to queue
[2024-03-23T00:07:09.536+0000] {logging_mixin.py:188} INFO - [2024-03-23T00:07:09.536+0000] {dagbag.py:540} INFO - Filling up the DagBag from /home/airflow/.local/lib/python3.8/site-packages/airflow/example_dags/example_branch_labels.py
[2024-03-23T00:07:09.546+0000] {processor.py:840} INFO - DAG(s) 'example_branch_labels' retrieved from /home/airflow/.local/lib/python3.8/site-packages/airflow/example_dags/example_branch_labels.py
[2024-03-23T00:07:09.572+0000] {logging_mixin.py:188} INFO - [2024-03-23T00:07:09.571+0000] {dag.py:3047} INFO - Sync 1 DAGs
[2024-03-23T00:07:09.601+0000] {logging_mixin.py:188} INFO - [2024-03-23T00:07:09.600+0000] {dag.py:3834} INFO - Setting next_dagrun for example_branch_labels to 2024-03-22 00:00:00+00:00, run_after=2024-03-23 00:00:00+00:00
[2024-03-23T00:07:09.624+0000] {processor.py:183} INFO - Processing /home/airflow/.local/lib/python3.8/site-packages/airflow/example_dags/example_branch_labels.py took 0.096 seconds
[2024-03-23T00:07:39.896+0000] {processor.py:161} INFO - Started process (PID=488) to work on /home/airflow/.local/lib/python3.8/site-packages/airflow/example_dags/example_branch_labels.py
[2024-03-23T00:07:39.897+0000] {processor.py:830} INFO - Processing file /home/airflow/.local/lib/python3.8/site-packages/airflow/example_dags/example_branch_labels.py for tasks to queue
[2024-03-23T00:07:39.900+0000] {logging_mixin.py:188} INFO - [2024-03-23T00:07:39.899+0000] {dagbag.py:540} INFO - Filling up the DagBag from /home/airflow/.local/lib/python3.8/site-packages/airflow/example_dags/example_branch_labels.py
[2024-03-23T00:07:39.910+0000] {processor.py:840} INFO - DAG(s) 'example_branch_labels' retrieved from /home/airflow/.local/lib/python3.8/site-packages/airflow/example_dags/example_branch_labels.py
[2024-03-23T00:07:39.937+0000] {logging_mixin.py:188} INFO - [2024-03-23T00:07:39.937+0000] {dag.py:3047} INFO - Sync 1 DAGs
[2024-03-23T00:07:39.965+0000] {logging_mixin.py:188} INFO - [2024-03-23T00:07:39.965+0000] {dag.py:3834} INFO - Setting next_dagrun for example_branch_labels to 2024-03-22 00:00:00+00:00, run_after=2024-03-23 00:00:00+00:00
[2024-03-23T00:07:39.986+0000] {processor.py:183} INFO - Processing /home/airflow/.local/lib/python3.8/site-packages/airflow/example_dags/example_branch_labels.py took 0.094 seconds
[2024-03-23T00:08:10.220+0000] {processor.py:161} INFO - Started process (PID=543) to work on /home/airflow/.local/lib/python3.8/site-packages/airflow/example_dags/example_branch_labels.py
[2024-03-23T00:08:10.221+0000] {processor.py:830} INFO - Processing file /home/airflow/.local/lib/python3.8/site-packages/airflow/example_dags/example_branch_labels.py for tasks to queue
[2024-03-23T00:08:10.223+0000] {logging_mixin.py:188} INFO - [2024-03-23T00:08:10.223+0000] {dagbag.py:540} INFO - Filling up the DagBag from /home/airflow/.local/lib/python3.8/site-packages/airflow/example_dags/example_branch_labels.py
[2024-03-23T00:08:10.233+0000] {processor.py:840} INFO - DAG(s) 'example_branch_labels' retrieved from /home/airflow/.local/lib/python3.8/site-packages/airflow/example_dags/example_branch_labels.py
[2024-03-23T00:08:10.258+0000] {logging_mixin.py:188} INFO - [2024-03-23T00:08:10.258+0000] {dag.py:3047} INFO - Sync 1 DAGs
[2024-03-23T00:08:10.284+0000] {logging_mixin.py:188} INFO - [2024-03-23T00:08:10.284+0000] {dag.py:3834} INFO - Setting next_dagrun for example_branch_labels to 2024-03-22 00:00:00+00:00, run_after=2024-03-23 00:00:00+00:00
[2024-03-23T00:08:10.305+0000] {processor.py:183} INFO - Processing /home/airflow/.local/lib/python3.8/site-packages/airflow/example_dags/example_branch_labels.py took 0.089 seconds
[2024-03-23T00:08:40.495+0000] {processor.py:161} INFO - Started process (PID=598) to work on /home/airflow/.local/lib/python3.8/site-packages/airflow/example_dags/example_branch_labels.py
[2024-03-23T00:08:40.496+0000] {processor.py:830} INFO - Processing file /home/airflow/.local/lib/python3.8/site-packages/airflow/example_dags/example_branch_labels.py for tasks to queue
[2024-03-23T00:08:40.499+0000] {logging_mixin.py:188} INFO - [2024-03-23T00:08:40.499+0000] {dagbag.py:540} INFO - Filling up the DagBag from /home/airflow/.local/lib/python3.8/site-packages/airflow/example_dags/example_branch_labels.py
[2024-03-23T00:08:40.510+0000] {processor.py:840} INFO - DAG(s) 'example_branch_labels' retrieved from /home/airflow/.local/lib/python3.8/site-packages/airflow/example_dags/example_branch_labels.py
[2024-03-23T00:08:40.540+0000] {logging_mixin.py:188} INFO - [2024-03-23T00:08:40.539+0000] {dag.py:3047} INFO - Sync 1 DAGs
[2024-03-23T00:08:40.571+0000] {logging_mixin.py:188} INFO - [2024-03-23T00:08:40.570+0000] {dag.py:3834} INFO - Setting next_dagrun for example_branch_labels to 2024-03-22 00:00:00+00:00, run_after=2024-03-23 00:00:00+00:00
[2024-03-23T00:08:40.592+0000] {processor.py:183} INFO - Processing /home/airflow/.local/lib/python3.8/site-packages/airflow/example_dags/example_branch_labels.py took 0.102 seconds
[2024-03-23T00:09:10.908+0000] {processor.py:161} INFO - Started process (PID=653) to work on /home/airflow/.local/lib/python3.8/site-packages/airflow/example_dags/example_branch_labels.py
[2024-03-23T00:09:10.909+0000] {processor.py:830} INFO - Processing file /home/airflow/.local/lib/python3.8/site-packages/airflow/example_dags/example_branch_labels.py for tasks to queue
[2024-03-23T00:09:10.912+0000] {logging_mixin.py:188} INFO - [2024-03-23T00:09:10.911+0000] {dagbag.py:540} INFO - Filling up the DagBag from /home/airflow/.local/lib/python3.8/site-packages/airflow/example_dags/example_branch_labels.py
[2024-03-23T00:09:10.922+0000] {processor.py:840} INFO - DAG(s) 'example_branch_labels' retrieved from /home/airflow/.local/lib/python3.8/site-packages/airflow/example_dags/example_branch_labels.py
[2024-03-23T00:09:10.947+0000] {logging_mixin.py:188} INFO - [2024-03-23T00:09:10.947+0000] {dag.py:3047} INFO - Sync 1 DAGs
[2024-03-23T00:09:10.975+0000] {logging_mixin.py:188} INFO - [2024-03-23T00:09:10.975+0000] {dag.py:3834} INFO - Setting next_dagrun for example_branch_labels to 2024-03-22 00:00:00+00:00, run_after=2024-03-23 00:00:00+00:00
[2024-03-23T00:09:10.997+0000] {processor.py:183} INFO - Processing /home/airflow/.local/lib/python3.8/site-packages/airflow/example_dags/example_branch_labels.py took 0.093 seconds
[2024-03-23T00:09:41.106+0000] {processor.py:161} INFO - Started process (PID=708) to work on /home/airflow/.local/lib/python3.8/site-packages/airflow/example_dags/example_branch_labels.py
[2024-03-23T00:09:41.107+0000] {processor.py:830} INFO - Processing file /home/airflow/.local/lib/python3.8/site-packages/airflow/example_dags/example_branch_labels.py for tasks to queue
[2024-03-23T00:09:41.110+0000] {logging_mixin.py:188} INFO - [2024-03-23T00:09:41.109+0000] {dagbag.py:540} INFO - Filling up the DagBag from /home/airflow/.local/lib/python3.8/site-packages/airflow/example_dags/example_branch_labels.py
[2024-03-23T00:09:41.120+0000] {processor.py:840} INFO - DAG(s) 'example_branch_labels' retrieved from /home/airflow/.local/lib/python3.8/site-packages/airflow/example_dags/example_branch_labels.py
[2024-03-23T00:09:41.144+0000] {logging_mixin.py:188} INFO - [2024-03-23T00:09:41.144+0000] {dag.py:3047} INFO - Sync 1 DAGs
[2024-03-23T00:09:41.170+0000] {logging_mixin.py:188} INFO - [2024-03-23T00:09:41.170+0000] {dag.py:3834} INFO - Setting next_dagrun for example_branch_labels to 2024-03-22 00:00:00+00:00, run_after=2024-03-23 00:00:00+00:00
[2024-03-23T00:09:41.189+0000] {processor.py:183} INFO - Processing /home/airflow/.local/lib/python3.8/site-packages/airflow/example_dags/example_branch_labels.py took 0.087 seconds
[2024-03-23T00:10:11.252+0000] {processor.py:161} INFO - Started process (PID=763) to work on /home/airflow/.local/lib/python3.8/site-packages/airflow/example_dags/example_branch_labels.py
[2024-03-23T00:10:11.253+0000] {processor.py:830} INFO - Processing file /home/airflow/.local/lib/python3.8/site-packages/airflow/example_dags/example_branch_labels.py for tasks to queue
[2024-03-23T00:10:11.257+0000] {logging_mixin.py:188} INFO - [2024-03-23T00:10:11.256+0000] {dagbag.py:540} INFO - Filling up the DagBag from /home/airflow/.local/lib/python3.8/site-packages/airflow/example_dags/example_branch_labels.py
[2024-03-23T00:10:11.269+0000] {processor.py:840} INFO - DAG(s) 'example_branch_labels' retrieved from /home/airflow/.local/lib/python3.8/site-packages/airflow/example_dags/example_branch_labels.py
[2024-03-23T00:10:11.302+0000] {logging_mixin.py:188} INFO - [2024-03-23T00:10:11.301+0000] {dag.py:3047} INFO - Sync 1 DAGs
[2024-03-23T00:10:11.330+0000] {logging_mixin.py:188} INFO - [2024-03-23T00:10:11.329+0000] {dag.py:3834} INFO - Setting next_dagrun for example_branch_labels to 2024-03-22 00:00:00+00:00, run_after=2024-03-23 00:00:00+00:00
[2024-03-23T00:10:11.355+0000] {processor.py:183} INFO - Processing /home/airflow/.local/lib/python3.8/site-packages/airflow/example_dags/example_branch_labels.py took 0.107 seconds
[2024-03-23T00:10:41.688+0000] {processor.py:161} INFO - Started process (PID=818) to work on /home/airflow/.local/lib/python3.8/site-packages/airflow/example_dags/example_branch_labels.py
[2024-03-23T00:10:41.689+0000] {processor.py:830} INFO - Processing file /home/airflow/.local/lib/python3.8/site-packages/airflow/example_dags/example_branch_labels.py for tasks to queue
[2024-03-23T00:10:41.691+0000] {logging_mixin.py:188} INFO - [2024-03-23T00:10:41.691+0000] {dagbag.py:540} INFO - Filling up the DagBag from /home/airflow/.local/lib/python3.8/site-packages/airflow/example_dags/example_branch_labels.py
[2024-03-23T00:10:41.701+0000] {processor.py:840} INFO - DAG(s) 'example_branch_labels' retrieved from /home/airflow/.local/lib/python3.8/site-packages/airflow/example_dags/example_branch_labels.py
[2024-03-23T00:10:41.725+0000] {logging_mixin.py:188} INFO - [2024-03-23T00:10:41.725+0000] {dag.py:3047} INFO - Sync 1 DAGs
[2024-03-23T00:10:41.752+0000] {logging_mixin.py:188} INFO - [2024-03-23T00:10:41.751+0000] {dag.py:3834} INFO - Setting next_dagrun for example_branch_labels to 2024-03-22 00:00:00+00:00, run_after=2024-03-23 00:00:00+00:00
[2024-03-23T00:10:41.771+0000] {processor.py:183} INFO - Processing /home/airflow/.local/lib/python3.8/site-packages/airflow/example_dags/example_branch_labels.py took 0.087 seconds
[2024-03-23T00:11:12.159+0000] {processor.py:161} INFO - Started process (PID=873) to work on /home/airflow/.local/lib/python3.8/site-packages/airflow/example_dags/example_branch_labels.py
[2024-03-23T00:11:12.161+0000] {processor.py:830} INFO - Processing file /home/airflow/.local/lib/python3.8/site-packages/airflow/example_dags/example_branch_labels.py for tasks to queue
[2024-03-23T00:11:12.163+0000] {logging_mixin.py:188} INFO - [2024-03-23T00:11:12.162+0000] {dagbag.py:540} INFO - Filling up the DagBag from /home/airflow/.local/lib/python3.8/site-packages/airflow/example_dags/example_branch_labels.py
[2024-03-23T00:11:12.173+0000] {processor.py:840} INFO - DAG(s) 'example_branch_labels' retrieved from /home/airflow/.local/lib/python3.8/site-packages/airflow/example_dags/example_branch_labels.py
[2024-03-23T00:11:12.197+0000] {logging_mixin.py:188} INFO - [2024-03-23T00:11:12.197+0000] {dag.py:3047} INFO - Sync 1 DAGs
[2024-03-23T00:11:12.224+0000] {logging_mixin.py:188} INFO - [2024-03-23T00:11:12.223+0000] {dag.py:3834} INFO - Setting next_dagrun for example_branch_labels to 2024-03-22 00:00:00+00:00, run_after=2024-03-23 00:00:00+00:00
[2024-03-23T00:11:12.243+0000] {processor.py:183} INFO - Processing /home/airflow/.local/lib/python3.8/site-packages/airflow/example_dags/example_branch_labels.py took 0.088 seconds
[2024-03-23T00:11:42.465+0000] {processor.py:161} INFO - Started process (PID=928) to work on /home/airflow/.local/lib/python3.8/site-packages/airflow/example_dags/example_branch_labels.py
[2024-03-23T00:11:42.466+0000] {processor.py:830} INFO - Processing file /home/airflow/.local/lib/python3.8/site-packages/airflow/example_dags/example_branch_labels.py for tasks to queue
[2024-03-23T00:11:42.468+0000] {logging_mixin.py:188} INFO - [2024-03-23T00:11:42.468+0000] {dagbag.py:540} INFO - Filling up the DagBag from /home/airflow/.local/lib/python3.8/site-packages/airflow/example_dags/example_branch_labels.py
[2024-03-23T00:11:42.479+0000] {processor.py:840} INFO - DAG(s) 'example_branch_labels' retrieved from /home/airflow/.local/lib/python3.8/site-packages/airflow/example_dags/example_branch_labels.py
[2024-03-23T00:11:42.509+0000] {logging_mixin.py:188} INFO - [2024-03-23T00:11:42.509+0000] {dag.py:3047} INFO - Sync 1 DAGs
[2024-03-23T00:11:42.547+0000] {logging_mixin.py:188} INFO - [2024-03-23T00:11:42.546+0000] {dag.py:3834} INFO - Setting next_dagrun for example_branch_labels to 2024-03-22 00:00:00+00:00, run_after=2024-03-23 00:00:00+00:00
[2024-03-23T00:11:42.571+0000] {processor.py:183} INFO - Processing /home/airflow/.local/lib/python3.8/site-packages/airflow/example_dags/example_branch_labels.py took 0.111 seconds
[2024-03-23T00:12:12.854+0000] {processor.py:161} INFO - Started process (PID=983) to work on /home/airflow/.local/lib/python3.8/site-packages/airflow/example_dags/example_branch_labels.py
[2024-03-23T00:12:12.855+0000] {processor.py:830} INFO - Processing file /home/airflow/.local/lib/python3.8/site-packages/airflow/example_dags/example_branch_labels.py for tasks to queue
[2024-03-23T00:12:12.858+0000] {logging_mixin.py:188} INFO - [2024-03-23T00:12:12.857+0000] {dagbag.py:540} INFO - Filling up the DagBag from /home/airflow/.local/lib/python3.8/site-packages/airflow/example_dags/example_branch_labels.py
[2024-03-23T00:12:12.870+0000] {processor.py:840} INFO - DAG(s) 'example_branch_labels' retrieved from /home/airflow/.local/lib/python3.8/site-packages/airflow/example_dags/example_branch_labels.py
[2024-03-23T00:12:12.896+0000] {logging_mixin.py:188} INFO - [2024-03-23T00:12:12.896+0000] {dag.py:3047} INFO - Sync 1 DAGs
[2024-03-23T00:12:12.925+0000] {logging_mixin.py:188} INFO - [2024-03-23T00:12:12.925+0000] {dag.py:3834} INFO - Setting next_dagrun for example_branch_labels to 2024-03-22 00:00:00+00:00, run_after=2024-03-23 00:00:00+00:00
[2024-03-23T00:12:12.950+0000] {processor.py:183} INFO - Processing /home/airflow/.local/lib/python3.8/site-packages/airflow/example_dags/example_branch_labels.py took 0.102 seconds
[2024-03-23T00:12:43.381+0000] {processor.py:161} INFO - Started process (PID=1038) to work on /home/airflow/.local/lib/python3.8/site-packages/airflow/example_dags/example_branch_labels.py
[2024-03-23T00:12:43.382+0000] {processor.py:830} INFO - Processing file /home/airflow/.local/lib/python3.8/site-packages/airflow/example_dags/example_branch_labels.py for tasks to queue
[2024-03-23T00:12:43.385+0000] {logging_mixin.py:188} INFO - [2024-03-23T00:12:43.384+0000] {dagbag.py:540} INFO - Filling up the DagBag from /home/airflow/.local/lib/python3.8/site-packages/airflow/example_dags/example_branch_labels.py
[2024-03-23T00:12:43.399+0000] {processor.py:840} INFO - DAG(s) 'example_branch_labels' retrieved from /home/airflow/.local/lib/python3.8/site-packages/airflow/example_dags/example_branch_labels.py
[2024-03-23T00:12:43.426+0000] {logging_mixin.py:188} INFO - [2024-03-23T00:12:43.426+0000] {dag.py:3047} INFO - Sync 1 DAGs
[2024-03-23T00:12:43.453+0000] {logging_mixin.py:188} INFO - [2024-03-23T00:12:43.453+0000] {dag.py:3834} INFO - Setting next_dagrun for example_branch_labels to 2024-03-22 00:00:00+00:00, run_after=2024-03-23 00:00:00+00:00
[2024-03-23T00:12:43.473+0000] {processor.py:183} INFO - Processing /home/airflow/.local/lib/python3.8/site-packages/airflow/example_dags/example_branch_labels.py took 0.096 seconds
[2024-03-23T00:13:13.809+0000] {processor.py:161} INFO - Started process (PID=1093) to work on /home/airflow/.local/lib/python3.8/site-packages/airflow/example_dags/example_branch_labels.py
[2024-03-23T00:13:13.811+0000] {processor.py:830} INFO - Processing file /home/airflow/.local/lib/python3.8/site-packages/airflow/example_dags/example_branch_labels.py for tasks to queue
[2024-03-23T00:13:13.813+0000] {logging_mixin.py:188} INFO - [2024-03-23T00:13:13.813+0000] {dagbag.py:540} INFO - Filling up the DagBag from /home/airflow/.local/lib/python3.8/site-packages/airflow/example_dags/example_branch_labels.py
[2024-03-23T00:13:13.823+0000] {processor.py:840} INFO - DAG(s) 'example_branch_labels' retrieved from /home/airflow/.local/lib/python3.8/site-packages/airflow/example_dags/example_branch_labels.py
[2024-03-23T00:13:13.848+0000] {logging_mixin.py:188} INFO - [2024-03-23T00:13:13.848+0000] {dag.py:3047} INFO - Sync 1 DAGs
[2024-03-23T00:13:13.875+0000] {logging_mixin.py:188} INFO - [2024-03-23T00:13:13.875+0000] {dag.py:3834} INFO - Setting next_dagrun for example_branch_labels to 2024-03-22 00:00:00+00:00, run_after=2024-03-23 00:00:00+00:00
[2024-03-23T00:13:13.893+0000] {processor.py:183} INFO - Processing /home/airflow/.local/lib/python3.8/site-packages/airflow/example_dags/example_branch_labels.py took 0.088 seconds
[2024-03-23T00:13:44.224+0000] {processor.py:161} INFO - Started process (PID=1148) to work on /home/airflow/.local/lib/python3.8/site-packages/airflow/example_dags/example_branch_labels.py
[2024-03-23T00:13:44.226+0000] {processor.py:830} INFO - Processing file /home/airflow/.local/lib/python3.8/site-packages/airflow/example_dags/example_branch_labels.py for tasks to queue
[2024-03-23T00:13:44.228+0000] {logging_mixin.py:188} INFO - [2024-03-23T00:13:44.228+0000] {dagbag.py:540} INFO - Filling up the DagBag from /home/airflow/.local/lib/python3.8/site-packages/airflow/example_dags/example_branch_labels.py
[2024-03-23T00:13:44.239+0000] {processor.py:840} INFO - DAG(s) 'example_branch_labels' retrieved from /home/airflow/.local/lib/python3.8/site-packages/airflow/example_dags/example_branch_labels.py
[2024-03-23T00:13:44.267+0000] {logging_mixin.py:188} INFO - [2024-03-23T00:13:44.266+0000] {dag.py:3047} INFO - Sync 1 DAGs
[2024-03-23T00:13:44.304+0000] {logging_mixin.py:188} INFO - [2024-03-23T00:13:44.304+0000] {dag.py:3834} INFO - Setting next_dagrun for example_branch_labels to 2024-03-22 00:00:00+00:00, run_after=2024-03-23 00:00:00+00:00
[2024-03-23T00:13:44.326+0000] {processor.py:183} INFO - Processing /home/airflow/.local/lib/python3.8/site-packages/airflow/example_dags/example_branch_labels.py took 0.106 seconds
[2024-03-23T00:14:14.795+0000] {processor.py:161} INFO - Started process (PID=1203) to work on /home/airflow/.local/lib/python3.8/site-packages/airflow/example_dags/example_branch_labels.py
[2024-03-23T00:14:14.796+0000] {processor.py:830} INFO - Processing file /home/airflow/.local/lib/python3.8/site-packages/airflow/example_dags/example_branch_labels.py for tasks to queue
[2024-03-23T00:14:14.798+0000] {logging_mixin.py:188} INFO - [2024-03-23T00:14:14.798+0000] {dagbag.py:540} INFO - Filling up the DagBag from /home/airflow/.local/lib/python3.8/site-packages/airflow/example_dags/example_branch_labels.py
[2024-03-23T00:14:14.810+0000] {processor.py:840} INFO - DAG(s) 'example_branch_labels' retrieved from /home/airflow/.local/lib/python3.8/site-packages/airflow/example_dags/example_branch_labels.py
[2024-03-23T00:14:14.836+0000] {logging_mixin.py:188} INFO - [2024-03-23T00:14:14.835+0000] {dag.py:3047} INFO - Sync 1 DAGs
[2024-03-23T00:14:14.868+0000] {logging_mixin.py:188} INFO - [2024-03-23T00:14:14.867+0000] {dag.py:3834} INFO - Setting next_dagrun for example_branch_labels to 2024-03-22 00:00:00+00:00, run_after=2024-03-23 00:00:00+00:00
[2024-03-23T00:14:14.889+0000] {processor.py:183} INFO - Processing /home/airflow/.local/lib/python3.8/site-packages/airflow/example_dags/example_branch_labels.py took 0.098 seconds
[2024-03-23T00:14:45.304+0000] {processor.py:161} INFO - Started process (PID=1258) to work on /home/airflow/.local/lib/python3.8/site-packages/airflow/example_dags/example_branch_labels.py
[2024-03-23T00:14:45.305+0000] {processor.py:830} INFO - Processing file /home/airflow/.local/lib/python3.8/site-packages/airflow/example_dags/example_branch_labels.py for tasks to queue
[2024-03-23T00:14:45.308+0000] {logging_mixin.py:188} INFO - [2024-03-23T00:14:45.307+0000] {dagbag.py:540} INFO - Filling up the DagBag from /home/airflow/.local/lib/python3.8/site-packages/airflow/example_dags/example_branch_labels.py
[2024-03-23T00:14:45.317+0000] {processor.py:840} INFO - DAG(s) 'example_branch_labels' retrieved from /home/airflow/.local/lib/python3.8/site-packages/airflow/example_dags/example_branch_labels.py
[2024-03-23T00:14:45.343+0000] {logging_mixin.py:188} INFO - [2024-03-23T00:14:45.342+0000] {dag.py:3047} INFO - Sync 1 DAGs
[2024-03-23T00:14:45.373+0000] {logging_mixin.py:188} INFO - [2024-03-23T00:14:45.372+0000] {dag.py:3834} INFO - Setting next_dagrun for example_branch_labels to 2024-03-22 00:00:00+00:00, run_after=2024-03-23 00:00:00+00:00
[2024-03-23T00:14:45.395+0000] {processor.py:183} INFO - Processing /home/airflow/.local/lib/python3.8/site-packages/airflow/example_dags/example_branch_labels.py took 0.095 seconds
[2024-03-23T00:15:15.693+0000] {processor.py:161} INFO - Started process (PID=1313) to work on /home/airflow/.local/lib/python3.8/site-packages/airflow/example_dags/example_branch_labels.py
[2024-03-23T00:15:15.694+0000] {processor.py:830} INFO - Processing file /home/airflow/.local/lib/python3.8/site-packages/airflow/example_dags/example_branch_labels.py for tasks to queue
[2024-03-23T00:15:15.696+0000] {logging_mixin.py:188} INFO - [2024-03-23T00:15:15.696+0000] {dagbag.py:540} INFO - Filling up the DagBag from /home/airflow/.local/lib/python3.8/site-packages/airflow/example_dags/example_branch_labels.py
[2024-03-23T00:15:15.706+0000] {processor.py:840} INFO - DAG(s) 'example_branch_labels' retrieved from /home/airflow/.local/lib/python3.8/site-packages/airflow/example_dags/example_branch_labels.py
[2024-03-23T00:15:15.733+0000] {logging_mixin.py:188} INFO - [2024-03-23T00:15:15.732+0000] {dag.py:3047} INFO - Sync 1 DAGs
[2024-03-23T00:15:15.760+0000] {logging_mixin.py:188} INFO - [2024-03-23T00:15:15.759+0000] {dag.py:3834} INFO - Setting next_dagrun for example_branch_labels to 2024-03-22 00:00:00+00:00, run_after=2024-03-23 00:00:00+00:00
[2024-03-23T00:15:15.778+0000] {processor.py:183} INFO - Processing /home/airflow/.local/lib/python3.8/site-packages/airflow/example_dags/example_branch_labels.py took 0.090 seconds
[2024-03-23T00:15:45.949+0000] {processor.py:161} INFO - Started process (PID=1368) to work on /home/airflow/.local/lib/python3.8/site-packages/airflow/example_dags/example_branch_labels.py
[2024-03-23T00:15:45.951+0000] {processor.py:830} INFO - Processing file /home/airflow/.local/lib/python3.8/site-packages/airflow/example_dags/example_branch_labels.py for tasks to queue
[2024-03-23T00:15:45.953+0000] {logging_mixin.py:188} INFO - [2024-03-23T00:15:45.953+0000] {dagbag.py:540} INFO - Filling up the DagBag from /home/airflow/.local/lib/python3.8/site-packages/airflow/example_dags/example_branch_labels.py
[2024-03-23T00:15:45.963+0000] {processor.py:840} INFO - DAG(s) 'example_branch_labels' retrieved from /home/airflow/.local/lib/python3.8/site-packages/airflow/example_dags/example_branch_labels.py
[2024-03-23T00:15:45.987+0000] {logging_mixin.py:188} INFO - [2024-03-23T00:15:45.987+0000] {dag.py:3047} INFO - Sync 1 DAGs
[2024-03-23T00:15:46.017+0000] {logging_mixin.py:188} INFO - [2024-03-23T00:15:46.016+0000] {dag.py:3834} INFO - Setting next_dagrun for example_branch_labels to 2024-03-22 00:00:00+00:00, run_after=2024-03-23 00:00:00+00:00
[2024-03-23T00:15:46.037+0000] {processor.py:183} INFO - Processing /home/airflow/.local/lib/python3.8/site-packages/airflow/example_dags/example_branch_labels.py took 0.091 seconds
[2024-03-23T00:16:16.485+0000] {processor.py:161} INFO - Started process (PID=1423) to work on /home/airflow/.local/lib/python3.8/site-packages/airflow/example_dags/example_branch_labels.py
[2024-03-23T00:16:16.487+0000] {processor.py:830} INFO - Processing file /home/airflow/.local/lib/python3.8/site-packages/airflow/example_dags/example_branch_labels.py for tasks to queue
[2024-03-23T00:16:16.489+0000] {logging_mixin.py:188} INFO - [2024-03-23T00:16:16.489+0000] {dagbag.py:540} INFO - Filling up the DagBag from /home/airflow/.local/lib/python3.8/site-packages/airflow/example_dags/example_branch_labels.py
[2024-03-23T00:16:16.500+0000] {processor.py:840} INFO - DAG(s) 'example_branch_labels' retrieved from /home/airflow/.local/lib/python3.8/site-packages/airflow/example_dags/example_branch_labels.py
[2024-03-23T00:16:16.525+0000] {logging_mixin.py:188} INFO - [2024-03-23T00:16:16.525+0000] {dag.py:3047} INFO - Sync 1 DAGs
[2024-03-23T00:16:16.551+0000] {logging_mixin.py:188} INFO - [2024-03-23T00:16:16.551+0000] {dag.py:3834} INFO - Setting next_dagrun for example_branch_labels to 2024-03-22 00:00:00+00:00, run_after=2024-03-23 00:00:00+00:00
[2024-03-23T00:16:16.570+0000] {processor.py:183} INFO - Processing /home/airflow/.local/lib/python3.8/site-packages/airflow/example_dags/example_branch_labels.py took 0.089 seconds
[2024-03-23T00:16:46.693+0000] {processor.py:161} INFO - Started process (PID=1478) to work on /home/airflow/.local/lib/python3.8/site-packages/airflow/example_dags/example_branch_labels.py
[2024-03-23T00:16:46.694+0000] {processor.py:830} INFO - Processing file /home/airflow/.local/lib/python3.8/site-packages/airflow/example_dags/example_branch_labels.py for tasks to queue
[2024-03-23T00:16:46.696+0000] {logging_mixin.py:188} INFO - [2024-03-23T00:16:46.696+0000] {dagbag.py:540} INFO - Filling up the DagBag from /home/airflow/.local/lib/python3.8/site-packages/airflow/example_dags/example_branch_labels.py
[2024-03-23T00:16:46.706+0000] {processor.py:840} INFO - DAG(s) 'example_branch_labels' retrieved from /home/airflow/.local/lib/python3.8/site-packages/airflow/example_dags/example_branch_labels.py
[2024-03-23T00:16:46.730+0000] {logging_mixin.py:188} INFO - [2024-03-23T00:16:46.730+0000] {dag.py:3047} INFO - Sync 1 DAGs
[2024-03-23T00:16:46.755+0000] {logging_mixin.py:188} INFO - [2024-03-23T00:16:46.755+0000] {dag.py:3834} INFO - Setting next_dagrun for example_branch_labels to 2024-03-22 00:00:00+00:00, run_after=2024-03-23 00:00:00+00:00
[2024-03-23T00:16:46.775+0000] {processor.py:183} INFO - Processing /home/airflow/.local/lib/python3.8/site-packages/airflow/example_dags/example_branch_labels.py took 0.086 seconds
[2024-03-23T00:17:16.948+0000] {processor.py:161} INFO - Started process (PID=1533) to work on /home/airflow/.local/lib/python3.8/site-packages/airflow/example_dags/example_branch_labels.py
[2024-03-23T00:17:16.950+0000] {processor.py:830} INFO - Processing file /home/airflow/.local/lib/python3.8/site-packages/airflow/example_dags/example_branch_labels.py for tasks to queue
[2024-03-23T00:17:16.952+0000] {logging_mixin.py:188} INFO - [2024-03-23T00:17:16.951+0000] {dagbag.py:540} INFO - Filling up the DagBag from /home/airflow/.local/lib/python3.8/site-packages/airflow/example_dags/example_branch_labels.py
[2024-03-23T00:17:16.961+0000] {processor.py:840} INFO - DAG(s) 'example_branch_labels' retrieved from /home/airflow/.local/lib/python3.8/site-packages/airflow/example_dags/example_branch_labels.py
[2024-03-23T00:17:16.985+0000] {logging_mixin.py:188} INFO - [2024-03-23T00:17:16.985+0000] {dag.py:3047} INFO - Sync 1 DAGs
[2024-03-23T00:17:17.012+0000] {logging_mixin.py:188} INFO - [2024-03-23T00:17:17.012+0000] {dag.py:3834} INFO - Setting next_dagrun for example_branch_labels to 2024-03-22 00:00:00+00:00, run_after=2024-03-23 00:00:00+00:00
[2024-03-23T00:17:17.032+0000] {processor.py:183} INFO - Processing /home/airflow/.local/lib/python3.8/site-packages/airflow/example_dags/example_branch_labels.py took 0.088 seconds
[2024-03-23T00:17:47.498+0000] {processor.py:161} INFO - Started process (PID=1588) to work on /home/airflow/.local/lib/python3.8/site-packages/airflow/example_dags/example_branch_labels.py
[2024-03-23T00:17:47.499+0000] {processor.py:830} INFO - Processing file /home/airflow/.local/lib/python3.8/site-packages/airflow/example_dags/example_branch_labels.py for tasks to queue
[2024-03-23T00:17:47.502+0000] {logging_mixin.py:188} INFO - [2024-03-23T00:17:47.501+0000] {dagbag.py:540} INFO - Filling up the DagBag from /home/airflow/.local/lib/python3.8/site-packages/airflow/example_dags/example_branch_labels.py
[2024-03-23T00:17:47.511+0000] {processor.py:840} INFO - DAG(s) 'example_branch_labels' retrieved from /home/airflow/.local/lib/python3.8/site-packages/airflow/example_dags/example_branch_labels.py
[2024-03-23T00:17:47.536+0000] {logging_mixin.py:188} INFO - [2024-03-23T00:17:47.535+0000] {dag.py:3047} INFO - Sync 1 DAGs
[2024-03-23T00:17:47.561+0000] {logging_mixin.py:188} INFO - [2024-03-23T00:17:47.561+0000] {dag.py:3834} INFO - Setting next_dagrun for example_branch_labels to 2024-03-22 00:00:00+00:00, run_after=2024-03-23 00:00:00+00:00
[2024-03-23T00:17:47.580+0000] {processor.py:183} INFO - Processing /home/airflow/.local/lib/python3.8/site-packages/airflow/example_dags/example_branch_labels.py took 0.086 seconds
[2024-03-23T00:18:17.866+0000] {processor.py:161} INFO - Started process (PID=1643) to work on /home/airflow/.local/lib/python3.8/site-packages/airflow/example_dags/example_branch_labels.py
[2024-03-23T00:18:17.868+0000] {processor.py:830} INFO - Processing file /home/airflow/.local/lib/python3.8/site-packages/airflow/example_dags/example_branch_labels.py for tasks to queue
[2024-03-23T00:18:17.870+0000] {logging_mixin.py:188} INFO - [2024-03-23T00:18:17.869+0000] {dagbag.py:540} INFO - Filling up the DagBag from /home/airflow/.local/lib/python3.8/site-packages/airflow/example_dags/example_branch_labels.py
[2024-03-23T00:18:17.879+0000] {processor.py:840} INFO - DAG(s) 'example_branch_labels' retrieved from /home/airflow/.local/lib/python3.8/site-packages/airflow/example_dags/example_branch_labels.py
[2024-03-23T00:18:17.903+0000] {logging_mixin.py:188} INFO - [2024-03-23T00:18:17.903+0000] {dag.py:3047} INFO - Sync 1 DAGs
[2024-03-23T00:18:17.930+0000] {logging_mixin.py:188} INFO - [2024-03-23T00:18:17.929+0000] {dag.py:3834} INFO - Setting next_dagrun for example_branch_labels to 2024-03-22 00:00:00+00:00, run_after=2024-03-23 00:00:00+00:00
[2024-03-23T00:18:17.949+0000] {processor.py:183} INFO - Processing /home/airflow/.local/lib/python3.8/site-packages/airflow/example_dags/example_branch_labels.py took 0.086 seconds
[2024-03-23T00:18:48.379+0000] {processor.py:161} INFO - Started process (PID=1698) to work on /home/airflow/.local/lib/python3.8/site-packages/airflow/example_dags/example_branch_labels.py
[2024-03-23T00:18:48.381+0000] {processor.py:830} INFO - Processing file /home/airflow/.local/lib/python3.8/site-packages/airflow/example_dags/example_branch_labels.py for tasks to queue
[2024-03-23T00:18:48.383+0000] {logging_mixin.py:188} INFO - [2024-03-23T00:18:48.382+0000] {dagbag.py:540} INFO - Filling up the DagBag from /home/airflow/.local/lib/python3.8/site-packages/airflow/example_dags/example_branch_labels.py
[2024-03-23T00:18:48.392+0000] {processor.py:840} INFO - DAG(s) 'example_branch_labels' retrieved from /home/airflow/.local/lib/python3.8/site-packages/airflow/example_dags/example_branch_labels.py
[2024-03-23T00:18:48.416+0000] {logging_mixin.py:188} INFO - [2024-03-23T00:18:48.416+0000] {dag.py:3047} INFO - Sync 1 DAGs
[2024-03-23T00:18:48.442+0000] {logging_mixin.py:188} INFO - [2024-03-23T00:18:48.442+0000] {dag.py:3834} INFO - Setting next_dagrun for example_branch_labels to 2024-03-22 00:00:00+00:00, run_after=2024-03-23 00:00:00+00:00
[2024-03-23T00:18:48.460+0000] {processor.py:183} INFO - Processing /home/airflow/.local/lib/python3.8/site-packages/airflow/example_dags/example_branch_labels.py took 0.085 seconds
[2024-03-23T00:19:18.656+0000] {processor.py:161} INFO - Started process (PID=1753) to work on /home/airflow/.local/lib/python3.8/site-packages/airflow/example_dags/example_branch_labels.py
[2024-03-23T00:19:18.657+0000] {processor.py:830} INFO - Processing file /home/airflow/.local/lib/python3.8/site-packages/airflow/example_dags/example_branch_labels.py for tasks to queue
[2024-03-23T00:19:18.659+0000] {logging_mixin.py:188} INFO - [2024-03-23T00:19:18.658+0000] {dagbag.py:540} INFO - Filling up the DagBag from /home/airflow/.local/lib/python3.8/site-packages/airflow/example_dags/example_branch_labels.py
[2024-03-23T00:19:18.668+0000] {processor.py:840} INFO - DAG(s) 'example_branch_labels' retrieved from /home/airflow/.local/lib/python3.8/site-packages/airflow/example_dags/example_branch_labels.py
[2024-03-23T00:19:18.693+0000] {logging_mixin.py:188} INFO - [2024-03-23T00:19:18.693+0000] {dag.py:3047} INFO - Sync 1 DAGs
[2024-03-23T00:19:18.720+0000] {logging_mixin.py:188} INFO - [2024-03-23T00:19:18.719+0000] {dag.py:3834} INFO - Setting next_dagrun for example_branch_labels to 2024-03-22 00:00:00+00:00, run_after=2024-03-23 00:00:00+00:00
[2024-03-23T00:19:18.739+0000] {processor.py:183} INFO - Processing /home/airflow/.local/lib/python3.8/site-packages/airflow/example_dags/example_branch_labels.py took 0.087 seconds
[2024-03-23T00:19:49.207+0000] {processor.py:161} INFO - Started process (PID=1808) to work on /home/airflow/.local/lib/python3.8/site-packages/airflow/example_dags/example_branch_labels.py
[2024-03-23T00:19:49.208+0000] {processor.py:830} INFO - Processing file /home/airflow/.local/lib/python3.8/site-packages/airflow/example_dags/example_branch_labels.py for tasks to queue
[2024-03-23T00:19:49.210+0000] {logging_mixin.py:188} INFO - [2024-03-23T00:19:49.210+0000] {dagbag.py:540} INFO - Filling up the DagBag from /home/airflow/.local/lib/python3.8/site-packages/airflow/example_dags/example_branch_labels.py
[2024-03-23T00:19:49.220+0000] {processor.py:840} INFO - DAG(s) 'example_branch_labels' retrieved from /home/airflow/.local/lib/python3.8/site-packages/airflow/example_dags/example_branch_labels.py
[2024-03-23T00:19:49.244+0000] {logging_mixin.py:188} INFO - [2024-03-23T00:19:49.244+0000] {dag.py:3047} INFO - Sync 1 DAGs
[2024-03-23T00:19:49.272+0000] {logging_mixin.py:188} INFO - [2024-03-23T00:19:49.272+0000] {dag.py:3834} INFO - Setting next_dagrun for example_branch_labels to 2024-03-22 00:00:00+00:00, run_after=2024-03-23 00:00:00+00:00
[2024-03-23T00:19:49.293+0000] {processor.py:183} INFO - Processing /home/airflow/.local/lib/python3.8/site-packages/airflow/example_dags/example_branch_labels.py took 0.090 seconds
[2024-03-23T00:20:19.832+0000] {processor.py:161} INFO - Started process (PID=1869) to work on /home/airflow/.local/lib/python3.8/site-packages/airflow/example_dags/example_branch_labels.py
[2024-03-23T00:20:19.834+0000] {processor.py:830} INFO - Processing file /home/airflow/.local/lib/python3.8/site-packages/airflow/example_dags/example_branch_labels.py for tasks to queue
[2024-03-23T00:20:19.836+0000] {logging_mixin.py:188} INFO - [2024-03-23T00:20:19.836+0000] {dagbag.py:540} INFO - Filling up the DagBag from /home/airflow/.local/lib/python3.8/site-packages/airflow/example_dags/example_branch_labels.py
[2024-03-23T00:20:19.848+0000] {processor.py:840} INFO - DAG(s) 'example_branch_labels' retrieved from /home/airflow/.local/lib/python3.8/site-packages/airflow/example_dags/example_branch_labels.py
[2024-03-23T00:20:19.875+0000] {logging_mixin.py:188} INFO - [2024-03-23T00:20:19.874+0000] {dag.py:3047} INFO - Sync 1 DAGs
[2024-03-23T00:20:19.903+0000] {logging_mixin.py:188} INFO - [2024-03-23T00:20:19.903+0000] {dag.py:3834} INFO - Setting next_dagrun for example_branch_labels to 2024-03-22 00:00:00+00:00, run_after=2024-03-23 00:00:00+00:00
[2024-03-23T00:20:19.925+0000] {processor.py:183} INFO - Processing /home/airflow/.local/lib/python3.8/site-packages/airflow/example_dags/example_branch_labels.py took 0.096 seconds
[2024-03-23T00:20:50.247+0000] {processor.py:161} INFO - Started process (PID=1924) to work on /home/airflow/.local/lib/python3.8/site-packages/airflow/example_dags/example_branch_labels.py
[2024-03-23T00:20:50.249+0000] {processor.py:830} INFO - Processing file /home/airflow/.local/lib/python3.8/site-packages/airflow/example_dags/example_branch_labels.py for tasks to queue
[2024-03-23T00:20:50.251+0000] {logging_mixin.py:188} INFO - [2024-03-23T00:20:50.251+0000] {dagbag.py:540} INFO - Filling up the DagBag from /home/airflow/.local/lib/python3.8/site-packages/airflow/example_dags/example_branch_labels.py
[2024-03-23T00:20:50.261+0000] {processor.py:840} INFO - DAG(s) 'example_branch_labels' retrieved from /home/airflow/.local/lib/python3.8/site-packages/airflow/example_dags/example_branch_labels.py
[2024-03-23T00:20:50.284+0000] {logging_mixin.py:188} INFO - [2024-03-23T00:20:50.284+0000] {dag.py:3047} INFO - Sync 1 DAGs
[2024-03-23T00:20:50.312+0000] {logging_mixin.py:188} INFO - [2024-03-23T00:20:50.312+0000] {dag.py:3834} INFO - Setting next_dagrun for example_branch_labels to 2024-03-22 00:00:00+00:00, run_after=2024-03-23 00:00:00+00:00
[2024-03-23T00:20:50.335+0000] {processor.py:183} INFO - Processing /home/airflow/.local/lib/python3.8/site-packages/airflow/example_dags/example_branch_labels.py took 0.091 seconds
[2024-03-23T00:21:20.404+0000] {processor.py:161} INFO - Started process (PID=1979) to work on /home/airflow/.local/lib/python3.8/site-packages/airflow/example_dags/example_branch_labels.py
[2024-03-23T00:21:20.406+0000] {processor.py:830} INFO - Processing file /home/airflow/.local/lib/python3.8/site-packages/airflow/example_dags/example_branch_labels.py for tasks to queue
[2024-03-23T00:21:20.408+0000] {logging_mixin.py:188} INFO - [2024-03-23T00:21:20.408+0000] {dagbag.py:540} INFO - Filling up the DagBag from /home/airflow/.local/lib/python3.8/site-packages/airflow/example_dags/example_branch_labels.py
[2024-03-23T00:21:20.419+0000] {processor.py:840} INFO - DAG(s) 'example_branch_labels' retrieved from /home/airflow/.local/lib/python3.8/site-packages/airflow/example_dags/example_branch_labels.py
[2024-03-23T00:21:20.445+0000] {logging_mixin.py:188} INFO - [2024-03-23T00:21:20.445+0000] {dag.py:3047} INFO - Sync 1 DAGs
[2024-03-23T00:21:20.473+0000] {logging_mixin.py:188} INFO - [2024-03-23T00:21:20.473+0000] {dag.py:3834} INFO - Setting next_dagrun for example_branch_labels to 2024-03-22 00:00:00+00:00, run_after=2024-03-23 00:00:00+00:00
[2024-03-23T00:21:20.492+0000] {processor.py:183} INFO - Processing /home/airflow/.local/lib/python3.8/site-packages/airflow/example_dags/example_branch_labels.py took 0.092 seconds
[2024-03-23T00:21:50.731+0000] {processor.py:161} INFO - Started process (PID=2034) to work on /home/airflow/.local/lib/python3.8/site-packages/airflow/example_dags/example_branch_labels.py
[2024-03-23T00:21:50.732+0000] {processor.py:830} INFO - Processing file /home/airflow/.local/lib/python3.8/site-packages/airflow/example_dags/example_branch_labels.py for tasks to queue
[2024-03-23T00:21:50.734+0000] {logging_mixin.py:188} INFO - [2024-03-23T00:21:50.734+0000] {dagbag.py:540} INFO - Filling up the DagBag from /home/airflow/.local/lib/python3.8/site-packages/airflow/example_dags/example_branch_labels.py
[2024-03-23T00:21:50.744+0000] {processor.py:840} INFO - DAG(s) 'example_branch_labels' retrieved from /home/airflow/.local/lib/python3.8/site-packages/airflow/example_dags/example_branch_labels.py
[2024-03-23T00:21:50.767+0000] {logging_mixin.py:188} INFO - [2024-03-23T00:21:50.767+0000] {dag.py:3047} INFO - Sync 1 DAGs
[2024-03-23T00:21:50.793+0000] {logging_mixin.py:188} INFO - [2024-03-23T00:21:50.793+0000] {dag.py:3834} INFO - Setting next_dagrun for example_branch_labels to 2024-03-22 00:00:00+00:00, run_after=2024-03-23 00:00:00+00:00
[2024-03-23T00:21:50.812+0000] {processor.py:183} INFO - Processing /home/airflow/.local/lib/python3.8/site-packages/airflow/example_dags/example_branch_labels.py took 0.085 seconds
[2024-03-23T00:22:21.157+0000] {processor.py:161} INFO - Started process (PID=2089) to work on /home/airflow/.local/lib/python3.8/site-packages/airflow/example_dags/example_branch_labels.py
[2024-03-23T00:22:21.158+0000] {processor.py:830} INFO - Processing file /home/airflow/.local/lib/python3.8/site-packages/airflow/example_dags/example_branch_labels.py for tasks to queue
[2024-03-23T00:22:21.161+0000] {logging_mixin.py:188} INFO - [2024-03-23T00:22:21.160+0000] {dagbag.py:540} INFO - Filling up the DagBag from /home/airflow/.local/lib/python3.8/site-packages/airflow/example_dags/example_branch_labels.py
[2024-03-23T00:22:21.171+0000] {processor.py:840} INFO - DAG(s) 'example_branch_labels' retrieved from /home/airflow/.local/lib/python3.8/site-packages/airflow/example_dags/example_branch_labels.py
[2024-03-23T00:22:21.201+0000] {logging_mixin.py:188} INFO - [2024-03-23T00:22:21.200+0000] {dag.py:3047} INFO - Sync 1 DAGs
[2024-03-23T00:22:21.234+0000] {logging_mixin.py:188} INFO - [2024-03-23T00:22:21.234+0000] {dag.py:3834} INFO - Setting next_dagrun for example_branch_labels to 2024-03-22 00:00:00+00:00, run_after=2024-03-23 00:00:00+00:00
[2024-03-23T00:22:21.257+0000] {processor.py:183} INFO - Processing /home/airflow/.local/lib/python3.8/site-packages/airflow/example_dags/example_branch_labels.py took 0.105 seconds
[2024-03-23T00:22:51.608+0000] {processor.py:161} INFO - Started process (PID=2144) to work on /home/airflow/.local/lib/python3.8/site-packages/airflow/example_dags/example_branch_labels.py
[2024-03-23T00:22:51.609+0000] {processor.py:830} INFO - Processing file /home/airflow/.local/lib/python3.8/site-packages/airflow/example_dags/example_branch_labels.py for tasks to queue
[2024-03-23T00:22:51.611+0000] {logging_mixin.py:188} INFO - [2024-03-23T00:22:51.611+0000] {dagbag.py:540} INFO - Filling up the DagBag from /home/airflow/.local/lib/python3.8/site-packages/airflow/example_dags/example_branch_labels.py
[2024-03-23T00:22:51.621+0000] {processor.py:840} INFO - DAG(s) 'example_branch_labels' retrieved from /home/airflow/.local/lib/python3.8/site-packages/airflow/example_dags/example_branch_labels.py
[2024-03-23T00:22:51.645+0000] {logging_mixin.py:188} INFO - [2024-03-23T00:22:51.645+0000] {dag.py:3047} INFO - Sync 1 DAGs
[2024-03-23T00:22:51.672+0000] {logging_mixin.py:188} INFO - [2024-03-23T00:22:51.671+0000] {dag.py:3834} INFO - Setting next_dagrun for example_branch_labels to 2024-03-22 00:00:00+00:00, run_after=2024-03-23 00:00:00+00:00
[2024-03-23T00:22:51.691+0000] {processor.py:183} INFO - Processing /home/airflow/.local/lib/python3.8/site-packages/airflow/example_dags/example_branch_labels.py took 0.087 seconds
[2024-03-23T00:23:21.866+0000] {processor.py:161} INFO - Started process (PID=2199) to work on /home/airflow/.local/lib/python3.8/site-packages/airflow/example_dags/example_branch_labels.py
[2024-03-23T00:23:21.867+0000] {processor.py:830} INFO - Processing file /home/airflow/.local/lib/python3.8/site-packages/airflow/example_dags/example_branch_labels.py for tasks to queue
[2024-03-23T00:23:21.869+0000] {logging_mixin.py:188} INFO - [2024-03-23T00:23:21.869+0000] {dagbag.py:540} INFO - Filling up the DagBag from /home/airflow/.local/lib/python3.8/site-packages/airflow/example_dags/example_branch_labels.py
[2024-03-23T00:23:21.879+0000] {processor.py:840} INFO - DAG(s) 'example_branch_labels' retrieved from /home/airflow/.local/lib/python3.8/site-packages/airflow/example_dags/example_branch_labels.py
[2024-03-23T00:23:21.904+0000] {logging_mixin.py:188} INFO - [2024-03-23T00:23:21.904+0000] {dag.py:3047} INFO - Sync 1 DAGs
[2024-03-23T00:23:21.932+0000] {logging_mixin.py:188} INFO - [2024-03-23T00:23:21.931+0000] {dag.py:3834} INFO - Setting next_dagrun for example_branch_labels to 2024-03-22 00:00:00+00:00, run_after=2024-03-23 00:00:00+00:00
[2024-03-23T00:23:21.951+0000] {processor.py:183} INFO - Processing /home/airflow/.local/lib/python3.8/site-packages/airflow/example_dags/example_branch_labels.py took 0.089 seconds
[2024-03-23T00:23:52.720+0000] {processor.py:161} INFO - Started process (PID=2252) to work on /home/airflow/.local/lib/python3.8/site-packages/airflow/example_dags/example_branch_labels.py
[2024-03-23T00:23:52.721+0000] {processor.py:830} INFO - Processing file /home/airflow/.local/lib/python3.8/site-packages/airflow/example_dags/example_branch_labels.py for tasks to queue
[2024-03-23T00:23:52.723+0000] {logging_mixin.py:188} INFO - [2024-03-23T00:23:52.723+0000] {dagbag.py:540} INFO - Filling up the DagBag from /home/airflow/.local/lib/python3.8/site-packages/airflow/example_dags/example_branch_labels.py
[2024-03-23T00:23:52.733+0000] {processor.py:840} INFO - DAG(s) 'example_branch_labels' retrieved from /home/airflow/.local/lib/python3.8/site-packages/airflow/example_dags/example_branch_labels.py
[2024-03-23T00:23:52.762+0000] {logging_mixin.py:188} INFO - [2024-03-23T00:23:52.762+0000] {dag.py:3047} INFO - Sync 1 DAGs
[2024-03-23T00:23:52.793+0000] {logging_mixin.py:188} INFO - [2024-03-23T00:23:52.792+0000] {dag.py:3834} INFO - Setting next_dagrun for example_branch_labels to 2024-03-22 00:00:00+00:00, run_after=2024-03-23 00:00:00+00:00
[2024-03-23T00:23:52.812+0000] {processor.py:183} INFO - Processing /home/airflow/.local/lib/python3.8/site-packages/airflow/example_dags/example_branch_labels.py took 0.097 seconds
[2024-03-23T00:24:22.983+0000] {processor.py:161} INFO - Started process (PID=2307) to work on /home/airflow/.local/lib/python3.8/site-packages/airflow/example_dags/example_branch_labels.py
[2024-03-23T00:24:22.984+0000] {processor.py:830} INFO - Processing file /home/airflow/.local/lib/python3.8/site-packages/airflow/example_dags/example_branch_labels.py for tasks to queue
[2024-03-23T00:24:22.986+0000] {logging_mixin.py:188} INFO - [2024-03-23T00:24:22.986+0000] {dagbag.py:540} INFO - Filling up the DagBag from /home/airflow/.local/lib/python3.8/site-packages/airflow/example_dags/example_branch_labels.py
[2024-03-23T00:24:22.997+0000] {processor.py:840} INFO - DAG(s) 'example_branch_labels' retrieved from /home/airflow/.local/lib/python3.8/site-packages/airflow/example_dags/example_branch_labels.py
[2024-03-23T00:24:23.023+0000] {logging_mixin.py:188} INFO - [2024-03-23T00:24:23.022+0000] {dag.py:3047} INFO - Sync 1 DAGs
[2024-03-23T00:24:23.051+0000] {logging_mixin.py:188} INFO - [2024-03-23T00:24:23.051+0000] {dag.py:3834} INFO - Setting next_dagrun for example_branch_labels to 2024-03-22 00:00:00+00:00, run_after=2024-03-23 00:00:00+00:00
[2024-03-23T00:24:23.075+0000] {processor.py:183} INFO - Processing /home/airflow/.local/lib/python3.8/site-packages/airflow/example_dags/example_branch_labels.py took 0.096 seconds
[2024-03-23T00:24:53.310+0000] {processor.py:161} INFO - Started process (PID=2362) to work on /home/airflow/.local/lib/python3.8/site-packages/airflow/example_dags/example_branch_labels.py
[2024-03-23T00:24:53.311+0000] {processor.py:830} INFO - Processing file /home/airflow/.local/lib/python3.8/site-packages/airflow/example_dags/example_branch_labels.py for tasks to queue
[2024-03-23T00:24:53.313+0000] {logging_mixin.py:188} INFO - [2024-03-23T00:24:53.313+0000] {dagbag.py:540} INFO - Filling up the DagBag from /home/airflow/.local/lib/python3.8/site-packages/airflow/example_dags/example_branch_labels.py
[2024-03-23T00:24:53.324+0000] {processor.py:840} INFO - DAG(s) 'example_branch_labels' retrieved from /home/airflow/.local/lib/python3.8/site-packages/airflow/example_dags/example_branch_labels.py
[2024-03-23T00:24:53.352+0000] {logging_mixin.py:188} INFO - [2024-03-23T00:24:53.352+0000] {dag.py:3047} INFO - Sync 1 DAGs
[2024-03-23T00:24:53.381+0000] {logging_mixin.py:188} INFO - [2024-03-23T00:24:53.380+0000] {dag.py:3834} INFO - Setting next_dagrun for example_branch_labels to 2024-03-22 00:00:00+00:00, run_after=2024-03-23 00:00:00+00:00
[2024-03-23T00:24:53.399+0000] {processor.py:183} INFO - Processing /home/airflow/.local/lib/python3.8/site-packages/airflow/example_dags/example_branch_labels.py took 0.093 seconds
[2024-03-23T00:25:23.603+0000] {processor.py:161} INFO - Started process (PID=2417) to work on /home/airflow/.local/lib/python3.8/site-packages/airflow/example_dags/example_branch_labels.py
[2024-03-23T00:25:23.605+0000] {processor.py:830} INFO - Processing file /home/airflow/.local/lib/python3.8/site-packages/airflow/example_dags/example_branch_labels.py for tasks to queue
[2024-03-23T00:25:23.607+0000] {logging_mixin.py:188} INFO - [2024-03-23T00:25:23.606+0000] {dagbag.py:540} INFO - Filling up the DagBag from /home/airflow/.local/lib/python3.8/site-packages/airflow/example_dags/example_branch_labels.py
[2024-03-23T00:25:23.617+0000] {processor.py:840} INFO - DAG(s) 'example_branch_labels' retrieved from /home/airflow/.local/lib/python3.8/site-packages/airflow/example_dags/example_branch_labels.py
[2024-03-23T00:25:23.641+0000] {logging_mixin.py:188} INFO - [2024-03-23T00:25:23.641+0000] {dag.py:3047} INFO - Sync 1 DAGs
[2024-03-23T00:25:23.667+0000] {logging_mixin.py:188} INFO - [2024-03-23T00:25:23.667+0000] {dag.py:3834} INFO - Setting next_dagrun for example_branch_labels to 2024-03-22 00:00:00+00:00, run_after=2024-03-23 00:00:00+00:00
[2024-03-23T00:25:23.687+0000] {processor.py:183} INFO - Processing /home/airflow/.local/lib/python3.8/site-packages/airflow/example_dags/example_branch_labels.py took 0.088 seconds
[2024-03-23T00:25:53.874+0000] {processor.py:161} INFO - Started process (PID=2472) to work on /home/airflow/.local/lib/python3.8/site-packages/airflow/example_dags/example_branch_labels.py
[2024-03-23T00:25:53.875+0000] {processor.py:830} INFO - Processing file /home/airflow/.local/lib/python3.8/site-packages/airflow/example_dags/example_branch_labels.py for tasks to queue
[2024-03-23T00:25:53.877+0000] {logging_mixin.py:188} INFO - [2024-03-23T00:25:53.877+0000] {dagbag.py:540} INFO - Filling up the DagBag from /home/airflow/.local/lib/python3.8/site-packages/airflow/example_dags/example_branch_labels.py
[2024-03-23T00:25:53.888+0000] {processor.py:840} INFO - DAG(s) 'example_branch_labels' retrieved from /home/airflow/.local/lib/python3.8/site-packages/airflow/example_dags/example_branch_labels.py
[2024-03-23T00:25:53.914+0000] {logging_mixin.py:188} INFO - [2024-03-23T00:25:53.914+0000] {dag.py:3047} INFO - Sync 1 DAGs
[2024-03-23T00:25:53.943+0000] {logging_mixin.py:188} INFO - [2024-03-23T00:25:53.943+0000] {dag.py:3834} INFO - Setting next_dagrun for example_branch_labels to 2024-03-22 00:00:00+00:00, run_after=2024-03-23 00:00:00+00:00
[2024-03-23T00:25:53.963+0000] {processor.py:183} INFO - Processing /home/airflow/.local/lib/python3.8/site-packages/airflow/example_dags/example_branch_labels.py took 0.093 seconds
[2024-03-23T00:26:24.143+0000] {processor.py:161} INFO - Started process (PID=2527) to work on /home/airflow/.local/lib/python3.8/site-packages/airflow/example_dags/example_branch_labels.py
[2024-03-23T00:26:24.144+0000] {processor.py:830} INFO - Processing file /home/airflow/.local/lib/python3.8/site-packages/airflow/example_dags/example_branch_labels.py for tasks to queue
[2024-03-23T00:26:24.146+0000] {logging_mixin.py:188} INFO - [2024-03-23T00:26:24.146+0000] {dagbag.py:540} INFO - Filling up the DagBag from /home/airflow/.local/lib/python3.8/site-packages/airflow/example_dags/example_branch_labels.py
[2024-03-23T00:26:24.163+0000] {processor.py:840} INFO - DAG(s) 'example_branch_labels' retrieved from /home/airflow/.local/lib/python3.8/site-packages/airflow/example_dags/example_branch_labels.py
[2024-03-23T00:26:24.194+0000] {logging_mixin.py:188} INFO - [2024-03-23T00:26:24.193+0000] {dag.py:3047} INFO - Sync 1 DAGs
[2024-03-23T00:26:24.222+0000] {logging_mixin.py:188} INFO - [2024-03-23T00:26:24.222+0000] {dag.py:3834} INFO - Setting next_dagrun for example_branch_labels to 2024-03-22 00:00:00+00:00, run_after=2024-03-23 00:00:00+00:00
[2024-03-23T00:26:24.241+0000] {processor.py:183} INFO - Processing /home/airflow/.local/lib/python3.8/site-packages/airflow/example_dags/example_branch_labels.py took 0.103 seconds
