[2024-03-23T00:03:40.684+0000] {processor.py:161} INFO - Started process (PID=79) to work on /home/airflow/.local/lib/python3.8/site-packages/airflow/example_dags/example_branch_datetime_operator.py
[2024-03-23T00:03:40.687+0000] {processor.py:830} INFO - Processing file /home/airflow/.local/lib/python3.8/site-packages/airflow/example_dags/example_branch_datetime_operator.py for tasks to queue
[2024-03-23T00:03:40.690+0000] {logging_mixin.py:188} INFO - [2024-03-23T00:03:40.690+0000] {dagbag.py:540} INFO - Filling up the DagBag from /home/airflow/.local/lib/python3.8/site-packages/airflow/example_dags/example_branch_datetime_operator.py
[2024-03-23T00:03:40.715+0000] {processor.py:840} INFO - DAG(s) 'example_branch_datetime_operator_3', 'example_branch_datetime_operator', 'example_branch_datetime_operator_2' retrieved from /home/airflow/.local/lib/python3.8/site-packages/airflow/example_dags/example_branch_datetime_operator.py
[2024-03-23T00:03:40.770+0000] {logging_mixin.py:188} INFO - [2024-03-23T00:03:40.769+0000] {dag.py:3047} INFO - Sync 3 DAGs
[2024-03-23T00:03:40.822+0000] {logging_mixin.py:188} INFO - [2024-03-23T00:03:40.821+0000] {dag.py:3834} INFO - Setting next_dagrun for example_branch_datetime_operator to 2024-03-22 00:00:00+00:00, run_after=2024-03-23 00:00:00+00:00
[2024-03-23T00:03:40.834+0000] {logging_mixin.py:188} INFO - [2024-03-23T00:03:40.833+0000] {dag.py:3834} INFO - Setting next_dagrun for example_branch_datetime_operator_2 to 2024-03-22 00:00:00+00:00, run_after=2024-03-23 00:00:00+00:00
[2024-03-23T00:03:40.840+0000] {logging_mixin.py:188} INFO - [2024-03-23T00:03:40.840+0000] {dag.py:3834} INFO - Setting next_dagrun for example_branch_datetime_operator_3 to 2024-03-22 00:00:00+00:00, run_after=2024-03-23 00:00:00+00:00
[2024-03-23T00:03:40.876+0000] {processor.py:183} INFO - Processing /home/airflow/.local/lib/python3.8/site-packages/airflow/example_dags/example_branch_datetime_operator.py took 0.198 seconds
[2024-03-23T00:04:11.177+0000] {processor.py:161} INFO - Started process (PID=134) to work on /home/airflow/.local/lib/python3.8/site-packages/airflow/example_dags/example_branch_datetime_operator.py
[2024-03-23T00:04:11.178+0000] {processor.py:830} INFO - Processing file /home/airflow/.local/lib/python3.8/site-packages/airflow/example_dags/example_branch_datetime_operator.py for tasks to queue
[2024-03-23T00:04:11.181+0000] {logging_mixin.py:188} INFO - [2024-03-23T00:04:11.180+0000] {dagbag.py:540} INFO - Filling up the DagBag from /home/airflow/.local/lib/python3.8/site-packages/airflow/example_dags/example_branch_datetime_operator.py
[2024-03-23T00:04:11.195+0000] {processor.py:840} INFO - DAG(s) 'example_branch_datetime_operator_2', 'example_branch_datetime_operator_3', 'example_branch_datetime_operator' retrieved from /home/airflow/.local/lib/python3.8/site-packages/airflow/example_dags/example_branch_datetime_operator.py
[2024-03-23T00:04:11.230+0000] {logging_mixin.py:188} INFO - [2024-03-23T00:04:11.230+0000] {dag.py:3047} INFO - Sync 3 DAGs
[2024-03-23T00:04:11.258+0000] {logging_mixin.py:188} INFO - [2024-03-23T00:04:11.258+0000] {dag.py:3834} INFO - Setting next_dagrun for example_branch_datetime_operator to 2024-03-22 00:00:00+00:00, run_after=2024-03-23 00:00:00+00:00
[2024-03-23T00:04:11.265+0000] {logging_mixin.py:188} INFO - [2024-03-23T00:04:11.264+0000] {dag.py:3834} INFO - Setting next_dagrun for example_branch_datetime_operator_2 to 2024-03-22 00:00:00+00:00, run_after=2024-03-23 00:00:00+00:00
[2024-03-23T00:04:11.268+0000] {logging_mixin.py:188} INFO - [2024-03-23T00:04:11.268+0000] {dag.py:3834} INFO - Setting next_dagrun for example_branch_datetime_operator_3 to 2024-03-22 00:00:00+00:00, run_after=2024-03-23 00:00:00+00:00
[2024-03-23T00:04:11.288+0000] {processor.py:183} INFO - Processing /home/airflow/.local/lib/python3.8/site-packages/airflow/example_dags/example_branch_datetime_operator.py took 0.116 seconds
[2024-03-23T00:04:41.585+0000] {processor.py:161} INFO - Started process (PID=189) to work on /home/airflow/.local/lib/python3.8/site-packages/airflow/example_dags/example_branch_datetime_operator.py
[2024-03-23T00:04:41.587+0000] {processor.py:830} INFO - Processing file /home/airflow/.local/lib/python3.8/site-packages/airflow/example_dags/example_branch_datetime_operator.py for tasks to queue
[2024-03-23T00:04:41.589+0000] {logging_mixin.py:188} INFO - [2024-03-23T00:04:41.588+0000] {dagbag.py:540} INFO - Filling up the DagBag from /home/airflow/.local/lib/python3.8/site-packages/airflow/example_dags/example_branch_datetime_operator.py
[2024-03-23T00:04:41.601+0000] {processor.py:840} INFO - DAG(s) 'example_branch_datetime_operator', 'example_branch_datetime_operator_3', 'example_branch_datetime_operator_2' retrieved from /home/airflow/.local/lib/python3.8/site-packages/airflow/example_dags/example_branch_datetime_operator.py
[2024-03-23T00:04:41.633+0000] {logging_mixin.py:188} INFO - [2024-03-23T00:04:41.632+0000] {dag.py:3047} INFO - Sync 3 DAGs
[2024-03-23T00:04:41.661+0000] {logging_mixin.py:188} INFO - [2024-03-23T00:04:41.660+0000] {dag.py:3834} INFO - Setting next_dagrun for example_branch_datetime_operator to 2024-03-22 00:00:00+00:00, run_after=2024-03-23 00:00:00+00:00
[2024-03-23T00:04:41.666+0000] {logging_mixin.py:188} INFO - [2024-03-23T00:04:41.666+0000] {dag.py:3834} INFO - Setting next_dagrun for example_branch_datetime_operator_2 to 2024-03-22 00:00:00+00:00, run_after=2024-03-23 00:00:00+00:00
[2024-03-23T00:04:41.670+0000] {logging_mixin.py:188} INFO - [2024-03-23T00:04:41.669+0000] {dag.py:3834} INFO - Setting next_dagrun for example_branch_datetime_operator_3 to 2024-03-22 00:00:00+00:00, run_after=2024-03-23 00:00:00+00:00
[2024-03-23T00:04:41.690+0000] {processor.py:183} INFO - Processing /home/airflow/.local/lib/python3.8/site-packages/airflow/example_dags/example_branch_datetime_operator.py took 0.108 seconds
[2024-03-23T00:05:11.811+0000] {processor.py:161} INFO - Started process (PID=244) to work on /home/airflow/.local/lib/python3.8/site-packages/airflow/example_dags/example_branch_datetime_operator.py
[2024-03-23T00:05:11.813+0000] {processor.py:830} INFO - Processing file /home/airflow/.local/lib/python3.8/site-packages/airflow/example_dags/example_branch_datetime_operator.py for tasks to queue
[2024-03-23T00:05:11.815+0000] {logging_mixin.py:188} INFO - [2024-03-23T00:05:11.814+0000] {dagbag.py:540} INFO - Filling up the DagBag from /home/airflow/.local/lib/python3.8/site-packages/airflow/example_dags/example_branch_datetime_operator.py
[2024-03-23T00:05:11.827+0000] {processor.py:840} INFO - DAG(s) 'example_branch_datetime_operator_3', 'example_branch_datetime_operator', 'example_branch_datetime_operator_2' retrieved from /home/airflow/.local/lib/python3.8/site-packages/airflow/example_dags/example_branch_datetime_operator.py
[2024-03-23T00:05:11.858+0000] {logging_mixin.py:188} INFO - [2024-03-23T00:05:11.858+0000] {dag.py:3047} INFO - Sync 3 DAGs
[2024-03-23T00:05:11.885+0000] {logging_mixin.py:188} INFO - [2024-03-23T00:05:11.884+0000] {dag.py:3834} INFO - Setting next_dagrun for example_branch_datetime_operator to 2024-03-22 00:00:00+00:00, run_after=2024-03-23 00:00:00+00:00
[2024-03-23T00:05:11.891+0000] {logging_mixin.py:188} INFO - [2024-03-23T00:05:11.890+0000] {dag.py:3834} INFO - Setting next_dagrun for example_branch_datetime_operator_2 to 2024-03-22 00:00:00+00:00, run_after=2024-03-23 00:00:00+00:00
[2024-03-23T00:05:11.894+0000] {logging_mixin.py:188} INFO - [2024-03-23T00:05:11.894+0000] {dag.py:3834} INFO - Setting next_dagrun for example_branch_datetime_operator_3 to 2024-03-22 00:00:00+00:00, run_after=2024-03-23 00:00:00+00:00
[2024-03-23T00:05:11.913+0000] {processor.py:183} INFO - Processing /home/airflow/.local/lib/python3.8/site-packages/airflow/example_dags/example_branch_datetime_operator.py took 0.105 seconds
[2024-03-23T00:05:42.452+0000] {processor.py:161} INFO - Started process (PID=299) to work on /home/airflow/.local/lib/python3.8/site-packages/airflow/example_dags/example_branch_datetime_operator.py
[2024-03-23T00:05:42.453+0000] {processor.py:830} INFO - Processing file /home/airflow/.local/lib/python3.8/site-packages/airflow/example_dags/example_branch_datetime_operator.py for tasks to queue
[2024-03-23T00:05:42.455+0000] {logging_mixin.py:188} INFO - [2024-03-23T00:05:42.455+0000] {dagbag.py:540} INFO - Filling up the DagBag from /home/airflow/.local/lib/python3.8/site-packages/airflow/example_dags/example_branch_datetime_operator.py
[2024-03-23T00:05:42.467+0000] {processor.py:840} INFO - DAG(s) 'example_branch_datetime_operator_3', 'example_branch_datetime_operator', 'example_branch_datetime_operator_2' retrieved from /home/airflow/.local/lib/python3.8/site-packages/airflow/example_dags/example_branch_datetime_operator.py
[2024-03-23T00:05:42.499+0000] {logging_mixin.py:188} INFO - [2024-03-23T00:05:42.498+0000] {dag.py:3047} INFO - Sync 3 DAGs
[2024-03-23T00:05:42.527+0000] {logging_mixin.py:188} INFO - [2024-03-23T00:05:42.527+0000] {dag.py:3834} INFO - Setting next_dagrun for example_branch_datetime_operator to 2024-03-22 00:00:00+00:00, run_after=2024-03-23 00:00:00+00:00
[2024-03-23T00:05:42.533+0000] {logging_mixin.py:188} INFO - [2024-03-23T00:05:42.533+0000] {dag.py:3834} INFO - Setting next_dagrun for example_branch_datetime_operator_2 to 2024-03-22 00:00:00+00:00, run_after=2024-03-23 00:00:00+00:00
[2024-03-23T00:05:42.536+0000] {logging_mixin.py:188} INFO - [2024-03-23T00:05:42.536+0000] {dag.py:3834} INFO - Setting next_dagrun for example_branch_datetime_operator_3 to 2024-03-22 00:00:00+00:00, run_after=2024-03-23 00:00:00+00:00
[2024-03-23T00:05:42.554+0000] {processor.py:183} INFO - Processing /home/airflow/.local/lib/python3.8/site-packages/airflow/example_dags/example_branch_datetime_operator.py took 0.107 seconds
[2024-03-23T00:06:12.834+0000] {processor.py:161} INFO - Started process (PID=354) to work on /home/airflow/.local/lib/python3.8/site-packages/airflow/example_dags/example_branch_datetime_operator.py
[2024-03-23T00:06:12.835+0000] {processor.py:830} INFO - Processing file /home/airflow/.local/lib/python3.8/site-packages/airflow/example_dags/example_branch_datetime_operator.py for tasks to queue
[2024-03-23T00:06:12.838+0000] {logging_mixin.py:188} INFO - [2024-03-23T00:06:12.837+0000] {dagbag.py:540} INFO - Filling up the DagBag from /home/airflow/.local/lib/python3.8/site-packages/airflow/example_dags/example_branch_datetime_operator.py
[2024-03-23T00:06:12.850+0000] {processor.py:840} INFO - DAG(s) 'example_branch_datetime_operator_3', 'example_branch_datetime_operator', 'example_branch_datetime_operator_2' retrieved from /home/airflow/.local/lib/python3.8/site-packages/airflow/example_dags/example_branch_datetime_operator.py
[2024-03-23T00:06:12.883+0000] {logging_mixin.py:188} INFO - [2024-03-23T00:06:12.883+0000] {dag.py:3047} INFO - Sync 3 DAGs
[2024-03-23T00:06:12.910+0000] {logging_mixin.py:188} INFO - [2024-03-23T00:06:12.910+0000] {dag.py:3834} INFO - Setting next_dagrun for example_branch_datetime_operator to 2024-03-22 00:00:00+00:00, run_after=2024-03-23 00:00:00+00:00
[2024-03-23T00:06:12.917+0000] {logging_mixin.py:188} INFO - [2024-03-23T00:06:12.917+0000] {dag.py:3834} INFO - Setting next_dagrun for example_branch_datetime_operator_2 to 2024-03-22 00:00:00+00:00, run_after=2024-03-23 00:00:00+00:00
[2024-03-23T00:06:12.921+0000] {logging_mixin.py:188} INFO - [2024-03-23T00:06:12.921+0000] {dag.py:3834} INFO - Setting next_dagrun for example_branch_datetime_operator_3 to 2024-03-22 00:00:00+00:00, run_after=2024-03-23 00:00:00+00:00
[2024-03-23T00:06:12.940+0000] {processor.py:183} INFO - Processing /home/airflow/.local/lib/python3.8/site-packages/airflow/example_dags/example_branch_datetime_operator.py took 0.110 seconds
[2024-03-23T00:06:43.056+0000] {processor.py:161} INFO - Started process (PID=409) to work on /home/airflow/.local/lib/python3.8/site-packages/airflow/example_dags/example_branch_datetime_operator.py
[2024-03-23T00:06:43.057+0000] {processor.py:830} INFO - Processing file /home/airflow/.local/lib/python3.8/site-packages/airflow/example_dags/example_branch_datetime_operator.py for tasks to queue
[2024-03-23T00:06:43.059+0000] {logging_mixin.py:188} INFO - [2024-03-23T00:06:43.059+0000] {dagbag.py:540} INFO - Filling up the DagBag from /home/airflow/.local/lib/python3.8/site-packages/airflow/example_dags/example_branch_datetime_operator.py
[2024-03-23T00:06:43.072+0000] {processor.py:840} INFO - DAG(s) 'example_branch_datetime_operator_3', 'example_branch_datetime_operator', 'example_branch_datetime_operator_2' retrieved from /home/airflow/.local/lib/python3.8/site-packages/airflow/example_dags/example_branch_datetime_operator.py
[2024-03-23T00:06:43.107+0000] {logging_mixin.py:188} INFO - [2024-03-23T00:06:43.107+0000] {dag.py:3047} INFO - Sync 3 DAGs
[2024-03-23T00:06:43.138+0000] {logging_mixin.py:188} INFO - [2024-03-23T00:06:43.137+0000] {dag.py:3834} INFO - Setting next_dagrun for example_branch_datetime_operator to 2024-03-22 00:00:00+00:00, run_after=2024-03-23 00:00:00+00:00
[2024-03-23T00:06:43.144+0000] {logging_mixin.py:188} INFO - [2024-03-23T00:06:43.143+0000] {dag.py:3834} INFO - Setting next_dagrun for example_branch_datetime_operator_2 to 2024-03-22 00:00:00+00:00, run_after=2024-03-23 00:00:00+00:00
[2024-03-23T00:06:43.147+0000] {logging_mixin.py:188} INFO - [2024-03-23T00:06:43.147+0000] {dag.py:3834} INFO - Setting next_dagrun for example_branch_datetime_operator_3 to 2024-03-22 00:00:00+00:00, run_after=2024-03-23 00:00:00+00:00
[2024-03-23T00:06:43.169+0000] {processor.py:183} INFO - Processing /home/airflow/.local/lib/python3.8/site-packages/airflow/example_dags/example_branch_datetime_operator.py took 0.118 seconds
[2024-03-23T00:07:13.516+0000] {processor.py:161} INFO - Started process (PID=464) to work on /home/airflow/.local/lib/python3.8/site-packages/airflow/example_dags/example_branch_datetime_operator.py
[2024-03-23T00:07:13.518+0000] {processor.py:830} INFO - Processing file /home/airflow/.local/lib/python3.8/site-packages/airflow/example_dags/example_branch_datetime_operator.py for tasks to queue
[2024-03-23T00:07:13.520+0000] {logging_mixin.py:188} INFO - [2024-03-23T00:07:13.520+0000] {dagbag.py:540} INFO - Filling up the DagBag from /home/airflow/.local/lib/python3.8/site-packages/airflow/example_dags/example_branch_datetime_operator.py
[2024-03-23T00:07:13.533+0000] {processor.py:840} INFO - DAG(s) 'example_branch_datetime_operator', 'example_branch_datetime_operator_3', 'example_branch_datetime_operator_2' retrieved from /home/airflow/.local/lib/python3.8/site-packages/airflow/example_dags/example_branch_datetime_operator.py
[2024-03-23T00:07:13.565+0000] {logging_mixin.py:188} INFO - [2024-03-23T00:07:13.565+0000] {dag.py:3047} INFO - Sync 3 DAGs
[2024-03-23T00:07:13.592+0000] {logging_mixin.py:188} INFO - [2024-03-23T00:07:13.591+0000] {dag.py:3834} INFO - Setting next_dagrun for example_branch_datetime_operator to 2024-03-22 00:00:00+00:00, run_after=2024-03-23 00:00:00+00:00
[2024-03-23T00:07:13.598+0000] {logging_mixin.py:188} INFO - [2024-03-23T00:07:13.598+0000] {dag.py:3834} INFO - Setting next_dagrun for example_branch_datetime_operator_2 to 2024-03-22 00:00:00+00:00, run_after=2024-03-23 00:00:00+00:00
[2024-03-23T00:07:13.601+0000] {logging_mixin.py:188} INFO - [2024-03-23T00:07:13.601+0000] {dag.py:3834} INFO - Setting next_dagrun for example_branch_datetime_operator_3 to 2024-03-22 00:00:00+00:00, run_after=2024-03-23 00:00:00+00:00
[2024-03-23T00:07:13.619+0000] {processor.py:183} INFO - Processing /home/airflow/.local/lib/python3.8/site-packages/airflow/example_dags/example_branch_datetime_operator.py took 0.107 seconds
[2024-03-23T00:07:44.159+0000] {processor.py:161} INFO - Started process (PID=519) to work on /home/airflow/.local/lib/python3.8/site-packages/airflow/example_dags/example_branch_datetime_operator.py
[2024-03-23T00:07:44.161+0000] {processor.py:830} INFO - Processing file /home/airflow/.local/lib/python3.8/site-packages/airflow/example_dags/example_branch_datetime_operator.py for tasks to queue
[2024-03-23T00:07:44.163+0000] {logging_mixin.py:188} INFO - [2024-03-23T00:07:44.162+0000] {dagbag.py:540} INFO - Filling up the DagBag from /home/airflow/.local/lib/python3.8/site-packages/airflow/example_dags/example_branch_datetime_operator.py
[2024-03-23T00:07:44.176+0000] {processor.py:840} INFO - DAG(s) 'example_branch_datetime_operator', 'example_branch_datetime_operator_3', 'example_branch_datetime_operator_2' retrieved from /home/airflow/.local/lib/python3.8/site-packages/airflow/example_dags/example_branch_datetime_operator.py
[2024-03-23T00:07:44.211+0000] {logging_mixin.py:188} INFO - [2024-03-23T00:07:44.210+0000] {dag.py:3047} INFO - Sync 3 DAGs
[2024-03-23T00:07:44.241+0000] {logging_mixin.py:188} INFO - [2024-03-23T00:07:44.241+0000] {dag.py:3834} INFO - Setting next_dagrun for example_branch_datetime_operator to 2024-03-22 00:00:00+00:00, run_after=2024-03-23 00:00:00+00:00
[2024-03-23T00:07:44.251+0000] {logging_mixin.py:188} INFO - [2024-03-23T00:07:44.250+0000] {dag.py:3834} INFO - Setting next_dagrun for example_branch_datetime_operator_2 to 2024-03-22 00:00:00+00:00, run_after=2024-03-23 00:00:00+00:00
[2024-03-23T00:07:44.256+0000] {logging_mixin.py:188} INFO - [2024-03-23T00:07:44.256+0000] {dag.py:3834} INFO - Setting next_dagrun for example_branch_datetime_operator_3 to 2024-03-22 00:00:00+00:00, run_after=2024-03-23 00:00:00+00:00
[2024-03-23T00:07:44.280+0000] {processor.py:183} INFO - Processing /home/airflow/.local/lib/python3.8/site-packages/airflow/example_dags/example_branch_datetime_operator.py took 0.125 seconds
[2024-03-23T00:08:14.431+0000] {processor.py:161} INFO - Started process (PID=574) to work on /home/airflow/.local/lib/python3.8/site-packages/airflow/example_dags/example_branch_datetime_operator.py
[2024-03-23T00:08:14.433+0000] {processor.py:830} INFO - Processing file /home/airflow/.local/lib/python3.8/site-packages/airflow/example_dags/example_branch_datetime_operator.py for tasks to queue
[2024-03-23T00:08:14.435+0000] {logging_mixin.py:188} INFO - [2024-03-23T00:08:14.435+0000] {dagbag.py:540} INFO - Filling up the DagBag from /home/airflow/.local/lib/python3.8/site-packages/airflow/example_dags/example_branch_datetime_operator.py
[2024-03-23T00:08:14.447+0000] {processor.py:840} INFO - DAG(s) 'example_branch_datetime_operator_2', 'example_branch_datetime_operator_3', 'example_branch_datetime_operator' retrieved from /home/airflow/.local/lib/python3.8/site-packages/airflow/example_dags/example_branch_datetime_operator.py
[2024-03-23T00:08:14.480+0000] {logging_mixin.py:188} INFO - [2024-03-23T00:08:14.480+0000] {dag.py:3047} INFO - Sync 3 DAGs
[2024-03-23T00:08:14.507+0000] {logging_mixin.py:188} INFO - [2024-03-23T00:08:14.507+0000] {dag.py:3834} INFO - Setting next_dagrun for example_branch_datetime_operator to 2024-03-22 00:00:00+00:00, run_after=2024-03-23 00:00:00+00:00
[2024-03-23T00:08:14.514+0000] {logging_mixin.py:188} INFO - [2024-03-23T00:08:14.513+0000] {dag.py:3834} INFO - Setting next_dagrun for example_branch_datetime_operator_2 to 2024-03-22 00:00:00+00:00, run_after=2024-03-23 00:00:00+00:00
[2024-03-23T00:08:14.517+0000] {logging_mixin.py:188} INFO - [2024-03-23T00:08:14.517+0000] {dag.py:3834} INFO - Setting next_dagrun for example_branch_datetime_operator_3 to 2024-03-22 00:00:00+00:00, run_after=2024-03-23 00:00:00+00:00
[2024-03-23T00:08:14.535+0000] {processor.py:183} INFO - Processing /home/airflow/.local/lib/python3.8/site-packages/airflow/example_dags/example_branch_datetime_operator.py took 0.108 seconds
[2024-03-23T00:08:44.917+0000] {processor.py:161} INFO - Started process (PID=629) to work on /home/airflow/.local/lib/python3.8/site-packages/airflow/example_dags/example_branch_datetime_operator.py
[2024-03-23T00:08:44.919+0000] {processor.py:830} INFO - Processing file /home/airflow/.local/lib/python3.8/site-packages/airflow/example_dags/example_branch_datetime_operator.py for tasks to queue
[2024-03-23T00:08:44.921+0000] {logging_mixin.py:188} INFO - [2024-03-23T00:08:44.920+0000] {dagbag.py:540} INFO - Filling up the DagBag from /home/airflow/.local/lib/python3.8/site-packages/airflow/example_dags/example_branch_datetime_operator.py
[2024-03-23T00:08:44.933+0000] {processor.py:840} INFO - DAG(s) 'example_branch_datetime_operator_3', 'example_branch_datetime_operator', 'example_branch_datetime_operator_2' retrieved from /home/airflow/.local/lib/python3.8/site-packages/airflow/example_dags/example_branch_datetime_operator.py
[2024-03-23T00:08:44.968+0000] {logging_mixin.py:188} INFO - [2024-03-23T00:08:44.968+0000] {dag.py:3047} INFO - Sync 3 DAGs
[2024-03-23T00:08:44.996+0000] {logging_mixin.py:188} INFO - [2024-03-23T00:08:44.996+0000] {dag.py:3834} INFO - Setting next_dagrun for example_branch_datetime_operator to 2024-03-22 00:00:00+00:00, run_after=2024-03-23 00:00:00+00:00
[2024-03-23T00:08:45.002+0000] {logging_mixin.py:188} INFO - [2024-03-23T00:08:45.002+0000] {dag.py:3834} INFO - Setting next_dagrun for example_branch_datetime_operator_2 to 2024-03-22 00:00:00+00:00, run_after=2024-03-23 00:00:00+00:00
[2024-03-23T00:08:45.005+0000] {logging_mixin.py:188} INFO - [2024-03-23T00:08:45.005+0000] {dag.py:3834} INFO - Setting next_dagrun for example_branch_datetime_operator_3 to 2024-03-22 00:00:00+00:00, run_after=2024-03-23 00:00:00+00:00
[2024-03-23T00:08:45.024+0000] {processor.py:183} INFO - Processing /home/airflow/.local/lib/python3.8/site-packages/airflow/example_dags/example_branch_datetime_operator.py took 0.110 seconds
[2024-03-23T00:09:15.091+0000] {processor.py:161} INFO - Started process (PID=684) to work on /home/airflow/.local/lib/python3.8/site-packages/airflow/example_dags/example_branch_datetime_operator.py
[2024-03-23T00:09:15.093+0000] {processor.py:830} INFO - Processing file /home/airflow/.local/lib/python3.8/site-packages/airflow/example_dags/example_branch_datetime_operator.py for tasks to queue
[2024-03-23T00:09:15.095+0000] {logging_mixin.py:188} INFO - [2024-03-23T00:09:15.095+0000] {dagbag.py:540} INFO - Filling up the DagBag from /home/airflow/.local/lib/python3.8/site-packages/airflow/example_dags/example_branch_datetime_operator.py
[2024-03-23T00:09:15.108+0000] {processor.py:840} INFO - DAG(s) 'example_branch_datetime_operator', 'example_branch_datetime_operator_2', 'example_branch_datetime_operator_3' retrieved from /home/airflow/.local/lib/python3.8/site-packages/airflow/example_dags/example_branch_datetime_operator.py
[2024-03-23T00:09:15.140+0000] {logging_mixin.py:188} INFO - [2024-03-23T00:09:15.140+0000] {dag.py:3047} INFO - Sync 3 DAGs
[2024-03-23T00:09:15.170+0000] {logging_mixin.py:188} INFO - [2024-03-23T00:09:15.170+0000] {dag.py:3834} INFO - Setting next_dagrun for example_branch_datetime_operator to 2024-03-22 00:00:00+00:00, run_after=2024-03-23 00:00:00+00:00
[2024-03-23T00:09:15.179+0000] {logging_mixin.py:188} INFO - [2024-03-23T00:09:15.179+0000] {dag.py:3834} INFO - Setting next_dagrun for example_branch_datetime_operator_2 to 2024-03-22 00:00:00+00:00, run_after=2024-03-23 00:00:00+00:00
[2024-03-23T00:09:15.183+0000] {logging_mixin.py:188} INFO - [2024-03-23T00:09:15.183+0000] {dag.py:3834} INFO - Setting next_dagrun for example_branch_datetime_operator_3 to 2024-03-22 00:00:00+00:00, run_after=2024-03-23 00:00:00+00:00
[2024-03-23T00:09:15.203+0000] {processor.py:183} INFO - Processing /home/airflow/.local/lib/python3.8/site-packages/airflow/example_dags/example_branch_datetime_operator.py took 0.115 seconds
[2024-03-23T00:09:46.176+0000] {processor.py:161} INFO - Started process (PID=739) to work on /home/airflow/.local/lib/python3.8/site-packages/airflow/example_dags/example_branch_datetime_operator.py
[2024-03-23T00:09:46.177+0000] {processor.py:830} INFO - Processing file /home/airflow/.local/lib/python3.8/site-packages/airflow/example_dags/example_branch_datetime_operator.py for tasks to queue
[2024-03-23T00:09:46.180+0000] {logging_mixin.py:188} INFO - [2024-03-23T00:09:46.179+0000] {dagbag.py:540} INFO - Filling up the DagBag from /home/airflow/.local/lib/python3.8/site-packages/airflow/example_dags/example_branch_datetime_operator.py
[2024-03-23T00:09:46.192+0000] {processor.py:840} INFO - DAG(s) 'example_branch_datetime_operator_2', 'example_branch_datetime_operator_3', 'example_branch_datetime_operator' retrieved from /home/airflow/.local/lib/python3.8/site-packages/airflow/example_dags/example_branch_datetime_operator.py
[2024-03-23T00:09:46.224+0000] {logging_mixin.py:188} INFO - [2024-03-23T00:09:46.224+0000] {dag.py:3047} INFO - Sync 3 DAGs
[2024-03-23T00:09:46.253+0000] {logging_mixin.py:188} INFO - [2024-03-23T00:09:46.252+0000] {dag.py:3834} INFO - Setting next_dagrun for example_branch_datetime_operator to 2024-03-22 00:00:00+00:00, run_after=2024-03-23 00:00:00+00:00
[2024-03-23T00:09:46.259+0000] {logging_mixin.py:188} INFO - [2024-03-23T00:09:46.258+0000] {dag.py:3834} INFO - Setting next_dagrun for example_branch_datetime_operator_2 to 2024-03-22 00:00:00+00:00, run_after=2024-03-23 00:00:00+00:00
[2024-03-23T00:09:46.262+0000] {logging_mixin.py:188} INFO - [2024-03-23T00:09:46.262+0000] {dag.py:3834} INFO - Setting next_dagrun for example_branch_datetime_operator_3 to 2024-03-22 00:00:00+00:00, run_after=2024-03-23 00:00:00+00:00
[2024-03-23T00:09:46.280+0000] {processor.py:183} INFO - Processing /home/airflow/.local/lib/python3.8/site-packages/airflow/example_dags/example_branch_datetime_operator.py took 0.108 seconds
[2024-03-23T00:10:16.482+0000] {processor.py:161} INFO - Started process (PID=794) to work on /home/airflow/.local/lib/python3.8/site-packages/airflow/example_dags/example_branch_datetime_operator.py
[2024-03-23T00:10:16.483+0000] {processor.py:830} INFO - Processing file /home/airflow/.local/lib/python3.8/site-packages/airflow/example_dags/example_branch_datetime_operator.py for tasks to queue
[2024-03-23T00:10:16.485+0000] {logging_mixin.py:188} INFO - [2024-03-23T00:10:16.485+0000] {dagbag.py:540} INFO - Filling up the DagBag from /home/airflow/.local/lib/python3.8/site-packages/airflow/example_dags/example_branch_datetime_operator.py
[2024-03-23T00:10:16.502+0000] {processor.py:840} INFO - DAG(s) 'example_branch_datetime_operator', 'example_branch_datetime_operator_3', 'example_branch_datetime_operator_2' retrieved from /home/airflow/.local/lib/python3.8/site-packages/airflow/example_dags/example_branch_datetime_operator.py
[2024-03-23T00:10:16.544+0000] {logging_mixin.py:188} INFO - [2024-03-23T00:10:16.543+0000] {dag.py:3047} INFO - Sync 3 DAGs
[2024-03-23T00:10:16.580+0000] {logging_mixin.py:188} INFO - [2024-03-23T00:10:16.580+0000] {dag.py:3834} INFO - Setting next_dagrun for example_branch_datetime_operator to 2024-03-22 00:00:00+00:00, run_after=2024-03-23 00:00:00+00:00
[2024-03-23T00:10:16.587+0000] {logging_mixin.py:188} INFO - [2024-03-23T00:10:16.587+0000] {dag.py:3834} INFO - Setting next_dagrun for example_branch_datetime_operator_2 to 2024-03-22 00:00:00+00:00, run_after=2024-03-23 00:00:00+00:00
[2024-03-23T00:10:16.592+0000] {logging_mixin.py:188} INFO - [2024-03-23T00:10:16.592+0000] {dag.py:3834} INFO - Setting next_dagrun for example_branch_datetime_operator_3 to 2024-03-22 00:00:00+00:00, run_after=2024-03-23 00:00:00+00:00
[2024-03-23T00:10:16.613+0000] {processor.py:183} INFO - Processing /home/airflow/.local/lib/python3.8/site-packages/airflow/example_dags/example_branch_datetime_operator.py took 0.135 seconds
[2024-03-23T00:10:46.661+0000] {processor.py:161} INFO - Started process (PID=849) to work on /home/airflow/.local/lib/python3.8/site-packages/airflow/example_dags/example_branch_datetime_operator.py
[2024-03-23T00:10:46.662+0000] {processor.py:830} INFO - Processing file /home/airflow/.local/lib/python3.8/site-packages/airflow/example_dags/example_branch_datetime_operator.py for tasks to queue
[2024-03-23T00:10:46.664+0000] {logging_mixin.py:188} INFO - [2024-03-23T00:10:46.664+0000] {dagbag.py:540} INFO - Filling up the DagBag from /home/airflow/.local/lib/python3.8/site-packages/airflow/example_dags/example_branch_datetime_operator.py
[2024-03-23T00:10:46.676+0000] {processor.py:840} INFO - DAG(s) 'example_branch_datetime_operator_2', 'example_branch_datetime_operator_3', 'example_branch_datetime_operator' retrieved from /home/airflow/.local/lib/python3.8/site-packages/airflow/example_dags/example_branch_datetime_operator.py
[2024-03-23T00:10:46.708+0000] {logging_mixin.py:188} INFO - [2024-03-23T00:10:46.708+0000] {dag.py:3047} INFO - Sync 3 DAGs
[2024-03-23T00:10:46.735+0000] {logging_mixin.py:188} INFO - [2024-03-23T00:10:46.735+0000] {dag.py:3834} INFO - Setting next_dagrun for example_branch_datetime_operator to 2024-03-22 00:00:00+00:00, run_after=2024-03-23 00:00:00+00:00
[2024-03-23T00:10:46.741+0000] {logging_mixin.py:188} INFO - [2024-03-23T00:10:46.741+0000] {dag.py:3834} INFO - Setting next_dagrun for example_branch_datetime_operator_2 to 2024-03-22 00:00:00+00:00, run_after=2024-03-23 00:00:00+00:00
[2024-03-23T00:10:46.744+0000] {logging_mixin.py:188} INFO - [2024-03-23T00:10:46.744+0000] {dag.py:3834} INFO - Setting next_dagrun for example_branch_datetime_operator_3 to 2024-03-22 00:00:00+00:00, run_after=2024-03-23 00:00:00+00:00
[2024-03-23T00:10:46.763+0000] {processor.py:183} INFO - Processing /home/airflow/.local/lib/python3.8/site-packages/airflow/example_dags/example_branch_datetime_operator.py took 0.106 seconds
[2024-03-23T00:11:16.992+0000] {processor.py:161} INFO - Started process (PID=904) to work on /home/airflow/.local/lib/python3.8/site-packages/airflow/example_dags/example_branch_datetime_operator.py
[2024-03-23T00:11:16.994+0000] {processor.py:830} INFO - Processing file /home/airflow/.local/lib/python3.8/site-packages/airflow/example_dags/example_branch_datetime_operator.py for tasks to queue
[2024-03-23T00:11:16.996+0000] {logging_mixin.py:188} INFO - [2024-03-23T00:11:16.995+0000] {dagbag.py:540} INFO - Filling up the DagBag from /home/airflow/.local/lib/python3.8/site-packages/airflow/example_dags/example_branch_datetime_operator.py
[2024-03-23T00:11:17.008+0000] {processor.py:840} INFO - DAG(s) 'example_branch_datetime_operator_2', 'example_branch_datetime_operator', 'example_branch_datetime_operator_3' retrieved from /home/airflow/.local/lib/python3.8/site-packages/airflow/example_dags/example_branch_datetime_operator.py
[2024-03-23T00:11:17.040+0000] {logging_mixin.py:188} INFO - [2024-03-23T00:11:17.039+0000] {dag.py:3047} INFO - Sync 3 DAGs
[2024-03-23T00:11:17.066+0000] {logging_mixin.py:188} INFO - [2024-03-23T00:11:17.066+0000] {dag.py:3834} INFO - Setting next_dagrun for example_branch_datetime_operator to 2024-03-22 00:00:00+00:00, run_after=2024-03-23 00:00:00+00:00
[2024-03-23T00:11:17.072+0000] {logging_mixin.py:188} INFO - [2024-03-23T00:11:17.072+0000] {dag.py:3834} INFO - Setting next_dagrun for example_branch_datetime_operator_2 to 2024-03-22 00:00:00+00:00, run_after=2024-03-23 00:00:00+00:00
[2024-03-23T00:11:17.075+0000] {logging_mixin.py:188} INFO - [2024-03-23T00:11:17.075+0000] {dag.py:3834} INFO - Setting next_dagrun for example_branch_datetime_operator_3 to 2024-03-22 00:00:00+00:00, run_after=2024-03-23 00:00:00+00:00
[2024-03-23T00:11:17.096+0000] {processor.py:183} INFO - Processing /home/airflow/.local/lib/python3.8/site-packages/airflow/example_dags/example_branch_datetime_operator.py took 0.107 seconds
[2024-03-23T00:11:47.377+0000] {processor.py:161} INFO - Started process (PID=959) to work on /home/airflow/.local/lib/python3.8/site-packages/airflow/example_dags/example_branch_datetime_operator.py
[2024-03-23T00:11:47.378+0000] {processor.py:830} INFO - Processing file /home/airflow/.local/lib/python3.8/site-packages/airflow/example_dags/example_branch_datetime_operator.py for tasks to queue
[2024-03-23T00:11:47.380+0000] {logging_mixin.py:188} INFO - [2024-03-23T00:11:47.380+0000] {dagbag.py:540} INFO - Filling up the DagBag from /home/airflow/.local/lib/python3.8/site-packages/airflow/example_dags/example_branch_datetime_operator.py
[2024-03-23T00:11:47.393+0000] {processor.py:840} INFO - DAG(s) 'example_branch_datetime_operator_2', 'example_branch_datetime_operator_3', 'example_branch_datetime_operator' retrieved from /home/airflow/.local/lib/python3.8/site-packages/airflow/example_dags/example_branch_datetime_operator.py
[2024-03-23T00:11:47.425+0000] {logging_mixin.py:188} INFO - [2024-03-23T00:11:47.424+0000] {dag.py:3047} INFO - Sync 3 DAGs
[2024-03-23T00:11:47.451+0000] {logging_mixin.py:188} INFO - [2024-03-23T00:11:47.451+0000] {dag.py:3834} INFO - Setting next_dagrun for example_branch_datetime_operator to 2024-03-22 00:00:00+00:00, run_after=2024-03-23 00:00:00+00:00
[2024-03-23T00:11:47.457+0000] {logging_mixin.py:188} INFO - [2024-03-23T00:11:47.457+0000] {dag.py:3834} INFO - Setting next_dagrun for example_branch_datetime_operator_2 to 2024-03-22 00:00:00+00:00, run_after=2024-03-23 00:00:00+00:00
[2024-03-23T00:11:47.460+0000] {logging_mixin.py:188} INFO - [2024-03-23T00:11:47.460+0000] {dag.py:3834} INFO - Setting next_dagrun for example_branch_datetime_operator_3 to 2024-03-22 00:00:00+00:00, run_after=2024-03-23 00:00:00+00:00
[2024-03-23T00:11:47.478+0000] {processor.py:183} INFO - Processing /home/airflow/.local/lib/python3.8/site-packages/airflow/example_dags/example_branch_datetime_operator.py took 0.105 seconds
[2024-03-23T00:12:17.835+0000] {processor.py:161} INFO - Started process (PID=1014) to work on /home/airflow/.local/lib/python3.8/site-packages/airflow/example_dags/example_branch_datetime_operator.py
[2024-03-23T00:12:17.837+0000] {processor.py:830} INFO - Processing file /home/airflow/.local/lib/python3.8/site-packages/airflow/example_dags/example_branch_datetime_operator.py for tasks to queue
[2024-03-23T00:12:17.839+0000] {logging_mixin.py:188} INFO - [2024-03-23T00:12:17.838+0000] {dagbag.py:540} INFO - Filling up the DagBag from /home/airflow/.local/lib/python3.8/site-packages/airflow/example_dags/example_branch_datetime_operator.py
[2024-03-23T00:12:17.851+0000] {processor.py:840} INFO - DAG(s) 'example_branch_datetime_operator', 'example_branch_datetime_operator_3', 'example_branch_datetime_operator_2' retrieved from /home/airflow/.local/lib/python3.8/site-packages/airflow/example_dags/example_branch_datetime_operator.py
[2024-03-23T00:12:17.881+0000] {logging_mixin.py:188} INFO - [2024-03-23T00:12:17.881+0000] {dag.py:3047} INFO - Sync 3 DAGs
[2024-03-23T00:12:17.907+0000] {logging_mixin.py:188} INFO - [2024-03-23T00:12:17.907+0000] {dag.py:3834} INFO - Setting next_dagrun for example_branch_datetime_operator to 2024-03-22 00:00:00+00:00, run_after=2024-03-23 00:00:00+00:00
[2024-03-23T00:12:17.914+0000] {logging_mixin.py:188} INFO - [2024-03-23T00:12:17.914+0000] {dag.py:3834} INFO - Setting next_dagrun for example_branch_datetime_operator_2 to 2024-03-22 00:00:00+00:00, run_after=2024-03-23 00:00:00+00:00
[2024-03-23T00:12:17.918+0000] {logging_mixin.py:188} INFO - [2024-03-23T00:12:17.918+0000] {dag.py:3834} INFO - Setting next_dagrun for example_branch_datetime_operator_3 to 2024-03-22 00:00:00+00:00, run_after=2024-03-23 00:00:00+00:00
[2024-03-23T00:12:17.945+0000] {processor.py:183} INFO - Processing /home/airflow/.local/lib/python3.8/site-packages/airflow/example_dags/example_branch_datetime_operator.py took 0.113 seconds
[2024-03-23T00:12:48.322+0000] {processor.py:161} INFO - Started process (PID=1069) to work on /home/airflow/.local/lib/python3.8/site-packages/airflow/example_dags/example_branch_datetime_operator.py
[2024-03-23T00:12:48.323+0000] {processor.py:830} INFO - Processing file /home/airflow/.local/lib/python3.8/site-packages/airflow/example_dags/example_branch_datetime_operator.py for tasks to queue
[2024-03-23T00:12:48.325+0000] {logging_mixin.py:188} INFO - [2024-03-23T00:12:48.324+0000] {dagbag.py:540} INFO - Filling up the DagBag from /home/airflow/.local/lib/python3.8/site-packages/airflow/example_dags/example_branch_datetime_operator.py
[2024-03-23T00:12:48.337+0000] {processor.py:840} INFO - DAG(s) 'example_branch_datetime_operator_3', 'example_branch_datetime_operator', 'example_branch_datetime_operator_2' retrieved from /home/airflow/.local/lib/python3.8/site-packages/airflow/example_dags/example_branch_datetime_operator.py
[2024-03-23T00:12:48.367+0000] {logging_mixin.py:188} INFO - [2024-03-23T00:12:48.367+0000] {dag.py:3047} INFO - Sync 3 DAGs
[2024-03-23T00:12:48.393+0000] {logging_mixin.py:188} INFO - [2024-03-23T00:12:48.393+0000] {dag.py:3834} INFO - Setting next_dagrun for example_branch_datetime_operator to 2024-03-22 00:00:00+00:00, run_after=2024-03-23 00:00:00+00:00
[2024-03-23T00:12:48.399+0000] {logging_mixin.py:188} INFO - [2024-03-23T00:12:48.398+0000] {dag.py:3834} INFO - Setting next_dagrun for example_branch_datetime_operator_2 to 2024-03-22 00:00:00+00:00, run_after=2024-03-23 00:00:00+00:00
[2024-03-23T00:12:48.402+0000] {logging_mixin.py:188} INFO - [2024-03-23T00:12:48.402+0000] {dag.py:3834} INFO - Setting next_dagrun for example_branch_datetime_operator_3 to 2024-03-22 00:00:00+00:00, run_after=2024-03-23 00:00:00+00:00
[2024-03-23T00:12:48.420+0000] {processor.py:183} INFO - Processing /home/airflow/.local/lib/python3.8/site-packages/airflow/example_dags/example_branch_datetime_operator.py took 0.102 seconds
[2024-03-23T00:13:18.723+0000] {processor.py:161} INFO - Started process (PID=1124) to work on /home/airflow/.local/lib/python3.8/site-packages/airflow/example_dags/example_branch_datetime_operator.py
[2024-03-23T00:13:18.724+0000] {processor.py:830} INFO - Processing file /home/airflow/.local/lib/python3.8/site-packages/airflow/example_dags/example_branch_datetime_operator.py for tasks to queue
[2024-03-23T00:13:18.726+0000] {logging_mixin.py:188} INFO - [2024-03-23T00:13:18.726+0000] {dagbag.py:540} INFO - Filling up the DagBag from /home/airflow/.local/lib/python3.8/site-packages/airflow/example_dags/example_branch_datetime_operator.py
[2024-03-23T00:13:18.738+0000] {processor.py:840} INFO - DAG(s) 'example_branch_datetime_operator', 'example_branch_datetime_operator_2', 'example_branch_datetime_operator_3' retrieved from /home/airflow/.local/lib/python3.8/site-packages/airflow/example_dags/example_branch_datetime_operator.py
[2024-03-23T00:13:18.770+0000] {logging_mixin.py:188} INFO - [2024-03-23T00:13:18.770+0000] {dag.py:3047} INFO - Sync 3 DAGs
[2024-03-23T00:13:18.797+0000] {logging_mixin.py:188} INFO - [2024-03-23T00:13:18.797+0000] {dag.py:3834} INFO - Setting next_dagrun for example_branch_datetime_operator to 2024-03-22 00:00:00+00:00, run_after=2024-03-23 00:00:00+00:00
[2024-03-23T00:13:18.803+0000] {logging_mixin.py:188} INFO - [2024-03-23T00:13:18.803+0000] {dag.py:3834} INFO - Setting next_dagrun for example_branch_datetime_operator_2 to 2024-03-22 00:00:00+00:00, run_after=2024-03-23 00:00:00+00:00
[2024-03-23T00:13:18.806+0000] {logging_mixin.py:188} INFO - [2024-03-23T00:13:18.806+0000] {dag.py:3834} INFO - Setting next_dagrun for example_branch_datetime_operator_3 to 2024-03-22 00:00:00+00:00, run_after=2024-03-23 00:00:00+00:00
[2024-03-23T00:13:18.823+0000] {processor.py:183} INFO - Processing /home/airflow/.local/lib/python3.8/site-packages/airflow/example_dags/example_branch_datetime_operator.py took 0.104 seconds
[2024-03-23T00:13:49.206+0000] {processor.py:161} INFO - Started process (PID=1179) to work on /home/airflow/.local/lib/python3.8/site-packages/airflow/example_dags/example_branch_datetime_operator.py
[2024-03-23T00:13:49.207+0000] {processor.py:830} INFO - Processing file /home/airflow/.local/lib/python3.8/site-packages/airflow/example_dags/example_branch_datetime_operator.py for tasks to queue
[2024-03-23T00:13:49.209+0000] {logging_mixin.py:188} INFO - [2024-03-23T00:13:49.209+0000] {dagbag.py:540} INFO - Filling up the DagBag from /home/airflow/.local/lib/python3.8/site-packages/airflow/example_dags/example_branch_datetime_operator.py
[2024-03-23T00:13:49.222+0000] {processor.py:840} INFO - DAG(s) 'example_branch_datetime_operator_2', 'example_branch_datetime_operator_3', 'example_branch_datetime_operator' retrieved from /home/airflow/.local/lib/python3.8/site-packages/airflow/example_dags/example_branch_datetime_operator.py
[2024-03-23T00:13:49.257+0000] {logging_mixin.py:188} INFO - [2024-03-23T00:13:49.256+0000] {dag.py:3047} INFO - Sync 3 DAGs
[2024-03-23T00:13:49.287+0000] {logging_mixin.py:188} INFO - [2024-03-23T00:13:49.287+0000] {dag.py:3834} INFO - Setting next_dagrun for example_branch_datetime_operator to 2024-03-22 00:00:00+00:00, run_after=2024-03-23 00:00:00+00:00
[2024-03-23T00:13:49.295+0000] {logging_mixin.py:188} INFO - [2024-03-23T00:13:49.295+0000] {dag.py:3834} INFO - Setting next_dagrun for example_branch_datetime_operator_2 to 2024-03-22 00:00:00+00:00, run_after=2024-03-23 00:00:00+00:00
[2024-03-23T00:13:49.298+0000] {logging_mixin.py:188} INFO - [2024-03-23T00:13:49.298+0000] {dag.py:3834} INFO - Setting next_dagrun for example_branch_datetime_operator_3 to 2024-03-22 00:00:00+00:00, run_after=2024-03-23 00:00:00+00:00
[2024-03-23T00:13:49.317+0000] {processor.py:183} INFO - Processing /home/airflow/.local/lib/python3.8/site-packages/airflow/example_dags/example_branch_datetime_operator.py took 0.116 seconds
[2024-03-23T00:14:19.777+0000] {processor.py:161} INFO - Started process (PID=1240) to work on /home/airflow/.local/lib/python3.8/site-packages/airflow/example_dags/example_branch_datetime_operator.py
[2024-03-23T00:14:19.778+0000] {processor.py:830} INFO - Processing file /home/airflow/.local/lib/python3.8/site-packages/airflow/example_dags/example_branch_datetime_operator.py for tasks to queue
[2024-03-23T00:14:19.780+0000] {logging_mixin.py:188} INFO - [2024-03-23T00:14:19.780+0000] {dagbag.py:540} INFO - Filling up the DagBag from /home/airflow/.local/lib/python3.8/site-packages/airflow/example_dags/example_branch_datetime_operator.py
[2024-03-23T00:14:19.793+0000] {processor.py:840} INFO - DAG(s) 'example_branch_datetime_operator_3', 'example_branch_datetime_operator', 'example_branch_datetime_operator_2' retrieved from /home/airflow/.local/lib/python3.8/site-packages/airflow/example_dags/example_branch_datetime_operator.py
[2024-03-23T00:14:19.825+0000] {logging_mixin.py:188} INFO - [2024-03-23T00:14:19.825+0000] {dag.py:3047} INFO - Sync 3 DAGs
[2024-03-23T00:14:19.855+0000] {logging_mixin.py:188} INFO - [2024-03-23T00:14:19.854+0000] {dag.py:3834} INFO - Setting next_dagrun for example_branch_datetime_operator to 2024-03-22 00:00:00+00:00, run_after=2024-03-23 00:00:00+00:00
[2024-03-23T00:14:19.862+0000] {logging_mixin.py:188} INFO - [2024-03-23T00:14:19.861+0000] {dag.py:3834} INFO - Setting next_dagrun for example_branch_datetime_operator_2 to 2024-03-22 00:00:00+00:00, run_after=2024-03-23 00:00:00+00:00
[2024-03-23T00:14:19.865+0000] {logging_mixin.py:188} INFO - [2024-03-23T00:14:19.865+0000] {dag.py:3834} INFO - Setting next_dagrun for example_branch_datetime_operator_3 to 2024-03-22 00:00:00+00:00, run_after=2024-03-23 00:00:00+00:00
[2024-03-23T00:14:19.885+0000] {processor.py:183} INFO - Processing /home/airflow/.local/lib/python3.8/site-packages/airflow/example_dags/example_branch_datetime_operator.py took 0.113 seconds
[2024-03-23T00:14:50.138+0000] {processor.py:161} INFO - Started process (PID=1295) to work on /home/airflow/.local/lib/python3.8/site-packages/airflow/example_dags/example_branch_datetime_operator.py
[2024-03-23T00:14:50.139+0000] {processor.py:830} INFO - Processing file /home/airflow/.local/lib/python3.8/site-packages/airflow/example_dags/example_branch_datetime_operator.py for tasks to queue
[2024-03-23T00:14:50.141+0000] {logging_mixin.py:188} INFO - [2024-03-23T00:14:50.141+0000] {dagbag.py:540} INFO - Filling up the DagBag from /home/airflow/.local/lib/python3.8/site-packages/airflow/example_dags/example_branch_datetime_operator.py
[2024-03-23T00:14:50.153+0000] {processor.py:840} INFO - DAG(s) 'example_branch_datetime_operator_3', 'example_branch_datetime_operator_2', 'example_branch_datetime_operator' retrieved from /home/airflow/.local/lib/python3.8/site-packages/airflow/example_dags/example_branch_datetime_operator.py
[2024-03-23T00:14:50.185+0000] {logging_mixin.py:188} INFO - [2024-03-23T00:14:50.185+0000] {dag.py:3047} INFO - Sync 3 DAGs
[2024-03-23T00:14:50.212+0000] {logging_mixin.py:188} INFO - [2024-03-23T00:14:50.212+0000] {dag.py:3834} INFO - Setting next_dagrun for example_branch_datetime_operator to 2024-03-22 00:00:00+00:00, run_after=2024-03-23 00:00:00+00:00
[2024-03-23T00:14:50.218+0000] {logging_mixin.py:188} INFO - [2024-03-23T00:14:50.218+0000] {dag.py:3834} INFO - Setting next_dagrun for example_branch_datetime_operator_2 to 2024-03-22 00:00:00+00:00, run_after=2024-03-23 00:00:00+00:00
[2024-03-23T00:14:50.222+0000] {logging_mixin.py:188} INFO - [2024-03-23T00:14:50.222+0000] {dag.py:3834} INFO - Setting next_dagrun for example_branch_datetime_operator_3 to 2024-03-22 00:00:00+00:00, run_after=2024-03-23 00:00:00+00:00
[2024-03-23T00:14:50.240+0000] {processor.py:183} INFO - Processing /home/airflow/.local/lib/python3.8/site-packages/airflow/example_dags/example_branch_datetime_operator.py took 0.106 seconds
[2024-03-23T00:15:20.446+0000] {processor.py:161} INFO - Started process (PID=1350) to work on /home/airflow/.local/lib/python3.8/site-packages/airflow/example_dags/example_branch_datetime_operator.py
[2024-03-23T00:15:20.447+0000] {processor.py:830} INFO - Processing file /home/airflow/.local/lib/python3.8/site-packages/airflow/example_dags/example_branch_datetime_operator.py for tasks to queue
[2024-03-23T00:15:20.449+0000] {logging_mixin.py:188} INFO - [2024-03-23T00:15:20.449+0000] {dagbag.py:540} INFO - Filling up the DagBag from /home/airflow/.local/lib/python3.8/site-packages/airflow/example_dags/example_branch_datetime_operator.py
[2024-03-23T00:15:20.462+0000] {processor.py:840} INFO - DAG(s) 'example_branch_datetime_operator', 'example_branch_datetime_operator_2', 'example_branch_datetime_operator_3' retrieved from /home/airflow/.local/lib/python3.8/site-packages/airflow/example_dags/example_branch_datetime_operator.py
[2024-03-23T00:15:20.493+0000] {logging_mixin.py:188} INFO - [2024-03-23T00:15:20.493+0000] {dag.py:3047} INFO - Sync 3 DAGs
[2024-03-23T00:15:20.521+0000] {logging_mixin.py:188} INFO - [2024-03-23T00:15:20.521+0000] {dag.py:3834} INFO - Setting next_dagrun for example_branch_datetime_operator to 2024-03-22 00:00:00+00:00, run_after=2024-03-23 00:00:00+00:00
[2024-03-23T00:15:20.527+0000] {logging_mixin.py:188} INFO - [2024-03-23T00:15:20.527+0000] {dag.py:3834} INFO - Setting next_dagrun for example_branch_datetime_operator_2 to 2024-03-22 00:00:00+00:00, run_after=2024-03-23 00:00:00+00:00
[2024-03-23T00:15:20.530+0000] {logging_mixin.py:188} INFO - [2024-03-23T00:15:20.530+0000] {dag.py:3834} INFO - Setting next_dagrun for example_branch_datetime_operator_3 to 2024-03-22 00:00:00+00:00, run_after=2024-03-23 00:00:00+00:00
[2024-03-23T00:15:20.548+0000] {processor.py:183} INFO - Processing /home/airflow/.local/lib/python3.8/site-packages/airflow/example_dags/example_branch_datetime_operator.py took 0.106 seconds
[2024-03-23T00:15:51.092+0000] {processor.py:161} INFO - Started process (PID=1405) to work on /home/airflow/.local/lib/python3.8/site-packages/airflow/example_dags/example_branch_datetime_operator.py
[2024-03-23T00:15:51.093+0000] {processor.py:830} INFO - Processing file /home/airflow/.local/lib/python3.8/site-packages/airflow/example_dags/example_branch_datetime_operator.py for tasks to queue
[2024-03-23T00:15:51.095+0000] {logging_mixin.py:188} INFO - [2024-03-23T00:15:51.095+0000] {dagbag.py:540} INFO - Filling up the DagBag from /home/airflow/.local/lib/python3.8/site-packages/airflow/example_dags/example_branch_datetime_operator.py
[2024-03-23T00:15:51.108+0000] {processor.py:840} INFO - DAG(s) 'example_branch_datetime_operator', 'example_branch_datetime_operator_3', 'example_branch_datetime_operator_2' retrieved from /home/airflow/.local/lib/python3.8/site-packages/airflow/example_dags/example_branch_datetime_operator.py
[2024-03-23T00:15:51.141+0000] {logging_mixin.py:188} INFO - [2024-03-23T00:15:51.141+0000] {dag.py:3047} INFO - Sync 3 DAGs
[2024-03-23T00:15:51.169+0000] {logging_mixin.py:188} INFO - [2024-03-23T00:15:51.169+0000] {dag.py:3834} INFO - Setting next_dagrun for example_branch_datetime_operator to 2024-03-22 00:00:00+00:00, run_after=2024-03-23 00:00:00+00:00
[2024-03-23T00:15:51.175+0000] {logging_mixin.py:188} INFO - [2024-03-23T00:15:51.175+0000] {dag.py:3834} INFO - Setting next_dagrun for example_branch_datetime_operator_2 to 2024-03-22 00:00:00+00:00, run_after=2024-03-23 00:00:00+00:00
[2024-03-23T00:15:51.179+0000] {logging_mixin.py:188} INFO - [2024-03-23T00:15:51.178+0000] {dag.py:3834} INFO - Setting next_dagrun for example_branch_datetime_operator_3 to 2024-03-22 00:00:00+00:00, run_after=2024-03-23 00:00:00+00:00
[2024-03-23T00:15:51.197+0000] {processor.py:183} INFO - Processing /home/airflow/.local/lib/python3.8/site-packages/airflow/example_dags/example_branch_datetime_operator.py took 0.110 seconds
[2024-03-23T00:16:21.297+0000] {processor.py:161} INFO - Started process (PID=1460) to work on /home/airflow/.local/lib/python3.8/site-packages/airflow/example_dags/example_branch_datetime_operator.py
[2024-03-23T00:16:21.298+0000] {processor.py:830} INFO - Processing file /home/airflow/.local/lib/python3.8/site-packages/airflow/example_dags/example_branch_datetime_operator.py for tasks to queue
[2024-03-23T00:16:21.301+0000] {logging_mixin.py:188} INFO - [2024-03-23T00:16:21.300+0000] {dagbag.py:540} INFO - Filling up the DagBag from /home/airflow/.local/lib/python3.8/site-packages/airflow/example_dags/example_branch_datetime_operator.py
[2024-03-23T00:16:21.313+0000] {processor.py:840} INFO - DAG(s) 'example_branch_datetime_operator_3', 'example_branch_datetime_operator', 'example_branch_datetime_operator_2' retrieved from /home/airflow/.local/lib/python3.8/site-packages/airflow/example_dags/example_branch_datetime_operator.py
[2024-03-23T00:16:21.344+0000] {logging_mixin.py:188} INFO - [2024-03-23T00:16:21.344+0000] {dag.py:3047} INFO - Sync 3 DAGs
[2024-03-23T00:16:21.371+0000] {logging_mixin.py:188} INFO - [2024-03-23T00:16:21.370+0000] {dag.py:3834} INFO - Setting next_dagrun for example_branch_datetime_operator to 2024-03-22 00:00:00+00:00, run_after=2024-03-23 00:00:00+00:00
[2024-03-23T00:16:21.376+0000] {logging_mixin.py:188} INFO - [2024-03-23T00:16:21.376+0000] {dag.py:3834} INFO - Setting next_dagrun for example_branch_datetime_operator_2 to 2024-03-22 00:00:00+00:00, run_after=2024-03-23 00:00:00+00:00
[2024-03-23T00:16:21.380+0000] {logging_mixin.py:188} INFO - [2024-03-23T00:16:21.379+0000] {dag.py:3834} INFO - Setting next_dagrun for example_branch_datetime_operator_3 to 2024-03-22 00:00:00+00:00, run_after=2024-03-23 00:00:00+00:00
[2024-03-23T00:16:21.397+0000] {processor.py:183} INFO - Processing /home/airflow/.local/lib/python3.8/site-packages/airflow/example_dags/example_branch_datetime_operator.py took 0.103 seconds
[2024-03-23T00:16:51.518+0000] {processor.py:161} INFO - Started process (PID=1515) to work on /home/airflow/.local/lib/python3.8/site-packages/airflow/example_dags/example_branch_datetime_operator.py
[2024-03-23T00:16:51.519+0000] {processor.py:830} INFO - Processing file /home/airflow/.local/lib/python3.8/site-packages/airflow/example_dags/example_branch_datetime_operator.py for tasks to queue
[2024-03-23T00:16:51.522+0000] {logging_mixin.py:188} INFO - [2024-03-23T00:16:51.521+0000] {dagbag.py:540} INFO - Filling up the DagBag from /home/airflow/.local/lib/python3.8/site-packages/airflow/example_dags/example_branch_datetime_operator.py
[2024-03-23T00:16:51.535+0000] {processor.py:840} INFO - DAG(s) 'example_branch_datetime_operator_2', 'example_branch_datetime_operator', 'example_branch_datetime_operator_3' retrieved from /home/airflow/.local/lib/python3.8/site-packages/airflow/example_dags/example_branch_datetime_operator.py
[2024-03-23T00:16:51.569+0000] {logging_mixin.py:188} INFO - [2024-03-23T00:16:51.569+0000] {dag.py:3047} INFO - Sync 3 DAGs
[2024-03-23T00:16:51.598+0000] {logging_mixin.py:188} INFO - [2024-03-23T00:16:51.597+0000] {dag.py:3834} INFO - Setting next_dagrun for example_branch_datetime_operator to 2024-03-22 00:00:00+00:00, run_after=2024-03-23 00:00:00+00:00
[2024-03-23T00:16:51.607+0000] {logging_mixin.py:188} INFO - [2024-03-23T00:16:51.606+0000] {dag.py:3834} INFO - Setting next_dagrun for example_branch_datetime_operator_2 to 2024-03-22 00:00:00+00:00, run_after=2024-03-23 00:00:00+00:00
[2024-03-23T00:16:51.611+0000] {logging_mixin.py:188} INFO - [2024-03-23T00:16:51.610+0000] {dag.py:3834} INFO - Setting next_dagrun for example_branch_datetime_operator_3 to 2024-03-22 00:00:00+00:00, run_after=2024-03-23 00:00:00+00:00
[2024-03-23T00:16:51.634+0000] {processor.py:183} INFO - Processing /home/airflow/.local/lib/python3.8/site-packages/airflow/example_dags/example_branch_datetime_operator.py took 0.120 seconds
[2024-03-23T00:17:22.010+0000] {processor.py:161} INFO - Started process (PID=1570) to work on /home/airflow/.local/lib/python3.8/site-packages/airflow/example_dags/example_branch_datetime_operator.py
[2024-03-23T00:17:22.012+0000] {processor.py:830} INFO - Processing file /home/airflow/.local/lib/python3.8/site-packages/airflow/example_dags/example_branch_datetime_operator.py for tasks to queue
[2024-03-23T00:17:22.014+0000] {logging_mixin.py:188} INFO - [2024-03-23T00:17:22.014+0000] {dagbag.py:540} INFO - Filling up the DagBag from /home/airflow/.local/lib/python3.8/site-packages/airflow/example_dags/example_branch_datetime_operator.py
[2024-03-23T00:17:22.028+0000] {processor.py:840} INFO - DAG(s) 'example_branch_datetime_operator', 'example_branch_datetime_operator_2', 'example_branch_datetime_operator_3' retrieved from /home/airflow/.local/lib/python3.8/site-packages/airflow/example_dags/example_branch_datetime_operator.py
[2024-03-23T00:17:22.062+0000] {logging_mixin.py:188} INFO - [2024-03-23T00:17:22.061+0000] {dag.py:3047} INFO - Sync 3 DAGs
[2024-03-23T00:17:22.091+0000] {logging_mixin.py:188} INFO - [2024-03-23T00:17:22.090+0000] {dag.py:3834} INFO - Setting next_dagrun for example_branch_datetime_operator to 2024-03-22 00:00:00+00:00, run_after=2024-03-23 00:00:00+00:00
[2024-03-23T00:17:22.097+0000] {logging_mixin.py:188} INFO - [2024-03-23T00:17:22.097+0000] {dag.py:3834} INFO - Setting next_dagrun for example_branch_datetime_operator_2 to 2024-03-22 00:00:00+00:00, run_after=2024-03-23 00:00:00+00:00
[2024-03-23T00:17:22.101+0000] {logging_mixin.py:188} INFO - [2024-03-23T00:17:22.101+0000] {dag.py:3834} INFO - Setting next_dagrun for example_branch_datetime_operator_3 to 2024-03-22 00:00:00+00:00, run_after=2024-03-23 00:00:00+00:00
[2024-03-23T00:17:22.120+0000] {processor.py:183} INFO - Processing /home/airflow/.local/lib/python3.8/site-packages/airflow/example_dags/example_branch_datetime_operator.py took 0.114 seconds
[2024-03-23T00:17:52.384+0000] {processor.py:161} INFO - Started process (PID=1625) to work on /home/airflow/.local/lib/python3.8/site-packages/airflow/example_dags/example_branch_datetime_operator.py
[2024-03-23T00:17:52.385+0000] {processor.py:830} INFO - Processing file /home/airflow/.local/lib/python3.8/site-packages/airflow/example_dags/example_branch_datetime_operator.py for tasks to queue
[2024-03-23T00:17:52.387+0000] {logging_mixin.py:188} INFO - [2024-03-23T00:17:52.387+0000] {dagbag.py:540} INFO - Filling up the DagBag from /home/airflow/.local/lib/python3.8/site-packages/airflow/example_dags/example_branch_datetime_operator.py
[2024-03-23T00:17:52.399+0000] {processor.py:840} INFO - DAG(s) 'example_branch_datetime_operator_2', 'example_branch_datetime_operator', 'example_branch_datetime_operator_3' retrieved from /home/airflow/.local/lib/python3.8/site-packages/airflow/example_dags/example_branch_datetime_operator.py
[2024-03-23T00:17:52.432+0000] {logging_mixin.py:188} INFO - [2024-03-23T00:17:52.432+0000] {dag.py:3047} INFO - Sync 3 DAGs
[2024-03-23T00:17:52.460+0000] {logging_mixin.py:188} INFO - [2024-03-23T00:17:52.459+0000] {dag.py:3834} INFO - Setting next_dagrun for example_branch_datetime_operator to 2024-03-22 00:00:00+00:00, run_after=2024-03-23 00:00:00+00:00
[2024-03-23T00:17:52.466+0000] {logging_mixin.py:188} INFO - [2024-03-23T00:17:52.466+0000] {dag.py:3834} INFO - Setting next_dagrun for example_branch_datetime_operator_2 to 2024-03-22 00:00:00+00:00, run_after=2024-03-23 00:00:00+00:00
[2024-03-23T00:17:52.470+0000] {logging_mixin.py:188} INFO - [2024-03-23T00:17:52.470+0000] {dag.py:3834} INFO - Setting next_dagrun for example_branch_datetime_operator_3 to 2024-03-22 00:00:00+00:00, run_after=2024-03-23 00:00:00+00:00
[2024-03-23T00:17:52.488+0000] {processor.py:183} INFO - Processing /home/airflow/.local/lib/python3.8/site-packages/airflow/example_dags/example_branch_datetime_operator.py took 0.108 seconds
[2024-03-23T00:18:22.775+0000] {processor.py:161} INFO - Started process (PID=1680) to work on /home/airflow/.local/lib/python3.8/site-packages/airflow/example_dags/example_branch_datetime_operator.py
[2024-03-23T00:18:22.776+0000] {processor.py:830} INFO - Processing file /home/airflow/.local/lib/python3.8/site-packages/airflow/example_dags/example_branch_datetime_operator.py for tasks to queue
[2024-03-23T00:18:22.778+0000] {logging_mixin.py:188} INFO - [2024-03-23T00:18:22.778+0000] {dagbag.py:540} INFO - Filling up the DagBag from /home/airflow/.local/lib/python3.8/site-packages/airflow/example_dags/example_branch_datetime_operator.py
[2024-03-23T00:18:22.792+0000] {processor.py:840} INFO - DAG(s) 'example_branch_datetime_operator_3', 'example_branch_datetime_operator', 'example_branch_datetime_operator_2' retrieved from /home/airflow/.local/lib/python3.8/site-packages/airflow/example_dags/example_branch_datetime_operator.py
[2024-03-23T00:18:22.825+0000] {logging_mixin.py:188} INFO - [2024-03-23T00:18:22.824+0000] {dag.py:3047} INFO - Sync 3 DAGs
[2024-03-23T00:18:22.851+0000] {logging_mixin.py:188} INFO - [2024-03-23T00:18:22.851+0000] {dag.py:3834} INFO - Setting next_dagrun for example_branch_datetime_operator to 2024-03-22 00:00:00+00:00, run_after=2024-03-23 00:00:00+00:00
[2024-03-23T00:18:22.857+0000] {logging_mixin.py:188} INFO - [2024-03-23T00:18:22.857+0000] {dag.py:3834} INFO - Setting next_dagrun for example_branch_datetime_operator_2 to 2024-03-22 00:00:00+00:00, run_after=2024-03-23 00:00:00+00:00
[2024-03-23T00:18:22.860+0000] {logging_mixin.py:188} INFO - [2024-03-23T00:18:22.860+0000] {dag.py:3834} INFO - Setting next_dagrun for example_branch_datetime_operator_3 to 2024-03-22 00:00:00+00:00, run_after=2024-03-23 00:00:00+00:00
[2024-03-23T00:18:22.877+0000] {processor.py:183} INFO - Processing /home/airflow/.local/lib/python3.8/site-packages/airflow/example_dags/example_branch_datetime_operator.py took 0.107 seconds
[2024-03-23T00:18:53.209+0000] {processor.py:161} INFO - Started process (PID=1735) to work on /home/airflow/.local/lib/python3.8/site-packages/airflow/example_dags/example_branch_datetime_operator.py
[2024-03-23T00:18:53.210+0000] {processor.py:830} INFO - Processing file /home/airflow/.local/lib/python3.8/site-packages/airflow/example_dags/example_branch_datetime_operator.py for tasks to queue
[2024-03-23T00:18:53.213+0000] {logging_mixin.py:188} INFO - [2024-03-23T00:18:53.212+0000] {dagbag.py:540} INFO - Filling up the DagBag from /home/airflow/.local/lib/python3.8/site-packages/airflow/example_dags/example_branch_datetime_operator.py
[2024-03-23T00:18:53.226+0000] {processor.py:840} INFO - DAG(s) 'example_branch_datetime_operator_3', 'example_branch_datetime_operator', 'example_branch_datetime_operator_2' retrieved from /home/airflow/.local/lib/python3.8/site-packages/airflow/example_dags/example_branch_datetime_operator.py
[2024-03-23T00:18:53.259+0000] {logging_mixin.py:188} INFO - [2024-03-23T00:18:53.258+0000] {dag.py:3047} INFO - Sync 3 DAGs
[2024-03-23T00:18:53.286+0000] {logging_mixin.py:188} INFO - [2024-03-23T00:18:53.286+0000] {dag.py:3834} INFO - Setting next_dagrun for example_branch_datetime_operator to 2024-03-22 00:00:00+00:00, run_after=2024-03-23 00:00:00+00:00
[2024-03-23T00:18:53.292+0000] {logging_mixin.py:188} INFO - [2024-03-23T00:18:53.292+0000] {dag.py:3834} INFO - Setting next_dagrun for example_branch_datetime_operator_2 to 2024-03-22 00:00:00+00:00, run_after=2024-03-23 00:00:00+00:00
[2024-03-23T00:18:53.295+0000] {logging_mixin.py:188} INFO - [2024-03-23T00:18:53.295+0000] {dag.py:3834} INFO - Setting next_dagrun for example_branch_datetime_operator_3 to 2024-03-22 00:00:00+00:00, run_after=2024-03-23 00:00:00+00:00
[2024-03-23T00:18:53.315+0000] {processor.py:183} INFO - Processing /home/airflow/.local/lib/python3.8/site-packages/airflow/example_dags/example_branch_datetime_operator.py took 0.110 seconds
[2024-03-23T00:19:23.706+0000] {processor.py:161} INFO - Started process (PID=1790) to work on /home/airflow/.local/lib/python3.8/site-packages/airflow/example_dags/example_branch_datetime_operator.py
[2024-03-23T00:19:23.707+0000] {processor.py:830} INFO - Processing file /home/airflow/.local/lib/python3.8/site-packages/airflow/example_dags/example_branch_datetime_operator.py for tasks to queue
[2024-03-23T00:19:23.709+0000] {logging_mixin.py:188} INFO - [2024-03-23T00:19:23.709+0000] {dagbag.py:540} INFO - Filling up the DagBag from /home/airflow/.local/lib/python3.8/site-packages/airflow/example_dags/example_branch_datetime_operator.py
[2024-03-23T00:19:23.722+0000] {processor.py:840} INFO - DAG(s) 'example_branch_datetime_operator', 'example_branch_datetime_operator_3', 'example_branch_datetime_operator_2' retrieved from /home/airflow/.local/lib/python3.8/site-packages/airflow/example_dags/example_branch_datetime_operator.py
[2024-03-23T00:19:23.757+0000] {logging_mixin.py:188} INFO - [2024-03-23T00:19:23.757+0000] {dag.py:3047} INFO - Sync 3 DAGs
[2024-03-23T00:19:23.784+0000] {logging_mixin.py:188} INFO - [2024-03-23T00:19:23.784+0000] {dag.py:3834} INFO - Setting next_dagrun for example_branch_datetime_operator to 2024-03-22 00:00:00+00:00, run_after=2024-03-23 00:00:00+00:00
[2024-03-23T00:19:23.790+0000] {logging_mixin.py:188} INFO - [2024-03-23T00:19:23.790+0000] {dag.py:3834} INFO - Setting next_dagrun for example_branch_datetime_operator_2 to 2024-03-22 00:00:00+00:00, run_after=2024-03-23 00:00:00+00:00
[2024-03-23T00:19:23.793+0000] {logging_mixin.py:188} INFO - [2024-03-23T00:19:23.793+0000] {dag.py:3834} INFO - Setting next_dagrun for example_branch_datetime_operator_3 to 2024-03-22 00:00:00+00:00, run_after=2024-03-23 00:00:00+00:00
[2024-03-23T00:19:23.812+0000] {processor.py:183} INFO - Processing /home/airflow/.local/lib/python3.8/site-packages/airflow/example_dags/example_branch_datetime_operator.py took 0.110 seconds
[2024-03-23T00:19:54.382+0000] {processor.py:161} INFO - Started process (PID=1845) to work on /home/airflow/.local/lib/python3.8/site-packages/airflow/example_dags/example_branch_datetime_operator.py
[2024-03-23T00:19:54.384+0000] {processor.py:830} INFO - Processing file /home/airflow/.local/lib/python3.8/site-packages/airflow/example_dags/example_branch_datetime_operator.py for tasks to queue
[2024-03-23T00:19:54.386+0000] {logging_mixin.py:188} INFO - [2024-03-23T00:19:54.385+0000] {dagbag.py:540} INFO - Filling up the DagBag from /home/airflow/.local/lib/python3.8/site-packages/airflow/example_dags/example_branch_datetime_operator.py
[2024-03-23T00:19:54.398+0000] {processor.py:840} INFO - DAG(s) 'example_branch_datetime_operator_3', 'example_branch_datetime_operator', 'example_branch_datetime_operator_2' retrieved from /home/airflow/.local/lib/python3.8/site-packages/airflow/example_dags/example_branch_datetime_operator.py
[2024-03-23T00:19:54.429+0000] {logging_mixin.py:188} INFO - [2024-03-23T00:19:54.429+0000] {dag.py:3047} INFO - Sync 3 DAGs
[2024-03-23T00:19:54.456+0000] {logging_mixin.py:188} INFO - [2024-03-23T00:19:54.456+0000] {dag.py:3834} INFO - Setting next_dagrun for example_branch_datetime_operator to 2024-03-22 00:00:00+00:00, run_after=2024-03-23 00:00:00+00:00
[2024-03-23T00:19:54.462+0000] {logging_mixin.py:188} INFO - [2024-03-23T00:19:54.461+0000] {dag.py:3834} INFO - Setting next_dagrun for example_branch_datetime_operator_2 to 2024-03-22 00:00:00+00:00, run_after=2024-03-23 00:00:00+00:00
[2024-03-23T00:19:54.465+0000] {logging_mixin.py:188} INFO - [2024-03-23T00:19:54.464+0000] {dag.py:3834} INFO - Setting next_dagrun for example_branch_datetime_operator_3 to 2024-03-22 00:00:00+00:00, run_after=2024-03-23 00:00:00+00:00
[2024-03-23T00:19:54.482+0000] {processor.py:183} INFO - Processing /home/airflow/.local/lib/python3.8/site-packages/airflow/example_dags/example_branch_datetime_operator.py took 0.103 seconds
[2024-03-23T00:20:24.828+0000] {processor.py:161} INFO - Started process (PID=1900) to work on /home/airflow/.local/lib/python3.8/site-packages/airflow/example_dags/example_branch_datetime_operator.py
[2024-03-23T00:20:24.830+0000] {processor.py:830} INFO - Processing file /home/airflow/.local/lib/python3.8/site-packages/airflow/example_dags/example_branch_datetime_operator.py for tasks to queue
[2024-03-23T00:20:24.832+0000] {logging_mixin.py:188} INFO - [2024-03-23T00:20:24.832+0000] {dagbag.py:540} INFO - Filling up the DagBag from /home/airflow/.local/lib/python3.8/site-packages/airflow/example_dags/example_branch_datetime_operator.py
[2024-03-23T00:20:24.845+0000] {processor.py:840} INFO - DAG(s) 'example_branch_datetime_operator_3', 'example_branch_datetime_operator', 'example_branch_datetime_operator_2' retrieved from /home/airflow/.local/lib/python3.8/site-packages/airflow/example_dags/example_branch_datetime_operator.py
[2024-03-23T00:20:24.880+0000] {logging_mixin.py:188} INFO - [2024-03-23T00:20:24.879+0000] {dag.py:3047} INFO - Sync 3 DAGs
[2024-03-23T00:20:24.906+0000] {logging_mixin.py:188} INFO - [2024-03-23T00:20:24.906+0000] {dag.py:3834} INFO - Setting next_dagrun for example_branch_datetime_operator to 2024-03-22 00:00:00+00:00, run_after=2024-03-23 00:00:00+00:00
[2024-03-23T00:20:24.912+0000] {logging_mixin.py:188} INFO - [2024-03-23T00:20:24.912+0000] {dag.py:3834} INFO - Setting next_dagrun for example_branch_datetime_operator_2 to 2024-03-22 00:00:00+00:00, run_after=2024-03-23 00:00:00+00:00
[2024-03-23T00:20:24.916+0000] {logging_mixin.py:188} INFO - [2024-03-23T00:20:24.916+0000] {dag.py:3834} INFO - Setting next_dagrun for example_branch_datetime_operator_3 to 2024-03-22 00:00:00+00:00, run_after=2024-03-23 00:00:00+00:00
[2024-03-23T00:20:24.934+0000] {processor.py:183} INFO - Processing /home/airflow/.local/lib/python3.8/site-packages/airflow/example_dags/example_branch_datetime_operator.py took 0.110 seconds
[2024-03-23T00:20:55.441+0000] {processor.py:161} INFO - Started process (PID=1955) to work on /home/airflow/.local/lib/python3.8/site-packages/airflow/example_dags/example_branch_datetime_operator.py
[2024-03-23T00:20:55.443+0000] {processor.py:830} INFO - Processing file /home/airflow/.local/lib/python3.8/site-packages/airflow/example_dags/example_branch_datetime_operator.py for tasks to queue
[2024-03-23T00:20:55.445+0000] {logging_mixin.py:188} INFO - [2024-03-23T00:20:55.444+0000] {dagbag.py:540} INFO - Filling up the DagBag from /home/airflow/.local/lib/python3.8/site-packages/airflow/example_dags/example_branch_datetime_operator.py
[2024-03-23T00:20:55.462+0000] {processor.py:840} INFO - DAG(s) 'example_branch_datetime_operator', 'example_branch_datetime_operator_2', 'example_branch_datetime_operator_3' retrieved from /home/airflow/.local/lib/python3.8/site-packages/airflow/example_dags/example_branch_datetime_operator.py
[2024-03-23T00:20:55.498+0000] {logging_mixin.py:188} INFO - [2024-03-23T00:20:55.497+0000] {dag.py:3047} INFO - Sync 3 DAGs
[2024-03-23T00:20:55.525+0000] {logging_mixin.py:188} INFO - [2024-03-23T00:20:55.525+0000] {dag.py:3834} INFO - Setting next_dagrun for example_branch_datetime_operator to 2024-03-22 00:00:00+00:00, run_after=2024-03-23 00:00:00+00:00
[2024-03-23T00:20:55.532+0000] {logging_mixin.py:188} INFO - [2024-03-23T00:20:55.532+0000] {dag.py:3834} INFO - Setting next_dagrun for example_branch_datetime_operator_2 to 2024-03-22 00:00:00+00:00, run_after=2024-03-23 00:00:00+00:00
[2024-03-23T00:20:55.536+0000] {logging_mixin.py:188} INFO - [2024-03-23T00:20:55.535+0000] {dag.py:3834} INFO - Setting next_dagrun for example_branch_datetime_operator_3 to 2024-03-22 00:00:00+00:00, run_after=2024-03-23 00:00:00+00:00
[2024-03-23T00:20:55.555+0000] {processor.py:183} INFO - Processing /home/airflow/.local/lib/python3.8/site-packages/airflow/example_dags/example_branch_datetime_operator.py took 0.117 seconds
[2024-03-23T00:21:25.809+0000] {processor.py:161} INFO - Started process (PID=2010) to work on /home/airflow/.local/lib/python3.8/site-packages/airflow/example_dags/example_branch_datetime_operator.py
[2024-03-23T00:21:25.811+0000] {processor.py:830} INFO - Processing file /home/airflow/.local/lib/python3.8/site-packages/airflow/example_dags/example_branch_datetime_operator.py for tasks to queue
[2024-03-23T00:21:25.813+0000] {logging_mixin.py:188} INFO - [2024-03-23T00:21:25.812+0000] {dagbag.py:540} INFO - Filling up the DagBag from /home/airflow/.local/lib/python3.8/site-packages/airflow/example_dags/example_branch_datetime_operator.py
[2024-03-23T00:21:25.825+0000] {processor.py:840} INFO - DAG(s) 'example_branch_datetime_operator', 'example_branch_datetime_operator_2', 'example_branch_datetime_operator_3' retrieved from /home/airflow/.local/lib/python3.8/site-packages/airflow/example_dags/example_branch_datetime_operator.py
[2024-03-23T00:21:25.859+0000] {logging_mixin.py:188} INFO - [2024-03-23T00:21:25.859+0000] {dag.py:3047} INFO - Sync 3 DAGs
[2024-03-23T00:21:25.889+0000] {logging_mixin.py:188} INFO - [2024-03-23T00:21:25.889+0000] {dag.py:3834} INFO - Setting next_dagrun for example_branch_datetime_operator to 2024-03-22 00:00:00+00:00, run_after=2024-03-23 00:00:00+00:00
[2024-03-23T00:21:25.895+0000] {logging_mixin.py:188} INFO - [2024-03-23T00:21:25.895+0000] {dag.py:3834} INFO - Setting next_dagrun for example_branch_datetime_operator_2 to 2024-03-22 00:00:00+00:00, run_after=2024-03-23 00:00:00+00:00
[2024-03-23T00:21:25.898+0000] {logging_mixin.py:188} INFO - [2024-03-23T00:21:25.898+0000] {dag.py:3834} INFO - Setting next_dagrun for example_branch_datetime_operator_3 to 2024-03-22 00:00:00+00:00, run_after=2024-03-23 00:00:00+00:00
[2024-03-23T00:21:25.917+0000] {processor.py:183} INFO - Processing /home/airflow/.local/lib/python3.8/site-packages/airflow/example_dags/example_branch_datetime_operator.py took 0.111 seconds
[2024-03-23T00:21:56.731+0000] {processor.py:161} INFO - Started process (PID=2065) to work on /home/airflow/.local/lib/python3.8/site-packages/airflow/example_dags/example_branch_datetime_operator.py
[2024-03-23T00:21:56.732+0000] {processor.py:830} INFO - Processing file /home/airflow/.local/lib/python3.8/site-packages/airflow/example_dags/example_branch_datetime_operator.py for tasks to queue
[2024-03-23T00:21:56.734+0000] {logging_mixin.py:188} INFO - [2024-03-23T00:21:56.734+0000] {dagbag.py:540} INFO - Filling up the DagBag from /home/airflow/.local/lib/python3.8/site-packages/airflow/example_dags/example_branch_datetime_operator.py
[2024-03-23T00:21:56.747+0000] {processor.py:840} INFO - DAG(s) 'example_branch_datetime_operator_3', 'example_branch_datetime_operator', 'example_branch_datetime_operator_2' retrieved from /home/airflow/.local/lib/python3.8/site-packages/airflow/example_dags/example_branch_datetime_operator.py
[2024-03-23T00:21:56.779+0000] {logging_mixin.py:188} INFO - [2024-03-23T00:21:56.779+0000] {dag.py:3047} INFO - Sync 3 DAGs
[2024-03-23T00:21:56.808+0000] {logging_mixin.py:188} INFO - [2024-03-23T00:21:56.808+0000] {dag.py:3834} INFO - Setting next_dagrun for example_branch_datetime_operator to 2024-03-22 00:00:00+00:00, run_after=2024-03-23 00:00:00+00:00
[2024-03-23T00:21:56.814+0000] {logging_mixin.py:188} INFO - [2024-03-23T00:21:56.814+0000] {dag.py:3834} INFO - Setting next_dagrun for example_branch_datetime_operator_2 to 2024-03-22 00:00:00+00:00, run_after=2024-03-23 00:00:00+00:00
[2024-03-23T00:21:56.817+0000] {logging_mixin.py:188} INFO - [2024-03-23T00:21:56.817+0000] {dag.py:3834} INFO - Setting next_dagrun for example_branch_datetime_operator_3 to 2024-03-22 00:00:00+00:00, run_after=2024-03-23 00:00:00+00:00
[2024-03-23T00:21:56.834+0000] {processor.py:183} INFO - Processing /home/airflow/.local/lib/python3.8/site-packages/airflow/example_dags/example_branch_datetime_operator.py took 0.107 seconds
[2024-03-23T00:22:27.163+0000] {processor.py:161} INFO - Started process (PID=2120) to work on /home/airflow/.local/lib/python3.8/site-packages/airflow/example_dags/example_branch_datetime_operator.py
[2024-03-23T00:22:27.164+0000] {processor.py:830} INFO - Processing file /home/airflow/.local/lib/python3.8/site-packages/airflow/example_dags/example_branch_datetime_operator.py for tasks to queue
[2024-03-23T00:22:27.166+0000] {logging_mixin.py:188} INFO - [2024-03-23T00:22:27.166+0000] {dagbag.py:540} INFO - Filling up the DagBag from /home/airflow/.local/lib/python3.8/site-packages/airflow/example_dags/example_branch_datetime_operator.py
[2024-03-23T00:22:27.178+0000] {processor.py:840} INFO - DAG(s) 'example_branch_datetime_operator', 'example_branch_datetime_operator_3', 'example_branch_datetime_operator_2' retrieved from /home/airflow/.local/lib/python3.8/site-packages/airflow/example_dags/example_branch_datetime_operator.py
[2024-03-23T00:22:27.211+0000] {logging_mixin.py:188} INFO - [2024-03-23T00:22:27.211+0000] {dag.py:3047} INFO - Sync 3 DAGs
[2024-03-23T00:22:27.240+0000] {logging_mixin.py:188} INFO - [2024-03-23T00:22:27.239+0000] {dag.py:3834} INFO - Setting next_dagrun for example_branch_datetime_operator to 2024-03-22 00:00:00+00:00, run_after=2024-03-23 00:00:00+00:00
[2024-03-23T00:22:27.245+0000] {logging_mixin.py:188} INFO - [2024-03-23T00:22:27.245+0000] {dag.py:3834} INFO - Setting next_dagrun for example_branch_datetime_operator_2 to 2024-03-22 00:00:00+00:00, run_after=2024-03-23 00:00:00+00:00
[2024-03-23T00:22:27.249+0000] {logging_mixin.py:188} INFO - [2024-03-23T00:22:27.248+0000] {dag.py:3834} INFO - Setting next_dagrun for example_branch_datetime_operator_3 to 2024-03-22 00:00:00+00:00, run_after=2024-03-23 00:00:00+00:00
[2024-03-23T00:22:27.267+0000] {processor.py:183} INFO - Processing /home/airflow/.local/lib/python3.8/site-packages/airflow/example_dags/example_branch_datetime_operator.py took 0.108 seconds
[2024-03-23T00:22:57.333+0000] {processor.py:161} INFO - Started process (PID=2175) to work on /home/airflow/.local/lib/python3.8/site-packages/airflow/example_dags/example_branch_datetime_operator.py
[2024-03-23T00:22:57.334+0000] {processor.py:830} INFO - Processing file /home/airflow/.local/lib/python3.8/site-packages/airflow/example_dags/example_branch_datetime_operator.py for tasks to queue
[2024-03-23T00:22:57.336+0000] {logging_mixin.py:188} INFO - [2024-03-23T00:22:57.336+0000] {dagbag.py:540} INFO - Filling up the DagBag from /home/airflow/.local/lib/python3.8/site-packages/airflow/example_dags/example_branch_datetime_operator.py
[2024-03-23T00:22:57.348+0000] {processor.py:840} INFO - DAG(s) 'example_branch_datetime_operator_3', 'example_branch_datetime_operator_2', 'example_branch_datetime_operator' retrieved from /home/airflow/.local/lib/python3.8/site-packages/airflow/example_dags/example_branch_datetime_operator.py
[2024-03-23T00:22:57.379+0000] {logging_mixin.py:188} INFO - [2024-03-23T00:22:57.379+0000] {dag.py:3047} INFO - Sync 3 DAGs
[2024-03-23T00:22:57.406+0000] {logging_mixin.py:188} INFO - [2024-03-23T00:22:57.406+0000] {dag.py:3834} INFO - Setting next_dagrun for example_branch_datetime_operator to 2024-03-22 00:00:00+00:00, run_after=2024-03-23 00:00:00+00:00
[2024-03-23T00:22:57.412+0000] {logging_mixin.py:188} INFO - [2024-03-23T00:22:57.412+0000] {dag.py:3834} INFO - Setting next_dagrun for example_branch_datetime_operator_2 to 2024-03-22 00:00:00+00:00, run_after=2024-03-23 00:00:00+00:00
[2024-03-23T00:22:57.416+0000] {logging_mixin.py:188} INFO - [2024-03-23T00:22:57.415+0000] {dag.py:3834} INFO - Setting next_dagrun for example_branch_datetime_operator_3 to 2024-03-22 00:00:00+00:00, run_after=2024-03-23 00:00:00+00:00
[2024-03-23T00:22:57.433+0000] {processor.py:183} INFO - Processing /home/airflow/.local/lib/python3.8/site-packages/airflow/example_dags/example_branch_datetime_operator.py took 0.104 seconds
[2024-03-23T00:23:27.672+0000] {processor.py:161} INFO - Started process (PID=2230) to work on /home/airflow/.local/lib/python3.8/site-packages/airflow/example_dags/example_branch_datetime_operator.py
[2024-03-23T00:23:27.673+0000] {processor.py:830} INFO - Processing file /home/airflow/.local/lib/python3.8/site-packages/airflow/example_dags/example_branch_datetime_operator.py for tasks to queue
[2024-03-23T00:23:27.675+0000] {logging_mixin.py:188} INFO - [2024-03-23T00:23:27.675+0000] {dagbag.py:540} INFO - Filling up the DagBag from /home/airflow/.local/lib/python3.8/site-packages/airflow/example_dags/example_branch_datetime_operator.py
[2024-03-23T00:23:27.687+0000] {processor.py:840} INFO - DAG(s) 'example_branch_datetime_operator_2', 'example_branch_datetime_operator', 'example_branch_datetime_operator_3' retrieved from /home/airflow/.local/lib/python3.8/site-packages/airflow/example_dags/example_branch_datetime_operator.py
[2024-03-23T00:23:27.719+0000] {logging_mixin.py:188} INFO - [2024-03-23T00:23:27.718+0000] {dag.py:3047} INFO - Sync 3 DAGs
[2024-03-23T00:23:27.745+0000] {logging_mixin.py:188} INFO - [2024-03-23T00:23:27.745+0000] {dag.py:3834} INFO - Setting next_dagrun for example_branch_datetime_operator to 2024-03-22 00:00:00+00:00, run_after=2024-03-23 00:00:00+00:00
[2024-03-23T00:23:27.751+0000] {logging_mixin.py:188} INFO - [2024-03-23T00:23:27.751+0000] {dag.py:3834} INFO - Setting next_dagrun for example_branch_datetime_operator_2 to 2024-03-22 00:00:00+00:00, run_after=2024-03-23 00:00:00+00:00
[2024-03-23T00:23:27.754+0000] {logging_mixin.py:188} INFO - [2024-03-23T00:23:27.754+0000] {dag.py:3834} INFO - Setting next_dagrun for example_branch_datetime_operator_3 to 2024-03-22 00:00:00+00:00, run_after=2024-03-23 00:00:00+00:00
[2024-03-23T00:23:27.772+0000] {processor.py:183} INFO - Processing /home/airflow/.local/lib/python3.8/site-packages/airflow/example_dags/example_branch_datetime_operator.py took 0.104 seconds
[2024-03-23T00:23:57.876+0000] {processor.py:161} INFO - Started process (PID=2284) to work on /home/airflow/.local/lib/python3.8/site-packages/airflow/example_dags/example_branch_datetime_operator.py
[2024-03-23T00:23:57.878+0000] {processor.py:830} INFO - Processing file /home/airflow/.local/lib/python3.8/site-packages/airflow/example_dags/example_branch_datetime_operator.py for tasks to queue
[2024-03-23T00:23:57.880+0000] {logging_mixin.py:188} INFO - [2024-03-23T00:23:57.879+0000] {dagbag.py:540} INFO - Filling up the DagBag from /home/airflow/.local/lib/python3.8/site-packages/airflow/example_dags/example_branch_datetime_operator.py
[2024-03-23T00:23:57.892+0000] {processor.py:840} INFO - DAG(s) 'example_branch_datetime_operator', 'example_branch_datetime_operator_2', 'example_branch_datetime_operator_3' retrieved from /home/airflow/.local/lib/python3.8/site-packages/airflow/example_dags/example_branch_datetime_operator.py
[2024-03-23T00:23:57.923+0000] {logging_mixin.py:188} INFO - [2024-03-23T00:23:57.922+0000] {dag.py:3047} INFO - Sync 3 DAGs
[2024-03-23T00:23:57.949+0000] {logging_mixin.py:188} INFO - [2024-03-23T00:23:57.948+0000] {dag.py:3834} INFO - Setting next_dagrun for example_branch_datetime_operator to 2024-03-22 00:00:00+00:00, run_after=2024-03-23 00:00:00+00:00
[2024-03-23T00:23:57.954+0000] {logging_mixin.py:188} INFO - [2024-03-23T00:23:57.954+0000] {dag.py:3834} INFO - Setting next_dagrun for example_branch_datetime_operator_2 to 2024-03-22 00:00:00+00:00, run_after=2024-03-23 00:00:00+00:00
[2024-03-23T00:23:57.957+0000] {logging_mixin.py:188} INFO - [2024-03-23T00:23:57.957+0000] {dag.py:3834} INFO - Setting next_dagrun for example_branch_datetime_operator_3 to 2024-03-22 00:00:00+00:00, run_after=2024-03-23 00:00:00+00:00
[2024-03-23T00:23:57.974+0000] {processor.py:183} INFO - Processing /home/airflow/.local/lib/python3.8/site-packages/airflow/example_dags/example_branch_datetime_operator.py took 0.102 seconds
[2024-03-23T00:24:28.250+0000] {processor.py:161} INFO - Started process (PID=2339) to work on /home/airflow/.local/lib/python3.8/site-packages/airflow/example_dags/example_branch_datetime_operator.py
[2024-03-23T00:24:28.251+0000] {processor.py:830} INFO - Processing file /home/airflow/.local/lib/python3.8/site-packages/airflow/example_dags/example_branch_datetime_operator.py for tasks to queue
[2024-03-23T00:24:28.253+0000] {logging_mixin.py:188} INFO - [2024-03-23T00:24:28.253+0000] {dagbag.py:540} INFO - Filling up the DagBag from /home/airflow/.local/lib/python3.8/site-packages/airflow/example_dags/example_branch_datetime_operator.py
[2024-03-23T00:24:28.266+0000] {processor.py:840} INFO - DAG(s) 'example_branch_datetime_operator_3', 'example_branch_datetime_operator_2', 'example_branch_datetime_operator' retrieved from /home/airflow/.local/lib/python3.8/site-packages/airflow/example_dags/example_branch_datetime_operator.py
[2024-03-23T00:24:28.298+0000] {logging_mixin.py:188} INFO - [2024-03-23T00:24:28.297+0000] {dag.py:3047} INFO - Sync 3 DAGs
[2024-03-23T00:24:28.325+0000] {logging_mixin.py:188} INFO - [2024-03-23T00:24:28.324+0000] {dag.py:3834} INFO - Setting next_dagrun for example_branch_datetime_operator to 2024-03-22 00:00:00+00:00, run_after=2024-03-23 00:00:00+00:00
[2024-03-23T00:24:28.331+0000] {logging_mixin.py:188} INFO - [2024-03-23T00:24:28.330+0000] {dag.py:3834} INFO - Setting next_dagrun for example_branch_datetime_operator_2 to 2024-03-22 00:00:00+00:00, run_after=2024-03-23 00:00:00+00:00
[2024-03-23T00:24:28.334+0000] {logging_mixin.py:188} INFO - [2024-03-23T00:24:28.334+0000] {dag.py:3834} INFO - Setting next_dagrun for example_branch_datetime_operator_3 to 2024-03-22 00:00:00+00:00, run_after=2024-03-23 00:00:00+00:00
[2024-03-23T00:24:28.353+0000] {processor.py:183} INFO - Processing /home/airflow/.local/lib/python3.8/site-packages/airflow/example_dags/example_branch_datetime_operator.py took 0.107 seconds
[2024-03-23T00:24:58.573+0000] {processor.py:161} INFO - Started process (PID=2394) to work on /home/airflow/.local/lib/python3.8/site-packages/airflow/example_dags/example_branch_datetime_operator.py
[2024-03-23T00:24:58.575+0000] {processor.py:830} INFO - Processing file /home/airflow/.local/lib/python3.8/site-packages/airflow/example_dags/example_branch_datetime_operator.py for tasks to queue
[2024-03-23T00:24:58.577+0000] {logging_mixin.py:188} INFO - [2024-03-23T00:24:58.576+0000] {dagbag.py:540} INFO - Filling up the DagBag from /home/airflow/.local/lib/python3.8/site-packages/airflow/example_dags/example_branch_datetime_operator.py
[2024-03-23T00:24:58.589+0000] {processor.py:840} INFO - DAG(s) 'example_branch_datetime_operator', 'example_branch_datetime_operator_2', 'example_branch_datetime_operator_3' retrieved from /home/airflow/.local/lib/python3.8/site-packages/airflow/example_dags/example_branch_datetime_operator.py
[2024-03-23T00:24:58.621+0000] {logging_mixin.py:188} INFO - [2024-03-23T00:24:58.621+0000] {dag.py:3047} INFO - Sync 3 DAGs
[2024-03-23T00:24:58.647+0000] {logging_mixin.py:188} INFO - [2024-03-23T00:24:58.647+0000] {dag.py:3834} INFO - Setting next_dagrun for example_branch_datetime_operator to 2024-03-22 00:00:00+00:00, run_after=2024-03-23 00:00:00+00:00
[2024-03-23T00:24:58.653+0000] {logging_mixin.py:188} INFO - [2024-03-23T00:24:58.653+0000] {dag.py:3834} INFO - Setting next_dagrun for example_branch_datetime_operator_2 to 2024-03-22 00:00:00+00:00, run_after=2024-03-23 00:00:00+00:00
[2024-03-23T00:24:58.656+0000] {logging_mixin.py:188} INFO - [2024-03-23T00:24:58.656+0000] {dag.py:3834} INFO - Setting next_dagrun for example_branch_datetime_operator_3 to 2024-03-22 00:00:00+00:00, run_after=2024-03-23 00:00:00+00:00
[2024-03-23T00:24:58.674+0000] {processor.py:183} INFO - Processing /home/airflow/.local/lib/python3.8/site-packages/airflow/example_dags/example_branch_datetime_operator.py took 0.105 seconds
[2024-03-23T00:25:28.881+0000] {processor.py:161} INFO - Started process (PID=2449) to work on /home/airflow/.local/lib/python3.8/site-packages/airflow/example_dags/example_branch_datetime_operator.py
[2024-03-23T00:25:28.882+0000] {processor.py:830} INFO - Processing file /home/airflow/.local/lib/python3.8/site-packages/airflow/example_dags/example_branch_datetime_operator.py for tasks to queue
[2024-03-23T00:25:28.884+0000] {logging_mixin.py:188} INFO - [2024-03-23T00:25:28.884+0000] {dagbag.py:540} INFO - Filling up the DagBag from /home/airflow/.local/lib/python3.8/site-packages/airflow/example_dags/example_branch_datetime_operator.py
[2024-03-23T00:25:28.897+0000] {processor.py:840} INFO - DAG(s) 'example_branch_datetime_operator_3', 'example_branch_datetime_operator', 'example_branch_datetime_operator_2' retrieved from /home/airflow/.local/lib/python3.8/site-packages/airflow/example_dags/example_branch_datetime_operator.py
[2024-03-23T00:25:28.929+0000] {logging_mixin.py:188} INFO - [2024-03-23T00:25:28.929+0000] {dag.py:3047} INFO - Sync 3 DAGs
[2024-03-23T00:25:28.956+0000] {logging_mixin.py:188} INFO - [2024-03-23T00:25:28.955+0000] {dag.py:3834} INFO - Setting next_dagrun for example_branch_datetime_operator to 2024-03-22 00:00:00+00:00, run_after=2024-03-23 00:00:00+00:00
[2024-03-23T00:25:28.961+0000] {logging_mixin.py:188} INFO - [2024-03-23T00:25:28.961+0000] {dag.py:3834} INFO - Setting next_dagrun for example_branch_datetime_operator_2 to 2024-03-22 00:00:00+00:00, run_after=2024-03-23 00:00:00+00:00
[2024-03-23T00:25:28.965+0000] {logging_mixin.py:188} INFO - [2024-03-23T00:25:28.965+0000] {dag.py:3834} INFO - Setting next_dagrun for example_branch_datetime_operator_3 to 2024-03-22 00:00:00+00:00, run_after=2024-03-23 00:00:00+00:00
[2024-03-23T00:25:28.982+0000] {processor.py:183} INFO - Processing /home/airflow/.local/lib/python3.8/site-packages/airflow/example_dags/example_branch_datetime_operator.py took 0.106 seconds
[2024-03-23T00:25:59.636+0000] {processor.py:161} INFO - Started process (PID=2502) to work on /home/airflow/.local/lib/python3.8/site-packages/airflow/example_dags/example_branch_datetime_operator.py
[2024-03-23T00:25:59.637+0000] {processor.py:830} INFO - Processing file /home/airflow/.local/lib/python3.8/site-packages/airflow/example_dags/example_branch_datetime_operator.py for tasks to queue
[2024-03-23T00:25:59.640+0000] {logging_mixin.py:188} INFO - [2024-03-23T00:25:59.639+0000] {dagbag.py:540} INFO - Filling up the DagBag from /home/airflow/.local/lib/python3.8/site-packages/airflow/example_dags/example_branch_datetime_operator.py
[2024-03-23T00:25:59.652+0000] {processor.py:840} INFO - DAG(s) 'example_branch_datetime_operator_3', 'example_branch_datetime_operator_2', 'example_branch_datetime_operator' retrieved from /home/airflow/.local/lib/python3.8/site-packages/airflow/example_dags/example_branch_datetime_operator.py
[2024-03-23T00:25:59.684+0000] {logging_mixin.py:188} INFO - [2024-03-23T00:25:59.684+0000] {dag.py:3047} INFO - Sync 3 DAGs
[2024-03-23T00:25:59.711+0000] {logging_mixin.py:188} INFO - [2024-03-23T00:25:59.711+0000] {dag.py:3834} INFO - Setting next_dagrun for example_branch_datetime_operator to 2024-03-22 00:00:00+00:00, run_after=2024-03-23 00:00:00+00:00
[2024-03-23T00:25:59.717+0000] {logging_mixin.py:188} INFO - [2024-03-23T00:25:59.716+0000] {dag.py:3834} INFO - Setting next_dagrun for example_branch_datetime_operator_2 to 2024-03-22 00:00:00+00:00, run_after=2024-03-23 00:00:00+00:00
[2024-03-23T00:25:59.720+0000] {logging_mixin.py:188} INFO - [2024-03-23T00:25:59.720+0000] {dag.py:3834} INFO - Setting next_dagrun for example_branch_datetime_operator_3 to 2024-03-22 00:00:00+00:00, run_after=2024-03-23 00:00:00+00:00
[2024-03-23T00:25:59.738+0000] {processor.py:183} INFO - Processing /home/airflow/.local/lib/python3.8/site-packages/airflow/example_dags/example_branch_datetime_operator.py took 0.105 seconds
