[2024-03-23T00:03:37.080+0000] {processor.py:161} INFO - Started process (PID=52) to work on /home/airflow/.local/lib/python3.8/site-packages/airflow/example_dags/example_external_task_marker_dag.py
[2024-03-23T00:03:37.081+0000] {processor.py:830} INFO - Processing file /home/airflow/.local/lib/python3.8/site-packages/airflow/example_dags/example_external_task_marker_dag.py for tasks to queue
[2024-03-23T00:03:37.088+0000] {logging_mixin.py:188} INFO - [2024-03-23T00:03:37.087+0000] {dagbag.py:540} INFO - Filling up the DagBag from /home/airflow/.local/lib/python3.8/site-packages/airflow/example_dags/example_external_task_marker_dag.py
[2024-03-23T00:03:37.104+0000] {processor.py:840} INFO - DAG(s) 'example_external_task_marker_parent', 'example_external_task_marker_child' retrieved from /home/airflow/.local/lib/python3.8/site-packages/airflow/example_dags/example_external_task_marker_dag.py
[2024-03-23T00:03:37.165+0000] {logging_mixin.py:188} INFO - [2024-03-23T00:03:37.165+0000] {dag.py:3047} INFO - Sync 2 DAGs
[2024-03-23T00:03:37.205+0000] {logging_mixin.py:188} INFO - [2024-03-23T00:03:37.204+0000] {dag.py:3834} INFO - Setting next_dagrun for example_external_task_marker_child to None, run_after=None
[2024-03-23T00:03:37.214+0000] {logging_mixin.py:188} INFO - [2024-03-23T00:03:37.214+0000] {dag.py:3834} INFO - Setting next_dagrun for example_external_task_marker_parent to None, run_after=None
[2024-03-23T00:03:37.256+0000] {processor.py:183} INFO - Processing /home/airflow/.local/lib/python3.8/site-packages/airflow/example_dags/example_external_task_marker_dag.py took 0.184 seconds
[2024-03-23T00:04:07.465+0000] {processor.py:161} INFO - Started process (PID=107) to work on /home/airflow/.local/lib/python3.8/site-packages/airflow/example_dags/example_external_task_marker_dag.py
[2024-03-23T00:04:07.466+0000] {processor.py:830} INFO - Processing file /home/airflow/.local/lib/python3.8/site-packages/airflow/example_dags/example_external_task_marker_dag.py for tasks to queue
[2024-03-23T00:04:07.468+0000] {logging_mixin.py:188} INFO - [2024-03-23T00:04:07.468+0000] {dagbag.py:540} INFO - Filling up the DagBag from /home/airflow/.local/lib/python3.8/site-packages/airflow/example_dags/example_external_task_marker_dag.py
[2024-03-23T00:04:07.476+0000] {processor.py:840} INFO - DAG(s) 'example_external_task_marker_parent', 'example_external_task_marker_child' retrieved from /home/airflow/.local/lib/python3.8/site-packages/airflow/example_dags/example_external_task_marker_dag.py
[2024-03-23T00:04:07.505+0000] {logging_mixin.py:188} INFO - [2024-03-23T00:04:07.505+0000] {dag.py:3047} INFO - Sync 2 DAGs
[2024-03-23T00:04:07.522+0000] {logging_mixin.py:188} INFO - [2024-03-23T00:04:07.522+0000] {dag.py:3834} INFO - Setting next_dagrun for example_external_task_marker_child to None, run_after=None
[2024-03-23T00:04:07.526+0000] {logging_mixin.py:188} INFO - [2024-03-23T00:04:07.526+0000] {dag.py:3834} INFO - Setting next_dagrun for example_external_task_marker_parent to None, run_after=None
[2024-03-23T00:04:07.545+0000] {processor.py:183} INFO - Processing /home/airflow/.local/lib/python3.8/site-packages/airflow/example_dags/example_external_task_marker_dag.py took 0.084 seconds
[2024-03-23T00:04:37.893+0000] {processor.py:161} INFO - Started process (PID=162) to work on /home/airflow/.local/lib/python3.8/site-packages/airflow/example_dags/example_external_task_marker_dag.py
[2024-03-23T00:04:37.894+0000] {processor.py:830} INFO - Processing file /home/airflow/.local/lib/python3.8/site-packages/airflow/example_dags/example_external_task_marker_dag.py for tasks to queue
[2024-03-23T00:04:37.896+0000] {logging_mixin.py:188} INFO - [2024-03-23T00:04:37.896+0000] {dagbag.py:540} INFO - Filling up the DagBag from /home/airflow/.local/lib/python3.8/site-packages/airflow/example_dags/example_external_task_marker_dag.py
[2024-03-23T00:04:37.903+0000] {processor.py:840} INFO - DAG(s) 'example_external_task_marker_parent', 'example_external_task_marker_child' retrieved from /home/airflow/.local/lib/python3.8/site-packages/airflow/example_dags/example_external_task_marker_dag.py
[2024-03-23T00:04:37.930+0000] {logging_mixin.py:188} INFO - [2024-03-23T00:04:37.930+0000] {dag.py:3047} INFO - Sync 2 DAGs
[2024-03-23T00:04:37.945+0000] {logging_mixin.py:188} INFO - [2024-03-23T00:04:37.944+0000] {dag.py:3834} INFO - Setting next_dagrun for example_external_task_marker_child to None, run_after=None
[2024-03-23T00:04:37.949+0000] {logging_mixin.py:188} INFO - [2024-03-23T00:04:37.948+0000] {dag.py:3834} INFO - Setting next_dagrun for example_external_task_marker_parent to None, run_after=None
[2024-03-23T00:04:37.967+0000] {processor.py:183} INFO - Processing /home/airflow/.local/lib/python3.8/site-packages/airflow/example_dags/example_external_task_marker_dag.py took 0.078 seconds
[2024-03-23T00:05:08.132+0000] {processor.py:161} INFO - Started process (PID=217) to work on /home/airflow/.local/lib/python3.8/site-packages/airflow/example_dags/example_external_task_marker_dag.py
[2024-03-23T00:05:08.133+0000] {processor.py:830} INFO - Processing file /home/airflow/.local/lib/python3.8/site-packages/airflow/example_dags/example_external_task_marker_dag.py for tasks to queue
[2024-03-23T00:05:08.135+0000] {logging_mixin.py:188} INFO - [2024-03-23T00:05:08.135+0000] {dagbag.py:540} INFO - Filling up the DagBag from /home/airflow/.local/lib/python3.8/site-packages/airflow/example_dags/example_external_task_marker_dag.py
[2024-03-23T00:05:08.142+0000] {processor.py:840} INFO - DAG(s) 'example_external_task_marker_child', 'example_external_task_marker_parent' retrieved from /home/airflow/.local/lib/python3.8/site-packages/airflow/example_dags/example_external_task_marker_dag.py
[2024-03-23T00:05:08.168+0000] {logging_mixin.py:188} INFO - [2024-03-23T00:05:08.168+0000] {dag.py:3047} INFO - Sync 2 DAGs
[2024-03-23T00:05:08.183+0000] {logging_mixin.py:188} INFO - [2024-03-23T00:05:08.183+0000] {dag.py:3834} INFO - Setting next_dagrun for example_external_task_marker_child to None, run_after=None
[2024-03-23T00:05:08.187+0000] {logging_mixin.py:188} INFO - [2024-03-23T00:05:08.187+0000] {dag.py:3834} INFO - Setting next_dagrun for example_external_task_marker_parent to None, run_after=None
[2024-03-23T00:05:08.205+0000] {processor.py:183} INFO - Processing /home/airflow/.local/lib/python3.8/site-packages/airflow/example_dags/example_external_task_marker_dag.py took 0.077 seconds
[2024-03-23T00:05:38.381+0000] {processor.py:161} INFO - Started process (PID=272) to work on /home/airflow/.local/lib/python3.8/site-packages/airflow/example_dags/example_external_task_marker_dag.py
[2024-03-23T00:05:38.383+0000] {processor.py:830} INFO - Processing file /home/airflow/.local/lib/python3.8/site-packages/airflow/example_dags/example_external_task_marker_dag.py for tasks to queue
[2024-03-23T00:05:38.385+0000] {logging_mixin.py:188} INFO - [2024-03-23T00:05:38.385+0000] {dagbag.py:540} INFO - Filling up the DagBag from /home/airflow/.local/lib/python3.8/site-packages/airflow/example_dags/example_external_task_marker_dag.py
[2024-03-23T00:05:38.392+0000] {processor.py:840} INFO - DAG(s) 'example_external_task_marker_parent', 'example_external_task_marker_child' retrieved from /home/airflow/.local/lib/python3.8/site-packages/airflow/example_dags/example_external_task_marker_dag.py
[2024-03-23T00:05:38.422+0000] {logging_mixin.py:188} INFO - [2024-03-23T00:05:38.422+0000] {dag.py:3047} INFO - Sync 2 DAGs
[2024-03-23T00:05:38.438+0000] {logging_mixin.py:188} INFO - [2024-03-23T00:05:38.438+0000] {dag.py:3834} INFO - Setting next_dagrun for example_external_task_marker_child to None, run_after=None
[2024-03-23T00:05:38.443+0000] {logging_mixin.py:188} INFO - [2024-03-23T00:05:38.442+0000] {dag.py:3834} INFO - Setting next_dagrun for example_external_task_marker_parent to None, run_after=None
[2024-03-23T00:05:38.462+0000] {processor.py:183} INFO - Processing /home/airflow/.local/lib/python3.8/site-packages/airflow/example_dags/example_external_task_marker_dag.py took 0.085 seconds
[2024-03-23T00:06:08.725+0000] {processor.py:161} INFO - Started process (PID=327) to work on /home/airflow/.local/lib/python3.8/site-packages/airflow/example_dags/example_external_task_marker_dag.py
[2024-03-23T00:06:08.726+0000] {processor.py:830} INFO - Processing file /home/airflow/.local/lib/python3.8/site-packages/airflow/example_dags/example_external_task_marker_dag.py for tasks to queue
[2024-03-23T00:06:08.729+0000] {logging_mixin.py:188} INFO - [2024-03-23T00:06:08.728+0000] {dagbag.py:540} INFO - Filling up the DagBag from /home/airflow/.local/lib/python3.8/site-packages/airflow/example_dags/example_external_task_marker_dag.py
[2024-03-23T00:06:08.736+0000] {processor.py:840} INFO - DAG(s) 'example_external_task_marker_child', 'example_external_task_marker_parent' retrieved from /home/airflow/.local/lib/python3.8/site-packages/airflow/example_dags/example_external_task_marker_dag.py
[2024-03-23T00:06:08.769+0000] {logging_mixin.py:188} INFO - [2024-03-23T00:06:08.768+0000] {dag.py:3047} INFO - Sync 2 DAGs
[2024-03-23T00:06:08.790+0000] {logging_mixin.py:188} INFO - [2024-03-23T00:06:08.789+0000] {dag.py:3834} INFO - Setting next_dagrun for example_external_task_marker_child to None, run_after=None
[2024-03-23T00:06:08.797+0000] {logging_mixin.py:188} INFO - [2024-03-23T00:06:08.797+0000] {dag.py:3834} INFO - Setting next_dagrun for example_external_task_marker_parent to None, run_after=None
[2024-03-23T00:06:08.823+0000] {processor.py:183} INFO - Processing /home/airflow/.local/lib/python3.8/site-packages/airflow/example_dags/example_external_task_marker_dag.py took 0.102 seconds
[2024-03-23T00:06:39.280+0000] {processor.py:161} INFO - Started process (PID=382) to work on /home/airflow/.local/lib/python3.8/site-packages/airflow/example_dags/example_external_task_marker_dag.py
[2024-03-23T00:06:39.281+0000] {processor.py:830} INFO - Processing file /home/airflow/.local/lib/python3.8/site-packages/airflow/example_dags/example_external_task_marker_dag.py for tasks to queue
[2024-03-23T00:06:39.283+0000] {logging_mixin.py:188} INFO - [2024-03-23T00:06:39.282+0000] {dagbag.py:540} INFO - Filling up the DagBag from /home/airflow/.local/lib/python3.8/site-packages/airflow/example_dags/example_external_task_marker_dag.py
[2024-03-23T00:06:39.290+0000] {processor.py:840} INFO - DAG(s) 'example_external_task_marker_child', 'example_external_task_marker_parent' retrieved from /home/airflow/.local/lib/python3.8/site-packages/airflow/example_dags/example_external_task_marker_dag.py
[2024-03-23T00:06:39.318+0000] {logging_mixin.py:188} INFO - [2024-03-23T00:06:39.318+0000] {dag.py:3047} INFO - Sync 2 DAGs
[2024-03-23T00:06:39.333+0000] {logging_mixin.py:188} INFO - [2024-03-23T00:06:39.333+0000] {dag.py:3834} INFO - Setting next_dagrun for example_external_task_marker_child to None, run_after=None
[2024-03-23T00:06:39.338+0000] {logging_mixin.py:188} INFO - [2024-03-23T00:06:39.337+0000] {dag.py:3834} INFO - Setting next_dagrun for example_external_task_marker_parent to None, run_after=None
[2024-03-23T00:06:39.355+0000] {processor.py:183} INFO - Processing /home/airflow/.local/lib/python3.8/site-packages/airflow/example_dags/example_external_task_marker_dag.py took 0.079 seconds
[2024-03-23T00:07:09.779+0000] {processor.py:161} INFO - Started process (PID=437) to work on /home/airflow/.local/lib/python3.8/site-packages/airflow/example_dags/example_external_task_marker_dag.py
[2024-03-23T00:07:09.780+0000] {processor.py:830} INFO - Processing file /home/airflow/.local/lib/python3.8/site-packages/airflow/example_dags/example_external_task_marker_dag.py for tasks to queue
[2024-03-23T00:07:09.783+0000] {logging_mixin.py:188} INFO - [2024-03-23T00:07:09.782+0000] {dagbag.py:540} INFO - Filling up the DagBag from /home/airflow/.local/lib/python3.8/site-packages/airflow/example_dags/example_external_task_marker_dag.py
[2024-03-23T00:07:09.790+0000] {processor.py:840} INFO - DAG(s) 'example_external_task_marker_parent', 'example_external_task_marker_child' retrieved from /home/airflow/.local/lib/python3.8/site-packages/airflow/example_dags/example_external_task_marker_dag.py
[2024-03-23T00:07:09.821+0000] {logging_mixin.py:188} INFO - [2024-03-23T00:07:09.820+0000] {dag.py:3047} INFO - Sync 2 DAGs
[2024-03-23T00:07:09.839+0000] {logging_mixin.py:188} INFO - [2024-03-23T00:07:09.838+0000] {dag.py:3834} INFO - Setting next_dagrun for example_external_task_marker_child to None, run_after=None
[2024-03-23T00:07:09.843+0000] {logging_mixin.py:188} INFO - [2024-03-23T00:07:09.843+0000] {dag.py:3834} INFO - Setting next_dagrun for example_external_task_marker_parent to None, run_after=None
[2024-03-23T00:07:09.867+0000] {processor.py:183} INFO - Processing /home/airflow/.local/lib/python3.8/site-packages/airflow/example_dags/example_external_task_marker_dag.py took 0.092 seconds
[2024-03-23T00:07:40.149+0000] {processor.py:161} INFO - Started process (PID=492) to work on /home/airflow/.local/lib/python3.8/site-packages/airflow/example_dags/example_external_task_marker_dag.py
[2024-03-23T00:07:40.151+0000] {processor.py:830} INFO - Processing file /home/airflow/.local/lib/python3.8/site-packages/airflow/example_dags/example_external_task_marker_dag.py for tasks to queue
[2024-03-23T00:07:40.154+0000] {logging_mixin.py:188} INFO - [2024-03-23T00:07:40.153+0000] {dagbag.py:540} INFO - Filling up the DagBag from /home/airflow/.local/lib/python3.8/site-packages/airflow/example_dags/example_external_task_marker_dag.py
[2024-03-23T00:07:40.163+0000] {processor.py:840} INFO - DAG(s) 'example_external_task_marker_child', 'example_external_task_marker_parent' retrieved from /home/airflow/.local/lib/python3.8/site-packages/airflow/example_dags/example_external_task_marker_dag.py
[2024-03-23T00:07:40.197+0000] {logging_mixin.py:188} INFO - [2024-03-23T00:07:40.197+0000] {dag.py:3047} INFO - Sync 2 DAGs
[2024-03-23T00:07:40.214+0000] {logging_mixin.py:188} INFO - [2024-03-23T00:07:40.214+0000] {dag.py:3834} INFO - Setting next_dagrun for example_external_task_marker_child to None, run_after=None
[2024-03-23T00:07:40.219+0000] {logging_mixin.py:188} INFO - [2024-03-23T00:07:40.219+0000] {dag.py:3834} INFO - Setting next_dagrun for example_external_task_marker_parent to None, run_after=None
[2024-03-23T00:07:40.239+0000] {processor.py:183} INFO - Processing /home/airflow/.local/lib/python3.8/site-packages/airflow/example_dags/example_external_task_marker_dag.py took 0.095 seconds
[2024-03-23T00:08:10.460+0000] {processor.py:161} INFO - Started process (PID=547) to work on /home/airflow/.local/lib/python3.8/site-packages/airflow/example_dags/example_external_task_marker_dag.py
[2024-03-23T00:08:10.462+0000] {processor.py:830} INFO - Processing file /home/airflow/.local/lib/python3.8/site-packages/airflow/example_dags/example_external_task_marker_dag.py for tasks to queue
[2024-03-23T00:08:10.464+0000] {logging_mixin.py:188} INFO - [2024-03-23T00:08:10.464+0000] {dagbag.py:540} INFO - Filling up the DagBag from /home/airflow/.local/lib/python3.8/site-packages/airflow/example_dags/example_external_task_marker_dag.py
[2024-03-23T00:08:10.474+0000] {processor.py:840} INFO - DAG(s) 'example_external_task_marker_parent', 'example_external_task_marker_child' retrieved from /home/airflow/.local/lib/python3.8/site-packages/airflow/example_dags/example_external_task_marker_dag.py
[2024-03-23T00:08:10.513+0000] {logging_mixin.py:188} INFO - [2024-03-23T00:08:10.513+0000] {dag.py:3047} INFO - Sync 2 DAGs
[2024-03-23T00:08:10.530+0000] {logging_mixin.py:188} INFO - [2024-03-23T00:08:10.530+0000] {dag.py:3834} INFO - Setting next_dagrun for example_external_task_marker_child to None, run_after=None
[2024-03-23T00:08:10.536+0000] {logging_mixin.py:188} INFO - [2024-03-23T00:08:10.535+0000] {dag.py:3834} INFO - Setting next_dagrun for example_external_task_marker_parent to None, run_after=None
[2024-03-23T00:08:10.559+0000] {processor.py:183} INFO - Processing /home/airflow/.local/lib/python3.8/site-packages/airflow/example_dags/example_external_task_marker_dag.py took 0.103 seconds
[2024-03-23T00:08:40.744+0000] {processor.py:161} INFO - Started process (PID=602) to work on /home/airflow/.local/lib/python3.8/site-packages/airflow/example_dags/example_external_task_marker_dag.py
[2024-03-23T00:08:40.745+0000] {processor.py:830} INFO - Processing file /home/airflow/.local/lib/python3.8/site-packages/airflow/example_dags/example_external_task_marker_dag.py for tasks to queue
[2024-03-23T00:08:40.747+0000] {logging_mixin.py:188} INFO - [2024-03-23T00:08:40.747+0000] {dagbag.py:540} INFO - Filling up the DagBag from /home/airflow/.local/lib/python3.8/site-packages/airflow/example_dags/example_external_task_marker_dag.py
[2024-03-23T00:08:40.754+0000] {processor.py:840} INFO - DAG(s) 'example_external_task_marker_parent', 'example_external_task_marker_child' retrieved from /home/airflow/.local/lib/python3.8/site-packages/airflow/example_dags/example_external_task_marker_dag.py
[2024-03-23T00:08:40.783+0000] {logging_mixin.py:188} INFO - [2024-03-23T00:08:40.783+0000] {dag.py:3047} INFO - Sync 2 DAGs
[2024-03-23T00:08:40.799+0000] {logging_mixin.py:188} INFO - [2024-03-23T00:08:40.799+0000] {dag.py:3834} INFO - Setting next_dagrun for example_external_task_marker_child to None, run_after=None
[2024-03-23T00:08:40.804+0000] {logging_mixin.py:188} INFO - [2024-03-23T00:08:40.804+0000] {dag.py:3834} INFO - Setting next_dagrun for example_external_task_marker_parent to None, run_after=None
[2024-03-23T00:08:40.823+0000] {processor.py:183} INFO - Processing /home/airflow/.local/lib/python3.8/site-packages/airflow/example_dags/example_external_task_marker_dag.py took 0.083 seconds
[2024-03-23T00:09:11.154+0000] {processor.py:161} INFO - Started process (PID=657) to work on /home/airflow/.local/lib/python3.8/site-packages/airflow/example_dags/example_external_task_marker_dag.py
[2024-03-23T00:09:11.155+0000] {processor.py:830} INFO - Processing file /home/airflow/.local/lib/python3.8/site-packages/airflow/example_dags/example_external_task_marker_dag.py for tasks to queue
[2024-03-23T00:09:11.157+0000] {logging_mixin.py:188} INFO - [2024-03-23T00:09:11.157+0000] {dagbag.py:540} INFO - Filling up the DagBag from /home/airflow/.local/lib/python3.8/site-packages/airflow/example_dags/example_external_task_marker_dag.py
[2024-03-23T00:09:11.165+0000] {processor.py:840} INFO - DAG(s) 'example_external_task_marker_child', 'example_external_task_marker_parent' retrieved from /home/airflow/.local/lib/python3.8/site-packages/airflow/example_dags/example_external_task_marker_dag.py
[2024-03-23T00:09:11.193+0000] {logging_mixin.py:188} INFO - [2024-03-23T00:09:11.193+0000] {dag.py:3047} INFO - Sync 2 DAGs
[2024-03-23T00:09:11.211+0000] {logging_mixin.py:188} INFO - [2024-03-23T00:09:11.210+0000] {dag.py:3834} INFO - Setting next_dagrun for example_external_task_marker_child to None, run_after=None
[2024-03-23T00:09:11.216+0000] {logging_mixin.py:188} INFO - [2024-03-23T00:09:11.215+0000] {dag.py:3834} INFO - Setting next_dagrun for example_external_task_marker_parent to None, run_after=None
[2024-03-23T00:09:11.235+0000] {processor.py:183} INFO - Processing /home/airflow/.local/lib/python3.8/site-packages/airflow/example_dags/example_external_task_marker_dag.py took 0.085 seconds
[2024-03-23T00:09:41.336+0000] {processor.py:161} INFO - Started process (PID=712) to work on /home/airflow/.local/lib/python3.8/site-packages/airflow/example_dags/example_external_task_marker_dag.py
[2024-03-23T00:09:41.338+0000] {processor.py:830} INFO - Processing file /home/airflow/.local/lib/python3.8/site-packages/airflow/example_dags/example_external_task_marker_dag.py for tasks to queue
[2024-03-23T00:09:41.340+0000] {logging_mixin.py:188} INFO - [2024-03-23T00:09:41.339+0000] {dagbag.py:540} INFO - Filling up the DagBag from /home/airflow/.local/lib/python3.8/site-packages/airflow/example_dags/example_external_task_marker_dag.py
[2024-03-23T00:09:41.347+0000] {processor.py:840} INFO - DAG(s) 'example_external_task_marker_child', 'example_external_task_marker_parent' retrieved from /home/airflow/.local/lib/python3.8/site-packages/airflow/example_dags/example_external_task_marker_dag.py
[2024-03-23T00:09:41.375+0000] {logging_mixin.py:188} INFO - [2024-03-23T00:09:41.375+0000] {dag.py:3047} INFO - Sync 2 DAGs
[2024-03-23T00:09:41.392+0000] {logging_mixin.py:188} INFO - [2024-03-23T00:09:41.392+0000] {dag.py:3834} INFO - Setting next_dagrun for example_external_task_marker_child to None, run_after=None
[2024-03-23T00:09:41.397+0000] {logging_mixin.py:188} INFO - [2024-03-23T00:09:41.397+0000] {dag.py:3834} INFO - Setting next_dagrun for example_external_task_marker_parent to None, run_after=None
[2024-03-23T00:09:41.416+0000] {processor.py:183} INFO - Processing /home/airflow/.local/lib/python3.8/site-packages/airflow/example_dags/example_external_task_marker_dag.py took 0.084 seconds
[2024-03-23T00:10:11.715+0000] {processor.py:161} INFO - Started process (PID=767) to work on /home/airflow/.local/lib/python3.8/site-packages/airflow/example_dags/example_external_task_marker_dag.py
[2024-03-23T00:10:11.716+0000] {processor.py:830} INFO - Processing file /home/airflow/.local/lib/python3.8/site-packages/airflow/example_dags/example_external_task_marker_dag.py for tasks to queue
[2024-03-23T00:10:11.719+0000] {logging_mixin.py:188} INFO - [2024-03-23T00:10:11.718+0000] {dagbag.py:540} INFO - Filling up the DagBag from /home/airflow/.local/lib/python3.8/site-packages/airflow/example_dags/example_external_task_marker_dag.py
[2024-03-23T00:10:11.726+0000] {processor.py:840} INFO - DAG(s) 'example_external_task_marker_child', 'example_external_task_marker_parent' retrieved from /home/airflow/.local/lib/python3.8/site-packages/airflow/example_dags/example_external_task_marker_dag.py
[2024-03-23T00:10:11.753+0000] {logging_mixin.py:188} INFO - [2024-03-23T00:10:11.753+0000] {dag.py:3047} INFO - Sync 2 DAGs
[2024-03-23T00:10:11.770+0000] {logging_mixin.py:188} INFO - [2024-03-23T00:10:11.770+0000] {dag.py:3834} INFO - Setting next_dagrun for example_external_task_marker_child to None, run_after=None
[2024-03-23T00:10:11.774+0000] {logging_mixin.py:188} INFO - [2024-03-23T00:10:11.774+0000] {dag.py:3834} INFO - Setting next_dagrun for example_external_task_marker_parent to None, run_after=None
[2024-03-23T00:10:11.794+0000] {processor.py:183} INFO - Processing /home/airflow/.local/lib/python3.8/site-packages/airflow/example_dags/example_external_task_marker_dag.py took 0.083 seconds
[2024-03-23T00:10:41.915+0000] {processor.py:161} INFO - Started process (PID=822) to work on /home/airflow/.local/lib/python3.8/site-packages/airflow/example_dags/example_external_task_marker_dag.py
[2024-03-23T00:10:41.916+0000] {processor.py:830} INFO - Processing file /home/airflow/.local/lib/python3.8/site-packages/airflow/example_dags/example_external_task_marker_dag.py for tasks to queue
[2024-03-23T00:10:41.918+0000] {logging_mixin.py:188} INFO - [2024-03-23T00:10:41.918+0000] {dagbag.py:540} INFO - Filling up the DagBag from /home/airflow/.local/lib/python3.8/site-packages/airflow/example_dags/example_external_task_marker_dag.py
[2024-03-23T00:10:41.925+0000] {processor.py:840} INFO - DAG(s) 'example_external_task_marker_parent', 'example_external_task_marker_child' retrieved from /home/airflow/.local/lib/python3.8/site-packages/airflow/example_dags/example_external_task_marker_dag.py
[2024-03-23T00:10:41.953+0000] {logging_mixin.py:188} INFO - [2024-03-23T00:10:41.953+0000] {dag.py:3047} INFO - Sync 2 DAGs
[2024-03-23T00:10:41.968+0000] {logging_mixin.py:188} INFO - [2024-03-23T00:10:41.968+0000] {dag.py:3834} INFO - Setting next_dagrun for example_external_task_marker_child to None, run_after=None
[2024-03-23T00:10:41.973+0000] {logging_mixin.py:188} INFO - [2024-03-23T00:10:41.973+0000] {dag.py:3834} INFO - Setting next_dagrun for example_external_task_marker_parent to None, run_after=None
[2024-03-23T00:10:41.990+0000] {processor.py:183} INFO - Processing /home/airflow/.local/lib/python3.8/site-packages/airflow/example_dags/example_external_task_marker_dag.py took 0.080 seconds
[2024-03-23T00:11:12.391+0000] {processor.py:161} INFO - Started process (PID=877) to work on /home/airflow/.local/lib/python3.8/site-packages/airflow/example_dags/example_external_task_marker_dag.py
[2024-03-23T00:11:12.392+0000] {processor.py:830} INFO - Processing file /home/airflow/.local/lib/python3.8/site-packages/airflow/example_dags/example_external_task_marker_dag.py for tasks to queue
[2024-03-23T00:11:12.394+0000] {logging_mixin.py:188} INFO - [2024-03-23T00:11:12.394+0000] {dagbag.py:540} INFO - Filling up the DagBag from /home/airflow/.local/lib/python3.8/site-packages/airflow/example_dags/example_external_task_marker_dag.py
[2024-03-23T00:11:12.401+0000] {processor.py:840} INFO - DAG(s) 'example_external_task_marker_child', 'example_external_task_marker_parent' retrieved from /home/airflow/.local/lib/python3.8/site-packages/airflow/example_dags/example_external_task_marker_dag.py
[2024-03-23T00:11:12.429+0000] {logging_mixin.py:188} INFO - [2024-03-23T00:11:12.429+0000] {dag.py:3047} INFO - Sync 2 DAGs
[2024-03-23T00:11:12.444+0000] {logging_mixin.py:188} INFO - [2024-03-23T00:11:12.444+0000] {dag.py:3834} INFO - Setting next_dagrun for example_external_task_marker_child to None, run_after=None
[2024-03-23T00:11:12.449+0000] {logging_mixin.py:188} INFO - [2024-03-23T00:11:12.448+0000] {dag.py:3834} INFO - Setting next_dagrun for example_external_task_marker_parent to None, run_after=None
[2024-03-23T00:11:12.466+0000] {processor.py:183} INFO - Processing /home/airflow/.local/lib/python3.8/site-packages/airflow/example_dags/example_external_task_marker_dag.py took 0.079 seconds
[2024-03-23T00:11:42.775+0000] {processor.py:161} INFO - Started process (PID=932) to work on /home/airflow/.local/lib/python3.8/site-packages/airflow/example_dags/example_external_task_marker_dag.py
[2024-03-23T00:11:42.776+0000] {processor.py:830} INFO - Processing file /home/airflow/.local/lib/python3.8/site-packages/airflow/example_dags/example_external_task_marker_dag.py for tasks to queue
[2024-03-23T00:11:42.778+0000] {logging_mixin.py:188} INFO - [2024-03-23T00:11:42.778+0000] {dagbag.py:540} INFO - Filling up the DagBag from /home/airflow/.local/lib/python3.8/site-packages/airflow/example_dags/example_external_task_marker_dag.py
[2024-03-23T00:11:42.788+0000] {processor.py:840} INFO - DAG(s) 'example_external_task_marker_parent', 'example_external_task_marker_child' retrieved from /home/airflow/.local/lib/python3.8/site-packages/airflow/example_dags/example_external_task_marker_dag.py
[2024-03-23T00:11:42.818+0000] {logging_mixin.py:188} INFO - [2024-03-23T00:11:42.818+0000] {dag.py:3047} INFO - Sync 2 DAGs
[2024-03-23T00:11:42.836+0000] {logging_mixin.py:188} INFO - [2024-03-23T00:11:42.836+0000] {dag.py:3834} INFO - Setting next_dagrun for example_external_task_marker_child to None, run_after=None
[2024-03-23T00:11:42.841+0000] {logging_mixin.py:188} INFO - [2024-03-23T00:11:42.841+0000] {dag.py:3834} INFO - Setting next_dagrun for example_external_task_marker_parent to None, run_after=None
[2024-03-23T00:11:42.862+0000] {processor.py:183} INFO - Processing /home/airflow/.local/lib/python3.8/site-packages/airflow/example_dags/example_external_task_marker_dag.py took 0.092 seconds
[2024-03-23T00:12:13.094+0000] {processor.py:161} INFO - Started process (PID=987) to work on /home/airflow/.local/lib/python3.8/site-packages/airflow/example_dags/example_external_task_marker_dag.py
[2024-03-23T00:12:13.095+0000] {processor.py:830} INFO - Processing file /home/airflow/.local/lib/python3.8/site-packages/airflow/example_dags/example_external_task_marker_dag.py for tasks to queue
[2024-03-23T00:12:13.097+0000] {logging_mixin.py:188} INFO - [2024-03-23T00:12:13.097+0000] {dagbag.py:540} INFO - Filling up the DagBag from /home/airflow/.local/lib/python3.8/site-packages/airflow/example_dags/example_external_task_marker_dag.py
[2024-03-23T00:12:13.105+0000] {processor.py:840} INFO - DAG(s) 'example_external_task_marker_child', 'example_external_task_marker_parent' retrieved from /home/airflow/.local/lib/python3.8/site-packages/airflow/example_dags/example_external_task_marker_dag.py
[2024-03-23T00:12:13.133+0000] {logging_mixin.py:188} INFO - [2024-03-23T00:12:13.133+0000] {dag.py:3047} INFO - Sync 2 DAGs
[2024-03-23T00:12:13.148+0000] {logging_mixin.py:188} INFO - [2024-03-23T00:12:13.148+0000] {dag.py:3834} INFO - Setting next_dagrun for example_external_task_marker_child to None, run_after=None
[2024-03-23T00:12:13.152+0000] {logging_mixin.py:188} INFO - [2024-03-23T00:12:13.152+0000] {dag.py:3834} INFO - Setting next_dagrun for example_external_task_marker_parent to None, run_after=None
[2024-03-23T00:12:13.173+0000] {processor.py:183} INFO - Processing /home/airflow/.local/lib/python3.8/site-packages/airflow/example_dags/example_external_task_marker_dag.py took 0.083 seconds
[2024-03-23T00:12:43.616+0000] {processor.py:161} INFO - Started process (PID=1042) to work on /home/airflow/.local/lib/python3.8/site-packages/airflow/example_dags/example_external_task_marker_dag.py
[2024-03-23T00:12:43.617+0000] {processor.py:830} INFO - Processing file /home/airflow/.local/lib/python3.8/site-packages/airflow/example_dags/example_external_task_marker_dag.py for tasks to queue
[2024-03-23T00:12:43.619+0000] {logging_mixin.py:188} INFO - [2024-03-23T00:12:43.618+0000] {dagbag.py:540} INFO - Filling up the DagBag from /home/airflow/.local/lib/python3.8/site-packages/airflow/example_dags/example_external_task_marker_dag.py
[2024-03-23T00:12:43.626+0000] {processor.py:840} INFO - DAG(s) 'example_external_task_marker_parent', 'example_external_task_marker_child' retrieved from /home/airflow/.local/lib/python3.8/site-packages/airflow/example_dags/example_external_task_marker_dag.py
[2024-03-23T00:12:43.654+0000] {logging_mixin.py:188} INFO - [2024-03-23T00:12:43.653+0000] {dag.py:3047} INFO - Sync 2 DAGs
[2024-03-23T00:12:43.669+0000] {logging_mixin.py:188} INFO - [2024-03-23T00:12:43.668+0000] {dag.py:3834} INFO - Setting next_dagrun for example_external_task_marker_child to None, run_after=None
[2024-03-23T00:12:43.673+0000] {logging_mixin.py:188} INFO - [2024-03-23T00:12:43.673+0000] {dag.py:3834} INFO - Setting next_dagrun for example_external_task_marker_parent to None, run_after=None
[2024-03-23T00:12:43.690+0000] {processor.py:183} INFO - Processing /home/airflow/.local/lib/python3.8/site-packages/airflow/example_dags/example_external_task_marker_dag.py took 0.079 seconds
[2024-03-23T00:13:14.035+0000] {processor.py:161} INFO - Started process (PID=1097) to work on /home/airflow/.local/lib/python3.8/site-packages/airflow/example_dags/example_external_task_marker_dag.py
[2024-03-23T00:13:14.036+0000] {processor.py:830} INFO - Processing file /home/airflow/.local/lib/python3.8/site-packages/airflow/example_dags/example_external_task_marker_dag.py for tasks to queue
[2024-03-23T00:13:14.038+0000] {logging_mixin.py:188} INFO - [2024-03-23T00:13:14.037+0000] {dagbag.py:540} INFO - Filling up the DagBag from /home/airflow/.local/lib/python3.8/site-packages/airflow/example_dags/example_external_task_marker_dag.py
[2024-03-23T00:13:14.045+0000] {processor.py:840} INFO - DAG(s) 'example_external_task_marker_child', 'example_external_task_marker_parent' retrieved from /home/airflow/.local/lib/python3.8/site-packages/airflow/example_dags/example_external_task_marker_dag.py
[2024-03-23T00:13:14.072+0000] {logging_mixin.py:188} INFO - [2024-03-23T00:13:14.071+0000] {dag.py:3047} INFO - Sync 2 DAGs
[2024-03-23T00:13:14.087+0000] {logging_mixin.py:188} INFO - [2024-03-23T00:13:14.086+0000] {dag.py:3834} INFO - Setting next_dagrun for example_external_task_marker_child to None, run_after=None
[2024-03-23T00:13:14.092+0000] {logging_mixin.py:188} INFO - [2024-03-23T00:13:14.091+0000] {dag.py:3834} INFO - Setting next_dagrun for example_external_task_marker_parent to None, run_after=None
[2024-03-23T00:13:14.110+0000] {processor.py:183} INFO - Processing /home/airflow/.local/lib/python3.8/site-packages/airflow/example_dags/example_external_task_marker_dag.py took 0.080 seconds
[2024-03-23T00:13:44.477+0000] {processor.py:161} INFO - Started process (PID=1152) to work on /home/airflow/.local/lib/python3.8/site-packages/airflow/example_dags/example_external_task_marker_dag.py
[2024-03-23T00:13:44.478+0000] {processor.py:830} INFO - Processing file /home/airflow/.local/lib/python3.8/site-packages/airflow/example_dags/example_external_task_marker_dag.py for tasks to queue
[2024-03-23T00:13:44.481+0000] {logging_mixin.py:188} INFO - [2024-03-23T00:13:44.480+0000] {dagbag.py:540} INFO - Filling up the DagBag from /home/airflow/.local/lib/python3.8/site-packages/airflow/example_dags/example_external_task_marker_dag.py
[2024-03-23T00:13:44.489+0000] {processor.py:840} INFO - DAG(s) 'example_external_task_marker_parent', 'example_external_task_marker_child' retrieved from /home/airflow/.local/lib/python3.8/site-packages/airflow/example_dags/example_external_task_marker_dag.py
[2024-03-23T00:13:44.521+0000] {logging_mixin.py:188} INFO - [2024-03-23T00:13:44.520+0000] {dag.py:3047} INFO - Sync 2 DAGs
[2024-03-23T00:13:44.537+0000] {logging_mixin.py:188} INFO - [2024-03-23T00:13:44.537+0000] {dag.py:3834} INFO - Setting next_dagrun for example_external_task_marker_child to None, run_after=None
[2024-03-23T00:13:44.542+0000] {logging_mixin.py:188} INFO - [2024-03-23T00:13:44.542+0000] {dag.py:3834} INFO - Setting next_dagrun for example_external_task_marker_parent to None, run_after=None
[2024-03-23T00:13:44.563+0000] {processor.py:183} INFO - Processing /home/airflow/.local/lib/python3.8/site-packages/airflow/example_dags/example_external_task_marker_dag.py took 0.090 seconds
[2024-03-23T00:14:15.069+0000] {processor.py:161} INFO - Started process (PID=1207) to work on /home/airflow/.local/lib/python3.8/site-packages/airflow/example_dags/example_external_task_marker_dag.py
[2024-03-23T00:14:15.070+0000] {processor.py:830} INFO - Processing file /home/airflow/.local/lib/python3.8/site-packages/airflow/example_dags/example_external_task_marker_dag.py for tasks to queue
[2024-03-23T00:14:15.072+0000] {logging_mixin.py:188} INFO - [2024-03-23T00:14:15.072+0000] {dagbag.py:540} INFO - Filling up the DagBag from /home/airflow/.local/lib/python3.8/site-packages/airflow/example_dags/example_external_task_marker_dag.py
[2024-03-23T00:14:15.079+0000] {processor.py:840} INFO - DAG(s) 'example_external_task_marker_parent', 'example_external_task_marker_child' retrieved from /home/airflow/.local/lib/python3.8/site-packages/airflow/example_dags/example_external_task_marker_dag.py
[2024-03-23T00:14:15.109+0000] {logging_mixin.py:188} INFO - [2024-03-23T00:14:15.109+0000] {dag.py:3047} INFO - Sync 2 DAGs
[2024-03-23T00:14:15.125+0000] {logging_mixin.py:188} INFO - [2024-03-23T00:14:15.125+0000] {dag.py:3834} INFO - Setting next_dagrun for example_external_task_marker_child to None, run_after=None
[2024-03-23T00:14:15.130+0000] {logging_mixin.py:188} INFO - [2024-03-23T00:14:15.129+0000] {dag.py:3834} INFO - Setting next_dagrun for example_external_task_marker_parent to None, run_after=None
[2024-03-23T00:14:15.148+0000] {processor.py:183} INFO - Processing /home/airflow/.local/lib/python3.8/site-packages/airflow/example_dags/example_external_task_marker_dag.py took 0.083 seconds
[2024-03-23T00:14:45.552+0000] {processor.py:161} INFO - Started process (PID=1262) to work on /home/airflow/.local/lib/python3.8/site-packages/airflow/example_dags/example_external_task_marker_dag.py
[2024-03-23T00:14:45.553+0000] {processor.py:830} INFO - Processing file /home/airflow/.local/lib/python3.8/site-packages/airflow/example_dags/example_external_task_marker_dag.py for tasks to queue
[2024-03-23T00:14:45.555+0000] {logging_mixin.py:188} INFO - [2024-03-23T00:14:45.554+0000] {dagbag.py:540} INFO - Filling up the DagBag from /home/airflow/.local/lib/python3.8/site-packages/airflow/example_dags/example_external_task_marker_dag.py
[2024-03-23T00:14:45.562+0000] {processor.py:840} INFO - DAG(s) 'example_external_task_marker_child', 'example_external_task_marker_parent' retrieved from /home/airflow/.local/lib/python3.8/site-packages/airflow/example_dags/example_external_task_marker_dag.py
[2024-03-23T00:14:45.588+0000] {logging_mixin.py:188} INFO - [2024-03-23T00:14:45.587+0000] {dag.py:3047} INFO - Sync 2 DAGs
[2024-03-23T00:14:45.603+0000] {logging_mixin.py:188} INFO - [2024-03-23T00:14:45.603+0000] {dag.py:3834} INFO - Setting next_dagrun for example_external_task_marker_child to None, run_after=None
[2024-03-23T00:14:45.607+0000] {logging_mixin.py:188} INFO - [2024-03-23T00:14:45.607+0000] {dag.py:3834} INFO - Setting next_dagrun for example_external_task_marker_parent to None, run_after=None
[2024-03-23T00:14:45.626+0000] {processor.py:183} INFO - Processing /home/airflow/.local/lib/python3.8/site-packages/airflow/example_dags/example_external_task_marker_dag.py took 0.078 seconds
[2024-03-23T00:15:15.928+0000] {processor.py:161} INFO - Started process (PID=1317) to work on /home/airflow/.local/lib/python3.8/site-packages/airflow/example_dags/example_external_task_marker_dag.py
[2024-03-23T00:15:15.929+0000] {processor.py:830} INFO - Processing file /home/airflow/.local/lib/python3.8/site-packages/airflow/example_dags/example_external_task_marker_dag.py for tasks to queue
[2024-03-23T00:15:15.932+0000] {logging_mixin.py:188} INFO - [2024-03-23T00:15:15.931+0000] {dagbag.py:540} INFO - Filling up the DagBag from /home/airflow/.local/lib/python3.8/site-packages/airflow/example_dags/example_external_task_marker_dag.py
[2024-03-23T00:15:15.939+0000] {processor.py:840} INFO - DAG(s) 'example_external_task_marker_parent', 'example_external_task_marker_child' retrieved from /home/airflow/.local/lib/python3.8/site-packages/airflow/example_dags/example_external_task_marker_dag.py
[2024-03-23T00:15:15.967+0000] {logging_mixin.py:188} INFO - [2024-03-23T00:15:15.966+0000] {dag.py:3047} INFO - Sync 2 DAGs
[2024-03-23T00:15:15.982+0000] {logging_mixin.py:188} INFO - [2024-03-23T00:15:15.982+0000] {dag.py:3834} INFO - Setting next_dagrun for example_external_task_marker_child to None, run_after=None
[2024-03-23T00:15:15.987+0000] {logging_mixin.py:188} INFO - [2024-03-23T00:15:15.987+0000] {dag.py:3834} INFO - Setting next_dagrun for example_external_task_marker_parent to None, run_after=None
[2024-03-23T00:15:16.005+0000] {processor.py:183} INFO - Processing /home/airflow/.local/lib/python3.8/site-packages/airflow/example_dags/example_external_task_marker_dag.py took 0.080 seconds
[2024-03-23T00:15:46.198+0000] {processor.py:161} INFO - Started process (PID=1372) to work on /home/airflow/.local/lib/python3.8/site-packages/airflow/example_dags/example_external_task_marker_dag.py
[2024-03-23T00:15:46.199+0000] {processor.py:830} INFO - Processing file /home/airflow/.local/lib/python3.8/site-packages/airflow/example_dags/example_external_task_marker_dag.py for tasks to queue
[2024-03-23T00:15:46.202+0000] {logging_mixin.py:188} INFO - [2024-03-23T00:15:46.201+0000] {dagbag.py:540} INFO - Filling up the DagBag from /home/airflow/.local/lib/python3.8/site-packages/airflow/example_dags/example_external_task_marker_dag.py
[2024-03-23T00:15:46.209+0000] {processor.py:840} INFO - DAG(s) 'example_external_task_marker_child', 'example_external_task_marker_parent' retrieved from /home/airflow/.local/lib/python3.8/site-packages/airflow/example_dags/example_external_task_marker_dag.py
[2024-03-23T00:15:46.239+0000] {logging_mixin.py:188} INFO - [2024-03-23T00:15:46.238+0000] {dag.py:3047} INFO - Sync 2 DAGs
[2024-03-23T00:15:46.255+0000] {logging_mixin.py:188} INFO - [2024-03-23T00:15:46.255+0000] {dag.py:3834} INFO - Setting next_dagrun for example_external_task_marker_child to None, run_after=None
[2024-03-23T00:15:46.261+0000] {logging_mixin.py:188} INFO - [2024-03-23T00:15:46.260+0000] {dag.py:3834} INFO - Setting next_dagrun for example_external_task_marker_parent to None, run_after=None
[2024-03-23T00:15:46.284+0000] {processor.py:183} INFO - Processing /home/airflow/.local/lib/python3.8/site-packages/airflow/example_dags/example_external_task_marker_dag.py took 0.091 seconds
[2024-03-23T00:16:16.734+0000] {processor.py:161} INFO - Started process (PID=1427) to work on /home/airflow/.local/lib/python3.8/site-packages/airflow/example_dags/example_external_task_marker_dag.py
[2024-03-23T00:16:16.735+0000] {processor.py:830} INFO - Processing file /home/airflow/.local/lib/python3.8/site-packages/airflow/example_dags/example_external_task_marker_dag.py for tasks to queue
[2024-03-23T00:16:16.737+0000] {logging_mixin.py:188} INFO - [2024-03-23T00:16:16.737+0000] {dagbag.py:540} INFO - Filling up the DagBag from /home/airflow/.local/lib/python3.8/site-packages/airflow/example_dags/example_external_task_marker_dag.py
[2024-03-23T00:16:16.745+0000] {processor.py:840} INFO - DAG(s) 'example_external_task_marker_parent', 'example_external_task_marker_child' retrieved from /home/airflow/.local/lib/python3.8/site-packages/airflow/example_dags/example_external_task_marker_dag.py
[2024-03-23T00:16:16.773+0000] {logging_mixin.py:188} INFO - [2024-03-23T00:16:16.772+0000] {dag.py:3047} INFO - Sync 2 DAGs
[2024-03-23T00:16:16.788+0000] {logging_mixin.py:188} INFO - [2024-03-23T00:16:16.788+0000] {dag.py:3834} INFO - Setting next_dagrun for example_external_task_marker_child to None, run_after=None
[2024-03-23T00:16:16.792+0000] {logging_mixin.py:188} INFO - [2024-03-23T00:16:16.792+0000] {dag.py:3834} INFO - Setting next_dagrun for example_external_task_marker_parent to None, run_after=None
[2024-03-23T00:16:16.810+0000] {processor.py:183} INFO - Processing /home/airflow/.local/lib/python3.8/site-packages/airflow/example_dags/example_external_task_marker_dag.py took 0.080 seconds
[2024-03-23T00:16:46.917+0000] {processor.py:161} INFO - Started process (PID=1482) to work on /home/airflow/.local/lib/python3.8/site-packages/airflow/example_dags/example_external_task_marker_dag.py
[2024-03-23T00:16:46.919+0000] {processor.py:830} INFO - Processing file /home/airflow/.local/lib/python3.8/site-packages/airflow/example_dags/example_external_task_marker_dag.py for tasks to queue
[2024-03-23T00:16:46.921+0000] {logging_mixin.py:188} INFO - [2024-03-23T00:16:46.921+0000] {dagbag.py:540} INFO - Filling up the DagBag from /home/airflow/.local/lib/python3.8/site-packages/airflow/example_dags/example_external_task_marker_dag.py
[2024-03-23T00:16:46.928+0000] {processor.py:840} INFO - DAG(s) 'example_external_task_marker_child', 'example_external_task_marker_parent' retrieved from /home/airflow/.local/lib/python3.8/site-packages/airflow/example_dags/example_external_task_marker_dag.py
[2024-03-23T00:16:46.955+0000] {logging_mixin.py:188} INFO - [2024-03-23T00:16:46.955+0000] {dag.py:3047} INFO - Sync 2 DAGs
[2024-03-23T00:16:46.970+0000] {logging_mixin.py:188} INFO - [2024-03-23T00:16:46.970+0000] {dag.py:3834} INFO - Setting next_dagrun for example_external_task_marker_child to None, run_after=None
[2024-03-23T00:16:46.974+0000] {logging_mixin.py:188} INFO - [2024-03-23T00:16:46.974+0000] {dag.py:3834} INFO - Setting next_dagrun for example_external_task_marker_parent to None, run_after=None
[2024-03-23T00:16:46.992+0000] {processor.py:183} INFO - Processing /home/airflow/.local/lib/python3.8/site-packages/airflow/example_dags/example_external_task_marker_dag.py took 0.079 seconds
[2024-03-23T00:17:17.179+0000] {processor.py:161} INFO - Started process (PID=1537) to work on /home/airflow/.local/lib/python3.8/site-packages/airflow/example_dags/example_external_task_marker_dag.py
[2024-03-23T00:17:17.180+0000] {processor.py:830} INFO - Processing file /home/airflow/.local/lib/python3.8/site-packages/airflow/example_dags/example_external_task_marker_dag.py for tasks to queue
[2024-03-23T00:17:17.182+0000] {logging_mixin.py:188} INFO - [2024-03-23T00:17:17.182+0000] {dagbag.py:540} INFO - Filling up the DagBag from /home/airflow/.local/lib/python3.8/site-packages/airflow/example_dags/example_external_task_marker_dag.py
[2024-03-23T00:17:17.189+0000] {processor.py:840} INFO - DAG(s) 'example_external_task_marker_child', 'example_external_task_marker_parent' retrieved from /home/airflow/.local/lib/python3.8/site-packages/airflow/example_dags/example_external_task_marker_dag.py
[2024-03-23T00:17:17.217+0000] {logging_mixin.py:188} INFO - [2024-03-23T00:17:17.217+0000] {dag.py:3047} INFO - Sync 2 DAGs
[2024-03-23T00:17:17.232+0000] {logging_mixin.py:188} INFO - [2024-03-23T00:17:17.232+0000] {dag.py:3834} INFO - Setting next_dagrun for example_external_task_marker_child to None, run_after=None
[2024-03-23T00:17:17.237+0000] {logging_mixin.py:188} INFO - [2024-03-23T00:17:17.236+0000] {dag.py:3834} INFO - Setting next_dagrun for example_external_task_marker_parent to None, run_after=None
[2024-03-23T00:17:17.255+0000] {processor.py:183} INFO - Processing /home/airflow/.local/lib/python3.8/site-packages/airflow/example_dags/example_external_task_marker_dag.py took 0.080 seconds
[2024-03-23T00:17:47.723+0000] {processor.py:161} INFO - Started process (PID=1592) to work on /home/airflow/.local/lib/python3.8/site-packages/airflow/example_dags/example_external_task_marker_dag.py
[2024-03-23T00:17:47.725+0000] {processor.py:830} INFO - Processing file /home/airflow/.local/lib/python3.8/site-packages/airflow/example_dags/example_external_task_marker_dag.py for tasks to queue
[2024-03-23T00:17:47.727+0000] {logging_mixin.py:188} INFO - [2024-03-23T00:17:47.726+0000] {dagbag.py:540} INFO - Filling up the DagBag from /home/airflow/.local/lib/python3.8/site-packages/airflow/example_dags/example_external_task_marker_dag.py
[2024-03-23T00:17:47.734+0000] {processor.py:840} INFO - DAG(s) 'example_external_task_marker_child', 'example_external_task_marker_parent' retrieved from /home/airflow/.local/lib/python3.8/site-packages/airflow/example_dags/example_external_task_marker_dag.py
[2024-03-23T00:17:47.761+0000] {logging_mixin.py:188} INFO - [2024-03-23T00:17:47.761+0000] {dag.py:3047} INFO - Sync 2 DAGs
[2024-03-23T00:17:47.777+0000] {logging_mixin.py:188} INFO - [2024-03-23T00:17:47.777+0000] {dag.py:3834} INFO - Setting next_dagrun for example_external_task_marker_child to None, run_after=None
[2024-03-23T00:17:47.781+0000] {logging_mixin.py:188} INFO - [2024-03-23T00:17:47.781+0000] {dag.py:3834} INFO - Setting next_dagrun for example_external_task_marker_parent to None, run_after=None
[2024-03-23T00:17:47.799+0000] {processor.py:183} INFO - Processing /home/airflow/.local/lib/python3.8/site-packages/airflow/example_dags/example_external_task_marker_dag.py took 0.080 seconds
[2024-03-23T00:18:18.092+0000] {processor.py:161} INFO - Started process (PID=1647) to work on /home/airflow/.local/lib/python3.8/site-packages/airflow/example_dags/example_external_task_marker_dag.py
[2024-03-23T00:18:18.093+0000] {processor.py:830} INFO - Processing file /home/airflow/.local/lib/python3.8/site-packages/airflow/example_dags/example_external_task_marker_dag.py for tasks to queue
[2024-03-23T00:18:18.095+0000] {logging_mixin.py:188} INFO - [2024-03-23T00:18:18.095+0000] {dagbag.py:540} INFO - Filling up the DagBag from /home/airflow/.local/lib/python3.8/site-packages/airflow/example_dags/example_external_task_marker_dag.py
[2024-03-23T00:18:18.103+0000] {processor.py:840} INFO - DAG(s) 'example_external_task_marker_child', 'example_external_task_marker_parent' retrieved from /home/airflow/.local/lib/python3.8/site-packages/airflow/example_dags/example_external_task_marker_dag.py
[2024-03-23T00:18:18.129+0000] {logging_mixin.py:188} INFO - [2024-03-23T00:18:18.129+0000] {dag.py:3047} INFO - Sync 2 DAGs
[2024-03-23T00:18:18.145+0000] {logging_mixin.py:188} INFO - [2024-03-23T00:18:18.145+0000] {dag.py:3834} INFO - Setting next_dagrun for example_external_task_marker_child to None, run_after=None
[2024-03-23T00:18:18.150+0000] {logging_mixin.py:188} INFO - [2024-03-23T00:18:18.150+0000] {dag.py:3834} INFO - Setting next_dagrun for example_external_task_marker_parent to None, run_after=None
[2024-03-23T00:18:18.167+0000] {processor.py:183} INFO - Processing /home/airflow/.local/lib/python3.8/site-packages/airflow/example_dags/example_external_task_marker_dag.py took 0.079 seconds
[2024-03-23T00:18:48.599+0000] {processor.py:161} INFO - Started process (PID=1702) to work on /home/airflow/.local/lib/python3.8/site-packages/airflow/example_dags/example_external_task_marker_dag.py
[2024-03-23T00:18:48.600+0000] {processor.py:830} INFO - Processing file /home/airflow/.local/lib/python3.8/site-packages/airflow/example_dags/example_external_task_marker_dag.py for tasks to queue
[2024-03-23T00:18:48.602+0000] {logging_mixin.py:188} INFO - [2024-03-23T00:18:48.602+0000] {dagbag.py:540} INFO - Filling up the DagBag from /home/airflow/.local/lib/python3.8/site-packages/airflow/example_dags/example_external_task_marker_dag.py
[2024-03-23T00:18:48.609+0000] {processor.py:840} INFO - DAG(s) 'example_external_task_marker_parent', 'example_external_task_marker_child' retrieved from /home/airflow/.local/lib/python3.8/site-packages/airflow/example_dags/example_external_task_marker_dag.py
[2024-03-23T00:18:48.637+0000] {logging_mixin.py:188} INFO - [2024-03-23T00:18:48.636+0000] {dag.py:3047} INFO - Sync 2 DAGs
[2024-03-23T00:18:48.652+0000] {logging_mixin.py:188} INFO - [2024-03-23T00:18:48.651+0000] {dag.py:3834} INFO - Setting next_dagrun for example_external_task_marker_child to None, run_after=None
[2024-03-23T00:18:48.656+0000] {logging_mixin.py:188} INFO - [2024-03-23T00:18:48.656+0000] {dag.py:3834} INFO - Setting next_dagrun for example_external_task_marker_parent to None, run_after=None
[2024-03-23T00:18:48.674+0000] {processor.py:183} INFO - Processing /home/airflow/.local/lib/python3.8/site-packages/airflow/example_dags/example_external_task_marker_dag.py took 0.079 seconds
[2024-03-23T00:19:18.879+0000] {processor.py:161} INFO - Started process (PID=1757) to work on /home/airflow/.local/lib/python3.8/site-packages/airflow/example_dags/example_external_task_marker_dag.py
[2024-03-23T00:19:18.880+0000] {processor.py:830} INFO - Processing file /home/airflow/.local/lib/python3.8/site-packages/airflow/example_dags/example_external_task_marker_dag.py for tasks to queue
[2024-03-23T00:19:18.883+0000] {logging_mixin.py:188} INFO - [2024-03-23T00:19:18.882+0000] {dagbag.py:540} INFO - Filling up the DagBag from /home/airflow/.local/lib/python3.8/site-packages/airflow/example_dags/example_external_task_marker_dag.py
[2024-03-23T00:19:18.890+0000] {processor.py:840} INFO - DAG(s) 'example_external_task_marker_parent', 'example_external_task_marker_child' retrieved from /home/airflow/.local/lib/python3.8/site-packages/airflow/example_dags/example_external_task_marker_dag.py
[2024-03-23T00:19:18.917+0000] {logging_mixin.py:188} INFO - [2024-03-23T00:19:18.916+0000] {dag.py:3047} INFO - Sync 2 DAGs
[2024-03-23T00:19:18.931+0000] {logging_mixin.py:188} INFO - [2024-03-23T00:19:18.931+0000] {dag.py:3834} INFO - Setting next_dagrun for example_external_task_marker_child to None, run_after=None
[2024-03-23T00:19:18.935+0000] {logging_mixin.py:188} INFO - [2024-03-23T00:19:18.935+0000] {dag.py:3834} INFO - Setting next_dagrun for example_external_task_marker_parent to None, run_after=None
[2024-03-23T00:19:18.953+0000] {processor.py:183} INFO - Processing /home/airflow/.local/lib/python3.8/site-packages/airflow/example_dags/example_external_task_marker_dag.py took 0.078 seconds
[2024-03-23T00:19:49.440+0000] {processor.py:161} INFO - Started process (PID=1812) to work on /home/airflow/.local/lib/python3.8/site-packages/airflow/example_dags/example_external_task_marker_dag.py
[2024-03-23T00:19:49.441+0000] {processor.py:830} INFO - Processing file /home/airflow/.local/lib/python3.8/site-packages/airflow/example_dags/example_external_task_marker_dag.py for tasks to queue
[2024-03-23T00:19:49.444+0000] {logging_mixin.py:188} INFO - [2024-03-23T00:19:49.443+0000] {dagbag.py:540} INFO - Filling up the DagBag from /home/airflow/.local/lib/python3.8/site-packages/airflow/example_dags/example_external_task_marker_dag.py
[2024-03-23T00:19:49.451+0000] {processor.py:840} INFO - DAG(s) 'example_external_task_marker_parent', 'example_external_task_marker_child' retrieved from /home/airflow/.local/lib/python3.8/site-packages/airflow/example_dags/example_external_task_marker_dag.py
[2024-03-23T00:19:49.480+0000] {logging_mixin.py:188} INFO - [2024-03-23T00:19:49.480+0000] {dag.py:3047} INFO - Sync 2 DAGs
[2024-03-23T00:19:49.496+0000] {logging_mixin.py:188} INFO - [2024-03-23T00:19:49.496+0000] {dag.py:3834} INFO - Setting next_dagrun for example_external_task_marker_child to None, run_after=None
[2024-03-23T00:19:49.501+0000] {logging_mixin.py:188} INFO - [2024-03-23T00:19:49.501+0000] {dag.py:3834} INFO - Setting next_dagrun for example_external_task_marker_parent to None, run_after=None
[2024-03-23T00:19:49.531+0000] {processor.py:183} INFO - Processing /home/airflow/.local/lib/python3.8/site-packages/airflow/example_dags/example_external_task_marker_dag.py took 0.095 seconds
[2024-03-23T00:20:20.074+0000] {processor.py:161} INFO - Started process (PID=1873) to work on /home/airflow/.local/lib/python3.8/site-packages/airflow/example_dags/example_external_task_marker_dag.py
[2024-03-23T00:20:20.075+0000] {processor.py:830} INFO - Processing file /home/airflow/.local/lib/python3.8/site-packages/airflow/example_dags/example_external_task_marker_dag.py for tasks to queue
[2024-03-23T00:20:20.077+0000] {logging_mixin.py:188} INFO - [2024-03-23T00:20:20.077+0000] {dagbag.py:540} INFO - Filling up the DagBag from /home/airflow/.local/lib/python3.8/site-packages/airflow/example_dags/example_external_task_marker_dag.py
[2024-03-23T00:20:20.087+0000] {processor.py:840} INFO - DAG(s) 'example_external_task_marker_parent', 'example_external_task_marker_child' retrieved from /home/airflow/.local/lib/python3.8/site-packages/airflow/example_dags/example_external_task_marker_dag.py
[2024-03-23T00:20:20.117+0000] {logging_mixin.py:188} INFO - [2024-03-23T00:20:20.116+0000] {dag.py:3047} INFO - Sync 2 DAGs
[2024-03-23T00:20:20.132+0000] {logging_mixin.py:188} INFO - [2024-03-23T00:20:20.132+0000] {dag.py:3834} INFO - Setting next_dagrun for example_external_task_marker_child to None, run_after=None
[2024-03-23T00:20:20.136+0000] {logging_mixin.py:188} INFO - [2024-03-23T00:20:20.136+0000] {dag.py:3834} INFO - Setting next_dagrun for example_external_task_marker_parent to None, run_after=None
[2024-03-23T00:20:20.155+0000] {processor.py:183} INFO - Processing /home/airflow/.local/lib/python3.8/site-packages/airflow/example_dags/example_external_task_marker_dag.py took 0.085 seconds
[2024-03-23T00:20:50.503+0000] {processor.py:161} INFO - Started process (PID=1928) to work on /home/airflow/.local/lib/python3.8/site-packages/airflow/example_dags/example_external_task_marker_dag.py
[2024-03-23T00:20:50.504+0000] {processor.py:830} INFO - Processing file /home/airflow/.local/lib/python3.8/site-packages/airflow/example_dags/example_external_task_marker_dag.py for tasks to queue
[2024-03-23T00:20:50.507+0000] {logging_mixin.py:188} INFO - [2024-03-23T00:20:50.506+0000] {dagbag.py:540} INFO - Filling up the DagBag from /home/airflow/.local/lib/python3.8/site-packages/airflow/example_dags/example_external_task_marker_dag.py
[2024-03-23T00:20:50.516+0000] {processor.py:840} INFO - DAG(s) 'example_external_task_marker_parent', 'example_external_task_marker_child' retrieved from /home/airflow/.local/lib/python3.8/site-packages/airflow/example_dags/example_external_task_marker_dag.py
[2024-03-23T00:20:50.554+0000] {logging_mixin.py:188} INFO - [2024-03-23T00:20:50.554+0000] {dag.py:3047} INFO - Sync 2 DAGs
[2024-03-23T00:20:50.570+0000] {logging_mixin.py:188} INFO - [2024-03-23T00:20:50.570+0000] {dag.py:3834} INFO - Setting next_dagrun for example_external_task_marker_child to None, run_after=None
[2024-03-23T00:20:50.574+0000] {logging_mixin.py:188} INFO - [2024-03-23T00:20:50.574+0000] {dag.py:3834} INFO - Setting next_dagrun for example_external_task_marker_parent to None, run_after=None
[2024-03-23T00:20:50.592+0000] {processor.py:183} INFO - Processing /home/airflow/.local/lib/python3.8/site-packages/airflow/example_dags/example_external_task_marker_dag.py took 0.094 seconds
[2024-03-23T00:21:20.633+0000] {processor.py:161} INFO - Started process (PID=1983) to work on /home/airflow/.local/lib/python3.8/site-packages/airflow/example_dags/example_external_task_marker_dag.py
[2024-03-23T00:21:20.635+0000] {processor.py:830} INFO - Processing file /home/airflow/.local/lib/python3.8/site-packages/airflow/example_dags/example_external_task_marker_dag.py for tasks to queue
[2024-03-23T00:21:20.637+0000] {logging_mixin.py:188} INFO - [2024-03-23T00:21:20.636+0000] {dagbag.py:540} INFO - Filling up the DagBag from /home/airflow/.local/lib/python3.8/site-packages/airflow/example_dags/example_external_task_marker_dag.py
[2024-03-23T00:21:20.644+0000] {processor.py:840} INFO - DAG(s) 'example_external_task_marker_parent', 'example_external_task_marker_child' retrieved from /home/airflow/.local/lib/python3.8/site-packages/airflow/example_dags/example_external_task_marker_dag.py
[2024-03-23T00:21:20.672+0000] {logging_mixin.py:188} INFO - [2024-03-23T00:21:20.672+0000] {dag.py:3047} INFO - Sync 2 DAGs
[2024-03-23T00:21:20.687+0000] {logging_mixin.py:188} INFO - [2024-03-23T00:21:20.687+0000] {dag.py:3834} INFO - Setting next_dagrun for example_external_task_marker_child to None, run_after=None
[2024-03-23T00:21:20.692+0000] {logging_mixin.py:188} INFO - [2024-03-23T00:21:20.691+0000] {dag.py:3834} INFO - Setting next_dagrun for example_external_task_marker_parent to None, run_after=None
[2024-03-23T00:21:20.710+0000] {processor.py:183} INFO - Processing /home/airflow/.local/lib/python3.8/site-packages/airflow/example_dags/example_external_task_marker_dag.py took 0.080 seconds
[2024-03-23T00:21:50.953+0000] {processor.py:161} INFO - Started process (PID=2038) to work on /home/airflow/.local/lib/python3.8/site-packages/airflow/example_dags/example_external_task_marker_dag.py
[2024-03-23T00:21:50.954+0000] {processor.py:830} INFO - Processing file /home/airflow/.local/lib/python3.8/site-packages/airflow/example_dags/example_external_task_marker_dag.py for tasks to queue
[2024-03-23T00:21:50.956+0000] {logging_mixin.py:188} INFO - [2024-03-23T00:21:50.956+0000] {dagbag.py:540} INFO - Filling up the DagBag from /home/airflow/.local/lib/python3.8/site-packages/airflow/example_dags/example_external_task_marker_dag.py
[2024-03-23T00:21:50.963+0000] {processor.py:840} INFO - DAG(s) 'example_external_task_marker_child', 'example_external_task_marker_parent' retrieved from /home/airflow/.local/lib/python3.8/site-packages/airflow/example_dags/example_external_task_marker_dag.py
[2024-03-23T00:21:50.990+0000] {logging_mixin.py:188} INFO - [2024-03-23T00:21:50.990+0000] {dag.py:3047} INFO - Sync 2 DAGs
[2024-03-23T00:21:51.005+0000] {logging_mixin.py:188} INFO - [2024-03-23T00:21:51.005+0000] {dag.py:3834} INFO - Setting next_dagrun for example_external_task_marker_child to None, run_after=None
[2024-03-23T00:21:51.011+0000] {logging_mixin.py:188} INFO - [2024-03-23T00:21:51.010+0000] {dag.py:3834} INFO - Setting next_dagrun for example_external_task_marker_parent to None, run_after=None
[2024-03-23T00:21:51.030+0000] {processor.py:183} INFO - Processing /home/airflow/.local/lib/python3.8/site-packages/airflow/example_dags/example_external_task_marker_dag.py took 0.081 seconds
[2024-03-23T00:22:21.450+0000] {processor.py:161} INFO - Started process (PID=2093) to work on /home/airflow/.local/lib/python3.8/site-packages/airflow/example_dags/example_external_task_marker_dag.py
[2024-03-23T00:22:21.452+0000] {processor.py:830} INFO - Processing file /home/airflow/.local/lib/python3.8/site-packages/airflow/example_dags/example_external_task_marker_dag.py for tasks to queue
[2024-03-23T00:22:21.455+0000] {logging_mixin.py:188} INFO - [2024-03-23T00:22:21.454+0000] {dagbag.py:540} INFO - Filling up the DagBag from /home/airflow/.local/lib/python3.8/site-packages/airflow/example_dags/example_external_task_marker_dag.py
[2024-03-23T00:22:21.464+0000] {processor.py:840} INFO - DAG(s) 'example_external_task_marker_parent', 'example_external_task_marker_child' retrieved from /home/airflow/.local/lib/python3.8/site-packages/airflow/example_dags/example_external_task_marker_dag.py
[2024-03-23T00:22:21.502+0000] {logging_mixin.py:188} INFO - [2024-03-23T00:22:21.502+0000] {dag.py:3047} INFO - Sync 2 DAGs
[2024-03-23T00:22:21.523+0000] {logging_mixin.py:188} INFO - [2024-03-23T00:22:21.522+0000] {dag.py:3834} INFO - Setting next_dagrun for example_external_task_marker_child to None, run_after=None
[2024-03-23T00:22:21.530+0000] {logging_mixin.py:188} INFO - [2024-03-23T00:22:21.529+0000] {dag.py:3834} INFO - Setting next_dagrun for example_external_task_marker_parent to None, run_after=None
[2024-03-23T00:22:21.557+0000] {processor.py:183} INFO - Processing /home/airflow/.local/lib/python3.8/site-packages/airflow/example_dags/example_external_task_marker_dag.py took 0.111 seconds
[2024-03-23T00:22:51.831+0000] {processor.py:161} INFO - Started process (PID=2148) to work on /home/airflow/.local/lib/python3.8/site-packages/airflow/example_dags/example_external_task_marker_dag.py
[2024-03-23T00:22:51.832+0000] {processor.py:830} INFO - Processing file /home/airflow/.local/lib/python3.8/site-packages/airflow/example_dags/example_external_task_marker_dag.py for tasks to queue
[2024-03-23T00:22:51.834+0000] {logging_mixin.py:188} INFO - [2024-03-23T00:22:51.834+0000] {dagbag.py:540} INFO - Filling up the DagBag from /home/airflow/.local/lib/python3.8/site-packages/airflow/example_dags/example_external_task_marker_dag.py
[2024-03-23T00:22:51.841+0000] {processor.py:840} INFO - DAG(s) 'example_external_task_marker_parent', 'example_external_task_marker_child' retrieved from /home/airflow/.local/lib/python3.8/site-packages/airflow/example_dags/example_external_task_marker_dag.py
[2024-03-23T00:22:51.868+0000] {logging_mixin.py:188} INFO - [2024-03-23T00:22:51.868+0000] {dag.py:3047} INFO - Sync 2 DAGs
[2024-03-23T00:22:51.883+0000] {logging_mixin.py:188} INFO - [2024-03-23T00:22:51.883+0000] {dag.py:3834} INFO - Setting next_dagrun for example_external_task_marker_child to None, run_after=None
[2024-03-23T00:22:51.888+0000] {logging_mixin.py:188} INFO - [2024-03-23T00:22:51.887+0000] {dag.py:3834} INFO - Setting next_dagrun for example_external_task_marker_parent to None, run_after=None
[2024-03-23T00:22:51.905+0000] {processor.py:183} INFO - Processing /home/airflow/.local/lib/python3.8/site-packages/airflow/example_dags/example_external_task_marker_dag.py took 0.079 seconds
[2024-03-23T00:23:22.099+0000] {processor.py:161} INFO - Started process (PID=2203) to work on /home/airflow/.local/lib/python3.8/site-packages/airflow/example_dags/example_external_task_marker_dag.py
[2024-03-23T00:23:22.101+0000] {processor.py:830} INFO - Processing file /home/airflow/.local/lib/python3.8/site-packages/airflow/example_dags/example_external_task_marker_dag.py for tasks to queue
[2024-03-23T00:23:22.103+0000] {logging_mixin.py:188} INFO - [2024-03-23T00:23:22.102+0000] {dagbag.py:540} INFO - Filling up the DagBag from /home/airflow/.local/lib/python3.8/site-packages/airflow/example_dags/example_external_task_marker_dag.py
[2024-03-23T00:23:22.110+0000] {processor.py:840} INFO - DAG(s) 'example_external_task_marker_parent', 'example_external_task_marker_child' retrieved from /home/airflow/.local/lib/python3.8/site-packages/airflow/example_dags/example_external_task_marker_dag.py
[2024-03-23T00:23:22.140+0000] {logging_mixin.py:188} INFO - [2024-03-23T00:23:22.139+0000] {dag.py:3047} INFO - Sync 2 DAGs
[2024-03-23T00:23:22.156+0000] {logging_mixin.py:188} INFO - [2024-03-23T00:23:22.156+0000] {dag.py:3834} INFO - Setting next_dagrun for example_external_task_marker_child to None, run_after=None
[2024-03-23T00:23:22.161+0000] {logging_mixin.py:188} INFO - [2024-03-23T00:23:22.161+0000] {dag.py:3834} INFO - Setting next_dagrun for example_external_task_marker_parent to None, run_after=None
[2024-03-23T00:23:22.179+0000] {processor.py:183} INFO - Processing /home/airflow/.local/lib/python3.8/site-packages/airflow/example_dags/example_external_task_marker_dag.py took 0.084 seconds
[2024-03-23T00:23:52.956+0000] {processor.py:161} INFO - Started process (PID=2256) to work on /home/airflow/.local/lib/python3.8/site-packages/airflow/example_dags/example_external_task_marker_dag.py
[2024-03-23T00:23:52.957+0000] {processor.py:830} INFO - Processing file /home/airflow/.local/lib/python3.8/site-packages/airflow/example_dags/example_external_task_marker_dag.py for tasks to queue
[2024-03-23T00:23:52.959+0000] {logging_mixin.py:188} INFO - [2024-03-23T00:23:52.959+0000] {dagbag.py:540} INFO - Filling up the DagBag from /home/airflow/.local/lib/python3.8/site-packages/airflow/example_dags/example_external_task_marker_dag.py
[2024-03-23T00:23:52.967+0000] {processor.py:840} INFO - DAG(s) 'example_external_task_marker_parent', 'example_external_task_marker_child' retrieved from /home/airflow/.local/lib/python3.8/site-packages/airflow/example_dags/example_external_task_marker_dag.py
[2024-03-23T00:23:52.995+0000] {logging_mixin.py:188} INFO - [2024-03-23T00:23:52.995+0000] {dag.py:3047} INFO - Sync 2 DAGs
[2024-03-23T00:23:53.012+0000] {logging_mixin.py:188} INFO - [2024-03-23T00:23:53.011+0000] {dag.py:3834} INFO - Setting next_dagrun for example_external_task_marker_child to None, run_after=None
[2024-03-23T00:23:53.017+0000] {logging_mixin.py:188} INFO - [2024-03-23T00:23:53.017+0000] {dag.py:3834} INFO - Setting next_dagrun for example_external_task_marker_parent to None, run_after=None
[2024-03-23T00:23:53.035+0000] {processor.py:183} INFO - Processing /home/airflow/.local/lib/python3.8/site-packages/airflow/example_dags/example_external_task_marker_dag.py took 0.084 seconds
[2024-03-23T00:24:23.253+0000] {processor.py:161} INFO - Started process (PID=2311) to work on /home/airflow/.local/lib/python3.8/site-packages/airflow/example_dags/example_external_task_marker_dag.py
[2024-03-23T00:24:23.254+0000] {processor.py:830} INFO - Processing file /home/airflow/.local/lib/python3.8/site-packages/airflow/example_dags/example_external_task_marker_dag.py for tasks to queue
[2024-03-23T00:24:23.256+0000] {logging_mixin.py:188} INFO - [2024-03-23T00:24:23.256+0000] {dagbag.py:540} INFO - Filling up the DagBag from /home/airflow/.local/lib/python3.8/site-packages/airflow/example_dags/example_external_task_marker_dag.py
[2024-03-23T00:24:23.263+0000] {processor.py:840} INFO - DAG(s) 'example_external_task_marker_parent', 'example_external_task_marker_child' retrieved from /home/airflow/.local/lib/python3.8/site-packages/airflow/example_dags/example_external_task_marker_dag.py
[2024-03-23T00:24:23.292+0000] {logging_mixin.py:188} INFO - [2024-03-23T00:24:23.292+0000] {dag.py:3047} INFO - Sync 2 DAGs
[2024-03-23T00:24:23.308+0000] {logging_mixin.py:188} INFO - [2024-03-23T00:24:23.308+0000] {dag.py:3834} INFO - Setting next_dagrun for example_external_task_marker_child to None, run_after=None
[2024-03-23T00:24:23.313+0000] {logging_mixin.py:188} INFO - [2024-03-23T00:24:23.313+0000] {dag.py:3834} INFO - Setting next_dagrun for example_external_task_marker_parent to None, run_after=None
[2024-03-23T00:24:23.340+0000] {processor.py:183} INFO - Processing /home/airflow/.local/lib/python3.8/site-packages/airflow/example_dags/example_external_task_marker_dag.py took 0.092 seconds
[2024-03-23T00:24:53.546+0000] {processor.py:161} INFO - Started process (PID=2366) to work on /home/airflow/.local/lib/python3.8/site-packages/airflow/example_dags/example_external_task_marker_dag.py
[2024-03-23T00:24:53.547+0000] {processor.py:830} INFO - Processing file /home/airflow/.local/lib/python3.8/site-packages/airflow/example_dags/example_external_task_marker_dag.py for tasks to queue
[2024-03-23T00:24:53.550+0000] {logging_mixin.py:188} INFO - [2024-03-23T00:24:53.549+0000] {dagbag.py:540} INFO - Filling up the DagBag from /home/airflow/.local/lib/python3.8/site-packages/airflow/example_dags/example_external_task_marker_dag.py
[2024-03-23T00:24:53.557+0000] {processor.py:840} INFO - DAG(s) 'example_external_task_marker_parent', 'example_external_task_marker_child' retrieved from /home/airflow/.local/lib/python3.8/site-packages/airflow/example_dags/example_external_task_marker_dag.py
[2024-03-23T00:24:53.587+0000] {logging_mixin.py:188} INFO - [2024-03-23T00:24:53.587+0000] {dag.py:3047} INFO - Sync 2 DAGs
[2024-03-23T00:24:53.604+0000] {logging_mixin.py:188} INFO - [2024-03-23T00:24:53.603+0000] {dag.py:3834} INFO - Setting next_dagrun for example_external_task_marker_child to None, run_after=None
[2024-03-23T00:24:53.609+0000] {logging_mixin.py:188} INFO - [2024-03-23T00:24:53.609+0000] {dag.py:3834} INFO - Setting next_dagrun for example_external_task_marker_parent to None, run_after=None
[2024-03-23T00:24:53.628+0000] {processor.py:183} INFO - Processing /home/airflow/.local/lib/python3.8/site-packages/airflow/example_dags/example_external_task_marker_dag.py took 0.086 seconds
[2024-03-23T00:25:23.831+0000] {processor.py:161} INFO - Started process (PID=2421) to work on /home/airflow/.local/lib/python3.8/site-packages/airflow/example_dags/example_external_task_marker_dag.py
[2024-03-23T00:25:23.832+0000] {processor.py:830} INFO - Processing file /home/airflow/.local/lib/python3.8/site-packages/airflow/example_dags/example_external_task_marker_dag.py for tasks to queue
[2024-03-23T00:25:23.834+0000] {logging_mixin.py:188} INFO - [2024-03-23T00:25:23.834+0000] {dagbag.py:540} INFO - Filling up the DagBag from /home/airflow/.local/lib/python3.8/site-packages/airflow/example_dags/example_external_task_marker_dag.py
[2024-03-23T00:25:23.841+0000] {processor.py:840} INFO - DAG(s) 'example_external_task_marker_parent', 'example_external_task_marker_child' retrieved from /home/airflow/.local/lib/python3.8/site-packages/airflow/example_dags/example_external_task_marker_dag.py
[2024-03-23T00:25:23.869+0000] {logging_mixin.py:188} INFO - [2024-03-23T00:25:23.869+0000] {dag.py:3047} INFO - Sync 2 DAGs
[2024-03-23T00:25:23.884+0000] {logging_mixin.py:188} INFO - [2024-03-23T00:25:23.884+0000] {dag.py:3834} INFO - Setting next_dagrun for example_external_task_marker_child to None, run_after=None
[2024-03-23T00:25:23.888+0000] {logging_mixin.py:188} INFO - [2024-03-23T00:25:23.888+0000] {dag.py:3834} INFO - Setting next_dagrun for example_external_task_marker_parent to None, run_after=None
[2024-03-23T00:25:23.910+0000] {processor.py:183} INFO - Processing /home/airflow/.local/lib/python3.8/site-packages/airflow/example_dags/example_external_task_marker_dag.py took 0.083 seconds
[2024-03-23T00:25:54.117+0000] {processor.py:161} INFO - Started process (PID=2476) to work on /home/airflow/.local/lib/python3.8/site-packages/airflow/example_dags/example_external_task_marker_dag.py
[2024-03-23T00:25:54.118+0000] {processor.py:830} INFO - Processing file /home/airflow/.local/lib/python3.8/site-packages/airflow/example_dags/example_external_task_marker_dag.py for tasks to queue
[2024-03-23T00:25:54.121+0000] {logging_mixin.py:188} INFO - [2024-03-23T00:25:54.120+0000] {dagbag.py:540} INFO - Filling up the DagBag from /home/airflow/.local/lib/python3.8/site-packages/airflow/example_dags/example_external_task_marker_dag.py
[2024-03-23T00:25:54.128+0000] {processor.py:840} INFO - DAG(s) 'example_external_task_marker_parent', 'example_external_task_marker_child' retrieved from /home/airflow/.local/lib/python3.8/site-packages/airflow/example_dags/example_external_task_marker_dag.py
[2024-03-23T00:25:54.156+0000] {logging_mixin.py:188} INFO - [2024-03-23T00:25:54.156+0000] {dag.py:3047} INFO - Sync 2 DAGs
[2024-03-23T00:25:54.172+0000] {logging_mixin.py:188} INFO - [2024-03-23T00:25:54.171+0000] {dag.py:3834} INFO - Setting next_dagrun for example_external_task_marker_child to None, run_after=None
[2024-03-23T00:25:54.176+0000] {logging_mixin.py:188} INFO - [2024-03-23T00:25:54.176+0000] {dag.py:3834} INFO - Setting next_dagrun for example_external_task_marker_parent to None, run_after=None
[2024-03-23T00:25:54.194+0000] {processor.py:183} INFO - Processing /home/airflow/.local/lib/python3.8/site-packages/airflow/example_dags/example_external_task_marker_dag.py took 0.081 seconds
[2024-03-23T00:26:24.380+0000] {processor.py:161} INFO - Started process (PID=2531) to work on /home/airflow/.local/lib/python3.8/site-packages/airflow/example_dags/example_external_task_marker_dag.py
[2024-03-23T00:26:24.381+0000] {processor.py:830} INFO - Processing file /home/airflow/.local/lib/python3.8/site-packages/airflow/example_dags/example_external_task_marker_dag.py for tasks to queue
[2024-03-23T00:26:24.383+0000] {logging_mixin.py:188} INFO - [2024-03-23T00:26:24.383+0000] {dagbag.py:540} INFO - Filling up the DagBag from /home/airflow/.local/lib/python3.8/site-packages/airflow/example_dags/example_external_task_marker_dag.py
[2024-03-23T00:26:24.390+0000] {processor.py:840} INFO - DAG(s) 'example_external_task_marker_child', 'example_external_task_marker_parent' retrieved from /home/airflow/.local/lib/python3.8/site-packages/airflow/example_dags/example_external_task_marker_dag.py
[2024-03-23T00:26:24.419+0000] {logging_mixin.py:188} INFO - [2024-03-23T00:26:24.418+0000] {dag.py:3047} INFO - Sync 2 DAGs
[2024-03-23T00:26:24.435+0000] {logging_mixin.py:188} INFO - [2024-03-23T00:26:24.435+0000] {dag.py:3834} INFO - Setting next_dagrun for example_external_task_marker_child to None, run_after=None
[2024-03-23T00:26:24.440+0000] {logging_mixin.py:188} INFO - [2024-03-23T00:26:24.440+0000] {dag.py:3834} INFO - Setting next_dagrun for example_external_task_marker_parent to None, run_after=None
[2024-03-23T00:26:24.458+0000] {processor.py:183} INFO - Processing /home/airflow/.local/lib/python3.8/site-packages/airflow/example_dags/example_external_task_marker_dag.py took 0.081 seconds
