[2024-03-23T00:03:39.803+0000] {processor.py:161} INFO - Started process (PID=72) to work on /home/airflow/.local/lib/python3.8/site-packages/airflow/example_dags/example_bash_operator.py
[2024-03-23T00:03:39.805+0000] {processor.py:830} INFO - Processing file /home/airflow/.local/lib/python3.8/site-packages/airflow/example_dags/example_bash_operator.py for tasks to queue
[2024-03-23T00:03:39.807+0000] {logging_mixin.py:188} INFO - [2024-03-23T00:03:39.807+0000] {dagbag.py:540} INFO - Filling up the DagBag from /home/airflow/.local/lib/python3.8/site-packages/airflow/example_dags/example_bash_operator.py
[2024-03-23T00:03:39.835+0000] {processor.py:840} INFO - DAG(s) 'example_bash_operator' retrieved from /home/airflow/.local/lib/python3.8/site-packages/airflow/example_dags/example_bash_operator.py
[2024-03-23T00:03:39.899+0000] {logging_mixin.py:188} INFO - [2024-03-23T00:03:39.899+0000] {dag.py:3047} INFO - Sync 1 DAGs
[2024-03-23T00:03:39.946+0000] {logging_mixin.py:188} INFO - [2024-03-23T00:03:39.945+0000] {dag.py:3834} INFO - Setting next_dagrun for example_bash_operator to 2024-03-22 00:00:00+00:00, run_after=2024-03-23 00:00:00+00:00
[2024-03-23T00:03:39.987+0000] {processor.py:183} INFO - Processing /home/airflow/.local/lib/python3.8/site-packages/airflow/example_dags/example_bash_operator.py took 0.191 seconds
[2024-03-23T00:04:10.624+0000] {processor.py:161} INFO - Started process (PID=127) to work on /home/airflow/.local/lib/python3.8/site-packages/airflow/example_dags/example_bash_operator.py
[2024-03-23T00:04:10.625+0000] {processor.py:830} INFO - Processing file /home/airflow/.local/lib/python3.8/site-packages/airflow/example_dags/example_bash_operator.py for tasks to queue
[2024-03-23T00:04:10.627+0000] {logging_mixin.py:188} INFO - [2024-03-23T00:04:10.627+0000] {dagbag.py:540} INFO - Filling up the DagBag from /home/airflow/.local/lib/python3.8/site-packages/airflow/example_dags/example_bash_operator.py
[2024-03-23T00:04:10.642+0000] {processor.py:840} INFO - DAG(s) 'example_bash_operator' retrieved from /home/airflow/.local/lib/python3.8/site-packages/airflow/example_dags/example_bash_operator.py
[2024-03-23T00:04:10.679+0000] {logging_mixin.py:188} INFO - [2024-03-23T00:04:10.679+0000] {dag.py:3047} INFO - Sync 1 DAGs
[2024-03-23T00:04:10.706+0000] {logging_mixin.py:188} INFO - [2024-03-23T00:04:10.706+0000] {dag.py:3834} INFO - Setting next_dagrun for example_bash_operator to 2024-03-22 00:00:00+00:00, run_after=2024-03-23 00:00:00+00:00
[2024-03-23T00:04:10.726+0000] {processor.py:183} INFO - Processing /home/airflow/.local/lib/python3.8/site-packages/airflow/example_dags/example_bash_operator.py took 0.107 seconds
[2024-03-23T00:04:41.057+0000] {processor.py:161} INFO - Started process (PID=182) to work on /home/airflow/.local/lib/python3.8/site-packages/airflow/example_dags/example_bash_operator.py
[2024-03-23T00:04:41.059+0000] {processor.py:830} INFO - Processing file /home/airflow/.local/lib/python3.8/site-packages/airflow/example_dags/example_bash_operator.py for tasks to queue
[2024-03-23T00:04:41.061+0000] {logging_mixin.py:188} INFO - [2024-03-23T00:04:41.060+0000] {dagbag.py:540} INFO - Filling up the DagBag from /home/airflow/.local/lib/python3.8/site-packages/airflow/example_dags/example_bash_operator.py
[2024-03-23T00:04:41.075+0000] {processor.py:840} INFO - DAG(s) 'example_bash_operator' retrieved from /home/airflow/.local/lib/python3.8/site-packages/airflow/example_dags/example_bash_operator.py
[2024-03-23T00:04:41.111+0000] {logging_mixin.py:188} INFO - [2024-03-23T00:04:41.111+0000] {dag.py:3047} INFO - Sync 1 DAGs
[2024-03-23T00:04:41.138+0000] {logging_mixin.py:188} INFO - [2024-03-23T00:04:41.138+0000] {dag.py:3834} INFO - Setting next_dagrun for example_bash_operator to 2024-03-22 00:00:00+00:00, run_after=2024-03-23 00:00:00+00:00
[2024-03-23T00:04:41.158+0000] {processor.py:183} INFO - Processing /home/airflow/.local/lib/python3.8/site-packages/airflow/example_dags/example_bash_operator.py took 0.105 seconds
[2024-03-23T00:05:11.278+0000] {processor.py:161} INFO - Started process (PID=237) to work on /home/airflow/.local/lib/python3.8/site-packages/airflow/example_dags/example_bash_operator.py
[2024-03-23T00:05:11.279+0000] {processor.py:830} INFO - Processing file /home/airflow/.local/lib/python3.8/site-packages/airflow/example_dags/example_bash_operator.py for tasks to queue
[2024-03-23T00:05:11.281+0000] {logging_mixin.py:188} INFO - [2024-03-23T00:05:11.281+0000] {dagbag.py:540} INFO - Filling up the DagBag from /home/airflow/.local/lib/python3.8/site-packages/airflow/example_dags/example_bash_operator.py
[2024-03-23T00:05:11.295+0000] {processor.py:840} INFO - DAG(s) 'example_bash_operator' retrieved from /home/airflow/.local/lib/python3.8/site-packages/airflow/example_dags/example_bash_operator.py
[2024-03-23T00:05:11.331+0000] {logging_mixin.py:188} INFO - [2024-03-23T00:05:11.331+0000] {dag.py:3047} INFO - Sync 1 DAGs
[2024-03-23T00:05:11.362+0000] {logging_mixin.py:188} INFO - [2024-03-23T00:05:11.362+0000] {dag.py:3834} INFO - Setting next_dagrun for example_bash_operator to 2024-03-22 00:00:00+00:00, run_after=2024-03-23 00:00:00+00:00
[2024-03-23T00:05:11.386+0000] {processor.py:183} INFO - Processing /home/airflow/.local/lib/python3.8/site-packages/airflow/example_dags/example_bash_operator.py took 0.112 seconds
[2024-03-23T00:05:41.921+0000] {processor.py:161} INFO - Started process (PID=292) to work on /home/airflow/.local/lib/python3.8/site-packages/airflow/example_dags/example_bash_operator.py
[2024-03-23T00:05:41.922+0000] {processor.py:830} INFO - Processing file /home/airflow/.local/lib/python3.8/site-packages/airflow/example_dags/example_bash_operator.py for tasks to queue
[2024-03-23T00:05:41.924+0000] {logging_mixin.py:188} INFO - [2024-03-23T00:05:41.924+0000] {dagbag.py:540} INFO - Filling up the DagBag from /home/airflow/.local/lib/python3.8/site-packages/airflow/example_dags/example_bash_operator.py
[2024-03-23T00:05:41.938+0000] {processor.py:840} INFO - DAG(s) 'example_bash_operator' retrieved from /home/airflow/.local/lib/python3.8/site-packages/airflow/example_dags/example_bash_operator.py
[2024-03-23T00:05:41.974+0000] {logging_mixin.py:188} INFO - [2024-03-23T00:05:41.974+0000] {dag.py:3047} INFO - Sync 1 DAGs
[2024-03-23T00:05:42.001+0000] {logging_mixin.py:188} INFO - [2024-03-23T00:05:42.001+0000] {dag.py:3834} INFO - Setting next_dagrun for example_bash_operator to 2024-03-22 00:00:00+00:00, run_after=2024-03-23 00:00:00+00:00
[2024-03-23T00:05:42.021+0000] {processor.py:183} INFO - Processing /home/airflow/.local/lib/python3.8/site-packages/airflow/example_dags/example_bash_operator.py took 0.104 seconds
[2024-03-23T00:06:12.206+0000] {processor.py:161} INFO - Started process (PID=347) to work on /home/airflow/.local/lib/python3.8/site-packages/airflow/example_dags/example_bash_operator.py
[2024-03-23T00:06:12.207+0000] {processor.py:830} INFO - Processing file /home/airflow/.local/lib/python3.8/site-packages/airflow/example_dags/example_bash_operator.py for tasks to queue
[2024-03-23T00:06:12.209+0000] {logging_mixin.py:188} INFO - [2024-03-23T00:06:12.209+0000] {dagbag.py:540} INFO - Filling up the DagBag from /home/airflow/.local/lib/python3.8/site-packages/airflow/example_dags/example_bash_operator.py
[2024-03-23T00:06:12.230+0000] {processor.py:840} INFO - DAG(s) 'example_bash_operator' retrieved from /home/airflow/.local/lib/python3.8/site-packages/airflow/example_dags/example_bash_operator.py
[2024-03-23T00:06:12.275+0000] {logging_mixin.py:188} INFO - [2024-03-23T00:06:12.275+0000] {dag.py:3047} INFO - Sync 1 DAGs
[2024-03-23T00:06:12.323+0000] {logging_mixin.py:188} INFO - [2024-03-23T00:06:12.323+0000] {dag.py:3834} INFO - Setting next_dagrun for example_bash_operator to 2024-03-22 00:00:00+00:00, run_after=2024-03-23 00:00:00+00:00
[2024-03-23T00:06:12.351+0000] {processor.py:183} INFO - Processing /home/airflow/.local/lib/python3.8/site-packages/airflow/example_dags/example_bash_operator.py took 0.150 seconds
[2024-03-23T00:06:42.505+0000] {processor.py:161} INFO - Started process (PID=402) to work on /home/airflow/.local/lib/python3.8/site-packages/airflow/example_dags/example_bash_operator.py
[2024-03-23T00:06:42.506+0000] {processor.py:830} INFO - Processing file /home/airflow/.local/lib/python3.8/site-packages/airflow/example_dags/example_bash_operator.py for tasks to queue
[2024-03-23T00:06:42.508+0000] {logging_mixin.py:188} INFO - [2024-03-23T00:06:42.508+0000] {dagbag.py:540} INFO - Filling up the DagBag from /home/airflow/.local/lib/python3.8/site-packages/airflow/example_dags/example_bash_operator.py
[2024-03-23T00:06:42.522+0000] {processor.py:840} INFO - DAG(s) 'example_bash_operator' retrieved from /home/airflow/.local/lib/python3.8/site-packages/airflow/example_dags/example_bash_operator.py
[2024-03-23T00:06:42.558+0000] {logging_mixin.py:188} INFO - [2024-03-23T00:06:42.558+0000] {dag.py:3047} INFO - Sync 1 DAGs
[2024-03-23T00:06:42.585+0000] {logging_mixin.py:188} INFO - [2024-03-23T00:06:42.585+0000] {dag.py:3834} INFO - Setting next_dagrun for example_bash_operator to 2024-03-22 00:00:00+00:00, run_after=2024-03-23 00:00:00+00:00
[2024-03-23T00:06:42.604+0000] {processor.py:183} INFO - Processing /home/airflow/.local/lib/python3.8/site-packages/airflow/example_dags/example_bash_operator.py took 0.104 seconds
[2024-03-23T00:07:12.972+0000] {processor.py:161} INFO - Started process (PID=457) to work on /home/airflow/.local/lib/python3.8/site-packages/airflow/example_dags/example_bash_operator.py
[2024-03-23T00:07:12.974+0000] {processor.py:830} INFO - Processing file /home/airflow/.local/lib/python3.8/site-packages/airflow/example_dags/example_bash_operator.py for tasks to queue
[2024-03-23T00:07:12.976+0000] {logging_mixin.py:188} INFO - [2024-03-23T00:07:12.975+0000] {dagbag.py:540} INFO - Filling up the DagBag from /home/airflow/.local/lib/python3.8/site-packages/airflow/example_dags/example_bash_operator.py
[2024-03-23T00:07:12.990+0000] {processor.py:840} INFO - DAG(s) 'example_bash_operator' retrieved from /home/airflow/.local/lib/python3.8/site-packages/airflow/example_dags/example_bash_operator.py
[2024-03-23T00:07:13.030+0000] {logging_mixin.py:188} INFO - [2024-03-23T00:07:13.030+0000] {dag.py:3047} INFO - Sync 1 DAGs
[2024-03-23T00:07:13.059+0000] {logging_mixin.py:188} INFO - [2024-03-23T00:07:13.059+0000] {dag.py:3834} INFO - Setting next_dagrun for example_bash_operator to 2024-03-22 00:00:00+00:00, run_after=2024-03-23 00:00:00+00:00
[2024-03-23T00:07:13.079+0000] {processor.py:183} INFO - Processing /home/airflow/.local/lib/python3.8/site-packages/airflow/example_dags/example_bash_operator.py took 0.111 seconds
[2024-03-23T00:07:43.661+0000] {processor.py:161} INFO - Started process (PID=512) to work on /home/airflow/.local/lib/python3.8/site-packages/airflow/example_dags/example_bash_operator.py
[2024-03-23T00:07:43.664+0000] {processor.py:830} INFO - Processing file /home/airflow/.local/lib/python3.8/site-packages/airflow/example_dags/example_bash_operator.py for tasks to queue
[2024-03-23T00:07:43.667+0000] {logging_mixin.py:188} INFO - [2024-03-23T00:07:43.666+0000] {dagbag.py:540} INFO - Filling up the DagBag from /home/airflow/.local/lib/python3.8/site-packages/airflow/example_dags/example_bash_operator.py
[2024-03-23T00:07:43.685+0000] {processor.py:840} INFO - DAG(s) 'example_bash_operator' retrieved from /home/airflow/.local/lib/python3.8/site-packages/airflow/example_dags/example_bash_operator.py
[2024-03-23T00:07:43.732+0000] {logging_mixin.py:188} INFO - [2024-03-23T00:07:43.732+0000] {dag.py:3047} INFO - Sync 1 DAGs
[2024-03-23T00:07:43.762+0000] {logging_mixin.py:188} INFO - [2024-03-23T00:07:43.762+0000] {dag.py:3834} INFO - Setting next_dagrun for example_bash_operator to 2024-03-22 00:00:00+00:00, run_after=2024-03-23 00:00:00+00:00
[2024-03-23T00:07:43.787+0000] {processor.py:183} INFO - Processing /home/airflow/.local/lib/python3.8/site-packages/airflow/example_dags/example_bash_operator.py took 0.131 seconds
[2024-03-23T00:08:13.961+0000] {processor.py:161} INFO - Started process (PID=567) to work on /home/airflow/.local/lib/python3.8/site-packages/airflow/example_dags/example_bash_operator.py
[2024-03-23T00:08:13.962+0000] {processor.py:830} INFO - Processing file /home/airflow/.local/lib/python3.8/site-packages/airflow/example_dags/example_bash_operator.py for tasks to queue
[2024-03-23T00:08:13.964+0000] {logging_mixin.py:188} INFO - [2024-03-23T00:08:13.963+0000] {dagbag.py:540} INFO - Filling up the DagBag from /home/airflow/.local/lib/python3.8/site-packages/airflow/example_dags/example_bash_operator.py
[2024-03-23T00:08:13.978+0000] {processor.py:840} INFO - DAG(s) 'example_bash_operator' retrieved from /home/airflow/.local/lib/python3.8/site-packages/airflow/example_dags/example_bash_operator.py
[2024-03-23T00:08:14.016+0000] {logging_mixin.py:188} INFO - [2024-03-23T00:08:14.016+0000] {dag.py:3047} INFO - Sync 1 DAGs
[2024-03-23T00:08:14.053+0000] {logging_mixin.py:188} INFO - [2024-03-23T00:08:14.053+0000] {dag.py:3834} INFO - Setting next_dagrun for example_bash_operator to 2024-03-22 00:00:00+00:00, run_after=2024-03-23 00:00:00+00:00
[2024-03-23T00:08:14.076+0000] {processor.py:183} INFO - Processing /home/airflow/.local/lib/python3.8/site-packages/airflow/example_dags/example_bash_operator.py took 0.119 seconds
[2024-03-23T00:08:44.286+0000] {processor.py:161} INFO - Started process (PID=622) to work on /home/airflow/.local/lib/python3.8/site-packages/airflow/example_dags/example_bash_operator.py
[2024-03-23T00:08:44.288+0000] {processor.py:830} INFO - Processing file /home/airflow/.local/lib/python3.8/site-packages/airflow/example_dags/example_bash_operator.py for tasks to queue
[2024-03-23T00:08:44.290+0000] {logging_mixin.py:188} INFO - [2024-03-23T00:08:44.289+0000] {dagbag.py:540} INFO - Filling up the DagBag from /home/airflow/.local/lib/python3.8/site-packages/airflow/example_dags/example_bash_operator.py
[2024-03-23T00:08:44.304+0000] {processor.py:840} INFO - DAG(s) 'example_bash_operator' retrieved from /home/airflow/.local/lib/python3.8/site-packages/airflow/example_dags/example_bash_operator.py
[2024-03-23T00:08:44.339+0000] {logging_mixin.py:188} INFO - [2024-03-23T00:08:44.339+0000] {dag.py:3047} INFO - Sync 1 DAGs
[2024-03-23T00:08:44.364+0000] {logging_mixin.py:188} INFO - [2024-03-23T00:08:44.364+0000] {dag.py:3834} INFO - Setting next_dagrun for example_bash_operator to 2024-03-22 00:00:00+00:00, run_after=2024-03-23 00:00:00+00:00
[2024-03-23T00:08:44.383+0000] {processor.py:183} INFO - Processing /home/airflow/.local/lib/python3.8/site-packages/airflow/example_dags/example_bash_operator.py took 0.100 seconds
[2024-03-23T00:09:14.566+0000] {processor.py:161} INFO - Started process (PID=677) to work on /home/airflow/.local/lib/python3.8/site-packages/airflow/example_dags/example_bash_operator.py
[2024-03-23T00:09:14.567+0000] {processor.py:830} INFO - Processing file /home/airflow/.local/lib/python3.8/site-packages/airflow/example_dags/example_bash_operator.py for tasks to queue
[2024-03-23T00:09:14.570+0000] {logging_mixin.py:188} INFO - [2024-03-23T00:09:14.569+0000] {dagbag.py:540} INFO - Filling up the DagBag from /home/airflow/.local/lib/python3.8/site-packages/airflow/example_dags/example_bash_operator.py
[2024-03-23T00:09:14.584+0000] {processor.py:840} INFO - DAG(s) 'example_bash_operator' retrieved from /home/airflow/.local/lib/python3.8/site-packages/airflow/example_dags/example_bash_operator.py
[2024-03-23T00:09:14.621+0000] {logging_mixin.py:188} INFO - [2024-03-23T00:09:14.621+0000] {dag.py:3047} INFO - Sync 1 DAGs
[2024-03-23T00:09:14.648+0000] {logging_mixin.py:188} INFO - [2024-03-23T00:09:14.648+0000] {dag.py:3834} INFO - Setting next_dagrun for example_bash_operator to 2024-03-22 00:00:00+00:00, run_after=2024-03-23 00:00:00+00:00
[2024-03-23T00:09:14.676+0000] {processor.py:183} INFO - Processing /home/airflow/.local/lib/python3.8/site-packages/airflow/example_dags/example_bash_operator.py took 0.115 seconds
[2024-03-23T00:09:44.763+0000] {processor.py:161} INFO - Started process (PID=732) to work on /home/airflow/.local/lib/python3.8/site-packages/airflow/example_dags/example_bash_operator.py
[2024-03-23T00:09:44.764+0000] {processor.py:830} INFO - Processing file /home/airflow/.local/lib/python3.8/site-packages/airflow/example_dags/example_bash_operator.py for tasks to queue
[2024-03-23T00:09:44.766+0000] {logging_mixin.py:188} INFO - [2024-03-23T00:09:44.766+0000] {dagbag.py:540} INFO - Filling up the DagBag from /home/airflow/.local/lib/python3.8/site-packages/airflow/example_dags/example_bash_operator.py
[2024-03-23T00:09:44.780+0000] {processor.py:840} INFO - DAG(s) 'example_bash_operator' retrieved from /home/airflow/.local/lib/python3.8/site-packages/airflow/example_dags/example_bash_operator.py
[2024-03-23T00:09:44.816+0000] {logging_mixin.py:188} INFO - [2024-03-23T00:09:44.816+0000] {dag.py:3047} INFO - Sync 1 DAGs
[2024-03-23T00:09:44.844+0000] {logging_mixin.py:188} INFO - [2024-03-23T00:09:44.844+0000] {dag.py:3834} INFO - Setting next_dagrun for example_bash_operator to 2024-03-22 00:00:00+00:00, run_after=2024-03-23 00:00:00+00:00
[2024-03-23T00:09:44.866+0000] {processor.py:183} INFO - Processing /home/airflow/.local/lib/python3.8/site-packages/airflow/example_dags/example_bash_operator.py took 0.107 seconds
[2024-03-23T00:10:15.136+0000] {processor.py:161} INFO - Started process (PID=787) to work on /home/airflow/.local/lib/python3.8/site-packages/airflow/example_dags/example_bash_operator.py
[2024-03-23T00:10:15.138+0000] {processor.py:830} INFO - Processing file /home/airflow/.local/lib/python3.8/site-packages/airflow/example_dags/example_bash_operator.py for tasks to queue
[2024-03-23T00:10:15.140+0000] {logging_mixin.py:188} INFO - [2024-03-23T00:10:15.140+0000] {dagbag.py:540} INFO - Filling up the DagBag from /home/airflow/.local/lib/python3.8/site-packages/airflow/example_dags/example_bash_operator.py
[2024-03-23T00:10:15.156+0000] {processor.py:840} INFO - DAG(s) 'example_bash_operator' retrieved from /home/airflow/.local/lib/python3.8/site-packages/airflow/example_dags/example_bash_operator.py
[2024-03-23T00:10:15.194+0000] {logging_mixin.py:188} INFO - [2024-03-23T00:10:15.194+0000] {dag.py:3047} INFO - Sync 1 DAGs
[2024-03-23T00:10:15.227+0000] {logging_mixin.py:188} INFO - [2024-03-23T00:10:15.227+0000] {dag.py:3834} INFO - Setting next_dagrun for example_bash_operator to 2024-03-22 00:00:00+00:00, run_after=2024-03-23 00:00:00+00:00
[2024-03-23T00:10:15.250+0000] {processor.py:183} INFO - Processing /home/airflow/.local/lib/python3.8/site-packages/airflow/example_dags/example_bash_operator.py took 0.118 seconds
[2024-03-23T00:10:46.187+0000] {processor.py:161} INFO - Started process (PID=842) to work on /home/airflow/.local/lib/python3.8/site-packages/airflow/example_dags/example_bash_operator.py
[2024-03-23T00:10:46.188+0000] {processor.py:830} INFO - Processing file /home/airflow/.local/lib/python3.8/site-packages/airflow/example_dags/example_bash_operator.py for tasks to queue
[2024-03-23T00:10:46.190+0000] {logging_mixin.py:188} INFO - [2024-03-23T00:10:46.190+0000] {dagbag.py:540} INFO - Filling up the DagBag from /home/airflow/.local/lib/python3.8/site-packages/airflow/example_dags/example_bash_operator.py
[2024-03-23T00:10:46.204+0000] {processor.py:840} INFO - DAG(s) 'example_bash_operator' retrieved from /home/airflow/.local/lib/python3.8/site-packages/airflow/example_dags/example_bash_operator.py
[2024-03-23T00:10:46.240+0000] {logging_mixin.py:188} INFO - [2024-03-23T00:10:46.239+0000] {dag.py:3047} INFO - Sync 1 DAGs
[2024-03-23T00:10:46.267+0000] {logging_mixin.py:188} INFO - [2024-03-23T00:10:46.267+0000] {dag.py:3834} INFO - Setting next_dagrun for example_bash_operator to 2024-03-22 00:00:00+00:00, run_after=2024-03-23 00:00:00+00:00
[2024-03-23T00:10:46.289+0000] {processor.py:183} INFO - Processing /home/airflow/.local/lib/python3.8/site-packages/airflow/example_dags/example_bash_operator.py took 0.106 seconds
[2024-03-23T00:11:16.532+0000] {processor.py:161} INFO - Started process (PID=897) to work on /home/airflow/.local/lib/python3.8/site-packages/airflow/example_dags/example_bash_operator.py
[2024-03-23T00:11:16.533+0000] {processor.py:830} INFO - Processing file /home/airflow/.local/lib/python3.8/site-packages/airflow/example_dags/example_bash_operator.py for tasks to queue
[2024-03-23T00:11:16.535+0000] {logging_mixin.py:188} INFO - [2024-03-23T00:11:16.535+0000] {dagbag.py:540} INFO - Filling up the DagBag from /home/airflow/.local/lib/python3.8/site-packages/airflow/example_dags/example_bash_operator.py
[2024-03-23T00:11:16.550+0000] {processor.py:840} INFO - DAG(s) 'example_bash_operator' retrieved from /home/airflow/.local/lib/python3.8/site-packages/airflow/example_dags/example_bash_operator.py
[2024-03-23T00:11:16.586+0000] {logging_mixin.py:188} INFO - [2024-03-23T00:11:16.585+0000] {dag.py:3047} INFO - Sync 1 DAGs
[2024-03-23T00:11:16.612+0000] {logging_mixin.py:188} INFO - [2024-03-23T00:11:16.612+0000] {dag.py:3834} INFO - Setting next_dagrun for example_bash_operator to 2024-03-22 00:00:00+00:00, run_after=2024-03-23 00:00:00+00:00
[2024-03-23T00:11:16.632+0000] {processor.py:183} INFO - Processing /home/airflow/.local/lib/python3.8/site-packages/airflow/example_dags/example_bash_operator.py took 0.105 seconds
[2024-03-23T00:11:46.950+0000] {processor.py:161} INFO - Started process (PID=952) to work on /home/airflow/.local/lib/python3.8/site-packages/airflow/example_dags/example_bash_operator.py
[2024-03-23T00:11:46.951+0000] {processor.py:830} INFO - Processing file /home/airflow/.local/lib/python3.8/site-packages/airflow/example_dags/example_bash_operator.py for tasks to queue
[2024-03-23T00:11:46.953+0000] {logging_mixin.py:188} INFO - [2024-03-23T00:11:46.953+0000] {dagbag.py:540} INFO - Filling up the DagBag from /home/airflow/.local/lib/python3.8/site-packages/airflow/example_dags/example_bash_operator.py
[2024-03-23T00:11:46.967+0000] {processor.py:840} INFO - DAG(s) 'example_bash_operator' retrieved from /home/airflow/.local/lib/python3.8/site-packages/airflow/example_dags/example_bash_operator.py
[2024-03-23T00:11:47.003+0000] {logging_mixin.py:188} INFO - [2024-03-23T00:11:47.002+0000] {dag.py:3047} INFO - Sync 1 DAGs
[2024-03-23T00:11:47.030+0000] {logging_mixin.py:188} INFO - [2024-03-23T00:11:47.029+0000] {dag.py:3834} INFO - Setting next_dagrun for example_bash_operator to 2024-03-22 00:00:00+00:00, run_after=2024-03-23 00:00:00+00:00
[2024-03-23T00:11:47.049+0000] {processor.py:183} INFO - Processing /home/airflow/.local/lib/python3.8/site-packages/airflow/example_dags/example_bash_operator.py took 0.103 seconds
[2024-03-23T00:12:17.306+0000] {processor.py:161} INFO - Started process (PID=1007) to work on /home/airflow/.local/lib/python3.8/site-packages/airflow/example_dags/example_bash_operator.py
[2024-03-23T00:12:17.307+0000] {processor.py:830} INFO - Processing file /home/airflow/.local/lib/python3.8/site-packages/airflow/example_dags/example_bash_operator.py for tasks to queue
[2024-03-23T00:12:17.309+0000] {logging_mixin.py:188} INFO - [2024-03-23T00:12:17.309+0000] {dagbag.py:540} INFO - Filling up the DagBag from /home/airflow/.local/lib/python3.8/site-packages/airflow/example_dags/example_bash_operator.py
[2024-03-23T00:12:17.324+0000] {processor.py:840} INFO - DAG(s) 'example_bash_operator' retrieved from /home/airflow/.local/lib/python3.8/site-packages/airflow/example_dags/example_bash_operator.py
[2024-03-23T00:12:17.360+0000] {logging_mixin.py:188} INFO - [2024-03-23T00:12:17.360+0000] {dag.py:3047} INFO - Sync 1 DAGs
[2024-03-23T00:12:17.386+0000] {logging_mixin.py:188} INFO - [2024-03-23T00:12:17.386+0000] {dag.py:3834} INFO - Setting next_dagrun for example_bash_operator to 2024-03-22 00:00:00+00:00, run_after=2024-03-23 00:00:00+00:00
[2024-03-23T00:12:17.405+0000] {processor.py:183} INFO - Processing /home/airflow/.local/lib/python3.8/site-packages/airflow/example_dags/example_bash_operator.py took 0.103 seconds
[2024-03-23T00:12:47.790+0000] {processor.py:161} INFO - Started process (PID=1062) to work on /home/airflow/.local/lib/python3.8/site-packages/airflow/example_dags/example_bash_operator.py
[2024-03-23T00:12:47.791+0000] {processor.py:830} INFO - Processing file /home/airflow/.local/lib/python3.8/site-packages/airflow/example_dags/example_bash_operator.py for tasks to queue
[2024-03-23T00:12:47.793+0000] {logging_mixin.py:188} INFO - [2024-03-23T00:12:47.793+0000] {dagbag.py:540} INFO - Filling up the DagBag from /home/airflow/.local/lib/python3.8/site-packages/airflow/example_dags/example_bash_operator.py
[2024-03-23T00:12:47.808+0000] {processor.py:840} INFO - DAG(s) 'example_bash_operator' retrieved from /home/airflow/.local/lib/python3.8/site-packages/airflow/example_dags/example_bash_operator.py
[2024-03-23T00:12:47.847+0000] {logging_mixin.py:188} INFO - [2024-03-23T00:12:47.846+0000] {dag.py:3047} INFO - Sync 1 DAGs
[2024-03-23T00:12:47.876+0000] {logging_mixin.py:188} INFO - [2024-03-23T00:12:47.876+0000] {dag.py:3834} INFO - Setting next_dagrun for example_bash_operator to 2024-03-22 00:00:00+00:00, run_after=2024-03-23 00:00:00+00:00
[2024-03-23T00:12:47.895+0000] {processor.py:183} INFO - Processing /home/airflow/.local/lib/python3.8/site-packages/airflow/example_dags/example_bash_operator.py took 0.109 seconds
[2024-03-23T00:13:18.194+0000] {processor.py:161} INFO - Started process (PID=1117) to work on /home/airflow/.local/lib/python3.8/site-packages/airflow/example_dags/example_bash_operator.py
[2024-03-23T00:13:18.196+0000] {processor.py:830} INFO - Processing file /home/airflow/.local/lib/python3.8/site-packages/airflow/example_dags/example_bash_operator.py for tasks to queue
[2024-03-23T00:13:18.199+0000] {logging_mixin.py:188} INFO - [2024-03-23T00:13:18.198+0000] {dagbag.py:540} INFO - Filling up the DagBag from /home/airflow/.local/lib/python3.8/site-packages/airflow/example_dags/example_bash_operator.py
[2024-03-23T00:13:18.215+0000] {processor.py:840} INFO - DAG(s) 'example_bash_operator' retrieved from /home/airflow/.local/lib/python3.8/site-packages/airflow/example_dags/example_bash_operator.py
[2024-03-23T00:13:18.254+0000] {logging_mixin.py:188} INFO - [2024-03-23T00:13:18.254+0000] {dag.py:3047} INFO - Sync 1 DAGs
[2024-03-23T00:13:18.282+0000] {logging_mixin.py:188} INFO - [2024-03-23T00:13:18.282+0000] {dag.py:3834} INFO - Setting next_dagrun for example_bash_operator to 2024-03-22 00:00:00+00:00, run_after=2024-03-23 00:00:00+00:00
[2024-03-23T00:13:18.301+0000] {processor.py:183} INFO - Processing /home/airflow/.local/lib/python3.8/site-packages/airflow/example_dags/example_bash_operator.py took 0.112 seconds
[2024-03-23T00:13:48.673+0000] {processor.py:161} INFO - Started process (PID=1172) to work on /home/airflow/.local/lib/python3.8/site-packages/airflow/example_dags/example_bash_operator.py
[2024-03-23T00:13:48.674+0000] {processor.py:830} INFO - Processing file /home/airflow/.local/lib/python3.8/site-packages/airflow/example_dags/example_bash_operator.py for tasks to queue
[2024-03-23T00:13:48.676+0000] {logging_mixin.py:188} INFO - [2024-03-23T00:13:48.676+0000] {dagbag.py:540} INFO - Filling up the DagBag from /home/airflow/.local/lib/python3.8/site-packages/airflow/example_dags/example_bash_operator.py
[2024-03-23T00:13:48.692+0000] {processor.py:840} INFO - DAG(s) 'example_bash_operator' retrieved from /home/airflow/.local/lib/python3.8/site-packages/airflow/example_dags/example_bash_operator.py
[2024-03-23T00:13:48.729+0000] {logging_mixin.py:188} INFO - [2024-03-23T00:13:48.729+0000] {dag.py:3047} INFO - Sync 1 DAGs
[2024-03-23T00:13:48.756+0000] {logging_mixin.py:188} INFO - [2024-03-23T00:13:48.755+0000] {dag.py:3834} INFO - Setting next_dagrun for example_bash_operator to 2024-03-22 00:00:00+00:00, run_after=2024-03-23 00:00:00+00:00
[2024-03-23T00:13:48.776+0000] {processor.py:183} INFO - Processing /home/airflow/.local/lib/python3.8/site-packages/airflow/example_dags/example_bash_operator.py took 0.108 seconds
[2024-03-23T00:14:19.242+0000] {processor.py:161} INFO - Started process (PID=1227) to work on /home/airflow/.local/lib/python3.8/site-packages/airflow/example_dags/example_bash_operator.py
[2024-03-23T00:14:19.243+0000] {processor.py:830} INFO - Processing file /home/airflow/.local/lib/python3.8/site-packages/airflow/example_dags/example_bash_operator.py for tasks to queue
[2024-03-23T00:14:19.245+0000] {logging_mixin.py:188} INFO - [2024-03-23T00:14:19.245+0000] {dagbag.py:540} INFO - Filling up the DagBag from /home/airflow/.local/lib/python3.8/site-packages/airflow/example_dags/example_bash_operator.py
[2024-03-23T00:14:19.260+0000] {processor.py:840} INFO - DAG(s) 'example_bash_operator' retrieved from /home/airflow/.local/lib/python3.8/site-packages/airflow/example_dags/example_bash_operator.py
[2024-03-23T00:14:19.298+0000] {logging_mixin.py:188} INFO - [2024-03-23T00:14:19.297+0000] {dag.py:3047} INFO - Sync 1 DAGs
[2024-03-23T00:14:19.328+0000] {logging_mixin.py:188} INFO - [2024-03-23T00:14:19.328+0000] {dag.py:3834} INFO - Setting next_dagrun for example_bash_operator to 2024-03-22 00:00:00+00:00, run_after=2024-03-23 00:00:00+00:00
[2024-03-23T00:14:19.348+0000] {processor.py:183} INFO - Processing /home/airflow/.local/lib/python3.8/site-packages/airflow/example_dags/example_bash_operator.py took 0.110 seconds
[2024-03-23T00:14:49.701+0000] {processor.py:161} INFO - Started process (PID=1288) to work on /home/airflow/.local/lib/python3.8/site-packages/airflow/example_dags/example_bash_operator.py
[2024-03-23T00:14:49.702+0000] {processor.py:830} INFO - Processing file /home/airflow/.local/lib/python3.8/site-packages/airflow/example_dags/example_bash_operator.py for tasks to queue
[2024-03-23T00:14:49.704+0000] {logging_mixin.py:188} INFO - [2024-03-23T00:14:49.704+0000] {dagbag.py:540} INFO - Filling up the DagBag from /home/airflow/.local/lib/python3.8/site-packages/airflow/example_dags/example_bash_operator.py
[2024-03-23T00:14:49.719+0000] {processor.py:840} INFO - DAG(s) 'example_bash_operator' retrieved from /home/airflow/.local/lib/python3.8/site-packages/airflow/example_dags/example_bash_operator.py
[2024-03-23T00:14:49.755+0000] {logging_mixin.py:188} INFO - [2024-03-23T00:14:49.755+0000] {dag.py:3047} INFO - Sync 1 DAGs
[2024-03-23T00:14:49.783+0000] {logging_mixin.py:188} INFO - [2024-03-23T00:14:49.783+0000] {dag.py:3834} INFO - Setting next_dagrun for example_bash_operator to 2024-03-22 00:00:00+00:00, run_after=2024-03-23 00:00:00+00:00
[2024-03-23T00:14:49.802+0000] {processor.py:183} INFO - Processing /home/airflow/.local/lib/python3.8/site-packages/airflow/example_dags/example_bash_operator.py took 0.106 seconds
[2024-03-23T00:15:19.970+0000] {processor.py:161} INFO - Started process (PID=1343) to work on /home/airflow/.local/lib/python3.8/site-packages/airflow/example_dags/example_bash_operator.py
[2024-03-23T00:15:19.971+0000] {processor.py:830} INFO - Processing file /home/airflow/.local/lib/python3.8/site-packages/airflow/example_dags/example_bash_operator.py for tasks to queue
[2024-03-23T00:15:19.974+0000] {logging_mixin.py:188} INFO - [2024-03-23T00:15:19.973+0000] {dagbag.py:540} INFO - Filling up the DagBag from /home/airflow/.local/lib/python3.8/site-packages/airflow/example_dags/example_bash_operator.py
[2024-03-23T00:15:19.989+0000] {processor.py:840} INFO - DAG(s) 'example_bash_operator' retrieved from /home/airflow/.local/lib/python3.8/site-packages/airflow/example_dags/example_bash_operator.py
[2024-03-23T00:15:20.029+0000] {logging_mixin.py:188} INFO - [2024-03-23T00:15:20.029+0000] {dag.py:3047} INFO - Sync 1 DAGs
[2024-03-23T00:15:20.059+0000] {logging_mixin.py:188} INFO - [2024-03-23T00:15:20.059+0000] {dag.py:3834} INFO - Setting next_dagrun for example_bash_operator to 2024-03-22 00:00:00+00:00, run_after=2024-03-23 00:00:00+00:00
[2024-03-23T00:15:20.080+0000] {processor.py:183} INFO - Processing /home/airflow/.local/lib/python3.8/site-packages/airflow/example_dags/example_bash_operator.py took 0.115 seconds
[2024-03-23T00:15:50.300+0000] {processor.py:161} INFO - Started process (PID=1398) to work on /home/airflow/.local/lib/python3.8/site-packages/airflow/example_dags/example_bash_operator.py
[2024-03-23T00:15:50.301+0000] {processor.py:830} INFO - Processing file /home/airflow/.local/lib/python3.8/site-packages/airflow/example_dags/example_bash_operator.py for tasks to queue
[2024-03-23T00:15:50.303+0000] {logging_mixin.py:188} INFO - [2024-03-23T00:15:50.303+0000] {dagbag.py:540} INFO - Filling up the DagBag from /home/airflow/.local/lib/python3.8/site-packages/airflow/example_dags/example_bash_operator.py
[2024-03-23T00:15:50.318+0000] {processor.py:840} INFO - DAG(s) 'example_bash_operator' retrieved from /home/airflow/.local/lib/python3.8/site-packages/airflow/example_dags/example_bash_operator.py
[2024-03-23T00:15:50.354+0000] {logging_mixin.py:188} INFO - [2024-03-23T00:15:50.354+0000] {dag.py:3047} INFO - Sync 1 DAGs
[2024-03-23T00:15:50.381+0000] {logging_mixin.py:188} INFO - [2024-03-23T00:15:50.381+0000] {dag.py:3834} INFO - Setting next_dagrun for example_bash_operator to 2024-03-22 00:00:00+00:00, run_after=2024-03-23 00:00:00+00:00
[2024-03-23T00:15:50.400+0000] {processor.py:183} INFO - Processing /home/airflow/.local/lib/python3.8/site-packages/airflow/example_dags/example_bash_operator.py took 0.104 seconds
[2024-03-23T00:16:20.640+0000] {processor.py:161} INFO - Started process (PID=1452) to work on /home/airflow/.local/lib/python3.8/site-packages/airflow/example_dags/example_bash_operator.py
[2024-03-23T00:16:20.642+0000] {processor.py:830} INFO - Processing file /home/airflow/.local/lib/python3.8/site-packages/airflow/example_dags/example_bash_operator.py for tasks to queue
[2024-03-23T00:16:20.644+0000] {logging_mixin.py:188} INFO - [2024-03-23T00:16:20.644+0000] {dagbag.py:540} INFO - Filling up the DagBag from /home/airflow/.local/lib/python3.8/site-packages/airflow/example_dags/example_bash_operator.py
[2024-03-23T00:16:20.658+0000] {processor.py:840} INFO - DAG(s) 'example_bash_operator' retrieved from /home/airflow/.local/lib/python3.8/site-packages/airflow/example_dags/example_bash_operator.py
[2024-03-23T00:16:20.696+0000] {logging_mixin.py:188} INFO - [2024-03-23T00:16:20.695+0000] {dag.py:3047} INFO - Sync 1 DAGs
[2024-03-23T00:16:20.725+0000] {logging_mixin.py:188} INFO - [2024-03-23T00:16:20.725+0000] {dag.py:3834} INFO - Setting next_dagrun for example_bash_operator to 2024-03-22 00:00:00+00:00, run_after=2024-03-23 00:00:00+00:00
[2024-03-23T00:16:20.746+0000] {processor.py:183} INFO - Processing /home/airflow/.local/lib/python3.8/site-packages/airflow/example_dags/example_bash_operator.py took 0.110 seconds
[2024-03-23T00:16:50.912+0000] {processor.py:161} INFO - Started process (PID=1507) to work on /home/airflow/.local/lib/python3.8/site-packages/airflow/example_dags/example_bash_operator.py
[2024-03-23T00:16:50.914+0000] {processor.py:830} INFO - Processing file /home/airflow/.local/lib/python3.8/site-packages/airflow/example_dags/example_bash_operator.py for tasks to queue
[2024-03-23T00:16:50.917+0000] {logging_mixin.py:188} INFO - [2024-03-23T00:16:50.916+0000] {dagbag.py:540} INFO - Filling up the DagBag from /home/airflow/.local/lib/python3.8/site-packages/airflow/example_dags/example_bash_operator.py
[2024-03-23T00:16:50.933+0000] {processor.py:840} INFO - DAG(s) 'example_bash_operator' retrieved from /home/airflow/.local/lib/python3.8/site-packages/airflow/example_dags/example_bash_operator.py
[2024-03-23T00:16:50.975+0000] {logging_mixin.py:188} INFO - [2024-03-23T00:16:50.975+0000] {dag.py:3047} INFO - Sync 1 DAGs
[2024-03-23T00:16:51.008+0000] {logging_mixin.py:188} INFO - [2024-03-23T00:16:51.008+0000] {dag.py:3834} INFO - Setting next_dagrun for example_bash_operator to 2024-03-22 00:00:00+00:00, run_after=2024-03-23 00:00:00+00:00
[2024-03-23T00:16:51.032+0000] {processor.py:183} INFO - Processing /home/airflow/.local/lib/python3.8/site-packages/airflow/example_dags/example_bash_operator.py took 0.124 seconds
[2024-03-23T00:17:21.222+0000] {processor.py:161} INFO - Started process (PID=1562) to work on /home/airflow/.local/lib/python3.8/site-packages/airflow/example_dags/example_bash_operator.py
[2024-03-23T00:17:21.224+0000] {processor.py:830} INFO - Processing file /home/airflow/.local/lib/python3.8/site-packages/airflow/example_dags/example_bash_operator.py for tasks to queue
[2024-03-23T00:17:21.226+0000] {logging_mixin.py:188} INFO - [2024-03-23T00:17:21.226+0000] {dagbag.py:540} INFO - Filling up the DagBag from /home/airflow/.local/lib/python3.8/site-packages/airflow/example_dags/example_bash_operator.py
[2024-03-23T00:17:21.241+0000] {processor.py:840} INFO - DAG(s) 'example_bash_operator' retrieved from /home/airflow/.local/lib/python3.8/site-packages/airflow/example_dags/example_bash_operator.py
[2024-03-23T00:17:21.278+0000] {logging_mixin.py:188} INFO - [2024-03-23T00:17:21.277+0000] {dag.py:3047} INFO - Sync 1 DAGs
[2024-03-23T00:17:21.305+0000] {logging_mixin.py:188} INFO - [2024-03-23T00:17:21.305+0000] {dag.py:3834} INFO - Setting next_dagrun for example_bash_operator to 2024-03-22 00:00:00+00:00, run_after=2024-03-23 00:00:00+00:00
[2024-03-23T00:17:21.325+0000] {processor.py:183} INFO - Processing /home/airflow/.local/lib/python3.8/site-packages/airflow/example_dags/example_bash_operator.py took 0.107 seconds
[2024-03-23T00:17:51.721+0000] {processor.py:161} INFO - Started process (PID=1617) to work on /home/airflow/.local/lib/python3.8/site-packages/airflow/example_dags/example_bash_operator.py
[2024-03-23T00:17:51.722+0000] {processor.py:830} INFO - Processing file /home/airflow/.local/lib/python3.8/site-packages/airflow/example_dags/example_bash_operator.py for tasks to queue
[2024-03-23T00:17:51.724+0000] {logging_mixin.py:188} INFO - [2024-03-23T00:17:51.724+0000] {dagbag.py:540} INFO - Filling up the DagBag from /home/airflow/.local/lib/python3.8/site-packages/airflow/example_dags/example_bash_operator.py
[2024-03-23T00:17:51.738+0000] {processor.py:840} INFO - DAG(s) 'example_bash_operator' retrieved from /home/airflow/.local/lib/python3.8/site-packages/airflow/example_dags/example_bash_operator.py
[2024-03-23T00:17:51.779+0000] {logging_mixin.py:188} INFO - [2024-03-23T00:17:51.778+0000] {dag.py:3047} INFO - Sync 1 DAGs
[2024-03-23T00:17:51.808+0000] {logging_mixin.py:188} INFO - [2024-03-23T00:17:51.808+0000] {dag.py:3834} INFO - Setting next_dagrun for example_bash_operator to 2024-03-22 00:00:00+00:00, run_after=2024-03-23 00:00:00+00:00
[2024-03-23T00:17:51.829+0000] {processor.py:183} INFO - Processing /home/airflow/.local/lib/python3.8/site-packages/airflow/example_dags/example_bash_operator.py took 0.112 seconds
[2024-03-23T00:18:22.096+0000] {processor.py:161} INFO - Started process (PID=1672) to work on /home/airflow/.local/lib/python3.8/site-packages/airflow/example_dags/example_bash_operator.py
[2024-03-23T00:18:22.097+0000] {processor.py:830} INFO - Processing file /home/airflow/.local/lib/python3.8/site-packages/airflow/example_dags/example_bash_operator.py for tasks to queue
[2024-03-23T00:18:22.099+0000] {logging_mixin.py:188} INFO - [2024-03-23T00:18:22.099+0000] {dagbag.py:540} INFO - Filling up the DagBag from /home/airflow/.local/lib/python3.8/site-packages/airflow/example_dags/example_bash_operator.py
[2024-03-23T00:18:22.114+0000] {processor.py:840} INFO - DAG(s) 'example_bash_operator' retrieved from /home/airflow/.local/lib/python3.8/site-packages/airflow/example_dags/example_bash_operator.py
[2024-03-23T00:18:22.150+0000] {logging_mixin.py:188} INFO - [2024-03-23T00:18:22.150+0000] {dag.py:3047} INFO - Sync 1 DAGs
[2024-03-23T00:18:22.178+0000] {logging_mixin.py:188} INFO - [2024-03-23T00:18:22.178+0000] {dag.py:3834} INFO - Setting next_dagrun for example_bash_operator to 2024-03-22 00:00:00+00:00, run_after=2024-03-23 00:00:00+00:00
[2024-03-23T00:18:22.198+0000] {processor.py:183} INFO - Processing /home/airflow/.local/lib/python3.8/site-packages/airflow/example_dags/example_bash_operator.py took 0.106 seconds
[2024-03-23T00:18:52.584+0000] {processor.py:161} INFO - Started process (PID=1727) to work on /home/airflow/.local/lib/python3.8/site-packages/airflow/example_dags/example_bash_operator.py
[2024-03-23T00:18:52.585+0000] {processor.py:830} INFO - Processing file /home/airflow/.local/lib/python3.8/site-packages/airflow/example_dags/example_bash_operator.py for tasks to queue
[2024-03-23T00:18:52.587+0000] {logging_mixin.py:188} INFO - [2024-03-23T00:18:52.587+0000] {dagbag.py:540} INFO - Filling up the DagBag from /home/airflow/.local/lib/python3.8/site-packages/airflow/example_dags/example_bash_operator.py
[2024-03-23T00:18:52.601+0000] {processor.py:840} INFO - DAG(s) 'example_bash_operator' retrieved from /home/airflow/.local/lib/python3.8/site-packages/airflow/example_dags/example_bash_operator.py
[2024-03-23T00:18:52.637+0000] {logging_mixin.py:188} INFO - [2024-03-23T00:18:52.637+0000] {dag.py:3047} INFO - Sync 1 DAGs
[2024-03-23T00:18:52.665+0000] {logging_mixin.py:188} INFO - [2024-03-23T00:18:52.664+0000] {dag.py:3834} INFO - Setting next_dagrun for example_bash_operator to 2024-03-22 00:00:00+00:00, run_after=2024-03-23 00:00:00+00:00
[2024-03-23T00:18:52.684+0000] {processor.py:183} INFO - Processing /home/airflow/.local/lib/python3.8/site-packages/airflow/example_dags/example_bash_operator.py took 0.104 seconds
[2024-03-23T00:19:22.851+0000] {processor.py:161} INFO - Started process (PID=1782) to work on /home/airflow/.local/lib/python3.8/site-packages/airflow/example_dags/example_bash_operator.py
[2024-03-23T00:19:22.853+0000] {processor.py:830} INFO - Processing file /home/airflow/.local/lib/python3.8/site-packages/airflow/example_dags/example_bash_operator.py for tasks to queue
[2024-03-23T00:19:22.856+0000] {logging_mixin.py:188} INFO - [2024-03-23T00:19:22.856+0000] {dagbag.py:540} INFO - Filling up the DagBag from /home/airflow/.local/lib/python3.8/site-packages/airflow/example_dags/example_bash_operator.py
[2024-03-23T00:19:22.873+0000] {processor.py:840} INFO - DAG(s) 'example_bash_operator' retrieved from /home/airflow/.local/lib/python3.8/site-packages/airflow/example_dags/example_bash_operator.py
[2024-03-23T00:19:22.909+0000] {logging_mixin.py:188} INFO - [2024-03-23T00:19:22.908+0000] {dag.py:3047} INFO - Sync 1 DAGs
[2024-03-23T00:19:22.936+0000] {logging_mixin.py:188} INFO - [2024-03-23T00:19:22.935+0000] {dag.py:3834} INFO - Setting next_dagrun for example_bash_operator to 2024-03-22 00:00:00+00:00, run_after=2024-03-23 00:00:00+00:00
[2024-03-23T00:19:22.955+0000] {processor.py:183} INFO - Processing /home/airflow/.local/lib/python3.8/site-packages/airflow/example_dags/example_bash_operator.py took 0.108 seconds
[2024-03-23T00:19:53.516+0000] {processor.py:161} INFO - Started process (PID=1837) to work on /home/airflow/.local/lib/python3.8/site-packages/airflow/example_dags/example_bash_operator.py
[2024-03-23T00:19:53.517+0000] {processor.py:830} INFO - Processing file /home/airflow/.local/lib/python3.8/site-packages/airflow/example_dags/example_bash_operator.py for tasks to queue
[2024-03-23T00:19:53.519+0000] {logging_mixin.py:188} INFO - [2024-03-23T00:19:53.519+0000] {dagbag.py:540} INFO - Filling up the DagBag from /home/airflow/.local/lib/python3.8/site-packages/airflow/example_dags/example_bash_operator.py
[2024-03-23T00:19:53.533+0000] {processor.py:840} INFO - DAG(s) 'example_bash_operator' retrieved from /home/airflow/.local/lib/python3.8/site-packages/airflow/example_dags/example_bash_operator.py
[2024-03-23T00:19:53.569+0000] {logging_mixin.py:188} INFO - [2024-03-23T00:19:53.569+0000] {dag.py:3047} INFO - Sync 1 DAGs
[2024-03-23T00:19:53.596+0000] {logging_mixin.py:188} INFO - [2024-03-23T00:19:53.596+0000] {dag.py:3834} INFO - Setting next_dagrun for example_bash_operator to 2024-03-22 00:00:00+00:00, run_after=2024-03-23 00:00:00+00:00
[2024-03-23T00:19:53.616+0000] {processor.py:183} INFO - Processing /home/airflow/.local/lib/python3.8/site-packages/airflow/example_dags/example_bash_operator.py took 0.104 seconds
[2024-03-23T00:20:24.057+0000] {processor.py:161} INFO - Started process (PID=1892) to work on /home/airflow/.local/lib/python3.8/site-packages/airflow/example_dags/example_bash_operator.py
[2024-03-23T00:20:24.058+0000] {processor.py:830} INFO - Processing file /home/airflow/.local/lib/python3.8/site-packages/airflow/example_dags/example_bash_operator.py for tasks to queue
[2024-03-23T00:20:24.061+0000] {logging_mixin.py:188} INFO - [2024-03-23T00:20:24.060+0000] {dagbag.py:540} INFO - Filling up the DagBag from /home/airflow/.local/lib/python3.8/site-packages/airflow/example_dags/example_bash_operator.py
[2024-03-23T00:20:24.075+0000] {processor.py:840} INFO - DAG(s) 'example_bash_operator' retrieved from /home/airflow/.local/lib/python3.8/site-packages/airflow/example_dags/example_bash_operator.py
[2024-03-23T00:20:24.112+0000] {logging_mixin.py:188} INFO - [2024-03-23T00:20:24.111+0000] {dag.py:3047} INFO - Sync 1 DAGs
[2024-03-23T00:20:24.142+0000] {logging_mixin.py:188} INFO - [2024-03-23T00:20:24.142+0000] {dag.py:3834} INFO - Setting next_dagrun for example_bash_operator to 2024-03-22 00:00:00+00:00, run_after=2024-03-23 00:00:00+00:00
[2024-03-23T00:20:24.165+0000] {processor.py:183} INFO - Processing /home/airflow/.local/lib/python3.8/site-packages/airflow/example_dags/example_bash_operator.py took 0.111 seconds
[2024-03-23T00:20:54.593+0000] {processor.py:161} INFO - Started process (PID=1947) to work on /home/airflow/.local/lib/python3.8/site-packages/airflow/example_dags/example_bash_operator.py
[2024-03-23T00:20:54.594+0000] {processor.py:830} INFO - Processing file /home/airflow/.local/lib/python3.8/site-packages/airflow/example_dags/example_bash_operator.py for tasks to queue
[2024-03-23T00:20:54.596+0000] {logging_mixin.py:188} INFO - [2024-03-23T00:20:54.596+0000] {dagbag.py:540} INFO - Filling up the DagBag from /home/airflow/.local/lib/python3.8/site-packages/airflow/example_dags/example_bash_operator.py
[2024-03-23T00:20:54.611+0000] {processor.py:840} INFO - DAG(s) 'example_bash_operator' retrieved from /home/airflow/.local/lib/python3.8/site-packages/airflow/example_dags/example_bash_operator.py
[2024-03-23T00:20:54.647+0000] {logging_mixin.py:188} INFO - [2024-03-23T00:20:54.647+0000] {dag.py:3047} INFO - Sync 1 DAGs
[2024-03-23T00:20:54.674+0000] {logging_mixin.py:188} INFO - [2024-03-23T00:20:54.674+0000] {dag.py:3834} INFO - Setting next_dagrun for example_bash_operator to 2024-03-22 00:00:00+00:00, run_after=2024-03-23 00:00:00+00:00
[2024-03-23T00:20:54.694+0000] {processor.py:183} INFO - Processing /home/airflow/.local/lib/python3.8/site-packages/airflow/example_dags/example_bash_operator.py took 0.106 seconds
[2024-03-23T00:21:24.829+0000] {processor.py:161} INFO - Started process (PID=2002) to work on /home/airflow/.local/lib/python3.8/site-packages/airflow/example_dags/example_bash_operator.py
[2024-03-23T00:21:24.830+0000] {processor.py:830} INFO - Processing file /home/airflow/.local/lib/python3.8/site-packages/airflow/example_dags/example_bash_operator.py for tasks to queue
[2024-03-23T00:21:24.833+0000] {logging_mixin.py:188} INFO - [2024-03-23T00:21:24.832+0000] {dagbag.py:540} INFO - Filling up the DagBag from /home/airflow/.local/lib/python3.8/site-packages/airflow/example_dags/example_bash_operator.py
[2024-03-23T00:21:24.847+0000] {processor.py:840} INFO - DAG(s) 'example_bash_operator' retrieved from /home/airflow/.local/lib/python3.8/site-packages/airflow/example_dags/example_bash_operator.py
[2024-03-23T00:21:24.882+0000] {logging_mixin.py:188} INFO - [2024-03-23T00:21:24.882+0000] {dag.py:3047} INFO - Sync 1 DAGs
[2024-03-23T00:21:24.909+0000] {logging_mixin.py:188} INFO - [2024-03-23T00:21:24.909+0000] {dag.py:3834} INFO - Setting next_dagrun for example_bash_operator to 2024-03-22 00:00:00+00:00, run_after=2024-03-23 00:00:00+00:00
[2024-03-23T00:21:24.928+0000] {processor.py:183} INFO - Processing /home/airflow/.local/lib/python3.8/site-packages/airflow/example_dags/example_bash_operator.py took 0.103 seconds
[2024-03-23T00:21:55.175+0000] {processor.py:161} INFO - Started process (PID=2057) to work on /home/airflow/.local/lib/python3.8/site-packages/airflow/example_dags/example_bash_operator.py
[2024-03-23T00:21:55.176+0000] {processor.py:830} INFO - Processing file /home/airflow/.local/lib/python3.8/site-packages/airflow/example_dags/example_bash_operator.py for tasks to queue
[2024-03-23T00:21:55.178+0000] {logging_mixin.py:188} INFO - [2024-03-23T00:21:55.178+0000] {dagbag.py:540} INFO - Filling up the DagBag from /home/airflow/.local/lib/python3.8/site-packages/airflow/example_dags/example_bash_operator.py
[2024-03-23T00:21:55.192+0000] {processor.py:840} INFO - DAG(s) 'example_bash_operator' retrieved from /home/airflow/.local/lib/python3.8/site-packages/airflow/example_dags/example_bash_operator.py
[2024-03-23T00:21:55.228+0000] {logging_mixin.py:188} INFO - [2024-03-23T00:21:55.228+0000] {dag.py:3047} INFO - Sync 1 DAGs
[2024-03-23T00:21:55.255+0000] {logging_mixin.py:188} INFO - [2024-03-23T00:21:55.254+0000] {dag.py:3834} INFO - Setting next_dagrun for example_bash_operator to 2024-03-22 00:00:00+00:00, run_after=2024-03-23 00:00:00+00:00
[2024-03-23T00:21:55.275+0000] {processor.py:183} INFO - Processing /home/airflow/.local/lib/python3.8/site-packages/airflow/example_dags/example_bash_operator.py took 0.104 seconds
[2024-03-23T00:22:25.531+0000] {processor.py:161} INFO - Started process (PID=2112) to work on /home/airflow/.local/lib/python3.8/site-packages/airflow/example_dags/example_bash_operator.py
[2024-03-23T00:22:25.533+0000] {processor.py:830} INFO - Processing file /home/airflow/.local/lib/python3.8/site-packages/airflow/example_dags/example_bash_operator.py for tasks to queue
[2024-03-23T00:22:25.535+0000] {logging_mixin.py:188} INFO - [2024-03-23T00:22:25.534+0000] {dagbag.py:540} INFO - Filling up the DagBag from /home/airflow/.local/lib/python3.8/site-packages/airflow/example_dags/example_bash_operator.py
[2024-03-23T00:22:25.549+0000] {processor.py:840} INFO - DAG(s) 'example_bash_operator' retrieved from /home/airflow/.local/lib/python3.8/site-packages/airflow/example_dags/example_bash_operator.py
[2024-03-23T00:22:25.586+0000] {logging_mixin.py:188} INFO - [2024-03-23T00:22:25.585+0000] {dag.py:3047} INFO - Sync 1 DAGs
[2024-03-23T00:22:25.617+0000] {logging_mixin.py:188} INFO - [2024-03-23T00:22:25.616+0000] {dag.py:3834} INFO - Setting next_dagrun for example_bash_operator to 2024-03-22 00:00:00+00:00, run_after=2024-03-23 00:00:00+00:00
[2024-03-23T00:22:25.638+0000] {processor.py:183} INFO - Processing /home/airflow/.local/lib/python3.8/site-packages/airflow/example_dags/example_bash_operator.py took 0.110 seconds
[2024-03-23T00:22:55.787+0000] {processor.py:161} INFO - Started process (PID=2167) to work on /home/airflow/.local/lib/python3.8/site-packages/airflow/example_dags/example_bash_operator.py
[2024-03-23T00:22:55.788+0000] {processor.py:830} INFO - Processing file /home/airflow/.local/lib/python3.8/site-packages/airflow/example_dags/example_bash_operator.py for tasks to queue
[2024-03-23T00:22:55.790+0000] {logging_mixin.py:188} INFO - [2024-03-23T00:22:55.790+0000] {dagbag.py:540} INFO - Filling up the DagBag from /home/airflow/.local/lib/python3.8/site-packages/airflow/example_dags/example_bash_operator.py
[2024-03-23T00:22:55.804+0000] {processor.py:840} INFO - DAG(s) 'example_bash_operator' retrieved from /home/airflow/.local/lib/python3.8/site-packages/airflow/example_dags/example_bash_operator.py
[2024-03-23T00:22:55.840+0000] {logging_mixin.py:188} INFO - [2024-03-23T00:22:55.840+0000] {dag.py:3047} INFO - Sync 1 DAGs
[2024-03-23T00:22:55.866+0000] {logging_mixin.py:188} INFO - [2024-03-23T00:22:55.866+0000] {dag.py:3834} INFO - Setting next_dagrun for example_bash_operator to 2024-03-22 00:00:00+00:00, run_after=2024-03-23 00:00:00+00:00
[2024-03-23T00:22:55.886+0000] {processor.py:183} INFO - Processing /home/airflow/.local/lib/python3.8/site-packages/airflow/example_dags/example_bash_operator.py took 0.103 seconds
[2024-03-23T00:23:26.110+0000] {processor.py:161} INFO - Started process (PID=2222) to work on /home/airflow/.local/lib/python3.8/site-packages/airflow/example_dags/example_bash_operator.py
[2024-03-23T00:23:26.111+0000] {processor.py:830} INFO - Processing file /home/airflow/.local/lib/python3.8/site-packages/airflow/example_dags/example_bash_operator.py for tasks to queue
[2024-03-23T00:23:26.113+0000] {logging_mixin.py:188} INFO - [2024-03-23T00:23:26.113+0000] {dagbag.py:540} INFO - Filling up the DagBag from /home/airflow/.local/lib/python3.8/site-packages/airflow/example_dags/example_bash_operator.py
[2024-03-23T00:23:26.128+0000] {processor.py:840} INFO - DAG(s) 'example_bash_operator' retrieved from /home/airflow/.local/lib/python3.8/site-packages/airflow/example_dags/example_bash_operator.py
[2024-03-23T00:23:26.164+0000] {logging_mixin.py:188} INFO - [2024-03-23T00:23:26.163+0000] {dag.py:3047} INFO - Sync 1 DAGs
[2024-03-23T00:23:26.191+0000] {logging_mixin.py:188} INFO - [2024-03-23T00:23:26.191+0000] {dag.py:3834} INFO - Setting next_dagrun for example_bash_operator to 2024-03-22 00:00:00+00:00, run_after=2024-03-23 00:00:00+00:00
[2024-03-23T00:23:26.211+0000] {processor.py:183} INFO - Processing /home/airflow/.local/lib/python3.8/site-packages/airflow/example_dags/example_bash_operator.py took 0.106 seconds
[2024-03-23T00:23:56.447+0000] {processor.py:161} INFO - Started process (PID=2277) to work on /home/airflow/.local/lib/python3.8/site-packages/airflow/example_dags/example_bash_operator.py
[2024-03-23T00:23:56.449+0000] {processor.py:830} INFO - Processing file /home/airflow/.local/lib/python3.8/site-packages/airflow/example_dags/example_bash_operator.py for tasks to queue
[2024-03-23T00:23:56.451+0000] {logging_mixin.py:188} INFO - [2024-03-23T00:23:56.451+0000] {dagbag.py:540} INFO - Filling up the DagBag from /home/airflow/.local/lib/python3.8/site-packages/airflow/example_dags/example_bash_operator.py
[2024-03-23T00:23:56.467+0000] {processor.py:840} INFO - DAG(s) 'example_bash_operator' retrieved from /home/airflow/.local/lib/python3.8/site-packages/airflow/example_dags/example_bash_operator.py
[2024-03-23T00:23:56.505+0000] {logging_mixin.py:188} INFO - [2024-03-23T00:23:56.505+0000] {dag.py:3047} INFO - Sync 1 DAGs
[2024-03-23T00:23:56.533+0000] {logging_mixin.py:188} INFO - [2024-03-23T00:23:56.533+0000] {dag.py:3834} INFO - Setting next_dagrun for example_bash_operator to 2024-03-22 00:00:00+00:00, run_after=2024-03-23 00:00:00+00:00
[2024-03-23T00:23:56.553+0000] {processor.py:183} INFO - Processing /home/airflow/.local/lib/python3.8/site-packages/airflow/example_dags/example_bash_operator.py took 0.110 seconds
[2024-03-23T00:24:26.824+0000] {processor.py:161} INFO - Started process (PID=2332) to work on /home/airflow/.local/lib/python3.8/site-packages/airflow/example_dags/example_bash_operator.py
[2024-03-23T00:24:26.825+0000] {processor.py:830} INFO - Processing file /home/airflow/.local/lib/python3.8/site-packages/airflow/example_dags/example_bash_operator.py for tasks to queue
[2024-03-23T00:24:26.827+0000] {logging_mixin.py:188} INFO - [2024-03-23T00:24:26.827+0000] {dagbag.py:540} INFO - Filling up the DagBag from /home/airflow/.local/lib/python3.8/site-packages/airflow/example_dags/example_bash_operator.py
[2024-03-23T00:24:26.841+0000] {processor.py:840} INFO - DAG(s) 'example_bash_operator' retrieved from /home/airflow/.local/lib/python3.8/site-packages/airflow/example_dags/example_bash_operator.py
[2024-03-23T00:24:26.877+0000] {logging_mixin.py:188} INFO - [2024-03-23T00:24:26.877+0000] {dag.py:3047} INFO - Sync 1 DAGs
[2024-03-23T00:24:26.904+0000] {logging_mixin.py:188} INFO - [2024-03-23T00:24:26.904+0000] {dag.py:3834} INFO - Setting next_dagrun for example_bash_operator to 2024-03-22 00:00:00+00:00, run_after=2024-03-23 00:00:00+00:00
[2024-03-23T00:24:26.926+0000] {processor.py:183} INFO - Processing /home/airflow/.local/lib/python3.8/site-packages/airflow/example_dags/example_bash_operator.py took 0.106 seconds
[2024-03-23T00:24:57.157+0000] {processor.py:161} INFO - Started process (PID=2387) to work on /home/airflow/.local/lib/python3.8/site-packages/airflow/example_dags/example_bash_operator.py
[2024-03-23T00:24:57.158+0000] {processor.py:830} INFO - Processing file /home/airflow/.local/lib/python3.8/site-packages/airflow/example_dags/example_bash_operator.py for tasks to queue
[2024-03-23T00:24:57.160+0000] {logging_mixin.py:188} INFO - [2024-03-23T00:24:57.160+0000] {dagbag.py:540} INFO - Filling up the DagBag from /home/airflow/.local/lib/python3.8/site-packages/airflow/example_dags/example_bash_operator.py
[2024-03-23T00:24:57.174+0000] {processor.py:840} INFO - DAG(s) 'example_bash_operator' retrieved from /home/airflow/.local/lib/python3.8/site-packages/airflow/example_dags/example_bash_operator.py
[2024-03-23T00:24:57.210+0000] {logging_mixin.py:188} INFO - [2024-03-23T00:24:57.210+0000] {dag.py:3047} INFO - Sync 1 DAGs
[2024-03-23T00:24:57.237+0000] {logging_mixin.py:188} INFO - [2024-03-23T00:24:57.236+0000] {dag.py:3834} INFO - Setting next_dagrun for example_bash_operator to 2024-03-22 00:00:00+00:00, run_after=2024-03-23 00:00:00+00:00
[2024-03-23T00:24:57.255+0000] {processor.py:183} INFO - Processing /home/airflow/.local/lib/python3.8/site-packages/airflow/example_dags/example_bash_operator.py took 0.103 seconds
[2024-03-23T00:25:27.827+0000] {processor.py:161} INFO - Started process (PID=2440) to work on /home/airflow/.local/lib/python3.8/site-packages/airflow/example_dags/example_bash_operator.py
[2024-03-23T00:25:27.828+0000] {processor.py:830} INFO - Processing file /home/airflow/.local/lib/python3.8/site-packages/airflow/example_dags/example_bash_operator.py for tasks to queue
[2024-03-23T00:25:27.830+0000] {logging_mixin.py:188} INFO - [2024-03-23T00:25:27.830+0000] {dagbag.py:540} INFO - Filling up the DagBag from /home/airflow/.local/lib/python3.8/site-packages/airflow/example_dags/example_bash_operator.py
[2024-03-23T00:25:27.845+0000] {processor.py:840} INFO - DAG(s) 'example_bash_operator' retrieved from /home/airflow/.local/lib/python3.8/site-packages/airflow/example_dags/example_bash_operator.py
[2024-03-23T00:25:27.881+0000] {logging_mixin.py:188} INFO - [2024-03-23T00:25:27.881+0000] {dag.py:3047} INFO - Sync 1 DAGs
[2024-03-23T00:25:27.908+0000] {logging_mixin.py:188} INFO - [2024-03-23T00:25:27.908+0000] {dag.py:3834} INFO - Setting next_dagrun for example_bash_operator to 2024-03-22 00:00:00+00:00, run_after=2024-03-23 00:00:00+00:00
[2024-03-23T00:25:27.928+0000] {processor.py:183} INFO - Processing /home/airflow/.local/lib/python3.8/site-packages/airflow/example_dags/example_bash_operator.py took 0.105 seconds
[2024-03-23T00:25:58.111+0000] {processor.py:161} INFO - Started process (PID=2495) to work on /home/airflow/.local/lib/python3.8/site-packages/airflow/example_dags/example_bash_operator.py
[2024-03-23T00:25:58.113+0000] {processor.py:830} INFO - Processing file /home/airflow/.local/lib/python3.8/site-packages/airflow/example_dags/example_bash_operator.py for tasks to queue
[2024-03-23T00:25:58.115+0000] {logging_mixin.py:188} INFO - [2024-03-23T00:25:58.115+0000] {dagbag.py:540} INFO - Filling up the DagBag from /home/airflow/.local/lib/python3.8/site-packages/airflow/example_dags/example_bash_operator.py
[2024-03-23T00:25:58.129+0000] {processor.py:840} INFO - DAG(s) 'example_bash_operator' retrieved from /home/airflow/.local/lib/python3.8/site-packages/airflow/example_dags/example_bash_operator.py
[2024-03-23T00:25:58.165+0000] {logging_mixin.py:188} INFO - [2024-03-23T00:25:58.164+0000] {dag.py:3047} INFO - Sync 1 DAGs
[2024-03-23T00:25:58.192+0000] {logging_mixin.py:188} INFO - [2024-03-23T00:25:58.191+0000] {dag.py:3834} INFO - Setting next_dagrun for example_bash_operator to 2024-03-22 00:00:00+00:00, run_after=2024-03-23 00:00:00+00:00
[2024-03-23T00:25:58.211+0000] {processor.py:183} INFO - Processing /home/airflow/.local/lib/python3.8/site-packages/airflow/example_dags/example_bash_operator.py took 0.104 seconds
[2024-03-23T00:26:28.784+0000] {processor.py:161} INFO - Started process (PID=2550) to work on /home/airflow/.local/lib/python3.8/site-packages/airflow/example_dags/example_bash_operator.py
[2024-03-23T00:26:28.785+0000] {processor.py:830} INFO - Processing file /home/airflow/.local/lib/python3.8/site-packages/airflow/example_dags/example_bash_operator.py for tasks to queue
[2024-03-23T00:26:28.787+0000] {logging_mixin.py:188} INFO - [2024-03-23T00:26:28.787+0000] {dagbag.py:540} INFO - Filling up the DagBag from /home/airflow/.local/lib/python3.8/site-packages/airflow/example_dags/example_bash_operator.py
[2024-03-23T00:26:28.803+0000] {processor.py:840} INFO - DAG(s) 'example_bash_operator' retrieved from /home/airflow/.local/lib/python3.8/site-packages/airflow/example_dags/example_bash_operator.py
[2024-03-23T00:26:28.840+0000] {logging_mixin.py:188} INFO - [2024-03-23T00:26:28.840+0000] {dag.py:3047} INFO - Sync 1 DAGs
[2024-03-23T00:26:28.878+0000] {logging_mixin.py:188} INFO - [2024-03-23T00:26:28.877+0000] {dag.py:3834} INFO - Setting next_dagrun for example_bash_operator to 2024-03-22 00:00:00+00:00, run_after=2024-03-23 00:00:00+00:00
[2024-03-23T00:26:28.904+0000] {processor.py:183} INFO - Processing /home/airflow/.local/lib/python3.8/site-packages/airflow/example_dags/example_bash_operator.py took 0.124 seconds
