[2024-03-23T00:03:37.502+0000] {processor.py:161} INFO - Started process (PID=56) to work on /home/airflow/.local/lib/python3.8/site-packages/airflow/example_dags/example_python_operator.py
[2024-03-23T00:03:37.504+0000] {processor.py:830} INFO - Processing file /home/airflow/.local/lib/python3.8/site-packages/airflow/example_dags/example_python_operator.py for tasks to queue
[2024-03-23T00:03:37.508+0000] {logging_mixin.py:188} INFO - [2024-03-23T00:03:37.507+0000] {dagbag.py:540} INFO - Filling up the DagBag from /home/airflow/.local/lib/python3.8/site-packages/airflow/example_dags/example_python_operator.py
[2024-03-23T00:03:37.536+0000] {processor.py:840} INFO - DAG(s) 'example_python_operator' retrieved from /home/airflow/.local/lib/python3.8/site-packages/airflow/example_dags/example_python_operator.py
[2024-03-23T00:03:37.758+0000] {logging_mixin.py:188} INFO - [2024-03-23T00:03:37.757+0000] {dag.py:3047} INFO - Sync 1 DAGs
[2024-03-23T00:03:37.774+0000] {logging_mixin.py:188} INFO - [2024-03-23T00:03:37.774+0000] {dag.py:3834} INFO - Setting next_dagrun for example_python_operator to None, run_after=None
[2024-03-23T00:03:37.809+0000] {processor.py:183} INFO - Processing /home/airflow/.local/lib/python3.8/site-packages/airflow/example_dags/example_python_operator.py took 0.315 seconds
[2024-03-23T00:04:08.622+0000] {processor.py:161} INFO - Started process (PID=111) to work on /home/airflow/.local/lib/python3.8/site-packages/airflow/example_dags/example_python_operator.py
[2024-03-23T00:04:08.624+0000] {processor.py:830} INFO - Processing file /home/airflow/.local/lib/python3.8/site-packages/airflow/example_dags/example_python_operator.py for tasks to queue
[2024-03-23T00:04:08.626+0000] {logging_mixin.py:188} INFO - [2024-03-23T00:04:08.625+0000] {dagbag.py:540} INFO - Filling up the DagBag from /home/airflow/.local/lib/python3.8/site-packages/airflow/example_dags/example_python_operator.py
[2024-03-23T00:04:08.638+0000] {processor.py:840} INFO - DAG(s) 'example_python_operator' retrieved from /home/airflow/.local/lib/python3.8/site-packages/airflow/example_dags/example_python_operator.py
[2024-03-23T00:04:08.665+0000] {logging_mixin.py:188} INFO - [2024-03-23T00:04:08.664+0000] {dag.py:3047} INFO - Sync 1 DAGs
[2024-03-23T00:04:08.679+0000] {logging_mixin.py:188} INFO - [2024-03-23T00:04:08.679+0000] {dag.py:3834} INFO - Setting next_dagrun for example_python_operator to None, run_after=None
[2024-03-23T00:04:08.699+0000] {processor.py:183} INFO - Processing /home/airflow/.local/lib/python3.8/site-packages/airflow/example_dags/example_python_operator.py took 0.081 seconds
[2024-03-23T00:04:39.041+0000] {processor.py:161} INFO - Started process (PID=166) to work on /home/airflow/.local/lib/python3.8/site-packages/airflow/example_dags/example_python_operator.py
[2024-03-23T00:04:39.042+0000] {processor.py:830} INFO - Processing file /home/airflow/.local/lib/python3.8/site-packages/airflow/example_dags/example_python_operator.py for tasks to queue
[2024-03-23T00:04:39.044+0000] {logging_mixin.py:188} INFO - [2024-03-23T00:04:39.044+0000] {dagbag.py:540} INFO - Filling up the DagBag from /home/airflow/.local/lib/python3.8/site-packages/airflow/example_dags/example_python_operator.py
[2024-03-23T00:04:39.056+0000] {processor.py:840} INFO - DAG(s) 'example_python_operator' retrieved from /home/airflow/.local/lib/python3.8/site-packages/airflow/example_dags/example_python_operator.py
[2024-03-23T00:04:39.082+0000] {logging_mixin.py:188} INFO - [2024-03-23T00:04:39.082+0000] {dag.py:3047} INFO - Sync 1 DAGs
[2024-03-23T00:04:39.096+0000] {logging_mixin.py:188} INFO - [2024-03-23T00:04:39.096+0000] {dag.py:3834} INFO - Setting next_dagrun for example_python_operator to None, run_after=None
[2024-03-23T00:04:39.118+0000] {processor.py:183} INFO - Processing /home/airflow/.local/lib/python3.8/site-packages/airflow/example_dags/example_python_operator.py took 0.081 seconds
[2024-03-23T00:05:09.280+0000] {processor.py:161} INFO - Started process (PID=221) to work on /home/airflow/.local/lib/python3.8/site-packages/airflow/example_dags/example_python_operator.py
[2024-03-23T00:05:09.281+0000] {processor.py:830} INFO - Processing file /home/airflow/.local/lib/python3.8/site-packages/airflow/example_dags/example_python_operator.py for tasks to queue
[2024-03-23T00:05:09.283+0000] {logging_mixin.py:188} INFO - [2024-03-23T00:05:09.283+0000] {dagbag.py:540} INFO - Filling up the DagBag from /home/airflow/.local/lib/python3.8/site-packages/airflow/example_dags/example_python_operator.py
[2024-03-23T00:05:09.295+0000] {processor.py:840} INFO - DAG(s) 'example_python_operator' retrieved from /home/airflow/.local/lib/python3.8/site-packages/airflow/example_dags/example_python_operator.py
[2024-03-23T00:05:09.321+0000] {logging_mixin.py:188} INFO - [2024-03-23T00:05:09.321+0000] {dag.py:3047} INFO - Sync 1 DAGs
[2024-03-23T00:05:09.335+0000] {logging_mixin.py:188} INFO - [2024-03-23T00:05:09.335+0000] {dag.py:3834} INFO - Setting next_dagrun for example_python_operator to None, run_after=None
[2024-03-23T00:05:09.355+0000] {processor.py:183} INFO - Processing /home/airflow/.local/lib/python3.8/site-packages/airflow/example_dags/example_python_operator.py took 0.079 seconds
[2024-03-23T00:05:39.541+0000] {processor.py:161} INFO - Started process (PID=276) to work on /home/airflow/.local/lib/python3.8/site-packages/airflow/example_dags/example_python_operator.py
[2024-03-23T00:05:39.542+0000] {processor.py:830} INFO - Processing file /home/airflow/.local/lib/python3.8/site-packages/airflow/example_dags/example_python_operator.py for tasks to queue
[2024-03-23T00:05:39.544+0000] {logging_mixin.py:188} INFO - [2024-03-23T00:05:39.544+0000] {dagbag.py:540} INFO - Filling up the DagBag from /home/airflow/.local/lib/python3.8/site-packages/airflow/example_dags/example_python_operator.py
[2024-03-23T00:05:39.556+0000] {processor.py:840} INFO - DAG(s) 'example_python_operator' retrieved from /home/airflow/.local/lib/python3.8/site-packages/airflow/example_dags/example_python_operator.py
[2024-03-23T00:05:39.583+0000] {logging_mixin.py:188} INFO - [2024-03-23T00:05:39.582+0000] {dag.py:3047} INFO - Sync 1 DAGs
[2024-03-23T00:05:39.597+0000] {logging_mixin.py:188} INFO - [2024-03-23T00:05:39.597+0000] {dag.py:3834} INFO - Setting next_dagrun for example_python_operator to None, run_after=None
[2024-03-23T00:05:39.619+0000] {processor.py:183} INFO - Processing /home/airflow/.local/lib/python3.8/site-packages/airflow/example_dags/example_python_operator.py took 0.083 seconds
[2024-03-23T00:06:09.900+0000] {processor.py:161} INFO - Started process (PID=331) to work on /home/airflow/.local/lib/python3.8/site-packages/airflow/example_dags/example_python_operator.py
[2024-03-23T00:06:09.902+0000] {processor.py:830} INFO - Processing file /home/airflow/.local/lib/python3.8/site-packages/airflow/example_dags/example_python_operator.py for tasks to queue
[2024-03-23T00:06:09.904+0000] {logging_mixin.py:188} INFO - [2024-03-23T00:06:09.904+0000] {dagbag.py:540} INFO - Filling up the DagBag from /home/airflow/.local/lib/python3.8/site-packages/airflow/example_dags/example_python_operator.py
[2024-03-23T00:06:09.919+0000] {processor.py:840} INFO - DAG(s) 'example_python_operator' retrieved from /home/airflow/.local/lib/python3.8/site-packages/airflow/example_dags/example_python_operator.py
[2024-03-23T00:06:09.950+0000] {logging_mixin.py:188} INFO - [2024-03-23T00:06:09.949+0000] {dag.py:3047} INFO - Sync 1 DAGs
[2024-03-23T00:06:09.965+0000] {logging_mixin.py:188} INFO - [2024-03-23T00:06:09.965+0000] {dag.py:3834} INFO - Setting next_dagrun for example_python_operator to None, run_after=None
[2024-03-23T00:06:09.988+0000] {processor.py:183} INFO - Processing /home/airflow/.local/lib/python3.8/site-packages/airflow/example_dags/example_python_operator.py took 0.093 seconds
[2024-03-23T00:06:40.437+0000] {processor.py:161} INFO - Started process (PID=386) to work on /home/airflow/.local/lib/python3.8/site-packages/airflow/example_dags/example_python_operator.py
[2024-03-23T00:06:40.439+0000] {processor.py:830} INFO - Processing file /home/airflow/.local/lib/python3.8/site-packages/airflow/example_dags/example_python_operator.py for tasks to queue
[2024-03-23T00:06:40.441+0000] {logging_mixin.py:188} INFO - [2024-03-23T00:06:40.441+0000] {dagbag.py:540} INFO - Filling up the DagBag from /home/airflow/.local/lib/python3.8/site-packages/airflow/example_dags/example_python_operator.py
[2024-03-23T00:06:40.454+0000] {processor.py:840} INFO - DAG(s) 'example_python_operator' retrieved from /home/airflow/.local/lib/python3.8/site-packages/airflow/example_dags/example_python_operator.py
[2024-03-23T00:06:40.482+0000] {logging_mixin.py:188} INFO - [2024-03-23T00:06:40.482+0000] {dag.py:3047} INFO - Sync 1 DAGs
[2024-03-23T00:06:40.498+0000] {logging_mixin.py:188} INFO - [2024-03-23T00:06:40.497+0000] {dag.py:3834} INFO - Setting next_dagrun for example_python_operator to None, run_after=None
[2024-03-23T00:06:40.519+0000] {processor.py:183} INFO - Processing /home/airflow/.local/lib/python3.8/site-packages/airflow/example_dags/example_python_operator.py took 0.086 seconds
[2024-03-23T00:07:10.941+0000] {processor.py:161} INFO - Started process (PID=441) to work on /home/airflow/.local/lib/python3.8/site-packages/airflow/example_dags/example_python_operator.py
[2024-03-23T00:07:10.942+0000] {processor.py:830} INFO - Processing file /home/airflow/.local/lib/python3.8/site-packages/airflow/example_dags/example_python_operator.py for tasks to queue
[2024-03-23T00:07:10.944+0000] {logging_mixin.py:188} INFO - [2024-03-23T00:07:10.943+0000] {dagbag.py:540} INFO - Filling up the DagBag from /home/airflow/.local/lib/python3.8/site-packages/airflow/example_dags/example_python_operator.py
[2024-03-23T00:07:10.956+0000] {processor.py:840} INFO - DAG(s) 'example_python_operator' retrieved from /home/airflow/.local/lib/python3.8/site-packages/airflow/example_dags/example_python_operator.py
[2024-03-23T00:07:10.981+0000] {logging_mixin.py:188} INFO - [2024-03-23T00:07:10.981+0000] {dag.py:3047} INFO - Sync 1 DAGs
[2024-03-23T00:07:10.995+0000] {logging_mixin.py:188} INFO - [2024-03-23T00:07:10.995+0000] {dag.py:3834} INFO - Setting next_dagrun for example_python_operator to None, run_after=None
[2024-03-23T00:07:11.016+0000] {processor.py:183} INFO - Processing /home/airflow/.local/lib/python3.8/site-packages/airflow/example_dags/example_python_operator.py took 0.079 seconds
[2024-03-23T00:07:41.305+0000] {processor.py:161} INFO - Started process (PID=496) to work on /home/airflow/.local/lib/python3.8/site-packages/airflow/example_dags/example_python_operator.py
[2024-03-23T00:07:41.306+0000] {processor.py:830} INFO - Processing file /home/airflow/.local/lib/python3.8/site-packages/airflow/example_dags/example_python_operator.py for tasks to queue
[2024-03-23T00:07:41.308+0000] {logging_mixin.py:188} INFO - [2024-03-23T00:07:41.307+0000] {dagbag.py:540} INFO - Filling up the DagBag from /home/airflow/.local/lib/python3.8/site-packages/airflow/example_dags/example_python_operator.py
[2024-03-23T00:07:41.320+0000] {processor.py:840} INFO - DAG(s) 'example_python_operator' retrieved from /home/airflow/.local/lib/python3.8/site-packages/airflow/example_dags/example_python_operator.py
[2024-03-23T00:07:41.348+0000] {logging_mixin.py:188} INFO - [2024-03-23T00:07:41.348+0000] {dag.py:3047} INFO - Sync 1 DAGs
[2024-03-23T00:07:41.364+0000] {logging_mixin.py:188} INFO - [2024-03-23T00:07:41.363+0000] {dag.py:3834} INFO - Setting next_dagrun for example_python_operator to None, run_after=None
[2024-03-23T00:07:41.385+0000] {processor.py:183} INFO - Processing /home/airflow/.local/lib/python3.8/site-packages/airflow/example_dags/example_python_operator.py took 0.084 seconds
[2024-03-23T00:08:11.623+0000] {processor.py:161} INFO - Started process (PID=551) to work on /home/airflow/.local/lib/python3.8/site-packages/airflow/example_dags/example_python_operator.py
[2024-03-23T00:08:11.624+0000] {processor.py:830} INFO - Processing file /home/airflow/.local/lib/python3.8/site-packages/airflow/example_dags/example_python_operator.py for tasks to queue
[2024-03-23T00:08:11.626+0000] {logging_mixin.py:188} INFO - [2024-03-23T00:08:11.625+0000] {dagbag.py:540} INFO - Filling up the DagBag from /home/airflow/.local/lib/python3.8/site-packages/airflow/example_dags/example_python_operator.py
[2024-03-23T00:08:11.638+0000] {processor.py:840} INFO - DAG(s) 'example_python_operator' retrieved from /home/airflow/.local/lib/python3.8/site-packages/airflow/example_dags/example_python_operator.py
[2024-03-23T00:08:11.664+0000] {logging_mixin.py:188} INFO - [2024-03-23T00:08:11.663+0000] {dag.py:3047} INFO - Sync 1 DAGs
[2024-03-23T00:08:11.678+0000] {logging_mixin.py:188} INFO - [2024-03-23T00:08:11.678+0000] {dag.py:3834} INFO - Setting next_dagrun for example_python_operator to None, run_after=None
[2024-03-23T00:08:11.698+0000] {processor.py:183} INFO - Processing /home/airflow/.local/lib/python3.8/site-packages/airflow/example_dags/example_python_operator.py took 0.079 seconds
[2024-03-23T00:08:41.896+0000] {processor.py:161} INFO - Started process (PID=606) to work on /home/airflow/.local/lib/python3.8/site-packages/airflow/example_dags/example_python_operator.py
[2024-03-23T00:08:41.898+0000] {processor.py:830} INFO - Processing file /home/airflow/.local/lib/python3.8/site-packages/airflow/example_dags/example_python_operator.py for tasks to queue
[2024-03-23T00:08:41.900+0000] {logging_mixin.py:188} INFO - [2024-03-23T00:08:41.899+0000] {dagbag.py:540} INFO - Filling up the DagBag from /home/airflow/.local/lib/python3.8/site-packages/airflow/example_dags/example_python_operator.py
[2024-03-23T00:08:41.913+0000] {processor.py:840} INFO - DAG(s) 'example_python_operator' retrieved from /home/airflow/.local/lib/python3.8/site-packages/airflow/example_dags/example_python_operator.py
[2024-03-23T00:08:41.940+0000] {logging_mixin.py:188} INFO - [2024-03-23T00:08:41.939+0000] {dag.py:3047} INFO - Sync 1 DAGs
[2024-03-23T00:08:41.955+0000] {logging_mixin.py:188} INFO - [2024-03-23T00:08:41.955+0000] {dag.py:3834} INFO - Setting next_dagrun for example_python_operator to None, run_after=None
[2024-03-23T00:08:41.976+0000] {processor.py:183} INFO - Processing /home/airflow/.local/lib/python3.8/site-packages/airflow/example_dags/example_python_operator.py took 0.084 seconds
[2024-03-23T00:09:12.315+0000] {processor.py:161} INFO - Started process (PID=661) to work on /home/airflow/.local/lib/python3.8/site-packages/airflow/example_dags/example_python_operator.py
[2024-03-23T00:09:12.317+0000] {processor.py:830} INFO - Processing file /home/airflow/.local/lib/python3.8/site-packages/airflow/example_dags/example_python_operator.py for tasks to queue
[2024-03-23T00:09:12.319+0000] {logging_mixin.py:188} INFO - [2024-03-23T00:09:12.319+0000] {dagbag.py:540} INFO - Filling up the DagBag from /home/airflow/.local/lib/python3.8/site-packages/airflow/example_dags/example_python_operator.py
[2024-03-23T00:09:12.332+0000] {processor.py:840} INFO - DAG(s) 'example_python_operator' retrieved from /home/airflow/.local/lib/python3.8/site-packages/airflow/example_dags/example_python_operator.py
[2024-03-23T00:09:12.363+0000] {logging_mixin.py:188} INFO - [2024-03-23T00:09:12.363+0000] {dag.py:3047} INFO - Sync 1 DAGs
[2024-03-23T00:09:12.382+0000] {logging_mixin.py:188} INFO - [2024-03-23T00:09:12.382+0000] {dag.py:3834} INFO - Setting next_dagrun for example_python_operator to None, run_after=None
[2024-03-23T00:09:12.405+0000] {processor.py:183} INFO - Processing /home/airflow/.local/lib/python3.8/site-packages/airflow/example_dags/example_python_operator.py took 0.094 seconds
[2024-03-23T00:09:42.486+0000] {processor.py:161} INFO - Started process (PID=716) to work on /home/airflow/.local/lib/python3.8/site-packages/airflow/example_dags/example_python_operator.py
[2024-03-23T00:09:42.488+0000] {processor.py:830} INFO - Processing file /home/airflow/.local/lib/python3.8/site-packages/airflow/example_dags/example_python_operator.py for tasks to queue
[2024-03-23T00:09:42.489+0000] {logging_mixin.py:188} INFO - [2024-03-23T00:09:42.489+0000] {dagbag.py:540} INFO - Filling up the DagBag from /home/airflow/.local/lib/python3.8/site-packages/airflow/example_dags/example_python_operator.py
[2024-03-23T00:09:42.502+0000] {processor.py:840} INFO - DAG(s) 'example_python_operator' retrieved from /home/airflow/.local/lib/python3.8/site-packages/airflow/example_dags/example_python_operator.py
[2024-03-23T00:09:42.528+0000] {logging_mixin.py:188} INFO - [2024-03-23T00:09:42.527+0000] {dag.py:3047} INFO - Sync 1 DAGs
[2024-03-23T00:09:42.543+0000] {logging_mixin.py:188} INFO - [2024-03-23T00:09:42.542+0000] {dag.py:3834} INFO - Setting next_dagrun for example_python_operator to None, run_after=None
[2024-03-23T00:09:42.562+0000] {processor.py:183} INFO - Processing /home/airflow/.local/lib/python3.8/site-packages/airflow/example_dags/example_python_operator.py took 0.080 seconds
[2024-03-23T00:10:12.934+0000] {processor.py:161} INFO - Started process (PID=771) to work on /home/airflow/.local/lib/python3.8/site-packages/airflow/example_dags/example_python_operator.py
[2024-03-23T00:10:12.936+0000] {processor.py:830} INFO - Processing file /home/airflow/.local/lib/python3.8/site-packages/airflow/example_dags/example_python_operator.py for tasks to queue
[2024-03-23T00:10:12.938+0000] {logging_mixin.py:188} INFO - [2024-03-23T00:10:12.937+0000] {dagbag.py:540} INFO - Filling up the DagBag from /home/airflow/.local/lib/python3.8/site-packages/airflow/example_dags/example_python_operator.py
[2024-03-23T00:10:12.950+0000] {processor.py:840} INFO - DAG(s) 'example_python_operator' retrieved from /home/airflow/.local/lib/python3.8/site-packages/airflow/example_dags/example_python_operator.py
[2024-03-23T00:10:12.976+0000] {logging_mixin.py:188} INFO - [2024-03-23T00:10:12.975+0000] {dag.py:3047} INFO - Sync 1 DAGs
[2024-03-23T00:10:12.990+0000] {logging_mixin.py:188} INFO - [2024-03-23T00:10:12.990+0000] {dag.py:3834} INFO - Setting next_dagrun for example_python_operator to None, run_after=None
[2024-03-23T00:10:13.013+0000] {processor.py:183} INFO - Processing /home/airflow/.local/lib/python3.8/site-packages/airflow/example_dags/example_python_operator.py took 0.082 seconds
[2024-03-23T00:10:43.069+0000] {processor.py:161} INFO - Started process (PID=825) to work on /home/airflow/.local/lib/python3.8/site-packages/airflow/example_dags/example_python_operator.py
[2024-03-23T00:10:43.070+0000] {processor.py:830} INFO - Processing file /home/airflow/.local/lib/python3.8/site-packages/airflow/example_dags/example_python_operator.py for tasks to queue
[2024-03-23T00:10:43.072+0000] {logging_mixin.py:188} INFO - [2024-03-23T00:10:43.072+0000] {dagbag.py:540} INFO - Filling up the DagBag from /home/airflow/.local/lib/python3.8/site-packages/airflow/example_dags/example_python_operator.py
[2024-03-23T00:10:43.085+0000] {processor.py:840} INFO - DAG(s) 'example_python_operator' retrieved from /home/airflow/.local/lib/python3.8/site-packages/airflow/example_dags/example_python_operator.py
[2024-03-23T00:10:43.110+0000] {logging_mixin.py:188} INFO - [2024-03-23T00:10:43.110+0000] {dag.py:3047} INFO - Sync 1 DAGs
[2024-03-23T00:10:43.125+0000] {logging_mixin.py:188} INFO - [2024-03-23T00:10:43.124+0000] {dag.py:3834} INFO - Setting next_dagrun for example_python_operator to None, run_after=None
[2024-03-23T00:10:43.145+0000] {processor.py:183} INFO - Processing /home/airflow/.local/lib/python3.8/site-packages/airflow/example_dags/example_python_operator.py took 0.079 seconds
[2024-03-23T00:11:13.539+0000] {processor.py:161} INFO - Started process (PID=881) to work on /home/airflow/.local/lib/python3.8/site-packages/airflow/example_dags/example_python_operator.py
[2024-03-23T00:11:13.540+0000] {processor.py:830} INFO - Processing file /home/airflow/.local/lib/python3.8/site-packages/airflow/example_dags/example_python_operator.py for tasks to queue
[2024-03-23T00:11:13.542+0000] {logging_mixin.py:188} INFO - [2024-03-23T00:11:13.541+0000] {dagbag.py:540} INFO - Filling up the DagBag from /home/airflow/.local/lib/python3.8/site-packages/airflow/example_dags/example_python_operator.py
[2024-03-23T00:11:13.554+0000] {processor.py:840} INFO - DAG(s) 'example_python_operator' retrieved from /home/airflow/.local/lib/python3.8/site-packages/airflow/example_dags/example_python_operator.py
[2024-03-23T00:11:13.579+0000] {logging_mixin.py:188} INFO - [2024-03-23T00:11:13.579+0000] {dag.py:3047} INFO - Sync 1 DAGs
[2024-03-23T00:11:13.594+0000] {logging_mixin.py:188} INFO - [2024-03-23T00:11:13.593+0000] {dag.py:3834} INFO - Setting next_dagrun for example_python_operator to None, run_after=None
[2024-03-23T00:11:13.613+0000] {processor.py:183} INFO - Processing /home/airflow/.local/lib/python3.8/site-packages/airflow/example_dags/example_python_operator.py took 0.078 seconds
[2024-03-23T00:11:43.940+0000] {processor.py:161} INFO - Started process (PID=936) to work on /home/airflow/.local/lib/python3.8/site-packages/airflow/example_dags/example_python_operator.py
[2024-03-23T00:11:43.941+0000] {processor.py:830} INFO - Processing file /home/airflow/.local/lib/python3.8/site-packages/airflow/example_dags/example_python_operator.py for tasks to queue
[2024-03-23T00:11:43.943+0000] {logging_mixin.py:188} INFO - [2024-03-23T00:11:43.943+0000] {dagbag.py:540} INFO - Filling up the DagBag from /home/airflow/.local/lib/python3.8/site-packages/airflow/example_dags/example_python_operator.py
[2024-03-23T00:11:43.955+0000] {processor.py:840} INFO - DAG(s) 'example_python_operator' retrieved from /home/airflow/.local/lib/python3.8/site-packages/airflow/example_dags/example_python_operator.py
[2024-03-23T00:11:43.982+0000] {logging_mixin.py:188} INFO - [2024-03-23T00:11:43.982+0000] {dag.py:3047} INFO - Sync 1 DAGs
[2024-03-23T00:11:43.997+0000] {logging_mixin.py:188} INFO - [2024-03-23T00:11:43.997+0000] {dag.py:3834} INFO - Setting next_dagrun for example_python_operator to None, run_after=None
[2024-03-23T00:11:44.019+0000] {processor.py:183} INFO - Processing /home/airflow/.local/lib/python3.8/site-packages/airflow/example_dags/example_python_operator.py took 0.083 seconds
[2024-03-23T00:12:14.237+0000] {processor.py:161} INFO - Started process (PID=991) to work on /home/airflow/.local/lib/python3.8/site-packages/airflow/example_dags/example_python_operator.py
[2024-03-23T00:12:14.238+0000] {processor.py:830} INFO - Processing file /home/airflow/.local/lib/python3.8/site-packages/airflow/example_dags/example_python_operator.py for tasks to queue
[2024-03-23T00:12:14.241+0000] {logging_mixin.py:188} INFO - [2024-03-23T00:12:14.240+0000] {dagbag.py:540} INFO - Filling up the DagBag from /home/airflow/.local/lib/python3.8/site-packages/airflow/example_dags/example_python_operator.py
[2024-03-23T00:12:14.252+0000] {processor.py:840} INFO - DAG(s) 'example_python_operator' retrieved from /home/airflow/.local/lib/python3.8/site-packages/airflow/example_dags/example_python_operator.py
[2024-03-23T00:12:14.278+0000] {logging_mixin.py:188} INFO - [2024-03-23T00:12:14.277+0000] {dag.py:3047} INFO - Sync 1 DAGs
[2024-03-23T00:12:14.292+0000] {logging_mixin.py:188} INFO - [2024-03-23T00:12:14.292+0000] {dag.py:3834} INFO - Setting next_dagrun for example_python_operator to None, run_after=None
[2024-03-23T00:12:14.312+0000] {processor.py:183} INFO - Processing /home/airflow/.local/lib/python3.8/site-packages/airflow/example_dags/example_python_operator.py took 0.078 seconds
[2024-03-23T00:12:44.765+0000] {processor.py:161} INFO - Started process (PID=1046) to work on /home/airflow/.local/lib/python3.8/site-packages/airflow/example_dags/example_python_operator.py
[2024-03-23T00:12:44.767+0000] {processor.py:830} INFO - Processing file /home/airflow/.local/lib/python3.8/site-packages/airflow/example_dags/example_python_operator.py for tasks to queue
[2024-03-23T00:12:44.769+0000] {logging_mixin.py:188} INFO - [2024-03-23T00:12:44.768+0000] {dagbag.py:540} INFO - Filling up the DagBag from /home/airflow/.local/lib/python3.8/site-packages/airflow/example_dags/example_python_operator.py
[2024-03-23T00:12:44.781+0000] {processor.py:840} INFO - DAG(s) 'example_python_operator' retrieved from /home/airflow/.local/lib/python3.8/site-packages/airflow/example_dags/example_python_operator.py
[2024-03-23T00:12:44.807+0000] {logging_mixin.py:188} INFO - [2024-03-23T00:12:44.806+0000] {dag.py:3047} INFO - Sync 1 DAGs
[2024-03-23T00:12:44.821+0000] {logging_mixin.py:188} INFO - [2024-03-23T00:12:44.821+0000] {dag.py:3834} INFO - Setting next_dagrun for example_python_operator to None, run_after=None
[2024-03-23T00:12:44.841+0000] {processor.py:183} INFO - Processing /home/airflow/.local/lib/python3.8/site-packages/airflow/example_dags/example_python_operator.py took 0.080 seconds
[2024-03-23T00:13:15.184+0000] {processor.py:161} INFO - Started process (PID=1101) to work on /home/airflow/.local/lib/python3.8/site-packages/airflow/example_dags/example_python_operator.py
[2024-03-23T00:13:15.185+0000] {processor.py:830} INFO - Processing file /home/airflow/.local/lib/python3.8/site-packages/airflow/example_dags/example_python_operator.py for tasks to queue
[2024-03-23T00:13:15.187+0000] {logging_mixin.py:188} INFO - [2024-03-23T00:13:15.187+0000] {dagbag.py:540} INFO - Filling up the DagBag from /home/airflow/.local/lib/python3.8/site-packages/airflow/example_dags/example_python_operator.py
[2024-03-23T00:13:15.199+0000] {processor.py:840} INFO - DAG(s) 'example_python_operator' retrieved from /home/airflow/.local/lib/python3.8/site-packages/airflow/example_dags/example_python_operator.py
[2024-03-23T00:13:15.226+0000] {logging_mixin.py:188} INFO - [2024-03-23T00:13:15.225+0000] {dag.py:3047} INFO - Sync 1 DAGs
[2024-03-23T00:13:15.242+0000] {logging_mixin.py:188} INFO - [2024-03-23T00:13:15.241+0000] {dag.py:3834} INFO - Setting next_dagrun for example_python_operator to None, run_after=None
[2024-03-23T00:13:15.263+0000] {processor.py:183} INFO - Processing /home/airflow/.local/lib/python3.8/site-packages/airflow/example_dags/example_python_operator.py took 0.083 seconds
[2024-03-23T00:13:45.642+0000] {processor.py:161} INFO - Started process (PID=1156) to work on /home/airflow/.local/lib/python3.8/site-packages/airflow/example_dags/example_python_operator.py
[2024-03-23T00:13:45.644+0000] {processor.py:830} INFO - Processing file /home/airflow/.local/lib/python3.8/site-packages/airflow/example_dags/example_python_operator.py for tasks to queue
[2024-03-23T00:13:45.646+0000] {logging_mixin.py:188} INFO - [2024-03-23T00:13:45.645+0000] {dagbag.py:540} INFO - Filling up the DagBag from /home/airflow/.local/lib/python3.8/site-packages/airflow/example_dags/example_python_operator.py
[2024-03-23T00:13:45.658+0000] {processor.py:840} INFO - DAG(s) 'example_python_operator' retrieved from /home/airflow/.local/lib/python3.8/site-packages/airflow/example_dags/example_python_operator.py
[2024-03-23T00:13:45.684+0000] {logging_mixin.py:188} INFO - [2024-03-23T00:13:45.684+0000] {dag.py:3047} INFO - Sync 1 DAGs
[2024-03-23T00:13:45.702+0000] {logging_mixin.py:188} INFO - [2024-03-23T00:13:45.701+0000] {dag.py:3834} INFO - Setting next_dagrun for example_python_operator to None, run_after=None
[2024-03-23T00:13:45.724+0000] {processor.py:183} INFO - Processing /home/airflow/.local/lib/python3.8/site-packages/airflow/example_dags/example_python_operator.py took 0.085 seconds
[2024-03-23T00:14:16.223+0000] {processor.py:161} INFO - Started process (PID=1211) to work on /home/airflow/.local/lib/python3.8/site-packages/airflow/example_dags/example_python_operator.py
[2024-03-23T00:14:16.225+0000] {processor.py:830} INFO - Processing file /home/airflow/.local/lib/python3.8/site-packages/airflow/example_dags/example_python_operator.py for tasks to queue
[2024-03-23T00:14:16.226+0000] {logging_mixin.py:188} INFO - [2024-03-23T00:14:16.226+0000] {dagbag.py:540} INFO - Filling up the DagBag from /home/airflow/.local/lib/python3.8/site-packages/airflow/example_dags/example_python_operator.py
[2024-03-23T00:14:16.239+0000] {processor.py:840} INFO - DAG(s) 'example_python_operator' retrieved from /home/airflow/.local/lib/python3.8/site-packages/airflow/example_dags/example_python_operator.py
[2024-03-23T00:14:16.265+0000] {logging_mixin.py:188} INFO - [2024-03-23T00:14:16.265+0000] {dag.py:3047} INFO - Sync 1 DAGs
[2024-03-23T00:14:16.279+0000] {logging_mixin.py:188} INFO - [2024-03-23T00:14:16.279+0000] {dag.py:3834} INFO - Setting next_dagrun for example_python_operator to None, run_after=None
[2024-03-23T00:14:16.300+0000] {processor.py:183} INFO - Processing /home/airflow/.local/lib/python3.8/site-packages/airflow/example_dags/example_python_operator.py took 0.080 seconds
[2024-03-23T00:14:46.680+0000] {processor.py:161} INFO - Started process (PID=1266) to work on /home/airflow/.local/lib/python3.8/site-packages/airflow/example_dags/example_python_operator.py
[2024-03-23T00:14:46.681+0000] {processor.py:830} INFO - Processing file /home/airflow/.local/lib/python3.8/site-packages/airflow/example_dags/example_python_operator.py for tasks to queue
[2024-03-23T00:14:46.683+0000] {logging_mixin.py:188} INFO - [2024-03-23T00:14:46.683+0000] {dagbag.py:540} INFO - Filling up the DagBag from /home/airflow/.local/lib/python3.8/site-packages/airflow/example_dags/example_python_operator.py
[2024-03-23T00:14:46.695+0000] {processor.py:840} INFO - DAG(s) 'example_python_operator' retrieved from /home/airflow/.local/lib/python3.8/site-packages/airflow/example_dags/example_python_operator.py
[2024-03-23T00:14:46.723+0000] {logging_mixin.py:188} INFO - [2024-03-23T00:14:46.722+0000] {dag.py:3047} INFO - Sync 1 DAGs
[2024-03-23T00:14:46.737+0000] {logging_mixin.py:188} INFO - [2024-03-23T00:14:46.737+0000] {dag.py:3834} INFO - Setting next_dagrun for example_python_operator to None, run_after=None
[2024-03-23T00:14:46.759+0000] {processor.py:183} INFO - Processing /home/airflow/.local/lib/python3.8/site-packages/airflow/example_dags/example_python_operator.py took 0.083 seconds
[2024-03-23T00:15:17.080+0000] {processor.py:161} INFO - Started process (PID=1321) to work on /home/airflow/.local/lib/python3.8/site-packages/airflow/example_dags/example_python_operator.py
[2024-03-23T00:15:17.081+0000] {processor.py:830} INFO - Processing file /home/airflow/.local/lib/python3.8/site-packages/airflow/example_dags/example_python_operator.py for tasks to queue
[2024-03-23T00:15:17.083+0000] {logging_mixin.py:188} INFO - [2024-03-23T00:15:17.083+0000] {dagbag.py:540} INFO - Filling up the DagBag from /home/airflow/.local/lib/python3.8/site-packages/airflow/example_dags/example_python_operator.py
[2024-03-23T00:15:17.096+0000] {processor.py:840} INFO - DAG(s) 'example_python_operator' retrieved from /home/airflow/.local/lib/python3.8/site-packages/airflow/example_dags/example_python_operator.py
[2024-03-23T00:15:17.122+0000] {logging_mixin.py:188} INFO - [2024-03-23T00:15:17.122+0000] {dag.py:3047} INFO - Sync 1 DAGs
[2024-03-23T00:15:17.137+0000] {logging_mixin.py:188} INFO - [2024-03-23T00:15:17.137+0000] {dag.py:3834} INFO - Setting next_dagrun for example_python_operator to None, run_after=None
[2024-03-23T00:15:17.157+0000] {processor.py:183} INFO - Processing /home/airflow/.local/lib/python3.8/site-packages/airflow/example_dags/example_python_operator.py took 0.081 seconds
[2024-03-23T00:15:47.367+0000] {processor.py:161} INFO - Started process (PID=1376) to work on /home/airflow/.local/lib/python3.8/site-packages/airflow/example_dags/example_python_operator.py
[2024-03-23T00:15:47.369+0000] {processor.py:830} INFO - Processing file /home/airflow/.local/lib/python3.8/site-packages/airflow/example_dags/example_python_operator.py for tasks to queue
[2024-03-23T00:15:47.372+0000] {logging_mixin.py:188} INFO - [2024-03-23T00:15:47.372+0000] {dagbag.py:540} INFO - Filling up the DagBag from /home/airflow/.local/lib/python3.8/site-packages/airflow/example_dags/example_python_operator.py
[2024-03-23T00:15:47.387+0000] {processor.py:840} INFO - DAG(s) 'example_python_operator' retrieved from /home/airflow/.local/lib/python3.8/site-packages/airflow/example_dags/example_python_operator.py
[2024-03-23T00:15:47.417+0000] {logging_mixin.py:188} INFO - [2024-03-23T00:15:47.416+0000] {dag.py:3047} INFO - Sync 1 DAGs
[2024-03-23T00:15:47.434+0000] {logging_mixin.py:188} INFO - [2024-03-23T00:15:47.433+0000] {dag.py:3834} INFO - Setting next_dagrun for example_python_operator to None, run_after=None
[2024-03-23T00:15:47.455+0000] {processor.py:183} INFO - Processing /home/airflow/.local/lib/python3.8/site-packages/airflow/example_dags/example_python_operator.py took 0.096 seconds
[2024-03-23T00:16:17.884+0000] {processor.py:161} INFO - Started process (PID=1431) to work on /home/airflow/.local/lib/python3.8/site-packages/airflow/example_dags/example_python_operator.py
[2024-03-23T00:16:17.885+0000] {processor.py:830} INFO - Processing file /home/airflow/.local/lib/python3.8/site-packages/airflow/example_dags/example_python_operator.py for tasks to queue
[2024-03-23T00:16:17.887+0000] {logging_mixin.py:188} INFO - [2024-03-23T00:16:17.887+0000] {dagbag.py:540} INFO - Filling up the DagBag from /home/airflow/.local/lib/python3.8/site-packages/airflow/example_dags/example_python_operator.py
[2024-03-23T00:16:17.899+0000] {processor.py:840} INFO - DAG(s) 'example_python_operator' retrieved from /home/airflow/.local/lib/python3.8/site-packages/airflow/example_dags/example_python_operator.py
[2024-03-23T00:16:17.925+0000] {logging_mixin.py:188} INFO - [2024-03-23T00:16:17.924+0000] {dag.py:3047} INFO - Sync 1 DAGs
[2024-03-23T00:16:17.939+0000] {logging_mixin.py:188} INFO - [2024-03-23T00:16:17.938+0000] {dag.py:3834} INFO - Setting next_dagrun for example_python_operator to None, run_after=None
[2024-03-23T00:16:17.958+0000] {processor.py:183} INFO - Processing /home/airflow/.local/lib/python3.8/site-packages/airflow/example_dags/example_python_operator.py took 0.078 seconds
[2024-03-23T00:16:48.065+0000] {processor.py:161} INFO - Started process (PID=1486) to work on /home/airflow/.local/lib/python3.8/site-packages/airflow/example_dags/example_python_operator.py
[2024-03-23T00:16:48.066+0000] {processor.py:830} INFO - Processing file /home/airflow/.local/lib/python3.8/site-packages/airflow/example_dags/example_python_operator.py for tasks to queue
[2024-03-23T00:16:48.068+0000] {logging_mixin.py:188} INFO - [2024-03-23T00:16:48.068+0000] {dagbag.py:540} INFO - Filling up the DagBag from /home/airflow/.local/lib/python3.8/site-packages/airflow/example_dags/example_python_operator.py
[2024-03-23T00:16:48.080+0000] {processor.py:840} INFO - DAG(s) 'example_python_operator' retrieved from /home/airflow/.local/lib/python3.8/site-packages/airflow/example_dags/example_python_operator.py
[2024-03-23T00:16:48.106+0000] {logging_mixin.py:188} INFO - [2024-03-23T00:16:48.105+0000] {dag.py:3047} INFO - Sync 1 DAGs
[2024-03-23T00:16:48.123+0000] {logging_mixin.py:188} INFO - [2024-03-23T00:16:48.123+0000] {dag.py:3834} INFO - Setting next_dagrun for example_python_operator to None, run_after=None
[2024-03-23T00:16:48.143+0000] {processor.py:183} INFO - Processing /home/airflow/.local/lib/python3.8/site-packages/airflow/example_dags/example_python_operator.py took 0.082 seconds
[2024-03-23T00:17:18.328+0000] {processor.py:161} INFO - Started process (PID=1541) to work on /home/airflow/.local/lib/python3.8/site-packages/airflow/example_dags/example_python_operator.py
[2024-03-23T00:17:18.329+0000] {processor.py:830} INFO - Processing file /home/airflow/.local/lib/python3.8/site-packages/airflow/example_dags/example_python_operator.py for tasks to queue
[2024-03-23T00:17:18.331+0000] {logging_mixin.py:188} INFO - [2024-03-23T00:17:18.331+0000] {dagbag.py:540} INFO - Filling up the DagBag from /home/airflow/.local/lib/python3.8/site-packages/airflow/example_dags/example_python_operator.py
[2024-03-23T00:17:18.343+0000] {processor.py:840} INFO - DAG(s) 'example_python_operator' retrieved from /home/airflow/.local/lib/python3.8/site-packages/airflow/example_dags/example_python_operator.py
[2024-03-23T00:17:18.369+0000] {logging_mixin.py:188} INFO - [2024-03-23T00:17:18.368+0000] {dag.py:3047} INFO - Sync 1 DAGs
[2024-03-23T00:17:18.384+0000] {logging_mixin.py:188} INFO - [2024-03-23T00:17:18.383+0000] {dag.py:3834} INFO - Setting next_dagrun for example_python_operator to None, run_after=None
[2024-03-23T00:17:18.404+0000] {processor.py:183} INFO - Processing /home/airflow/.local/lib/python3.8/site-packages/airflow/example_dags/example_python_operator.py took 0.080 seconds
[2024-03-23T00:17:48.869+0000] {processor.py:161} INFO - Started process (PID=1596) to work on /home/airflow/.local/lib/python3.8/site-packages/airflow/example_dags/example_python_operator.py
[2024-03-23T00:17:48.870+0000] {processor.py:830} INFO - Processing file /home/airflow/.local/lib/python3.8/site-packages/airflow/example_dags/example_python_operator.py for tasks to queue
[2024-03-23T00:17:48.872+0000] {logging_mixin.py:188} INFO - [2024-03-23T00:17:48.872+0000] {dagbag.py:540} INFO - Filling up the DagBag from /home/airflow/.local/lib/python3.8/site-packages/airflow/example_dags/example_python_operator.py
[2024-03-23T00:17:48.884+0000] {processor.py:840} INFO - DAG(s) 'example_python_operator' retrieved from /home/airflow/.local/lib/python3.8/site-packages/airflow/example_dags/example_python_operator.py
[2024-03-23T00:17:48.910+0000] {logging_mixin.py:188} INFO - [2024-03-23T00:17:48.910+0000] {dag.py:3047} INFO - Sync 1 DAGs
[2024-03-23T00:17:48.924+0000] {logging_mixin.py:188} INFO - [2024-03-23T00:17:48.924+0000] {dag.py:3834} INFO - Setting next_dagrun for example_python_operator to None, run_after=None
[2024-03-23T00:17:48.946+0000] {processor.py:183} INFO - Processing /home/airflow/.local/lib/python3.8/site-packages/airflow/example_dags/example_python_operator.py took 0.081 seconds
[2024-03-23T00:18:19.245+0000] {processor.py:161} INFO - Started process (PID=1651) to work on /home/airflow/.local/lib/python3.8/site-packages/airflow/example_dags/example_python_operator.py
[2024-03-23T00:18:19.246+0000] {processor.py:830} INFO - Processing file /home/airflow/.local/lib/python3.8/site-packages/airflow/example_dags/example_python_operator.py for tasks to queue
[2024-03-23T00:18:19.248+0000] {logging_mixin.py:188} INFO - [2024-03-23T00:18:19.247+0000] {dagbag.py:540} INFO - Filling up the DagBag from /home/airflow/.local/lib/python3.8/site-packages/airflow/example_dags/example_python_operator.py
[2024-03-23T00:18:19.260+0000] {processor.py:840} INFO - DAG(s) 'example_python_operator' retrieved from /home/airflow/.local/lib/python3.8/site-packages/airflow/example_dags/example_python_operator.py
[2024-03-23T00:18:19.286+0000] {logging_mixin.py:188} INFO - [2024-03-23T00:18:19.285+0000] {dag.py:3047} INFO - Sync 1 DAGs
[2024-03-23T00:18:19.300+0000] {logging_mixin.py:188} INFO - [2024-03-23T00:18:19.300+0000] {dag.py:3834} INFO - Setting next_dagrun for example_python_operator to None, run_after=None
[2024-03-23T00:18:19.320+0000] {processor.py:183} INFO - Processing /home/airflow/.local/lib/python3.8/site-packages/airflow/example_dags/example_python_operator.py took 0.079 seconds
[2024-03-23T00:18:49.755+0000] {processor.py:161} INFO - Started process (PID=1712) to work on /home/airflow/.local/lib/python3.8/site-packages/airflow/example_dags/example_python_operator.py
[2024-03-23T00:18:49.757+0000] {processor.py:830} INFO - Processing file /home/airflow/.local/lib/python3.8/site-packages/airflow/example_dags/example_python_operator.py for tasks to queue
[2024-03-23T00:18:49.758+0000] {logging_mixin.py:188} INFO - [2024-03-23T00:18:49.758+0000] {dagbag.py:540} INFO - Filling up the DagBag from /home/airflow/.local/lib/python3.8/site-packages/airflow/example_dags/example_python_operator.py
[2024-03-23T00:18:49.771+0000] {processor.py:840} INFO - DAG(s) 'example_python_operator' retrieved from /home/airflow/.local/lib/python3.8/site-packages/airflow/example_dags/example_python_operator.py
[2024-03-23T00:18:49.796+0000] {logging_mixin.py:188} INFO - [2024-03-23T00:18:49.796+0000] {dag.py:3047} INFO - Sync 1 DAGs
[2024-03-23T00:18:49.810+0000] {logging_mixin.py:188} INFO - [2024-03-23T00:18:49.810+0000] {dag.py:3834} INFO - Setting next_dagrun for example_python_operator to None, run_after=None
[2024-03-23T00:18:49.830+0000] {processor.py:183} INFO - Processing /home/airflow/.local/lib/python3.8/site-packages/airflow/example_dags/example_python_operator.py took 0.078 seconds
[2024-03-23T00:19:20.027+0000] {processor.py:161} INFO - Started process (PID=1767) to work on /home/airflow/.local/lib/python3.8/site-packages/airflow/example_dags/example_python_operator.py
[2024-03-23T00:19:20.028+0000] {processor.py:830} INFO - Processing file /home/airflow/.local/lib/python3.8/site-packages/airflow/example_dags/example_python_operator.py for tasks to queue
[2024-03-23T00:19:20.030+0000] {logging_mixin.py:188} INFO - [2024-03-23T00:19:20.030+0000] {dagbag.py:540} INFO - Filling up the DagBag from /home/airflow/.local/lib/python3.8/site-packages/airflow/example_dags/example_python_operator.py
[2024-03-23T00:19:20.042+0000] {processor.py:840} INFO - DAG(s) 'example_python_operator' retrieved from /home/airflow/.local/lib/python3.8/site-packages/airflow/example_dags/example_python_operator.py
[2024-03-23T00:19:20.068+0000] {logging_mixin.py:188} INFO - [2024-03-23T00:19:20.068+0000] {dag.py:3047} INFO - Sync 1 DAGs
[2024-03-23T00:19:20.083+0000] {logging_mixin.py:188} INFO - [2024-03-23T00:19:20.082+0000] {dag.py:3834} INFO - Setting next_dagrun for example_python_operator to None, run_after=None
[2024-03-23T00:19:20.104+0000] {processor.py:183} INFO - Processing /home/airflow/.local/lib/python3.8/site-packages/airflow/example_dags/example_python_operator.py took 0.080 seconds
[2024-03-23T00:19:50.644+0000] {processor.py:161} INFO - Started process (PID=1822) to work on /home/airflow/.local/lib/python3.8/site-packages/airflow/example_dags/example_python_operator.py
[2024-03-23T00:19:50.646+0000] {processor.py:830} INFO - Processing file /home/airflow/.local/lib/python3.8/site-packages/airflow/example_dags/example_python_operator.py for tasks to queue
[2024-03-23T00:19:50.648+0000] {logging_mixin.py:188} INFO - [2024-03-23T00:19:50.648+0000] {dagbag.py:540} INFO - Filling up the DagBag from /home/airflow/.local/lib/python3.8/site-packages/airflow/example_dags/example_python_operator.py
[2024-03-23T00:19:50.662+0000] {processor.py:840} INFO - DAG(s) 'example_python_operator' retrieved from /home/airflow/.local/lib/python3.8/site-packages/airflow/example_dags/example_python_operator.py
[2024-03-23T00:19:50.688+0000] {logging_mixin.py:188} INFO - [2024-03-23T00:19:50.687+0000] {dag.py:3047} INFO - Sync 1 DAGs
[2024-03-23T00:19:50.702+0000] {logging_mixin.py:188} INFO - [2024-03-23T00:19:50.702+0000] {dag.py:3834} INFO - Setting next_dagrun for example_python_operator to None, run_after=None
[2024-03-23T00:19:50.721+0000] {processor.py:183} INFO - Processing /home/airflow/.local/lib/python3.8/site-packages/airflow/example_dags/example_python_operator.py took 0.081 seconds
[2024-03-23T00:20:21.230+0000] {processor.py:161} INFO - Started process (PID=1877) to work on /home/airflow/.local/lib/python3.8/site-packages/airflow/example_dags/example_python_operator.py
[2024-03-23T00:20:21.232+0000] {processor.py:830} INFO - Processing file /home/airflow/.local/lib/python3.8/site-packages/airflow/example_dags/example_python_operator.py for tasks to queue
[2024-03-23T00:20:21.234+0000] {logging_mixin.py:188} INFO - [2024-03-23T00:20:21.233+0000] {dagbag.py:540} INFO - Filling up the DagBag from /home/airflow/.local/lib/python3.8/site-packages/airflow/example_dags/example_python_operator.py
[2024-03-23T00:20:21.247+0000] {processor.py:840} INFO - DAG(s) 'example_python_operator' retrieved from /home/airflow/.local/lib/python3.8/site-packages/airflow/example_dags/example_python_operator.py
[2024-03-23T00:20:21.273+0000] {logging_mixin.py:188} INFO - [2024-03-23T00:20:21.273+0000] {dag.py:3047} INFO - Sync 1 DAGs
[2024-03-23T00:20:21.287+0000] {logging_mixin.py:188} INFO - [2024-03-23T00:20:21.287+0000] {dag.py:3834} INFO - Setting next_dagrun for example_python_operator to None, run_after=None
[2024-03-23T00:20:21.307+0000] {processor.py:183} INFO - Processing /home/airflow/.local/lib/python3.8/site-packages/airflow/example_dags/example_python_operator.py took 0.081 seconds
[2024-03-23T00:20:51.673+0000] {processor.py:161} INFO - Started process (PID=1932) to work on /home/airflow/.local/lib/python3.8/site-packages/airflow/example_dags/example_python_operator.py
[2024-03-23T00:20:51.675+0000] {processor.py:830} INFO - Processing file /home/airflow/.local/lib/python3.8/site-packages/airflow/example_dags/example_python_operator.py for tasks to queue
[2024-03-23T00:20:51.678+0000] {logging_mixin.py:188} INFO - [2024-03-23T00:20:51.677+0000] {dagbag.py:540} INFO - Filling up the DagBag from /home/airflow/.local/lib/python3.8/site-packages/airflow/example_dags/example_python_operator.py
[2024-03-23T00:20:51.698+0000] {processor.py:840} INFO - DAG(s) 'example_python_operator' retrieved from /home/airflow/.local/lib/python3.8/site-packages/airflow/example_dags/example_python_operator.py
[2024-03-23T00:20:51.729+0000] {logging_mixin.py:188} INFO - [2024-03-23T00:20:51.728+0000] {dag.py:3047} INFO - Sync 1 DAGs
[2024-03-23T00:20:51.745+0000] {logging_mixin.py:188} INFO - [2024-03-23T00:20:51.745+0000] {dag.py:3834} INFO - Setting next_dagrun for example_python_operator to None, run_after=None
[2024-03-23T00:20:51.769+0000] {processor.py:183} INFO - Processing /home/airflow/.local/lib/python3.8/site-packages/airflow/example_dags/example_python_operator.py took 0.101 seconds
[2024-03-23T00:21:21.858+0000] {processor.py:161} INFO - Started process (PID=1987) to work on /home/airflow/.local/lib/python3.8/site-packages/airflow/example_dags/example_python_operator.py
[2024-03-23T00:21:21.859+0000] {processor.py:830} INFO - Processing file /home/airflow/.local/lib/python3.8/site-packages/airflow/example_dags/example_python_operator.py for tasks to queue
[2024-03-23T00:21:21.861+0000] {logging_mixin.py:188} INFO - [2024-03-23T00:21:21.861+0000] {dagbag.py:540} INFO - Filling up the DagBag from /home/airflow/.local/lib/python3.8/site-packages/airflow/example_dags/example_python_operator.py
[2024-03-23T00:21:21.873+0000] {processor.py:840} INFO - DAG(s) 'example_python_operator' retrieved from /home/airflow/.local/lib/python3.8/site-packages/airflow/example_dags/example_python_operator.py
[2024-03-23T00:21:21.899+0000] {logging_mixin.py:188} INFO - [2024-03-23T00:21:21.899+0000] {dag.py:3047} INFO - Sync 1 DAGs
[2024-03-23T00:21:21.916+0000] {logging_mixin.py:188} INFO - [2024-03-23T00:21:21.916+0000] {dag.py:3834} INFO - Setting next_dagrun for example_python_operator to None, run_after=None
[2024-03-23T00:21:21.938+0000] {processor.py:183} INFO - Processing /home/airflow/.local/lib/python3.8/site-packages/airflow/example_dags/example_python_operator.py took 0.084 seconds
[2024-03-23T00:21:52.106+0000] {processor.py:161} INFO - Started process (PID=2042) to work on /home/airflow/.local/lib/python3.8/site-packages/airflow/example_dags/example_python_operator.py
[2024-03-23T00:21:52.107+0000] {processor.py:830} INFO - Processing file /home/airflow/.local/lib/python3.8/site-packages/airflow/example_dags/example_python_operator.py for tasks to queue
[2024-03-23T00:21:52.109+0000] {logging_mixin.py:188} INFO - [2024-03-23T00:21:52.108+0000] {dagbag.py:540} INFO - Filling up the DagBag from /home/airflow/.local/lib/python3.8/site-packages/airflow/example_dags/example_python_operator.py
[2024-03-23T00:21:52.121+0000] {processor.py:840} INFO - DAG(s) 'example_python_operator' retrieved from /home/airflow/.local/lib/python3.8/site-packages/airflow/example_dags/example_python_operator.py
[2024-03-23T00:21:52.147+0000] {logging_mixin.py:188} INFO - [2024-03-23T00:21:52.147+0000] {dag.py:3047} INFO - Sync 1 DAGs
[2024-03-23T00:21:52.161+0000] {logging_mixin.py:188} INFO - [2024-03-23T00:21:52.161+0000] {dag.py:3834} INFO - Setting next_dagrun for example_python_operator to None, run_after=None
[2024-03-23T00:21:52.182+0000] {processor.py:183} INFO - Processing /home/airflow/.local/lib/python3.8/site-packages/airflow/example_dags/example_python_operator.py took 0.080 seconds
[2024-03-23T00:22:22.651+0000] {processor.py:161} INFO - Started process (PID=2097) to work on /home/airflow/.local/lib/python3.8/site-packages/airflow/example_dags/example_python_operator.py
[2024-03-23T00:22:22.653+0000] {processor.py:830} INFO - Processing file /home/airflow/.local/lib/python3.8/site-packages/airflow/example_dags/example_python_operator.py for tasks to queue
[2024-03-23T00:22:22.655+0000] {logging_mixin.py:188} INFO - [2024-03-23T00:22:22.654+0000] {dagbag.py:540} INFO - Filling up the DagBag from /home/airflow/.local/lib/python3.8/site-packages/airflow/example_dags/example_python_operator.py
[2024-03-23T00:22:22.667+0000] {processor.py:840} INFO - DAG(s) 'example_python_operator' retrieved from /home/airflow/.local/lib/python3.8/site-packages/airflow/example_dags/example_python_operator.py
[2024-03-23T00:22:22.693+0000] {logging_mixin.py:188} INFO - [2024-03-23T00:22:22.693+0000] {dag.py:3047} INFO - Sync 1 DAGs
[2024-03-23T00:22:22.708+0000] {logging_mixin.py:188} INFO - [2024-03-23T00:22:22.708+0000] {dag.py:3834} INFO - Setting next_dagrun for example_python_operator to None, run_after=None
[2024-03-23T00:22:22.733+0000] {processor.py:183} INFO - Processing /home/airflow/.local/lib/python3.8/site-packages/airflow/example_dags/example_python_operator.py took 0.085 seconds
[2024-03-23T00:22:52.954+0000] {processor.py:161} INFO - Started process (PID=2152) to work on /home/airflow/.local/lib/python3.8/site-packages/airflow/example_dags/example_python_operator.py
[2024-03-23T00:22:52.955+0000] {processor.py:830} INFO - Processing file /home/airflow/.local/lib/python3.8/site-packages/airflow/example_dags/example_python_operator.py for tasks to queue
[2024-03-23T00:22:52.957+0000] {logging_mixin.py:188} INFO - [2024-03-23T00:22:52.956+0000] {dagbag.py:540} INFO - Filling up the DagBag from /home/airflow/.local/lib/python3.8/site-packages/airflow/example_dags/example_python_operator.py
[2024-03-23T00:22:52.969+0000] {processor.py:840} INFO - DAG(s) 'example_python_operator' retrieved from /home/airflow/.local/lib/python3.8/site-packages/airflow/example_dags/example_python_operator.py
[2024-03-23T00:22:52.995+0000] {logging_mixin.py:188} INFO - [2024-03-23T00:22:52.995+0000] {dag.py:3047} INFO - Sync 1 DAGs
[2024-03-23T00:22:53.009+0000] {logging_mixin.py:188} INFO - [2024-03-23T00:22:53.008+0000] {dag.py:3834} INFO - Setting next_dagrun for example_python_operator to None, run_after=None
[2024-03-23T00:22:53.028+0000] {processor.py:183} INFO - Processing /home/airflow/.local/lib/python3.8/site-packages/airflow/example_dags/example_python_operator.py took 0.078 seconds
[2024-03-23T00:23:23.266+0000] {processor.py:161} INFO - Started process (PID=2207) to work on /home/airflow/.local/lib/python3.8/site-packages/airflow/example_dags/example_python_operator.py
[2024-03-23T00:23:23.268+0000] {processor.py:830} INFO - Processing file /home/airflow/.local/lib/python3.8/site-packages/airflow/example_dags/example_python_operator.py for tasks to queue
[2024-03-23T00:23:23.272+0000] {logging_mixin.py:188} INFO - [2024-03-23T00:23:23.272+0000] {dagbag.py:540} INFO - Filling up the DagBag from /home/airflow/.local/lib/python3.8/site-packages/airflow/example_dags/example_python_operator.py
[2024-03-23T00:23:23.287+0000] {processor.py:840} INFO - DAG(s) 'example_python_operator' retrieved from /home/airflow/.local/lib/python3.8/site-packages/airflow/example_dags/example_python_operator.py
[2024-03-23T00:23:23.313+0000] {logging_mixin.py:188} INFO - [2024-03-23T00:23:23.313+0000] {dag.py:3047} INFO - Sync 1 DAGs
[2024-03-23T00:23:23.328+0000] {logging_mixin.py:188} INFO - [2024-03-23T00:23:23.327+0000] {dag.py:3834} INFO - Setting next_dagrun for example_python_operator to None, run_after=None
[2024-03-23T00:23:23.349+0000] {processor.py:183} INFO - Processing /home/airflow/.local/lib/python3.8/site-packages/airflow/example_dags/example_python_operator.py took 0.088 seconds
[2024-03-23T00:23:53.608+0000] {processor.py:161} INFO - Started process (PID=2262) to work on /home/airflow/.local/lib/python3.8/site-packages/airflow/example_dags/example_python_operator.py
[2024-03-23T00:23:53.609+0000] {processor.py:830} INFO - Processing file /home/airflow/.local/lib/python3.8/site-packages/airflow/example_dags/example_python_operator.py for tasks to queue
[2024-03-23T00:23:53.611+0000] {logging_mixin.py:188} INFO - [2024-03-23T00:23:53.611+0000] {dagbag.py:540} INFO - Filling up the DagBag from /home/airflow/.local/lib/python3.8/site-packages/airflow/example_dags/example_python_operator.py
[2024-03-23T00:23:53.623+0000] {processor.py:840} INFO - DAG(s) 'example_python_operator' retrieved from /home/airflow/.local/lib/python3.8/site-packages/airflow/example_dags/example_python_operator.py
[2024-03-23T00:23:53.649+0000] {logging_mixin.py:188} INFO - [2024-03-23T00:23:53.649+0000] {dag.py:3047} INFO - Sync 1 DAGs
[2024-03-23T00:23:53.663+0000] {logging_mixin.py:188} INFO - [2024-03-23T00:23:53.663+0000] {dag.py:3834} INFO - Setting next_dagrun for example_python_operator to None, run_after=None
[2024-03-23T00:23:53.682+0000] {processor.py:183} INFO - Processing /home/airflow/.local/lib/python3.8/site-packages/airflow/example_dags/example_python_operator.py took 0.078 seconds
[2024-03-23T00:24:24.423+0000] {processor.py:161} INFO - Started process (PID=2315) to work on /home/airflow/.local/lib/python3.8/site-packages/airflow/example_dags/example_python_operator.py
[2024-03-23T00:24:24.424+0000] {processor.py:830} INFO - Processing file /home/airflow/.local/lib/python3.8/site-packages/airflow/example_dags/example_python_operator.py for tasks to queue
[2024-03-23T00:24:24.426+0000] {logging_mixin.py:188} INFO - [2024-03-23T00:24:24.425+0000] {dagbag.py:540} INFO - Filling up the DagBag from /home/airflow/.local/lib/python3.8/site-packages/airflow/example_dags/example_python_operator.py
[2024-03-23T00:24:24.438+0000] {processor.py:840} INFO - DAG(s) 'example_python_operator' retrieved from /home/airflow/.local/lib/python3.8/site-packages/airflow/example_dags/example_python_operator.py
[2024-03-23T00:24:24.464+0000] {logging_mixin.py:188} INFO - [2024-03-23T00:24:24.464+0000] {dag.py:3047} INFO - Sync 1 DAGs
[2024-03-23T00:24:24.479+0000] {logging_mixin.py:188} INFO - [2024-03-23T00:24:24.478+0000] {dag.py:3834} INFO - Setting next_dagrun for example_python_operator to None, run_after=None
[2024-03-23T00:24:24.499+0000] {processor.py:183} INFO - Processing /home/airflow/.local/lib/python3.8/site-packages/airflow/example_dags/example_python_operator.py took 0.080 seconds
[2024-03-23T00:24:54.707+0000] {processor.py:161} INFO - Started process (PID=2370) to work on /home/airflow/.local/lib/python3.8/site-packages/airflow/example_dags/example_python_operator.py
[2024-03-23T00:24:54.708+0000] {processor.py:830} INFO - Processing file /home/airflow/.local/lib/python3.8/site-packages/airflow/example_dags/example_python_operator.py for tasks to queue
[2024-03-23T00:24:54.710+0000] {logging_mixin.py:188} INFO - [2024-03-23T00:24:54.710+0000] {dagbag.py:540} INFO - Filling up the DagBag from /home/airflow/.local/lib/python3.8/site-packages/airflow/example_dags/example_python_operator.py
[2024-03-23T00:24:54.722+0000] {processor.py:840} INFO - DAG(s) 'example_python_operator' retrieved from /home/airflow/.local/lib/python3.8/site-packages/airflow/example_dags/example_python_operator.py
[2024-03-23T00:24:54.748+0000] {logging_mixin.py:188} INFO - [2024-03-23T00:24:54.747+0000] {dag.py:3047} INFO - Sync 1 DAGs
[2024-03-23T00:24:54.762+0000] {logging_mixin.py:188} INFO - [2024-03-23T00:24:54.762+0000] {dag.py:3834} INFO - Setting next_dagrun for example_python_operator to None, run_after=None
[2024-03-23T00:24:54.782+0000] {processor.py:183} INFO - Processing /home/airflow/.local/lib/python3.8/site-packages/airflow/example_dags/example_python_operator.py took 0.079 seconds
[2024-03-23T00:25:24.994+0000] {processor.py:161} INFO - Started process (PID=2425) to work on /home/airflow/.local/lib/python3.8/site-packages/airflow/example_dags/example_python_operator.py
[2024-03-23T00:25:24.995+0000] {processor.py:830} INFO - Processing file /home/airflow/.local/lib/python3.8/site-packages/airflow/example_dags/example_python_operator.py for tasks to queue
[2024-03-23T00:25:24.997+0000] {logging_mixin.py:188} INFO - [2024-03-23T00:25:24.997+0000] {dagbag.py:540} INFO - Filling up the DagBag from /home/airflow/.local/lib/python3.8/site-packages/airflow/example_dags/example_python_operator.py
[2024-03-23T00:25:25.009+0000] {processor.py:840} INFO - DAG(s) 'example_python_operator' retrieved from /home/airflow/.local/lib/python3.8/site-packages/airflow/example_dags/example_python_operator.py
[2024-03-23T00:25:25.036+0000] {logging_mixin.py:188} INFO - [2024-03-23T00:25:25.036+0000] {dag.py:3047} INFO - Sync 1 DAGs
[2024-03-23T00:25:25.051+0000] {logging_mixin.py:188} INFO - [2024-03-23T00:25:25.051+0000] {dag.py:3834} INFO - Setting next_dagrun for example_python_operator to None, run_after=None
[2024-03-23T00:25:25.071+0000] {processor.py:183} INFO - Processing /home/airflow/.local/lib/python3.8/site-packages/airflow/example_dags/example_python_operator.py took 0.081 seconds
[2024-03-23T00:25:55.277+0000] {processor.py:161} INFO - Started process (PID=2480) to work on /home/airflow/.local/lib/python3.8/site-packages/airflow/example_dags/example_python_operator.py
[2024-03-23T00:25:55.278+0000] {processor.py:830} INFO - Processing file /home/airflow/.local/lib/python3.8/site-packages/airflow/example_dags/example_python_operator.py for tasks to queue
[2024-03-23T00:25:55.280+0000] {logging_mixin.py:188} INFO - [2024-03-23T00:25:55.280+0000] {dagbag.py:540} INFO - Filling up the DagBag from /home/airflow/.local/lib/python3.8/site-packages/airflow/example_dags/example_python_operator.py
[2024-03-23T00:25:55.293+0000] {processor.py:840} INFO - DAG(s) 'example_python_operator' retrieved from /home/airflow/.local/lib/python3.8/site-packages/airflow/example_dags/example_python_operator.py
[2024-03-23T00:25:55.319+0000] {logging_mixin.py:188} INFO - [2024-03-23T00:25:55.318+0000] {dag.py:3047} INFO - Sync 1 DAGs
[2024-03-23T00:25:55.333+0000] {logging_mixin.py:188} INFO - [2024-03-23T00:25:55.333+0000] {dag.py:3834} INFO - Setting next_dagrun for example_python_operator to None, run_after=None
[2024-03-23T00:25:55.353+0000] {processor.py:183} INFO - Processing /home/airflow/.local/lib/python3.8/site-packages/airflow/example_dags/example_python_operator.py took 0.079 seconds
[2024-03-23T00:26:25.530+0000] {processor.py:161} INFO - Started process (PID=2535) to work on /home/airflow/.local/lib/python3.8/site-packages/airflow/example_dags/example_python_operator.py
[2024-03-23T00:26:25.531+0000] {processor.py:830} INFO - Processing file /home/airflow/.local/lib/python3.8/site-packages/airflow/example_dags/example_python_operator.py for tasks to queue
[2024-03-23T00:26:25.533+0000] {logging_mixin.py:188} INFO - [2024-03-23T00:26:25.533+0000] {dagbag.py:540} INFO - Filling up the DagBag from /home/airflow/.local/lib/python3.8/site-packages/airflow/example_dags/example_python_operator.py
[2024-03-23T00:26:25.545+0000] {processor.py:840} INFO - DAG(s) 'example_python_operator' retrieved from /home/airflow/.local/lib/python3.8/site-packages/airflow/example_dags/example_python_operator.py
[2024-03-23T00:26:25.570+0000] {logging_mixin.py:188} INFO - [2024-03-23T00:26:25.570+0000] {dag.py:3047} INFO - Sync 1 DAGs
[2024-03-23T00:26:25.584+0000] {logging_mixin.py:188} INFO - [2024-03-23T00:26:25.584+0000] {dag.py:3834} INFO - Setting next_dagrun for example_python_operator to None, run_after=None
[2024-03-23T00:26:25.605+0000] {processor.py:183} INFO - Processing /home/airflow/.local/lib/python3.8/site-packages/airflow/example_dags/example_python_operator.py took 0.078 seconds
