[2024-03-23T00:03:37.774+0000] {processor.py:161} INFO - Started process (PID=57) to work on /home/airflow/.local/lib/python3.8/site-packages/airflow/example_dags/example_dag_decorator.py
[2024-03-23T00:03:37.776+0000] {processor.py:830} INFO - Processing file /home/airflow/.local/lib/python3.8/site-packages/airflow/example_dags/example_dag_decorator.py for tasks to queue
[2024-03-23T00:03:37.779+0000] {logging_mixin.py:188} INFO - [2024-03-23T00:03:37.778+0000] {dagbag.py:540} INFO - Filling up the DagBag from /home/airflow/.local/lib/python3.8/site-packages/airflow/example_dags/example_dag_decorator.py
[2024-03-23T00:03:37.958+0000] {processor.py:840} INFO - DAG(s) 'example_dag_decorator' retrieved from /home/airflow/.local/lib/python3.8/site-packages/airflow/example_dags/example_dag_decorator.py
[2024-03-23T00:03:38.194+0000] {logging_mixin.py:188} INFO - [2024-03-23T00:03:38.194+0000] {dag.py:3047} INFO - Sync 1 DAGs
[2024-03-23T00:03:38.220+0000] {logging_mixin.py:188} INFO - [2024-03-23T00:03:38.220+0000] {dag.py:3834} INFO - Setting next_dagrun for example_dag_decorator to None, run_after=None
[2024-03-23T00:03:38.257+0000] {processor.py:183} INFO - Processing /home/airflow/.local/lib/python3.8/site-packages/airflow/example_dags/example_dag_decorator.py took 0.490 seconds
[2024-03-23T00:04:08.725+0000] {processor.py:161} INFO - Started process (PID=112) to work on /home/airflow/.local/lib/python3.8/site-packages/airflow/example_dags/example_dag_decorator.py
[2024-03-23T00:04:08.726+0000] {processor.py:830} INFO - Processing file /home/airflow/.local/lib/python3.8/site-packages/airflow/example_dags/example_dag_decorator.py for tasks to queue
[2024-03-23T00:04:08.728+0000] {logging_mixin.py:188} INFO - [2024-03-23T00:04:08.728+0000] {dagbag.py:540} INFO - Filling up the DagBag from /home/airflow/.local/lib/python3.8/site-packages/airflow/example_dags/example_dag_decorator.py
[2024-03-23T00:04:08.843+0000] {processor.py:840} INFO - DAG(s) 'example_dag_decorator' retrieved from /home/airflow/.local/lib/python3.8/site-packages/airflow/example_dags/example_dag_decorator.py
[2024-03-23T00:04:08.965+0000] {logging_mixin.py:188} INFO - [2024-03-23T00:04:08.965+0000] {dag.py:3047} INFO - Sync 1 DAGs
[2024-03-23T00:04:08.977+0000] {logging_mixin.py:188} INFO - [2024-03-23T00:04:08.977+0000] {dag.py:3834} INFO - Setting next_dagrun for example_dag_decorator to None, run_after=None
[2024-03-23T00:04:08.997+0000] {processor.py:183} INFO - Processing /home/airflow/.local/lib/python3.8/site-packages/airflow/example_dags/example_dag_decorator.py took 0.276 seconds
[2024-03-23T00:04:39.142+0000] {processor.py:161} INFO - Started process (PID=167) to work on /home/airflow/.local/lib/python3.8/site-packages/airflow/example_dags/example_dag_decorator.py
[2024-03-23T00:04:39.143+0000] {processor.py:830} INFO - Processing file /home/airflow/.local/lib/python3.8/site-packages/airflow/example_dags/example_dag_decorator.py for tasks to queue
[2024-03-23T00:04:39.145+0000] {logging_mixin.py:188} INFO - [2024-03-23T00:04:39.145+0000] {dagbag.py:540} INFO - Filling up the DagBag from /home/airflow/.local/lib/python3.8/site-packages/airflow/example_dags/example_dag_decorator.py
[2024-03-23T00:04:39.260+0000] {processor.py:840} INFO - DAG(s) 'example_dag_decorator' retrieved from /home/airflow/.local/lib/python3.8/site-packages/airflow/example_dags/example_dag_decorator.py
[2024-03-23T00:04:39.380+0000] {logging_mixin.py:188} INFO - [2024-03-23T00:04:39.380+0000] {dag.py:3047} INFO - Sync 1 DAGs
[2024-03-23T00:04:39.395+0000] {logging_mixin.py:188} INFO - [2024-03-23T00:04:39.394+0000] {dag.py:3834} INFO - Setting next_dagrun for example_dag_decorator to None, run_after=None
[2024-03-23T00:04:39.415+0000] {processor.py:183} INFO - Processing /home/airflow/.local/lib/python3.8/site-packages/airflow/example_dags/example_dag_decorator.py took 0.277 seconds
[2024-03-23T00:05:09.485+0000] {processor.py:161} INFO - Started process (PID=224) to work on /home/airflow/.local/lib/python3.8/site-packages/airflow/example_dags/example_dag_decorator.py
[2024-03-23T00:05:09.486+0000] {processor.py:830} INFO - Processing file /home/airflow/.local/lib/python3.8/site-packages/airflow/example_dags/example_dag_decorator.py for tasks to queue
[2024-03-23T00:05:09.488+0000] {logging_mixin.py:188} INFO - [2024-03-23T00:05:09.488+0000] {dagbag.py:540} INFO - Filling up the DagBag from /home/airflow/.local/lib/python3.8/site-packages/airflow/example_dags/example_dag_decorator.py
[2024-03-23T00:05:09.607+0000] {processor.py:840} INFO - DAG(s) 'example_dag_decorator' retrieved from /home/airflow/.local/lib/python3.8/site-packages/airflow/example_dags/example_dag_decorator.py
[2024-03-23T00:05:09.734+0000] {logging_mixin.py:188} INFO - [2024-03-23T00:05:09.734+0000] {dag.py:3047} INFO - Sync 1 DAGs
[2024-03-23T00:05:09.748+0000] {logging_mixin.py:188} INFO - [2024-03-23T00:05:09.747+0000] {dag.py:3834} INFO - Setting next_dagrun for example_dag_decorator to None, run_after=None
[2024-03-23T00:05:09.768+0000] {processor.py:183} INFO - Processing /home/airflow/.local/lib/python3.8/site-packages/airflow/example_dags/example_dag_decorator.py took 0.288 seconds
[2024-03-23T00:05:39.930+0000] {processor.py:161} INFO - Started process (PID=281) to work on /home/airflow/.local/lib/python3.8/site-packages/airflow/example_dags/example_dag_decorator.py
[2024-03-23T00:05:39.932+0000] {processor.py:830} INFO - Processing file /home/airflow/.local/lib/python3.8/site-packages/airflow/example_dags/example_dag_decorator.py for tasks to queue
[2024-03-23T00:05:39.934+0000] {logging_mixin.py:188} INFO - [2024-03-23T00:05:39.933+0000] {dagbag.py:540} INFO - Filling up the DagBag from /home/airflow/.local/lib/python3.8/site-packages/airflow/example_dags/example_dag_decorator.py
[2024-03-23T00:05:40.050+0000] {processor.py:840} INFO - DAG(s) 'example_dag_decorator' retrieved from /home/airflow/.local/lib/python3.8/site-packages/airflow/example_dags/example_dag_decorator.py
[2024-03-23T00:05:40.181+0000] {logging_mixin.py:188} INFO - [2024-03-23T00:05:40.181+0000] {dag.py:3047} INFO - Sync 1 DAGs
[2024-03-23T00:05:40.200+0000] {logging_mixin.py:188} INFO - [2024-03-23T00:05:40.200+0000] {dag.py:3834} INFO - Setting next_dagrun for example_dag_decorator to None, run_after=None
[2024-03-23T00:05:40.223+0000] {processor.py:183} INFO - Processing /home/airflow/.local/lib/python3.8/site-packages/airflow/example_dags/example_dag_decorator.py took 0.297 seconds
[2024-03-23T00:06:10.359+0000] {processor.py:161} INFO - Started process (PID=336) to work on /home/airflow/.local/lib/python3.8/site-packages/airflow/example_dags/example_dag_decorator.py
[2024-03-23T00:06:10.361+0000] {processor.py:830} INFO - Processing file /home/airflow/.local/lib/python3.8/site-packages/airflow/example_dags/example_dag_decorator.py for tasks to queue
[2024-03-23T00:06:10.365+0000] {logging_mixin.py:188} INFO - [2024-03-23T00:06:10.364+0000] {dagbag.py:540} INFO - Filling up the DagBag from /home/airflow/.local/lib/python3.8/site-packages/airflow/example_dags/example_dag_decorator.py
[2024-03-23T00:06:10.556+0000] {processor.py:840} INFO - DAG(s) 'example_dag_decorator' retrieved from /home/airflow/.local/lib/python3.8/site-packages/airflow/example_dags/example_dag_decorator.py
[2024-03-23T00:06:10.693+0000] {logging_mixin.py:188} INFO - [2024-03-23T00:06:10.692+0000] {dag.py:3047} INFO - Sync 1 DAGs
[2024-03-23T00:06:10.708+0000] {logging_mixin.py:188} INFO - [2024-03-23T00:06:10.708+0000] {dag.py:3834} INFO - Setting next_dagrun for example_dag_decorator to None, run_after=None
[2024-03-23T00:06:10.737+0000] {processor.py:183} INFO - Processing /home/airflow/.local/lib/python3.8/site-packages/airflow/example_dags/example_dag_decorator.py took 0.387 seconds
[2024-03-23T00:06:40.792+0000] {processor.py:161} INFO - Started process (PID=391) to work on /home/airflow/.local/lib/python3.8/site-packages/airflow/example_dags/example_dag_decorator.py
[2024-03-23T00:06:40.794+0000] {processor.py:830} INFO - Processing file /home/airflow/.local/lib/python3.8/site-packages/airflow/example_dags/example_dag_decorator.py for tasks to queue
[2024-03-23T00:06:40.796+0000] {logging_mixin.py:188} INFO - [2024-03-23T00:06:40.795+0000] {dagbag.py:540} INFO - Filling up the DagBag from /home/airflow/.local/lib/python3.8/site-packages/airflow/example_dags/example_dag_decorator.py
[2024-03-23T00:06:40.916+0000] {processor.py:840} INFO - DAG(s) 'example_dag_decorator' retrieved from /home/airflow/.local/lib/python3.8/site-packages/airflow/example_dags/example_dag_decorator.py
[2024-03-23T00:06:41.047+0000] {logging_mixin.py:188} INFO - [2024-03-23T00:06:41.046+0000] {dag.py:3047} INFO - Sync 1 DAGs
[2024-03-23T00:06:41.060+0000] {logging_mixin.py:188} INFO - [2024-03-23T00:06:41.060+0000] {dag.py:3834} INFO - Setting next_dagrun for example_dag_decorator to None, run_after=None
[2024-03-23T00:06:41.090+0000] {processor.py:183} INFO - Processing /home/airflow/.local/lib/python3.8/site-packages/airflow/example_dags/example_dag_decorator.py took 0.302 seconds
[2024-03-23T00:07:11.277+0000] {processor.py:161} INFO - Started process (PID=446) to work on /home/airflow/.local/lib/python3.8/site-packages/airflow/example_dags/example_dag_decorator.py
[2024-03-23T00:07:11.278+0000] {processor.py:830} INFO - Processing file /home/airflow/.local/lib/python3.8/site-packages/airflow/example_dags/example_dag_decorator.py for tasks to queue
[2024-03-23T00:07:11.280+0000] {logging_mixin.py:188} INFO - [2024-03-23T00:07:11.280+0000] {dagbag.py:540} INFO - Filling up the DagBag from /home/airflow/.local/lib/python3.8/site-packages/airflow/example_dags/example_dag_decorator.py
[2024-03-23T00:07:11.399+0000] {processor.py:840} INFO - DAG(s) 'example_dag_decorator' retrieved from /home/airflow/.local/lib/python3.8/site-packages/airflow/example_dags/example_dag_decorator.py
[2024-03-23T00:07:11.533+0000] {logging_mixin.py:188} INFO - [2024-03-23T00:07:11.533+0000] {dag.py:3047} INFO - Sync 1 DAGs
[2024-03-23T00:07:11.546+0000] {logging_mixin.py:188} INFO - [2024-03-23T00:07:11.546+0000] {dag.py:3834} INFO - Setting next_dagrun for example_dag_decorator to None, run_after=None
[2024-03-23T00:07:11.572+0000] {processor.py:183} INFO - Processing /home/airflow/.local/lib/python3.8/site-packages/airflow/example_dags/example_dag_decorator.py took 0.299 seconds
[2024-03-23T00:07:41.936+0000] {processor.py:161} INFO - Started process (PID=503) to work on /home/airflow/.local/lib/python3.8/site-packages/airflow/example_dags/example_dag_decorator.py
[2024-03-23T00:07:41.937+0000] {processor.py:830} INFO - Processing file /home/airflow/.local/lib/python3.8/site-packages/airflow/example_dags/example_dag_decorator.py for tasks to queue
[2024-03-23T00:07:41.939+0000] {logging_mixin.py:188} INFO - [2024-03-23T00:07:41.939+0000] {dagbag.py:540} INFO - Filling up the DagBag from /home/airflow/.local/lib/python3.8/site-packages/airflow/example_dags/example_dag_decorator.py
[2024-03-23T00:07:42.101+0000] {processor.py:840} INFO - DAG(s) 'example_dag_decorator' retrieved from /home/airflow/.local/lib/python3.8/site-packages/airflow/example_dags/example_dag_decorator.py
[2024-03-23T00:07:42.263+0000] {logging_mixin.py:188} INFO - [2024-03-23T00:07:42.263+0000] {dag.py:3047} INFO - Sync 1 DAGs
[2024-03-23T00:07:42.280+0000] {logging_mixin.py:188} INFO - [2024-03-23T00:07:42.280+0000] {dag.py:3834} INFO - Setting next_dagrun for example_dag_decorator to None, run_after=None
[2024-03-23T00:07:42.314+0000] {processor.py:183} INFO - Processing /home/airflow/.local/lib/python3.8/site-packages/airflow/example_dags/example_dag_decorator.py took 0.382 seconds
[2024-03-23T00:08:13.240+0000] {processor.py:161} INFO - Started process (PID=560) to work on /home/airflow/.local/lib/python3.8/site-packages/airflow/example_dags/example_dag_decorator.py
[2024-03-23T00:08:13.241+0000] {processor.py:830} INFO - Processing file /home/airflow/.local/lib/python3.8/site-packages/airflow/example_dags/example_dag_decorator.py for tasks to queue
[2024-03-23T00:08:13.243+0000] {logging_mixin.py:188} INFO - [2024-03-23T00:08:13.243+0000] {dagbag.py:540} INFO - Filling up the DagBag from /home/airflow/.local/lib/python3.8/site-packages/airflow/example_dags/example_dag_decorator.py
[2024-03-23T00:08:13.359+0000] {processor.py:840} INFO - DAG(s) 'example_dag_decorator' retrieved from /home/airflow/.local/lib/python3.8/site-packages/airflow/example_dags/example_dag_decorator.py
[2024-03-23T00:08:13.480+0000] {logging_mixin.py:188} INFO - [2024-03-23T00:08:13.479+0000] {dag.py:3047} INFO - Sync 1 DAGs
[2024-03-23T00:08:13.492+0000] {logging_mixin.py:188} INFO - [2024-03-23T00:08:13.492+0000] {dag.py:3834} INFO - Setting next_dagrun for example_dag_decorator to None, run_after=None
[2024-03-23T00:08:13.515+0000] {processor.py:183} INFO - Processing /home/airflow/.local/lib/python3.8/site-packages/airflow/example_dags/example_dag_decorator.py took 0.280 seconds
[2024-03-23T00:08:43.592+0000] {processor.py:161} INFO - Started process (PID=616) to work on /home/airflow/.local/lib/python3.8/site-packages/airflow/example_dags/example_dag_decorator.py
[2024-03-23T00:08:43.593+0000] {processor.py:830} INFO - Processing file /home/airflow/.local/lib/python3.8/site-packages/airflow/example_dags/example_dag_decorator.py for tasks to queue
[2024-03-23T00:08:43.595+0000] {logging_mixin.py:188} INFO - [2024-03-23T00:08:43.595+0000] {dagbag.py:540} INFO - Filling up the DagBag from /home/airflow/.local/lib/python3.8/site-packages/airflow/example_dags/example_dag_decorator.py
[2024-03-23T00:08:43.710+0000] {processor.py:840} INFO - DAG(s) 'example_dag_decorator' retrieved from /home/airflow/.local/lib/python3.8/site-packages/airflow/example_dags/example_dag_decorator.py
[2024-03-23T00:08:43.832+0000] {logging_mixin.py:188} INFO - [2024-03-23T00:08:43.832+0000] {dag.py:3047} INFO - Sync 1 DAGs
[2024-03-23T00:08:43.844+0000] {logging_mixin.py:188} INFO - [2024-03-23T00:08:43.844+0000] {dag.py:3834} INFO - Setting next_dagrun for example_dag_decorator to None, run_after=None
[2024-03-23T00:08:43.865+0000] {processor.py:183} INFO - Processing /home/airflow/.local/lib/python3.8/site-packages/airflow/example_dags/example_dag_decorator.py took 0.277 seconds
[2024-03-23T00:09:13.954+0000] {processor.py:161} INFO - Started process (PID=670) to work on /home/airflow/.local/lib/python3.8/site-packages/airflow/example_dags/example_dag_decorator.py
[2024-03-23T00:09:13.956+0000] {processor.py:830} INFO - Processing file /home/airflow/.local/lib/python3.8/site-packages/airflow/example_dags/example_dag_decorator.py for tasks to queue
[2024-03-23T00:09:13.958+0000] {logging_mixin.py:188} INFO - [2024-03-23T00:09:13.958+0000] {dagbag.py:540} INFO - Filling up the DagBag from /home/airflow/.local/lib/python3.8/site-packages/airflow/example_dags/example_dag_decorator.py
[2024-03-23T00:09:14.075+0000] {processor.py:840} INFO - DAG(s) 'example_dag_decorator' retrieved from /home/airflow/.local/lib/python3.8/site-packages/airflow/example_dags/example_dag_decorator.py
[2024-03-23T00:09:14.204+0000] {logging_mixin.py:188} INFO - [2024-03-23T00:09:14.204+0000] {dag.py:3047} INFO - Sync 1 DAGs
[2024-03-23T00:09:14.217+0000] {logging_mixin.py:188} INFO - [2024-03-23T00:09:14.216+0000] {dag.py:3834} INFO - Setting next_dagrun for example_dag_decorator to None, run_after=None
[2024-03-23T00:09:14.237+0000] {processor.py:183} INFO - Processing /home/airflow/.local/lib/python3.8/site-packages/airflow/example_dags/example_dag_decorator.py took 0.286 seconds
[2024-03-23T00:09:44.293+0000] {processor.py:161} INFO - Started process (PID=727) to work on /home/airflow/.local/lib/python3.8/site-packages/airflow/example_dags/example_dag_decorator.py
[2024-03-23T00:09:44.294+0000] {processor.py:830} INFO - Processing file /home/airflow/.local/lib/python3.8/site-packages/airflow/example_dags/example_dag_decorator.py for tasks to queue
[2024-03-23T00:09:44.296+0000] {logging_mixin.py:188} INFO - [2024-03-23T00:09:44.296+0000] {dagbag.py:540} INFO - Filling up the DagBag from /home/airflow/.local/lib/python3.8/site-packages/airflow/example_dags/example_dag_decorator.py
[2024-03-23T00:09:44.413+0000] {processor.py:840} INFO - DAG(s) 'example_dag_decorator' retrieved from /home/airflow/.local/lib/python3.8/site-packages/airflow/example_dags/example_dag_decorator.py
[2024-03-23T00:09:44.534+0000] {logging_mixin.py:188} INFO - [2024-03-23T00:09:44.534+0000] {dag.py:3047} INFO - Sync 1 DAGs
[2024-03-23T00:09:44.548+0000] {logging_mixin.py:188} INFO - [2024-03-23T00:09:44.548+0000] {dag.py:3834} INFO - Setting next_dagrun for example_dag_decorator to None, run_after=None
[2024-03-23T00:09:44.569+0000] {processor.py:183} INFO - Processing /home/airflow/.local/lib/python3.8/site-packages/airflow/example_dags/example_dag_decorator.py took 0.280 seconds
[2024-03-23T00:10:14.691+0000] {processor.py:161} INFO - Started process (PID=783) to work on /home/airflow/.local/lib/python3.8/site-packages/airflow/example_dags/example_dag_decorator.py
[2024-03-23T00:10:14.693+0000] {processor.py:830} INFO - Processing file /home/airflow/.local/lib/python3.8/site-packages/airflow/example_dags/example_dag_decorator.py for tasks to queue
[2024-03-23T00:10:14.695+0000] {logging_mixin.py:188} INFO - [2024-03-23T00:10:14.695+0000] {dagbag.py:540} INFO - Filling up the DagBag from /home/airflow/.local/lib/python3.8/site-packages/airflow/example_dags/example_dag_decorator.py
[2024-03-23T00:10:14.833+0000] {processor.py:840} INFO - DAG(s) 'example_dag_decorator' retrieved from /home/airflow/.local/lib/python3.8/site-packages/airflow/example_dags/example_dag_decorator.py
[2024-03-23T00:10:14.963+0000] {logging_mixin.py:188} INFO - [2024-03-23T00:10:14.962+0000] {dag.py:3047} INFO - Sync 1 DAGs
[2024-03-23T00:10:14.977+0000] {logging_mixin.py:188} INFO - [2024-03-23T00:10:14.977+0000] {dag.py:3834} INFO - Setting next_dagrun for example_dag_decorator to None, run_after=None
[2024-03-23T00:10:15.007+0000] {processor.py:183} INFO - Processing /home/airflow/.local/lib/python3.8/site-packages/airflow/example_dags/example_dag_decorator.py took 0.320 seconds
[2024-03-23T00:10:45.855+0000] {processor.py:161} INFO - Started process (PID=838) to work on /home/airflow/.local/lib/python3.8/site-packages/airflow/example_dags/example_dag_decorator.py
[2024-03-23T00:10:45.856+0000] {processor.py:830} INFO - Processing file /home/airflow/.local/lib/python3.8/site-packages/airflow/example_dags/example_dag_decorator.py for tasks to queue
[2024-03-23T00:10:45.859+0000] {logging_mixin.py:188} INFO - [2024-03-23T00:10:45.858+0000] {dagbag.py:540} INFO - Filling up the DagBag from /home/airflow/.local/lib/python3.8/site-packages/airflow/example_dags/example_dag_decorator.py
[2024-03-23T00:10:45.980+0000] {processor.py:840} INFO - DAG(s) 'example_dag_decorator' retrieved from /home/airflow/.local/lib/python3.8/site-packages/airflow/example_dags/example_dag_decorator.py
[2024-03-23T00:10:46.110+0000] {logging_mixin.py:188} INFO - [2024-03-23T00:10:46.109+0000] {dag.py:3047} INFO - Sync 1 DAGs
[2024-03-23T00:10:46.124+0000] {logging_mixin.py:188} INFO - [2024-03-23T00:10:46.124+0000] {dag.py:3834} INFO - Setting next_dagrun for example_dag_decorator to None, run_after=None
[2024-03-23T00:10:46.154+0000] {processor.py:183} INFO - Processing /home/airflow/.local/lib/python3.8/site-packages/airflow/example_dags/example_dag_decorator.py took 0.303 seconds
[2024-03-23T00:11:16.214+0000] {processor.py:161} INFO - Started process (PID=893) to work on /home/airflow/.local/lib/python3.8/site-packages/airflow/example_dags/example_dag_decorator.py
[2024-03-23T00:11:16.216+0000] {processor.py:830} INFO - Processing file /home/airflow/.local/lib/python3.8/site-packages/airflow/example_dags/example_dag_decorator.py for tasks to queue
[2024-03-23T00:11:16.218+0000] {logging_mixin.py:188} INFO - [2024-03-23T00:11:16.218+0000] {dagbag.py:540} INFO - Filling up the DagBag from /home/airflow/.local/lib/python3.8/site-packages/airflow/example_dags/example_dag_decorator.py
[2024-03-23T00:11:16.339+0000] {processor.py:840} INFO - DAG(s) 'example_dag_decorator' retrieved from /home/airflow/.local/lib/python3.8/site-packages/airflow/example_dags/example_dag_decorator.py
[2024-03-23T00:11:16.469+0000] {logging_mixin.py:188} INFO - [2024-03-23T00:11:16.469+0000] {dag.py:3047} INFO - Sync 1 DAGs
[2024-03-23T00:11:16.482+0000] {logging_mixin.py:188} INFO - [2024-03-23T00:11:16.481+0000] {dag.py:3834} INFO - Setting next_dagrun for example_dag_decorator to None, run_after=None
[2024-03-23T00:11:16.502+0000] {processor.py:183} INFO - Processing /home/airflow/.local/lib/python3.8/site-packages/airflow/example_dags/example_dag_decorator.py took 0.292 seconds
[2024-03-23T00:11:46.638+0000] {processor.py:161} INFO - Started process (PID=948) to work on /home/airflow/.local/lib/python3.8/site-packages/airflow/example_dags/example_dag_decorator.py
[2024-03-23T00:11:46.639+0000] {processor.py:830} INFO - Processing file /home/airflow/.local/lib/python3.8/site-packages/airflow/example_dags/example_dag_decorator.py for tasks to queue
[2024-03-23T00:11:46.641+0000] {logging_mixin.py:188} INFO - [2024-03-23T00:11:46.641+0000] {dagbag.py:540} INFO - Filling up the DagBag from /home/airflow/.local/lib/python3.8/site-packages/airflow/example_dags/example_dag_decorator.py
[2024-03-23T00:11:46.754+0000] {processor.py:840} INFO - DAG(s) 'example_dag_decorator' retrieved from /home/airflow/.local/lib/python3.8/site-packages/airflow/example_dags/example_dag_decorator.py
[2024-03-23T00:11:46.885+0000] {logging_mixin.py:188} INFO - [2024-03-23T00:11:46.884+0000] {dag.py:3047} INFO - Sync 1 DAGs
[2024-03-23T00:11:46.897+0000] {logging_mixin.py:188} INFO - [2024-03-23T00:11:46.897+0000] {dag.py:3834} INFO - Setting next_dagrun for example_dag_decorator to None, run_after=None
[2024-03-23T00:11:46.919+0000] {processor.py:183} INFO - Processing /home/airflow/.local/lib/python3.8/site-packages/airflow/example_dags/example_dag_decorator.py took 0.286 seconds
[2024-03-23T00:12:17.027+0000] {processor.py:161} INFO - Started process (PID=1004) to work on /home/airflow/.local/lib/python3.8/site-packages/airflow/example_dags/example_dag_decorator.py
[2024-03-23T00:12:17.028+0000] {processor.py:830} INFO - Processing file /home/airflow/.local/lib/python3.8/site-packages/airflow/example_dags/example_dag_decorator.py for tasks to queue
[2024-03-23T00:12:17.031+0000] {logging_mixin.py:188} INFO - [2024-03-23T00:12:17.030+0000] {dagbag.py:540} INFO - Filling up the DagBag from /home/airflow/.local/lib/python3.8/site-packages/airflow/example_dags/example_dag_decorator.py
[2024-03-23T00:12:17.146+0000] {processor.py:840} INFO - DAG(s) 'example_dag_decorator' retrieved from /home/airflow/.local/lib/python3.8/site-packages/airflow/example_dags/example_dag_decorator.py
[2024-03-23T00:12:17.275+0000] {logging_mixin.py:188} INFO - [2024-03-23T00:12:17.275+0000] {dag.py:3047} INFO - Sync 1 DAGs
[2024-03-23T00:12:17.289+0000] {logging_mixin.py:188} INFO - [2024-03-23T00:12:17.288+0000] {dag.py:3834} INFO - Setting next_dagrun for example_dag_decorator to None, run_after=None
[2024-03-23T00:12:17.310+0000] {processor.py:183} INFO - Processing /home/airflow/.local/lib/python3.8/site-packages/airflow/example_dags/example_dag_decorator.py took 0.287 seconds
[2024-03-23T00:12:47.469+0000] {processor.py:161} INFO - Started process (PID=1058) to work on /home/airflow/.local/lib/python3.8/site-packages/airflow/example_dags/example_dag_decorator.py
[2024-03-23T00:12:47.470+0000] {processor.py:830} INFO - Processing file /home/airflow/.local/lib/python3.8/site-packages/airflow/example_dags/example_dag_decorator.py for tasks to queue
[2024-03-23T00:12:47.472+0000] {logging_mixin.py:188} INFO - [2024-03-23T00:12:47.472+0000] {dagbag.py:540} INFO - Filling up the DagBag from /home/airflow/.local/lib/python3.8/site-packages/airflow/example_dags/example_dag_decorator.py
[2024-03-23T00:12:47.588+0000] {processor.py:840} INFO - DAG(s) 'example_dag_decorator' retrieved from /home/airflow/.local/lib/python3.8/site-packages/airflow/example_dags/example_dag_decorator.py
[2024-03-23T00:12:47.725+0000] {logging_mixin.py:188} INFO - [2024-03-23T00:12:47.725+0000] {dag.py:3047} INFO - Sync 1 DAGs
[2024-03-23T00:12:47.740+0000] {logging_mixin.py:188} INFO - [2024-03-23T00:12:47.740+0000] {dag.py:3834} INFO - Setting next_dagrun for example_dag_decorator to None, run_after=None
[2024-03-23T00:12:47.762+0000] {processor.py:183} INFO - Processing /home/airflow/.local/lib/python3.8/site-packages/airflow/example_dags/example_dag_decorator.py took 0.297 seconds
[2024-03-23T00:13:17.880+0000] {processor.py:161} INFO - Started process (PID=1113) to work on /home/airflow/.local/lib/python3.8/site-packages/airflow/example_dags/example_dag_decorator.py
[2024-03-23T00:13:17.881+0000] {processor.py:830} INFO - Processing file /home/airflow/.local/lib/python3.8/site-packages/airflow/example_dags/example_dag_decorator.py for tasks to queue
[2024-03-23T00:13:17.883+0000] {logging_mixin.py:188} INFO - [2024-03-23T00:13:17.883+0000] {dagbag.py:540} INFO - Filling up the DagBag from /home/airflow/.local/lib/python3.8/site-packages/airflow/example_dags/example_dag_decorator.py
[2024-03-23T00:13:17.996+0000] {processor.py:840} INFO - DAG(s) 'example_dag_decorator' retrieved from /home/airflow/.local/lib/python3.8/site-packages/airflow/example_dags/example_dag_decorator.py
[2024-03-23T00:13:18.125+0000] {logging_mixin.py:188} INFO - [2024-03-23T00:13:18.125+0000] {dag.py:3047} INFO - Sync 1 DAGs
[2024-03-23T00:13:18.140+0000] {logging_mixin.py:188} INFO - [2024-03-23T00:13:18.140+0000] {dag.py:3834} INFO - Setting next_dagrun for example_dag_decorator to None, run_after=None
[2024-03-23T00:13:18.164+0000] {processor.py:183} INFO - Processing /home/airflow/.local/lib/python3.8/site-packages/airflow/example_dags/example_dag_decorator.py took 0.288 seconds
[2024-03-23T00:13:48.355+0000] {processor.py:161} INFO - Started process (PID=1168) to work on /home/airflow/.local/lib/python3.8/site-packages/airflow/example_dags/example_dag_decorator.py
[2024-03-23T00:13:48.356+0000] {processor.py:830} INFO - Processing file /home/airflow/.local/lib/python3.8/site-packages/airflow/example_dags/example_dag_decorator.py for tasks to queue
[2024-03-23T00:13:48.358+0000] {logging_mixin.py:188} INFO - [2024-03-23T00:13:48.358+0000] {dagbag.py:540} INFO - Filling up the DagBag from /home/airflow/.local/lib/python3.8/site-packages/airflow/example_dags/example_dag_decorator.py
[2024-03-23T00:13:48.472+0000] {processor.py:840} INFO - DAG(s) 'example_dag_decorator' retrieved from /home/airflow/.local/lib/python3.8/site-packages/airflow/example_dags/example_dag_decorator.py
[2024-03-23T00:13:48.603+0000] {logging_mixin.py:188} INFO - [2024-03-23T00:13:48.603+0000] {dag.py:3047} INFO - Sync 1 DAGs
[2024-03-23T00:13:48.617+0000] {logging_mixin.py:188} INFO - [2024-03-23T00:13:48.617+0000] {dag.py:3834} INFO - Setting next_dagrun for example_dag_decorator to None, run_after=None
[2024-03-23T00:13:48.641+0000] {processor.py:183} INFO - Processing /home/airflow/.local/lib/python3.8/site-packages/airflow/example_dags/example_dag_decorator.py took 0.291 seconds
[2024-03-23T00:14:18.924+0000] {processor.py:161} INFO - Started process (PID=1223) to work on /home/airflow/.local/lib/python3.8/site-packages/airflow/example_dags/example_dag_decorator.py
[2024-03-23T00:14:18.926+0000] {processor.py:830} INFO - Processing file /home/airflow/.local/lib/python3.8/site-packages/airflow/example_dags/example_dag_decorator.py for tasks to queue
[2024-03-23T00:14:18.928+0000] {logging_mixin.py:188} INFO - [2024-03-23T00:14:18.927+0000] {dagbag.py:540} INFO - Filling up the DagBag from /home/airflow/.local/lib/python3.8/site-packages/airflow/example_dags/example_dag_decorator.py
[2024-03-23T00:14:19.051+0000] {processor.py:840} INFO - DAG(s) 'example_dag_decorator' retrieved from /home/airflow/.local/lib/python3.8/site-packages/airflow/example_dags/example_dag_decorator.py
[2024-03-23T00:14:19.179+0000] {logging_mixin.py:188} INFO - [2024-03-23T00:14:19.179+0000] {dag.py:3047} INFO - Sync 1 DAGs
[2024-03-23T00:14:19.192+0000] {logging_mixin.py:188} INFO - [2024-03-23T00:14:19.191+0000] {dag.py:3834} INFO - Setting next_dagrun for example_dag_decorator to None, run_after=None
[2024-03-23T00:14:19.212+0000] {processor.py:183} INFO - Processing /home/airflow/.local/lib/python3.8/site-packages/airflow/example_dags/example_dag_decorator.py took 0.292 seconds
[2024-03-23T00:14:49.382+0000] {processor.py:161} INFO - Started process (PID=1284) to work on /home/airflow/.local/lib/python3.8/site-packages/airflow/example_dags/example_dag_decorator.py
[2024-03-23T00:14:49.383+0000] {processor.py:830} INFO - Processing file /home/airflow/.local/lib/python3.8/site-packages/airflow/example_dags/example_dag_decorator.py for tasks to queue
[2024-03-23T00:14:49.386+0000] {logging_mixin.py:188} INFO - [2024-03-23T00:14:49.385+0000] {dagbag.py:540} INFO - Filling up the DagBag from /home/airflow/.local/lib/python3.8/site-packages/airflow/example_dags/example_dag_decorator.py
[2024-03-23T00:14:49.510+0000] {processor.py:840} INFO - DAG(s) 'example_dag_decorator' retrieved from /home/airflow/.local/lib/python3.8/site-packages/airflow/example_dags/example_dag_decorator.py
[2024-03-23T00:14:49.637+0000] {logging_mixin.py:188} INFO - [2024-03-23T00:14:49.637+0000] {dag.py:3047} INFO - Sync 1 DAGs
[2024-03-23T00:14:49.649+0000] {logging_mixin.py:188} INFO - [2024-03-23T00:14:49.649+0000] {dag.py:3834} INFO - Setting next_dagrun for example_dag_decorator to None, run_after=None
[2024-03-23T00:14:49.671+0000] {processor.py:183} INFO - Processing /home/airflow/.local/lib/python3.8/site-packages/airflow/example_dags/example_dag_decorator.py took 0.293 seconds
[2024-03-23T00:15:19.819+0000] {processor.py:161} INFO - Started process (PID=1341) to work on /home/airflow/.local/lib/python3.8/site-packages/airflow/example_dags/example_dag_decorator.py
[2024-03-23T00:15:19.820+0000] {processor.py:830} INFO - Processing file /home/airflow/.local/lib/python3.8/site-packages/airflow/example_dags/example_dag_decorator.py for tasks to queue
[2024-03-23T00:15:19.823+0000] {logging_mixin.py:188} INFO - [2024-03-23T00:15:19.822+0000] {dagbag.py:540} INFO - Filling up the DagBag from /home/airflow/.local/lib/python3.8/site-packages/airflow/example_dags/example_dag_decorator.py
[2024-03-23T00:15:19.942+0000] {processor.py:840} INFO - DAG(s) 'example_dag_decorator' retrieved from /home/airflow/.local/lib/python3.8/site-packages/airflow/example_dags/example_dag_decorator.py
[2024-03-23T00:15:20.073+0000] {logging_mixin.py:188} INFO - [2024-03-23T00:15:20.072+0000] {dag.py:3047} INFO - Sync 1 DAGs
[2024-03-23T00:15:20.088+0000] {logging_mixin.py:188} INFO - [2024-03-23T00:15:20.087+0000] {dag.py:3834} INFO - Setting next_dagrun for example_dag_decorator to None, run_after=None
[2024-03-23T00:15:20.111+0000] {processor.py:183} INFO - Processing /home/airflow/.local/lib/python3.8/site-packages/airflow/example_dags/example_dag_decorator.py took 0.296 seconds
[2024-03-23T00:15:50.229+0000] {processor.py:161} INFO - Started process (PID=1397) to work on /home/airflow/.local/lib/python3.8/site-packages/airflow/example_dags/example_dag_decorator.py
[2024-03-23T00:15:50.230+0000] {processor.py:830} INFO - Processing file /home/airflow/.local/lib/python3.8/site-packages/airflow/example_dags/example_dag_decorator.py for tasks to queue
[2024-03-23T00:15:50.232+0000] {logging_mixin.py:188} INFO - [2024-03-23T00:15:50.232+0000] {dagbag.py:540} INFO - Filling up the DagBag from /home/airflow/.local/lib/python3.8/site-packages/airflow/example_dags/example_dag_decorator.py
[2024-03-23T00:15:50.347+0000] {processor.py:840} INFO - DAG(s) 'example_dag_decorator' retrieved from /home/airflow/.local/lib/python3.8/site-packages/airflow/example_dags/example_dag_decorator.py
[2024-03-23T00:15:50.469+0000] {logging_mixin.py:188} INFO - [2024-03-23T00:15:50.468+0000] {dag.py:3047} INFO - Sync 1 DAGs
[2024-03-23T00:15:50.481+0000] {logging_mixin.py:188} INFO - [2024-03-23T00:15:50.480+0000] {dag.py:3834} INFO - Setting next_dagrun for example_dag_decorator to None, run_after=None
[2024-03-23T00:15:50.501+0000] {processor.py:183} INFO - Processing /home/airflow/.local/lib/python3.8/site-packages/airflow/example_dags/example_dag_decorator.py took 0.276 seconds
[2024-03-23T00:16:20.719+0000] {processor.py:161} INFO - Started process (PID=1453) to work on /home/airflow/.local/lib/python3.8/site-packages/airflow/example_dags/example_dag_decorator.py
[2024-03-23T00:16:20.720+0000] {processor.py:830} INFO - Processing file /home/airflow/.local/lib/python3.8/site-packages/airflow/example_dags/example_dag_decorator.py for tasks to queue
[2024-03-23T00:16:20.723+0000] {logging_mixin.py:188} INFO - [2024-03-23T00:16:20.722+0000] {dagbag.py:540} INFO - Filling up the DagBag from /home/airflow/.local/lib/python3.8/site-packages/airflow/example_dags/example_dag_decorator.py
[2024-03-23T00:16:20.841+0000] {processor.py:840} INFO - DAG(s) 'example_dag_decorator' retrieved from /home/airflow/.local/lib/python3.8/site-packages/airflow/example_dags/example_dag_decorator.py
[2024-03-23T00:16:20.984+0000] {logging_mixin.py:188} INFO - [2024-03-23T00:16:20.984+0000] {dag.py:3047} INFO - Sync 1 DAGs
[2024-03-23T00:16:21.000+0000] {logging_mixin.py:188} INFO - [2024-03-23T00:16:20.999+0000] {dag.py:3834} INFO - Setting next_dagrun for example_dag_decorator to None, run_after=None
[2024-03-23T00:16:21.025+0000] {processor.py:183} INFO - Processing /home/airflow/.local/lib/python3.8/site-packages/airflow/example_dags/example_dag_decorator.py took 0.309 seconds
[2024-03-23T00:16:51.061+0000] {processor.py:161} INFO - Started process (PID=1509) to work on /home/airflow/.local/lib/python3.8/site-packages/airflow/example_dags/example_dag_decorator.py
[2024-03-23T00:16:51.062+0000] {processor.py:830} INFO - Processing file /home/airflow/.local/lib/python3.8/site-packages/airflow/example_dags/example_dag_decorator.py for tasks to queue
[2024-03-23T00:16:51.064+0000] {logging_mixin.py:188} INFO - [2024-03-23T00:16:51.064+0000] {dagbag.py:540} INFO - Filling up the DagBag from /home/airflow/.local/lib/python3.8/site-packages/airflow/example_dags/example_dag_decorator.py
[2024-03-23T00:16:51.184+0000] {processor.py:840} INFO - DAG(s) 'example_dag_decorator' retrieved from /home/airflow/.local/lib/python3.8/site-packages/airflow/example_dags/example_dag_decorator.py
[2024-03-23T00:16:51.304+0000] {logging_mixin.py:188} INFO - [2024-03-23T00:16:51.304+0000] {dag.py:3047} INFO - Sync 1 DAGs
[2024-03-23T00:16:51.317+0000] {logging_mixin.py:188} INFO - [2024-03-23T00:16:51.316+0000] {dag.py:3834} INFO - Setting next_dagrun for example_dag_decorator to None, run_after=None
[2024-03-23T00:16:51.337+0000] {processor.py:183} INFO - Processing /home/airflow/.local/lib/python3.8/site-packages/airflow/example_dags/example_dag_decorator.py took 0.281 seconds
[2024-03-23T00:17:21.426+0000] {processor.py:161} INFO - Started process (PID=1565) to work on /home/airflow/.local/lib/python3.8/site-packages/airflow/example_dags/example_dag_decorator.py
[2024-03-23T00:17:21.428+0000] {processor.py:830} INFO - Processing file /home/airflow/.local/lib/python3.8/site-packages/airflow/example_dags/example_dag_decorator.py for tasks to queue
[2024-03-23T00:17:21.430+0000] {logging_mixin.py:188} INFO - [2024-03-23T00:17:21.429+0000] {dagbag.py:540} INFO - Filling up the DagBag from /home/airflow/.local/lib/python3.8/site-packages/airflow/example_dags/example_dag_decorator.py
[2024-03-23T00:17:21.553+0000] {processor.py:840} INFO - DAG(s) 'example_dag_decorator' retrieved from /home/airflow/.local/lib/python3.8/site-packages/airflow/example_dags/example_dag_decorator.py
[2024-03-23T00:17:21.676+0000] {logging_mixin.py:188} INFO - [2024-03-23T00:17:21.675+0000] {dag.py:3047} INFO - Sync 1 DAGs
[2024-03-23T00:17:21.691+0000] {logging_mixin.py:188} INFO - [2024-03-23T00:17:21.691+0000] {dag.py:3834} INFO - Setting next_dagrun for example_dag_decorator to None, run_after=None
[2024-03-23T00:17:21.714+0000] {processor.py:183} INFO - Processing /home/airflow/.local/lib/python3.8/site-packages/airflow/example_dags/example_dag_decorator.py took 0.292 seconds
[2024-03-23T00:17:51.906+0000] {processor.py:161} INFO - Started process (PID=1620) to work on /home/airflow/.local/lib/python3.8/site-packages/airflow/example_dags/example_dag_decorator.py
[2024-03-23T00:17:51.907+0000] {processor.py:830} INFO - Processing file /home/airflow/.local/lib/python3.8/site-packages/airflow/example_dags/example_dag_decorator.py for tasks to queue
[2024-03-23T00:17:51.909+0000] {logging_mixin.py:188} INFO - [2024-03-23T00:17:51.909+0000] {dagbag.py:540} INFO - Filling up the DagBag from /home/airflow/.local/lib/python3.8/site-packages/airflow/example_dags/example_dag_decorator.py
[2024-03-23T00:17:52.028+0000] {processor.py:840} INFO - DAG(s) 'example_dag_decorator' retrieved from /home/airflow/.local/lib/python3.8/site-packages/airflow/example_dags/example_dag_decorator.py
[2024-03-23T00:17:52.059+0000] {logging_mixin.py:188} INFO - [2024-03-23T00:17:52.059+0000] {dag.py:3047} INFO - Sync 1 DAGs
[2024-03-23T00:17:52.076+0000] {logging_mixin.py:188} INFO - [2024-03-23T00:17:52.075+0000] {dag.py:3834} INFO - Setting next_dagrun for example_dag_decorator to None, run_after=None
[2024-03-23T00:17:52.097+0000] {processor.py:183} INFO - Processing /home/airflow/.local/lib/python3.8/site-packages/airflow/example_dags/example_dag_decorator.py took 0.195 seconds
[2024-03-23T00:18:22.226+0000] {processor.py:161} INFO - Started process (PID=1674) to work on /home/airflow/.local/lib/python3.8/site-packages/airflow/example_dags/example_dag_decorator.py
[2024-03-23T00:18:22.227+0000] {processor.py:830} INFO - Processing file /home/airflow/.local/lib/python3.8/site-packages/airflow/example_dags/example_dag_decorator.py for tasks to queue
[2024-03-23T00:18:22.229+0000] {logging_mixin.py:188} INFO - [2024-03-23T00:18:22.229+0000] {dagbag.py:540} INFO - Filling up the DagBag from /home/airflow/.local/lib/python3.8/site-packages/airflow/example_dags/example_dag_decorator.py
[2024-03-23T00:18:22.344+0000] {processor.py:840} INFO - DAG(s) 'example_dag_decorator' retrieved from /home/airflow/.local/lib/python3.8/site-packages/airflow/example_dags/example_dag_decorator.py
[2024-03-23T00:18:22.465+0000] {logging_mixin.py:188} INFO - [2024-03-23T00:18:22.465+0000] {dag.py:3047} INFO - Sync 1 DAGs
[2024-03-23T00:18:22.477+0000] {logging_mixin.py:188} INFO - [2024-03-23T00:18:22.477+0000] {dag.py:3834} INFO - Setting next_dagrun for example_dag_decorator to None, run_after=None
[2024-03-23T00:18:22.496+0000] {processor.py:183} INFO - Processing /home/airflow/.local/lib/python3.8/site-packages/airflow/example_dags/example_dag_decorator.py took 0.274 seconds
[2024-03-23T00:18:52.767+0000] {processor.py:161} INFO - Started process (PID=1730) to work on /home/airflow/.local/lib/python3.8/site-packages/airflow/example_dags/example_dag_decorator.py
[2024-03-23T00:18:52.768+0000] {processor.py:830} INFO - Processing file /home/airflow/.local/lib/python3.8/site-packages/airflow/example_dags/example_dag_decorator.py for tasks to queue
[2024-03-23T00:18:52.770+0000] {logging_mixin.py:188} INFO - [2024-03-23T00:18:52.769+0000] {dagbag.py:540} INFO - Filling up the DagBag from /home/airflow/.local/lib/python3.8/site-packages/airflow/example_dags/example_dag_decorator.py
[2024-03-23T00:18:52.885+0000] {processor.py:840} INFO - DAG(s) 'example_dag_decorator' retrieved from /home/airflow/.local/lib/python3.8/site-packages/airflow/example_dags/example_dag_decorator.py
[2024-03-23T00:18:53.016+0000] {logging_mixin.py:188} INFO - [2024-03-23T00:18:53.016+0000] {dag.py:3047} INFO - Sync 1 DAGs
[2024-03-23T00:18:53.029+0000] {logging_mixin.py:188} INFO - [2024-03-23T00:18:53.029+0000] {dag.py:3834} INFO - Setting next_dagrun for example_dag_decorator to None, run_after=None
[2024-03-23T00:18:53.050+0000] {processor.py:183} INFO - Processing /home/airflow/.local/lib/python3.8/site-packages/airflow/example_dags/example_dag_decorator.py took 0.288 seconds
[2024-03-23T00:19:23.152+0000] {processor.py:161} INFO - Started process (PID=1786) to work on /home/airflow/.local/lib/python3.8/site-packages/airflow/example_dags/example_dag_decorator.py
[2024-03-23T00:19:23.153+0000] {processor.py:830} INFO - Processing file /home/airflow/.local/lib/python3.8/site-packages/airflow/example_dags/example_dag_decorator.py for tasks to queue
[2024-03-23T00:19:23.155+0000] {logging_mixin.py:188} INFO - [2024-03-23T00:19:23.155+0000] {dagbag.py:540} INFO - Filling up the DagBag from /home/airflow/.local/lib/python3.8/site-packages/airflow/example_dags/example_dag_decorator.py
[2024-03-23T00:19:23.271+0000] {processor.py:840} INFO - DAG(s) 'example_dag_decorator' retrieved from /home/airflow/.local/lib/python3.8/site-packages/airflow/example_dags/example_dag_decorator.py
[2024-03-23T00:19:23.396+0000] {logging_mixin.py:188} INFO - [2024-03-23T00:19:23.396+0000] {dag.py:3047} INFO - Sync 1 DAGs
[2024-03-23T00:19:23.408+0000] {logging_mixin.py:188} INFO - [2024-03-23T00:19:23.408+0000] {dag.py:3834} INFO - Setting next_dagrun for example_dag_decorator to None, run_after=None
[2024-03-23T00:19:23.427+0000] {processor.py:183} INFO - Processing /home/airflow/.local/lib/python3.8/site-packages/airflow/example_dags/example_dag_decorator.py took 0.280 seconds
[2024-03-23T00:19:53.819+0000] {processor.py:161} INFO - Started process (PID=1841) to work on /home/airflow/.local/lib/python3.8/site-packages/airflow/example_dags/example_dag_decorator.py
[2024-03-23T00:19:53.821+0000] {processor.py:830} INFO - Processing file /home/airflow/.local/lib/python3.8/site-packages/airflow/example_dags/example_dag_decorator.py for tasks to queue
[2024-03-23T00:19:53.823+0000] {logging_mixin.py:188} INFO - [2024-03-23T00:19:53.823+0000] {dagbag.py:540} INFO - Filling up the DagBag from /home/airflow/.local/lib/python3.8/site-packages/airflow/example_dags/example_dag_decorator.py
[2024-03-23T00:19:53.949+0000] {processor.py:840} INFO - DAG(s) 'example_dag_decorator' retrieved from /home/airflow/.local/lib/python3.8/site-packages/airflow/example_dags/example_dag_decorator.py
[2024-03-23T00:19:54.074+0000] {logging_mixin.py:188} INFO - [2024-03-23T00:19:54.074+0000] {dag.py:3047} INFO - Sync 1 DAGs
[2024-03-23T00:19:54.087+0000] {logging_mixin.py:188} INFO - [2024-03-23T00:19:54.087+0000] {dag.py:3834} INFO - Setting next_dagrun for example_dag_decorator to None, run_after=None
[2024-03-23T00:19:54.108+0000] {processor.py:183} INFO - Processing /home/airflow/.local/lib/python3.8/site-packages/airflow/example_dags/example_dag_decorator.py took 0.293 seconds
[2024-03-23T00:20:24.364+0000] {processor.py:161} INFO - Started process (PID=1896) to work on /home/airflow/.local/lib/python3.8/site-packages/airflow/example_dags/example_dag_decorator.py
[2024-03-23T00:20:24.365+0000] {processor.py:830} INFO - Processing file /home/airflow/.local/lib/python3.8/site-packages/airflow/example_dags/example_dag_decorator.py for tasks to queue
[2024-03-23T00:20:24.368+0000] {logging_mixin.py:188} INFO - [2024-03-23T00:20:24.367+0000] {dagbag.py:540} INFO - Filling up the DagBag from /home/airflow/.local/lib/python3.8/site-packages/airflow/example_dags/example_dag_decorator.py
[2024-03-23T00:20:24.485+0000] {processor.py:840} INFO - DAG(s) 'example_dag_decorator' retrieved from /home/airflow/.local/lib/python3.8/site-packages/airflow/example_dags/example_dag_decorator.py
[2024-03-23T00:20:24.514+0000] {logging_mixin.py:188} INFO - [2024-03-23T00:20:24.514+0000] {dag.py:3047} INFO - Sync 1 DAGs
[2024-03-23T00:20:24.529+0000] {logging_mixin.py:188} INFO - [2024-03-23T00:20:24.528+0000] {dag.py:3834} INFO - Setting next_dagrun for example_dag_decorator to None, run_after=None
[2024-03-23T00:20:24.547+0000] {processor.py:183} INFO - Processing /home/airflow/.local/lib/python3.8/site-packages/airflow/example_dags/example_dag_decorator.py took 0.189 seconds
[2024-03-23T00:20:54.891+0000] {processor.py:161} INFO - Started process (PID=1951) to work on /home/airflow/.local/lib/python3.8/site-packages/airflow/example_dags/example_dag_decorator.py
[2024-03-23T00:20:54.892+0000] {processor.py:830} INFO - Processing file /home/airflow/.local/lib/python3.8/site-packages/airflow/example_dags/example_dag_decorator.py for tasks to queue
[2024-03-23T00:20:54.894+0000] {logging_mixin.py:188} INFO - [2024-03-23T00:20:54.894+0000] {dagbag.py:540} INFO - Filling up the DagBag from /home/airflow/.local/lib/python3.8/site-packages/airflow/example_dags/example_dag_decorator.py
[2024-03-23T00:20:55.008+0000] {processor.py:840} INFO - DAG(s) 'example_dag_decorator' retrieved from /home/airflow/.local/lib/python3.8/site-packages/airflow/example_dags/example_dag_decorator.py
[2024-03-23T00:20:55.128+0000] {logging_mixin.py:188} INFO - [2024-03-23T00:20:55.128+0000] {dag.py:3047} INFO - Sync 1 DAGs
[2024-03-23T00:20:55.141+0000] {logging_mixin.py:188} INFO - [2024-03-23T00:20:55.140+0000] {dag.py:3834} INFO - Setting next_dagrun for example_dag_decorator to None, run_after=None
[2024-03-23T00:20:55.160+0000] {processor.py:183} INFO - Processing /home/airflow/.local/lib/python3.8/site-packages/airflow/example_dags/example_dag_decorator.py took 0.273 seconds
[2024-03-23T00:21:25.252+0000] {processor.py:161} INFO - Started process (PID=2006) to work on /home/airflow/.local/lib/python3.8/site-packages/airflow/example_dags/example_dag_decorator.py
[2024-03-23T00:21:25.253+0000] {processor.py:830} INFO - Processing file /home/airflow/.local/lib/python3.8/site-packages/airflow/example_dags/example_dag_decorator.py for tasks to queue
[2024-03-23T00:21:25.255+0000] {logging_mixin.py:188} INFO - [2024-03-23T00:21:25.255+0000] {dagbag.py:540} INFO - Filling up the DagBag from /home/airflow/.local/lib/python3.8/site-packages/airflow/example_dags/example_dag_decorator.py
[2024-03-23T00:21:25.371+0000] {processor.py:840} INFO - DAG(s) 'example_dag_decorator' retrieved from /home/airflow/.local/lib/python3.8/site-packages/airflow/example_dags/example_dag_decorator.py
[2024-03-23T00:21:25.496+0000] {logging_mixin.py:188} INFO - [2024-03-23T00:21:25.496+0000] {dag.py:3047} INFO - Sync 1 DAGs
[2024-03-23T00:21:25.510+0000] {logging_mixin.py:188} INFO - [2024-03-23T00:21:25.509+0000] {dag.py:3834} INFO - Setting next_dagrun for example_dag_decorator to None, run_after=None
[2024-03-23T00:21:25.532+0000] {processor.py:183} INFO - Processing /home/airflow/.local/lib/python3.8/site-packages/airflow/example_dags/example_dag_decorator.py took 0.284 seconds
[2024-03-23T00:21:56.422+0000] {processor.py:161} INFO - Started process (PID=2061) to work on /home/airflow/.local/lib/python3.8/site-packages/airflow/example_dags/example_dag_decorator.py
[2024-03-23T00:21:56.423+0000] {processor.py:830} INFO - Processing file /home/airflow/.local/lib/python3.8/site-packages/airflow/example_dags/example_dag_decorator.py for tasks to queue
[2024-03-23T00:21:56.426+0000] {logging_mixin.py:188} INFO - [2024-03-23T00:21:56.425+0000] {dagbag.py:540} INFO - Filling up the DagBag from /home/airflow/.local/lib/python3.8/site-packages/airflow/example_dags/example_dag_decorator.py
[2024-03-23T00:21:56.549+0000] {processor.py:840} INFO - DAG(s) 'example_dag_decorator' retrieved from /home/airflow/.local/lib/python3.8/site-packages/airflow/example_dags/example_dag_decorator.py
[2024-03-23T00:21:56.671+0000] {logging_mixin.py:188} INFO - [2024-03-23T00:21:56.671+0000] {dag.py:3047} INFO - Sync 1 DAGs
[2024-03-23T00:21:56.683+0000] {logging_mixin.py:188} INFO - [2024-03-23T00:21:56.683+0000] {dag.py:3834} INFO - Setting next_dagrun for example_dag_decorator to None, run_after=None
[2024-03-23T00:21:56.703+0000] {processor.py:183} INFO - Processing /home/airflow/.local/lib/python3.8/site-packages/airflow/example_dags/example_dag_decorator.py took 0.286 seconds
[2024-03-23T00:22:26.838+0000] {processor.py:161} INFO - Started process (PID=2116) to work on /home/airflow/.local/lib/python3.8/site-packages/airflow/example_dags/example_dag_decorator.py
[2024-03-23T00:22:26.840+0000] {processor.py:830} INFO - Processing file /home/airflow/.local/lib/python3.8/site-packages/airflow/example_dags/example_dag_decorator.py for tasks to queue
[2024-03-23T00:22:26.842+0000] {logging_mixin.py:188} INFO - [2024-03-23T00:22:26.841+0000] {dagbag.py:540} INFO - Filling up the DagBag from /home/airflow/.local/lib/python3.8/site-packages/airflow/example_dags/example_dag_decorator.py
[2024-03-23T00:22:26.971+0000] {processor.py:840} INFO - DAG(s) 'example_dag_decorator' retrieved from /home/airflow/.local/lib/python3.8/site-packages/airflow/example_dags/example_dag_decorator.py
[2024-03-23T00:22:27.097+0000] {logging_mixin.py:188} INFO - [2024-03-23T00:22:27.096+0000] {dag.py:3047} INFO - Sync 1 DAGs
[2024-03-23T00:22:27.111+0000] {logging_mixin.py:188} INFO - [2024-03-23T00:22:27.111+0000] {dag.py:3834} INFO - Setting next_dagrun for example_dag_decorator to None, run_after=None
[2024-03-23T00:22:27.133+0000] {processor.py:183} INFO - Processing /home/airflow/.local/lib/python3.8/site-packages/airflow/example_dags/example_dag_decorator.py took 0.299 seconds
[2024-03-23T00:22:57.220+0000] {processor.py:161} INFO - Started process (PID=2173) to work on /home/airflow/.local/lib/python3.8/site-packages/airflow/example_dags/example_dag_decorator.py
[2024-03-23T00:22:57.221+0000] {processor.py:830} INFO - Processing file /home/airflow/.local/lib/python3.8/site-packages/airflow/example_dags/example_dag_decorator.py for tasks to queue
[2024-03-23T00:22:57.223+0000] {logging_mixin.py:188} INFO - [2024-03-23T00:22:57.223+0000] {dagbag.py:540} INFO - Filling up the DagBag from /home/airflow/.local/lib/python3.8/site-packages/airflow/example_dags/example_dag_decorator.py
[2024-03-23T00:22:57.340+0000] {processor.py:840} INFO - DAG(s) 'example_dag_decorator' retrieved from /home/airflow/.local/lib/python3.8/site-packages/airflow/example_dags/example_dag_decorator.py
[2024-03-23T00:22:57.462+0000] {logging_mixin.py:188} INFO - [2024-03-23T00:22:57.461+0000] {dag.py:3047} INFO - Sync 1 DAGs
[2024-03-23T00:22:57.476+0000] {logging_mixin.py:188} INFO - [2024-03-23T00:22:57.475+0000] {dag.py:3834} INFO - Setting next_dagrun for example_dag_decorator to None, run_after=None
[2024-03-23T00:22:57.498+0000] {processor.py:183} INFO - Processing /home/airflow/.local/lib/python3.8/site-packages/airflow/example_dags/example_dag_decorator.py took 0.282 seconds
[2024-03-23T00:23:27.671+0000] {processor.py:161} INFO - Started process (PID=2229) to work on /home/airflow/.local/lib/python3.8/site-packages/airflow/example_dags/example_dag_decorator.py
[2024-03-23T00:23:27.672+0000] {processor.py:830} INFO - Processing file /home/airflow/.local/lib/python3.8/site-packages/airflow/example_dags/example_dag_decorator.py for tasks to queue
[2024-03-23T00:23:27.675+0000] {logging_mixin.py:188} INFO - [2024-03-23T00:23:27.674+0000] {dagbag.py:540} INFO - Filling up the DagBag from /home/airflow/.local/lib/python3.8/site-packages/airflow/example_dags/example_dag_decorator.py
[2024-03-23T00:23:27.795+0000] {processor.py:840} INFO - DAG(s) 'example_dag_decorator' retrieved from /home/airflow/.local/lib/python3.8/site-packages/airflow/example_dags/example_dag_decorator.py
[2024-03-23T00:23:27.924+0000] {logging_mixin.py:188} INFO - [2024-03-23T00:23:27.924+0000] {dag.py:3047} INFO - Sync 1 DAGs
[2024-03-23T00:23:27.937+0000] {logging_mixin.py:188} INFO - [2024-03-23T00:23:27.936+0000] {dag.py:3834} INFO - Setting next_dagrun for example_dag_decorator to None, run_after=None
[2024-03-23T00:23:27.957+0000] {processor.py:183} INFO - Processing /home/airflow/.local/lib/python3.8/site-packages/airflow/example_dags/example_dag_decorator.py took 0.290 seconds
[2024-03-23T00:23:58.007+0000] {processor.py:161} INFO - Started process (PID=2285) to work on /home/airflow/.local/lib/python3.8/site-packages/airflow/example_dags/example_dag_decorator.py
[2024-03-23T00:23:58.008+0000] {processor.py:830} INFO - Processing file /home/airflow/.local/lib/python3.8/site-packages/airflow/example_dags/example_dag_decorator.py for tasks to queue
[2024-03-23T00:23:58.010+0000] {logging_mixin.py:188} INFO - [2024-03-23T00:23:58.010+0000] {dagbag.py:540} INFO - Filling up the DagBag from /home/airflow/.local/lib/python3.8/site-packages/airflow/example_dags/example_dag_decorator.py
[2024-03-23T00:23:58.125+0000] {processor.py:840} INFO - DAG(s) 'example_dag_decorator' retrieved from /home/airflow/.local/lib/python3.8/site-packages/airflow/example_dags/example_dag_decorator.py
[2024-03-23T00:23:58.247+0000] {logging_mixin.py:188} INFO - [2024-03-23T00:23:58.246+0000] {dag.py:3047} INFO - Sync 1 DAGs
[2024-03-23T00:23:58.260+0000] {logging_mixin.py:188} INFO - [2024-03-23T00:23:58.260+0000] {dag.py:3834} INFO - Setting next_dagrun for example_dag_decorator to None, run_after=None
[2024-03-23T00:23:58.281+0000] {processor.py:183} INFO - Processing /home/airflow/.local/lib/python3.8/site-packages/airflow/example_dags/example_dag_decorator.py took 0.279 seconds
[2024-03-23T00:24:28.386+0000] {processor.py:161} INFO - Started process (PID=2340) to work on /home/airflow/.local/lib/python3.8/site-packages/airflow/example_dags/example_dag_decorator.py
[2024-03-23T00:24:28.387+0000] {processor.py:830} INFO - Processing file /home/airflow/.local/lib/python3.8/site-packages/airflow/example_dags/example_dag_decorator.py for tasks to queue
[2024-03-23T00:24:28.390+0000] {logging_mixin.py:188} INFO - [2024-03-23T00:24:28.389+0000] {dagbag.py:540} INFO - Filling up the DagBag from /home/airflow/.local/lib/python3.8/site-packages/airflow/example_dags/example_dag_decorator.py
[2024-03-23T00:24:28.503+0000] {processor.py:840} INFO - DAG(s) 'example_dag_decorator' retrieved from /home/airflow/.local/lib/python3.8/site-packages/airflow/example_dags/example_dag_decorator.py
[2024-03-23T00:24:28.532+0000] {logging_mixin.py:188} INFO - [2024-03-23T00:24:28.532+0000] {dag.py:3047} INFO - Sync 1 DAGs
[2024-03-23T00:24:28.547+0000] {logging_mixin.py:188} INFO - [2024-03-23T00:24:28.546+0000] {dag.py:3834} INFO - Setting next_dagrun for example_dag_decorator to None, run_after=None
[2024-03-23T00:24:28.566+0000] {processor.py:183} INFO - Processing /home/airflow/.local/lib/python3.8/site-packages/airflow/example_dags/example_dag_decorator.py took 0.184 seconds
[2024-03-23T00:24:58.701+0000] {processor.py:161} INFO - Started process (PID=2396) to work on /home/airflow/.local/lib/python3.8/site-packages/airflow/example_dags/example_dag_decorator.py
[2024-03-23T00:24:58.702+0000] {processor.py:830} INFO - Processing file /home/airflow/.local/lib/python3.8/site-packages/airflow/example_dags/example_dag_decorator.py for tasks to queue
[2024-03-23T00:24:58.705+0000] {logging_mixin.py:188} INFO - [2024-03-23T00:24:58.704+0000] {dagbag.py:540} INFO - Filling up the DagBag from /home/airflow/.local/lib/python3.8/site-packages/airflow/example_dags/example_dag_decorator.py
[2024-03-23T00:24:58.823+0000] {processor.py:840} INFO - DAG(s) 'example_dag_decorator' retrieved from /home/airflow/.local/lib/python3.8/site-packages/airflow/example_dags/example_dag_decorator.py
[2024-03-23T00:24:58.944+0000] {logging_mixin.py:188} INFO - [2024-03-23T00:24:58.944+0000] {dag.py:3047} INFO - Sync 1 DAGs
[2024-03-23T00:24:58.956+0000] {logging_mixin.py:188} INFO - [2024-03-23T00:24:58.956+0000] {dag.py:3834} INFO - Setting next_dagrun for example_dag_decorator to None, run_after=None
[2024-03-23T00:24:58.976+0000] {processor.py:183} INFO - Processing /home/airflow/.local/lib/python3.8/site-packages/airflow/example_dags/example_dag_decorator.py took 0.279 seconds
[2024-03-23T00:25:29.040+0000] {processor.py:161} INFO - Started process (PID=2452) to work on /home/airflow/.local/lib/python3.8/site-packages/airflow/example_dags/example_dag_decorator.py
[2024-03-23T00:25:29.041+0000] {processor.py:830} INFO - Processing file /home/airflow/.local/lib/python3.8/site-packages/airflow/example_dags/example_dag_decorator.py for tasks to queue
[2024-03-23T00:25:29.043+0000] {logging_mixin.py:188} INFO - [2024-03-23T00:25:29.043+0000] {dagbag.py:540} INFO - Filling up the DagBag from /home/airflow/.local/lib/python3.8/site-packages/airflow/example_dags/example_dag_decorator.py
[2024-03-23T00:25:29.160+0000] {processor.py:840} INFO - DAG(s) 'example_dag_decorator' retrieved from /home/airflow/.local/lib/python3.8/site-packages/airflow/example_dags/example_dag_decorator.py
[2024-03-23T00:25:29.444+0000] {logging_mixin.py:188} INFO - [2024-03-23T00:25:29.444+0000] {dag.py:3047} INFO - Sync 1 DAGs
[2024-03-23T00:25:29.456+0000] {logging_mixin.py:188} INFO - [2024-03-23T00:25:29.456+0000] {dag.py:3834} INFO - Setting next_dagrun for example_dag_decorator to None, run_after=None
[2024-03-23T00:25:29.475+0000] {processor.py:183} INFO - Processing /home/airflow/.local/lib/python3.8/site-packages/airflow/example_dags/example_dag_decorator.py took 0.439 seconds
[2024-03-23T00:25:59.909+0000] {processor.py:161} INFO - Started process (PID=2507) to work on /home/airflow/.local/lib/python3.8/site-packages/airflow/example_dags/example_dag_decorator.py
[2024-03-23T00:25:59.910+0000] {processor.py:830} INFO - Processing file /home/airflow/.local/lib/python3.8/site-packages/airflow/example_dags/example_dag_decorator.py for tasks to queue
[2024-03-23T00:25:59.912+0000] {logging_mixin.py:188} INFO - [2024-03-23T00:25:59.912+0000] {dagbag.py:540} INFO - Filling up the DagBag from /home/airflow/.local/lib/python3.8/site-packages/airflow/example_dags/example_dag_decorator.py
[2024-03-23T00:26:00.029+0000] {processor.py:840} INFO - DAG(s) 'example_dag_decorator' retrieved from /home/airflow/.local/lib/python3.8/site-packages/airflow/example_dags/example_dag_decorator.py
[2024-03-23T00:26:00.323+0000] {logging_mixin.py:188} INFO - [2024-03-23T00:26:00.323+0000] {dag.py:3047} INFO - Sync 1 DAGs
[2024-03-23T00:26:00.335+0000] {logging_mixin.py:188} INFO - [2024-03-23T00:26:00.335+0000] {dag.py:3834} INFO - Setting next_dagrun for example_dag_decorator to None, run_after=None
[2024-03-23T00:26:00.355+0000] {processor.py:183} INFO - Processing /home/airflow/.local/lib/python3.8/site-packages/airflow/example_dags/example_dag_decorator.py took 0.450 seconds
