[2024-03-23T00:03:35.601+0000] {processor.py:161} INFO - Started process (PID=42) to work on /home/airflow/.local/lib/python3.8/site-packages/airflow/example_dags/example_latest_only.py
[2024-03-23T00:03:35.602+0000] {processor.py:830} INFO - Processing file /home/airflow/.local/lib/python3.8/site-packages/airflow/example_dags/example_latest_only.py for tasks to queue
[2024-03-23T00:03:35.605+0000] {logging_mixin.py:188} INFO - [2024-03-23T00:03:35.604+0000] {dagbag.py:540} INFO - Filling up the DagBag from /home/airflow/.local/lib/python3.8/site-packages/airflow/example_dags/example_latest_only.py
[2024-03-23T00:03:35.621+0000] {processor.py:840} INFO - DAG(s) 'latest_only' retrieved from /home/airflow/.local/lib/python3.8/site-packages/airflow/example_dags/example_latest_only.py
[2024-03-23T00:03:35.689+0000] {logging_mixin.py:188} INFO - [2024-03-23T00:03:35.689+0000] {dag.py:3047} INFO - Sync 1 DAGs
[2024-03-23T00:03:35.721+0000] {logging_mixin.py:188} INFO - [2024-03-23T00:03:35.721+0000] {dag.py:3834} INFO - Setting next_dagrun for latest_only to 2024-03-22 20:00:00+00:00, run_after=2024-03-23 00:00:00+00:00
[2024-03-23T00:03:35.745+0000] {processor.py:183} INFO - Processing /home/airflow/.local/lib/python3.8/site-packages/airflow/example_dags/example_latest_only.py took 0.148 seconds
[2024-03-23T00:04:05.918+0000] {processor.py:161} INFO - Started process (PID=97) to work on /home/airflow/.local/lib/python3.8/site-packages/airflow/example_dags/example_latest_only.py
[2024-03-23T00:04:05.920+0000] {processor.py:830} INFO - Processing file /home/airflow/.local/lib/python3.8/site-packages/airflow/example_dags/example_latest_only.py for tasks to queue
[2024-03-23T00:04:05.922+0000] {logging_mixin.py:188} INFO - [2024-03-23T00:04:05.921+0000] {dagbag.py:540} INFO - Filling up the DagBag from /home/airflow/.local/lib/python3.8/site-packages/airflow/example_dags/example_latest_only.py
[2024-03-23T00:04:05.927+0000] {processor.py:840} INFO - DAG(s) 'latest_only' retrieved from /home/airflow/.local/lib/python3.8/site-packages/airflow/example_dags/example_latest_only.py
[2024-03-23T00:04:05.949+0000] {logging_mixin.py:188} INFO - [2024-03-23T00:04:05.949+0000] {dag.py:3047} INFO - Sync 1 DAGs
[2024-03-23T00:04:05.975+0000] {logging_mixin.py:188} INFO - [2024-03-23T00:04:05.975+0000] {dag.py:3834} INFO - Setting next_dagrun for latest_only to 2024-03-22 20:00:00+00:00, run_after=2024-03-23 00:00:00+00:00
[2024-03-23T00:04:05.994+0000] {processor.py:183} INFO - Processing /home/airflow/.local/lib/python3.8/site-packages/airflow/example_dags/example_latest_only.py took 0.080 seconds
[2024-03-23T00:04:36.335+0000] {processor.py:161} INFO - Started process (PID=152) to work on /home/airflow/.local/lib/python3.8/site-packages/airflow/example_dags/example_latest_only.py
[2024-03-23T00:04:36.336+0000] {processor.py:830} INFO - Processing file /home/airflow/.local/lib/python3.8/site-packages/airflow/example_dags/example_latest_only.py for tasks to queue
[2024-03-23T00:04:36.338+0000] {logging_mixin.py:188} INFO - [2024-03-23T00:04:36.338+0000] {dagbag.py:540} INFO - Filling up the DagBag from /home/airflow/.local/lib/python3.8/site-packages/airflow/example_dags/example_latest_only.py
[2024-03-23T00:04:36.343+0000] {processor.py:840} INFO - DAG(s) 'latest_only' retrieved from /home/airflow/.local/lib/python3.8/site-packages/airflow/example_dags/example_latest_only.py
[2024-03-23T00:04:36.367+0000] {logging_mixin.py:188} INFO - [2024-03-23T00:04:36.367+0000] {dag.py:3047} INFO - Sync 1 DAGs
[2024-03-23T00:04:36.391+0000] {logging_mixin.py:188} INFO - [2024-03-23T00:04:36.391+0000] {dag.py:3834} INFO - Setting next_dagrun for latest_only to 2024-03-22 20:00:00+00:00, run_after=2024-03-23 00:00:00+00:00
[2024-03-23T00:04:36.411+0000] {processor.py:183} INFO - Processing /home/airflow/.local/lib/python3.8/site-packages/airflow/example_dags/example_latest_only.py took 0.080 seconds
[2024-03-23T00:05:06.587+0000] {processor.py:161} INFO - Started process (PID=207) to work on /home/airflow/.local/lib/python3.8/site-packages/airflow/example_dags/example_latest_only.py
[2024-03-23T00:05:06.589+0000] {processor.py:830} INFO - Processing file /home/airflow/.local/lib/python3.8/site-packages/airflow/example_dags/example_latest_only.py for tasks to queue
[2024-03-23T00:05:06.591+0000] {logging_mixin.py:188} INFO - [2024-03-23T00:05:06.591+0000] {dagbag.py:540} INFO - Filling up the DagBag from /home/airflow/.local/lib/python3.8/site-packages/airflow/example_dags/example_latest_only.py
[2024-03-23T00:05:06.596+0000] {processor.py:840} INFO - DAG(s) 'latest_only' retrieved from /home/airflow/.local/lib/python3.8/site-packages/airflow/example_dags/example_latest_only.py
[2024-03-23T00:05:06.618+0000] {logging_mixin.py:188} INFO - [2024-03-23T00:05:06.618+0000] {dag.py:3047} INFO - Sync 1 DAGs
[2024-03-23T00:05:06.643+0000] {logging_mixin.py:188} INFO - [2024-03-23T00:05:06.643+0000] {dag.py:3834} INFO - Setting next_dagrun for latest_only to 2024-03-22 20:00:00+00:00, run_after=2024-03-23 00:00:00+00:00
[2024-03-23T00:05:06.661+0000] {processor.py:183} INFO - Processing /home/airflow/.local/lib/python3.8/site-packages/airflow/example_dags/example_latest_only.py took 0.078 seconds
[2024-03-23T00:05:36.760+0000] {processor.py:161} INFO - Started process (PID=262) to work on /home/airflow/.local/lib/python3.8/site-packages/airflow/example_dags/example_latest_only.py
[2024-03-23T00:05:36.762+0000] {processor.py:830} INFO - Processing file /home/airflow/.local/lib/python3.8/site-packages/airflow/example_dags/example_latest_only.py for tasks to queue
[2024-03-23T00:05:36.764+0000] {logging_mixin.py:188} INFO - [2024-03-23T00:05:36.764+0000] {dagbag.py:540} INFO - Filling up the DagBag from /home/airflow/.local/lib/python3.8/site-packages/airflow/example_dags/example_latest_only.py
[2024-03-23T00:05:36.771+0000] {processor.py:840} INFO - DAG(s) 'latest_only' retrieved from /home/airflow/.local/lib/python3.8/site-packages/airflow/example_dags/example_latest_only.py
[2024-03-23T00:05:36.795+0000] {logging_mixin.py:188} INFO - [2024-03-23T00:05:36.795+0000] {dag.py:3047} INFO - Sync 1 DAGs
[2024-03-23T00:05:36.822+0000] {logging_mixin.py:188} INFO - [2024-03-23T00:05:36.822+0000] {dag.py:3834} INFO - Setting next_dagrun for latest_only to 2024-03-22 20:00:00+00:00, run_after=2024-03-23 00:00:00+00:00
[2024-03-23T00:05:36.845+0000] {processor.py:183} INFO - Processing /home/airflow/.local/lib/python3.8/site-packages/airflow/example_dags/example_latest_only.py took 0.089 seconds
[2024-03-23T00:06:07.132+0000] {processor.py:161} INFO - Started process (PID=317) to work on /home/airflow/.local/lib/python3.8/site-packages/airflow/example_dags/example_latest_only.py
[2024-03-23T00:06:07.133+0000] {processor.py:830} INFO - Processing file /home/airflow/.local/lib/python3.8/site-packages/airflow/example_dags/example_latest_only.py for tasks to queue
[2024-03-23T00:06:07.135+0000] {logging_mixin.py:188} INFO - [2024-03-23T00:06:07.135+0000] {dagbag.py:540} INFO - Filling up the DagBag from /home/airflow/.local/lib/python3.8/site-packages/airflow/example_dags/example_latest_only.py
[2024-03-23T00:06:07.140+0000] {processor.py:840} INFO - DAG(s) 'latest_only' retrieved from /home/airflow/.local/lib/python3.8/site-packages/airflow/example_dags/example_latest_only.py
[2024-03-23T00:06:07.164+0000] {logging_mixin.py:188} INFO - [2024-03-23T00:06:07.164+0000] {dag.py:3047} INFO - Sync 1 DAGs
[2024-03-23T00:06:07.190+0000] {logging_mixin.py:188} INFO - [2024-03-23T00:06:07.189+0000] {dag.py:3834} INFO - Setting next_dagrun for latest_only to 2024-03-22 20:00:00+00:00, run_after=2024-03-23 00:00:00+00:00
[2024-03-23T00:06:07.218+0000] {processor.py:183} INFO - Processing /home/airflow/.local/lib/python3.8/site-packages/airflow/example_dags/example_latest_only.py took 0.091 seconds
[2024-03-23T00:06:37.726+0000] {processor.py:161} INFO - Started process (PID=372) to work on /home/airflow/.local/lib/python3.8/site-packages/airflow/example_dags/example_latest_only.py
[2024-03-23T00:06:37.727+0000] {processor.py:830} INFO - Processing file /home/airflow/.local/lib/python3.8/site-packages/airflow/example_dags/example_latest_only.py for tasks to queue
[2024-03-23T00:06:37.729+0000] {logging_mixin.py:188} INFO - [2024-03-23T00:06:37.729+0000] {dagbag.py:540} INFO - Filling up the DagBag from /home/airflow/.local/lib/python3.8/site-packages/airflow/example_dags/example_latest_only.py
[2024-03-23T00:06:37.735+0000] {processor.py:840} INFO - DAG(s) 'latest_only' retrieved from /home/airflow/.local/lib/python3.8/site-packages/airflow/example_dags/example_latest_only.py
[2024-03-23T00:06:37.758+0000] {logging_mixin.py:188} INFO - [2024-03-23T00:06:37.758+0000] {dag.py:3047} INFO - Sync 1 DAGs
[2024-03-23T00:06:37.787+0000] {logging_mixin.py:188} INFO - [2024-03-23T00:06:37.786+0000] {dag.py:3834} INFO - Setting next_dagrun for latest_only to 2024-03-22 20:00:00+00:00, run_after=2024-03-23 00:00:00+00:00
[2024-03-23T00:06:37.810+0000] {processor.py:183} INFO - Processing /home/airflow/.local/lib/python3.8/site-packages/airflow/example_dags/example_latest_only.py took 0.088 seconds
[2024-03-23T00:07:08.159+0000] {processor.py:161} INFO - Started process (PID=427) to work on /home/airflow/.local/lib/python3.8/site-packages/airflow/example_dags/example_latest_only.py
[2024-03-23T00:07:08.161+0000] {processor.py:830} INFO - Processing file /home/airflow/.local/lib/python3.8/site-packages/airflow/example_dags/example_latest_only.py for tasks to queue
[2024-03-23T00:07:08.163+0000] {logging_mixin.py:188} INFO - [2024-03-23T00:07:08.163+0000] {dagbag.py:540} INFO - Filling up the DagBag from /home/airflow/.local/lib/python3.8/site-packages/airflow/example_dags/example_latest_only.py
[2024-03-23T00:07:08.170+0000] {processor.py:840} INFO - DAG(s) 'latest_only' retrieved from /home/airflow/.local/lib/python3.8/site-packages/airflow/example_dags/example_latest_only.py
[2024-03-23T00:07:08.195+0000] {logging_mixin.py:188} INFO - [2024-03-23T00:07:08.195+0000] {dag.py:3047} INFO - Sync 1 DAGs
[2024-03-23T00:07:08.220+0000] {logging_mixin.py:188} INFO - [2024-03-23T00:07:08.220+0000] {dag.py:3834} INFO - Setting next_dagrun for latest_only to 2024-03-22 20:00:00+00:00, run_after=2024-03-23 00:00:00+00:00
[2024-03-23T00:07:08.240+0000] {processor.py:183} INFO - Processing /home/airflow/.local/lib/python3.8/site-packages/airflow/example_dags/example_latest_only.py took 0.087 seconds
[2024-03-23T00:07:38.531+0000] {processor.py:161} INFO - Started process (PID=482) to work on /home/airflow/.local/lib/python3.8/site-packages/airflow/example_dags/example_latest_only.py
[2024-03-23T00:07:38.533+0000] {processor.py:830} INFO - Processing file /home/airflow/.local/lib/python3.8/site-packages/airflow/example_dags/example_latest_only.py for tasks to queue
[2024-03-23T00:07:38.535+0000] {logging_mixin.py:188} INFO - [2024-03-23T00:07:38.534+0000] {dagbag.py:540} INFO - Filling up the DagBag from /home/airflow/.local/lib/python3.8/site-packages/airflow/example_dags/example_latest_only.py
[2024-03-23T00:07:38.540+0000] {processor.py:840} INFO - DAG(s) 'latest_only' retrieved from /home/airflow/.local/lib/python3.8/site-packages/airflow/example_dags/example_latest_only.py
[2024-03-23T00:07:38.563+0000] {logging_mixin.py:188} INFO - [2024-03-23T00:07:38.563+0000] {dag.py:3047} INFO - Sync 1 DAGs
[2024-03-23T00:07:38.588+0000] {logging_mixin.py:188} INFO - [2024-03-23T00:07:38.588+0000] {dag.py:3834} INFO - Setting next_dagrun for latest_only to 2024-03-22 20:00:00+00:00, run_after=2024-03-23 00:00:00+00:00
[2024-03-23T00:07:38.609+0000] {processor.py:183} INFO - Processing /home/airflow/.local/lib/python3.8/site-packages/airflow/example_dags/example_latest_only.py took 0.081 seconds
[2024-03-23T00:08:08.878+0000] {processor.py:161} INFO - Started process (PID=537) to work on /home/airflow/.local/lib/python3.8/site-packages/airflow/example_dags/example_latest_only.py
[2024-03-23T00:08:08.879+0000] {processor.py:830} INFO - Processing file /home/airflow/.local/lib/python3.8/site-packages/airflow/example_dags/example_latest_only.py for tasks to queue
[2024-03-23T00:08:08.881+0000] {logging_mixin.py:188} INFO - [2024-03-23T00:08:08.880+0000] {dagbag.py:540} INFO - Filling up the DagBag from /home/airflow/.local/lib/python3.8/site-packages/airflow/example_dags/example_latest_only.py
[2024-03-23T00:08:08.886+0000] {processor.py:840} INFO - DAG(s) 'latest_only' retrieved from /home/airflow/.local/lib/python3.8/site-packages/airflow/example_dags/example_latest_only.py
[2024-03-23T00:08:08.909+0000] {logging_mixin.py:188} INFO - [2024-03-23T00:08:08.909+0000] {dag.py:3047} INFO - Sync 1 DAGs
[2024-03-23T00:08:08.934+0000] {logging_mixin.py:188} INFO - [2024-03-23T00:08:08.934+0000] {dag.py:3834} INFO - Setting next_dagrun for latest_only to 2024-03-22 20:00:00+00:00, run_after=2024-03-23 00:00:00+00:00
[2024-03-23T00:08:08.954+0000] {processor.py:183} INFO - Processing /home/airflow/.local/lib/python3.8/site-packages/airflow/example_dags/example_latest_only.py took 0.080 seconds
[2024-03-23T00:08:39.146+0000] {processor.py:161} INFO - Started process (PID=592) to work on /home/airflow/.local/lib/python3.8/site-packages/airflow/example_dags/example_latest_only.py
[2024-03-23T00:08:39.147+0000] {processor.py:830} INFO - Processing file /home/airflow/.local/lib/python3.8/site-packages/airflow/example_dags/example_latest_only.py for tasks to queue
[2024-03-23T00:08:39.149+0000] {logging_mixin.py:188} INFO - [2024-03-23T00:08:39.149+0000] {dagbag.py:540} INFO - Filling up the DagBag from /home/airflow/.local/lib/python3.8/site-packages/airflow/example_dags/example_latest_only.py
[2024-03-23T00:08:39.155+0000] {processor.py:840} INFO - DAG(s) 'latest_only' retrieved from /home/airflow/.local/lib/python3.8/site-packages/airflow/example_dags/example_latest_only.py
[2024-03-23T00:08:39.177+0000] {logging_mixin.py:188} INFO - [2024-03-23T00:08:39.177+0000] {dag.py:3047} INFO - Sync 1 DAGs
[2024-03-23T00:08:39.203+0000] {logging_mixin.py:188} INFO - [2024-03-23T00:08:39.202+0000] {dag.py:3834} INFO - Setting next_dagrun for latest_only to 2024-03-22 20:00:00+00:00, run_after=2024-03-23 00:00:00+00:00
[2024-03-23T00:08:39.224+0000] {processor.py:183} INFO - Processing /home/airflow/.local/lib/python3.8/site-packages/airflow/example_dags/example_latest_only.py took 0.082 seconds
[2024-03-23T00:09:09.529+0000] {processor.py:161} INFO - Started process (PID=647) to work on /home/airflow/.local/lib/python3.8/site-packages/airflow/example_dags/example_latest_only.py
[2024-03-23T00:09:09.531+0000] {processor.py:830} INFO - Processing file /home/airflow/.local/lib/python3.8/site-packages/airflow/example_dags/example_latest_only.py for tasks to queue
[2024-03-23T00:09:09.533+0000] {logging_mixin.py:188} INFO - [2024-03-23T00:09:09.533+0000] {dagbag.py:540} INFO - Filling up the DagBag from /home/airflow/.local/lib/python3.8/site-packages/airflow/example_dags/example_latest_only.py
[2024-03-23T00:09:09.539+0000] {processor.py:840} INFO - DAG(s) 'latest_only' retrieved from /home/airflow/.local/lib/python3.8/site-packages/airflow/example_dags/example_latest_only.py
[2024-03-23T00:09:09.564+0000] {logging_mixin.py:188} INFO - [2024-03-23T00:09:09.564+0000] {dag.py:3047} INFO - Sync 1 DAGs
[2024-03-23T00:09:09.591+0000] {logging_mixin.py:188} INFO - [2024-03-23T00:09:09.591+0000] {dag.py:3834} INFO - Setting next_dagrun for latest_only to 2024-03-22 20:00:00+00:00, run_after=2024-03-23 00:00:00+00:00
[2024-03-23T00:09:09.617+0000] {processor.py:183} INFO - Processing /home/airflow/.local/lib/python3.8/site-packages/airflow/example_dags/example_latest_only.py took 0.092 seconds
[2024-03-23T00:09:39.766+0000] {processor.py:161} INFO - Started process (PID=702) to work on /home/airflow/.local/lib/python3.8/site-packages/airflow/example_dags/example_latest_only.py
[2024-03-23T00:09:39.768+0000] {processor.py:830} INFO - Processing file /home/airflow/.local/lib/python3.8/site-packages/airflow/example_dags/example_latest_only.py for tasks to queue
[2024-03-23T00:09:39.770+0000] {logging_mixin.py:188} INFO - [2024-03-23T00:09:39.769+0000] {dagbag.py:540} INFO - Filling up the DagBag from /home/airflow/.local/lib/python3.8/site-packages/airflow/example_dags/example_latest_only.py
[2024-03-23T00:09:39.775+0000] {processor.py:840} INFO - DAG(s) 'latest_only' retrieved from /home/airflow/.local/lib/python3.8/site-packages/airflow/example_dags/example_latest_only.py
[2024-03-23T00:09:39.798+0000] {logging_mixin.py:188} INFO - [2024-03-23T00:09:39.798+0000] {dag.py:3047} INFO - Sync 1 DAGs
[2024-03-23T00:09:39.823+0000] {logging_mixin.py:188} INFO - [2024-03-23T00:09:39.823+0000] {dag.py:3834} INFO - Setting next_dagrun for latest_only to 2024-03-22 20:00:00+00:00, run_after=2024-03-23 00:00:00+00:00
[2024-03-23T00:09:39.844+0000] {processor.py:183} INFO - Processing /home/airflow/.local/lib/python3.8/site-packages/airflow/example_dags/example_latest_only.py took 0.082 seconds
[2024-03-23T00:10:09.878+0000] {processor.py:161} INFO - Started process (PID=757) to work on /home/airflow/.local/lib/python3.8/site-packages/airflow/example_dags/example_latest_only.py
[2024-03-23T00:10:09.879+0000] {processor.py:830} INFO - Processing file /home/airflow/.local/lib/python3.8/site-packages/airflow/example_dags/example_latest_only.py for tasks to queue
[2024-03-23T00:10:09.881+0000] {logging_mixin.py:188} INFO - [2024-03-23T00:10:09.881+0000] {dagbag.py:540} INFO - Filling up the DagBag from /home/airflow/.local/lib/python3.8/site-packages/airflow/example_dags/example_latest_only.py
[2024-03-23T00:10:09.888+0000] {processor.py:840} INFO - DAG(s) 'latest_only' retrieved from /home/airflow/.local/lib/python3.8/site-packages/airflow/example_dags/example_latest_only.py
[2024-03-23T00:10:09.916+0000] {logging_mixin.py:188} INFO - [2024-03-23T00:10:09.915+0000] {dag.py:3047} INFO - Sync 1 DAGs
[2024-03-23T00:10:09.945+0000] {logging_mixin.py:188} INFO - [2024-03-23T00:10:09.945+0000] {dag.py:3834} INFO - Setting next_dagrun for latest_only to 2024-03-22 20:00:00+00:00, run_after=2024-03-23 00:00:00+00:00
[2024-03-23T00:10:09.968+0000] {processor.py:183} INFO - Processing /home/airflow/.local/lib/python3.8/site-packages/airflow/example_dags/example_latest_only.py took 0.094 seconds
[2024-03-23T00:10:40.311+0000] {processor.py:161} INFO - Started process (PID=812) to work on /home/airflow/.local/lib/python3.8/site-packages/airflow/example_dags/example_latest_only.py
[2024-03-23T00:10:40.312+0000] {processor.py:830} INFO - Processing file /home/airflow/.local/lib/python3.8/site-packages/airflow/example_dags/example_latest_only.py for tasks to queue
[2024-03-23T00:10:40.314+0000] {logging_mixin.py:188} INFO - [2024-03-23T00:10:40.314+0000] {dagbag.py:540} INFO - Filling up the DagBag from /home/airflow/.local/lib/python3.8/site-packages/airflow/example_dags/example_latest_only.py
[2024-03-23T00:10:40.320+0000] {processor.py:840} INFO - DAG(s) 'latest_only' retrieved from /home/airflow/.local/lib/python3.8/site-packages/airflow/example_dags/example_latest_only.py
[2024-03-23T00:10:40.345+0000] {logging_mixin.py:188} INFO - [2024-03-23T00:10:40.345+0000] {dag.py:3047} INFO - Sync 1 DAGs
[2024-03-23T00:10:40.374+0000] {logging_mixin.py:188} INFO - [2024-03-23T00:10:40.373+0000] {dag.py:3834} INFO - Setting next_dagrun for latest_only to 2024-03-22 20:00:00+00:00, run_after=2024-03-23 00:00:00+00:00
[2024-03-23T00:10:40.396+0000] {processor.py:183} INFO - Processing /home/airflow/.local/lib/python3.8/site-packages/airflow/example_dags/example_latest_only.py took 0.090 seconds
[2024-03-23T00:11:10.802+0000] {processor.py:161} INFO - Started process (PID=867) to work on /home/airflow/.local/lib/python3.8/site-packages/airflow/example_dags/example_latest_only.py
[2024-03-23T00:11:10.804+0000] {processor.py:830} INFO - Processing file /home/airflow/.local/lib/python3.8/site-packages/airflow/example_dags/example_latest_only.py for tasks to queue
[2024-03-23T00:11:10.806+0000] {logging_mixin.py:188} INFO - [2024-03-23T00:11:10.806+0000] {dagbag.py:540} INFO - Filling up the DagBag from /home/airflow/.local/lib/python3.8/site-packages/airflow/example_dags/example_latest_only.py
[2024-03-23T00:11:10.813+0000] {processor.py:840} INFO - DAG(s) 'latest_only' retrieved from /home/airflow/.local/lib/python3.8/site-packages/airflow/example_dags/example_latest_only.py
[2024-03-23T00:11:10.838+0000] {logging_mixin.py:188} INFO - [2024-03-23T00:11:10.837+0000] {dag.py:3047} INFO - Sync 1 DAGs
[2024-03-23T00:11:10.864+0000] {logging_mixin.py:188} INFO - [2024-03-23T00:11:10.864+0000] {dag.py:3834} INFO - Setting next_dagrun for latest_only to 2024-03-22 20:00:00+00:00, run_after=2024-03-23 00:00:00+00:00
[2024-03-23T00:11:10.886+0000] {processor.py:183} INFO - Processing /home/airflow/.local/lib/python3.8/site-packages/airflow/example_dags/example_latest_only.py took 0.088 seconds
[2024-03-23T00:11:41.115+0000] {processor.py:161} INFO - Started process (PID=922) to work on /home/airflow/.local/lib/python3.8/site-packages/airflow/example_dags/example_latest_only.py
[2024-03-23T00:11:41.116+0000] {processor.py:830} INFO - Processing file /home/airflow/.local/lib/python3.8/site-packages/airflow/example_dags/example_latest_only.py for tasks to queue
[2024-03-23T00:11:41.118+0000] {logging_mixin.py:188} INFO - [2024-03-23T00:11:41.118+0000] {dagbag.py:540} INFO - Filling up the DagBag from /home/airflow/.local/lib/python3.8/site-packages/airflow/example_dags/example_latest_only.py
[2024-03-23T00:11:41.124+0000] {processor.py:840} INFO - DAG(s) 'latest_only' retrieved from /home/airflow/.local/lib/python3.8/site-packages/airflow/example_dags/example_latest_only.py
[2024-03-23T00:11:41.146+0000] {logging_mixin.py:188} INFO - [2024-03-23T00:11:41.146+0000] {dag.py:3047} INFO - Sync 1 DAGs
[2024-03-23T00:11:41.172+0000] {logging_mixin.py:188} INFO - [2024-03-23T00:11:41.172+0000] {dag.py:3834} INFO - Setting next_dagrun for latest_only to 2024-03-22 20:00:00+00:00, run_after=2024-03-23 00:00:00+00:00
[2024-03-23T00:11:41.194+0000] {processor.py:183} INFO - Processing /home/airflow/.local/lib/python3.8/site-packages/airflow/example_dags/example_latest_only.py took 0.084 seconds
[2024-03-23T00:12:11.498+0000] {processor.py:161} INFO - Started process (PID=977) to work on /home/airflow/.local/lib/python3.8/site-packages/airflow/example_dags/example_latest_only.py
[2024-03-23T00:12:11.499+0000] {processor.py:830} INFO - Processing file /home/airflow/.local/lib/python3.8/site-packages/airflow/example_dags/example_latest_only.py for tasks to queue
[2024-03-23T00:12:11.501+0000] {logging_mixin.py:188} INFO - [2024-03-23T00:12:11.501+0000] {dagbag.py:540} INFO - Filling up the DagBag from /home/airflow/.local/lib/python3.8/site-packages/airflow/example_dags/example_latest_only.py
[2024-03-23T00:12:11.507+0000] {processor.py:840} INFO - DAG(s) 'latest_only' retrieved from /home/airflow/.local/lib/python3.8/site-packages/airflow/example_dags/example_latest_only.py
[2024-03-23T00:12:11.529+0000] {logging_mixin.py:188} INFO - [2024-03-23T00:12:11.529+0000] {dag.py:3047} INFO - Sync 1 DAGs
[2024-03-23T00:12:11.554+0000] {logging_mixin.py:188} INFO - [2024-03-23T00:12:11.554+0000] {dag.py:3834} INFO - Setting next_dagrun for latest_only to 2024-03-22 20:00:00+00:00, run_after=2024-03-23 00:00:00+00:00
[2024-03-23T00:12:11.574+0000] {processor.py:183} INFO - Processing /home/airflow/.local/lib/python3.8/site-packages/airflow/example_dags/example_latest_only.py took 0.080 seconds
[2024-03-23T00:12:42.024+0000] {processor.py:161} INFO - Started process (PID=1032) to work on /home/airflow/.local/lib/python3.8/site-packages/airflow/example_dags/example_latest_only.py
[2024-03-23T00:12:42.025+0000] {processor.py:830} INFO - Processing file /home/airflow/.local/lib/python3.8/site-packages/airflow/example_dags/example_latest_only.py for tasks to queue
[2024-03-23T00:12:42.027+0000] {logging_mixin.py:188} INFO - [2024-03-23T00:12:42.027+0000] {dagbag.py:540} INFO - Filling up the DagBag from /home/airflow/.local/lib/python3.8/site-packages/airflow/example_dags/example_latest_only.py
[2024-03-23T00:12:42.033+0000] {processor.py:840} INFO - DAG(s) 'latest_only' retrieved from /home/airflow/.local/lib/python3.8/site-packages/airflow/example_dags/example_latest_only.py
[2024-03-23T00:12:42.056+0000] {logging_mixin.py:188} INFO - [2024-03-23T00:12:42.056+0000] {dag.py:3047} INFO - Sync 1 DAGs
[2024-03-23T00:12:42.081+0000] {logging_mixin.py:188} INFO - [2024-03-23T00:12:42.081+0000] {dag.py:3834} INFO - Setting next_dagrun for latest_only to 2024-03-22 20:00:00+00:00, run_after=2024-03-23 00:00:00+00:00
[2024-03-23T00:12:42.103+0000] {processor.py:183} INFO - Processing /home/airflow/.local/lib/python3.8/site-packages/airflow/example_dags/example_latest_only.py took 0.083 seconds
[2024-03-23T00:13:12.462+0000] {processor.py:161} INFO - Started process (PID=1087) to work on /home/airflow/.local/lib/python3.8/site-packages/airflow/example_dags/example_latest_only.py
[2024-03-23T00:13:12.464+0000] {processor.py:830} INFO - Processing file /home/airflow/.local/lib/python3.8/site-packages/airflow/example_dags/example_latest_only.py for tasks to queue
[2024-03-23T00:13:12.466+0000] {logging_mixin.py:188} INFO - [2024-03-23T00:13:12.465+0000] {dagbag.py:540} INFO - Filling up the DagBag from /home/airflow/.local/lib/python3.8/site-packages/airflow/example_dags/example_latest_only.py
[2024-03-23T00:13:12.471+0000] {processor.py:840} INFO - DAG(s) 'latest_only' retrieved from /home/airflow/.local/lib/python3.8/site-packages/airflow/example_dags/example_latest_only.py
[2024-03-23T00:13:12.494+0000] {logging_mixin.py:188} INFO - [2024-03-23T00:13:12.494+0000] {dag.py:3047} INFO - Sync 1 DAGs
[2024-03-23T00:13:12.520+0000] {logging_mixin.py:188} INFO - [2024-03-23T00:13:12.519+0000] {dag.py:3834} INFO - Setting next_dagrun for latest_only to 2024-03-22 20:00:00+00:00, run_after=2024-03-23 00:00:00+00:00
[2024-03-23T00:13:12.539+0000] {processor.py:183} INFO - Processing /home/airflow/.local/lib/python3.8/site-packages/airflow/example_dags/example_latest_only.py took 0.081 seconds
[2024-03-23T00:13:42.850+0000] {processor.py:161} INFO - Started process (PID=1142) to work on /home/airflow/.local/lib/python3.8/site-packages/airflow/example_dags/example_latest_only.py
[2024-03-23T00:13:42.851+0000] {processor.py:830} INFO - Processing file /home/airflow/.local/lib/python3.8/site-packages/airflow/example_dags/example_latest_only.py for tasks to queue
[2024-03-23T00:13:42.853+0000] {logging_mixin.py:188} INFO - [2024-03-23T00:13:42.853+0000] {dagbag.py:540} INFO - Filling up the DagBag from /home/airflow/.local/lib/python3.8/site-packages/airflow/example_dags/example_latest_only.py
[2024-03-23T00:13:42.860+0000] {processor.py:840} INFO - DAG(s) 'latest_only' retrieved from /home/airflow/.local/lib/python3.8/site-packages/airflow/example_dags/example_latest_only.py
[2024-03-23T00:13:42.884+0000] {logging_mixin.py:188} INFO - [2024-03-23T00:13:42.883+0000] {dag.py:3047} INFO - Sync 1 DAGs
[2024-03-23T00:13:42.911+0000] {logging_mixin.py:188} INFO - [2024-03-23T00:13:42.910+0000] {dag.py:3834} INFO - Setting next_dagrun for latest_only to 2024-03-22 20:00:00+00:00, run_after=2024-03-23 00:00:00+00:00
[2024-03-23T00:13:42.932+0000] {processor.py:183} INFO - Processing /home/airflow/.local/lib/python3.8/site-packages/airflow/example_dags/example_latest_only.py took 0.086 seconds
[2024-03-23T00:14:13.432+0000] {processor.py:161} INFO - Started process (PID=1197) to work on /home/airflow/.local/lib/python3.8/site-packages/airflow/example_dags/example_latest_only.py
[2024-03-23T00:14:13.433+0000] {processor.py:830} INFO - Processing file /home/airflow/.local/lib/python3.8/site-packages/airflow/example_dags/example_latest_only.py for tasks to queue
[2024-03-23T00:14:13.436+0000] {logging_mixin.py:188} INFO - [2024-03-23T00:14:13.435+0000] {dagbag.py:540} INFO - Filling up the DagBag from /home/airflow/.local/lib/python3.8/site-packages/airflow/example_dags/example_latest_only.py
[2024-03-23T00:14:13.441+0000] {processor.py:840} INFO - DAG(s) 'latest_only' retrieved from /home/airflow/.local/lib/python3.8/site-packages/airflow/example_dags/example_latest_only.py
[2024-03-23T00:14:13.466+0000] {logging_mixin.py:188} INFO - [2024-03-23T00:14:13.466+0000] {dag.py:3047} INFO - Sync 1 DAGs
[2024-03-23T00:14:13.499+0000] {logging_mixin.py:188} INFO - [2024-03-23T00:14:13.499+0000] {dag.py:3834} INFO - Setting next_dagrun for latest_only to 2024-03-22 20:00:00+00:00, run_after=2024-03-23 00:00:00+00:00
[2024-03-23T00:14:13.527+0000] {processor.py:183} INFO - Processing /home/airflow/.local/lib/python3.8/site-packages/airflow/example_dags/example_latest_only.py took 0.100 seconds
[2024-03-23T00:14:43.964+0000] {processor.py:161} INFO - Started process (PID=1252) to work on /home/airflow/.local/lib/python3.8/site-packages/airflow/example_dags/example_latest_only.py
[2024-03-23T00:14:43.965+0000] {processor.py:830} INFO - Processing file /home/airflow/.local/lib/python3.8/site-packages/airflow/example_dags/example_latest_only.py for tasks to queue
[2024-03-23T00:14:43.968+0000] {logging_mixin.py:188} INFO - [2024-03-23T00:14:43.967+0000] {dagbag.py:540} INFO - Filling up the DagBag from /home/airflow/.local/lib/python3.8/site-packages/airflow/example_dags/example_latest_only.py
[2024-03-23T00:14:43.973+0000] {processor.py:840} INFO - DAG(s) 'latest_only' retrieved from /home/airflow/.local/lib/python3.8/site-packages/airflow/example_dags/example_latest_only.py
[2024-03-23T00:14:43.996+0000] {logging_mixin.py:188} INFO - [2024-03-23T00:14:43.996+0000] {dag.py:3047} INFO - Sync 1 DAGs
[2024-03-23T00:14:44.021+0000] {logging_mixin.py:188} INFO - [2024-03-23T00:14:44.021+0000] {dag.py:3834} INFO - Setting next_dagrun for latest_only to 2024-03-22 20:00:00+00:00, run_after=2024-03-23 00:00:00+00:00
[2024-03-23T00:14:44.042+0000] {processor.py:183} INFO - Processing /home/airflow/.local/lib/python3.8/site-packages/airflow/example_dags/example_latest_only.py took 0.082 seconds
[2024-03-23T00:15:14.337+0000] {processor.py:161} INFO - Started process (PID=1307) to work on /home/airflow/.local/lib/python3.8/site-packages/airflow/example_dags/example_latest_only.py
[2024-03-23T00:15:14.338+0000] {processor.py:830} INFO - Processing file /home/airflow/.local/lib/python3.8/site-packages/airflow/example_dags/example_latest_only.py for tasks to queue
[2024-03-23T00:15:14.341+0000] {logging_mixin.py:188} INFO - [2024-03-23T00:15:14.341+0000] {dagbag.py:540} INFO - Filling up the DagBag from /home/airflow/.local/lib/python3.8/site-packages/airflow/example_dags/example_latest_only.py
[2024-03-23T00:15:14.347+0000] {processor.py:840} INFO - DAG(s) 'latest_only' retrieved from /home/airflow/.local/lib/python3.8/site-packages/airflow/example_dags/example_latest_only.py
[2024-03-23T00:15:14.371+0000] {logging_mixin.py:188} INFO - [2024-03-23T00:15:14.370+0000] {dag.py:3047} INFO - Sync 1 DAGs
[2024-03-23T00:15:14.396+0000] {logging_mixin.py:188} INFO - [2024-03-23T00:15:14.396+0000] {dag.py:3834} INFO - Setting next_dagrun for latest_only to 2024-03-22 20:00:00+00:00, run_after=2024-03-23 00:00:00+00:00
[2024-03-23T00:15:14.416+0000] {processor.py:183} INFO - Processing /home/airflow/.local/lib/python3.8/site-packages/airflow/example_dags/example_latest_only.py took 0.084 seconds
[2024-03-23T00:15:44.613+0000] {processor.py:161} INFO - Started process (PID=1362) to work on /home/airflow/.local/lib/python3.8/site-packages/airflow/example_dags/example_latest_only.py
[2024-03-23T00:15:44.614+0000] {processor.py:830} INFO - Processing file /home/airflow/.local/lib/python3.8/site-packages/airflow/example_dags/example_latest_only.py for tasks to queue
[2024-03-23T00:15:44.617+0000] {logging_mixin.py:188} INFO - [2024-03-23T00:15:44.616+0000] {dagbag.py:540} INFO - Filling up the DagBag from /home/airflow/.local/lib/python3.8/site-packages/airflow/example_dags/example_latest_only.py
[2024-03-23T00:15:44.623+0000] {processor.py:840} INFO - DAG(s) 'latest_only' retrieved from /home/airflow/.local/lib/python3.8/site-packages/airflow/example_dags/example_latest_only.py
[2024-03-23T00:15:44.646+0000] {logging_mixin.py:188} INFO - [2024-03-23T00:15:44.645+0000] {dag.py:3047} INFO - Sync 1 DAGs
[2024-03-23T00:15:44.670+0000] {logging_mixin.py:188} INFO - [2024-03-23T00:15:44.670+0000] {dag.py:3834} INFO - Setting next_dagrun for latest_only to 2024-03-22 20:00:00+00:00, run_after=2024-03-23 00:00:00+00:00
[2024-03-23T00:15:44.689+0000] {processor.py:183} INFO - Processing /home/airflow/.local/lib/python3.8/site-packages/airflow/example_dags/example_latest_only.py took 0.080 seconds
[2024-03-23T00:16:15.150+0000] {processor.py:161} INFO - Started process (PID=1417) to work on /home/airflow/.local/lib/python3.8/site-packages/airflow/example_dags/example_latest_only.py
[2024-03-23T00:16:15.151+0000] {processor.py:830} INFO - Processing file /home/airflow/.local/lib/python3.8/site-packages/airflow/example_dags/example_latest_only.py for tasks to queue
[2024-03-23T00:16:15.154+0000] {logging_mixin.py:188} INFO - [2024-03-23T00:16:15.153+0000] {dagbag.py:540} INFO - Filling up the DagBag from /home/airflow/.local/lib/python3.8/site-packages/airflow/example_dags/example_latest_only.py
[2024-03-23T00:16:15.159+0000] {processor.py:840} INFO - DAG(s) 'latest_only' retrieved from /home/airflow/.local/lib/python3.8/site-packages/airflow/example_dags/example_latest_only.py
[2024-03-23T00:16:15.182+0000] {logging_mixin.py:188} INFO - [2024-03-23T00:16:15.181+0000] {dag.py:3047} INFO - Sync 1 DAGs
[2024-03-23T00:16:15.207+0000] {logging_mixin.py:188} INFO - [2024-03-23T00:16:15.207+0000] {dag.py:3834} INFO - Setting next_dagrun for latest_only to 2024-03-22 20:00:00+00:00, run_after=2024-03-23 00:00:00+00:00
[2024-03-23T00:16:15.226+0000] {processor.py:183} INFO - Processing /home/airflow/.local/lib/python3.8/site-packages/airflow/example_dags/example_latest_only.py took 0.080 seconds
[2024-03-23T00:16:45.359+0000] {processor.py:161} INFO - Started process (PID=1472) to work on /home/airflow/.local/lib/python3.8/site-packages/airflow/example_dags/example_latest_only.py
[2024-03-23T00:16:45.360+0000] {processor.py:830} INFO - Processing file /home/airflow/.local/lib/python3.8/site-packages/airflow/example_dags/example_latest_only.py for tasks to queue
[2024-03-23T00:16:45.363+0000] {logging_mixin.py:188} INFO - [2024-03-23T00:16:45.362+0000] {dagbag.py:540} INFO - Filling up the DagBag from /home/airflow/.local/lib/python3.8/site-packages/airflow/example_dags/example_latest_only.py
[2024-03-23T00:16:45.368+0000] {processor.py:840} INFO - DAG(s) 'latest_only' retrieved from /home/airflow/.local/lib/python3.8/site-packages/airflow/example_dags/example_latest_only.py
[2024-03-23T00:16:45.391+0000] {logging_mixin.py:188} INFO - [2024-03-23T00:16:45.390+0000] {dag.py:3047} INFO - Sync 1 DAGs
[2024-03-23T00:16:45.415+0000] {logging_mixin.py:188} INFO - [2024-03-23T00:16:45.415+0000] {dag.py:3834} INFO - Setting next_dagrun for latest_only to 2024-03-22 20:00:00+00:00, run_after=2024-03-23 00:00:00+00:00
[2024-03-23T00:16:45.434+0000] {processor.py:183} INFO - Processing /home/airflow/.local/lib/python3.8/site-packages/airflow/example_dags/example_latest_only.py took 0.079 seconds
[2024-03-23T00:17:15.617+0000] {processor.py:161} INFO - Started process (PID=1527) to work on /home/airflow/.local/lib/python3.8/site-packages/airflow/example_dags/example_latest_only.py
[2024-03-23T00:17:15.618+0000] {processor.py:830} INFO - Processing file /home/airflow/.local/lib/python3.8/site-packages/airflow/example_dags/example_latest_only.py for tasks to queue
[2024-03-23T00:17:15.621+0000] {logging_mixin.py:188} INFO - [2024-03-23T00:17:15.620+0000] {dagbag.py:540} INFO - Filling up the DagBag from /home/airflow/.local/lib/python3.8/site-packages/airflow/example_dags/example_latest_only.py
[2024-03-23T00:17:15.626+0000] {processor.py:840} INFO - DAG(s) 'latest_only' retrieved from /home/airflow/.local/lib/python3.8/site-packages/airflow/example_dags/example_latest_only.py
[2024-03-23T00:17:15.648+0000] {logging_mixin.py:188} INFO - [2024-03-23T00:17:15.648+0000] {dag.py:3047} INFO - Sync 1 DAGs
[2024-03-23T00:17:15.673+0000] {logging_mixin.py:188} INFO - [2024-03-23T00:17:15.673+0000] {dag.py:3834} INFO - Setting next_dagrun for latest_only to 2024-03-22 20:00:00+00:00, run_after=2024-03-23 00:00:00+00:00
[2024-03-23T00:17:15.692+0000] {processor.py:183} INFO - Processing /home/airflow/.local/lib/python3.8/site-packages/airflow/example_dags/example_latest_only.py took 0.079 seconds
[2024-03-23T00:17:46.103+0000] {processor.py:161} INFO - Started process (PID=1582) to work on /home/airflow/.local/lib/python3.8/site-packages/airflow/example_dags/example_latest_only.py
[2024-03-23T00:17:46.105+0000] {processor.py:830} INFO - Processing file /home/airflow/.local/lib/python3.8/site-packages/airflow/example_dags/example_latest_only.py for tasks to queue
[2024-03-23T00:17:46.109+0000] {logging_mixin.py:188} INFO - [2024-03-23T00:17:46.108+0000] {dagbag.py:540} INFO - Filling up the DagBag from /home/airflow/.local/lib/python3.8/site-packages/airflow/example_dags/example_latest_only.py
[2024-03-23T00:17:46.115+0000] {processor.py:840} INFO - DAG(s) 'latest_only' retrieved from /home/airflow/.local/lib/python3.8/site-packages/airflow/example_dags/example_latest_only.py
[2024-03-23T00:17:46.141+0000] {logging_mixin.py:188} INFO - [2024-03-23T00:17:46.141+0000] {dag.py:3047} INFO - Sync 1 DAGs
[2024-03-23T00:17:46.170+0000] {logging_mixin.py:188} INFO - [2024-03-23T00:17:46.170+0000] {dag.py:3834} INFO - Setting next_dagrun for latest_only to 2024-03-22 20:00:00+00:00, run_after=2024-03-23 00:00:00+00:00
[2024-03-23T00:17:46.205+0000] {processor.py:183} INFO - Processing /home/airflow/.local/lib/python3.8/site-packages/airflow/example_dags/example_latest_only.py took 0.107 seconds
[2024-03-23T00:18:16.535+0000] {processor.py:161} INFO - Started process (PID=1637) to work on /home/airflow/.local/lib/python3.8/site-packages/airflow/example_dags/example_latest_only.py
[2024-03-23T00:18:16.536+0000] {processor.py:830} INFO - Processing file /home/airflow/.local/lib/python3.8/site-packages/airflow/example_dags/example_latest_only.py for tasks to queue
[2024-03-23T00:18:16.538+0000] {logging_mixin.py:188} INFO - [2024-03-23T00:18:16.538+0000] {dagbag.py:540} INFO - Filling up the DagBag from /home/airflow/.local/lib/python3.8/site-packages/airflow/example_dags/example_latest_only.py
[2024-03-23T00:18:16.544+0000] {processor.py:840} INFO - DAG(s) 'latest_only' retrieved from /home/airflow/.local/lib/python3.8/site-packages/airflow/example_dags/example_latest_only.py
[2024-03-23T00:18:16.566+0000] {logging_mixin.py:188} INFO - [2024-03-23T00:18:16.566+0000] {dag.py:3047} INFO - Sync 1 DAGs
[2024-03-23T00:18:16.590+0000] {logging_mixin.py:188} INFO - [2024-03-23T00:18:16.590+0000] {dag.py:3834} INFO - Setting next_dagrun for latest_only to 2024-03-22 20:00:00+00:00, run_after=2024-03-23 00:00:00+00:00
[2024-03-23T00:18:16.610+0000] {processor.py:183} INFO - Processing /home/airflow/.local/lib/python3.8/site-packages/airflow/example_dags/example_latest_only.py took 0.079 seconds
[2024-03-23T00:18:47.041+0000] {processor.py:161} INFO - Started process (PID=1692) to work on /home/airflow/.local/lib/python3.8/site-packages/airflow/example_dags/example_latest_only.py
[2024-03-23T00:18:47.042+0000] {processor.py:830} INFO - Processing file /home/airflow/.local/lib/python3.8/site-packages/airflow/example_dags/example_latest_only.py for tasks to queue
[2024-03-23T00:18:47.044+0000] {logging_mixin.py:188} INFO - [2024-03-23T00:18:47.044+0000] {dagbag.py:540} INFO - Filling up the DagBag from /home/airflow/.local/lib/python3.8/site-packages/airflow/example_dags/example_latest_only.py
[2024-03-23T00:18:47.050+0000] {processor.py:840} INFO - DAG(s) 'latest_only' retrieved from /home/airflow/.local/lib/python3.8/site-packages/airflow/example_dags/example_latest_only.py
[2024-03-23T00:18:47.072+0000] {logging_mixin.py:188} INFO - [2024-03-23T00:18:47.072+0000] {dag.py:3047} INFO - Sync 1 DAGs
[2024-03-23T00:18:47.098+0000] {logging_mixin.py:188} INFO - [2024-03-23T00:18:47.098+0000] {dag.py:3834} INFO - Setting next_dagrun for latest_only to 2024-03-22 20:00:00+00:00, run_after=2024-03-23 00:00:00+00:00
[2024-03-23T00:18:47.119+0000] {processor.py:183} INFO - Processing /home/airflow/.local/lib/python3.8/site-packages/airflow/example_dags/example_latest_only.py took 0.082 seconds
[2024-03-23T00:19:17.323+0000] {processor.py:161} INFO - Started process (PID=1747) to work on /home/airflow/.local/lib/python3.8/site-packages/airflow/example_dags/example_latest_only.py
[2024-03-23T00:19:17.325+0000] {processor.py:830} INFO - Processing file /home/airflow/.local/lib/python3.8/site-packages/airflow/example_dags/example_latest_only.py for tasks to queue
[2024-03-23T00:19:17.327+0000] {logging_mixin.py:188} INFO - [2024-03-23T00:19:17.327+0000] {dagbag.py:540} INFO - Filling up the DagBag from /home/airflow/.local/lib/python3.8/site-packages/airflow/example_dags/example_latest_only.py
[2024-03-23T00:19:17.333+0000] {processor.py:840} INFO - DAG(s) 'latest_only' retrieved from /home/airflow/.local/lib/python3.8/site-packages/airflow/example_dags/example_latest_only.py
[2024-03-23T00:19:17.356+0000] {logging_mixin.py:188} INFO - [2024-03-23T00:19:17.356+0000] {dag.py:3047} INFO - Sync 1 DAGs
[2024-03-23T00:19:17.380+0000] {logging_mixin.py:188} INFO - [2024-03-23T00:19:17.380+0000] {dag.py:3834} INFO - Setting next_dagrun for latest_only to 2024-03-22 20:00:00+00:00, run_after=2024-03-23 00:00:00+00:00
[2024-03-23T00:19:17.399+0000] {processor.py:183} INFO - Processing /home/airflow/.local/lib/python3.8/site-packages/airflow/example_dags/example_latest_only.py took 0.080 seconds
[2024-03-23T00:19:47.878+0000] {processor.py:161} INFO - Started process (PID=1802) to work on /home/airflow/.local/lib/python3.8/site-packages/airflow/example_dags/example_latest_only.py
[2024-03-23T00:19:47.880+0000] {processor.py:830} INFO - Processing file /home/airflow/.local/lib/python3.8/site-packages/airflow/example_dags/example_latest_only.py for tasks to queue
[2024-03-23T00:19:47.882+0000] {logging_mixin.py:188} INFO - [2024-03-23T00:19:47.881+0000] {dagbag.py:540} INFO - Filling up the DagBag from /home/airflow/.local/lib/python3.8/site-packages/airflow/example_dags/example_latest_only.py
[2024-03-23T00:19:47.887+0000] {processor.py:840} INFO - DAG(s) 'latest_only' retrieved from /home/airflow/.local/lib/python3.8/site-packages/airflow/example_dags/example_latest_only.py
[2024-03-23T00:19:47.910+0000] {logging_mixin.py:188} INFO - [2024-03-23T00:19:47.909+0000] {dag.py:3047} INFO - Sync 1 DAGs
[2024-03-23T00:19:47.934+0000] {logging_mixin.py:188} INFO - [2024-03-23T00:19:47.934+0000] {dag.py:3834} INFO - Setting next_dagrun for latest_only to 2024-03-22 20:00:00+00:00, run_after=2024-03-23 00:00:00+00:00
[2024-03-23T00:19:47.953+0000] {processor.py:183} INFO - Processing /home/airflow/.local/lib/python3.8/site-packages/airflow/example_dags/example_latest_only.py took 0.079 seconds
[2024-03-23T00:20:18.465+0000] {processor.py:161} INFO - Started process (PID=1857) to work on /home/airflow/.local/lib/python3.8/site-packages/airflow/example_dags/example_latest_only.py
[2024-03-23T00:20:18.467+0000] {processor.py:830} INFO - Processing file /home/airflow/.local/lib/python3.8/site-packages/airflow/example_dags/example_latest_only.py for tasks to queue
[2024-03-23T00:20:18.469+0000] {logging_mixin.py:188} INFO - [2024-03-23T00:20:18.469+0000] {dagbag.py:540} INFO - Filling up the DagBag from /home/airflow/.local/lib/python3.8/site-packages/airflow/example_dags/example_latest_only.py
[2024-03-23T00:20:18.477+0000] {processor.py:840} INFO - DAG(s) 'latest_only' retrieved from /home/airflow/.local/lib/python3.8/site-packages/airflow/example_dags/example_latest_only.py
[2024-03-23T00:20:18.501+0000] {logging_mixin.py:188} INFO - [2024-03-23T00:20:18.501+0000] {dag.py:3047} INFO - Sync 1 DAGs
[2024-03-23T00:20:18.527+0000] {logging_mixin.py:188} INFO - [2024-03-23T00:20:18.527+0000] {dag.py:3834} INFO - Setting next_dagrun for latest_only to 2024-03-22 20:00:00+00:00, run_after=2024-03-23 00:00:00+00:00
[2024-03-23T00:20:18.547+0000] {processor.py:183} INFO - Processing /home/airflow/.local/lib/python3.8/site-packages/airflow/example_dags/example_latest_only.py took 0.086 seconds
[2024-03-23T00:20:48.894+0000] {processor.py:161} INFO - Started process (PID=1912) to work on /home/airflow/.local/lib/python3.8/site-packages/airflow/example_dags/example_latest_only.py
[2024-03-23T00:20:48.896+0000] {processor.py:830} INFO - Processing file /home/airflow/.local/lib/python3.8/site-packages/airflow/example_dags/example_latest_only.py for tasks to queue
[2024-03-23T00:20:48.898+0000] {logging_mixin.py:188} INFO - [2024-03-23T00:20:48.898+0000] {dagbag.py:540} INFO - Filling up the DagBag from /home/airflow/.local/lib/python3.8/site-packages/airflow/example_dags/example_latest_only.py
[2024-03-23T00:20:48.904+0000] {processor.py:840} INFO - DAG(s) 'latest_only' retrieved from /home/airflow/.local/lib/python3.8/site-packages/airflow/example_dags/example_latest_only.py
[2024-03-23T00:20:48.928+0000] {logging_mixin.py:188} INFO - [2024-03-23T00:20:48.928+0000] {dag.py:3047} INFO - Sync 1 DAGs
[2024-03-23T00:20:48.963+0000] {logging_mixin.py:188} INFO - [2024-03-23T00:20:48.962+0000] {dag.py:3834} INFO - Setting next_dagrun for latest_only to 2024-03-22 20:00:00+00:00, run_after=2024-03-23 00:00:00+00:00
[2024-03-23T00:20:48.983+0000] {processor.py:183} INFO - Processing /home/airflow/.local/lib/python3.8/site-packages/airflow/example_dags/example_latest_only.py took 0.093 seconds
[2024-03-23T00:21:19.046+0000] {processor.py:161} INFO - Started process (PID=1967) to work on /home/airflow/.local/lib/python3.8/site-packages/airflow/example_dags/example_latest_only.py
[2024-03-23T00:21:19.048+0000] {processor.py:830} INFO - Processing file /home/airflow/.local/lib/python3.8/site-packages/airflow/example_dags/example_latest_only.py for tasks to queue
[2024-03-23T00:21:19.051+0000] {logging_mixin.py:188} INFO - [2024-03-23T00:21:19.051+0000] {dagbag.py:540} INFO - Filling up the DagBag from /home/airflow/.local/lib/python3.8/site-packages/airflow/example_dags/example_latest_only.py
[2024-03-23T00:21:19.057+0000] {processor.py:840} INFO - DAG(s) 'latest_only' retrieved from /home/airflow/.local/lib/python3.8/site-packages/airflow/example_dags/example_latest_only.py
[2024-03-23T00:21:19.081+0000] {logging_mixin.py:188} INFO - [2024-03-23T00:21:19.081+0000] {dag.py:3047} INFO - Sync 1 DAGs
[2024-03-23T00:21:19.107+0000] {logging_mixin.py:188} INFO - [2024-03-23T00:21:19.107+0000] {dag.py:3834} INFO - Setting next_dagrun for latest_only to 2024-03-22 20:00:00+00:00, run_after=2024-03-23 00:00:00+00:00
[2024-03-23T00:21:19.128+0000] {processor.py:183} INFO - Processing /home/airflow/.local/lib/python3.8/site-packages/airflow/example_dags/example_latest_only.py took 0.086 seconds
[2024-03-23T00:21:49.397+0000] {processor.py:161} INFO - Started process (PID=2022) to work on /home/airflow/.local/lib/python3.8/site-packages/airflow/example_dags/example_latest_only.py
[2024-03-23T00:21:49.398+0000] {processor.py:830} INFO - Processing file /home/airflow/.local/lib/python3.8/site-packages/airflow/example_dags/example_latest_only.py for tasks to queue
[2024-03-23T00:21:49.400+0000] {logging_mixin.py:188} INFO - [2024-03-23T00:21:49.400+0000] {dagbag.py:540} INFO - Filling up the DagBag from /home/airflow/.local/lib/python3.8/site-packages/airflow/example_dags/example_latest_only.py
[2024-03-23T00:21:49.406+0000] {processor.py:840} INFO - DAG(s) 'latest_only' retrieved from /home/airflow/.local/lib/python3.8/site-packages/airflow/example_dags/example_latest_only.py
[2024-03-23T00:21:49.428+0000] {logging_mixin.py:188} INFO - [2024-03-23T00:21:49.428+0000] {dag.py:3047} INFO - Sync 1 DAGs
[2024-03-23T00:21:49.453+0000] {logging_mixin.py:188} INFO - [2024-03-23T00:21:49.453+0000] {dag.py:3834} INFO - Setting next_dagrun for latest_only to 2024-03-22 20:00:00+00:00, run_after=2024-03-23 00:00:00+00:00
[2024-03-23T00:21:49.472+0000] {processor.py:183} INFO - Processing /home/airflow/.local/lib/python3.8/site-packages/airflow/example_dags/example_latest_only.py took 0.080 seconds
[2024-03-23T00:22:19.795+0000] {processor.py:161} INFO - Started process (PID=2077) to work on /home/airflow/.local/lib/python3.8/site-packages/airflow/example_dags/example_latest_only.py
[2024-03-23T00:22:19.796+0000] {processor.py:830} INFO - Processing file /home/airflow/.local/lib/python3.8/site-packages/airflow/example_dags/example_latest_only.py for tasks to queue
[2024-03-23T00:22:19.798+0000] {logging_mixin.py:188} INFO - [2024-03-23T00:22:19.798+0000] {dagbag.py:540} INFO - Filling up the DagBag from /home/airflow/.local/lib/python3.8/site-packages/airflow/example_dags/example_latest_only.py
[2024-03-23T00:22:19.804+0000] {processor.py:840} INFO - DAG(s) 'latest_only' retrieved from /home/airflow/.local/lib/python3.8/site-packages/airflow/example_dags/example_latest_only.py
[2024-03-23T00:22:19.828+0000] {logging_mixin.py:188} INFO - [2024-03-23T00:22:19.827+0000] {dag.py:3047} INFO - Sync 1 DAGs
[2024-03-23T00:22:19.853+0000] {logging_mixin.py:188} INFO - [2024-03-23T00:22:19.853+0000] {dag.py:3834} INFO - Setting next_dagrun for latest_only to 2024-03-22 20:00:00+00:00, run_after=2024-03-23 00:00:00+00:00
[2024-03-23T00:22:19.877+0000] {processor.py:183} INFO - Processing /home/airflow/.local/lib/python3.8/site-packages/airflow/example_dags/example_latest_only.py took 0.087 seconds
[2024-03-23T00:22:50.241+0000] {processor.py:161} INFO - Started process (PID=2138) to work on /home/airflow/.local/lib/python3.8/site-packages/airflow/example_dags/example_latest_only.py
[2024-03-23T00:22:50.242+0000] {processor.py:830} INFO - Processing file /home/airflow/.local/lib/python3.8/site-packages/airflow/example_dags/example_latest_only.py for tasks to queue
[2024-03-23T00:22:50.244+0000] {logging_mixin.py:188} INFO - [2024-03-23T00:22:50.243+0000] {dagbag.py:540} INFO - Filling up the DagBag from /home/airflow/.local/lib/python3.8/site-packages/airflow/example_dags/example_latest_only.py
[2024-03-23T00:22:50.249+0000] {processor.py:840} INFO - DAG(s) 'latest_only' retrieved from /home/airflow/.local/lib/python3.8/site-packages/airflow/example_dags/example_latest_only.py
[2024-03-23T00:22:50.272+0000] {logging_mixin.py:188} INFO - [2024-03-23T00:22:50.271+0000] {dag.py:3047} INFO - Sync 1 DAGs
[2024-03-23T00:22:50.296+0000] {logging_mixin.py:188} INFO - [2024-03-23T00:22:50.296+0000] {dag.py:3834} INFO - Setting next_dagrun for latest_only to 2024-03-22 20:00:00+00:00, run_after=2024-03-23 00:00:00+00:00
[2024-03-23T00:22:50.316+0000] {processor.py:183} INFO - Processing /home/airflow/.local/lib/python3.8/site-packages/airflow/example_dags/example_latest_only.py took 0.079 seconds
[2024-03-23T00:23:20.975+0000] {processor.py:161} INFO - Started process (PID=2191) to work on /home/airflow/.local/lib/python3.8/site-packages/airflow/example_dags/example_latest_only.py
[2024-03-23T00:23:20.977+0000] {processor.py:830} INFO - Processing file /home/airflow/.local/lib/python3.8/site-packages/airflow/example_dags/example_latest_only.py for tasks to queue
[2024-03-23T00:23:20.979+0000] {logging_mixin.py:188} INFO - [2024-03-23T00:23:20.978+0000] {dagbag.py:540} INFO - Filling up the DagBag from /home/airflow/.local/lib/python3.8/site-packages/airflow/example_dags/example_latest_only.py
[2024-03-23T00:23:20.984+0000] {processor.py:840} INFO - DAG(s) 'latest_only' retrieved from /home/airflow/.local/lib/python3.8/site-packages/airflow/example_dags/example_latest_only.py
[2024-03-23T00:23:21.007+0000] {logging_mixin.py:188} INFO - [2024-03-23T00:23:21.007+0000] {dag.py:3047} INFO - Sync 1 DAGs
[2024-03-23T00:23:21.032+0000] {logging_mixin.py:188} INFO - [2024-03-23T00:23:21.032+0000] {dag.py:3834} INFO - Setting next_dagrun for latest_only to 2024-03-22 20:00:00+00:00, run_after=2024-03-23 00:00:00+00:00
[2024-03-23T00:23:21.051+0000] {processor.py:183} INFO - Processing /home/airflow/.local/lib/python3.8/site-packages/airflow/example_dags/example_latest_only.py took 0.080 seconds
[2024-03-23T00:23:51.376+0000] {processor.py:161} INFO - Started process (PID=2246) to work on /home/airflow/.local/lib/python3.8/site-packages/airflow/example_dags/example_latest_only.py
[2024-03-23T00:23:51.377+0000] {processor.py:830} INFO - Processing file /home/airflow/.local/lib/python3.8/site-packages/airflow/example_dags/example_latest_only.py for tasks to queue
[2024-03-23T00:23:51.380+0000] {logging_mixin.py:188} INFO - [2024-03-23T00:23:51.379+0000] {dagbag.py:540} INFO - Filling up the DagBag from /home/airflow/.local/lib/python3.8/site-packages/airflow/example_dags/example_latest_only.py
[2024-03-23T00:23:51.385+0000] {processor.py:840} INFO - DAG(s) 'latest_only' retrieved from /home/airflow/.local/lib/python3.8/site-packages/airflow/example_dags/example_latest_only.py
[2024-03-23T00:23:51.410+0000] {logging_mixin.py:188} INFO - [2024-03-23T00:23:51.409+0000] {dag.py:3047} INFO - Sync 1 DAGs
[2024-03-23T00:23:51.435+0000] {logging_mixin.py:188} INFO - [2024-03-23T00:23:51.434+0000] {dag.py:3834} INFO - Setting next_dagrun for latest_only to 2024-03-22 20:00:00+00:00, run_after=2024-03-23 00:00:00+00:00
[2024-03-23T00:23:51.455+0000] {processor.py:183} INFO - Processing /home/airflow/.local/lib/python3.8/site-packages/airflow/example_dags/example_latest_only.py took 0.083 seconds
[2024-03-23T00:24:21.636+0000] {processor.py:161} INFO - Started process (PID=2301) to work on /home/airflow/.local/lib/python3.8/site-packages/airflow/example_dags/example_latest_only.py
[2024-03-23T00:24:21.638+0000] {processor.py:830} INFO - Processing file /home/airflow/.local/lib/python3.8/site-packages/airflow/example_dags/example_latest_only.py for tasks to queue
[2024-03-23T00:24:21.640+0000] {logging_mixin.py:188} INFO - [2024-03-23T00:24:21.640+0000] {dagbag.py:540} INFO - Filling up the DagBag from /home/airflow/.local/lib/python3.8/site-packages/airflow/example_dags/example_latest_only.py
[2024-03-23T00:24:21.646+0000] {processor.py:840} INFO - DAG(s) 'latest_only' retrieved from /home/airflow/.local/lib/python3.8/site-packages/airflow/example_dags/example_latest_only.py
[2024-03-23T00:24:21.668+0000] {logging_mixin.py:188} INFO - [2024-03-23T00:24:21.668+0000] {dag.py:3047} INFO - Sync 1 DAGs
[2024-03-23T00:24:21.694+0000] {logging_mixin.py:188} INFO - [2024-03-23T00:24:21.694+0000] {dag.py:3834} INFO - Setting next_dagrun for latest_only to 2024-03-22 20:00:00+00:00, run_after=2024-03-23 00:00:00+00:00
[2024-03-23T00:24:21.714+0000] {processor.py:183} INFO - Processing /home/airflow/.local/lib/python3.8/site-packages/airflow/example_dags/example_latest_only.py took 0.081 seconds
[2024-03-23T00:24:51.976+0000] {processor.py:161} INFO - Started process (PID=2356) to work on /home/airflow/.local/lib/python3.8/site-packages/airflow/example_dags/example_latest_only.py
[2024-03-23T00:24:51.977+0000] {processor.py:830} INFO - Processing file /home/airflow/.local/lib/python3.8/site-packages/airflow/example_dags/example_latest_only.py for tasks to queue
[2024-03-23T00:24:51.979+0000] {logging_mixin.py:188} INFO - [2024-03-23T00:24:51.978+0000] {dagbag.py:540} INFO - Filling up the DagBag from /home/airflow/.local/lib/python3.8/site-packages/airflow/example_dags/example_latest_only.py
[2024-03-23T00:24:51.984+0000] {processor.py:840} INFO - DAG(s) 'latest_only' retrieved from /home/airflow/.local/lib/python3.8/site-packages/airflow/example_dags/example_latest_only.py
[2024-03-23T00:24:52.006+0000] {logging_mixin.py:188} INFO - [2024-03-23T00:24:52.006+0000] {dag.py:3047} INFO - Sync 1 DAGs
[2024-03-23T00:24:52.031+0000] {logging_mixin.py:188} INFO - [2024-03-23T00:24:52.030+0000] {dag.py:3834} INFO - Setting next_dagrun for latest_only to 2024-03-22 20:00:00+00:00, run_after=2024-03-23 00:00:00+00:00
[2024-03-23T00:24:52.051+0000] {processor.py:183} INFO - Processing /home/airflow/.local/lib/python3.8/site-packages/airflow/example_dags/example_latest_only.py took 0.079 seconds
[2024-03-23T00:25:22.261+0000] {processor.py:161} INFO - Started process (PID=2411) to work on /home/airflow/.local/lib/python3.8/site-packages/airflow/example_dags/example_latest_only.py
[2024-03-23T00:25:22.263+0000] {processor.py:830} INFO - Processing file /home/airflow/.local/lib/python3.8/site-packages/airflow/example_dags/example_latest_only.py for tasks to queue
[2024-03-23T00:25:22.265+0000] {logging_mixin.py:188} INFO - [2024-03-23T00:25:22.265+0000] {dagbag.py:540} INFO - Filling up the DagBag from /home/airflow/.local/lib/python3.8/site-packages/airflow/example_dags/example_latest_only.py
[2024-03-23T00:25:22.271+0000] {processor.py:840} INFO - DAG(s) 'latest_only' retrieved from /home/airflow/.local/lib/python3.8/site-packages/airflow/example_dags/example_latest_only.py
[2024-03-23T00:25:22.293+0000] {logging_mixin.py:188} INFO - [2024-03-23T00:25:22.293+0000] {dag.py:3047} INFO - Sync 1 DAGs
[2024-03-23T00:25:22.319+0000] {logging_mixin.py:188} INFO - [2024-03-23T00:25:22.318+0000] {dag.py:3834} INFO - Setting next_dagrun for latest_only to 2024-03-22 20:00:00+00:00, run_after=2024-03-23 00:00:00+00:00
[2024-03-23T00:25:22.338+0000] {processor.py:183} INFO - Processing /home/airflow/.local/lib/python3.8/site-packages/airflow/example_dags/example_latest_only.py took 0.081 seconds
[2024-03-23T00:25:52.536+0000] {processor.py:161} INFO - Started process (PID=2466) to work on /home/airflow/.local/lib/python3.8/site-packages/airflow/example_dags/example_latest_only.py
[2024-03-23T00:25:52.538+0000] {processor.py:830} INFO - Processing file /home/airflow/.local/lib/python3.8/site-packages/airflow/example_dags/example_latest_only.py for tasks to queue
[2024-03-23T00:25:52.540+0000] {logging_mixin.py:188} INFO - [2024-03-23T00:25:52.539+0000] {dagbag.py:540} INFO - Filling up the DagBag from /home/airflow/.local/lib/python3.8/site-packages/airflow/example_dags/example_latest_only.py
[2024-03-23T00:25:52.545+0000] {processor.py:840} INFO - DAG(s) 'latest_only' retrieved from /home/airflow/.local/lib/python3.8/site-packages/airflow/example_dags/example_latest_only.py
[2024-03-23T00:25:52.568+0000] {logging_mixin.py:188} INFO - [2024-03-23T00:25:52.568+0000] {dag.py:3047} INFO - Sync 1 DAGs
[2024-03-23T00:25:52.593+0000] {logging_mixin.py:188} INFO - [2024-03-23T00:25:52.592+0000] {dag.py:3834} INFO - Setting next_dagrun for latest_only to 2024-03-22 20:00:00+00:00, run_after=2024-03-23 00:00:00+00:00
[2024-03-23T00:25:52.613+0000] {processor.py:183} INFO - Processing /home/airflow/.local/lib/python3.8/site-packages/airflow/example_dags/example_latest_only.py took 0.080 seconds
[2024-03-23T00:26:22.775+0000] {processor.py:161} INFO - Started process (PID=2521) to work on /home/airflow/.local/lib/python3.8/site-packages/airflow/example_dags/example_latest_only.py
[2024-03-23T00:26:22.776+0000] {processor.py:830} INFO - Processing file /home/airflow/.local/lib/python3.8/site-packages/airflow/example_dags/example_latest_only.py for tasks to queue
[2024-03-23T00:26:22.778+0000] {logging_mixin.py:188} INFO - [2024-03-23T00:26:22.778+0000] {dagbag.py:540} INFO - Filling up the DagBag from /home/airflow/.local/lib/python3.8/site-packages/airflow/example_dags/example_latest_only.py
[2024-03-23T00:26:22.784+0000] {processor.py:840} INFO - DAG(s) 'latest_only' retrieved from /home/airflow/.local/lib/python3.8/site-packages/airflow/example_dags/example_latest_only.py
[2024-03-23T00:26:22.808+0000] {logging_mixin.py:188} INFO - [2024-03-23T00:26:22.807+0000] {dag.py:3047} INFO - Sync 1 DAGs
[2024-03-23T00:26:22.833+0000] {logging_mixin.py:188} INFO - [2024-03-23T00:26:22.833+0000] {dag.py:3834} INFO - Setting next_dagrun for latest_only to 2024-03-22 20:00:00+00:00, run_after=2024-03-23 00:00:00+00:00
[2024-03-23T00:26:22.855+0000] {processor.py:183} INFO - Processing /home/airflow/.local/lib/python3.8/site-packages/airflow/example_dags/example_latest_only.py took 0.084 seconds
