[2024-03-23T00:03:39.150+0000] {processor.py:161} INFO - Started process (PID=67) to work on /home/airflow/.local/lib/python3.8/site-packages/airflow/example_dags/example_xcomargs.py
[2024-03-23T00:03:39.152+0000] {processor.py:830} INFO - Processing file /home/airflow/.local/lib/python3.8/site-packages/airflow/example_dags/example_xcomargs.py for tasks to queue
[2024-03-23T00:03:39.155+0000] {logging_mixin.py:188} INFO - [2024-03-23T00:03:39.155+0000] {dagbag.py:540} INFO - Filling up the DagBag from /home/airflow/.local/lib/python3.8/site-packages/airflow/example_dags/example_xcomargs.py
[2024-03-23T00:03:39.170+0000] {processor.py:840} INFO - DAG(s) 'example_xcom_args', 'example_xcom_args_with_operators' retrieved from /home/airflow/.local/lib/python3.8/site-packages/airflow/example_dags/example_xcomargs.py
[2024-03-23T00:03:39.220+0000] {logging_mixin.py:188} INFO - [2024-03-23T00:03:39.219+0000] {dag.py:3047} INFO - Sync 2 DAGs
[2024-03-23T00:03:39.247+0000] {logging_mixin.py:188} INFO - [2024-03-23T00:03:39.247+0000] {dag.py:3834} INFO - Setting next_dagrun for example_xcom_args to None, run_after=None
[2024-03-23T00:03:39.255+0000] {logging_mixin.py:188} INFO - [2024-03-23T00:03:39.254+0000] {dag.py:3834} INFO - Setting next_dagrun for example_xcom_args_with_operators to None, run_after=None
[2024-03-23T00:03:39.290+0000] {processor.py:183} INFO - Processing /home/airflow/.local/lib/python3.8/site-packages/airflow/example_dags/example_xcomargs.py took 0.146 seconds
[2024-03-23T00:04:09.355+0000] {processor.py:161} INFO - Started process (PID=122) to work on /home/airflow/.local/lib/python3.8/site-packages/airflow/example_dags/example_xcomargs.py
[2024-03-23T00:04:09.356+0000] {processor.py:830} INFO - Processing file /home/airflow/.local/lib/python3.8/site-packages/airflow/example_dags/example_xcomargs.py for tasks to queue
[2024-03-23T00:04:09.358+0000] {logging_mixin.py:188} INFO - [2024-03-23T00:04:09.358+0000] {dagbag.py:540} INFO - Filling up the DagBag from /home/airflow/.local/lib/python3.8/site-packages/airflow/example_dags/example_xcomargs.py
[2024-03-23T00:04:09.368+0000] {processor.py:840} INFO - DAG(s) 'example_xcom_args_with_operators', 'example_xcom_args' retrieved from /home/airflow/.local/lib/python3.8/site-packages/airflow/example_dags/example_xcomargs.py
[2024-03-23T00:04:09.395+0000] {logging_mixin.py:188} INFO - [2024-03-23T00:04:09.395+0000] {dag.py:3047} INFO - Sync 2 DAGs
[2024-03-23T00:04:09.411+0000] {logging_mixin.py:188} INFO - [2024-03-23T00:04:09.410+0000] {dag.py:3834} INFO - Setting next_dagrun for example_xcom_args to None, run_after=None
[2024-03-23T00:04:09.415+0000] {logging_mixin.py:188} INFO - [2024-03-23T00:04:09.415+0000] {dag.py:3834} INFO - Setting next_dagrun for example_xcom_args_with_operators to None, run_after=None
[2024-03-23T00:04:09.433+0000] {processor.py:183} INFO - Processing /home/airflow/.local/lib/python3.8/site-packages/airflow/example_dags/example_xcomargs.py took 0.082 seconds
[2024-03-23T00:04:39.785+0000] {processor.py:161} INFO - Started process (PID=177) to work on /home/airflow/.local/lib/python3.8/site-packages/airflow/example_dags/example_xcomargs.py
[2024-03-23T00:04:39.786+0000] {processor.py:830} INFO - Processing file /home/airflow/.local/lib/python3.8/site-packages/airflow/example_dags/example_xcomargs.py for tasks to queue
[2024-03-23T00:04:39.788+0000] {logging_mixin.py:188} INFO - [2024-03-23T00:04:39.788+0000] {dagbag.py:540} INFO - Filling up the DagBag from /home/airflow/.local/lib/python3.8/site-packages/airflow/example_dags/example_xcomargs.py
[2024-03-23T00:04:39.798+0000] {processor.py:840} INFO - DAG(s) 'example_xcom_args_with_operators', 'example_xcom_args' retrieved from /home/airflow/.local/lib/python3.8/site-packages/airflow/example_dags/example_xcomargs.py
[2024-03-23T00:04:39.828+0000] {logging_mixin.py:188} INFO - [2024-03-23T00:04:39.828+0000] {dag.py:3047} INFO - Sync 2 DAGs
[2024-03-23T00:04:39.844+0000] {logging_mixin.py:188} INFO - [2024-03-23T00:04:39.844+0000] {dag.py:3834} INFO - Setting next_dagrun for example_xcom_args to None, run_after=None
[2024-03-23T00:04:39.849+0000] {logging_mixin.py:188} INFO - [2024-03-23T00:04:39.849+0000] {dag.py:3834} INFO - Setting next_dagrun for example_xcom_args_with_operators to None, run_after=None
[2024-03-23T00:04:39.867+0000] {processor.py:183} INFO - Processing /home/airflow/.local/lib/python3.8/site-packages/airflow/example_dags/example_xcomargs.py took 0.086 seconds
[2024-03-23T00:05:10.011+0000] {processor.py:161} INFO - Started process (PID=232) to work on /home/airflow/.local/lib/python3.8/site-packages/airflow/example_dags/example_xcomargs.py
[2024-03-23T00:05:10.012+0000] {processor.py:830} INFO - Processing file /home/airflow/.local/lib/python3.8/site-packages/airflow/example_dags/example_xcomargs.py for tasks to queue
[2024-03-23T00:05:10.015+0000] {logging_mixin.py:188} INFO - [2024-03-23T00:05:10.015+0000] {dagbag.py:540} INFO - Filling up the DagBag from /home/airflow/.local/lib/python3.8/site-packages/airflow/example_dags/example_xcomargs.py
[2024-03-23T00:05:10.025+0000] {processor.py:840} INFO - DAG(s) 'example_xcom_args_with_operators', 'example_xcom_args' retrieved from /home/airflow/.local/lib/python3.8/site-packages/airflow/example_dags/example_xcomargs.py
[2024-03-23T00:05:10.052+0000] {logging_mixin.py:188} INFO - [2024-03-23T00:05:10.052+0000] {dag.py:3047} INFO - Sync 2 DAGs
[2024-03-23T00:05:10.069+0000] {logging_mixin.py:188} INFO - [2024-03-23T00:05:10.069+0000] {dag.py:3834} INFO - Setting next_dagrun for example_xcom_args to None, run_after=None
[2024-03-23T00:05:10.073+0000] {logging_mixin.py:188} INFO - [2024-03-23T00:05:10.073+0000] {dag.py:3834} INFO - Setting next_dagrun for example_xcom_args_with_operators to None, run_after=None
[2024-03-23T00:05:10.091+0000] {processor.py:183} INFO - Processing /home/airflow/.local/lib/python3.8/site-packages/airflow/example_dags/example_xcomargs.py took 0.084 seconds
[2024-03-23T00:05:40.637+0000] {processor.py:161} INFO - Started process (PID=287) to work on /home/airflow/.local/lib/python3.8/site-packages/airflow/example_dags/example_xcomargs.py
[2024-03-23T00:05:40.639+0000] {processor.py:830} INFO - Processing file /home/airflow/.local/lib/python3.8/site-packages/airflow/example_dags/example_xcomargs.py for tasks to queue
[2024-03-23T00:05:40.642+0000] {logging_mixin.py:188} INFO - [2024-03-23T00:05:40.641+0000] {dagbag.py:540} INFO - Filling up the DagBag from /home/airflow/.local/lib/python3.8/site-packages/airflow/example_dags/example_xcomargs.py
[2024-03-23T00:05:40.652+0000] {processor.py:840} INFO - DAG(s) 'example_xcom_args', 'example_xcom_args_with_operators' retrieved from /home/airflow/.local/lib/python3.8/site-packages/airflow/example_dags/example_xcomargs.py
[2024-03-23T00:05:40.681+0000] {logging_mixin.py:188} INFO - [2024-03-23T00:05:40.680+0000] {dag.py:3047} INFO - Sync 2 DAGs
[2024-03-23T00:05:40.698+0000] {logging_mixin.py:188} INFO - [2024-03-23T00:05:40.697+0000] {dag.py:3834} INFO - Setting next_dagrun for example_xcom_args to None, run_after=None
[2024-03-23T00:05:40.703+0000] {logging_mixin.py:188} INFO - [2024-03-23T00:05:40.702+0000] {dag.py:3834} INFO - Setting next_dagrun for example_xcom_args_with_operators to None, run_after=None
[2024-03-23T00:05:40.723+0000] {processor.py:183} INFO - Processing /home/airflow/.local/lib/python3.8/site-packages/airflow/example_dags/example_xcomargs.py took 0.091 seconds
[2024-03-23T00:06:10.908+0000] {processor.py:161} INFO - Started process (PID=342) to work on /home/airflow/.local/lib/python3.8/site-packages/airflow/example_dags/example_xcomargs.py
[2024-03-23T00:06:10.910+0000] {processor.py:830} INFO - Processing file /home/airflow/.local/lib/python3.8/site-packages/airflow/example_dags/example_xcomargs.py for tasks to queue
[2024-03-23T00:06:10.912+0000] {logging_mixin.py:188} INFO - [2024-03-23T00:06:10.911+0000] {dagbag.py:540} INFO - Filling up the DagBag from /home/airflow/.local/lib/python3.8/site-packages/airflow/example_dags/example_xcomargs.py
[2024-03-23T00:06:10.922+0000] {processor.py:840} INFO - DAG(s) 'example_xcom_args_with_operators', 'example_xcom_args' retrieved from /home/airflow/.local/lib/python3.8/site-packages/airflow/example_dags/example_xcomargs.py
[2024-03-23T00:06:10.949+0000] {logging_mixin.py:188} INFO - [2024-03-23T00:06:10.949+0000] {dag.py:3047} INFO - Sync 2 DAGs
[2024-03-23T00:06:10.965+0000] {logging_mixin.py:188} INFO - [2024-03-23T00:06:10.965+0000] {dag.py:3834} INFO - Setting next_dagrun for example_xcom_args to None, run_after=None
[2024-03-23T00:06:10.970+0000] {logging_mixin.py:188} INFO - [2024-03-23T00:06:10.970+0000] {dag.py:3834} INFO - Setting next_dagrun for example_xcom_args_with_operators to None, run_after=None
[2024-03-23T00:06:10.989+0000] {processor.py:183} INFO - Processing /home/airflow/.local/lib/python3.8/site-packages/airflow/example_dags/example_xcomargs.py took 0.085 seconds
[2024-03-23T00:06:41.227+0000] {processor.py:161} INFO - Started process (PID=397) to work on /home/airflow/.local/lib/python3.8/site-packages/airflow/example_dags/example_xcomargs.py
[2024-03-23T00:06:41.229+0000] {processor.py:830} INFO - Processing file /home/airflow/.local/lib/python3.8/site-packages/airflow/example_dags/example_xcomargs.py for tasks to queue
[2024-03-23T00:06:41.231+0000] {logging_mixin.py:188} INFO - [2024-03-23T00:06:41.230+0000] {dagbag.py:540} INFO - Filling up the DagBag from /home/airflow/.local/lib/python3.8/site-packages/airflow/example_dags/example_xcomargs.py
[2024-03-23T00:06:41.241+0000] {processor.py:840} INFO - DAG(s) 'example_xcom_args_with_operators', 'example_xcom_args' retrieved from /home/airflow/.local/lib/python3.8/site-packages/airflow/example_dags/example_xcomargs.py
[2024-03-23T00:06:41.267+0000] {logging_mixin.py:188} INFO - [2024-03-23T00:06:41.267+0000] {dag.py:3047} INFO - Sync 2 DAGs
[2024-03-23T00:06:41.282+0000] {logging_mixin.py:188} INFO - [2024-03-23T00:06:41.281+0000] {dag.py:3834} INFO - Setting next_dagrun for example_xcom_args to None, run_after=None
[2024-03-23T00:06:41.286+0000] {logging_mixin.py:188} INFO - [2024-03-23T00:06:41.285+0000] {dag.py:3834} INFO - Setting next_dagrun for example_xcom_args_with_operators to None, run_after=None
[2024-03-23T00:06:41.304+0000] {processor.py:183} INFO - Processing /home/airflow/.local/lib/python3.8/site-packages/airflow/example_dags/example_xcomargs.py took 0.081 seconds
[2024-03-23T00:07:11.707+0000] {processor.py:161} INFO - Started process (PID=452) to work on /home/airflow/.local/lib/python3.8/site-packages/airflow/example_dags/example_xcomargs.py
[2024-03-23T00:07:11.708+0000] {processor.py:830} INFO - Processing file /home/airflow/.local/lib/python3.8/site-packages/airflow/example_dags/example_xcomargs.py for tasks to queue
[2024-03-23T00:07:11.710+0000] {logging_mixin.py:188} INFO - [2024-03-23T00:07:11.710+0000] {dagbag.py:540} INFO - Filling up the DagBag from /home/airflow/.local/lib/python3.8/site-packages/airflow/example_dags/example_xcomargs.py
[2024-03-23T00:07:11.720+0000] {processor.py:840} INFO - DAG(s) 'example_xcom_args', 'example_xcom_args_with_operators' retrieved from /home/airflow/.local/lib/python3.8/site-packages/airflow/example_dags/example_xcomargs.py
[2024-03-23T00:07:11.747+0000] {logging_mixin.py:188} INFO - [2024-03-23T00:07:11.747+0000] {dag.py:3047} INFO - Sync 2 DAGs
[2024-03-23T00:07:11.762+0000] {logging_mixin.py:188} INFO - [2024-03-23T00:07:11.762+0000] {dag.py:3834} INFO - Setting next_dagrun for example_xcom_args to None, run_after=None
[2024-03-23T00:07:11.767+0000] {logging_mixin.py:188} INFO - [2024-03-23T00:07:11.767+0000] {dag.py:3834} INFO - Setting next_dagrun for example_xcom_args_with_operators to None, run_after=None
[2024-03-23T00:07:11.785+0000] {processor.py:183} INFO - Processing /home/airflow/.local/lib/python3.8/site-packages/airflow/example_dags/example_xcomargs.py took 0.082 seconds
[2024-03-23T00:07:42.356+0000] {processor.py:161} INFO - Started process (PID=507) to work on /home/airflow/.local/lib/python3.8/site-packages/airflow/example_dags/example_xcomargs.py
[2024-03-23T00:07:42.357+0000] {processor.py:830} INFO - Processing file /home/airflow/.local/lib/python3.8/site-packages/airflow/example_dags/example_xcomargs.py for tasks to queue
[2024-03-23T00:07:42.360+0000] {logging_mixin.py:188} INFO - [2024-03-23T00:07:42.359+0000] {dagbag.py:540} INFO - Filling up the DagBag from /home/airflow/.local/lib/python3.8/site-packages/airflow/example_dags/example_xcomargs.py
[2024-03-23T00:07:42.370+0000] {processor.py:840} INFO - DAG(s) 'example_xcom_args', 'example_xcom_args_with_operators' retrieved from /home/airflow/.local/lib/python3.8/site-packages/airflow/example_dags/example_xcomargs.py
[2024-03-23T00:07:42.402+0000] {logging_mixin.py:188} INFO - [2024-03-23T00:07:42.401+0000] {dag.py:3047} INFO - Sync 2 DAGs
[2024-03-23T00:07:42.422+0000] {logging_mixin.py:188} INFO - [2024-03-23T00:07:42.421+0000] {dag.py:3834} INFO - Setting next_dagrun for example_xcom_args to None, run_after=None
[2024-03-23T00:07:42.427+0000] {logging_mixin.py:188} INFO - [2024-03-23T00:07:42.427+0000] {dag.py:3834} INFO - Setting next_dagrun for example_xcom_args_with_operators to None, run_after=None
[2024-03-23T00:07:42.447+0000] {processor.py:183} INFO - Processing /home/airflow/.local/lib/python3.8/site-packages/airflow/example_dags/example_xcomargs.py took 0.096 seconds
[2024-03-23T00:08:13.553+0000] {processor.py:161} INFO - Started process (PID=562) to work on /home/airflow/.local/lib/python3.8/site-packages/airflow/example_dags/example_xcomargs.py
[2024-03-23T00:08:13.554+0000] {processor.py:830} INFO - Processing file /home/airflow/.local/lib/python3.8/site-packages/airflow/example_dags/example_xcomargs.py for tasks to queue
[2024-03-23T00:08:13.556+0000] {logging_mixin.py:188} INFO - [2024-03-23T00:08:13.556+0000] {dagbag.py:540} INFO - Filling up the DagBag from /home/airflow/.local/lib/python3.8/site-packages/airflow/example_dags/example_xcomargs.py
[2024-03-23T00:08:13.567+0000] {processor.py:840} INFO - DAG(s) 'example_xcom_args', 'example_xcom_args_with_operators' retrieved from /home/airflow/.local/lib/python3.8/site-packages/airflow/example_dags/example_xcomargs.py
[2024-03-23T00:08:13.597+0000] {logging_mixin.py:188} INFO - [2024-03-23T00:08:13.597+0000] {dag.py:3047} INFO - Sync 2 DAGs
[2024-03-23T00:08:13.616+0000] {logging_mixin.py:188} INFO - [2024-03-23T00:08:13.615+0000] {dag.py:3834} INFO - Setting next_dagrun for example_xcom_args to None, run_after=None
[2024-03-23T00:08:13.620+0000] {logging_mixin.py:188} INFO - [2024-03-23T00:08:13.620+0000] {dag.py:3834} INFO - Setting next_dagrun for example_xcom_args_with_operators to None, run_after=None
[2024-03-23T00:08:13.638+0000] {processor.py:183} INFO - Processing /home/airflow/.local/lib/python3.8/site-packages/airflow/example_dags/example_xcomargs.py took 0.090 seconds
[2024-03-23T00:08:43.901+0000] {processor.py:161} INFO - Started process (PID=617) to work on /home/airflow/.local/lib/python3.8/site-packages/airflow/example_dags/example_xcomargs.py
[2024-03-23T00:08:43.903+0000] {processor.py:830} INFO - Processing file /home/airflow/.local/lib/python3.8/site-packages/airflow/example_dags/example_xcomargs.py for tasks to queue
[2024-03-23T00:08:43.905+0000] {logging_mixin.py:188} INFO - [2024-03-23T00:08:43.904+0000] {dagbag.py:540} INFO - Filling up the DagBag from /home/airflow/.local/lib/python3.8/site-packages/airflow/example_dags/example_xcomargs.py
[2024-03-23T00:08:43.915+0000] {processor.py:840} INFO - DAG(s) 'example_xcom_args', 'example_xcom_args_with_operators' retrieved from /home/airflow/.local/lib/python3.8/site-packages/airflow/example_dags/example_xcomargs.py
[2024-03-23T00:08:43.944+0000] {logging_mixin.py:188} INFO - [2024-03-23T00:08:43.944+0000] {dag.py:3047} INFO - Sync 2 DAGs
[2024-03-23T00:08:43.960+0000] {logging_mixin.py:188} INFO - [2024-03-23T00:08:43.960+0000] {dag.py:3834} INFO - Setting next_dagrun for example_xcom_args to None, run_after=None
[2024-03-23T00:08:43.965+0000] {logging_mixin.py:188} INFO - [2024-03-23T00:08:43.965+0000] {dag.py:3834} INFO - Setting next_dagrun for example_xcom_args_with_operators to None, run_after=None
[2024-03-23T00:08:43.985+0000] {processor.py:183} INFO - Processing /home/airflow/.local/lib/python3.8/site-packages/airflow/example_dags/example_xcomargs.py took 0.088 seconds
[2024-03-23T00:09:14.052+0000] {processor.py:161} INFO - Started process (PID=672) to work on /home/airflow/.local/lib/python3.8/site-packages/airflow/example_dags/example_xcomargs.py
[2024-03-23T00:09:14.053+0000] {processor.py:830} INFO - Processing file /home/airflow/.local/lib/python3.8/site-packages/airflow/example_dags/example_xcomargs.py for tasks to queue
[2024-03-23T00:09:14.055+0000] {logging_mixin.py:188} INFO - [2024-03-23T00:09:14.055+0000] {dagbag.py:540} INFO - Filling up the DagBag from /home/airflow/.local/lib/python3.8/site-packages/airflow/example_dags/example_xcomargs.py
[2024-03-23T00:09:14.065+0000] {processor.py:840} INFO - DAG(s) 'example_xcom_args', 'example_xcom_args_with_operators' retrieved from /home/airflow/.local/lib/python3.8/site-packages/airflow/example_dags/example_xcomargs.py
[2024-03-23T00:09:14.097+0000] {logging_mixin.py:188} INFO - [2024-03-23T00:09:14.096+0000] {dag.py:3047} INFO - Sync 2 DAGs
[2024-03-23T00:09:14.112+0000] {logging_mixin.py:188} INFO - [2024-03-23T00:09:14.112+0000] {dag.py:3834} INFO - Setting next_dagrun for example_xcom_args to None, run_after=None
[2024-03-23T00:09:14.117+0000] {logging_mixin.py:188} INFO - [2024-03-23T00:09:14.117+0000] {dag.py:3834} INFO - Setting next_dagrun for example_xcom_args_with_operators to None, run_after=None
[2024-03-23T00:09:14.135+0000] {processor.py:183} INFO - Processing /home/airflow/.local/lib/python3.8/site-packages/airflow/example_dags/example_xcomargs.py took 0.088 seconds
[2024-03-23T00:09:44.186+0000] {processor.py:161} INFO - Started process (PID=726) to work on /home/airflow/.local/lib/python3.8/site-packages/airflow/example_dags/example_xcomargs.py
[2024-03-23T00:09:44.187+0000] {processor.py:830} INFO - Processing file /home/airflow/.local/lib/python3.8/site-packages/airflow/example_dags/example_xcomargs.py for tasks to queue
[2024-03-23T00:09:44.190+0000] {logging_mixin.py:188} INFO - [2024-03-23T00:09:44.189+0000] {dagbag.py:540} INFO - Filling up the DagBag from /home/airflow/.local/lib/python3.8/site-packages/airflow/example_dags/example_xcomargs.py
[2024-03-23T00:09:44.199+0000] {processor.py:840} INFO - DAG(s) 'example_xcom_args_with_operators', 'example_xcom_args' retrieved from /home/airflow/.local/lib/python3.8/site-packages/airflow/example_dags/example_xcomargs.py
[2024-03-23T00:09:44.225+0000] {logging_mixin.py:188} INFO - [2024-03-23T00:09:44.225+0000] {dag.py:3047} INFO - Sync 2 DAGs
[2024-03-23T00:09:44.240+0000] {logging_mixin.py:188} INFO - [2024-03-23T00:09:44.240+0000] {dag.py:3834} INFO - Setting next_dagrun for example_xcom_args to None, run_after=None
[2024-03-23T00:09:44.244+0000] {logging_mixin.py:188} INFO - [2024-03-23T00:09:44.244+0000] {dag.py:3834} INFO - Setting next_dagrun for example_xcom_args_with_operators to None, run_after=None
[2024-03-23T00:09:44.262+0000] {processor.py:183} INFO - Processing /home/airflow/.local/lib/python3.8/site-packages/airflow/example_dags/example_xcomargs.py took 0.079 seconds
[2024-03-23T00:10:14.566+0000] {processor.py:161} INFO - Started process (PID=781) to work on /home/airflow/.local/lib/python3.8/site-packages/airflow/example_dags/example_xcomargs.py
[2024-03-23T00:10:14.568+0000] {processor.py:830} INFO - Processing file /home/airflow/.local/lib/python3.8/site-packages/airflow/example_dags/example_xcomargs.py for tasks to queue
[2024-03-23T00:10:14.570+0000] {logging_mixin.py:188} INFO - [2024-03-23T00:10:14.569+0000] {dagbag.py:540} INFO - Filling up the DagBag from /home/airflow/.local/lib/python3.8/site-packages/airflow/example_dags/example_xcomargs.py
[2024-03-23T00:10:14.580+0000] {processor.py:840} INFO - DAG(s) 'example_xcom_args_with_operators', 'example_xcom_args' retrieved from /home/airflow/.local/lib/python3.8/site-packages/airflow/example_dags/example_xcomargs.py
[2024-03-23T00:10:14.605+0000] {logging_mixin.py:188} INFO - [2024-03-23T00:10:14.605+0000] {dag.py:3047} INFO - Sync 2 DAGs
[2024-03-23T00:10:14.621+0000] {logging_mixin.py:188} INFO - [2024-03-23T00:10:14.621+0000] {dag.py:3834} INFO - Setting next_dagrun for example_xcom_args to None, run_after=None
[2024-03-23T00:10:14.627+0000] {logging_mixin.py:188} INFO - [2024-03-23T00:10:14.626+0000] {dag.py:3834} INFO - Setting next_dagrun for example_xcom_args_with_operators to None, run_after=None
[2024-03-23T00:10:14.655+0000] {processor.py:183} INFO - Processing /home/airflow/.local/lib/python3.8/site-packages/airflow/example_dags/example_xcomargs.py took 0.092 seconds
[2024-03-23T00:10:44.737+0000] {processor.py:161} INFO - Started process (PID=836) to work on /home/airflow/.local/lib/python3.8/site-packages/airflow/example_dags/example_xcomargs.py
[2024-03-23T00:10:44.739+0000] {processor.py:830} INFO - Processing file /home/airflow/.local/lib/python3.8/site-packages/airflow/example_dags/example_xcomargs.py for tasks to queue
[2024-03-23T00:10:44.741+0000] {logging_mixin.py:188} INFO - [2024-03-23T00:10:44.740+0000] {dagbag.py:540} INFO - Filling up the DagBag from /home/airflow/.local/lib/python3.8/site-packages/airflow/example_dags/example_xcomargs.py
[2024-03-23T00:10:44.750+0000] {processor.py:840} INFO - DAG(s) 'example_xcom_args', 'example_xcom_args_with_operators' retrieved from /home/airflow/.local/lib/python3.8/site-packages/airflow/example_dags/example_xcomargs.py
[2024-03-23T00:10:44.775+0000] {logging_mixin.py:188} INFO - [2024-03-23T00:10:44.775+0000] {dag.py:3047} INFO - Sync 2 DAGs
[2024-03-23T00:10:44.791+0000] {logging_mixin.py:188} INFO - [2024-03-23T00:10:44.790+0000] {dag.py:3834} INFO - Setting next_dagrun for example_xcom_args to None, run_after=None
[2024-03-23T00:10:44.795+0000] {logging_mixin.py:188} INFO - [2024-03-23T00:10:44.795+0000] {dag.py:3834} INFO - Setting next_dagrun for example_xcom_args_with_operators to None, run_after=None
[2024-03-23T00:10:44.813+0000] {processor.py:183} INFO - Processing /home/airflow/.local/lib/python3.8/site-packages/airflow/example_dags/example_xcomargs.py took 0.080 seconds
[2024-03-23T00:11:15.106+0000] {processor.py:161} INFO - Started process (PID=891) to work on /home/airflow/.local/lib/python3.8/site-packages/airflow/example_dags/example_xcomargs.py
[2024-03-23T00:11:15.107+0000] {processor.py:830} INFO - Processing file /home/airflow/.local/lib/python3.8/site-packages/airflow/example_dags/example_xcomargs.py for tasks to queue
[2024-03-23T00:11:15.109+0000] {logging_mixin.py:188} INFO - [2024-03-23T00:11:15.108+0000] {dagbag.py:540} INFO - Filling up the DagBag from /home/airflow/.local/lib/python3.8/site-packages/airflow/example_dags/example_xcomargs.py
[2024-03-23T00:11:15.119+0000] {processor.py:840} INFO - DAG(s) 'example_xcom_args', 'example_xcom_args_with_operators' retrieved from /home/airflow/.local/lib/python3.8/site-packages/airflow/example_dags/example_xcomargs.py
[2024-03-23T00:11:15.143+0000] {logging_mixin.py:188} INFO - [2024-03-23T00:11:15.143+0000] {dag.py:3047} INFO - Sync 2 DAGs
[2024-03-23T00:11:15.158+0000] {logging_mixin.py:188} INFO - [2024-03-23T00:11:15.157+0000] {dag.py:3834} INFO - Setting next_dagrun for example_xcom_args to None, run_after=None
[2024-03-23T00:11:15.162+0000] {logging_mixin.py:188} INFO - [2024-03-23T00:11:15.161+0000] {dag.py:3834} INFO - Setting next_dagrun for example_xcom_args_with_operators to None, run_after=None
[2024-03-23T00:11:15.179+0000] {processor.py:183} INFO - Processing /home/airflow/.local/lib/python3.8/site-packages/airflow/example_dags/example_xcomargs.py took 0.077 seconds
[2024-03-23T00:11:45.525+0000] {processor.py:161} INFO - Started process (PID=946) to work on /home/airflow/.local/lib/python3.8/site-packages/airflow/example_dags/example_xcomargs.py
[2024-03-23T00:11:45.526+0000] {processor.py:830} INFO - Processing file /home/airflow/.local/lib/python3.8/site-packages/airflow/example_dags/example_xcomargs.py for tasks to queue
[2024-03-23T00:11:45.528+0000] {logging_mixin.py:188} INFO - [2024-03-23T00:11:45.528+0000] {dagbag.py:540} INFO - Filling up the DagBag from /home/airflow/.local/lib/python3.8/site-packages/airflow/example_dags/example_xcomargs.py
[2024-03-23T00:11:45.541+0000] {processor.py:840} INFO - DAG(s) 'example_xcom_args', 'example_xcom_args_with_operators' retrieved from /home/airflow/.local/lib/python3.8/site-packages/airflow/example_dags/example_xcomargs.py
[2024-03-23T00:11:45.567+0000] {logging_mixin.py:188} INFO - [2024-03-23T00:11:45.566+0000] {dag.py:3047} INFO - Sync 2 DAGs
[2024-03-23T00:11:45.581+0000] {logging_mixin.py:188} INFO - [2024-03-23T00:11:45.581+0000] {dag.py:3834} INFO - Setting next_dagrun for example_xcom_args to None, run_after=None
[2024-03-23T00:11:45.585+0000] {logging_mixin.py:188} INFO - [2024-03-23T00:11:45.585+0000] {dag.py:3834} INFO - Setting next_dagrun for example_xcom_args_with_operators to None, run_after=None
[2024-03-23T00:11:45.602+0000] {processor.py:183} INFO - Processing /home/airflow/.local/lib/python3.8/site-packages/airflow/example_dags/example_xcomargs.py took 0.082 seconds
[2024-03-23T00:12:15.809+0000] {processor.py:161} INFO - Started process (PID=1001) to work on /home/airflow/.local/lib/python3.8/site-packages/airflow/example_dags/example_xcomargs.py
[2024-03-23T00:12:15.810+0000] {processor.py:830} INFO - Processing file /home/airflow/.local/lib/python3.8/site-packages/airflow/example_dags/example_xcomargs.py for tasks to queue
[2024-03-23T00:12:15.812+0000] {logging_mixin.py:188} INFO - [2024-03-23T00:12:15.812+0000] {dagbag.py:540} INFO - Filling up the DagBag from /home/airflow/.local/lib/python3.8/site-packages/airflow/example_dags/example_xcomargs.py
[2024-03-23T00:12:15.822+0000] {processor.py:840} INFO - DAG(s) 'example_xcom_args_with_operators', 'example_xcom_args' retrieved from /home/airflow/.local/lib/python3.8/site-packages/airflow/example_dags/example_xcomargs.py
[2024-03-23T00:12:15.848+0000] {logging_mixin.py:188} INFO - [2024-03-23T00:12:15.847+0000] {dag.py:3047} INFO - Sync 2 DAGs
[2024-03-23T00:12:15.862+0000] {logging_mixin.py:188} INFO - [2024-03-23T00:12:15.862+0000] {dag.py:3834} INFO - Setting next_dagrun for example_xcom_args to None, run_after=None
[2024-03-23T00:12:15.866+0000] {logging_mixin.py:188} INFO - [2024-03-23T00:12:15.866+0000] {dag.py:3834} INFO - Setting next_dagrun for example_xcom_args_with_operators to None, run_after=None
[2024-03-23T00:12:15.883+0000] {processor.py:183} INFO - Processing /home/airflow/.local/lib/python3.8/site-packages/airflow/example_dags/example_xcomargs.py took 0.078 seconds
[2024-03-23T00:12:46.358+0000] {processor.py:161} INFO - Started process (PID=1056) to work on /home/airflow/.local/lib/python3.8/site-packages/airflow/example_dags/example_xcomargs.py
[2024-03-23T00:12:46.359+0000] {processor.py:830} INFO - Processing file /home/airflow/.local/lib/python3.8/site-packages/airflow/example_dags/example_xcomargs.py for tasks to queue
[2024-03-23T00:12:46.361+0000] {logging_mixin.py:188} INFO - [2024-03-23T00:12:46.361+0000] {dagbag.py:540} INFO - Filling up the DagBag from /home/airflow/.local/lib/python3.8/site-packages/airflow/example_dags/example_xcomargs.py
[2024-03-23T00:12:46.371+0000] {processor.py:840} INFO - DAG(s) 'example_xcom_args', 'example_xcom_args_with_operators' retrieved from /home/airflow/.local/lib/python3.8/site-packages/airflow/example_dags/example_xcomargs.py
[2024-03-23T00:12:46.396+0000] {logging_mixin.py:188} INFO - [2024-03-23T00:12:46.396+0000] {dag.py:3047} INFO - Sync 2 DAGs
[2024-03-23T00:12:46.411+0000] {logging_mixin.py:188} INFO - [2024-03-23T00:12:46.411+0000] {dag.py:3834} INFO - Setting next_dagrun for example_xcom_args to None, run_after=None
[2024-03-23T00:12:46.415+0000] {logging_mixin.py:188} INFO - [2024-03-23T00:12:46.415+0000] {dag.py:3834} INFO - Setting next_dagrun for example_xcom_args_with_operators to None, run_after=None
[2024-03-23T00:12:46.432+0000] {processor.py:183} INFO - Processing /home/airflow/.local/lib/python3.8/site-packages/airflow/example_dags/example_xcomargs.py took 0.079 seconds
[2024-03-23T00:13:16.770+0000] {processor.py:161} INFO - Started process (PID=1111) to work on /home/airflow/.local/lib/python3.8/site-packages/airflow/example_dags/example_xcomargs.py
[2024-03-23T00:13:16.772+0000] {processor.py:830} INFO - Processing file /home/airflow/.local/lib/python3.8/site-packages/airflow/example_dags/example_xcomargs.py for tasks to queue
[2024-03-23T00:13:16.774+0000] {logging_mixin.py:188} INFO - [2024-03-23T00:13:16.773+0000] {dagbag.py:540} INFO - Filling up the DagBag from /home/airflow/.local/lib/python3.8/site-packages/airflow/example_dags/example_xcomargs.py
[2024-03-23T00:13:16.783+0000] {processor.py:840} INFO - DAG(s) 'example_xcom_args', 'example_xcom_args_with_operators' retrieved from /home/airflow/.local/lib/python3.8/site-packages/airflow/example_dags/example_xcomargs.py
[2024-03-23T00:13:16.808+0000] {logging_mixin.py:188} INFO - [2024-03-23T00:13:16.808+0000] {dag.py:3047} INFO - Sync 2 DAGs
[2024-03-23T00:13:16.823+0000] {logging_mixin.py:188} INFO - [2024-03-23T00:13:16.822+0000] {dag.py:3834} INFO - Setting next_dagrun for example_xcom_args to None, run_after=None
[2024-03-23T00:13:16.827+0000] {logging_mixin.py:188} INFO - [2024-03-23T00:13:16.826+0000] {dag.py:3834} INFO - Setting next_dagrun for example_xcom_args_with_operators to None, run_after=None
[2024-03-23T00:13:16.844+0000] {processor.py:183} INFO - Processing /home/airflow/.local/lib/python3.8/site-packages/airflow/example_dags/example_xcomargs.py took 0.078 seconds
[2024-03-23T00:13:47.241+0000] {processor.py:161} INFO - Started process (PID=1166) to work on /home/airflow/.local/lib/python3.8/site-packages/airflow/example_dags/example_xcomargs.py
[2024-03-23T00:13:47.242+0000] {processor.py:830} INFO - Processing file /home/airflow/.local/lib/python3.8/site-packages/airflow/example_dags/example_xcomargs.py for tasks to queue
[2024-03-23T00:13:47.244+0000] {logging_mixin.py:188} INFO - [2024-03-23T00:13:47.244+0000] {dagbag.py:540} INFO - Filling up the DagBag from /home/airflow/.local/lib/python3.8/site-packages/airflow/example_dags/example_xcomargs.py
[2024-03-23T00:13:47.254+0000] {processor.py:840} INFO - DAG(s) 'example_xcom_args_with_operators', 'example_xcom_args' retrieved from /home/airflow/.local/lib/python3.8/site-packages/airflow/example_dags/example_xcomargs.py
[2024-03-23T00:13:47.280+0000] {logging_mixin.py:188} INFO - [2024-03-23T00:13:47.280+0000] {dag.py:3047} INFO - Sync 2 DAGs
[2024-03-23T00:13:47.295+0000] {logging_mixin.py:188} INFO - [2024-03-23T00:13:47.295+0000] {dag.py:3834} INFO - Setting next_dagrun for example_xcom_args to None, run_after=None
[2024-03-23T00:13:47.299+0000] {logging_mixin.py:188} INFO - [2024-03-23T00:13:47.299+0000] {dag.py:3834} INFO - Setting next_dagrun for example_xcom_args_with_operators to None, run_after=None
[2024-03-23T00:13:47.318+0000] {processor.py:183} INFO - Processing /home/airflow/.local/lib/python3.8/site-packages/airflow/example_dags/example_xcomargs.py took 0.081 seconds
[2024-03-23T00:14:17.814+0000] {processor.py:161} INFO - Started process (PID=1221) to work on /home/airflow/.local/lib/python3.8/site-packages/airflow/example_dags/example_xcomargs.py
[2024-03-23T00:14:17.816+0000] {processor.py:830} INFO - Processing file /home/airflow/.local/lib/python3.8/site-packages/airflow/example_dags/example_xcomargs.py for tasks to queue
[2024-03-23T00:14:17.818+0000] {logging_mixin.py:188} INFO - [2024-03-23T00:14:17.817+0000] {dagbag.py:540} INFO - Filling up the DagBag from /home/airflow/.local/lib/python3.8/site-packages/airflow/example_dags/example_xcomargs.py
[2024-03-23T00:14:17.827+0000] {processor.py:840} INFO - DAG(s) 'example_xcom_args_with_operators', 'example_xcom_args' retrieved from /home/airflow/.local/lib/python3.8/site-packages/airflow/example_dags/example_xcomargs.py
[2024-03-23T00:14:17.853+0000] {logging_mixin.py:188} INFO - [2024-03-23T00:14:17.853+0000] {dag.py:3047} INFO - Sync 2 DAGs
[2024-03-23T00:14:17.868+0000] {logging_mixin.py:188} INFO - [2024-03-23T00:14:17.867+0000] {dag.py:3834} INFO - Setting next_dagrun for example_xcom_args to None, run_after=None
[2024-03-23T00:14:17.872+0000] {logging_mixin.py:188} INFO - [2024-03-23T00:14:17.872+0000] {dag.py:3834} INFO - Setting next_dagrun for example_xcom_args_with_operators to None, run_after=None
[2024-03-23T00:14:17.889+0000] {processor.py:183} INFO - Processing /home/airflow/.local/lib/python3.8/site-packages/airflow/example_dags/example_xcomargs.py took 0.078 seconds
[2024-03-23T00:14:48.272+0000] {processor.py:161} INFO - Started process (PID=1276) to work on /home/airflow/.local/lib/python3.8/site-packages/airflow/example_dags/example_xcomargs.py
[2024-03-23T00:14:48.273+0000] {processor.py:830} INFO - Processing file /home/airflow/.local/lib/python3.8/site-packages/airflow/example_dags/example_xcomargs.py for tasks to queue
[2024-03-23T00:14:48.275+0000] {logging_mixin.py:188} INFO - [2024-03-23T00:14:48.275+0000] {dagbag.py:540} INFO - Filling up the DagBag from /home/airflow/.local/lib/python3.8/site-packages/airflow/example_dags/example_xcomargs.py
[2024-03-23T00:14:48.285+0000] {processor.py:840} INFO - DAG(s) 'example_xcom_args_with_operators', 'example_xcom_args' retrieved from /home/airflow/.local/lib/python3.8/site-packages/airflow/example_dags/example_xcomargs.py
[2024-03-23T00:14:48.311+0000] {logging_mixin.py:188} INFO - [2024-03-23T00:14:48.310+0000] {dag.py:3047} INFO - Sync 2 DAGs
[2024-03-23T00:14:48.325+0000] {logging_mixin.py:188} INFO - [2024-03-23T00:14:48.325+0000] {dag.py:3834} INFO - Setting next_dagrun for example_xcom_args to None, run_after=None
[2024-03-23T00:14:48.329+0000] {logging_mixin.py:188} INFO - [2024-03-23T00:14:48.329+0000] {dag.py:3834} INFO - Setting next_dagrun for example_xcom_args_with_operators to None, run_after=None
[2024-03-23T00:14:48.348+0000] {processor.py:183} INFO - Processing /home/airflow/.local/lib/python3.8/site-packages/airflow/example_dags/example_xcomargs.py took 0.080 seconds
[2024-03-23T00:15:18.568+0000] {processor.py:161} INFO - Started process (PID=1331) to work on /home/airflow/.local/lib/python3.8/site-packages/airflow/example_dags/example_xcomargs.py
[2024-03-23T00:15:18.569+0000] {processor.py:830} INFO - Processing file /home/airflow/.local/lib/python3.8/site-packages/airflow/example_dags/example_xcomargs.py for tasks to queue
[2024-03-23T00:15:18.571+0000] {logging_mixin.py:188} INFO - [2024-03-23T00:15:18.570+0000] {dagbag.py:540} INFO - Filling up the DagBag from /home/airflow/.local/lib/python3.8/site-packages/airflow/example_dags/example_xcomargs.py
[2024-03-23T00:15:18.581+0000] {processor.py:840} INFO - DAG(s) 'example_xcom_args', 'example_xcom_args_with_operators' retrieved from /home/airflow/.local/lib/python3.8/site-packages/airflow/example_dags/example_xcomargs.py
[2024-03-23T00:15:18.608+0000] {logging_mixin.py:188} INFO - [2024-03-23T00:15:18.607+0000] {dag.py:3047} INFO - Sync 2 DAGs
[2024-03-23T00:15:18.624+0000] {logging_mixin.py:188} INFO - [2024-03-23T00:15:18.623+0000] {dag.py:3834} INFO - Setting next_dagrun for example_xcom_args to None, run_after=None
[2024-03-23T00:15:18.628+0000] {logging_mixin.py:188} INFO - [2024-03-23T00:15:18.627+0000] {dag.py:3834} INFO - Setting next_dagrun for example_xcom_args_with_operators to None, run_after=None
[2024-03-23T00:15:18.646+0000] {processor.py:183} INFO - Processing /home/airflow/.local/lib/python3.8/site-packages/airflow/example_dags/example_xcomargs.py took 0.082 seconds
[2024-03-23T00:15:48.963+0000] {processor.py:161} INFO - Started process (PID=1386) to work on /home/airflow/.local/lib/python3.8/site-packages/airflow/example_dags/example_xcomargs.py
[2024-03-23T00:15:48.964+0000] {processor.py:830} INFO - Processing file /home/airflow/.local/lib/python3.8/site-packages/airflow/example_dags/example_xcomargs.py for tasks to queue
[2024-03-23T00:15:48.966+0000] {logging_mixin.py:188} INFO - [2024-03-23T00:15:48.966+0000] {dagbag.py:540} INFO - Filling up the DagBag from /home/airflow/.local/lib/python3.8/site-packages/airflow/example_dags/example_xcomargs.py
[2024-03-23T00:15:48.976+0000] {processor.py:840} INFO - DAG(s) 'example_xcom_args', 'example_xcom_args_with_operators' retrieved from /home/airflow/.local/lib/python3.8/site-packages/airflow/example_dags/example_xcomargs.py
[2024-03-23T00:15:49.001+0000] {logging_mixin.py:188} INFO - [2024-03-23T00:15:49.001+0000] {dag.py:3047} INFO - Sync 2 DAGs
[2024-03-23T00:15:49.017+0000] {logging_mixin.py:188} INFO - [2024-03-23T00:15:49.016+0000] {dag.py:3834} INFO - Setting next_dagrun for example_xcom_args to None, run_after=None
[2024-03-23T00:15:49.021+0000] {logging_mixin.py:188} INFO - [2024-03-23T00:15:49.020+0000] {dag.py:3834} INFO - Setting next_dagrun for example_xcom_args_with_operators to None, run_after=None
[2024-03-23T00:15:49.039+0000] {processor.py:183} INFO - Processing /home/airflow/.local/lib/python3.8/site-packages/airflow/example_dags/example_xcomargs.py took 0.080 seconds
[2024-03-23T00:16:19.361+0000] {processor.py:161} INFO - Started process (PID=1441) to work on /home/airflow/.local/lib/python3.8/site-packages/airflow/example_dags/example_xcomargs.py
[2024-03-23T00:16:19.363+0000] {processor.py:830} INFO - Processing file /home/airflow/.local/lib/python3.8/site-packages/airflow/example_dags/example_xcomargs.py for tasks to queue
[2024-03-23T00:16:19.365+0000] {logging_mixin.py:188} INFO - [2024-03-23T00:16:19.364+0000] {dagbag.py:540} INFO - Filling up the DagBag from /home/airflow/.local/lib/python3.8/site-packages/airflow/example_dags/example_xcomargs.py
[2024-03-23T00:16:19.375+0000] {processor.py:840} INFO - DAG(s) 'example_xcom_args_with_operators', 'example_xcom_args' retrieved from /home/airflow/.local/lib/python3.8/site-packages/airflow/example_dags/example_xcomargs.py
[2024-03-23T00:16:19.402+0000] {logging_mixin.py:188} INFO - [2024-03-23T00:16:19.401+0000] {dag.py:3047} INFO - Sync 2 DAGs
[2024-03-23T00:16:19.417+0000] {logging_mixin.py:188} INFO - [2024-03-23T00:16:19.416+0000] {dag.py:3834} INFO - Setting next_dagrun for example_xcom_args to None, run_after=None
[2024-03-23T00:16:19.421+0000] {logging_mixin.py:188} INFO - [2024-03-23T00:16:19.421+0000] {dag.py:3834} INFO - Setting next_dagrun for example_xcom_args_with_operators to None, run_after=None
[2024-03-23T00:16:19.442+0000] {processor.py:183} INFO - Processing /home/airflow/.local/lib/python3.8/site-packages/airflow/example_dags/example_xcomargs.py took 0.085 seconds
[2024-03-23T00:16:49.643+0000] {processor.py:161} INFO - Started process (PID=1502) to work on /home/airflow/.local/lib/python3.8/site-packages/airflow/example_dags/example_xcomargs.py
[2024-03-23T00:16:49.644+0000] {processor.py:830} INFO - Processing file /home/airflow/.local/lib/python3.8/site-packages/airflow/example_dags/example_xcomargs.py for tasks to queue
[2024-03-23T00:16:49.646+0000] {logging_mixin.py:188} INFO - [2024-03-23T00:16:49.646+0000] {dagbag.py:540} INFO - Filling up the DagBag from /home/airflow/.local/lib/python3.8/site-packages/airflow/example_dags/example_xcomargs.py
[2024-03-23T00:16:49.656+0000] {processor.py:840} INFO - DAG(s) 'example_xcom_args', 'example_xcom_args_with_operators' retrieved from /home/airflow/.local/lib/python3.8/site-packages/airflow/example_dags/example_xcomargs.py
[2024-03-23T00:16:49.680+0000] {logging_mixin.py:188} INFO - [2024-03-23T00:16:49.680+0000] {dag.py:3047} INFO - Sync 2 DAGs
[2024-03-23T00:16:49.695+0000] {logging_mixin.py:188} INFO - [2024-03-23T00:16:49.694+0000] {dag.py:3834} INFO - Setting next_dagrun for example_xcom_args to None, run_after=None
[2024-03-23T00:16:49.698+0000] {logging_mixin.py:188} INFO - [2024-03-23T00:16:49.698+0000] {dag.py:3834} INFO - Setting next_dagrun for example_xcom_args_with_operators to None, run_after=None
[2024-03-23T00:16:49.715+0000] {processor.py:183} INFO - Processing /home/airflow/.local/lib/python3.8/site-packages/airflow/example_dags/example_xcomargs.py took 0.077 seconds
[2024-03-23T00:17:19.914+0000] {processor.py:161} INFO - Started process (PID=1557) to work on /home/airflow/.local/lib/python3.8/site-packages/airflow/example_dags/example_xcomargs.py
[2024-03-23T00:17:19.915+0000] {processor.py:830} INFO - Processing file /home/airflow/.local/lib/python3.8/site-packages/airflow/example_dags/example_xcomargs.py for tasks to queue
[2024-03-23T00:17:19.917+0000] {logging_mixin.py:188} INFO - [2024-03-23T00:17:19.917+0000] {dagbag.py:540} INFO - Filling up the DagBag from /home/airflow/.local/lib/python3.8/site-packages/airflow/example_dags/example_xcomargs.py
[2024-03-23T00:17:19.927+0000] {processor.py:840} INFO - DAG(s) 'example_xcom_args', 'example_xcom_args_with_operators' retrieved from /home/airflow/.local/lib/python3.8/site-packages/airflow/example_dags/example_xcomargs.py
[2024-03-23T00:17:19.952+0000] {logging_mixin.py:188} INFO - [2024-03-23T00:17:19.952+0000] {dag.py:3047} INFO - Sync 2 DAGs
[2024-03-23T00:17:19.970+0000] {logging_mixin.py:188} INFO - [2024-03-23T00:17:19.970+0000] {dag.py:3834} INFO - Setting next_dagrun for example_xcom_args to None, run_after=None
[2024-03-23T00:17:19.977+0000] {logging_mixin.py:188} INFO - [2024-03-23T00:17:19.976+0000] {dag.py:3834} INFO - Setting next_dagrun for example_xcom_args_with_operators to None, run_after=None
[2024-03-23T00:17:20.003+0000] {processor.py:183} INFO - Processing /home/airflow/.local/lib/python3.8/site-packages/airflow/example_dags/example_xcomargs.py took 0.093 seconds
[2024-03-23T00:17:50.463+0000] {processor.py:161} INFO - Started process (PID=1612) to work on /home/airflow/.local/lib/python3.8/site-packages/airflow/example_dags/example_xcomargs.py
[2024-03-23T00:17:50.465+0000] {processor.py:830} INFO - Processing file /home/airflow/.local/lib/python3.8/site-packages/airflow/example_dags/example_xcomargs.py for tasks to queue
[2024-03-23T00:17:50.467+0000] {logging_mixin.py:188} INFO - [2024-03-23T00:17:50.466+0000] {dagbag.py:540} INFO - Filling up the DagBag from /home/airflow/.local/lib/python3.8/site-packages/airflow/example_dags/example_xcomargs.py
[2024-03-23T00:17:50.476+0000] {processor.py:840} INFO - DAG(s) 'example_xcom_args', 'example_xcom_args_with_operators' retrieved from /home/airflow/.local/lib/python3.8/site-packages/airflow/example_dags/example_xcomargs.py
[2024-03-23T00:17:50.501+0000] {logging_mixin.py:188} INFO - [2024-03-23T00:17:50.501+0000] {dag.py:3047} INFO - Sync 2 DAGs
[2024-03-23T00:17:50.516+0000] {logging_mixin.py:188} INFO - [2024-03-23T00:17:50.515+0000] {dag.py:3834} INFO - Setting next_dagrun for example_xcom_args to None, run_after=None
[2024-03-23T00:17:50.519+0000] {logging_mixin.py:188} INFO - [2024-03-23T00:17:50.519+0000] {dag.py:3834} INFO - Setting next_dagrun for example_xcom_args_with_operators to None, run_after=None
[2024-03-23T00:17:50.537+0000] {processor.py:183} INFO - Processing /home/airflow/.local/lib/python3.8/site-packages/airflow/example_dags/example_xcomargs.py took 0.077 seconds
[2024-03-23T00:18:20.833+0000] {processor.py:161} INFO - Started process (PID=1667) to work on /home/airflow/.local/lib/python3.8/site-packages/airflow/example_dags/example_xcomargs.py
[2024-03-23T00:18:20.834+0000] {processor.py:830} INFO - Processing file /home/airflow/.local/lib/python3.8/site-packages/airflow/example_dags/example_xcomargs.py for tasks to queue
[2024-03-23T00:18:20.836+0000] {logging_mixin.py:188} INFO - [2024-03-23T00:18:20.836+0000] {dagbag.py:540} INFO - Filling up the DagBag from /home/airflow/.local/lib/python3.8/site-packages/airflow/example_dags/example_xcomargs.py
[2024-03-23T00:18:20.845+0000] {processor.py:840} INFO - DAG(s) 'example_xcom_args_with_operators', 'example_xcom_args' retrieved from /home/airflow/.local/lib/python3.8/site-packages/airflow/example_dags/example_xcomargs.py
[2024-03-23T00:18:20.870+0000] {logging_mixin.py:188} INFO - [2024-03-23T00:18:20.870+0000] {dag.py:3047} INFO - Sync 2 DAGs
[2024-03-23T00:18:20.884+0000] {logging_mixin.py:188} INFO - [2024-03-23T00:18:20.884+0000] {dag.py:3834} INFO - Setting next_dagrun for example_xcom_args to None, run_after=None
[2024-03-23T00:18:20.888+0000] {logging_mixin.py:188} INFO - [2024-03-23T00:18:20.888+0000] {dag.py:3834} INFO - Setting next_dagrun for example_xcom_args_with_operators to None, run_after=None
[2024-03-23T00:18:20.906+0000] {processor.py:183} INFO - Processing /home/airflow/.local/lib/python3.8/site-packages/airflow/example_dags/example_xcomargs.py took 0.077 seconds
[2024-03-23T00:18:51.324+0000] {processor.py:161} INFO - Started process (PID=1722) to work on /home/airflow/.local/lib/python3.8/site-packages/airflow/example_dags/example_xcomargs.py
[2024-03-23T00:18:51.325+0000] {processor.py:830} INFO - Processing file /home/airflow/.local/lib/python3.8/site-packages/airflow/example_dags/example_xcomargs.py for tasks to queue
[2024-03-23T00:18:51.327+0000] {logging_mixin.py:188} INFO - [2024-03-23T00:18:51.327+0000] {dagbag.py:540} INFO - Filling up the DagBag from /home/airflow/.local/lib/python3.8/site-packages/airflow/example_dags/example_xcomargs.py
[2024-03-23T00:18:51.337+0000] {processor.py:840} INFO - DAG(s) 'example_xcom_args_with_operators', 'example_xcom_args' retrieved from /home/airflow/.local/lib/python3.8/site-packages/airflow/example_dags/example_xcomargs.py
[2024-03-23T00:18:51.361+0000] {logging_mixin.py:188} INFO - [2024-03-23T00:18:51.361+0000] {dag.py:3047} INFO - Sync 2 DAGs
[2024-03-23T00:18:51.375+0000] {logging_mixin.py:188} INFO - [2024-03-23T00:18:51.375+0000] {dag.py:3834} INFO - Setting next_dagrun for example_xcom_args to None, run_after=None
[2024-03-23T00:18:51.379+0000] {logging_mixin.py:188} INFO - [2024-03-23T00:18:51.378+0000] {dag.py:3834} INFO - Setting next_dagrun for example_xcom_args_with_operators to None, run_after=None
[2024-03-23T00:18:51.396+0000] {processor.py:183} INFO - Processing /home/airflow/.local/lib/python3.8/site-packages/airflow/example_dags/example_xcomargs.py took 0.076 seconds
[2024-03-23T00:19:21.593+0000] {processor.py:161} INFO - Started process (PID=1777) to work on /home/airflow/.local/lib/python3.8/site-packages/airflow/example_dags/example_xcomargs.py
[2024-03-23T00:19:21.595+0000] {processor.py:830} INFO - Processing file /home/airflow/.local/lib/python3.8/site-packages/airflow/example_dags/example_xcomargs.py for tasks to queue
[2024-03-23T00:19:21.597+0000] {logging_mixin.py:188} INFO - [2024-03-23T00:19:21.596+0000] {dagbag.py:540} INFO - Filling up the DagBag from /home/airflow/.local/lib/python3.8/site-packages/airflow/example_dags/example_xcomargs.py
[2024-03-23T00:19:21.606+0000] {processor.py:840} INFO - DAG(s) 'example_xcom_args_with_operators', 'example_xcom_args' retrieved from /home/airflow/.local/lib/python3.8/site-packages/airflow/example_dags/example_xcomargs.py
[2024-03-23T00:19:21.631+0000] {logging_mixin.py:188} INFO - [2024-03-23T00:19:21.631+0000] {dag.py:3047} INFO - Sync 2 DAGs
[2024-03-23T00:19:21.646+0000] {logging_mixin.py:188} INFO - [2024-03-23T00:19:21.645+0000] {dag.py:3834} INFO - Setting next_dagrun for example_xcom_args to None, run_after=None
[2024-03-23T00:19:21.650+0000] {logging_mixin.py:188} INFO - [2024-03-23T00:19:21.649+0000] {dag.py:3834} INFO - Setting next_dagrun for example_xcom_args_with_operators to None, run_after=None
[2024-03-23T00:19:21.666+0000] {processor.py:183} INFO - Processing /home/airflow/.local/lib/python3.8/site-packages/airflow/example_dags/example_xcomargs.py took 0.077 seconds
[2024-03-23T00:19:52.253+0000] {processor.py:161} INFO - Started process (PID=1832) to work on /home/airflow/.local/lib/python3.8/site-packages/airflow/example_dags/example_xcomargs.py
[2024-03-23T00:19:52.254+0000] {processor.py:830} INFO - Processing file /home/airflow/.local/lib/python3.8/site-packages/airflow/example_dags/example_xcomargs.py for tasks to queue
[2024-03-23T00:19:52.256+0000] {logging_mixin.py:188} INFO - [2024-03-23T00:19:52.256+0000] {dagbag.py:540} INFO - Filling up the DagBag from /home/airflow/.local/lib/python3.8/site-packages/airflow/example_dags/example_xcomargs.py
[2024-03-23T00:19:52.266+0000] {processor.py:840} INFO - DAG(s) 'example_xcom_args_with_operators', 'example_xcom_args' retrieved from /home/airflow/.local/lib/python3.8/site-packages/airflow/example_dags/example_xcomargs.py
[2024-03-23T00:19:52.291+0000] {logging_mixin.py:188} INFO - [2024-03-23T00:19:52.291+0000] {dag.py:3047} INFO - Sync 2 DAGs
[2024-03-23T00:19:52.307+0000] {logging_mixin.py:188} INFO - [2024-03-23T00:19:52.306+0000] {dag.py:3834} INFO - Setting next_dagrun for example_xcom_args to None, run_after=None
[2024-03-23T00:19:52.311+0000] {logging_mixin.py:188} INFO - [2024-03-23T00:19:52.311+0000] {dag.py:3834} INFO - Setting next_dagrun for example_xcom_args_with_operators to None, run_after=None
[2024-03-23T00:19:52.330+0000] {processor.py:183} INFO - Processing /home/airflow/.local/lib/python3.8/site-packages/airflow/example_dags/example_xcomargs.py took 0.081 seconds
[2024-03-23T00:20:22.801+0000] {processor.py:161} INFO - Started process (PID=1887) to work on /home/airflow/.local/lib/python3.8/site-packages/airflow/example_dags/example_xcomargs.py
[2024-03-23T00:20:22.802+0000] {processor.py:830} INFO - Processing file /home/airflow/.local/lib/python3.8/site-packages/airflow/example_dags/example_xcomargs.py for tasks to queue
[2024-03-23T00:20:22.804+0000] {logging_mixin.py:188} INFO - [2024-03-23T00:20:22.804+0000] {dagbag.py:540} INFO - Filling up the DagBag from /home/airflow/.local/lib/python3.8/site-packages/airflow/example_dags/example_xcomargs.py
[2024-03-23T00:20:22.813+0000] {processor.py:840} INFO - DAG(s) 'example_xcom_args', 'example_xcom_args_with_operators' retrieved from /home/airflow/.local/lib/python3.8/site-packages/airflow/example_dags/example_xcomargs.py
[2024-03-23T00:20:22.838+0000] {logging_mixin.py:188} INFO - [2024-03-23T00:20:22.838+0000] {dag.py:3047} INFO - Sync 2 DAGs
[2024-03-23T00:20:22.852+0000] {logging_mixin.py:188} INFO - [2024-03-23T00:20:22.852+0000] {dag.py:3834} INFO - Setting next_dagrun for example_xcom_args to None, run_after=None
[2024-03-23T00:20:22.856+0000] {logging_mixin.py:188} INFO - [2024-03-23T00:20:22.856+0000] {dag.py:3834} INFO - Setting next_dagrun for example_xcom_args_with_operators to None, run_after=None
[2024-03-23T00:20:22.873+0000] {processor.py:183} INFO - Processing /home/airflow/.local/lib/python3.8/site-packages/airflow/example_dags/example_xcomargs.py took 0.076 seconds
[2024-03-23T00:20:53.325+0000] {processor.py:161} INFO - Started process (PID=1942) to work on /home/airflow/.local/lib/python3.8/site-packages/airflow/example_dags/example_xcomargs.py
[2024-03-23T00:20:53.327+0000] {processor.py:830} INFO - Processing file /home/airflow/.local/lib/python3.8/site-packages/airflow/example_dags/example_xcomargs.py for tasks to queue
[2024-03-23T00:20:53.329+0000] {logging_mixin.py:188} INFO - [2024-03-23T00:20:53.328+0000] {dagbag.py:540} INFO - Filling up the DagBag from /home/airflow/.local/lib/python3.8/site-packages/airflow/example_dags/example_xcomargs.py
[2024-03-23T00:20:53.338+0000] {processor.py:840} INFO - DAG(s) 'example_xcom_args_with_operators', 'example_xcom_args' retrieved from /home/airflow/.local/lib/python3.8/site-packages/airflow/example_dags/example_xcomargs.py
[2024-03-23T00:20:53.364+0000] {logging_mixin.py:188} INFO - [2024-03-23T00:20:53.363+0000] {dag.py:3047} INFO - Sync 2 DAGs
[2024-03-23T00:20:53.379+0000] {logging_mixin.py:188} INFO - [2024-03-23T00:20:53.378+0000] {dag.py:3834} INFO - Setting next_dagrun for example_xcom_args to None, run_after=None
[2024-03-23T00:20:53.383+0000] {logging_mixin.py:188} INFO - [2024-03-23T00:20:53.382+0000] {dag.py:3834} INFO - Setting next_dagrun for example_xcom_args_with_operators to None, run_after=None
[2024-03-23T00:20:53.401+0000] {processor.py:183} INFO - Processing /home/airflow/.local/lib/python3.8/site-packages/airflow/example_dags/example_xcomargs.py took 0.079 seconds
[2024-03-23T00:21:23.470+0000] {processor.py:161} INFO - Started process (PID=1997) to work on /home/airflow/.local/lib/python3.8/site-packages/airflow/example_dags/example_xcomargs.py
[2024-03-23T00:21:23.471+0000] {processor.py:830} INFO - Processing file /home/airflow/.local/lib/python3.8/site-packages/airflow/example_dags/example_xcomargs.py for tasks to queue
[2024-03-23T00:21:23.473+0000] {logging_mixin.py:188} INFO - [2024-03-23T00:21:23.473+0000] {dagbag.py:540} INFO - Filling up the DagBag from /home/airflow/.local/lib/python3.8/site-packages/airflow/example_dags/example_xcomargs.py
[2024-03-23T00:21:23.483+0000] {processor.py:840} INFO - DAG(s) 'example_xcom_args_with_operators', 'example_xcom_args' retrieved from /home/airflow/.local/lib/python3.8/site-packages/airflow/example_dags/example_xcomargs.py
[2024-03-23T00:21:23.508+0000] {logging_mixin.py:188} INFO - [2024-03-23T00:21:23.508+0000] {dag.py:3047} INFO - Sync 2 DAGs
[2024-03-23T00:21:23.523+0000] {logging_mixin.py:188} INFO - [2024-03-23T00:21:23.523+0000] {dag.py:3834} INFO - Setting next_dagrun for example_xcom_args to None, run_after=None
[2024-03-23T00:21:23.529+0000] {logging_mixin.py:188} INFO - [2024-03-23T00:21:23.529+0000] {dag.py:3834} INFO - Setting next_dagrun for example_xcom_args_with_operators to None, run_after=None
[2024-03-23T00:21:23.550+0000] {processor.py:183} INFO - Processing /home/airflow/.local/lib/python3.8/site-packages/airflow/example_dags/example_xcomargs.py took 0.084 seconds
[2024-03-23T00:21:53.682+0000] {processor.py:161} INFO - Started process (PID=2052) to work on /home/airflow/.local/lib/python3.8/site-packages/airflow/example_dags/example_xcomargs.py
[2024-03-23T00:21:53.683+0000] {processor.py:830} INFO - Processing file /home/airflow/.local/lib/python3.8/site-packages/airflow/example_dags/example_xcomargs.py for tasks to queue
[2024-03-23T00:21:53.685+0000] {logging_mixin.py:188} INFO - [2024-03-23T00:21:53.685+0000] {dagbag.py:540} INFO - Filling up the DagBag from /home/airflow/.local/lib/python3.8/site-packages/airflow/example_dags/example_xcomargs.py
[2024-03-23T00:21:53.695+0000] {processor.py:840} INFO - DAG(s) 'example_xcom_args_with_operators', 'example_xcom_args' retrieved from /home/airflow/.local/lib/python3.8/site-packages/airflow/example_dags/example_xcomargs.py
[2024-03-23T00:21:53.721+0000] {logging_mixin.py:188} INFO - [2024-03-23T00:21:53.720+0000] {dag.py:3047} INFO - Sync 2 DAGs
[2024-03-23T00:21:53.735+0000] {logging_mixin.py:188} INFO - [2024-03-23T00:21:53.735+0000] {dag.py:3834} INFO - Setting next_dagrun for example_xcom_args to None, run_after=None
[2024-03-23T00:21:53.739+0000] {logging_mixin.py:188} INFO - [2024-03-23T00:21:53.739+0000] {dag.py:3834} INFO - Setting next_dagrun for example_xcom_args_with_operators to None, run_after=None
[2024-03-23T00:21:53.758+0000] {processor.py:183} INFO - Processing /home/airflow/.local/lib/python3.8/site-packages/airflow/example_dags/example_xcomargs.py took 0.080 seconds
[2024-03-23T00:22:24.254+0000] {processor.py:161} INFO - Started process (PID=2107) to work on /home/airflow/.local/lib/python3.8/site-packages/airflow/example_dags/example_xcomargs.py
[2024-03-23T00:22:24.256+0000] {processor.py:830} INFO - Processing file /home/airflow/.local/lib/python3.8/site-packages/airflow/example_dags/example_xcomargs.py for tasks to queue
[2024-03-23T00:22:24.258+0000] {logging_mixin.py:188} INFO - [2024-03-23T00:22:24.258+0000] {dagbag.py:540} INFO - Filling up the DagBag from /home/airflow/.local/lib/python3.8/site-packages/airflow/example_dags/example_xcomargs.py
[2024-03-23T00:22:24.270+0000] {processor.py:840} INFO - DAG(s) 'example_xcom_args', 'example_xcom_args_with_operators' retrieved from /home/airflow/.local/lib/python3.8/site-packages/airflow/example_dags/example_xcomargs.py
[2024-03-23T00:22:24.297+0000] {logging_mixin.py:188} INFO - [2024-03-23T00:22:24.297+0000] {dag.py:3047} INFO - Sync 2 DAGs
[2024-03-23T00:22:24.314+0000] {logging_mixin.py:188} INFO - [2024-03-23T00:22:24.314+0000] {dag.py:3834} INFO - Setting next_dagrun for example_xcom_args to None, run_after=None
[2024-03-23T00:22:24.320+0000] {logging_mixin.py:188} INFO - [2024-03-23T00:22:24.319+0000] {dag.py:3834} INFO - Setting next_dagrun for example_xcom_args_with_operators to None, run_after=None
[2024-03-23T00:22:24.342+0000] {processor.py:183} INFO - Processing /home/airflow/.local/lib/python3.8/site-packages/airflow/example_dags/example_xcomargs.py took 0.091 seconds
[2024-03-23T00:22:54.525+0000] {processor.py:161} INFO - Started process (PID=2162) to work on /home/airflow/.local/lib/python3.8/site-packages/airflow/example_dags/example_xcomargs.py
[2024-03-23T00:22:54.526+0000] {processor.py:830} INFO - Processing file /home/airflow/.local/lib/python3.8/site-packages/airflow/example_dags/example_xcomargs.py for tasks to queue
[2024-03-23T00:22:54.528+0000] {logging_mixin.py:188} INFO - [2024-03-23T00:22:54.528+0000] {dagbag.py:540} INFO - Filling up the DagBag from /home/airflow/.local/lib/python3.8/site-packages/airflow/example_dags/example_xcomargs.py
[2024-03-23T00:22:54.538+0000] {processor.py:840} INFO - DAG(s) 'example_xcom_args', 'example_xcom_args_with_operators' retrieved from /home/airflow/.local/lib/python3.8/site-packages/airflow/example_dags/example_xcomargs.py
[2024-03-23T00:22:54.562+0000] {logging_mixin.py:188} INFO - [2024-03-23T00:22:54.562+0000] {dag.py:3047} INFO - Sync 2 DAGs
[2024-03-23T00:22:54.576+0000] {logging_mixin.py:188} INFO - [2024-03-23T00:22:54.576+0000] {dag.py:3834} INFO - Setting next_dagrun for example_xcom_args to None, run_after=None
[2024-03-23T00:22:54.580+0000] {logging_mixin.py:188} INFO - [2024-03-23T00:22:54.580+0000] {dag.py:3834} INFO - Setting next_dagrun for example_xcom_args_with_operators to None, run_after=None
[2024-03-23T00:22:54.597+0000] {processor.py:183} INFO - Processing /home/airflow/.local/lib/python3.8/site-packages/airflow/example_dags/example_xcomargs.py took 0.075 seconds
[2024-03-23T00:23:24.847+0000] {processor.py:161} INFO - Started process (PID=2217) to work on /home/airflow/.local/lib/python3.8/site-packages/airflow/example_dags/example_xcomargs.py
[2024-03-23T00:23:24.848+0000] {processor.py:830} INFO - Processing file /home/airflow/.local/lib/python3.8/site-packages/airflow/example_dags/example_xcomargs.py for tasks to queue
[2024-03-23T00:23:24.850+0000] {logging_mixin.py:188} INFO - [2024-03-23T00:23:24.849+0000] {dagbag.py:540} INFO - Filling up the DagBag from /home/airflow/.local/lib/python3.8/site-packages/airflow/example_dags/example_xcomargs.py
[2024-03-23T00:23:24.860+0000] {processor.py:840} INFO - DAG(s) 'example_xcom_args', 'example_xcom_args_with_operators' retrieved from /home/airflow/.local/lib/python3.8/site-packages/airflow/example_dags/example_xcomargs.py
[2024-03-23T00:23:24.885+0000] {logging_mixin.py:188} INFO - [2024-03-23T00:23:24.885+0000] {dag.py:3047} INFO - Sync 2 DAGs
[2024-03-23T00:23:24.900+0000] {logging_mixin.py:188} INFO - [2024-03-23T00:23:24.900+0000] {dag.py:3834} INFO - Setting next_dagrun for example_xcom_args to None, run_after=None
[2024-03-23T00:23:24.904+0000] {logging_mixin.py:188} INFO - [2024-03-23T00:23:24.904+0000] {dag.py:3834} INFO - Setting next_dagrun for example_xcom_args_with_operators to None, run_after=None
[2024-03-23T00:23:24.921+0000] {processor.py:183} INFO - Processing /home/airflow/.local/lib/python3.8/site-packages/airflow/example_dags/example_xcomargs.py took 0.079 seconds
[2024-03-23T00:23:55.188+0000] {processor.py:161} INFO - Started process (PID=2272) to work on /home/airflow/.local/lib/python3.8/site-packages/airflow/example_dags/example_xcomargs.py
[2024-03-23T00:23:55.189+0000] {processor.py:830} INFO - Processing file /home/airflow/.local/lib/python3.8/site-packages/airflow/example_dags/example_xcomargs.py for tasks to queue
[2024-03-23T00:23:55.191+0000] {logging_mixin.py:188} INFO - [2024-03-23T00:23:55.191+0000] {dagbag.py:540} INFO - Filling up the DagBag from /home/airflow/.local/lib/python3.8/site-packages/airflow/example_dags/example_xcomargs.py
[2024-03-23T00:23:55.200+0000] {processor.py:840} INFO - DAG(s) 'example_xcom_args', 'example_xcom_args_with_operators' retrieved from /home/airflow/.local/lib/python3.8/site-packages/airflow/example_dags/example_xcomargs.py
[2024-03-23T00:23:55.225+0000] {logging_mixin.py:188} INFO - [2024-03-23T00:23:55.225+0000] {dag.py:3047} INFO - Sync 2 DAGs
[2024-03-23T00:23:55.239+0000] {logging_mixin.py:188} INFO - [2024-03-23T00:23:55.239+0000] {dag.py:3834} INFO - Setting next_dagrun for example_xcom_args to None, run_after=None
[2024-03-23T00:23:55.243+0000] {logging_mixin.py:188} INFO - [2024-03-23T00:23:55.243+0000] {dag.py:3834} INFO - Setting next_dagrun for example_xcom_args_with_operators to None, run_after=None
[2024-03-23T00:23:55.260+0000] {processor.py:183} INFO - Processing /home/airflow/.local/lib/python3.8/site-packages/airflow/example_dags/example_xcomargs.py took 0.076 seconds
[2024-03-23T00:24:25.549+0000] {processor.py:161} INFO - Started process (PID=2327) to work on /home/airflow/.local/lib/python3.8/site-packages/airflow/example_dags/example_xcomargs.py
[2024-03-23T00:24:25.550+0000] {processor.py:830} INFO - Processing file /home/airflow/.local/lib/python3.8/site-packages/airflow/example_dags/example_xcomargs.py for tasks to queue
[2024-03-23T00:24:25.552+0000] {logging_mixin.py:188} INFO - [2024-03-23T00:24:25.552+0000] {dagbag.py:540} INFO - Filling up the DagBag from /home/airflow/.local/lib/python3.8/site-packages/airflow/example_dags/example_xcomargs.py
[2024-03-23T00:24:25.561+0000] {processor.py:840} INFO - DAG(s) 'example_xcom_args_with_operators', 'example_xcom_args' retrieved from /home/airflow/.local/lib/python3.8/site-packages/airflow/example_dags/example_xcomargs.py
[2024-03-23T00:24:25.594+0000] {logging_mixin.py:188} INFO - [2024-03-23T00:24:25.594+0000] {dag.py:3047} INFO - Sync 2 DAGs
[2024-03-23T00:24:25.608+0000] {logging_mixin.py:188} INFO - [2024-03-23T00:24:25.608+0000] {dag.py:3834} INFO - Setting next_dagrun for example_xcom_args to None, run_after=None
[2024-03-23T00:24:25.613+0000] {logging_mixin.py:188} INFO - [2024-03-23T00:24:25.612+0000] {dag.py:3834} INFO - Setting next_dagrun for example_xcom_args_with_operators to None, run_after=None
[2024-03-23T00:24:25.631+0000] {processor.py:183} INFO - Processing /home/airflow/.local/lib/python3.8/site-packages/airflow/example_dags/example_xcomargs.py took 0.086 seconds
[2024-03-23T00:24:56.280+0000] {processor.py:161} INFO - Started process (PID=2380) to work on /home/airflow/.local/lib/python3.8/site-packages/airflow/example_dags/example_xcomargs.py
[2024-03-23T00:24:56.281+0000] {processor.py:830} INFO - Processing file /home/airflow/.local/lib/python3.8/site-packages/airflow/example_dags/example_xcomargs.py for tasks to queue
[2024-03-23T00:24:56.283+0000] {logging_mixin.py:188} INFO - [2024-03-23T00:24:56.283+0000] {dagbag.py:540} INFO - Filling up the DagBag from /home/airflow/.local/lib/python3.8/site-packages/airflow/example_dags/example_xcomargs.py
[2024-03-23T00:24:56.293+0000] {processor.py:840} INFO - DAG(s) 'example_xcom_args', 'example_xcom_args_with_operators' retrieved from /home/airflow/.local/lib/python3.8/site-packages/airflow/example_dags/example_xcomargs.py
[2024-03-23T00:24:56.317+0000] {logging_mixin.py:188} INFO - [2024-03-23T00:24:56.317+0000] {dag.py:3047} INFO - Sync 2 DAGs
[2024-03-23T00:24:56.332+0000] {logging_mixin.py:188} INFO - [2024-03-23T00:24:56.331+0000] {dag.py:3834} INFO - Setting next_dagrun for example_xcom_args to None, run_after=None
[2024-03-23T00:24:56.335+0000] {logging_mixin.py:188} INFO - [2024-03-23T00:24:56.335+0000] {dag.py:3834} INFO - Setting next_dagrun for example_xcom_args_with_operators to None, run_after=None
[2024-03-23T00:24:56.352+0000] {processor.py:183} INFO - Processing /home/airflow/.local/lib/python3.8/site-packages/airflow/example_dags/example_xcomargs.py took 0.077 seconds
[2024-03-23T00:25:26.566+0000] {processor.py:161} INFO - Started process (PID=2435) to work on /home/airflow/.local/lib/python3.8/site-packages/airflow/example_dags/example_xcomargs.py
[2024-03-23T00:25:26.567+0000] {processor.py:830} INFO - Processing file /home/airflow/.local/lib/python3.8/site-packages/airflow/example_dags/example_xcomargs.py for tasks to queue
[2024-03-23T00:25:26.569+0000] {logging_mixin.py:188} INFO - [2024-03-23T00:25:26.569+0000] {dagbag.py:540} INFO - Filling up the DagBag from /home/airflow/.local/lib/python3.8/site-packages/airflow/example_dags/example_xcomargs.py
[2024-03-23T00:25:26.579+0000] {processor.py:840} INFO - DAG(s) 'example_xcom_args', 'example_xcom_args_with_operators' retrieved from /home/airflow/.local/lib/python3.8/site-packages/airflow/example_dags/example_xcomargs.py
[2024-03-23T00:25:26.604+0000] {logging_mixin.py:188} INFO - [2024-03-23T00:25:26.604+0000] {dag.py:3047} INFO - Sync 2 DAGs
[2024-03-23T00:25:26.619+0000] {logging_mixin.py:188} INFO - [2024-03-23T00:25:26.619+0000] {dag.py:3834} INFO - Setting next_dagrun for example_xcom_args to None, run_after=None
[2024-03-23T00:25:26.623+0000] {logging_mixin.py:188} INFO - [2024-03-23T00:25:26.623+0000] {dag.py:3834} INFO - Setting next_dagrun for example_xcom_args_with_operators to None, run_after=None
[2024-03-23T00:25:26.641+0000] {processor.py:183} INFO - Processing /home/airflow/.local/lib/python3.8/site-packages/airflow/example_dags/example_xcomargs.py took 0.078 seconds
[2024-03-23T00:25:56.850+0000] {processor.py:161} INFO - Started process (PID=2490) to work on /home/airflow/.local/lib/python3.8/site-packages/airflow/example_dags/example_xcomargs.py
[2024-03-23T00:25:56.851+0000] {processor.py:830} INFO - Processing file /home/airflow/.local/lib/python3.8/site-packages/airflow/example_dags/example_xcomargs.py for tasks to queue
[2024-03-23T00:25:56.853+0000] {logging_mixin.py:188} INFO - [2024-03-23T00:25:56.853+0000] {dagbag.py:540} INFO - Filling up the DagBag from /home/airflow/.local/lib/python3.8/site-packages/airflow/example_dags/example_xcomargs.py
[2024-03-23T00:25:56.862+0000] {processor.py:840} INFO - DAG(s) 'example_xcom_args', 'example_xcom_args_with_operators' retrieved from /home/airflow/.local/lib/python3.8/site-packages/airflow/example_dags/example_xcomargs.py
[2024-03-23T00:25:56.888+0000] {logging_mixin.py:188} INFO - [2024-03-23T00:25:56.887+0000] {dag.py:3047} INFO - Sync 2 DAGs
[2024-03-23T00:25:56.903+0000] {logging_mixin.py:188} INFO - [2024-03-23T00:25:56.902+0000] {dag.py:3834} INFO - Setting next_dagrun for example_xcom_args to None, run_after=None
[2024-03-23T00:25:56.907+0000] {logging_mixin.py:188} INFO - [2024-03-23T00:25:56.906+0000] {dag.py:3834} INFO - Setting next_dagrun for example_xcom_args_with_operators to None, run_after=None
[2024-03-23T00:25:56.924+0000] {processor.py:183} INFO - Processing /home/airflow/.local/lib/python3.8/site-packages/airflow/example_dags/example_xcomargs.py took 0.078 seconds
[2024-03-23T00:26:28.337+0000] {processor.py:161} INFO - Started process (PID=2545) to work on /home/airflow/.local/lib/python3.8/site-packages/airflow/example_dags/example_xcomargs.py
[2024-03-23T00:26:28.338+0000] {processor.py:830} INFO - Processing file /home/airflow/.local/lib/python3.8/site-packages/airflow/example_dags/example_xcomargs.py for tasks to queue
[2024-03-23T00:26:28.342+0000] {logging_mixin.py:188} INFO - [2024-03-23T00:26:28.342+0000] {dagbag.py:540} INFO - Filling up the DagBag from /home/airflow/.local/lib/python3.8/site-packages/airflow/example_dags/example_xcomargs.py
[2024-03-23T00:26:28.355+0000] {processor.py:840} INFO - DAG(s) 'example_xcom_args_with_operators', 'example_xcom_args' retrieved from /home/airflow/.local/lib/python3.8/site-packages/airflow/example_dags/example_xcomargs.py
[2024-03-23T00:26:28.392+0000] {logging_mixin.py:188} INFO - [2024-03-23T00:26:28.392+0000] {dag.py:3047} INFO - Sync 2 DAGs
[2024-03-23T00:26:28.408+0000] {logging_mixin.py:188} INFO - [2024-03-23T00:26:28.408+0000] {dag.py:3834} INFO - Setting next_dagrun for example_xcom_args to None, run_after=None
[2024-03-23T00:26:28.413+0000] {logging_mixin.py:188} INFO - [2024-03-23T00:26:28.413+0000] {dag.py:3834} INFO - Setting next_dagrun for example_xcom_args_with_operators to None, run_after=None
[2024-03-23T00:26:28.438+0000] {processor.py:183} INFO - Processing /home/airflow/.local/lib/python3.8/site-packages/airflow/example_dags/example_xcomargs.py took 0.107 seconds
