[2024-03-23T00:03:38.202+0000] {processor.py:161} INFO - Started process (PID=60) to work on /home/airflow/.local/lib/python3.8/site-packages/airflow/example_dags/example_branch_operator.py
[2024-03-23T00:03:38.205+0000] {processor.py:830} INFO - Processing file /home/airflow/.local/lib/python3.8/site-packages/airflow/example_dags/example_branch_operator.py for tasks to queue
[2024-03-23T00:03:38.209+0000] {logging_mixin.py:188} INFO - [2024-03-23T00:03:38.208+0000] {dagbag.py:540} INFO - Filling up the DagBag from /home/airflow/.local/lib/python3.8/site-packages/airflow/example_dags/example_branch_operator.py
[2024-03-23T00:03:38.244+0000] {processor.py:840} INFO - DAG(s) 'example_branch_operator' retrieved from /home/airflow/.local/lib/python3.8/site-packages/airflow/example_dags/example_branch_operator.py
[2024-03-23T00:03:38.468+0000] {logging_mixin.py:188} INFO - [2024-03-23T00:03:38.468+0000] {dag.py:3047} INFO - Sync 1 DAGs
[2024-03-23T00:03:38.518+0000] {logging_mixin.py:188} INFO - [2024-03-23T00:03:38.517+0000] {dag.py:3834} INFO - Setting next_dagrun for example_branch_operator to 2024-03-22 00:00:00+00:00, run_after=2024-03-23 00:00:00+00:00
[2024-03-23T00:03:38.557+0000] {processor.py:183} INFO - Processing /home/airflow/.local/lib/python3.8/site-packages/airflow/example_dags/example_branch_operator.py took 0.364 seconds
[2024-03-23T00:04:08.956+0000] {processor.py:161} INFO - Started process (PID=115) to work on /home/airflow/.local/lib/python3.8/site-packages/airflow/example_dags/example_branch_operator.py
[2024-03-23T00:04:08.957+0000] {processor.py:830} INFO - Processing file /home/airflow/.local/lib/python3.8/site-packages/airflow/example_dags/example_branch_operator.py for tasks to queue
[2024-03-23T00:04:08.960+0000] {logging_mixin.py:188} INFO - [2024-03-23T00:04:08.959+0000] {dagbag.py:540} INFO - Filling up the DagBag from /home/airflow/.local/lib/python3.8/site-packages/airflow/example_dags/example_branch_operator.py
[2024-03-23T00:04:08.981+0000] {processor.py:840} INFO - DAG(s) 'example_branch_operator' retrieved from /home/airflow/.local/lib/python3.8/site-packages/airflow/example_dags/example_branch_operator.py
[2024-03-23T00:04:09.015+0000] {logging_mixin.py:188} INFO - [2024-03-23T00:04:09.015+0000] {dag.py:3047} INFO - Sync 1 DAGs
[2024-03-23T00:04:09.042+0000] {logging_mixin.py:188} INFO - [2024-03-23T00:04:09.042+0000] {dag.py:3834} INFO - Setting next_dagrun for example_branch_operator to 2024-03-22 00:00:00+00:00, run_after=2024-03-23 00:00:00+00:00
[2024-03-23T00:04:09.062+0000] {processor.py:183} INFO - Processing /home/airflow/.local/lib/python3.8/site-packages/airflow/example_dags/example_branch_operator.py took 0.110 seconds
[2024-03-23T00:04:39.372+0000] {processor.py:161} INFO - Started process (PID=170) to work on /home/airflow/.local/lib/python3.8/site-packages/airflow/example_dags/example_branch_operator.py
[2024-03-23T00:04:39.374+0000] {processor.py:830} INFO - Processing file /home/airflow/.local/lib/python3.8/site-packages/airflow/example_dags/example_branch_operator.py for tasks to queue
[2024-03-23T00:04:39.376+0000] {logging_mixin.py:188} INFO - [2024-03-23T00:04:39.376+0000] {dagbag.py:540} INFO - Filling up the DagBag from /home/airflow/.local/lib/python3.8/site-packages/airflow/example_dags/example_branch_operator.py
[2024-03-23T00:04:39.397+0000] {processor.py:840} INFO - DAG(s) 'example_branch_operator' retrieved from /home/airflow/.local/lib/python3.8/site-packages/airflow/example_dags/example_branch_operator.py
[2024-03-23T00:04:39.431+0000] {logging_mixin.py:188} INFO - [2024-03-23T00:04:39.431+0000] {dag.py:3047} INFO - Sync 1 DAGs
[2024-03-23T00:04:39.459+0000] {logging_mixin.py:188} INFO - [2024-03-23T00:04:39.459+0000] {dag.py:3834} INFO - Setting next_dagrun for example_branch_operator to 2024-03-22 00:00:00+00:00, run_after=2024-03-23 00:00:00+00:00
[2024-03-23T00:04:39.479+0000] {processor.py:183} INFO - Processing /home/airflow/.local/lib/python3.8/site-packages/airflow/example_dags/example_branch_operator.py took 0.111 seconds
[2024-03-23T00:05:09.513+0000] {processor.py:161} INFO - Started process (PID=225) to work on /home/airflow/.local/lib/python3.8/site-packages/airflow/example_dags/example_branch_operator.py
[2024-03-23T00:05:09.515+0000] {processor.py:830} INFO - Processing file /home/airflow/.local/lib/python3.8/site-packages/airflow/example_dags/example_branch_operator.py for tasks to queue
[2024-03-23T00:05:09.517+0000] {logging_mixin.py:188} INFO - [2024-03-23T00:05:09.516+0000] {dagbag.py:540} INFO - Filling up the DagBag from /home/airflow/.local/lib/python3.8/site-packages/airflow/example_dags/example_branch_operator.py
[2024-03-23T00:05:09.538+0000] {processor.py:840} INFO - DAG(s) 'example_branch_operator' retrieved from /home/airflow/.local/lib/python3.8/site-packages/airflow/example_dags/example_branch_operator.py
[2024-03-23T00:05:09.572+0000] {logging_mixin.py:188} INFO - [2024-03-23T00:05:09.571+0000] {dag.py:3047} INFO - Sync 1 DAGs
[2024-03-23T00:05:09.600+0000] {logging_mixin.py:188} INFO - [2024-03-23T00:05:09.599+0000] {dag.py:3834} INFO - Setting next_dagrun for example_branch_operator to 2024-03-22 00:00:00+00:00, run_after=2024-03-23 00:00:00+00:00
[2024-03-23T00:05:09.623+0000] {processor.py:183} INFO - Processing /home/airflow/.local/lib/python3.8/site-packages/airflow/example_dags/example_branch_operator.py took 0.114 seconds
[2024-03-23T00:05:39.783+0000] {processor.py:161} INFO - Started process (PID=279) to work on /home/airflow/.local/lib/python3.8/site-packages/airflow/example_dags/example_branch_operator.py
[2024-03-23T00:05:39.784+0000] {processor.py:830} INFO - Processing file /home/airflow/.local/lib/python3.8/site-packages/airflow/example_dags/example_branch_operator.py for tasks to queue
[2024-03-23T00:05:39.786+0000] {logging_mixin.py:188} INFO - [2024-03-23T00:05:39.786+0000] {dagbag.py:540} INFO - Filling up the DagBag from /home/airflow/.local/lib/python3.8/site-packages/airflow/example_dags/example_branch_operator.py
[2024-03-23T00:05:39.810+0000] {processor.py:840} INFO - DAG(s) 'example_branch_operator' retrieved from /home/airflow/.local/lib/python3.8/site-packages/airflow/example_dags/example_branch_operator.py
[2024-03-23T00:05:39.849+0000] {logging_mixin.py:188} INFO - [2024-03-23T00:05:39.848+0000] {dag.py:3047} INFO - Sync 1 DAGs
[2024-03-23T00:05:39.876+0000] {logging_mixin.py:188} INFO - [2024-03-23T00:05:39.876+0000] {dag.py:3834} INFO - Setting next_dagrun for example_branch_operator to 2024-03-22 00:00:00+00:00, run_after=2024-03-23 00:00:00+00:00
[2024-03-23T00:05:39.898+0000] {processor.py:183} INFO - Processing /home/airflow/.local/lib/python3.8/site-packages/airflow/example_dags/example_branch_operator.py took 0.119 seconds
[2024-03-23T00:06:10.164+0000] {processor.py:161} INFO - Started process (PID=334) to work on /home/airflow/.local/lib/python3.8/site-packages/airflow/example_dags/example_branch_operator.py
[2024-03-23T00:06:10.167+0000] {processor.py:830} INFO - Processing file /home/airflow/.local/lib/python3.8/site-packages/airflow/example_dags/example_branch_operator.py for tasks to queue
[2024-03-23T00:06:10.172+0000] {logging_mixin.py:188} INFO - [2024-03-23T00:06:10.171+0000] {dagbag.py:540} INFO - Filling up the DagBag from /home/airflow/.local/lib/python3.8/site-packages/airflow/example_dags/example_branch_operator.py
[2024-03-23T00:06:10.201+0000] {processor.py:840} INFO - DAG(s) 'example_branch_operator' retrieved from /home/airflow/.local/lib/python3.8/site-packages/airflow/example_dags/example_branch_operator.py
[2024-03-23T00:06:10.241+0000] {logging_mixin.py:188} INFO - [2024-03-23T00:06:10.240+0000] {dag.py:3047} INFO - Sync 1 DAGs
[2024-03-23T00:06:10.273+0000] {logging_mixin.py:188} INFO - [2024-03-23T00:06:10.273+0000] {dag.py:3834} INFO - Setting next_dagrun for example_branch_operator to 2024-03-22 00:00:00+00:00, run_after=2024-03-23 00:00:00+00:00
[2024-03-23T00:06:10.308+0000] {processor.py:183} INFO - Processing /home/airflow/.local/lib/python3.8/site-packages/airflow/example_dags/example_branch_operator.py took 0.150 seconds
[2024-03-23T00:06:40.658+0000] {processor.py:161} INFO - Started process (PID=389) to work on /home/airflow/.local/lib/python3.8/site-packages/airflow/example_dags/example_branch_operator.py
[2024-03-23T00:06:40.659+0000] {processor.py:830} INFO - Processing file /home/airflow/.local/lib/python3.8/site-packages/airflow/example_dags/example_branch_operator.py for tasks to queue
[2024-03-23T00:06:40.662+0000] {logging_mixin.py:188} INFO - [2024-03-23T00:06:40.661+0000] {dagbag.py:540} INFO - Filling up the DagBag from /home/airflow/.local/lib/python3.8/site-packages/airflow/example_dags/example_branch_operator.py
[2024-03-23T00:06:40.684+0000] {processor.py:840} INFO - DAG(s) 'example_branch_operator' retrieved from /home/airflow/.local/lib/python3.8/site-packages/airflow/example_dags/example_branch_operator.py
[2024-03-23T00:06:40.720+0000] {logging_mixin.py:188} INFO - [2024-03-23T00:06:40.719+0000] {dag.py:3047} INFO - Sync 1 DAGs
[2024-03-23T00:06:40.745+0000] {logging_mixin.py:188} INFO - [2024-03-23T00:06:40.745+0000] {dag.py:3834} INFO - Setting next_dagrun for example_branch_operator to 2024-03-22 00:00:00+00:00, run_after=2024-03-23 00:00:00+00:00
[2024-03-23T00:06:40.765+0000] {processor.py:183} INFO - Processing /home/airflow/.local/lib/python3.8/site-packages/airflow/example_dags/example_branch_operator.py took 0.112 seconds
[2024-03-23T00:07:11.147+0000] {processor.py:161} INFO - Started process (PID=444) to work on /home/airflow/.local/lib/python3.8/site-packages/airflow/example_dags/example_branch_operator.py
[2024-03-23T00:07:11.148+0000] {processor.py:830} INFO - Processing file /home/airflow/.local/lib/python3.8/site-packages/airflow/example_dags/example_branch_operator.py for tasks to queue
[2024-03-23T00:07:11.150+0000] {logging_mixin.py:188} INFO - [2024-03-23T00:07:11.150+0000] {dagbag.py:540} INFO - Filling up the DagBag from /home/airflow/.local/lib/python3.8/site-packages/airflow/example_dags/example_branch_operator.py
[2024-03-23T00:07:11.171+0000] {processor.py:840} INFO - DAG(s) 'example_branch_operator' retrieved from /home/airflow/.local/lib/python3.8/site-packages/airflow/example_dags/example_branch_operator.py
[2024-03-23T00:07:11.205+0000] {logging_mixin.py:188} INFO - [2024-03-23T00:07:11.205+0000] {dag.py:3047} INFO - Sync 1 DAGs
[2024-03-23T00:07:11.231+0000] {logging_mixin.py:188} INFO - [2024-03-23T00:07:11.230+0000] {dag.py:3834} INFO - Setting next_dagrun for example_branch_operator to 2024-03-22 00:00:00+00:00, run_after=2024-03-23 00:00:00+00:00
[2024-03-23T00:07:11.250+0000] {processor.py:183} INFO - Processing /home/airflow/.local/lib/python3.8/site-packages/airflow/example_dags/example_branch_operator.py took 0.107 seconds
[2024-03-23T00:07:41.534+0000] {processor.py:161} INFO - Started process (PID=499) to work on /home/airflow/.local/lib/python3.8/site-packages/airflow/example_dags/example_branch_operator.py
[2024-03-23T00:07:41.536+0000] {processor.py:830} INFO - Processing file /home/airflow/.local/lib/python3.8/site-packages/airflow/example_dags/example_branch_operator.py for tasks to queue
[2024-03-23T00:07:41.538+0000] {logging_mixin.py:188} INFO - [2024-03-23T00:07:41.537+0000] {dagbag.py:540} INFO - Filling up the DagBag from /home/airflow/.local/lib/python3.8/site-packages/airflow/example_dags/example_branch_operator.py
[2024-03-23T00:07:41.561+0000] {processor.py:840} INFO - DAG(s) 'example_branch_operator' retrieved from /home/airflow/.local/lib/python3.8/site-packages/airflow/example_dags/example_branch_operator.py
[2024-03-23T00:07:41.601+0000] {logging_mixin.py:188} INFO - [2024-03-23T00:07:41.601+0000] {dag.py:3047} INFO - Sync 1 DAGs
[2024-03-23T00:07:41.629+0000] {logging_mixin.py:188} INFO - [2024-03-23T00:07:41.629+0000] {dag.py:3834} INFO - Setting next_dagrun for example_branch_operator to 2024-03-22 00:00:00+00:00, run_after=2024-03-23 00:00:00+00:00
[2024-03-23T00:07:41.651+0000] {processor.py:183} INFO - Processing /home/airflow/.local/lib/python3.8/site-packages/airflow/example_dags/example_branch_operator.py took 0.121 seconds
[2024-03-23T00:08:11.833+0000] {processor.py:161} INFO - Started process (PID=554) to work on /home/airflow/.local/lib/python3.8/site-packages/airflow/example_dags/example_branch_operator.py
[2024-03-23T00:08:11.834+0000] {processor.py:830} INFO - Processing file /home/airflow/.local/lib/python3.8/site-packages/airflow/example_dags/example_branch_operator.py for tasks to queue
[2024-03-23T00:08:11.836+0000] {logging_mixin.py:188} INFO - [2024-03-23T00:08:11.836+0000] {dagbag.py:540} INFO - Filling up the DagBag from /home/airflow/.local/lib/python3.8/site-packages/airflow/example_dags/example_branch_operator.py
[2024-03-23T00:08:11.858+0000] {processor.py:840} INFO - DAG(s) 'example_branch_operator' retrieved from /home/airflow/.local/lib/python3.8/site-packages/airflow/example_dags/example_branch_operator.py
[2024-03-23T00:08:11.891+0000] {logging_mixin.py:188} INFO - [2024-03-23T00:08:11.891+0000] {dag.py:3047} INFO - Sync 1 DAGs
[2024-03-23T00:08:11.918+0000] {logging_mixin.py:188} INFO - [2024-03-23T00:08:11.918+0000] {dag.py:3834} INFO - Setting next_dagrun for example_branch_operator to 2024-03-22 00:00:00+00:00, run_after=2024-03-23 00:00:00+00:00
[2024-03-23T00:08:11.941+0000] {processor.py:183} INFO - Processing /home/airflow/.local/lib/python3.8/site-packages/airflow/example_dags/example_branch_operator.py took 0.113 seconds
[2024-03-23T00:08:42.131+0000] {processor.py:161} INFO - Started process (PID=609) to work on /home/airflow/.local/lib/python3.8/site-packages/airflow/example_dags/example_branch_operator.py
[2024-03-23T00:08:42.132+0000] {processor.py:830} INFO - Processing file /home/airflow/.local/lib/python3.8/site-packages/airflow/example_dags/example_branch_operator.py for tasks to queue
[2024-03-23T00:08:42.135+0000] {logging_mixin.py:188} INFO - [2024-03-23T00:08:42.134+0000] {dagbag.py:540} INFO - Filling up the DagBag from /home/airflow/.local/lib/python3.8/site-packages/airflow/example_dags/example_branch_operator.py
[2024-03-23T00:08:42.156+0000] {processor.py:840} INFO - DAG(s) 'example_branch_operator' retrieved from /home/airflow/.local/lib/python3.8/site-packages/airflow/example_dags/example_branch_operator.py
[2024-03-23T00:08:42.190+0000] {logging_mixin.py:188} INFO - [2024-03-23T00:08:42.190+0000] {dag.py:3047} INFO - Sync 1 DAGs
[2024-03-23T00:08:42.217+0000] {logging_mixin.py:188} INFO - [2024-03-23T00:08:42.216+0000] {dag.py:3834} INFO - Setting next_dagrun for example_branch_operator to 2024-03-22 00:00:00+00:00, run_after=2024-03-23 00:00:00+00:00
[2024-03-23T00:08:42.237+0000] {processor.py:183} INFO - Processing /home/airflow/.local/lib/python3.8/site-packages/airflow/example_dags/example_branch_operator.py took 0.110 seconds
[2024-03-23T00:09:12.550+0000] {processor.py:161} INFO - Started process (PID=664) to work on /home/airflow/.local/lib/python3.8/site-packages/airflow/example_dags/example_branch_operator.py
[2024-03-23T00:09:12.552+0000] {processor.py:830} INFO - Processing file /home/airflow/.local/lib/python3.8/site-packages/airflow/example_dags/example_branch_operator.py for tasks to queue
[2024-03-23T00:09:12.554+0000] {logging_mixin.py:188} INFO - [2024-03-23T00:09:12.554+0000] {dagbag.py:540} INFO - Filling up the DagBag from /home/airflow/.local/lib/python3.8/site-packages/airflow/example_dags/example_branch_operator.py
[2024-03-23T00:09:12.579+0000] {processor.py:840} INFO - DAG(s) 'example_branch_operator' retrieved from /home/airflow/.local/lib/python3.8/site-packages/airflow/example_dags/example_branch_operator.py
[2024-03-23T00:09:12.620+0000] {logging_mixin.py:188} INFO - [2024-03-23T00:09:12.620+0000] {dag.py:3047} INFO - Sync 1 DAGs
[2024-03-23T00:09:12.649+0000] {logging_mixin.py:188} INFO - [2024-03-23T00:09:12.649+0000] {dag.py:3834} INFO - Setting next_dagrun for example_branch_operator to 2024-03-22 00:00:00+00:00, run_after=2024-03-23 00:00:00+00:00
[2024-03-23T00:09:12.670+0000] {processor.py:183} INFO - Processing /home/airflow/.local/lib/python3.8/site-packages/airflow/example_dags/example_branch_operator.py took 0.124 seconds
[2024-03-23T00:09:42.704+0000] {processor.py:161} INFO - Started process (PID=719) to work on /home/airflow/.local/lib/python3.8/site-packages/airflow/example_dags/example_branch_operator.py
[2024-03-23T00:09:42.705+0000] {processor.py:830} INFO - Processing file /home/airflow/.local/lib/python3.8/site-packages/airflow/example_dags/example_branch_operator.py for tasks to queue
[2024-03-23T00:09:42.708+0000] {logging_mixin.py:188} INFO - [2024-03-23T00:09:42.707+0000] {dagbag.py:540} INFO - Filling up the DagBag from /home/airflow/.local/lib/python3.8/site-packages/airflow/example_dags/example_branch_operator.py
[2024-03-23T00:09:42.730+0000] {processor.py:840} INFO - DAG(s) 'example_branch_operator' retrieved from /home/airflow/.local/lib/python3.8/site-packages/airflow/example_dags/example_branch_operator.py
[2024-03-23T00:09:42.765+0000] {logging_mixin.py:188} INFO - [2024-03-23T00:09:42.765+0000] {dag.py:3047} INFO - Sync 1 DAGs
[2024-03-23T00:09:42.795+0000] {logging_mixin.py:188} INFO - [2024-03-23T00:09:42.795+0000] {dag.py:3834} INFO - Setting next_dagrun for example_branch_operator to 2024-03-22 00:00:00+00:00, run_after=2024-03-23 00:00:00+00:00
[2024-03-23T00:09:42.819+0000] {processor.py:183} INFO - Processing /home/airflow/.local/lib/python3.8/site-packages/airflow/example_dags/example_branch_operator.py took 0.120 seconds
[2024-03-23T00:10:13.165+0000] {processor.py:161} INFO - Started process (PID=774) to work on /home/airflow/.local/lib/python3.8/site-packages/airflow/example_dags/example_branch_operator.py
[2024-03-23T00:10:13.166+0000] {processor.py:830} INFO - Processing file /home/airflow/.local/lib/python3.8/site-packages/airflow/example_dags/example_branch_operator.py for tasks to queue
[2024-03-23T00:10:13.169+0000] {logging_mixin.py:188} INFO - [2024-03-23T00:10:13.168+0000] {dagbag.py:540} INFO - Filling up the DagBag from /home/airflow/.local/lib/python3.8/site-packages/airflow/example_dags/example_branch_operator.py
[2024-03-23T00:10:13.193+0000] {processor.py:840} INFO - DAG(s) 'example_branch_operator' retrieved from /home/airflow/.local/lib/python3.8/site-packages/airflow/example_dags/example_branch_operator.py
[2024-03-23T00:10:13.231+0000] {logging_mixin.py:188} INFO - [2024-03-23T00:10:13.231+0000] {dag.py:3047} INFO - Sync 1 DAGs
[2024-03-23T00:10:13.260+0000] {logging_mixin.py:188} INFO - [2024-03-23T00:10:13.259+0000] {dag.py:3834} INFO - Setting next_dagrun for example_branch_operator to 2024-03-22 00:00:00+00:00, run_after=2024-03-23 00:00:00+00:00
[2024-03-23T00:10:13.285+0000] {processor.py:183} INFO - Processing /home/airflow/.local/lib/python3.8/site-packages/airflow/example_dags/example_branch_operator.py took 0.125 seconds
[2024-03-23T00:10:43.386+0000] {processor.py:161} INFO - Started process (PID=829) to work on /home/airflow/.local/lib/python3.8/site-packages/airflow/example_dags/example_branch_operator.py
[2024-03-23T00:10:43.388+0000] {processor.py:830} INFO - Processing file /home/airflow/.local/lib/python3.8/site-packages/airflow/example_dags/example_branch_operator.py for tasks to queue
[2024-03-23T00:10:43.390+0000] {logging_mixin.py:188} INFO - [2024-03-23T00:10:43.389+0000] {dagbag.py:540} INFO - Filling up the DagBag from /home/airflow/.local/lib/python3.8/site-packages/airflow/example_dags/example_branch_operator.py
[2024-03-23T00:10:43.412+0000] {processor.py:840} INFO - DAG(s) 'example_branch_operator' retrieved from /home/airflow/.local/lib/python3.8/site-packages/airflow/example_dags/example_branch_operator.py
[2024-03-23T00:10:43.446+0000] {logging_mixin.py:188} INFO - [2024-03-23T00:10:43.445+0000] {dag.py:3047} INFO - Sync 1 DAGs
[2024-03-23T00:10:43.471+0000] {logging_mixin.py:188} INFO - [2024-03-23T00:10:43.471+0000] {dag.py:3834} INFO - Setting next_dagrun for example_branch_operator to 2024-03-22 00:00:00+00:00, run_after=2024-03-23 00:00:00+00:00
[2024-03-23T00:10:43.493+0000] {processor.py:183} INFO - Processing /home/airflow/.local/lib/python3.8/site-packages/airflow/example_dags/example_branch_operator.py took 0.110 seconds
[2024-03-23T00:11:13.740+0000] {processor.py:161} INFO - Started process (PID=884) to work on /home/airflow/.local/lib/python3.8/site-packages/airflow/example_dags/example_branch_operator.py
[2024-03-23T00:11:13.742+0000] {processor.py:830} INFO - Processing file /home/airflow/.local/lib/python3.8/site-packages/airflow/example_dags/example_branch_operator.py for tasks to queue
[2024-03-23T00:11:13.744+0000] {logging_mixin.py:188} INFO - [2024-03-23T00:11:13.744+0000] {dagbag.py:540} INFO - Filling up the DagBag from /home/airflow/.local/lib/python3.8/site-packages/airflow/example_dags/example_branch_operator.py
[2024-03-23T00:11:13.766+0000] {processor.py:840} INFO - DAG(s) 'example_branch_operator' retrieved from /home/airflow/.local/lib/python3.8/site-packages/airflow/example_dags/example_branch_operator.py
[2024-03-23T00:11:13.799+0000] {logging_mixin.py:188} INFO - [2024-03-23T00:11:13.799+0000] {dag.py:3047} INFO - Sync 1 DAGs
[2024-03-23T00:11:13.825+0000] {logging_mixin.py:188} INFO - [2024-03-23T00:11:13.825+0000] {dag.py:3834} INFO - Setting next_dagrun for example_branch_operator to 2024-03-22 00:00:00+00:00, run_after=2024-03-23 00:00:00+00:00
[2024-03-23T00:11:13.844+0000] {processor.py:183} INFO - Processing /home/airflow/.local/lib/python3.8/site-packages/airflow/example_dags/example_branch_operator.py took 0.108 seconds
[2024-03-23T00:11:44.154+0000] {processor.py:161} INFO - Started process (PID=939) to work on /home/airflow/.local/lib/python3.8/site-packages/airflow/example_dags/example_branch_operator.py
[2024-03-23T00:11:44.155+0000] {processor.py:830} INFO - Processing file /home/airflow/.local/lib/python3.8/site-packages/airflow/example_dags/example_branch_operator.py for tasks to queue
[2024-03-23T00:11:44.157+0000] {logging_mixin.py:188} INFO - [2024-03-23T00:11:44.157+0000] {dagbag.py:540} INFO - Filling up the DagBag from /home/airflow/.local/lib/python3.8/site-packages/airflow/example_dags/example_branch_operator.py
[2024-03-23T00:11:44.179+0000] {processor.py:840} INFO - DAG(s) 'example_branch_operator' retrieved from /home/airflow/.local/lib/python3.8/site-packages/airflow/example_dags/example_branch_operator.py
[2024-03-23T00:11:44.212+0000] {logging_mixin.py:188} INFO - [2024-03-23T00:11:44.212+0000] {dag.py:3047} INFO - Sync 1 DAGs
[2024-03-23T00:11:44.239+0000] {logging_mixin.py:188} INFO - [2024-03-23T00:11:44.239+0000] {dag.py:3834} INFO - Setting next_dagrun for example_branch_operator to 2024-03-22 00:00:00+00:00, run_after=2024-03-23 00:00:00+00:00
[2024-03-23T00:11:44.258+0000] {processor.py:183} INFO - Processing /home/airflow/.local/lib/python3.8/site-packages/airflow/example_dags/example_branch_operator.py took 0.108 seconds
[2024-03-23T00:12:14.442+0000] {processor.py:161} INFO - Started process (PID=994) to work on /home/airflow/.local/lib/python3.8/site-packages/airflow/example_dags/example_branch_operator.py
[2024-03-23T00:12:14.443+0000] {processor.py:830} INFO - Processing file /home/airflow/.local/lib/python3.8/site-packages/airflow/example_dags/example_branch_operator.py for tasks to queue
[2024-03-23T00:12:14.446+0000] {logging_mixin.py:188} INFO - [2024-03-23T00:12:14.445+0000] {dagbag.py:540} INFO - Filling up the DagBag from /home/airflow/.local/lib/python3.8/site-packages/airflow/example_dags/example_branch_operator.py
[2024-03-23T00:12:14.467+0000] {processor.py:840} INFO - DAG(s) 'example_branch_operator' retrieved from /home/airflow/.local/lib/python3.8/site-packages/airflow/example_dags/example_branch_operator.py
[2024-03-23T00:12:14.500+0000] {logging_mixin.py:188} INFO - [2024-03-23T00:12:14.500+0000] {dag.py:3047} INFO - Sync 1 DAGs
[2024-03-23T00:12:14.527+0000] {logging_mixin.py:188} INFO - [2024-03-23T00:12:14.527+0000] {dag.py:3834} INFO - Setting next_dagrun for example_branch_operator to 2024-03-22 00:00:00+00:00, run_after=2024-03-23 00:00:00+00:00
[2024-03-23T00:12:14.547+0000] {processor.py:183} INFO - Processing /home/airflow/.local/lib/python3.8/site-packages/airflow/example_dags/example_branch_operator.py took 0.108 seconds
[2024-03-23T00:12:44.977+0000] {processor.py:161} INFO - Started process (PID=1049) to work on /home/airflow/.local/lib/python3.8/site-packages/airflow/example_dags/example_branch_operator.py
[2024-03-23T00:12:44.979+0000] {processor.py:830} INFO - Processing file /home/airflow/.local/lib/python3.8/site-packages/airflow/example_dags/example_branch_operator.py for tasks to queue
[2024-03-23T00:12:44.981+0000] {logging_mixin.py:188} INFO - [2024-03-23T00:12:44.980+0000] {dagbag.py:540} INFO - Filling up the DagBag from /home/airflow/.local/lib/python3.8/site-packages/airflow/example_dags/example_branch_operator.py
[2024-03-23T00:12:45.002+0000] {processor.py:840} INFO - DAG(s) 'example_branch_operator' retrieved from /home/airflow/.local/lib/python3.8/site-packages/airflow/example_dags/example_branch_operator.py
[2024-03-23T00:12:45.035+0000] {logging_mixin.py:188} INFO - [2024-03-23T00:12:45.035+0000] {dag.py:3047} INFO - Sync 1 DAGs
[2024-03-23T00:12:45.062+0000] {logging_mixin.py:188} INFO - [2024-03-23T00:12:45.062+0000] {dag.py:3834} INFO - Setting next_dagrun for example_branch_operator to 2024-03-22 00:00:00+00:00, run_after=2024-03-23 00:00:00+00:00
[2024-03-23T00:12:45.083+0000] {processor.py:183} INFO - Processing /home/airflow/.local/lib/python3.8/site-packages/airflow/example_dags/example_branch_operator.py took 0.110 seconds
[2024-03-23T00:13:15.401+0000] {processor.py:161} INFO - Started process (PID=1104) to work on /home/airflow/.local/lib/python3.8/site-packages/airflow/example_dags/example_branch_operator.py
[2024-03-23T00:13:15.402+0000] {processor.py:830} INFO - Processing file /home/airflow/.local/lib/python3.8/site-packages/airflow/example_dags/example_branch_operator.py for tasks to queue
[2024-03-23T00:13:15.405+0000] {logging_mixin.py:188} INFO - [2024-03-23T00:13:15.404+0000] {dagbag.py:540} INFO - Filling up the DagBag from /home/airflow/.local/lib/python3.8/site-packages/airflow/example_dags/example_branch_operator.py
[2024-03-23T00:13:15.427+0000] {processor.py:840} INFO - DAG(s) 'example_branch_operator' retrieved from /home/airflow/.local/lib/python3.8/site-packages/airflow/example_dags/example_branch_operator.py
[2024-03-23T00:13:15.461+0000] {logging_mixin.py:188} INFO - [2024-03-23T00:13:15.461+0000] {dag.py:3047} INFO - Sync 1 DAGs
[2024-03-23T00:13:15.488+0000] {logging_mixin.py:188} INFO - [2024-03-23T00:13:15.487+0000] {dag.py:3834} INFO - Setting next_dagrun for example_branch_operator to 2024-03-22 00:00:00+00:00, run_after=2024-03-23 00:00:00+00:00
[2024-03-23T00:13:15.508+0000] {processor.py:183} INFO - Processing /home/airflow/.local/lib/python3.8/site-packages/airflow/example_dags/example_branch_operator.py took 0.111 seconds
[2024-03-23T00:13:45.854+0000] {processor.py:161} INFO - Started process (PID=1159) to work on /home/airflow/.local/lib/python3.8/site-packages/airflow/example_dags/example_branch_operator.py
[2024-03-23T00:13:45.855+0000] {processor.py:830} INFO - Processing file /home/airflow/.local/lib/python3.8/site-packages/airflow/example_dags/example_branch_operator.py for tasks to queue
[2024-03-23T00:13:45.858+0000] {logging_mixin.py:188} INFO - [2024-03-23T00:13:45.857+0000] {dagbag.py:540} INFO - Filling up the DagBag from /home/airflow/.local/lib/python3.8/site-packages/airflow/example_dags/example_branch_operator.py
[2024-03-23T00:13:45.880+0000] {processor.py:840} INFO - DAG(s) 'example_branch_operator' retrieved from /home/airflow/.local/lib/python3.8/site-packages/airflow/example_dags/example_branch_operator.py
[2024-03-23T00:13:45.913+0000] {logging_mixin.py:188} INFO - [2024-03-23T00:13:45.913+0000] {dag.py:3047} INFO - Sync 1 DAGs
[2024-03-23T00:13:45.942+0000] {logging_mixin.py:188} INFO - [2024-03-23T00:13:45.942+0000] {dag.py:3834} INFO - Setting next_dagrun for example_branch_operator to 2024-03-22 00:00:00+00:00, run_after=2024-03-23 00:00:00+00:00
[2024-03-23T00:13:45.962+0000] {processor.py:183} INFO - Processing /home/airflow/.local/lib/python3.8/site-packages/airflow/example_dags/example_branch_operator.py took 0.112 seconds
[2024-03-23T00:14:16.433+0000] {processor.py:161} INFO - Started process (PID=1214) to work on /home/airflow/.local/lib/python3.8/site-packages/airflow/example_dags/example_branch_operator.py
[2024-03-23T00:14:16.434+0000] {processor.py:830} INFO - Processing file /home/airflow/.local/lib/python3.8/site-packages/airflow/example_dags/example_branch_operator.py for tasks to queue
[2024-03-23T00:14:16.436+0000] {logging_mixin.py:188} INFO - [2024-03-23T00:14:16.436+0000] {dagbag.py:540} INFO - Filling up the DagBag from /home/airflow/.local/lib/python3.8/site-packages/airflow/example_dags/example_branch_operator.py
[2024-03-23T00:14:16.459+0000] {processor.py:840} INFO - DAG(s) 'example_branch_operator' retrieved from /home/airflow/.local/lib/python3.8/site-packages/airflow/example_dags/example_branch_operator.py
[2024-03-23T00:14:16.497+0000] {logging_mixin.py:188} INFO - [2024-03-23T00:14:16.497+0000] {dag.py:3047} INFO - Sync 1 DAGs
[2024-03-23T00:14:16.525+0000] {logging_mixin.py:188} INFO - [2024-03-23T00:14:16.525+0000] {dag.py:3834} INFO - Setting next_dagrun for example_branch_operator to 2024-03-22 00:00:00+00:00, run_after=2024-03-23 00:00:00+00:00
[2024-03-23T00:14:16.546+0000] {processor.py:183} INFO - Processing /home/airflow/.local/lib/python3.8/site-packages/airflow/example_dags/example_branch_operator.py took 0.117 seconds
[2024-03-23T00:14:46.903+0000] {processor.py:161} INFO - Started process (PID=1269) to work on /home/airflow/.local/lib/python3.8/site-packages/airflow/example_dags/example_branch_operator.py
[2024-03-23T00:14:46.905+0000] {processor.py:830} INFO - Processing file /home/airflow/.local/lib/python3.8/site-packages/airflow/example_dags/example_branch_operator.py for tasks to queue
[2024-03-23T00:14:46.907+0000] {logging_mixin.py:188} INFO - [2024-03-23T00:14:46.907+0000] {dagbag.py:540} INFO - Filling up the DagBag from /home/airflow/.local/lib/python3.8/site-packages/airflow/example_dags/example_branch_operator.py
[2024-03-23T00:14:46.930+0000] {processor.py:840} INFO - DAG(s) 'example_branch_operator' retrieved from /home/airflow/.local/lib/python3.8/site-packages/airflow/example_dags/example_branch_operator.py
[2024-03-23T00:14:46.963+0000] {logging_mixin.py:188} INFO - [2024-03-23T00:14:46.963+0000] {dag.py:3047} INFO - Sync 1 DAGs
[2024-03-23T00:14:46.990+0000] {logging_mixin.py:188} INFO - [2024-03-23T00:14:46.990+0000] {dag.py:3834} INFO - Setting next_dagrun for example_branch_operator to 2024-03-22 00:00:00+00:00, run_after=2024-03-23 00:00:00+00:00
[2024-03-23T00:14:47.010+0000] {processor.py:183} INFO - Processing /home/airflow/.local/lib/python3.8/site-packages/airflow/example_dags/example_branch_operator.py took 0.111 seconds
[2024-03-23T00:15:17.288+0000] {processor.py:161} INFO - Started process (PID=1324) to work on /home/airflow/.local/lib/python3.8/site-packages/airflow/example_dags/example_branch_operator.py
[2024-03-23T00:15:17.290+0000] {processor.py:830} INFO - Processing file /home/airflow/.local/lib/python3.8/site-packages/airflow/example_dags/example_branch_operator.py for tasks to queue
[2024-03-23T00:15:17.292+0000] {logging_mixin.py:188} INFO - [2024-03-23T00:15:17.292+0000] {dagbag.py:540} INFO - Filling up the DagBag from /home/airflow/.local/lib/python3.8/site-packages/airflow/example_dags/example_branch_operator.py
[2024-03-23T00:15:17.316+0000] {processor.py:840} INFO - DAG(s) 'example_branch_operator' retrieved from /home/airflow/.local/lib/python3.8/site-packages/airflow/example_dags/example_branch_operator.py
[2024-03-23T00:15:17.350+0000] {logging_mixin.py:188} INFO - [2024-03-23T00:15:17.350+0000] {dag.py:3047} INFO - Sync 1 DAGs
[2024-03-23T00:15:17.376+0000] {logging_mixin.py:188} INFO - [2024-03-23T00:15:17.376+0000] {dag.py:3834} INFO - Setting next_dagrun for example_branch_operator to 2024-03-22 00:00:00+00:00, run_after=2024-03-23 00:00:00+00:00
[2024-03-23T00:15:17.396+0000] {processor.py:183} INFO - Processing /home/airflow/.local/lib/python3.8/site-packages/airflow/example_dags/example_branch_operator.py took 0.111 seconds
[2024-03-23T00:15:47.586+0000] {processor.py:161} INFO - Started process (PID=1379) to work on /home/airflow/.local/lib/python3.8/site-packages/airflow/example_dags/example_branch_operator.py
[2024-03-23T00:15:47.587+0000] {processor.py:830} INFO - Processing file /home/airflow/.local/lib/python3.8/site-packages/airflow/example_dags/example_branch_operator.py for tasks to queue
[2024-03-23T00:15:47.589+0000] {logging_mixin.py:188} INFO - [2024-03-23T00:15:47.589+0000] {dagbag.py:540} INFO - Filling up the DagBag from /home/airflow/.local/lib/python3.8/site-packages/airflow/example_dags/example_branch_operator.py
[2024-03-23T00:15:47.614+0000] {processor.py:840} INFO - DAG(s) 'example_branch_operator' retrieved from /home/airflow/.local/lib/python3.8/site-packages/airflow/example_dags/example_branch_operator.py
[2024-03-23T00:15:47.649+0000] {logging_mixin.py:188} INFO - [2024-03-23T00:15:47.648+0000] {dag.py:3047} INFO - Sync 1 DAGs
[2024-03-23T00:15:47.675+0000] {logging_mixin.py:188} INFO - [2024-03-23T00:15:47.675+0000] {dag.py:3834} INFO - Setting next_dagrun for example_branch_operator to 2024-03-22 00:00:00+00:00, run_after=2024-03-23 00:00:00+00:00
[2024-03-23T00:15:47.694+0000] {processor.py:183} INFO - Processing /home/airflow/.local/lib/python3.8/site-packages/airflow/example_dags/example_branch_operator.py took 0.112 seconds
[2024-03-23T00:16:18.086+0000] {processor.py:161} INFO - Started process (PID=1434) to work on /home/airflow/.local/lib/python3.8/site-packages/airflow/example_dags/example_branch_operator.py
[2024-03-23T00:16:18.087+0000] {processor.py:830} INFO - Processing file /home/airflow/.local/lib/python3.8/site-packages/airflow/example_dags/example_branch_operator.py for tasks to queue
[2024-03-23T00:16:18.090+0000] {logging_mixin.py:188} INFO - [2024-03-23T00:16:18.089+0000] {dagbag.py:540} INFO - Filling up the DagBag from /home/airflow/.local/lib/python3.8/site-packages/airflow/example_dags/example_branch_operator.py
[2024-03-23T00:16:18.114+0000] {processor.py:840} INFO - DAG(s) 'example_branch_operator' retrieved from /home/airflow/.local/lib/python3.8/site-packages/airflow/example_dags/example_branch_operator.py
[2024-03-23T00:16:18.148+0000] {logging_mixin.py:188} INFO - [2024-03-23T00:16:18.147+0000] {dag.py:3047} INFO - Sync 1 DAGs
[2024-03-23T00:16:18.174+0000] {logging_mixin.py:188} INFO - [2024-03-23T00:16:18.174+0000] {dag.py:3834} INFO - Setting next_dagrun for example_branch_operator to 2024-03-22 00:00:00+00:00, run_after=2024-03-23 00:00:00+00:00
[2024-03-23T00:16:18.195+0000] {processor.py:183} INFO - Processing /home/airflow/.local/lib/python3.8/site-packages/airflow/example_dags/example_branch_operator.py took 0.113 seconds
[2024-03-23T00:16:48.276+0000] {processor.py:161} INFO - Started process (PID=1489) to work on /home/airflow/.local/lib/python3.8/site-packages/airflow/example_dags/example_branch_operator.py
[2024-03-23T00:16:48.277+0000] {processor.py:830} INFO - Processing file /home/airflow/.local/lib/python3.8/site-packages/airflow/example_dags/example_branch_operator.py for tasks to queue
[2024-03-23T00:16:48.279+0000] {logging_mixin.py:188} INFO - [2024-03-23T00:16:48.279+0000] {dagbag.py:540} INFO - Filling up the DagBag from /home/airflow/.local/lib/python3.8/site-packages/airflow/example_dags/example_branch_operator.py
[2024-03-23T00:16:48.301+0000] {processor.py:840} INFO - DAG(s) 'example_branch_operator' retrieved from /home/airflow/.local/lib/python3.8/site-packages/airflow/example_dags/example_branch_operator.py
[2024-03-23T00:16:48.335+0000] {logging_mixin.py:188} INFO - [2024-03-23T00:16:48.335+0000] {dag.py:3047} INFO - Sync 1 DAGs
[2024-03-23T00:16:48.360+0000] {logging_mixin.py:188} INFO - [2024-03-23T00:16:48.360+0000] {dag.py:3834} INFO - Setting next_dagrun for example_branch_operator to 2024-03-22 00:00:00+00:00, run_after=2024-03-23 00:00:00+00:00
[2024-03-23T00:16:48.381+0000] {processor.py:183} INFO - Processing /home/airflow/.local/lib/python3.8/site-packages/airflow/example_dags/example_branch_operator.py took 0.109 seconds
[2024-03-23T00:17:18.535+0000] {processor.py:161} INFO - Started process (PID=1544) to work on /home/airflow/.local/lib/python3.8/site-packages/airflow/example_dags/example_branch_operator.py
[2024-03-23T00:17:18.536+0000] {processor.py:830} INFO - Processing file /home/airflow/.local/lib/python3.8/site-packages/airflow/example_dags/example_branch_operator.py for tasks to queue
[2024-03-23T00:17:18.538+0000] {logging_mixin.py:188} INFO - [2024-03-23T00:17:18.538+0000] {dagbag.py:540} INFO - Filling up the DagBag from /home/airflow/.local/lib/python3.8/site-packages/airflow/example_dags/example_branch_operator.py
[2024-03-23T00:17:18.560+0000] {processor.py:840} INFO - DAG(s) 'example_branch_operator' retrieved from /home/airflow/.local/lib/python3.8/site-packages/airflow/example_dags/example_branch_operator.py
[2024-03-23T00:17:18.595+0000] {logging_mixin.py:188} INFO - [2024-03-23T00:17:18.595+0000] {dag.py:3047} INFO - Sync 1 DAGs
[2024-03-23T00:17:18.623+0000] {logging_mixin.py:188} INFO - [2024-03-23T00:17:18.623+0000] {dag.py:3834} INFO - Setting next_dagrun for example_branch_operator to 2024-03-22 00:00:00+00:00, run_after=2024-03-23 00:00:00+00:00
[2024-03-23T00:17:18.644+0000] {processor.py:183} INFO - Processing /home/airflow/.local/lib/python3.8/site-packages/airflow/example_dags/example_branch_operator.py took 0.113 seconds
[2024-03-23T00:17:49.094+0000] {processor.py:161} INFO - Started process (PID=1599) to work on /home/airflow/.local/lib/python3.8/site-packages/airflow/example_dags/example_branch_operator.py
[2024-03-23T00:17:49.095+0000] {processor.py:830} INFO - Processing file /home/airflow/.local/lib/python3.8/site-packages/airflow/example_dags/example_branch_operator.py for tasks to queue
[2024-03-23T00:17:49.098+0000] {logging_mixin.py:188} INFO - [2024-03-23T00:17:49.097+0000] {dagbag.py:540} INFO - Filling up the DagBag from /home/airflow/.local/lib/python3.8/site-packages/airflow/example_dags/example_branch_operator.py
[2024-03-23T00:17:49.121+0000] {processor.py:840} INFO - DAG(s) 'example_branch_operator' retrieved from /home/airflow/.local/lib/python3.8/site-packages/airflow/example_dags/example_branch_operator.py
[2024-03-23T00:17:49.156+0000] {logging_mixin.py:188} INFO - [2024-03-23T00:17:49.156+0000] {dag.py:3047} INFO - Sync 1 DAGs
[2024-03-23T00:17:49.182+0000] {logging_mixin.py:188} INFO - [2024-03-23T00:17:49.182+0000] {dag.py:3834} INFO - Setting next_dagrun for example_branch_operator to 2024-03-22 00:00:00+00:00, run_after=2024-03-23 00:00:00+00:00
[2024-03-23T00:17:49.202+0000] {processor.py:183} INFO - Processing /home/airflow/.local/lib/python3.8/site-packages/airflow/example_dags/example_branch_operator.py took 0.113 seconds
[2024-03-23T00:18:19.452+0000] {processor.py:161} INFO - Started process (PID=1654) to work on /home/airflow/.local/lib/python3.8/site-packages/airflow/example_dags/example_branch_operator.py
[2024-03-23T00:18:19.454+0000] {processor.py:830} INFO - Processing file /home/airflow/.local/lib/python3.8/site-packages/airflow/example_dags/example_branch_operator.py for tasks to queue
[2024-03-23T00:18:19.456+0000] {logging_mixin.py:188} INFO - [2024-03-23T00:18:19.455+0000] {dagbag.py:540} INFO - Filling up the DagBag from /home/airflow/.local/lib/python3.8/site-packages/airflow/example_dags/example_branch_operator.py
[2024-03-23T00:18:19.477+0000] {processor.py:840} INFO - DAG(s) 'example_branch_operator' retrieved from /home/airflow/.local/lib/python3.8/site-packages/airflow/example_dags/example_branch_operator.py
[2024-03-23T00:18:19.511+0000] {logging_mixin.py:188} INFO - [2024-03-23T00:18:19.511+0000] {dag.py:3047} INFO - Sync 1 DAGs
[2024-03-23T00:18:19.538+0000] {logging_mixin.py:188} INFO - [2024-03-23T00:18:19.538+0000] {dag.py:3834} INFO - Setting next_dagrun for example_branch_operator to 2024-03-22 00:00:00+00:00, run_after=2024-03-23 00:00:00+00:00
[2024-03-23T00:18:19.557+0000] {processor.py:183} INFO - Processing /home/airflow/.local/lib/python3.8/site-packages/airflow/example_dags/example_branch_operator.py took 0.109 seconds
[2024-03-23T00:18:49.958+0000] {processor.py:161} INFO - Started process (PID=1715) to work on /home/airflow/.local/lib/python3.8/site-packages/airflow/example_dags/example_branch_operator.py
[2024-03-23T00:18:49.960+0000] {processor.py:830} INFO - Processing file /home/airflow/.local/lib/python3.8/site-packages/airflow/example_dags/example_branch_operator.py for tasks to queue
[2024-03-23T00:18:49.962+0000] {logging_mixin.py:188} INFO - [2024-03-23T00:18:49.961+0000] {dagbag.py:540} INFO - Filling up the DagBag from /home/airflow/.local/lib/python3.8/site-packages/airflow/example_dags/example_branch_operator.py
[2024-03-23T00:18:49.983+0000] {processor.py:840} INFO - DAG(s) 'example_branch_operator' retrieved from /home/airflow/.local/lib/python3.8/site-packages/airflow/example_dags/example_branch_operator.py
[2024-03-23T00:18:50.017+0000] {logging_mixin.py:188} INFO - [2024-03-23T00:18:50.017+0000] {dag.py:3047} INFO - Sync 1 DAGs
[2024-03-23T00:18:50.044+0000] {logging_mixin.py:188} INFO - [2024-03-23T00:18:50.043+0000] {dag.py:3834} INFO - Setting next_dagrun for example_branch_operator to 2024-03-22 00:00:00+00:00, run_after=2024-03-23 00:00:00+00:00
[2024-03-23T00:18:50.064+0000] {processor.py:183} INFO - Processing /home/airflow/.local/lib/python3.8/site-packages/airflow/example_dags/example_branch_operator.py took 0.109 seconds
[2024-03-23T00:19:20.234+0000] {processor.py:161} INFO - Started process (PID=1770) to work on /home/airflow/.local/lib/python3.8/site-packages/airflow/example_dags/example_branch_operator.py
[2024-03-23T00:19:20.235+0000] {processor.py:830} INFO - Processing file /home/airflow/.local/lib/python3.8/site-packages/airflow/example_dags/example_branch_operator.py for tasks to queue
[2024-03-23T00:19:20.238+0000] {logging_mixin.py:188} INFO - [2024-03-23T00:19:20.237+0000] {dagbag.py:540} INFO - Filling up the DagBag from /home/airflow/.local/lib/python3.8/site-packages/airflow/example_dags/example_branch_operator.py
[2024-03-23T00:19:20.260+0000] {processor.py:840} INFO - DAG(s) 'example_branch_operator' retrieved from /home/airflow/.local/lib/python3.8/site-packages/airflow/example_dags/example_branch_operator.py
[2024-03-23T00:19:20.294+0000] {logging_mixin.py:188} INFO - [2024-03-23T00:19:20.294+0000] {dag.py:3047} INFO - Sync 1 DAGs
[2024-03-23T00:19:20.321+0000] {logging_mixin.py:188} INFO - [2024-03-23T00:19:20.321+0000] {dag.py:3834} INFO - Setting next_dagrun for example_branch_operator to 2024-03-22 00:00:00+00:00, run_after=2024-03-23 00:00:00+00:00
[2024-03-23T00:19:20.340+0000] {processor.py:183} INFO - Processing /home/airflow/.local/lib/python3.8/site-packages/airflow/example_dags/example_branch_operator.py took 0.111 seconds
[2024-03-23T00:19:50.853+0000] {processor.py:161} INFO - Started process (PID=1825) to work on /home/airflow/.local/lib/python3.8/site-packages/airflow/example_dags/example_branch_operator.py
[2024-03-23T00:19:50.854+0000] {processor.py:830} INFO - Processing file /home/airflow/.local/lib/python3.8/site-packages/airflow/example_dags/example_branch_operator.py for tasks to queue
[2024-03-23T00:19:50.856+0000] {logging_mixin.py:188} INFO - [2024-03-23T00:19:50.856+0000] {dagbag.py:540} INFO - Filling up the DagBag from /home/airflow/.local/lib/python3.8/site-packages/airflow/example_dags/example_branch_operator.py
[2024-03-23T00:19:50.878+0000] {processor.py:840} INFO - DAG(s) 'example_branch_operator' retrieved from /home/airflow/.local/lib/python3.8/site-packages/airflow/example_dags/example_branch_operator.py
[2024-03-23T00:19:50.912+0000] {logging_mixin.py:188} INFO - [2024-03-23T00:19:50.911+0000] {dag.py:3047} INFO - Sync 1 DAGs
[2024-03-23T00:19:50.938+0000] {logging_mixin.py:188} INFO - [2024-03-23T00:19:50.938+0000] {dag.py:3834} INFO - Setting next_dagrun for example_branch_operator to 2024-03-22 00:00:00+00:00, run_after=2024-03-23 00:00:00+00:00
[2024-03-23T00:19:50.958+0000] {processor.py:183} INFO - Processing /home/airflow/.local/lib/python3.8/site-packages/airflow/example_dags/example_branch_operator.py took 0.109 seconds
[2024-03-23T00:20:21.437+0000] {processor.py:161} INFO - Started process (PID=1880) to work on /home/airflow/.local/lib/python3.8/site-packages/airflow/example_dags/example_branch_operator.py
[2024-03-23T00:20:21.439+0000] {processor.py:830} INFO - Processing file /home/airflow/.local/lib/python3.8/site-packages/airflow/example_dags/example_branch_operator.py for tasks to queue
[2024-03-23T00:20:21.441+0000] {logging_mixin.py:188} INFO - [2024-03-23T00:20:21.441+0000] {dagbag.py:540} INFO - Filling up the DagBag from /home/airflow/.local/lib/python3.8/site-packages/airflow/example_dags/example_branch_operator.py
[2024-03-23T00:20:21.462+0000] {processor.py:840} INFO - DAG(s) 'example_branch_operator' retrieved from /home/airflow/.local/lib/python3.8/site-packages/airflow/example_dags/example_branch_operator.py
[2024-03-23T00:20:21.501+0000] {logging_mixin.py:188} INFO - [2024-03-23T00:20:21.500+0000] {dag.py:3047} INFO - Sync 1 DAGs
[2024-03-23T00:20:21.527+0000] {logging_mixin.py:188} INFO - [2024-03-23T00:20:21.527+0000] {dag.py:3834} INFO - Setting next_dagrun for example_branch_operator to 2024-03-22 00:00:00+00:00, run_after=2024-03-23 00:00:00+00:00
[2024-03-23T00:20:21.546+0000] {processor.py:183} INFO - Processing /home/airflow/.local/lib/python3.8/site-packages/airflow/example_dags/example_branch_operator.py took 0.112 seconds
[2024-03-23T00:20:51.914+0000] {processor.py:161} INFO - Started process (PID=1935) to work on /home/airflow/.local/lib/python3.8/site-packages/airflow/example_dags/example_branch_operator.py
[2024-03-23T00:20:51.915+0000] {processor.py:830} INFO - Processing file /home/airflow/.local/lib/python3.8/site-packages/airflow/example_dags/example_branch_operator.py for tasks to queue
[2024-03-23T00:20:51.918+0000] {logging_mixin.py:188} INFO - [2024-03-23T00:20:51.917+0000] {dagbag.py:540} INFO - Filling up the DagBag from /home/airflow/.local/lib/python3.8/site-packages/airflow/example_dags/example_branch_operator.py
[2024-03-23T00:20:51.941+0000] {processor.py:840} INFO - DAG(s) 'example_branch_operator' retrieved from /home/airflow/.local/lib/python3.8/site-packages/airflow/example_dags/example_branch_operator.py
[2024-03-23T00:20:51.975+0000] {logging_mixin.py:188} INFO - [2024-03-23T00:20:51.975+0000] {dag.py:3047} INFO - Sync 1 DAGs
[2024-03-23T00:20:52.004+0000] {logging_mixin.py:188} INFO - [2024-03-23T00:20:52.004+0000] {dag.py:3834} INFO - Setting next_dagrun for example_branch_operator to 2024-03-22 00:00:00+00:00, run_after=2024-03-23 00:00:00+00:00
[2024-03-23T00:20:52.026+0000] {processor.py:183} INFO - Processing /home/airflow/.local/lib/python3.8/site-packages/airflow/example_dags/example_branch_operator.py took 0.116 seconds
[2024-03-23T00:21:22.076+0000] {processor.py:161} INFO - Started process (PID=1990) to work on /home/airflow/.local/lib/python3.8/site-packages/airflow/example_dags/example_branch_operator.py
[2024-03-23T00:21:22.077+0000] {processor.py:830} INFO - Processing file /home/airflow/.local/lib/python3.8/site-packages/airflow/example_dags/example_branch_operator.py for tasks to queue
[2024-03-23T00:21:22.080+0000] {logging_mixin.py:188} INFO - [2024-03-23T00:21:22.079+0000] {dagbag.py:540} INFO - Filling up the DagBag from /home/airflow/.local/lib/python3.8/site-packages/airflow/example_dags/example_branch_operator.py
[2024-03-23T00:21:22.102+0000] {processor.py:840} INFO - DAG(s) 'example_branch_operator' retrieved from /home/airflow/.local/lib/python3.8/site-packages/airflow/example_dags/example_branch_operator.py
[2024-03-23T00:21:22.136+0000] {logging_mixin.py:188} INFO - [2024-03-23T00:21:22.136+0000] {dag.py:3047} INFO - Sync 1 DAGs
[2024-03-23T00:21:22.162+0000] {logging_mixin.py:188} INFO - [2024-03-23T00:21:22.162+0000] {dag.py:3834} INFO - Setting next_dagrun for example_branch_operator to 2024-03-22 00:00:00+00:00, run_after=2024-03-23 00:00:00+00:00
[2024-03-23T00:21:22.181+0000] {processor.py:183} INFO - Processing /home/airflow/.local/lib/python3.8/site-packages/airflow/example_dags/example_branch_operator.py took 0.109 seconds
[2024-03-23T00:21:52.315+0000] {processor.py:161} INFO - Started process (PID=2045) to work on /home/airflow/.local/lib/python3.8/site-packages/airflow/example_dags/example_branch_operator.py
[2024-03-23T00:21:52.317+0000] {processor.py:830} INFO - Processing file /home/airflow/.local/lib/python3.8/site-packages/airflow/example_dags/example_branch_operator.py for tasks to queue
[2024-03-23T00:21:52.319+0000] {logging_mixin.py:188} INFO - [2024-03-23T00:21:52.318+0000] {dagbag.py:540} INFO - Filling up the DagBag from /home/airflow/.local/lib/python3.8/site-packages/airflow/example_dags/example_branch_operator.py
[2024-03-23T00:21:52.340+0000] {processor.py:840} INFO - DAG(s) 'example_branch_operator' retrieved from /home/airflow/.local/lib/python3.8/site-packages/airflow/example_dags/example_branch_operator.py
[2024-03-23T00:21:52.373+0000] {logging_mixin.py:188} INFO - [2024-03-23T00:21:52.373+0000] {dag.py:3047} INFO - Sync 1 DAGs
[2024-03-23T00:21:52.400+0000] {logging_mixin.py:188} INFO - [2024-03-23T00:21:52.399+0000] {dag.py:3834} INFO - Setting next_dagrun for example_branch_operator to 2024-03-22 00:00:00+00:00, run_after=2024-03-23 00:00:00+00:00
[2024-03-23T00:21:52.422+0000] {processor.py:183} INFO - Processing /home/airflow/.local/lib/python3.8/site-packages/airflow/example_dags/example_branch_operator.py took 0.110 seconds
[2024-03-23T00:22:22.875+0000] {processor.py:161} INFO - Started process (PID=2100) to work on /home/airflow/.local/lib/python3.8/site-packages/airflow/example_dags/example_branch_operator.py
[2024-03-23T00:22:22.876+0000] {processor.py:830} INFO - Processing file /home/airflow/.local/lib/python3.8/site-packages/airflow/example_dags/example_branch_operator.py for tasks to queue
[2024-03-23T00:22:22.878+0000] {logging_mixin.py:188} INFO - [2024-03-23T00:22:22.878+0000] {dagbag.py:540} INFO - Filling up the DagBag from /home/airflow/.local/lib/python3.8/site-packages/airflow/example_dags/example_branch_operator.py
[2024-03-23T00:22:22.900+0000] {processor.py:840} INFO - DAG(s) 'example_branch_operator' retrieved from /home/airflow/.local/lib/python3.8/site-packages/airflow/example_dags/example_branch_operator.py
[2024-03-23T00:22:22.935+0000] {logging_mixin.py:188} INFO - [2024-03-23T00:22:22.934+0000] {dag.py:3047} INFO - Sync 1 DAGs
[2024-03-23T00:22:22.963+0000] {logging_mixin.py:188} INFO - [2024-03-23T00:22:22.963+0000] {dag.py:3834} INFO - Setting next_dagrun for example_branch_operator to 2024-03-22 00:00:00+00:00, run_after=2024-03-23 00:00:00+00:00
[2024-03-23T00:22:22.985+0000] {processor.py:183} INFO - Processing /home/airflow/.local/lib/python3.8/site-packages/airflow/example_dags/example_branch_operator.py took 0.114 seconds
[2024-03-23T00:22:53.158+0000] {processor.py:161} INFO - Started process (PID=2155) to work on /home/airflow/.local/lib/python3.8/site-packages/airflow/example_dags/example_branch_operator.py
[2024-03-23T00:22:53.159+0000] {processor.py:830} INFO - Processing file /home/airflow/.local/lib/python3.8/site-packages/airflow/example_dags/example_branch_operator.py for tasks to queue
[2024-03-23T00:22:53.161+0000] {logging_mixin.py:188} INFO - [2024-03-23T00:22:53.160+0000] {dagbag.py:540} INFO - Filling up the DagBag from /home/airflow/.local/lib/python3.8/site-packages/airflow/example_dags/example_branch_operator.py
[2024-03-23T00:22:53.183+0000] {processor.py:840} INFO - DAG(s) 'example_branch_operator' retrieved from /home/airflow/.local/lib/python3.8/site-packages/airflow/example_dags/example_branch_operator.py
[2024-03-23T00:22:53.217+0000] {logging_mixin.py:188} INFO - [2024-03-23T00:22:53.217+0000] {dag.py:3047} INFO - Sync 1 DAGs
[2024-03-23T00:22:53.249+0000] {logging_mixin.py:188} INFO - [2024-03-23T00:22:53.249+0000] {dag.py:3834} INFO - Setting next_dagrun for example_branch_operator to 2024-03-22 00:00:00+00:00, run_after=2024-03-23 00:00:00+00:00
[2024-03-23T00:22:53.268+0000] {processor.py:183} INFO - Processing /home/airflow/.local/lib/python3.8/site-packages/airflow/example_dags/example_branch_operator.py took 0.114 seconds
[2024-03-23T00:23:23.479+0000] {processor.py:161} INFO - Started process (PID=2210) to work on /home/airflow/.local/lib/python3.8/site-packages/airflow/example_dags/example_branch_operator.py
[2024-03-23T00:23:23.480+0000] {processor.py:830} INFO - Processing file /home/airflow/.local/lib/python3.8/site-packages/airflow/example_dags/example_branch_operator.py for tasks to queue
[2024-03-23T00:23:23.482+0000] {logging_mixin.py:188} INFO - [2024-03-23T00:23:23.482+0000] {dagbag.py:540} INFO - Filling up the DagBag from /home/airflow/.local/lib/python3.8/site-packages/airflow/example_dags/example_branch_operator.py
[2024-03-23T00:23:23.504+0000] {processor.py:840} INFO - DAG(s) 'example_branch_operator' retrieved from /home/airflow/.local/lib/python3.8/site-packages/airflow/example_dags/example_branch_operator.py
[2024-03-23T00:23:23.537+0000] {logging_mixin.py:188} INFO - [2024-03-23T00:23:23.537+0000] {dag.py:3047} INFO - Sync 1 DAGs
[2024-03-23T00:23:23.563+0000] {logging_mixin.py:188} INFO - [2024-03-23T00:23:23.562+0000] {dag.py:3834} INFO - Setting next_dagrun for example_branch_operator to 2024-03-22 00:00:00+00:00, run_after=2024-03-23 00:00:00+00:00
[2024-03-23T00:23:23.582+0000] {processor.py:183} INFO - Processing /home/airflow/.local/lib/python3.8/site-packages/airflow/example_dags/example_branch_operator.py took 0.107 seconds
[2024-03-23T00:23:53.813+0000] {processor.py:161} INFO - Started process (PID=2265) to work on /home/airflow/.local/lib/python3.8/site-packages/airflow/example_dags/example_branch_operator.py
[2024-03-23T00:23:53.814+0000] {processor.py:830} INFO - Processing file /home/airflow/.local/lib/python3.8/site-packages/airflow/example_dags/example_branch_operator.py for tasks to queue
[2024-03-23T00:23:53.817+0000] {logging_mixin.py:188} INFO - [2024-03-23T00:23:53.817+0000] {dagbag.py:540} INFO - Filling up the DagBag from /home/airflow/.local/lib/python3.8/site-packages/airflow/example_dags/example_branch_operator.py
[2024-03-23T00:23:53.841+0000] {processor.py:840} INFO - DAG(s) 'example_branch_operator' retrieved from /home/airflow/.local/lib/python3.8/site-packages/airflow/example_dags/example_branch_operator.py
[2024-03-23T00:23:53.876+0000] {logging_mixin.py:188} INFO - [2024-03-23T00:23:53.875+0000] {dag.py:3047} INFO - Sync 1 DAGs
[2024-03-23T00:23:53.903+0000] {logging_mixin.py:188} INFO - [2024-03-23T00:23:53.902+0000] {dag.py:3834} INFO - Setting next_dagrun for example_branch_operator to 2024-03-22 00:00:00+00:00, run_after=2024-03-23 00:00:00+00:00
[2024-03-23T00:23:53.923+0000] {processor.py:183} INFO - Processing /home/airflow/.local/lib/python3.8/site-packages/airflow/example_dags/example_branch_operator.py took 0.115 seconds
[2024-03-23T00:24:24.636+0000] {processor.py:161} INFO - Started process (PID=2318) to work on /home/airflow/.local/lib/python3.8/site-packages/airflow/example_dags/example_branch_operator.py
[2024-03-23T00:24:24.637+0000] {processor.py:830} INFO - Processing file /home/airflow/.local/lib/python3.8/site-packages/airflow/example_dags/example_branch_operator.py for tasks to queue
[2024-03-23T00:24:24.639+0000] {logging_mixin.py:188} INFO - [2024-03-23T00:24:24.639+0000] {dagbag.py:540} INFO - Filling up the DagBag from /home/airflow/.local/lib/python3.8/site-packages/airflow/example_dags/example_branch_operator.py
[2024-03-23T00:24:24.663+0000] {processor.py:840} INFO - DAG(s) 'example_branch_operator' retrieved from /home/airflow/.local/lib/python3.8/site-packages/airflow/example_dags/example_branch_operator.py
[2024-03-23T00:24:24.697+0000] {logging_mixin.py:188} INFO - [2024-03-23T00:24:24.697+0000] {dag.py:3047} INFO - Sync 1 DAGs
[2024-03-23T00:24:24.726+0000] {logging_mixin.py:188} INFO - [2024-03-23T00:24:24.725+0000] {dag.py:3834} INFO - Setting next_dagrun for example_branch_operator to 2024-03-22 00:00:00+00:00, run_after=2024-03-23 00:00:00+00:00
[2024-03-23T00:24:24.746+0000] {processor.py:183} INFO - Processing /home/airflow/.local/lib/python3.8/site-packages/airflow/example_dags/example_branch_operator.py took 0.115 seconds
[2024-03-23T00:24:54.915+0000] {processor.py:161} INFO - Started process (PID=2373) to work on /home/airflow/.local/lib/python3.8/site-packages/airflow/example_dags/example_branch_operator.py
[2024-03-23T00:24:54.916+0000] {processor.py:830} INFO - Processing file /home/airflow/.local/lib/python3.8/site-packages/airflow/example_dags/example_branch_operator.py for tasks to queue
[2024-03-23T00:24:54.919+0000] {logging_mixin.py:188} INFO - [2024-03-23T00:24:54.918+0000] {dagbag.py:540} INFO - Filling up the DagBag from /home/airflow/.local/lib/python3.8/site-packages/airflow/example_dags/example_branch_operator.py
[2024-03-23T00:24:54.941+0000] {processor.py:840} INFO - DAG(s) 'example_branch_operator' retrieved from /home/airflow/.local/lib/python3.8/site-packages/airflow/example_dags/example_branch_operator.py
[2024-03-23T00:24:54.975+0000] {logging_mixin.py:188} INFO - [2024-03-23T00:24:54.975+0000] {dag.py:3047} INFO - Sync 1 DAGs
[2024-03-23T00:24:55.001+0000] {logging_mixin.py:188} INFO - [2024-03-23T00:24:55.000+0000] {dag.py:3834} INFO - Setting next_dagrun for example_branch_operator to 2024-03-22 00:00:00+00:00, run_after=2024-03-23 00:00:00+00:00
[2024-03-23T00:24:55.020+0000] {processor.py:183} INFO - Processing /home/airflow/.local/lib/python3.8/site-packages/airflow/example_dags/example_branch_operator.py took 0.108 seconds
[2024-03-23T00:25:25.203+0000] {processor.py:161} INFO - Started process (PID=2428) to work on /home/airflow/.local/lib/python3.8/site-packages/airflow/example_dags/example_branch_operator.py
[2024-03-23T00:25:25.204+0000] {processor.py:830} INFO - Processing file /home/airflow/.local/lib/python3.8/site-packages/airflow/example_dags/example_branch_operator.py for tasks to queue
[2024-03-23T00:25:25.206+0000] {logging_mixin.py:188} INFO - [2024-03-23T00:25:25.206+0000] {dagbag.py:540} INFO - Filling up the DagBag from /home/airflow/.local/lib/python3.8/site-packages/airflow/example_dags/example_branch_operator.py
[2024-03-23T00:25:25.228+0000] {processor.py:840} INFO - DAG(s) 'example_branch_operator' retrieved from /home/airflow/.local/lib/python3.8/site-packages/airflow/example_dags/example_branch_operator.py
[2024-03-23T00:25:25.261+0000] {logging_mixin.py:188} INFO - [2024-03-23T00:25:25.261+0000] {dag.py:3047} INFO - Sync 1 DAGs
[2024-03-23T00:25:25.288+0000] {logging_mixin.py:188} INFO - [2024-03-23T00:25:25.287+0000] {dag.py:3834} INFO - Setting next_dagrun for example_branch_operator to 2024-03-22 00:00:00+00:00, run_after=2024-03-23 00:00:00+00:00
[2024-03-23T00:25:25.307+0000] {processor.py:183} INFO - Processing /home/airflow/.local/lib/python3.8/site-packages/airflow/example_dags/example_branch_operator.py took 0.109 seconds
[2024-03-23T00:25:55.484+0000] {processor.py:161} INFO - Started process (PID=2483) to work on /home/airflow/.local/lib/python3.8/site-packages/airflow/example_dags/example_branch_operator.py
[2024-03-23T00:25:55.485+0000] {processor.py:830} INFO - Processing file /home/airflow/.local/lib/python3.8/site-packages/airflow/example_dags/example_branch_operator.py for tasks to queue
[2024-03-23T00:25:55.488+0000] {logging_mixin.py:188} INFO - [2024-03-23T00:25:55.487+0000] {dagbag.py:540} INFO - Filling up the DagBag from /home/airflow/.local/lib/python3.8/site-packages/airflow/example_dags/example_branch_operator.py
[2024-03-23T00:25:55.509+0000] {processor.py:840} INFO - DAG(s) 'example_branch_operator' retrieved from /home/airflow/.local/lib/python3.8/site-packages/airflow/example_dags/example_branch_operator.py
[2024-03-23T00:25:55.543+0000] {logging_mixin.py:188} INFO - [2024-03-23T00:25:55.543+0000] {dag.py:3047} INFO - Sync 1 DAGs
[2024-03-23T00:25:55.570+0000] {logging_mixin.py:188} INFO - [2024-03-23T00:25:55.569+0000] {dag.py:3834} INFO - Setting next_dagrun for example_branch_operator to 2024-03-22 00:00:00+00:00, run_after=2024-03-23 00:00:00+00:00
[2024-03-23T00:25:55.589+0000] {processor.py:183} INFO - Processing /home/airflow/.local/lib/python3.8/site-packages/airflow/example_dags/example_branch_operator.py took 0.108 seconds
[2024-03-23T00:26:25.735+0000] {processor.py:161} INFO - Started process (PID=2538) to work on /home/airflow/.local/lib/python3.8/site-packages/airflow/example_dags/example_branch_operator.py
[2024-03-23T00:26:25.736+0000] {processor.py:830} INFO - Processing file /home/airflow/.local/lib/python3.8/site-packages/airflow/example_dags/example_branch_operator.py for tasks to queue
[2024-03-23T00:26:25.738+0000] {logging_mixin.py:188} INFO - [2024-03-23T00:26:25.737+0000] {dagbag.py:540} INFO - Filling up the DagBag from /home/airflow/.local/lib/python3.8/site-packages/airflow/example_dags/example_branch_operator.py
[2024-03-23T00:26:25.760+0000] {processor.py:840} INFO - DAG(s) 'example_branch_operator' retrieved from /home/airflow/.local/lib/python3.8/site-packages/airflow/example_dags/example_branch_operator.py
[2024-03-23T00:26:25.793+0000] {logging_mixin.py:188} INFO - [2024-03-23T00:26:25.793+0000] {dag.py:3047} INFO - Sync 1 DAGs
[2024-03-23T00:26:25.819+0000] {logging_mixin.py:188} INFO - [2024-03-23T00:26:25.819+0000] {dag.py:3834} INFO - Setting next_dagrun for example_branch_operator to 2024-03-22 00:00:00+00:00, run_after=2024-03-23 00:00:00+00:00
[2024-03-23T00:26:25.839+0000] {processor.py:183} INFO - Processing /home/airflow/.local/lib/python3.8/site-packages/airflow/example_dags/example_branch_operator.py took 0.109 seconds
