[2024-03-23T00:03:41.218+0000] {processor.py:161} INFO - Started process (PID=83) to work on /home/airflow/.local/lib/python3.8/site-packages/airflow/example_dags/example_task_group.py
[2024-03-23T00:03:41.220+0000] {processor.py:830} INFO - Processing file /home/airflow/.local/lib/python3.8/site-packages/airflow/example_dags/example_task_group.py for tasks to queue
[2024-03-23T00:03:41.223+0000] {logging_mixin.py:188} INFO - [2024-03-23T00:03:41.222+0000] {dagbag.py:540} INFO - Filling up the DagBag from /home/airflow/.local/lib/python3.8/site-packages/airflow/example_dags/example_task_group.py
[2024-03-23T00:03:41.234+0000] {processor.py:840} INFO - DAG(s) 'example_task_group' retrieved from /home/airflow/.local/lib/python3.8/site-packages/airflow/example_dags/example_task_group.py
[2024-03-23T00:03:41.267+0000] {logging_mixin.py:188} INFO - [2024-03-23T00:03:41.267+0000] {dag.py:3047} INFO - Sync 1 DAGs
[2024-03-23T00:03:41.306+0000] {logging_mixin.py:188} INFO - [2024-03-23T00:03:41.305+0000] {dag.py:3834} INFO - Setting next_dagrun for example_task_group to 2024-03-22 00:00:00+00:00, run_after=2024-03-23 00:00:00+00:00
[2024-03-23T00:03:41.338+0000] {processor.py:183} INFO - Processing /home/airflow/.local/lib/python3.8/site-packages/airflow/example_dags/example_task_group.py took 0.125 seconds
[2024-03-23T00:04:11.520+0000] {processor.py:161} INFO - Started process (PID=138) to work on /home/airflow/.local/lib/python3.8/site-packages/airflow/example_dags/example_task_group.py
[2024-03-23T00:04:11.521+0000] {processor.py:830} INFO - Processing file /home/airflow/.local/lib/python3.8/site-packages/airflow/example_dags/example_task_group.py for tasks to queue
[2024-03-23T00:04:11.524+0000] {logging_mixin.py:188} INFO - [2024-03-23T00:04:11.523+0000] {dagbag.py:540} INFO - Filling up the DagBag from /home/airflow/.local/lib/python3.8/site-packages/airflow/example_dags/example_task_group.py
[2024-03-23T00:04:11.533+0000] {processor.py:840} INFO - DAG(s) 'example_task_group' retrieved from /home/airflow/.local/lib/python3.8/site-packages/airflow/example_dags/example_task_group.py
[2024-03-23T00:04:11.562+0000] {logging_mixin.py:188} INFO - [2024-03-23T00:04:11.562+0000] {dag.py:3047} INFO - Sync 1 DAGs
[2024-03-23T00:04:11.590+0000] {logging_mixin.py:188} INFO - [2024-03-23T00:04:11.589+0000] {dag.py:3834} INFO - Setting next_dagrun for example_task_group to 2024-03-22 00:00:00+00:00, run_after=2024-03-23 00:00:00+00:00
[2024-03-23T00:04:11.612+0000] {processor.py:183} INFO - Processing /home/airflow/.local/lib/python3.8/site-packages/airflow/example_dags/example_task_group.py took 0.097 seconds
[2024-03-23T00:04:41.877+0000] {processor.py:161} INFO - Started process (PID=193) to work on /home/airflow/.local/lib/python3.8/site-packages/airflow/example_dags/example_task_group.py
[2024-03-23T00:04:41.878+0000] {processor.py:830} INFO - Processing file /home/airflow/.local/lib/python3.8/site-packages/airflow/example_dags/example_task_group.py for tasks to queue
[2024-03-23T00:04:41.881+0000] {logging_mixin.py:188} INFO - [2024-03-23T00:04:41.880+0000] {dagbag.py:540} INFO - Filling up the DagBag from /home/airflow/.local/lib/python3.8/site-packages/airflow/example_dags/example_task_group.py
[2024-03-23T00:04:41.890+0000] {processor.py:840} INFO - DAG(s) 'example_task_group' retrieved from /home/airflow/.local/lib/python3.8/site-packages/airflow/example_dags/example_task_group.py
[2024-03-23T00:04:41.916+0000] {logging_mixin.py:188} INFO - [2024-03-23T00:04:41.915+0000] {dag.py:3047} INFO - Sync 1 DAGs
[2024-03-23T00:04:41.941+0000] {logging_mixin.py:188} INFO - [2024-03-23T00:04:41.940+0000] {dag.py:3834} INFO - Setting next_dagrun for example_task_group to 2024-03-22 00:00:00+00:00, run_after=2024-03-23 00:00:00+00:00
[2024-03-23T00:04:41.962+0000] {processor.py:183} INFO - Processing /home/airflow/.local/lib/python3.8/site-packages/airflow/example_dags/example_task_group.py took 0.088 seconds
[2024-03-23T00:05:12.046+0000] {processor.py:161} INFO - Started process (PID=248) to work on /home/airflow/.local/lib/python3.8/site-packages/airflow/example_dags/example_task_group.py
[2024-03-23T00:05:12.047+0000] {processor.py:830} INFO - Processing file /home/airflow/.local/lib/python3.8/site-packages/airflow/example_dags/example_task_group.py for tasks to queue
[2024-03-23T00:05:12.049+0000] {logging_mixin.py:188} INFO - [2024-03-23T00:05:12.049+0000] {dagbag.py:540} INFO - Filling up the DagBag from /home/airflow/.local/lib/python3.8/site-packages/airflow/example_dags/example_task_group.py
[2024-03-23T00:05:12.058+0000] {processor.py:840} INFO - DAG(s) 'example_task_group' retrieved from /home/airflow/.local/lib/python3.8/site-packages/airflow/example_dags/example_task_group.py
[2024-03-23T00:05:12.083+0000] {logging_mixin.py:188} INFO - [2024-03-23T00:05:12.083+0000] {dag.py:3047} INFO - Sync 1 DAGs
[2024-03-23T00:05:12.108+0000] {logging_mixin.py:188} INFO - [2024-03-23T00:05:12.108+0000] {dag.py:3834} INFO - Setting next_dagrun for example_task_group to 2024-03-22 00:00:00+00:00, run_after=2024-03-23 00:00:00+00:00
[2024-03-23T00:05:12.128+0000] {processor.py:183} INFO - Processing /home/airflow/.local/lib/python3.8/site-packages/airflow/example_dags/example_task_group.py took 0.086 seconds
[2024-03-23T00:05:42.741+0000] {processor.py:161} INFO - Started process (PID=303) to work on /home/airflow/.local/lib/python3.8/site-packages/airflow/example_dags/example_task_group.py
[2024-03-23T00:05:42.742+0000] {processor.py:830} INFO - Processing file /home/airflow/.local/lib/python3.8/site-packages/airflow/example_dags/example_task_group.py for tasks to queue
[2024-03-23T00:05:42.744+0000] {logging_mixin.py:188} INFO - [2024-03-23T00:05:42.744+0000] {dagbag.py:540} INFO - Filling up the DagBag from /home/airflow/.local/lib/python3.8/site-packages/airflow/example_dags/example_task_group.py
[2024-03-23T00:05:42.753+0000] {processor.py:840} INFO - DAG(s) 'example_task_group' retrieved from /home/airflow/.local/lib/python3.8/site-packages/airflow/example_dags/example_task_group.py
[2024-03-23T00:05:42.779+0000] {logging_mixin.py:188} INFO - [2024-03-23T00:05:42.778+0000] {dag.py:3047} INFO - Sync 1 DAGs
[2024-03-23T00:05:42.804+0000] {logging_mixin.py:188} INFO - [2024-03-23T00:05:42.804+0000] {dag.py:3834} INFO - Setting next_dagrun for example_task_group to 2024-03-22 00:00:00+00:00, run_after=2024-03-23 00:00:00+00:00
[2024-03-23T00:05:42.823+0000] {processor.py:183} INFO - Processing /home/airflow/.local/lib/python3.8/site-packages/airflow/example_dags/example_task_group.py took 0.086 seconds
[2024-03-23T00:06:13.228+0000] {processor.py:161} INFO - Started process (PID=358) to work on /home/airflow/.local/lib/python3.8/site-packages/airflow/example_dags/example_task_group.py
[2024-03-23T00:06:13.230+0000] {processor.py:830} INFO - Processing file /home/airflow/.local/lib/python3.8/site-packages/airflow/example_dags/example_task_group.py for tasks to queue
[2024-03-23T00:06:13.233+0000] {logging_mixin.py:188} INFO - [2024-03-23T00:06:13.233+0000] {dagbag.py:540} INFO - Filling up the DagBag from /home/airflow/.local/lib/python3.8/site-packages/airflow/example_dags/example_task_group.py
[2024-03-23T00:06:13.244+0000] {processor.py:840} INFO - DAG(s) 'example_task_group' retrieved from /home/airflow/.local/lib/python3.8/site-packages/airflow/example_dags/example_task_group.py
[2024-03-23T00:06:13.280+0000] {logging_mixin.py:188} INFO - [2024-03-23T00:06:13.280+0000] {dag.py:3047} INFO - Sync 1 DAGs
[2024-03-23T00:06:13.313+0000] {logging_mixin.py:188} INFO - [2024-03-23T00:06:13.312+0000] {dag.py:3834} INFO - Setting next_dagrun for example_task_group to 2024-03-22 00:00:00+00:00, run_after=2024-03-23 00:00:00+00:00
[2024-03-23T00:06:13.350+0000] {processor.py:183} INFO - Processing /home/airflow/.local/lib/python3.8/site-packages/airflow/example_dags/example_task_group.py took 0.128 seconds
[2024-03-23T00:06:43.412+0000] {processor.py:161} INFO - Started process (PID=413) to work on /home/airflow/.local/lib/python3.8/site-packages/airflow/example_dags/example_task_group.py
[2024-03-23T00:06:43.414+0000] {processor.py:830} INFO - Processing file /home/airflow/.local/lib/python3.8/site-packages/airflow/example_dags/example_task_group.py for tasks to queue
[2024-03-23T00:06:43.416+0000] {logging_mixin.py:188} INFO - [2024-03-23T00:06:43.415+0000] {dagbag.py:540} INFO - Filling up the DagBag from /home/airflow/.local/lib/python3.8/site-packages/airflow/example_dags/example_task_group.py
[2024-03-23T00:06:43.424+0000] {processor.py:840} INFO - DAG(s) 'example_task_group' retrieved from /home/airflow/.local/lib/python3.8/site-packages/airflow/example_dags/example_task_group.py
[2024-03-23T00:06:43.450+0000] {logging_mixin.py:188} INFO - [2024-03-23T00:06:43.450+0000] {dag.py:3047} INFO - Sync 1 DAGs
[2024-03-23T00:06:43.475+0000] {logging_mixin.py:188} INFO - [2024-03-23T00:06:43.475+0000] {dag.py:3834} INFO - Setting next_dagrun for example_task_group to 2024-03-22 00:00:00+00:00, run_after=2024-03-23 00:00:00+00:00
[2024-03-23T00:06:43.507+0000] {processor.py:183} INFO - Processing /home/airflow/.local/lib/python3.8/site-packages/airflow/example_dags/example_task_group.py took 0.099 seconds
[2024-03-23T00:07:13.811+0000] {processor.py:161} INFO - Started process (PID=468) to work on /home/airflow/.local/lib/python3.8/site-packages/airflow/example_dags/example_task_group.py
[2024-03-23T00:07:13.813+0000] {processor.py:830} INFO - Processing file /home/airflow/.local/lib/python3.8/site-packages/airflow/example_dags/example_task_group.py for tasks to queue
[2024-03-23T00:07:13.815+0000] {logging_mixin.py:188} INFO - [2024-03-23T00:07:13.814+0000] {dagbag.py:540} INFO - Filling up the DagBag from /home/airflow/.local/lib/python3.8/site-packages/airflow/example_dags/example_task_group.py
[2024-03-23T00:07:13.823+0000] {processor.py:840} INFO - DAG(s) 'example_task_group' retrieved from /home/airflow/.local/lib/python3.8/site-packages/airflow/example_dags/example_task_group.py
[2024-03-23T00:07:13.849+0000] {logging_mixin.py:188} INFO - [2024-03-23T00:07:13.848+0000] {dag.py:3047} INFO - Sync 1 DAGs
[2024-03-23T00:07:13.873+0000] {logging_mixin.py:188} INFO - [2024-03-23T00:07:13.873+0000] {dag.py:3834} INFO - Setting next_dagrun for example_task_group to 2024-03-22 00:00:00+00:00, run_after=2024-03-23 00:00:00+00:00
[2024-03-23T00:07:13.893+0000] {processor.py:183} INFO - Processing /home/airflow/.local/lib/python3.8/site-packages/airflow/example_dags/example_task_group.py took 0.086 seconds
[2024-03-23T00:07:44.432+0000] {processor.py:161} INFO - Started process (PID=523) to work on /home/airflow/.local/lib/python3.8/site-packages/airflow/example_dags/example_task_group.py
[2024-03-23T00:07:44.434+0000] {processor.py:830} INFO - Processing file /home/airflow/.local/lib/python3.8/site-packages/airflow/example_dags/example_task_group.py for tasks to queue
[2024-03-23T00:07:44.436+0000] {logging_mixin.py:188} INFO - [2024-03-23T00:07:44.436+0000] {dagbag.py:540} INFO - Filling up the DagBag from /home/airflow/.local/lib/python3.8/site-packages/airflow/example_dags/example_task_group.py
[2024-03-23T00:07:44.445+0000] {processor.py:840} INFO - DAG(s) 'example_task_group' retrieved from /home/airflow/.local/lib/python3.8/site-packages/airflow/example_dags/example_task_group.py
[2024-03-23T00:07:44.478+0000] {logging_mixin.py:188} INFO - [2024-03-23T00:07:44.477+0000] {dag.py:3047} INFO - Sync 1 DAGs
[2024-03-23T00:07:44.506+0000] {logging_mixin.py:188} INFO - [2024-03-23T00:07:44.505+0000] {dag.py:3834} INFO - Setting next_dagrun for example_task_group to 2024-03-22 00:00:00+00:00, run_after=2024-03-23 00:00:00+00:00
[2024-03-23T00:07:44.530+0000] {processor.py:183} INFO - Processing /home/airflow/.local/lib/python3.8/site-packages/airflow/example_dags/example_task_group.py took 0.103 seconds
[2024-03-23T00:08:14.785+0000] {processor.py:161} INFO - Started process (PID=578) to work on /home/airflow/.local/lib/python3.8/site-packages/airflow/example_dags/example_task_group.py
[2024-03-23T00:08:14.787+0000] {processor.py:830} INFO - Processing file /home/airflow/.local/lib/python3.8/site-packages/airflow/example_dags/example_task_group.py for tasks to queue
[2024-03-23T00:08:14.789+0000] {logging_mixin.py:188} INFO - [2024-03-23T00:08:14.789+0000] {dagbag.py:540} INFO - Filling up the DagBag from /home/airflow/.local/lib/python3.8/site-packages/airflow/example_dags/example_task_group.py
[2024-03-23T00:08:14.798+0000] {processor.py:840} INFO - DAG(s) 'example_task_group' retrieved from /home/airflow/.local/lib/python3.8/site-packages/airflow/example_dags/example_task_group.py
[2024-03-23T00:08:14.822+0000] {logging_mixin.py:188} INFO - [2024-03-23T00:08:14.821+0000] {dag.py:3047} INFO - Sync 1 DAGs
[2024-03-23T00:08:14.846+0000] {logging_mixin.py:188} INFO - [2024-03-23T00:08:14.846+0000] {dag.py:3834} INFO - Setting next_dagrun for example_task_group to 2024-03-22 00:00:00+00:00, run_after=2024-03-23 00:00:00+00:00
[2024-03-23T00:08:14.866+0000] {processor.py:183} INFO - Processing /home/airflow/.local/lib/python3.8/site-packages/airflow/example_dags/example_task_group.py took 0.084 seconds
[2024-03-23T00:08:45.144+0000] {processor.py:161} INFO - Started process (PID=633) to work on /home/airflow/.local/lib/python3.8/site-packages/airflow/example_dags/example_task_group.py
[2024-03-23T00:08:45.145+0000] {processor.py:830} INFO - Processing file /home/airflow/.local/lib/python3.8/site-packages/airflow/example_dags/example_task_group.py for tasks to queue
[2024-03-23T00:08:45.147+0000] {logging_mixin.py:188} INFO - [2024-03-23T00:08:45.147+0000] {dagbag.py:540} INFO - Filling up the DagBag from /home/airflow/.local/lib/python3.8/site-packages/airflow/example_dags/example_task_group.py
[2024-03-23T00:08:45.156+0000] {processor.py:840} INFO - DAG(s) 'example_task_group' retrieved from /home/airflow/.local/lib/python3.8/site-packages/airflow/example_dags/example_task_group.py
[2024-03-23T00:08:45.181+0000] {logging_mixin.py:188} INFO - [2024-03-23T00:08:45.181+0000] {dag.py:3047} INFO - Sync 1 DAGs
[2024-03-23T00:08:45.207+0000] {logging_mixin.py:188} INFO - [2024-03-23T00:08:45.206+0000] {dag.py:3834} INFO - Setting next_dagrun for example_task_group to 2024-03-22 00:00:00+00:00, run_after=2024-03-23 00:00:00+00:00
[2024-03-23T00:08:45.226+0000] {processor.py:183} INFO - Processing /home/airflow/.local/lib/python3.8/site-packages/airflow/example_dags/example_task_group.py took 0.086 seconds
[2024-03-23T00:09:15.353+0000] {processor.py:161} INFO - Started process (PID=688) to work on /home/airflow/.local/lib/python3.8/site-packages/airflow/example_dags/example_task_group.py
[2024-03-23T00:09:15.354+0000] {processor.py:830} INFO - Processing file /home/airflow/.local/lib/python3.8/site-packages/airflow/example_dags/example_task_group.py for tasks to queue
[2024-03-23T00:09:15.356+0000] {logging_mixin.py:188} INFO - [2024-03-23T00:09:15.356+0000] {dagbag.py:540} INFO - Filling up the DagBag from /home/airflow/.local/lib/python3.8/site-packages/airflow/example_dags/example_task_group.py
[2024-03-23T00:09:15.365+0000] {processor.py:840} INFO - DAG(s) 'example_task_group' retrieved from /home/airflow/.local/lib/python3.8/site-packages/airflow/example_dags/example_task_group.py
[2024-03-23T00:09:15.392+0000] {logging_mixin.py:188} INFO - [2024-03-23T00:09:15.391+0000] {dag.py:3047} INFO - Sync 1 DAGs
[2024-03-23T00:09:15.419+0000] {logging_mixin.py:188} INFO - [2024-03-23T00:09:15.419+0000] {dag.py:3834} INFO - Setting next_dagrun for example_task_group to 2024-03-22 00:00:00+00:00, run_after=2024-03-23 00:00:00+00:00
[2024-03-23T00:09:15.441+0000] {processor.py:183} INFO - Processing /home/airflow/.local/lib/python3.8/site-packages/airflow/example_dags/example_task_group.py took 0.092 seconds
[2024-03-23T00:09:46.519+0000] {processor.py:161} INFO - Started process (PID=743) to work on /home/airflow/.local/lib/python3.8/site-packages/airflow/example_dags/example_task_group.py
[2024-03-23T00:09:46.520+0000] {processor.py:830} INFO - Processing file /home/airflow/.local/lib/python3.8/site-packages/airflow/example_dags/example_task_group.py for tasks to queue
[2024-03-23T00:09:46.522+0000] {logging_mixin.py:188} INFO - [2024-03-23T00:09:46.522+0000] {dagbag.py:540} INFO - Filling up the DagBag from /home/airflow/.local/lib/python3.8/site-packages/airflow/example_dags/example_task_group.py
[2024-03-23T00:09:46.531+0000] {processor.py:840} INFO - DAG(s) 'example_task_group' retrieved from /home/airflow/.local/lib/python3.8/site-packages/airflow/example_dags/example_task_group.py
[2024-03-23T00:09:46.555+0000] {logging_mixin.py:188} INFO - [2024-03-23T00:09:46.555+0000] {dag.py:3047} INFO - Sync 1 DAGs
[2024-03-23T00:09:46.580+0000] {logging_mixin.py:188} INFO - [2024-03-23T00:09:46.579+0000] {dag.py:3834} INFO - Setting next_dagrun for example_task_group to 2024-03-22 00:00:00+00:00, run_after=2024-03-23 00:00:00+00:00
[2024-03-23T00:09:46.601+0000] {processor.py:183} INFO - Processing /home/airflow/.local/lib/python3.8/site-packages/airflow/example_dags/example_task_group.py took 0.086 seconds
[2024-03-23T00:10:16.898+0000] {processor.py:161} INFO - Started process (PID=798) to work on /home/airflow/.local/lib/python3.8/site-packages/airflow/example_dags/example_task_group.py
[2024-03-23T00:10:16.899+0000] {processor.py:830} INFO - Processing file /home/airflow/.local/lib/python3.8/site-packages/airflow/example_dags/example_task_group.py for tasks to queue
[2024-03-23T00:10:16.902+0000] {logging_mixin.py:188} INFO - [2024-03-23T00:10:16.902+0000] {dagbag.py:540} INFO - Filling up the DagBag from /home/airflow/.local/lib/python3.8/site-packages/airflow/example_dags/example_task_group.py
[2024-03-23T00:10:16.911+0000] {processor.py:840} INFO - DAG(s) 'example_task_group' retrieved from /home/airflow/.local/lib/python3.8/site-packages/airflow/example_dags/example_task_group.py
[2024-03-23T00:10:16.938+0000] {logging_mixin.py:188} INFO - [2024-03-23T00:10:16.938+0000] {dag.py:3047} INFO - Sync 1 DAGs
[2024-03-23T00:10:16.968+0000] {logging_mixin.py:188} INFO - [2024-03-23T00:10:16.967+0000] {dag.py:3834} INFO - Setting next_dagrun for example_task_group to 2024-03-22 00:00:00+00:00, run_after=2024-03-23 00:00:00+00:00
[2024-03-23T00:10:16.997+0000] {processor.py:183} INFO - Processing /home/airflow/.local/lib/python3.8/site-packages/airflow/example_dags/example_task_group.py took 0.103 seconds
[2024-03-23T00:10:47.946+0000] {processor.py:161} INFO - Started process (PID=853) to work on /home/airflow/.local/lib/python3.8/site-packages/airflow/example_dags/example_task_group.py
[2024-03-23T00:10:47.947+0000] {processor.py:830} INFO - Processing file /home/airflow/.local/lib/python3.8/site-packages/airflow/example_dags/example_task_group.py for tasks to queue
[2024-03-23T00:10:47.949+0000] {logging_mixin.py:188} INFO - [2024-03-23T00:10:47.949+0000] {dagbag.py:540} INFO - Filling up the DagBag from /home/airflow/.local/lib/python3.8/site-packages/airflow/example_dags/example_task_group.py
[2024-03-23T00:10:47.958+0000] {processor.py:840} INFO - DAG(s) 'example_task_group' retrieved from /home/airflow/.local/lib/python3.8/site-packages/airflow/example_dags/example_task_group.py
[2024-03-23T00:10:47.991+0000] {logging_mixin.py:188} INFO - [2024-03-23T00:10:47.990+0000] {dag.py:3047} INFO - Sync 1 DAGs
[2024-03-23T00:10:48.019+0000] {logging_mixin.py:188} INFO - [2024-03-23T00:10:48.018+0000] {dag.py:3834} INFO - Setting next_dagrun for example_task_group to 2024-03-22 00:00:00+00:00, run_after=2024-03-23 00:00:00+00:00
[2024-03-23T00:10:48.042+0000] {processor.py:183} INFO - Processing /home/airflow/.local/lib/python3.8/site-packages/airflow/example_dags/example_task_group.py took 0.101 seconds
[2024-03-23T00:11:18.251+0000] {processor.py:161} INFO - Started process (PID=908) to work on /home/airflow/.local/lib/python3.8/site-packages/airflow/example_dags/example_task_group.py
[2024-03-23T00:11:18.252+0000] {processor.py:830} INFO - Processing file /home/airflow/.local/lib/python3.8/site-packages/airflow/example_dags/example_task_group.py for tasks to queue
[2024-03-23T00:11:18.254+0000] {logging_mixin.py:188} INFO - [2024-03-23T00:11:18.254+0000] {dagbag.py:540} INFO - Filling up the DagBag from /home/airflow/.local/lib/python3.8/site-packages/airflow/example_dags/example_task_group.py
[2024-03-23T00:11:18.263+0000] {processor.py:840} INFO - DAG(s) 'example_task_group' retrieved from /home/airflow/.local/lib/python3.8/site-packages/airflow/example_dags/example_task_group.py
[2024-03-23T00:11:18.286+0000] {logging_mixin.py:188} INFO - [2024-03-23T00:11:18.286+0000] {dag.py:3047} INFO - Sync 1 DAGs
[2024-03-23T00:11:18.310+0000] {logging_mixin.py:188} INFO - [2024-03-23T00:11:18.310+0000] {dag.py:3834} INFO - Setting next_dagrun for example_task_group to 2024-03-22 00:00:00+00:00, run_after=2024-03-23 00:00:00+00:00
[2024-03-23T00:11:18.330+0000] {processor.py:183} INFO - Processing /home/airflow/.local/lib/python3.8/site-packages/airflow/example_dags/example_task_group.py took 0.083 seconds
[2024-03-23T00:11:48.622+0000] {processor.py:161} INFO - Started process (PID=963) to work on /home/airflow/.local/lib/python3.8/site-packages/airflow/example_dags/example_task_group.py
[2024-03-23T00:11:48.624+0000] {processor.py:830} INFO - Processing file /home/airflow/.local/lib/python3.8/site-packages/airflow/example_dags/example_task_group.py for tasks to queue
[2024-03-23T00:11:48.626+0000] {logging_mixin.py:188} INFO - [2024-03-23T00:11:48.625+0000] {dagbag.py:540} INFO - Filling up the DagBag from /home/airflow/.local/lib/python3.8/site-packages/airflow/example_dags/example_task_group.py
[2024-03-23T00:11:48.634+0000] {processor.py:840} INFO - DAG(s) 'example_task_group' retrieved from /home/airflow/.local/lib/python3.8/site-packages/airflow/example_dags/example_task_group.py
[2024-03-23T00:11:48.658+0000] {logging_mixin.py:188} INFO - [2024-03-23T00:11:48.658+0000] {dag.py:3047} INFO - Sync 1 DAGs
[2024-03-23T00:11:48.682+0000] {logging_mixin.py:188} INFO - [2024-03-23T00:11:48.682+0000] {dag.py:3834} INFO - Setting next_dagrun for example_task_group to 2024-03-22 00:00:00+00:00, run_after=2024-03-23 00:00:00+00:00
[2024-03-23T00:11:48.702+0000] {processor.py:183} INFO - Processing /home/airflow/.local/lib/python3.8/site-packages/airflow/example_dags/example_task_group.py took 0.083 seconds
[2024-03-23T00:12:19.148+0000] {processor.py:161} INFO - Started process (PID=1018) to work on /home/airflow/.local/lib/python3.8/site-packages/airflow/example_dags/example_task_group.py
[2024-03-23T00:12:19.149+0000] {processor.py:830} INFO - Processing file /home/airflow/.local/lib/python3.8/site-packages/airflow/example_dags/example_task_group.py for tasks to queue
[2024-03-23T00:12:19.152+0000] {logging_mixin.py:188} INFO - [2024-03-23T00:12:19.151+0000] {dagbag.py:540} INFO - Filling up the DagBag from /home/airflow/.local/lib/python3.8/site-packages/airflow/example_dags/example_task_group.py
[2024-03-23T00:12:19.160+0000] {processor.py:840} INFO - DAG(s) 'example_task_group' retrieved from /home/airflow/.local/lib/python3.8/site-packages/airflow/example_dags/example_task_group.py
[2024-03-23T00:12:19.186+0000] {logging_mixin.py:188} INFO - [2024-03-23T00:12:19.186+0000] {dag.py:3047} INFO - Sync 1 DAGs
[2024-03-23T00:12:19.210+0000] {logging_mixin.py:188} INFO - [2024-03-23T00:12:19.210+0000] {dag.py:3834} INFO - Setting next_dagrun for example_task_group to 2024-03-22 00:00:00+00:00, run_after=2024-03-23 00:00:00+00:00
[2024-03-23T00:12:19.231+0000] {processor.py:183} INFO - Processing /home/airflow/.local/lib/python3.8/site-packages/airflow/example_dags/example_task_group.py took 0.087 seconds
[2024-03-23T00:12:49.603+0000] {processor.py:161} INFO - Started process (PID=1079) to work on /home/airflow/.local/lib/python3.8/site-packages/airflow/example_dags/example_task_group.py
[2024-03-23T00:12:49.604+0000] {processor.py:830} INFO - Processing file /home/airflow/.local/lib/python3.8/site-packages/airflow/example_dags/example_task_group.py for tasks to queue
[2024-03-23T00:12:49.606+0000] {logging_mixin.py:188} INFO - [2024-03-23T00:12:49.606+0000] {dagbag.py:540} INFO - Filling up the DagBag from /home/airflow/.local/lib/python3.8/site-packages/airflow/example_dags/example_task_group.py
[2024-03-23T00:12:49.615+0000] {processor.py:840} INFO - DAG(s) 'example_task_group' retrieved from /home/airflow/.local/lib/python3.8/site-packages/airflow/example_dags/example_task_group.py
[2024-03-23T00:12:49.640+0000] {logging_mixin.py:188} INFO - [2024-03-23T00:12:49.640+0000] {dag.py:3047} INFO - Sync 1 DAGs
[2024-03-23T00:12:49.664+0000] {logging_mixin.py:188} INFO - [2024-03-23T00:12:49.663+0000] {dag.py:3834} INFO - Setting next_dagrun for example_task_group to 2024-03-22 00:00:00+00:00, run_after=2024-03-23 00:00:00+00:00
[2024-03-23T00:12:49.683+0000] {processor.py:183} INFO - Processing /home/airflow/.local/lib/python3.8/site-packages/airflow/example_dags/example_task_group.py took 0.084 seconds
[2024-03-23T00:13:19.955+0000] {processor.py:161} INFO - Started process (PID=1134) to work on /home/airflow/.local/lib/python3.8/site-packages/airflow/example_dags/example_task_group.py
[2024-03-23T00:13:19.956+0000] {processor.py:830} INFO - Processing file /home/airflow/.local/lib/python3.8/site-packages/airflow/example_dags/example_task_group.py for tasks to queue
[2024-03-23T00:13:19.958+0000] {logging_mixin.py:188} INFO - [2024-03-23T00:13:19.958+0000] {dagbag.py:540} INFO - Filling up the DagBag from /home/airflow/.local/lib/python3.8/site-packages/airflow/example_dags/example_task_group.py
[2024-03-23T00:13:19.967+0000] {processor.py:840} INFO - DAG(s) 'example_task_group' retrieved from /home/airflow/.local/lib/python3.8/site-packages/airflow/example_dags/example_task_group.py
[2024-03-23T00:13:19.991+0000] {logging_mixin.py:188} INFO - [2024-03-23T00:13:19.990+0000] {dag.py:3047} INFO - Sync 1 DAGs
[2024-03-23T00:13:20.015+0000] {logging_mixin.py:188} INFO - [2024-03-23T00:13:20.015+0000] {dag.py:3834} INFO - Setting next_dagrun for example_task_group to 2024-03-22 00:00:00+00:00, run_after=2024-03-23 00:00:00+00:00
[2024-03-23T00:13:20.036+0000] {processor.py:183} INFO - Processing /home/airflow/.local/lib/python3.8/site-packages/airflow/example_dags/example_task_group.py took 0.085 seconds
[2024-03-23T00:13:50.525+0000] {processor.py:161} INFO - Started process (PID=1189) to work on /home/airflow/.local/lib/python3.8/site-packages/airflow/example_dags/example_task_group.py
[2024-03-23T00:13:50.526+0000] {processor.py:830} INFO - Processing file /home/airflow/.local/lib/python3.8/site-packages/airflow/example_dags/example_task_group.py for tasks to queue
[2024-03-23T00:13:50.528+0000] {logging_mixin.py:188} INFO - [2024-03-23T00:13:50.528+0000] {dagbag.py:540} INFO - Filling up the DagBag from /home/airflow/.local/lib/python3.8/site-packages/airflow/example_dags/example_task_group.py
[2024-03-23T00:13:50.537+0000] {processor.py:840} INFO - DAG(s) 'example_task_group' retrieved from /home/airflow/.local/lib/python3.8/site-packages/airflow/example_dags/example_task_group.py
[2024-03-23T00:13:50.562+0000] {logging_mixin.py:188} INFO - [2024-03-23T00:13:50.562+0000] {dag.py:3047} INFO - Sync 1 DAGs
[2024-03-23T00:13:50.589+0000] {logging_mixin.py:188} INFO - [2024-03-23T00:13:50.589+0000] {dag.py:3834} INFO - Setting next_dagrun for example_task_group to 2024-03-22 00:00:00+00:00, run_after=2024-03-23 00:00:00+00:00
[2024-03-23T00:13:50.610+0000] {processor.py:183} INFO - Processing /home/airflow/.local/lib/python3.8/site-packages/airflow/example_dags/example_task_group.py took 0.089 seconds
[2024-03-23T00:14:21.091+0000] {processor.py:161} INFO - Started process (PID=1244) to work on /home/airflow/.local/lib/python3.8/site-packages/airflow/example_dags/example_task_group.py
[2024-03-23T00:14:21.092+0000] {processor.py:830} INFO - Processing file /home/airflow/.local/lib/python3.8/site-packages/airflow/example_dags/example_task_group.py for tasks to queue
[2024-03-23T00:14:21.094+0000] {logging_mixin.py:188} INFO - [2024-03-23T00:14:21.094+0000] {dagbag.py:540} INFO - Filling up the DagBag from /home/airflow/.local/lib/python3.8/site-packages/airflow/example_dags/example_task_group.py
[2024-03-23T00:14:21.103+0000] {processor.py:840} INFO - DAG(s) 'example_task_group' retrieved from /home/airflow/.local/lib/python3.8/site-packages/airflow/example_dags/example_task_group.py
[2024-03-23T00:14:21.127+0000] {logging_mixin.py:188} INFO - [2024-03-23T00:14:21.127+0000] {dag.py:3047} INFO - Sync 1 DAGs
[2024-03-23T00:14:21.152+0000] {logging_mixin.py:188} INFO - [2024-03-23T00:14:21.152+0000] {dag.py:3834} INFO - Setting next_dagrun for example_task_group to 2024-03-22 00:00:00+00:00, run_after=2024-03-23 00:00:00+00:00
[2024-03-23T00:14:21.187+0000] {processor.py:183} INFO - Processing /home/airflow/.local/lib/python3.8/site-packages/airflow/example_dags/example_task_group.py took 0.100 seconds
[2024-03-23T00:14:51.402+0000] {processor.py:161} INFO - Started process (PID=1299) to work on /home/airflow/.local/lib/python3.8/site-packages/airflow/example_dags/example_task_group.py
[2024-03-23T00:14:51.403+0000] {processor.py:830} INFO - Processing file /home/airflow/.local/lib/python3.8/site-packages/airflow/example_dags/example_task_group.py for tasks to queue
[2024-03-23T00:14:51.406+0000] {logging_mixin.py:188} INFO - [2024-03-23T00:14:51.405+0000] {dagbag.py:540} INFO - Filling up the DagBag from /home/airflow/.local/lib/python3.8/site-packages/airflow/example_dags/example_task_group.py
[2024-03-23T00:14:51.415+0000] {processor.py:840} INFO - DAG(s) 'example_task_group' retrieved from /home/airflow/.local/lib/python3.8/site-packages/airflow/example_dags/example_task_group.py
[2024-03-23T00:14:51.444+0000] {logging_mixin.py:188} INFO - [2024-03-23T00:14:51.443+0000] {dag.py:3047} INFO - Sync 1 DAGs
[2024-03-23T00:14:51.473+0000] {logging_mixin.py:188} INFO - [2024-03-23T00:14:51.473+0000] {dag.py:3834} INFO - Setting next_dagrun for example_task_group to 2024-03-22 00:00:00+00:00, run_after=2024-03-23 00:00:00+00:00
[2024-03-23T00:14:51.497+0000] {processor.py:183} INFO - Processing /home/airflow/.local/lib/python3.8/site-packages/airflow/example_dags/example_task_group.py took 0.099 seconds
[2024-03-23T00:15:21.696+0000] {processor.py:161} INFO - Started process (PID=1354) to work on /home/airflow/.local/lib/python3.8/site-packages/airflow/example_dags/example_task_group.py
[2024-03-23T00:15:21.697+0000] {processor.py:830} INFO - Processing file /home/airflow/.local/lib/python3.8/site-packages/airflow/example_dags/example_task_group.py for tasks to queue
[2024-03-23T00:15:21.699+0000] {logging_mixin.py:188} INFO - [2024-03-23T00:15:21.699+0000] {dagbag.py:540} INFO - Filling up the DagBag from /home/airflow/.local/lib/python3.8/site-packages/airflow/example_dags/example_task_group.py
[2024-03-23T00:15:21.708+0000] {processor.py:840} INFO - DAG(s) 'example_task_group' retrieved from /home/airflow/.local/lib/python3.8/site-packages/airflow/example_dags/example_task_group.py
[2024-03-23T00:15:21.732+0000] {logging_mixin.py:188} INFO - [2024-03-23T00:15:21.731+0000] {dag.py:3047} INFO - Sync 1 DAGs
[2024-03-23T00:15:21.757+0000] {logging_mixin.py:188} INFO - [2024-03-23T00:15:21.757+0000] {dag.py:3834} INFO - Setting next_dagrun for example_task_group to 2024-03-22 00:00:00+00:00, run_after=2024-03-23 00:00:00+00:00
[2024-03-23T00:15:21.778+0000] {processor.py:183} INFO - Processing /home/airflow/.local/lib/python3.8/site-packages/airflow/example_dags/example_task_group.py took 0.087 seconds
[2024-03-23T00:15:52.326+0000] {processor.py:161} INFO - Started process (PID=1409) to work on /home/airflow/.local/lib/python3.8/site-packages/airflow/example_dags/example_task_group.py
[2024-03-23T00:15:52.327+0000] {processor.py:830} INFO - Processing file /home/airflow/.local/lib/python3.8/site-packages/airflow/example_dags/example_task_group.py for tasks to queue
[2024-03-23T00:15:52.329+0000] {logging_mixin.py:188} INFO - [2024-03-23T00:15:52.329+0000] {dagbag.py:540} INFO - Filling up the DagBag from /home/airflow/.local/lib/python3.8/site-packages/airflow/example_dags/example_task_group.py
[2024-03-23T00:15:52.338+0000] {processor.py:840} INFO - DAG(s) 'example_task_group' retrieved from /home/airflow/.local/lib/python3.8/site-packages/airflow/example_dags/example_task_group.py
[2024-03-23T00:15:52.361+0000] {logging_mixin.py:188} INFO - [2024-03-23T00:15:52.361+0000] {dag.py:3047} INFO - Sync 1 DAGs
[2024-03-23T00:15:52.385+0000] {logging_mixin.py:188} INFO - [2024-03-23T00:15:52.385+0000] {dag.py:3834} INFO - Setting next_dagrun for example_task_group to 2024-03-22 00:00:00+00:00, run_after=2024-03-23 00:00:00+00:00
[2024-03-23T00:15:52.405+0000] {processor.py:183} INFO - Processing /home/airflow/.local/lib/python3.8/site-packages/airflow/example_dags/example_task_group.py took 0.084 seconds
[2024-03-23T00:16:22.527+0000] {processor.py:161} INFO - Started process (PID=1464) to work on /home/airflow/.local/lib/python3.8/site-packages/airflow/example_dags/example_task_group.py
[2024-03-23T00:16:22.529+0000] {processor.py:830} INFO - Processing file /home/airflow/.local/lib/python3.8/site-packages/airflow/example_dags/example_task_group.py for tasks to queue
[2024-03-23T00:16:22.531+0000] {logging_mixin.py:188} INFO - [2024-03-23T00:16:22.530+0000] {dagbag.py:540} INFO - Filling up the DagBag from /home/airflow/.local/lib/python3.8/site-packages/airflow/example_dags/example_task_group.py
[2024-03-23T00:16:22.540+0000] {processor.py:840} INFO - DAG(s) 'example_task_group' retrieved from /home/airflow/.local/lib/python3.8/site-packages/airflow/example_dags/example_task_group.py
[2024-03-23T00:16:22.563+0000] {logging_mixin.py:188} INFO - [2024-03-23T00:16:22.563+0000] {dag.py:3047} INFO - Sync 1 DAGs
[2024-03-23T00:16:22.587+0000] {logging_mixin.py:188} INFO - [2024-03-23T00:16:22.587+0000] {dag.py:3834} INFO - Setting next_dagrun for example_task_group to 2024-03-22 00:00:00+00:00, run_after=2024-03-23 00:00:00+00:00
[2024-03-23T00:16:22.608+0000] {processor.py:183} INFO - Processing /home/airflow/.local/lib/python3.8/site-packages/airflow/example_dags/example_task_group.py took 0.085 seconds
[2024-03-23T00:16:52.792+0000] {processor.py:161} INFO - Started process (PID=1519) to work on /home/airflow/.local/lib/python3.8/site-packages/airflow/example_dags/example_task_group.py
[2024-03-23T00:16:52.793+0000] {processor.py:830} INFO - Processing file /home/airflow/.local/lib/python3.8/site-packages/airflow/example_dags/example_task_group.py for tasks to queue
[2024-03-23T00:16:52.795+0000] {logging_mixin.py:188} INFO - [2024-03-23T00:16:52.795+0000] {dagbag.py:540} INFO - Filling up the DagBag from /home/airflow/.local/lib/python3.8/site-packages/airflow/example_dags/example_task_group.py
[2024-03-23T00:16:52.804+0000] {processor.py:840} INFO - DAG(s) 'example_task_group' retrieved from /home/airflow/.local/lib/python3.8/site-packages/airflow/example_dags/example_task_group.py
[2024-03-23T00:16:52.828+0000] {logging_mixin.py:188} INFO - [2024-03-23T00:16:52.828+0000] {dag.py:3047} INFO - Sync 1 DAGs
[2024-03-23T00:16:52.853+0000] {logging_mixin.py:188} INFO - [2024-03-23T00:16:52.853+0000] {dag.py:3834} INFO - Setting next_dagrun for example_task_group to 2024-03-22 00:00:00+00:00, run_after=2024-03-23 00:00:00+00:00
[2024-03-23T00:16:52.874+0000] {processor.py:183} INFO - Processing /home/airflow/.local/lib/python3.8/site-packages/airflow/example_dags/example_task_group.py took 0.086 seconds
[2024-03-23T00:17:23.255+0000] {processor.py:161} INFO - Started process (PID=1574) to work on /home/airflow/.local/lib/python3.8/site-packages/airflow/example_dags/example_task_group.py
[2024-03-23T00:17:23.257+0000] {processor.py:830} INFO - Processing file /home/airflow/.local/lib/python3.8/site-packages/airflow/example_dags/example_task_group.py for tasks to queue
[2024-03-23T00:17:23.259+0000] {logging_mixin.py:188} INFO - [2024-03-23T00:17:23.258+0000] {dagbag.py:540} INFO - Filling up the DagBag from /home/airflow/.local/lib/python3.8/site-packages/airflow/example_dags/example_task_group.py
[2024-03-23T00:17:23.267+0000] {processor.py:840} INFO - DAG(s) 'example_task_group' retrieved from /home/airflow/.local/lib/python3.8/site-packages/airflow/example_dags/example_task_group.py
[2024-03-23T00:17:23.290+0000] {logging_mixin.py:188} INFO - [2024-03-23T00:17:23.290+0000] {dag.py:3047} INFO - Sync 1 DAGs
[2024-03-23T00:17:23.314+0000] {logging_mixin.py:188} INFO - [2024-03-23T00:17:23.314+0000] {dag.py:3834} INFO - Setting next_dagrun for example_task_group to 2024-03-22 00:00:00+00:00, run_after=2024-03-23 00:00:00+00:00
[2024-03-23T00:17:23.340+0000] {processor.py:183} INFO - Processing /home/airflow/.local/lib/python3.8/site-packages/airflow/example_dags/example_task_group.py took 0.088 seconds
[2024-03-23T00:17:53.707+0000] {processor.py:161} INFO - Started process (PID=1629) to work on /home/airflow/.local/lib/python3.8/site-packages/airflow/example_dags/example_task_group.py
[2024-03-23T00:17:53.709+0000] {processor.py:830} INFO - Processing file /home/airflow/.local/lib/python3.8/site-packages/airflow/example_dags/example_task_group.py for tasks to queue
[2024-03-23T00:17:53.712+0000] {logging_mixin.py:188} INFO - [2024-03-23T00:17:53.712+0000] {dagbag.py:540} INFO - Filling up the DagBag from /home/airflow/.local/lib/python3.8/site-packages/airflow/example_dags/example_task_group.py
[2024-03-23T00:17:53.722+0000] {processor.py:840} INFO - DAG(s) 'example_task_group' retrieved from /home/airflow/.local/lib/python3.8/site-packages/airflow/example_dags/example_task_group.py
[2024-03-23T00:17:53.751+0000] {logging_mixin.py:188} INFO - [2024-03-23T00:17:53.751+0000] {dag.py:3047} INFO - Sync 1 DAGs
[2024-03-23T00:17:53.777+0000] {logging_mixin.py:188} INFO - [2024-03-23T00:17:53.777+0000] {dag.py:3834} INFO - Setting next_dagrun for example_task_group to 2024-03-22 00:00:00+00:00, run_after=2024-03-23 00:00:00+00:00
[2024-03-23T00:17:53.797+0000] {processor.py:183} INFO - Processing /home/airflow/.local/lib/python3.8/site-packages/airflow/example_dags/example_task_group.py took 0.094 seconds
[2024-03-23T00:18:24.078+0000] {processor.py:161} INFO - Started process (PID=1684) to work on /home/airflow/.local/lib/python3.8/site-packages/airflow/example_dags/example_task_group.py
[2024-03-23T00:18:24.079+0000] {processor.py:830} INFO - Processing file /home/airflow/.local/lib/python3.8/site-packages/airflow/example_dags/example_task_group.py for tasks to queue
[2024-03-23T00:18:24.081+0000] {logging_mixin.py:188} INFO - [2024-03-23T00:18:24.081+0000] {dagbag.py:540} INFO - Filling up the DagBag from /home/airflow/.local/lib/python3.8/site-packages/airflow/example_dags/example_task_group.py
[2024-03-23T00:18:24.090+0000] {processor.py:840} INFO - DAG(s) 'example_task_group' retrieved from /home/airflow/.local/lib/python3.8/site-packages/airflow/example_dags/example_task_group.py
[2024-03-23T00:18:24.114+0000] {logging_mixin.py:188} INFO - [2024-03-23T00:18:24.113+0000] {dag.py:3047} INFO - Sync 1 DAGs
[2024-03-23T00:18:24.137+0000] {logging_mixin.py:188} INFO - [2024-03-23T00:18:24.137+0000] {dag.py:3834} INFO - Setting next_dagrun for example_task_group to 2024-03-22 00:00:00+00:00, run_after=2024-03-23 00:00:00+00:00
[2024-03-23T00:18:24.158+0000] {processor.py:183} INFO - Processing /home/airflow/.local/lib/python3.8/site-packages/airflow/example_dags/example_task_group.py took 0.085 seconds
[2024-03-23T00:18:54.444+0000] {processor.py:161} INFO - Started process (PID=1739) to work on /home/airflow/.local/lib/python3.8/site-packages/airflow/example_dags/example_task_group.py
[2024-03-23T00:18:54.445+0000] {processor.py:830} INFO - Processing file /home/airflow/.local/lib/python3.8/site-packages/airflow/example_dags/example_task_group.py for tasks to queue
[2024-03-23T00:18:54.447+0000] {logging_mixin.py:188} INFO - [2024-03-23T00:18:54.447+0000] {dagbag.py:540} INFO - Filling up the DagBag from /home/airflow/.local/lib/python3.8/site-packages/airflow/example_dags/example_task_group.py
[2024-03-23T00:18:54.455+0000] {processor.py:840} INFO - DAG(s) 'example_task_group' retrieved from /home/airflow/.local/lib/python3.8/site-packages/airflow/example_dags/example_task_group.py
[2024-03-23T00:18:54.478+0000] {logging_mixin.py:188} INFO - [2024-03-23T00:18:54.478+0000] {dag.py:3047} INFO - Sync 1 DAGs
[2024-03-23T00:18:54.502+0000] {logging_mixin.py:188} INFO - [2024-03-23T00:18:54.502+0000] {dag.py:3834} INFO - Setting next_dagrun for example_task_group to 2024-03-22 00:00:00+00:00, run_after=2024-03-23 00:00:00+00:00
[2024-03-23T00:18:54.522+0000] {processor.py:183} INFO - Processing /home/airflow/.local/lib/python3.8/site-packages/airflow/example_dags/example_task_group.py took 0.082 seconds
[2024-03-23T00:19:25.023+0000] {processor.py:161} INFO - Started process (PID=1794) to work on /home/airflow/.local/lib/python3.8/site-packages/airflow/example_dags/example_task_group.py
[2024-03-23T00:19:25.024+0000] {processor.py:830} INFO - Processing file /home/airflow/.local/lib/python3.8/site-packages/airflow/example_dags/example_task_group.py for tasks to queue
[2024-03-23T00:19:25.026+0000] {logging_mixin.py:188} INFO - [2024-03-23T00:19:25.026+0000] {dagbag.py:540} INFO - Filling up the DagBag from /home/airflow/.local/lib/python3.8/site-packages/airflow/example_dags/example_task_group.py
[2024-03-23T00:19:25.035+0000] {processor.py:840} INFO - DAG(s) 'example_task_group' retrieved from /home/airflow/.local/lib/python3.8/site-packages/airflow/example_dags/example_task_group.py
[2024-03-23T00:19:25.058+0000] {logging_mixin.py:188} INFO - [2024-03-23T00:19:25.058+0000] {dag.py:3047} INFO - Sync 1 DAGs
[2024-03-23T00:19:25.082+0000] {logging_mixin.py:188} INFO - [2024-03-23T00:19:25.082+0000] {dag.py:3834} INFO - Setting next_dagrun for example_task_group to 2024-03-22 00:00:00+00:00, run_after=2024-03-23 00:00:00+00:00
[2024-03-23T00:19:25.102+0000] {processor.py:183} INFO - Processing /home/airflow/.local/lib/python3.8/site-packages/airflow/example_dags/example_task_group.py took 0.083 seconds
[2024-03-23T00:19:55.621+0000] {processor.py:161} INFO - Started process (PID=1849) to work on /home/airflow/.local/lib/python3.8/site-packages/airflow/example_dags/example_task_group.py
[2024-03-23T00:19:55.623+0000] {processor.py:830} INFO - Processing file /home/airflow/.local/lib/python3.8/site-packages/airflow/example_dags/example_task_group.py for tasks to queue
[2024-03-23T00:19:55.627+0000] {logging_mixin.py:188} INFO - [2024-03-23T00:19:55.626+0000] {dagbag.py:540} INFO - Filling up the DagBag from /home/airflow/.local/lib/python3.8/site-packages/airflow/example_dags/example_task_group.py
[2024-03-23T00:19:55.638+0000] {processor.py:840} INFO - DAG(s) 'example_task_group' retrieved from /home/airflow/.local/lib/python3.8/site-packages/airflow/example_dags/example_task_group.py
[2024-03-23T00:19:55.665+0000] {logging_mixin.py:188} INFO - [2024-03-23T00:19:55.664+0000] {dag.py:3047} INFO - Sync 1 DAGs
[2024-03-23T00:19:55.690+0000] {logging_mixin.py:188} INFO - [2024-03-23T00:19:55.690+0000] {dag.py:3834} INFO - Setting next_dagrun for example_task_group to 2024-03-22 00:00:00+00:00, run_after=2024-03-23 00:00:00+00:00
[2024-03-23T00:19:55.710+0000] {processor.py:183} INFO - Processing /home/airflow/.local/lib/python3.8/site-packages/airflow/example_dags/example_task_group.py took 0.094 seconds
[2024-03-23T00:20:26.065+0000] {processor.py:161} INFO - Started process (PID=1904) to work on /home/airflow/.local/lib/python3.8/site-packages/airflow/example_dags/example_task_group.py
[2024-03-23T00:20:26.067+0000] {processor.py:830} INFO - Processing file /home/airflow/.local/lib/python3.8/site-packages/airflow/example_dags/example_task_group.py for tasks to queue
[2024-03-23T00:20:26.069+0000] {logging_mixin.py:188} INFO - [2024-03-23T00:20:26.068+0000] {dagbag.py:540} INFO - Filling up the DagBag from /home/airflow/.local/lib/python3.8/site-packages/airflow/example_dags/example_task_group.py
[2024-03-23T00:20:26.077+0000] {processor.py:840} INFO - DAG(s) 'example_task_group' retrieved from /home/airflow/.local/lib/python3.8/site-packages/airflow/example_dags/example_task_group.py
[2024-03-23T00:20:26.102+0000] {logging_mixin.py:188} INFO - [2024-03-23T00:20:26.101+0000] {dag.py:3047} INFO - Sync 1 DAGs
[2024-03-23T00:20:26.134+0000] {logging_mixin.py:188} INFO - [2024-03-23T00:20:26.133+0000] {dag.py:3834} INFO - Setting next_dagrun for example_task_group to 2024-03-22 00:00:00+00:00, run_after=2024-03-23 00:00:00+00:00
[2024-03-23T00:20:26.154+0000] {processor.py:183} INFO - Processing /home/airflow/.local/lib/python3.8/site-packages/airflow/example_dags/example_task_group.py took 0.092 seconds
[2024-03-23T00:20:56.690+0000] {processor.py:161} INFO - Started process (PID=1959) to work on /home/airflow/.local/lib/python3.8/site-packages/airflow/example_dags/example_task_group.py
[2024-03-23T00:20:56.691+0000] {processor.py:830} INFO - Processing file /home/airflow/.local/lib/python3.8/site-packages/airflow/example_dags/example_task_group.py for tasks to queue
[2024-03-23T00:20:56.693+0000] {logging_mixin.py:188} INFO - [2024-03-23T00:20:56.693+0000] {dagbag.py:540} INFO - Filling up the DagBag from /home/airflow/.local/lib/python3.8/site-packages/airflow/example_dags/example_task_group.py
[2024-03-23T00:20:56.701+0000] {processor.py:840} INFO - DAG(s) 'example_task_group' retrieved from /home/airflow/.local/lib/python3.8/site-packages/airflow/example_dags/example_task_group.py
[2024-03-23T00:20:56.725+0000] {logging_mixin.py:188} INFO - [2024-03-23T00:20:56.725+0000] {dag.py:3047} INFO - Sync 1 DAGs
[2024-03-23T00:20:56.749+0000] {logging_mixin.py:188} INFO - [2024-03-23T00:20:56.749+0000] {dag.py:3834} INFO - Setting next_dagrun for example_task_group to 2024-03-22 00:00:00+00:00, run_after=2024-03-23 00:00:00+00:00
[2024-03-23T00:20:56.769+0000] {processor.py:183} INFO - Processing /home/airflow/.local/lib/python3.8/site-packages/airflow/example_dags/example_task_group.py took 0.083 seconds
[2024-03-23T00:21:27.048+0000] {processor.py:161} INFO - Started process (PID=2014) to work on /home/airflow/.local/lib/python3.8/site-packages/airflow/example_dags/example_task_group.py
[2024-03-23T00:21:27.049+0000] {processor.py:830} INFO - Processing file /home/airflow/.local/lib/python3.8/site-packages/airflow/example_dags/example_task_group.py for tasks to queue
[2024-03-23T00:21:27.051+0000] {logging_mixin.py:188} INFO - [2024-03-23T00:21:27.051+0000] {dagbag.py:540} INFO - Filling up the DagBag from /home/airflow/.local/lib/python3.8/site-packages/airflow/example_dags/example_task_group.py
[2024-03-23T00:21:27.060+0000] {processor.py:840} INFO - DAG(s) 'example_task_group' retrieved from /home/airflow/.local/lib/python3.8/site-packages/airflow/example_dags/example_task_group.py
[2024-03-23T00:21:27.083+0000] {logging_mixin.py:188} INFO - [2024-03-23T00:21:27.082+0000] {dag.py:3047} INFO - Sync 1 DAGs
[2024-03-23T00:21:27.107+0000] {logging_mixin.py:188} INFO - [2024-03-23T00:21:27.107+0000] {dag.py:3834} INFO - Setting next_dagrun for example_task_group to 2024-03-22 00:00:00+00:00, run_after=2024-03-23 00:00:00+00:00
[2024-03-23T00:21:27.127+0000] {processor.py:183} INFO - Processing /home/airflow/.local/lib/python3.8/site-packages/airflow/example_dags/example_task_group.py took 0.083 seconds
[2024-03-23T00:21:57.971+0000] {processor.py:161} INFO - Started process (PID=2069) to work on /home/airflow/.local/lib/python3.8/site-packages/airflow/example_dags/example_task_group.py
[2024-03-23T00:21:57.972+0000] {processor.py:830} INFO - Processing file /home/airflow/.local/lib/python3.8/site-packages/airflow/example_dags/example_task_group.py for tasks to queue
[2024-03-23T00:21:57.974+0000] {logging_mixin.py:188} INFO - [2024-03-23T00:21:57.974+0000] {dagbag.py:540} INFO - Filling up the DagBag from /home/airflow/.local/lib/python3.8/site-packages/airflow/example_dags/example_task_group.py
[2024-03-23T00:21:57.983+0000] {processor.py:840} INFO - DAG(s) 'example_task_group' retrieved from /home/airflow/.local/lib/python3.8/site-packages/airflow/example_dags/example_task_group.py
[2024-03-23T00:21:58.007+0000] {logging_mixin.py:188} INFO - [2024-03-23T00:21:58.007+0000] {dag.py:3047} INFO - Sync 1 DAGs
[2024-03-23T00:21:58.031+0000] {logging_mixin.py:188} INFO - [2024-03-23T00:21:58.031+0000] {dag.py:3834} INFO - Setting next_dagrun for example_task_group to 2024-03-22 00:00:00+00:00, run_after=2024-03-23 00:00:00+00:00
[2024-03-23T00:21:58.053+0000] {processor.py:183} INFO - Processing /home/airflow/.local/lib/python3.8/site-packages/airflow/example_dags/example_task_group.py took 0.085 seconds
[2024-03-23T00:22:28.399+0000] {processor.py:161} INFO - Started process (PID=2124) to work on /home/airflow/.local/lib/python3.8/site-packages/airflow/example_dags/example_task_group.py
[2024-03-23T00:22:28.400+0000] {processor.py:830} INFO - Processing file /home/airflow/.local/lib/python3.8/site-packages/airflow/example_dags/example_task_group.py for tasks to queue
[2024-03-23T00:22:28.402+0000] {logging_mixin.py:188} INFO - [2024-03-23T00:22:28.402+0000] {dagbag.py:540} INFO - Filling up the DagBag from /home/airflow/.local/lib/python3.8/site-packages/airflow/example_dags/example_task_group.py
[2024-03-23T00:22:28.411+0000] {processor.py:840} INFO - DAG(s) 'example_task_group' retrieved from /home/airflow/.local/lib/python3.8/site-packages/airflow/example_dags/example_task_group.py
[2024-03-23T00:22:28.434+0000] {logging_mixin.py:188} INFO - [2024-03-23T00:22:28.434+0000] {dag.py:3047} INFO - Sync 1 DAGs
[2024-03-23T00:22:28.459+0000] {logging_mixin.py:188} INFO - [2024-03-23T00:22:28.458+0000] {dag.py:3834} INFO - Setting next_dagrun for example_task_group to 2024-03-22 00:00:00+00:00, run_after=2024-03-23 00:00:00+00:00
[2024-03-23T00:22:28.480+0000] {processor.py:183} INFO - Processing /home/airflow/.local/lib/python3.8/site-packages/airflow/example_dags/example_task_group.py took 0.085 seconds
[2024-03-23T00:22:58.648+0000] {processor.py:161} INFO - Started process (PID=2179) to work on /home/airflow/.local/lib/python3.8/site-packages/airflow/example_dags/example_task_group.py
[2024-03-23T00:22:58.649+0000] {processor.py:830} INFO - Processing file /home/airflow/.local/lib/python3.8/site-packages/airflow/example_dags/example_task_group.py for tasks to queue
[2024-03-23T00:22:58.651+0000] {logging_mixin.py:188} INFO - [2024-03-23T00:22:58.651+0000] {dagbag.py:540} INFO - Filling up the DagBag from /home/airflow/.local/lib/python3.8/site-packages/airflow/example_dags/example_task_group.py
[2024-03-23T00:22:58.661+0000] {processor.py:840} INFO - DAG(s) 'example_task_group' retrieved from /home/airflow/.local/lib/python3.8/site-packages/airflow/example_dags/example_task_group.py
[2024-03-23T00:22:58.686+0000] {logging_mixin.py:188} INFO - [2024-03-23T00:22:58.686+0000] {dag.py:3047} INFO - Sync 1 DAGs
[2024-03-23T00:22:58.712+0000] {logging_mixin.py:188} INFO - [2024-03-23T00:22:58.712+0000] {dag.py:3834} INFO - Setting next_dagrun for example_task_group to 2024-03-22 00:00:00+00:00, run_after=2024-03-23 00:00:00+00:00
[2024-03-23T00:22:58.733+0000] {processor.py:183} INFO - Processing /home/airflow/.local/lib/python3.8/site-packages/airflow/example_dags/example_task_group.py took 0.089 seconds
[2024-03-23T00:23:29.060+0000] {processor.py:161} INFO - Started process (PID=2234) to work on /home/airflow/.local/lib/python3.8/site-packages/airflow/example_dags/example_task_group.py
[2024-03-23T00:23:29.062+0000] {processor.py:830} INFO - Processing file /home/airflow/.local/lib/python3.8/site-packages/airflow/example_dags/example_task_group.py for tasks to queue
[2024-03-23T00:23:29.064+0000] {logging_mixin.py:188} INFO - [2024-03-23T00:23:29.063+0000] {dagbag.py:540} INFO - Filling up the DagBag from /home/airflow/.local/lib/python3.8/site-packages/airflow/example_dags/example_task_group.py
[2024-03-23T00:23:29.072+0000] {processor.py:840} INFO - DAG(s) 'example_task_group' retrieved from /home/airflow/.local/lib/python3.8/site-packages/airflow/example_dags/example_task_group.py
[2024-03-23T00:23:29.096+0000] {logging_mixin.py:188} INFO - [2024-03-23T00:23:29.096+0000] {dag.py:3047} INFO - Sync 1 DAGs
[2024-03-23T00:23:29.122+0000] {logging_mixin.py:188} INFO - [2024-03-23T00:23:29.121+0000] {dag.py:3834} INFO - Setting next_dagrun for example_task_group to 2024-03-22 00:00:00+00:00, run_after=2024-03-23 00:00:00+00:00
[2024-03-23T00:23:29.143+0000] {processor.py:183} INFO - Processing /home/airflow/.local/lib/python3.8/site-packages/airflow/example_dags/example_task_group.py took 0.087 seconds
[2024-03-23T00:23:59.319+0000] {processor.py:161} INFO - Started process (PID=2289) to work on /home/airflow/.local/lib/python3.8/site-packages/airflow/example_dags/example_task_group.py
[2024-03-23T00:23:59.321+0000] {processor.py:830} INFO - Processing file /home/airflow/.local/lib/python3.8/site-packages/airflow/example_dags/example_task_group.py for tasks to queue
[2024-03-23T00:23:59.323+0000] {logging_mixin.py:188} INFO - [2024-03-23T00:23:59.323+0000] {dagbag.py:540} INFO - Filling up the DagBag from /home/airflow/.local/lib/python3.8/site-packages/airflow/example_dags/example_task_group.py
[2024-03-23T00:23:59.332+0000] {processor.py:840} INFO - DAG(s) 'example_task_group' retrieved from /home/airflow/.local/lib/python3.8/site-packages/airflow/example_dags/example_task_group.py
[2024-03-23T00:23:59.356+0000] {logging_mixin.py:188} INFO - [2024-03-23T00:23:59.355+0000] {dag.py:3047} INFO - Sync 1 DAGs
[2024-03-23T00:23:59.380+0000] {logging_mixin.py:188} INFO - [2024-03-23T00:23:59.379+0000] {dag.py:3834} INFO - Setting next_dagrun for example_task_group to 2024-03-22 00:00:00+00:00, run_after=2024-03-23 00:00:00+00:00
[2024-03-23T00:23:59.400+0000] {processor.py:183} INFO - Processing /home/airflow/.local/lib/python3.8/site-packages/airflow/example_dags/example_task_group.py took 0.084 seconds
[2024-03-23T00:24:29.649+0000] {processor.py:161} INFO - Started process (PID=2344) to work on /home/airflow/.local/lib/python3.8/site-packages/airflow/example_dags/example_task_group.py
[2024-03-23T00:24:29.651+0000] {processor.py:830} INFO - Processing file /home/airflow/.local/lib/python3.8/site-packages/airflow/example_dags/example_task_group.py for tasks to queue
[2024-03-23T00:24:29.653+0000] {logging_mixin.py:188} INFO - [2024-03-23T00:24:29.652+0000] {dagbag.py:540} INFO - Filling up the DagBag from /home/airflow/.local/lib/python3.8/site-packages/airflow/example_dags/example_task_group.py
[2024-03-23T00:24:29.665+0000] {processor.py:840} INFO - DAG(s) 'example_task_group' retrieved from /home/airflow/.local/lib/python3.8/site-packages/airflow/example_dags/example_task_group.py
[2024-03-23T00:24:29.694+0000] {logging_mixin.py:188} INFO - [2024-03-23T00:24:29.693+0000] {dag.py:3047} INFO - Sync 1 DAGs
[2024-03-23T00:24:29.719+0000] {logging_mixin.py:188} INFO - [2024-03-23T00:24:29.718+0000] {dag.py:3834} INFO - Setting next_dagrun for example_task_group to 2024-03-22 00:00:00+00:00, run_after=2024-03-23 00:00:00+00:00
[2024-03-23T00:24:29.742+0000] {processor.py:183} INFO - Processing /home/airflow/.local/lib/python3.8/site-packages/airflow/example_dags/example_task_group.py took 0.097 seconds
[2024-03-23T00:24:59.940+0000] {processor.py:161} INFO - Started process (PID=2399) to work on /home/airflow/.local/lib/python3.8/site-packages/airflow/example_dags/example_task_group.py
[2024-03-23T00:24:59.941+0000] {processor.py:830} INFO - Processing file /home/airflow/.local/lib/python3.8/site-packages/airflow/example_dags/example_task_group.py for tasks to queue
[2024-03-23T00:24:59.944+0000] {logging_mixin.py:188} INFO - [2024-03-23T00:24:59.943+0000] {dagbag.py:540} INFO - Filling up the DagBag from /home/airflow/.local/lib/python3.8/site-packages/airflow/example_dags/example_task_group.py
[2024-03-23T00:24:59.952+0000] {processor.py:840} INFO - DAG(s) 'example_task_group' retrieved from /home/airflow/.local/lib/python3.8/site-packages/airflow/example_dags/example_task_group.py
[2024-03-23T00:24:59.976+0000] {logging_mixin.py:188} INFO - [2024-03-23T00:24:59.975+0000] {dag.py:3047} INFO - Sync 1 DAGs
[2024-03-23T00:25:00.000+0000] {logging_mixin.py:188} INFO - [2024-03-23T00:25:00.000+0000] {dag.py:3834} INFO - Setting next_dagrun for example_task_group to 2024-03-22 00:00:00+00:00, run_after=2024-03-23 00:00:00+00:00
[2024-03-23T00:25:00.022+0000] {processor.py:183} INFO - Processing /home/airflow/.local/lib/python3.8/site-packages/airflow/example_dags/example_task_group.py took 0.085 seconds
[2024-03-23T00:25:30.219+0000] {processor.py:161} INFO - Started process (PID=2454) to work on /home/airflow/.local/lib/python3.8/site-packages/airflow/example_dags/example_task_group.py
[2024-03-23T00:25:30.221+0000] {processor.py:830} INFO - Processing file /home/airflow/.local/lib/python3.8/site-packages/airflow/example_dags/example_task_group.py for tasks to queue
[2024-03-23T00:25:30.223+0000] {logging_mixin.py:188} INFO - [2024-03-23T00:25:30.222+0000] {dagbag.py:540} INFO - Filling up the DagBag from /home/airflow/.local/lib/python3.8/site-packages/airflow/example_dags/example_task_group.py
[2024-03-23T00:25:30.231+0000] {processor.py:840} INFO - DAG(s) 'example_task_group' retrieved from /home/airflow/.local/lib/python3.8/site-packages/airflow/example_dags/example_task_group.py
[2024-03-23T00:25:30.255+0000] {logging_mixin.py:188} INFO - [2024-03-23T00:25:30.255+0000] {dag.py:3047} INFO - Sync 1 DAGs
[2024-03-23T00:25:30.279+0000] {logging_mixin.py:188} INFO - [2024-03-23T00:25:30.278+0000] {dag.py:3834} INFO - Setting next_dagrun for example_task_group to 2024-03-22 00:00:00+00:00, run_after=2024-03-23 00:00:00+00:00
[2024-03-23T00:25:30.298+0000] {processor.py:183} INFO - Processing /home/airflow/.local/lib/python3.8/site-packages/airflow/example_dags/example_task_group.py took 0.083 seconds
[2024-03-23T00:26:00.392+0000] {processor.py:161} INFO - Started process (PID=2509) to work on /home/airflow/.local/lib/python3.8/site-packages/airflow/example_dags/example_task_group.py
[2024-03-23T00:26:00.393+0000] {processor.py:830} INFO - Processing file /home/airflow/.local/lib/python3.8/site-packages/airflow/example_dags/example_task_group.py for tasks to queue
[2024-03-23T00:26:00.395+0000] {logging_mixin.py:188} INFO - [2024-03-23T00:26:00.394+0000] {dagbag.py:540} INFO - Filling up the DagBag from /home/airflow/.local/lib/python3.8/site-packages/airflow/example_dags/example_task_group.py
[2024-03-23T00:26:00.403+0000] {processor.py:840} INFO - DAG(s) 'example_task_group' retrieved from /home/airflow/.local/lib/python3.8/site-packages/airflow/example_dags/example_task_group.py
[2024-03-23T00:26:00.429+0000] {logging_mixin.py:188} INFO - [2024-03-23T00:26:00.429+0000] {dag.py:3047} INFO - Sync 1 DAGs
[2024-03-23T00:26:00.453+0000] {logging_mixin.py:188} INFO - [2024-03-23T00:26:00.453+0000] {dag.py:3834} INFO - Setting next_dagrun for example_task_group to 2024-03-22 00:00:00+00:00, run_after=2024-03-23 00:00:00+00:00
[2024-03-23T00:26:00.472+0000] {processor.py:183} INFO - Processing /home/airflow/.local/lib/python3.8/site-packages/airflow/example_dags/example_task_group.py took 0.085 seconds
