[2024-03-23T00:03:35.779+0000] {processor.py:161} INFO - Started process (PID=44) to work on /home/airflow/.local/lib/python3.8/site-packages/airflow/example_dags/example_branch_python_dop_operator_3.py
[2024-03-23T00:03:35.781+0000] {processor.py:830} INFO - Processing file /home/airflow/.local/lib/python3.8/site-packages/airflow/example_dags/example_branch_python_dop_operator_3.py for tasks to queue
[2024-03-23T00:03:35.783+0000] {logging_mixin.py:188} INFO - [2024-03-23T00:03:35.783+0000] {dagbag.py:540} INFO - Filling up the DagBag from /home/airflow/.local/lib/python3.8/site-packages/airflow/example_dags/example_branch_python_dop_operator_3.py
[2024-03-23T00:03:35.797+0000] {processor.py:840} INFO - DAG(s) 'example_branch_dop_operator_v3' retrieved from /home/airflow/.local/lib/python3.8/site-packages/airflow/example_dags/example_branch_python_dop_operator_3.py
[2024-03-23T00:03:35.839+0000] {logging_mixin.py:188} INFO - [2024-03-23T00:03:35.838+0000] {dag.py:3047} INFO - Sync 1 DAGs
[2024-03-23T00:03:35.884+0000] {logging_mixin.py:188} INFO - [2024-03-23T00:03:35.884+0000] {dag.py:3834} INFO - Setting next_dagrun for example_branch_dop_operator_v3 to 2024-03-23 00:02:00+00:00, run_after=2024-03-23 00:03:00+00:00
[2024-03-23T00:03:35.914+0000] {processor.py:183} INFO - Processing /home/airflow/.local/lib/python3.8/site-packages/airflow/example_dags/example_branch_python_dop_operator_3.py took 0.140 seconds
[2024-03-23T00:04:06.026+0000] {processor.py:161} INFO - Started process (PID=99) to work on /home/airflow/.local/lib/python3.8/site-packages/airflow/example_dags/example_branch_python_dop_operator_3.py
[2024-03-23T00:04:06.027+0000] {processor.py:830} INFO - Processing file /home/airflow/.local/lib/python3.8/site-packages/airflow/example_dags/example_branch_python_dop_operator_3.py for tasks to queue
[2024-03-23T00:04:06.029+0000] {logging_mixin.py:188} INFO - [2024-03-23T00:04:06.029+0000] {dagbag.py:540} INFO - Filling up the DagBag from /home/airflow/.local/lib/python3.8/site-packages/airflow/example_dags/example_branch_python_dop_operator_3.py
[2024-03-23T00:04:06.041+0000] {processor.py:840} INFO - DAG(s) 'example_branch_dop_operator_v3' retrieved from /home/airflow/.local/lib/python3.8/site-packages/airflow/example_dags/example_branch_python_dop_operator_3.py
[2024-03-23T00:04:06.062+0000] {logging_mixin.py:188} INFO - [2024-03-23T00:04:06.062+0000] {dag.py:3047} INFO - Sync 1 DAGs
[2024-03-23T00:04:06.095+0000] {logging_mixin.py:188} INFO - [2024-03-23T00:04:06.095+0000] {dag.py:3834} INFO - Setting next_dagrun for example_branch_dop_operator_v3 to 2024-03-23 00:03:00+00:00, run_after=2024-03-23 00:04:00+00:00
[2024-03-23T00:04:06.115+0000] {processor.py:183} INFO - Processing /home/airflow/.local/lib/python3.8/site-packages/airflow/example_dags/example_branch_python_dop_operator_3.py took 0.093 seconds
[2024-03-23T00:04:36.443+0000] {processor.py:161} INFO - Started process (PID=154) to work on /home/airflow/.local/lib/python3.8/site-packages/airflow/example_dags/example_branch_python_dop_operator_3.py
[2024-03-23T00:04:36.444+0000] {processor.py:830} INFO - Processing file /home/airflow/.local/lib/python3.8/site-packages/airflow/example_dags/example_branch_python_dop_operator_3.py for tasks to queue
[2024-03-23T00:04:36.446+0000] {logging_mixin.py:188} INFO - [2024-03-23T00:04:36.445+0000] {dagbag.py:540} INFO - Filling up the DagBag from /home/airflow/.local/lib/python3.8/site-packages/airflow/example_dags/example_branch_python_dop_operator_3.py
[2024-03-23T00:04:36.457+0000] {processor.py:840} INFO - DAG(s) 'example_branch_dop_operator_v3' retrieved from /home/airflow/.local/lib/python3.8/site-packages/airflow/example_dags/example_branch_python_dop_operator_3.py
[2024-03-23T00:04:36.478+0000] {logging_mixin.py:188} INFO - [2024-03-23T00:04:36.478+0000] {dag.py:3047} INFO - Sync 1 DAGs
[2024-03-23T00:04:36.509+0000] {logging_mixin.py:188} INFO - [2024-03-23T00:04:36.508+0000] {dag.py:3834} INFO - Setting next_dagrun for example_branch_dop_operator_v3 to 2024-03-23 00:03:00+00:00, run_after=2024-03-23 00:04:00+00:00
[2024-03-23T00:04:36.528+0000] {processor.py:183} INFO - Processing /home/airflow/.local/lib/python3.8/site-packages/airflow/example_dags/example_branch_python_dop_operator_3.py took 0.090 seconds
[2024-03-23T00:05:06.693+0000] {processor.py:161} INFO - Started process (PID=209) to work on /home/airflow/.local/lib/python3.8/site-packages/airflow/example_dags/example_branch_python_dop_operator_3.py
[2024-03-23T00:05:06.694+0000] {processor.py:830} INFO - Processing file /home/airflow/.local/lib/python3.8/site-packages/airflow/example_dags/example_branch_python_dop_operator_3.py for tasks to queue
[2024-03-23T00:05:06.696+0000] {logging_mixin.py:188} INFO - [2024-03-23T00:05:06.696+0000] {dagbag.py:540} INFO - Filling up the DagBag from /home/airflow/.local/lib/python3.8/site-packages/airflow/example_dags/example_branch_python_dop_operator_3.py
[2024-03-23T00:05:06.707+0000] {processor.py:840} INFO - DAG(s) 'example_branch_dop_operator_v3' retrieved from /home/airflow/.local/lib/python3.8/site-packages/airflow/example_dags/example_branch_python_dop_operator_3.py
[2024-03-23T00:05:06.728+0000] {logging_mixin.py:188} INFO - [2024-03-23T00:05:06.728+0000] {dag.py:3047} INFO - Sync 1 DAGs
[2024-03-23T00:05:06.758+0000] {logging_mixin.py:188} INFO - [2024-03-23T00:05:06.758+0000] {dag.py:3834} INFO - Setting next_dagrun for example_branch_dop_operator_v3 to 2024-03-23 00:04:00+00:00, run_after=2024-03-23 00:05:00+00:00
[2024-03-23T00:05:06.777+0000] {processor.py:183} INFO - Processing /home/airflow/.local/lib/python3.8/site-packages/airflow/example_dags/example_branch_python_dop_operator_3.py took 0.089 seconds
[2024-03-23T00:05:36.883+0000] {processor.py:161} INFO - Started process (PID=264) to work on /home/airflow/.local/lib/python3.8/site-packages/airflow/example_dags/example_branch_python_dop_operator_3.py
[2024-03-23T00:05:36.884+0000] {processor.py:830} INFO - Processing file /home/airflow/.local/lib/python3.8/site-packages/airflow/example_dags/example_branch_python_dop_operator_3.py for tasks to queue
[2024-03-23T00:05:36.886+0000] {logging_mixin.py:188} INFO - [2024-03-23T00:05:36.886+0000] {dagbag.py:540} INFO - Filling up the DagBag from /home/airflow/.local/lib/python3.8/site-packages/airflow/example_dags/example_branch_python_dop_operator_3.py
[2024-03-23T00:05:36.897+0000] {processor.py:840} INFO - DAG(s) 'example_branch_dop_operator_v3' retrieved from /home/airflow/.local/lib/python3.8/site-packages/airflow/example_dags/example_branch_python_dop_operator_3.py
[2024-03-23T00:05:36.920+0000] {logging_mixin.py:188} INFO - [2024-03-23T00:05:36.920+0000] {dag.py:3047} INFO - Sync 1 DAGs
[2024-03-23T00:05:36.952+0000] {logging_mixin.py:188} INFO - [2024-03-23T00:05:36.952+0000] {dag.py:3834} INFO - Setting next_dagrun for example_branch_dop_operator_v3 to 2024-03-23 00:04:00+00:00, run_after=2024-03-23 00:05:00+00:00
[2024-03-23T00:05:36.972+0000] {processor.py:183} INFO - Processing /home/airflow/.local/lib/python3.8/site-packages/airflow/example_dags/example_branch_python_dop_operator_3.py took 0.093 seconds
[2024-03-23T00:06:07.258+0000] {processor.py:161} INFO - Started process (PID=319) to work on /home/airflow/.local/lib/python3.8/site-packages/airflow/example_dags/example_branch_python_dop_operator_3.py
[2024-03-23T00:06:07.259+0000] {processor.py:830} INFO - Processing file /home/airflow/.local/lib/python3.8/site-packages/airflow/example_dags/example_branch_python_dop_operator_3.py for tasks to queue
[2024-03-23T00:06:07.261+0000] {logging_mixin.py:188} INFO - [2024-03-23T00:06:07.261+0000] {dagbag.py:540} INFO - Filling up the DagBag from /home/airflow/.local/lib/python3.8/site-packages/airflow/example_dags/example_branch_python_dop_operator_3.py
[2024-03-23T00:06:07.274+0000] {processor.py:840} INFO - DAG(s) 'example_branch_dop_operator_v3' retrieved from /home/airflow/.local/lib/python3.8/site-packages/airflow/example_dags/example_branch_python_dop_operator_3.py
[2024-03-23T00:06:07.297+0000] {logging_mixin.py:188} INFO - [2024-03-23T00:06:07.297+0000] {dag.py:3047} INFO - Sync 1 DAGs
[2024-03-23T00:06:07.337+0000] {logging_mixin.py:188} INFO - [2024-03-23T00:06:07.337+0000] {dag.py:3834} INFO - Setting next_dagrun for example_branch_dop_operator_v3 to 2024-03-23 00:05:00+00:00, run_after=2024-03-23 00:06:00+00:00
[2024-03-23T00:06:07.361+0000] {processor.py:183} INFO - Processing /home/airflow/.local/lib/python3.8/site-packages/airflow/example_dags/example_branch_python_dop_operator_3.py took 0.107 seconds
[2024-03-23T00:06:37.843+0000] {processor.py:161} INFO - Started process (PID=374) to work on /home/airflow/.local/lib/python3.8/site-packages/airflow/example_dags/example_branch_python_dop_operator_3.py
[2024-03-23T00:06:37.845+0000] {processor.py:830} INFO - Processing file /home/airflow/.local/lib/python3.8/site-packages/airflow/example_dags/example_branch_python_dop_operator_3.py for tasks to queue
[2024-03-23T00:06:37.847+0000] {logging_mixin.py:188} INFO - [2024-03-23T00:06:37.846+0000] {dagbag.py:540} INFO - Filling up the DagBag from /home/airflow/.local/lib/python3.8/site-packages/airflow/example_dags/example_branch_python_dop_operator_3.py
[2024-03-23T00:06:37.857+0000] {processor.py:840} INFO - DAG(s) 'example_branch_dop_operator_v3' retrieved from /home/airflow/.local/lib/python3.8/site-packages/airflow/example_dags/example_branch_python_dop_operator_3.py
[2024-03-23T00:06:37.879+0000] {logging_mixin.py:188} INFO - [2024-03-23T00:06:37.878+0000] {dag.py:3047} INFO - Sync 1 DAGs
[2024-03-23T00:06:37.909+0000] {logging_mixin.py:188} INFO - [2024-03-23T00:06:37.908+0000] {dag.py:3834} INFO - Setting next_dagrun for example_branch_dop_operator_v3 to 2024-03-23 00:05:00+00:00, run_after=2024-03-23 00:06:00+00:00
[2024-03-23T00:06:37.929+0000] {processor.py:183} INFO - Processing /home/airflow/.local/lib/python3.8/site-packages/airflow/example_dags/example_branch_python_dop_operator_3.py took 0.089 seconds
[2024-03-23T00:07:08.274+0000] {processor.py:161} INFO - Started process (PID=429) to work on /home/airflow/.local/lib/python3.8/site-packages/airflow/example_dags/example_branch_python_dop_operator_3.py
[2024-03-23T00:07:08.275+0000] {processor.py:830} INFO - Processing file /home/airflow/.local/lib/python3.8/site-packages/airflow/example_dags/example_branch_python_dop_operator_3.py for tasks to queue
[2024-03-23T00:07:08.277+0000] {logging_mixin.py:188} INFO - [2024-03-23T00:07:08.277+0000] {dagbag.py:540} INFO - Filling up the DagBag from /home/airflow/.local/lib/python3.8/site-packages/airflow/example_dags/example_branch_python_dop_operator_3.py
[2024-03-23T00:07:08.288+0000] {processor.py:840} INFO - DAG(s) 'example_branch_dop_operator_v3' retrieved from /home/airflow/.local/lib/python3.8/site-packages/airflow/example_dags/example_branch_python_dop_operator_3.py
[2024-03-23T00:07:08.312+0000] {logging_mixin.py:188} INFO - [2024-03-23T00:07:08.311+0000] {dag.py:3047} INFO - Sync 1 DAGs
[2024-03-23T00:07:08.346+0000] {logging_mixin.py:188} INFO - [2024-03-23T00:07:08.346+0000] {dag.py:3834} INFO - Setting next_dagrun for example_branch_dop_operator_v3 to 2024-03-23 00:06:00+00:00, run_after=2024-03-23 00:07:00+00:00
[2024-03-23T00:07:08.370+0000] {processor.py:183} INFO - Processing /home/airflow/.local/lib/python3.8/site-packages/airflow/example_dags/example_branch_python_dop_operator_3.py took 0.100 seconds
[2024-03-23T00:07:38.643+0000] {processor.py:161} INFO - Started process (PID=484) to work on /home/airflow/.local/lib/python3.8/site-packages/airflow/example_dags/example_branch_python_dop_operator_3.py
[2024-03-23T00:07:38.644+0000] {processor.py:830} INFO - Processing file /home/airflow/.local/lib/python3.8/site-packages/airflow/example_dags/example_branch_python_dop_operator_3.py for tasks to queue
[2024-03-23T00:07:38.646+0000] {logging_mixin.py:188} INFO - [2024-03-23T00:07:38.646+0000] {dagbag.py:540} INFO - Filling up the DagBag from /home/airflow/.local/lib/python3.8/site-packages/airflow/example_dags/example_branch_python_dop_operator_3.py
[2024-03-23T00:07:38.657+0000] {processor.py:840} INFO - DAG(s) 'example_branch_dop_operator_v3' retrieved from /home/airflow/.local/lib/python3.8/site-packages/airflow/example_dags/example_branch_python_dop_operator_3.py
[2024-03-23T00:07:38.680+0000] {logging_mixin.py:188} INFO - [2024-03-23T00:07:38.680+0000] {dag.py:3047} INFO - Sync 1 DAGs
[2024-03-23T00:07:38.712+0000] {logging_mixin.py:188} INFO - [2024-03-23T00:07:38.711+0000] {dag.py:3834} INFO - Setting next_dagrun for example_branch_dop_operator_v3 to 2024-03-23 00:06:00+00:00, run_after=2024-03-23 00:07:00+00:00
[2024-03-23T00:07:38.733+0000] {processor.py:183} INFO - Processing /home/airflow/.local/lib/python3.8/site-packages/airflow/example_dags/example_branch_python_dop_operator_3.py took 0.095 seconds
[2024-03-23T00:08:08.987+0000] {processor.py:161} INFO - Started process (PID=539) to work on /home/airflow/.local/lib/python3.8/site-packages/airflow/example_dags/example_branch_python_dop_operator_3.py
[2024-03-23T00:08:08.988+0000] {processor.py:830} INFO - Processing file /home/airflow/.local/lib/python3.8/site-packages/airflow/example_dags/example_branch_python_dop_operator_3.py for tasks to queue
[2024-03-23T00:08:08.990+0000] {logging_mixin.py:188} INFO - [2024-03-23T00:08:08.989+0000] {dagbag.py:540} INFO - Filling up the DagBag from /home/airflow/.local/lib/python3.8/site-packages/airflow/example_dags/example_branch_python_dop_operator_3.py
[2024-03-23T00:08:09.000+0000] {processor.py:840} INFO - DAG(s) 'example_branch_dop_operator_v3' retrieved from /home/airflow/.local/lib/python3.8/site-packages/airflow/example_dags/example_branch_python_dop_operator_3.py
[2024-03-23T00:08:09.022+0000] {logging_mixin.py:188} INFO - [2024-03-23T00:08:09.022+0000] {dag.py:3047} INFO - Sync 1 DAGs
[2024-03-23T00:08:09.054+0000] {logging_mixin.py:188} INFO - [2024-03-23T00:08:09.053+0000] {dag.py:3834} INFO - Setting next_dagrun for example_branch_dop_operator_v3 to 2024-03-23 00:07:00+00:00, run_after=2024-03-23 00:08:00+00:00
[2024-03-23T00:08:09.074+0000] {processor.py:183} INFO - Processing /home/airflow/.local/lib/python3.8/site-packages/airflow/example_dags/example_branch_python_dop_operator_3.py took 0.091 seconds
[2024-03-23T00:08:39.257+0000] {processor.py:161} INFO - Started process (PID=594) to work on /home/airflow/.local/lib/python3.8/site-packages/airflow/example_dags/example_branch_python_dop_operator_3.py
[2024-03-23T00:08:39.258+0000] {processor.py:830} INFO - Processing file /home/airflow/.local/lib/python3.8/site-packages/airflow/example_dags/example_branch_python_dop_operator_3.py for tasks to queue
[2024-03-23T00:08:39.260+0000] {logging_mixin.py:188} INFO - [2024-03-23T00:08:39.259+0000] {dagbag.py:540} INFO - Filling up the DagBag from /home/airflow/.local/lib/python3.8/site-packages/airflow/example_dags/example_branch_python_dop_operator_3.py
[2024-03-23T00:08:39.271+0000] {processor.py:840} INFO - DAG(s) 'example_branch_dop_operator_v3' retrieved from /home/airflow/.local/lib/python3.8/site-packages/airflow/example_dags/example_branch_python_dop_operator_3.py
[2024-03-23T00:08:39.294+0000] {logging_mixin.py:188} INFO - [2024-03-23T00:08:39.294+0000] {dag.py:3047} INFO - Sync 1 DAGs
[2024-03-23T00:08:39.325+0000] {logging_mixin.py:188} INFO - [2024-03-23T00:08:39.325+0000] {dag.py:3834} INFO - Setting next_dagrun for example_branch_dop_operator_v3 to 2024-03-23 00:07:00+00:00, run_after=2024-03-23 00:08:00+00:00
[2024-03-23T00:08:39.345+0000] {processor.py:183} INFO - Processing /home/airflow/.local/lib/python3.8/site-packages/airflow/example_dags/example_branch_python_dop_operator_3.py took 0.092 seconds
[2024-03-23T00:09:09.657+0000] {processor.py:161} INFO - Started process (PID=649) to work on /home/airflow/.local/lib/python3.8/site-packages/airflow/example_dags/example_branch_python_dop_operator_3.py
[2024-03-23T00:09:09.659+0000] {processor.py:830} INFO - Processing file /home/airflow/.local/lib/python3.8/site-packages/airflow/example_dags/example_branch_python_dop_operator_3.py for tasks to queue
[2024-03-23T00:09:09.661+0000] {logging_mixin.py:188} INFO - [2024-03-23T00:09:09.660+0000] {dagbag.py:540} INFO - Filling up the DagBag from /home/airflow/.local/lib/python3.8/site-packages/airflow/example_dags/example_branch_python_dop_operator_3.py
[2024-03-23T00:09:09.673+0000] {processor.py:840} INFO - DAG(s) 'example_branch_dop_operator_v3' retrieved from /home/airflow/.local/lib/python3.8/site-packages/airflow/example_dags/example_branch_python_dop_operator_3.py
[2024-03-23T00:09:09.699+0000] {logging_mixin.py:188} INFO - [2024-03-23T00:09:09.699+0000] {dag.py:3047} INFO - Sync 1 DAGs
[2024-03-23T00:09:09.732+0000] {logging_mixin.py:188} INFO - [2024-03-23T00:09:09.731+0000] {dag.py:3834} INFO - Setting next_dagrun for example_branch_dop_operator_v3 to 2024-03-23 00:08:00+00:00, run_after=2024-03-23 00:09:00+00:00
[2024-03-23T00:09:09.755+0000] {processor.py:183} INFO - Processing /home/airflow/.local/lib/python3.8/site-packages/airflow/example_dags/example_branch_python_dop_operator_3.py took 0.103 seconds
[2024-03-23T00:09:39.878+0000] {processor.py:161} INFO - Started process (PID=704) to work on /home/airflow/.local/lib/python3.8/site-packages/airflow/example_dags/example_branch_python_dop_operator_3.py
[2024-03-23T00:09:39.879+0000] {processor.py:830} INFO - Processing file /home/airflow/.local/lib/python3.8/site-packages/airflow/example_dags/example_branch_python_dop_operator_3.py for tasks to queue
[2024-03-23T00:09:39.881+0000] {logging_mixin.py:188} INFO - [2024-03-23T00:09:39.880+0000] {dagbag.py:540} INFO - Filling up the DagBag from /home/airflow/.local/lib/python3.8/site-packages/airflow/example_dags/example_branch_python_dop_operator_3.py
[2024-03-23T00:09:39.892+0000] {processor.py:840} INFO - DAG(s) 'example_branch_dop_operator_v3' retrieved from /home/airflow/.local/lib/python3.8/site-packages/airflow/example_dags/example_branch_python_dop_operator_3.py
[2024-03-23T00:09:39.914+0000] {logging_mixin.py:188} INFO - [2024-03-23T00:09:39.914+0000] {dag.py:3047} INFO - Sync 1 DAGs
[2024-03-23T00:09:39.945+0000] {logging_mixin.py:188} INFO - [2024-03-23T00:09:39.945+0000] {dag.py:3834} INFO - Setting next_dagrun for example_branch_dop_operator_v3 to 2024-03-23 00:08:00+00:00, run_after=2024-03-23 00:09:00+00:00
[2024-03-23T00:09:39.964+0000] {processor.py:183} INFO - Processing /home/airflow/.local/lib/python3.8/site-packages/airflow/example_dags/example_branch_python_dop_operator_3.py took 0.091 seconds
[2024-03-23T00:10:10.000+0000] {processor.py:161} INFO - Started process (PID=759) to work on /home/airflow/.local/lib/python3.8/site-packages/airflow/example_dags/example_branch_python_dop_operator_3.py
[2024-03-23T00:10:10.002+0000] {processor.py:830} INFO - Processing file /home/airflow/.local/lib/python3.8/site-packages/airflow/example_dags/example_branch_python_dop_operator_3.py for tasks to queue
[2024-03-23T00:10:10.005+0000] {logging_mixin.py:188} INFO - [2024-03-23T00:10:10.005+0000] {dagbag.py:540} INFO - Filling up the DagBag from /home/airflow/.local/lib/python3.8/site-packages/airflow/example_dags/example_branch_python_dop_operator_3.py
[2024-03-23T00:10:10.019+0000] {processor.py:840} INFO - DAG(s) 'example_branch_dop_operator_v3' retrieved from /home/airflow/.local/lib/python3.8/site-packages/airflow/example_dags/example_branch_python_dop_operator_3.py
[2024-03-23T00:10:10.044+0000] {logging_mixin.py:188} INFO - [2024-03-23T00:10:10.044+0000] {dag.py:3047} INFO - Sync 1 DAGs
[2024-03-23T00:10:10.078+0000] {logging_mixin.py:188} INFO - [2024-03-23T00:10:10.078+0000] {dag.py:3834} INFO - Setting next_dagrun for example_branch_dop_operator_v3 to 2024-03-23 00:09:00+00:00, run_after=2024-03-23 00:10:00+00:00
[2024-03-23T00:10:10.101+0000] {processor.py:183} INFO - Processing /home/airflow/.local/lib/python3.8/site-packages/airflow/example_dags/example_branch_python_dop_operator_3.py took 0.105 seconds
[2024-03-23T00:10:40.434+0000] {processor.py:161} INFO - Started process (PID=814) to work on /home/airflow/.local/lib/python3.8/site-packages/airflow/example_dags/example_branch_python_dop_operator_3.py
[2024-03-23T00:10:40.435+0000] {processor.py:830} INFO - Processing file /home/airflow/.local/lib/python3.8/site-packages/airflow/example_dags/example_branch_python_dop_operator_3.py for tasks to queue
[2024-03-23T00:10:40.438+0000] {logging_mixin.py:188} INFO - [2024-03-23T00:10:40.437+0000] {dagbag.py:540} INFO - Filling up the DagBag from /home/airflow/.local/lib/python3.8/site-packages/airflow/example_dags/example_branch_python_dop_operator_3.py
[2024-03-23T00:10:40.449+0000] {processor.py:840} INFO - DAG(s) 'example_branch_dop_operator_v3' retrieved from /home/airflow/.local/lib/python3.8/site-packages/airflow/example_dags/example_branch_python_dop_operator_3.py
[2024-03-23T00:10:40.474+0000] {logging_mixin.py:188} INFO - [2024-03-23T00:10:40.474+0000] {dag.py:3047} INFO - Sync 1 DAGs
[2024-03-23T00:10:40.508+0000] {logging_mixin.py:188} INFO - [2024-03-23T00:10:40.508+0000] {dag.py:3834} INFO - Setting next_dagrun for example_branch_dop_operator_v3 to 2024-03-23 00:09:00+00:00, run_after=2024-03-23 00:10:00+00:00
[2024-03-23T00:10:40.531+0000] {processor.py:183} INFO - Processing /home/airflow/.local/lib/python3.8/site-packages/airflow/example_dags/example_branch_python_dop_operator_3.py took 0.101 seconds
[2024-03-23T00:11:10.921+0000] {processor.py:161} INFO - Started process (PID=869) to work on /home/airflow/.local/lib/python3.8/site-packages/airflow/example_dags/example_branch_python_dop_operator_3.py
[2024-03-23T00:11:10.922+0000] {processor.py:830} INFO - Processing file /home/airflow/.local/lib/python3.8/site-packages/airflow/example_dags/example_branch_python_dop_operator_3.py for tasks to queue
[2024-03-23T00:11:10.924+0000] {logging_mixin.py:188} INFO - [2024-03-23T00:11:10.924+0000] {dagbag.py:540} INFO - Filling up the DagBag from /home/airflow/.local/lib/python3.8/site-packages/airflow/example_dags/example_branch_python_dop_operator_3.py
[2024-03-23T00:11:10.935+0000] {processor.py:840} INFO - DAG(s) 'example_branch_dop_operator_v3' retrieved from /home/airflow/.local/lib/python3.8/site-packages/airflow/example_dags/example_branch_python_dop_operator_3.py
[2024-03-23T00:11:10.959+0000] {logging_mixin.py:188} INFO - [2024-03-23T00:11:10.959+0000] {dag.py:3047} INFO - Sync 1 DAGs
[2024-03-23T00:11:10.992+0000] {logging_mixin.py:188} INFO - [2024-03-23T00:11:10.992+0000] {dag.py:3834} INFO - Setting next_dagrun for example_branch_dop_operator_v3 to 2024-03-23 00:10:00+00:00, run_after=2024-03-23 00:11:00+00:00
[2024-03-23T00:11:11.014+0000] {processor.py:183} INFO - Processing /home/airflow/.local/lib/python3.8/site-packages/airflow/example_dags/example_branch_python_dop_operator_3.py took 0.097 seconds
[2024-03-23T00:11:41.228+0000] {processor.py:161} INFO - Started process (PID=924) to work on /home/airflow/.local/lib/python3.8/site-packages/airflow/example_dags/example_branch_python_dop_operator_3.py
[2024-03-23T00:11:41.229+0000] {processor.py:830} INFO - Processing file /home/airflow/.local/lib/python3.8/site-packages/airflow/example_dags/example_branch_python_dop_operator_3.py for tasks to queue
[2024-03-23T00:11:41.231+0000] {logging_mixin.py:188} INFO - [2024-03-23T00:11:41.231+0000] {dagbag.py:540} INFO - Filling up the DagBag from /home/airflow/.local/lib/python3.8/site-packages/airflow/example_dags/example_branch_python_dop_operator_3.py
[2024-03-23T00:11:41.242+0000] {processor.py:840} INFO - DAG(s) 'example_branch_dop_operator_v3' retrieved from /home/airflow/.local/lib/python3.8/site-packages/airflow/example_dags/example_branch_python_dop_operator_3.py
[2024-03-23T00:11:41.265+0000] {logging_mixin.py:188} INFO - [2024-03-23T00:11:41.265+0000] {dag.py:3047} INFO - Sync 1 DAGs
[2024-03-23T00:11:41.296+0000] {logging_mixin.py:188} INFO - [2024-03-23T00:11:41.296+0000] {dag.py:3834} INFO - Setting next_dagrun for example_branch_dop_operator_v3 to 2024-03-23 00:10:00+00:00, run_after=2024-03-23 00:11:00+00:00
[2024-03-23T00:11:41.316+0000] {processor.py:183} INFO - Processing /home/airflow/.local/lib/python3.8/site-packages/airflow/example_dags/example_branch_python_dop_operator_3.py took 0.093 seconds
[2024-03-23T00:12:11.608+0000] {processor.py:161} INFO - Started process (PID=979) to work on /home/airflow/.local/lib/python3.8/site-packages/airflow/example_dags/example_branch_python_dop_operator_3.py
[2024-03-23T00:12:11.609+0000] {processor.py:830} INFO - Processing file /home/airflow/.local/lib/python3.8/site-packages/airflow/example_dags/example_branch_python_dop_operator_3.py for tasks to queue
[2024-03-23T00:12:11.612+0000] {logging_mixin.py:188} INFO - [2024-03-23T00:12:11.611+0000] {dagbag.py:540} INFO - Filling up the DagBag from /home/airflow/.local/lib/python3.8/site-packages/airflow/example_dags/example_branch_python_dop_operator_3.py
[2024-03-23T00:12:11.623+0000] {processor.py:840} INFO - DAG(s) 'example_branch_dop_operator_v3' retrieved from /home/airflow/.local/lib/python3.8/site-packages/airflow/example_dags/example_branch_python_dop_operator_3.py
[2024-03-23T00:12:11.646+0000] {logging_mixin.py:188} INFO - [2024-03-23T00:12:11.645+0000] {dag.py:3047} INFO - Sync 1 DAGs
[2024-03-23T00:12:11.677+0000] {logging_mixin.py:188} INFO - [2024-03-23T00:12:11.677+0000] {dag.py:3834} INFO - Setting next_dagrun for example_branch_dop_operator_v3 to 2024-03-23 00:11:00+00:00, run_after=2024-03-23 00:12:00+00:00
[2024-03-23T00:12:11.697+0000] {processor.py:183} INFO - Processing /home/airflow/.local/lib/python3.8/site-packages/airflow/example_dags/example_branch_python_dop_operator_3.py took 0.094 seconds
[2024-03-23T00:12:42.136+0000] {processor.py:161} INFO - Started process (PID=1034) to work on /home/airflow/.local/lib/python3.8/site-packages/airflow/example_dags/example_branch_python_dop_operator_3.py
[2024-03-23T00:12:42.138+0000] {processor.py:830} INFO - Processing file /home/airflow/.local/lib/python3.8/site-packages/airflow/example_dags/example_branch_python_dop_operator_3.py for tasks to queue
[2024-03-23T00:12:42.140+0000] {logging_mixin.py:188} INFO - [2024-03-23T00:12:42.139+0000] {dagbag.py:540} INFO - Filling up the DagBag from /home/airflow/.local/lib/python3.8/site-packages/airflow/example_dags/example_branch_python_dop_operator_3.py
[2024-03-23T00:12:42.151+0000] {processor.py:840} INFO - DAG(s) 'example_branch_dop_operator_v3' retrieved from /home/airflow/.local/lib/python3.8/site-packages/airflow/example_dags/example_branch_python_dop_operator_3.py
[2024-03-23T00:12:42.173+0000] {logging_mixin.py:188} INFO - [2024-03-23T00:12:42.172+0000] {dag.py:3047} INFO - Sync 1 DAGs
[2024-03-23T00:12:42.204+0000] {logging_mixin.py:188} INFO - [2024-03-23T00:12:42.204+0000] {dag.py:3834} INFO - Setting next_dagrun for example_branch_dop_operator_v3 to 2024-03-23 00:11:00+00:00, run_after=2024-03-23 00:12:00+00:00
[2024-03-23T00:12:42.224+0000] {processor.py:183} INFO - Processing /home/airflow/.local/lib/python3.8/site-packages/airflow/example_dags/example_branch_python_dop_operator_3.py took 0.091 seconds
[2024-03-23T00:13:12.572+0000] {processor.py:161} INFO - Started process (PID=1089) to work on /home/airflow/.local/lib/python3.8/site-packages/airflow/example_dags/example_branch_python_dop_operator_3.py
[2024-03-23T00:13:12.573+0000] {processor.py:830} INFO - Processing file /home/airflow/.local/lib/python3.8/site-packages/airflow/example_dags/example_branch_python_dop_operator_3.py for tasks to queue
[2024-03-23T00:13:12.575+0000] {logging_mixin.py:188} INFO - [2024-03-23T00:13:12.575+0000] {dagbag.py:540} INFO - Filling up the DagBag from /home/airflow/.local/lib/python3.8/site-packages/airflow/example_dags/example_branch_python_dop_operator_3.py
[2024-03-23T00:13:12.586+0000] {processor.py:840} INFO - DAG(s) 'example_branch_dop_operator_v3' retrieved from /home/airflow/.local/lib/python3.8/site-packages/airflow/example_dags/example_branch_python_dop_operator_3.py
[2024-03-23T00:13:12.609+0000] {logging_mixin.py:188} INFO - [2024-03-23T00:13:12.608+0000] {dag.py:3047} INFO - Sync 1 DAGs
[2024-03-23T00:13:12.639+0000] {logging_mixin.py:188} INFO - [2024-03-23T00:13:12.639+0000] {dag.py:3834} INFO - Setting next_dagrun for example_branch_dop_operator_v3 to 2024-03-23 00:12:00+00:00, run_after=2024-03-23 00:13:00+00:00
[2024-03-23T00:13:12.660+0000] {processor.py:183} INFO - Processing /home/airflow/.local/lib/python3.8/site-packages/airflow/example_dags/example_branch_python_dop_operator_3.py took 0.093 seconds
[2024-03-23T00:13:42.969+0000] {processor.py:161} INFO - Started process (PID=1144) to work on /home/airflow/.local/lib/python3.8/site-packages/airflow/example_dags/example_branch_python_dop_operator_3.py
[2024-03-23T00:13:42.970+0000] {processor.py:830} INFO - Processing file /home/airflow/.local/lib/python3.8/site-packages/airflow/example_dags/example_branch_python_dop_operator_3.py for tasks to queue
[2024-03-23T00:13:42.972+0000] {logging_mixin.py:188} INFO - [2024-03-23T00:13:42.972+0000] {dagbag.py:540} INFO - Filling up the DagBag from /home/airflow/.local/lib/python3.8/site-packages/airflow/example_dags/example_branch_python_dop_operator_3.py
[2024-03-23T00:13:42.984+0000] {processor.py:840} INFO - DAG(s) 'example_branch_dop_operator_v3' retrieved from /home/airflow/.local/lib/python3.8/site-packages/airflow/example_dags/example_branch_python_dop_operator_3.py
[2024-03-23T00:13:43.011+0000] {logging_mixin.py:188} INFO - [2024-03-23T00:13:43.010+0000] {dag.py:3047} INFO - Sync 1 DAGs
[2024-03-23T00:13:43.045+0000] {logging_mixin.py:188} INFO - [2024-03-23T00:13:43.045+0000] {dag.py:3834} INFO - Setting next_dagrun for example_branch_dop_operator_v3 to 2024-03-23 00:12:00+00:00, run_after=2024-03-23 00:13:00+00:00
[2024-03-23T00:13:43.066+0000] {processor.py:183} INFO - Processing /home/airflow/.local/lib/python3.8/site-packages/airflow/example_dags/example_branch_python_dop_operator_3.py took 0.101 seconds
[2024-03-23T00:14:13.565+0000] {processor.py:161} INFO - Started process (PID=1199) to work on /home/airflow/.local/lib/python3.8/site-packages/airflow/example_dags/example_branch_python_dop_operator_3.py
[2024-03-23T00:14:13.567+0000] {processor.py:830} INFO - Processing file /home/airflow/.local/lib/python3.8/site-packages/airflow/example_dags/example_branch_python_dop_operator_3.py for tasks to queue
[2024-03-23T00:14:13.569+0000] {logging_mixin.py:188} INFO - [2024-03-23T00:14:13.569+0000] {dagbag.py:540} INFO - Filling up the DagBag from /home/airflow/.local/lib/python3.8/site-packages/airflow/example_dags/example_branch_python_dop_operator_3.py
[2024-03-23T00:14:13.581+0000] {processor.py:840} INFO - DAG(s) 'example_branch_dop_operator_v3' retrieved from /home/airflow/.local/lib/python3.8/site-packages/airflow/example_dags/example_branch_python_dop_operator_3.py
[2024-03-23T00:14:13.605+0000] {logging_mixin.py:188} INFO - [2024-03-23T00:14:13.604+0000] {dag.py:3047} INFO - Sync 1 DAGs
[2024-03-23T00:14:13.638+0000] {logging_mixin.py:188} INFO - [2024-03-23T00:14:13.638+0000] {dag.py:3834} INFO - Setting next_dagrun for example_branch_dop_operator_v3 to 2024-03-23 00:13:00+00:00, run_after=2024-03-23 00:14:00+00:00
[2024-03-23T00:14:13.660+0000] {processor.py:183} INFO - Processing /home/airflow/.local/lib/python3.8/site-packages/airflow/example_dags/example_branch_python_dop_operator_3.py took 0.098 seconds
[2024-03-23T00:14:44.075+0000] {processor.py:161} INFO - Started process (PID=1254) to work on /home/airflow/.local/lib/python3.8/site-packages/airflow/example_dags/example_branch_python_dop_operator_3.py
[2024-03-23T00:14:44.076+0000] {processor.py:830} INFO - Processing file /home/airflow/.local/lib/python3.8/site-packages/airflow/example_dags/example_branch_python_dop_operator_3.py for tasks to queue
[2024-03-23T00:14:44.078+0000] {logging_mixin.py:188} INFO - [2024-03-23T00:14:44.077+0000] {dagbag.py:540} INFO - Filling up the DagBag from /home/airflow/.local/lib/python3.8/site-packages/airflow/example_dags/example_branch_python_dop_operator_3.py
[2024-03-23T00:14:44.089+0000] {processor.py:840} INFO - DAG(s) 'example_branch_dop_operator_v3' retrieved from /home/airflow/.local/lib/python3.8/site-packages/airflow/example_dags/example_branch_python_dop_operator_3.py
[2024-03-23T00:14:44.111+0000] {logging_mixin.py:188} INFO - [2024-03-23T00:14:44.111+0000] {dag.py:3047} INFO - Sync 1 DAGs
[2024-03-23T00:14:44.143+0000] {logging_mixin.py:188} INFO - [2024-03-23T00:14:44.143+0000] {dag.py:3834} INFO - Setting next_dagrun for example_branch_dop_operator_v3 to 2024-03-23 00:13:00+00:00, run_after=2024-03-23 00:14:00+00:00
[2024-03-23T00:14:44.162+0000] {processor.py:183} INFO - Processing /home/airflow/.local/lib/python3.8/site-packages/airflow/example_dags/example_branch_python_dop_operator_3.py took 0.092 seconds
[2024-03-23T00:15:14.449+0000] {processor.py:161} INFO - Started process (PID=1309) to work on /home/airflow/.local/lib/python3.8/site-packages/airflow/example_dags/example_branch_python_dop_operator_3.py
[2024-03-23T00:15:14.450+0000] {processor.py:830} INFO - Processing file /home/airflow/.local/lib/python3.8/site-packages/airflow/example_dags/example_branch_python_dop_operator_3.py for tasks to queue
[2024-03-23T00:15:14.452+0000] {logging_mixin.py:188} INFO - [2024-03-23T00:15:14.452+0000] {dagbag.py:540} INFO - Filling up the DagBag from /home/airflow/.local/lib/python3.8/site-packages/airflow/example_dags/example_branch_python_dop_operator_3.py
[2024-03-23T00:15:14.463+0000] {processor.py:840} INFO - DAG(s) 'example_branch_dop_operator_v3' retrieved from /home/airflow/.local/lib/python3.8/site-packages/airflow/example_dags/example_branch_python_dop_operator_3.py
[2024-03-23T00:15:14.485+0000] {logging_mixin.py:188} INFO - [2024-03-23T00:15:14.485+0000] {dag.py:3047} INFO - Sync 1 DAGs
[2024-03-23T00:15:14.516+0000] {logging_mixin.py:188} INFO - [2024-03-23T00:15:14.516+0000] {dag.py:3834} INFO - Setting next_dagrun for example_branch_dop_operator_v3 to 2024-03-23 00:14:00+00:00, run_after=2024-03-23 00:15:00+00:00
[2024-03-23T00:15:14.536+0000] {processor.py:183} INFO - Processing /home/airflow/.local/lib/python3.8/site-packages/airflow/example_dags/example_branch_python_dop_operator_3.py took 0.092 seconds
[2024-03-23T00:15:44.722+0000] {processor.py:161} INFO - Started process (PID=1364) to work on /home/airflow/.local/lib/python3.8/site-packages/airflow/example_dags/example_branch_python_dop_operator_3.py
[2024-03-23T00:15:44.723+0000] {processor.py:830} INFO - Processing file /home/airflow/.local/lib/python3.8/site-packages/airflow/example_dags/example_branch_python_dop_operator_3.py for tasks to queue
[2024-03-23T00:15:44.725+0000] {logging_mixin.py:188} INFO - [2024-03-23T00:15:44.725+0000] {dagbag.py:540} INFO - Filling up the DagBag from /home/airflow/.local/lib/python3.8/site-packages/airflow/example_dags/example_branch_python_dop_operator_3.py
[2024-03-23T00:15:44.736+0000] {processor.py:840} INFO - DAG(s) 'example_branch_dop_operator_v3' retrieved from /home/airflow/.local/lib/python3.8/site-packages/airflow/example_dags/example_branch_python_dop_operator_3.py
[2024-03-23T00:15:44.758+0000] {logging_mixin.py:188} INFO - [2024-03-23T00:15:44.758+0000] {dag.py:3047} INFO - Sync 1 DAGs
[2024-03-23T00:15:44.789+0000] {logging_mixin.py:188} INFO - [2024-03-23T00:15:44.789+0000] {dag.py:3834} INFO - Setting next_dagrun for example_branch_dop_operator_v3 to 2024-03-23 00:14:00+00:00, run_after=2024-03-23 00:15:00+00:00
[2024-03-23T00:15:44.808+0000] {processor.py:183} INFO - Processing /home/airflow/.local/lib/python3.8/site-packages/airflow/example_dags/example_branch_python_dop_operator_3.py took 0.091 seconds
[2024-03-23T00:16:15.259+0000] {processor.py:161} INFO - Started process (PID=1419) to work on /home/airflow/.local/lib/python3.8/site-packages/airflow/example_dags/example_branch_python_dop_operator_3.py
[2024-03-23T00:16:15.260+0000] {processor.py:830} INFO - Processing file /home/airflow/.local/lib/python3.8/site-packages/airflow/example_dags/example_branch_python_dop_operator_3.py for tasks to queue
[2024-03-23T00:16:15.262+0000] {logging_mixin.py:188} INFO - [2024-03-23T00:16:15.262+0000] {dagbag.py:540} INFO - Filling up the DagBag from /home/airflow/.local/lib/python3.8/site-packages/airflow/example_dags/example_branch_python_dop_operator_3.py
[2024-03-23T00:16:15.273+0000] {processor.py:840} INFO - DAG(s) 'example_branch_dop_operator_v3' retrieved from /home/airflow/.local/lib/python3.8/site-packages/airflow/example_dags/example_branch_python_dop_operator_3.py
[2024-03-23T00:16:15.295+0000] {logging_mixin.py:188} INFO - [2024-03-23T00:16:15.295+0000] {dag.py:3047} INFO - Sync 1 DAGs
[2024-03-23T00:16:15.326+0000] {logging_mixin.py:188} INFO - [2024-03-23T00:16:15.326+0000] {dag.py:3834} INFO - Setting next_dagrun for example_branch_dop_operator_v3 to 2024-03-23 00:15:00+00:00, run_after=2024-03-23 00:16:00+00:00
[2024-03-23T00:16:15.345+0000] {processor.py:183} INFO - Processing /home/airflow/.local/lib/python3.8/site-packages/airflow/example_dags/example_branch_python_dop_operator_3.py took 0.091 seconds
[2024-03-23T00:16:45.466+0000] {processor.py:161} INFO - Started process (PID=1474) to work on /home/airflow/.local/lib/python3.8/site-packages/airflow/example_dags/example_branch_python_dop_operator_3.py
[2024-03-23T00:16:45.468+0000] {processor.py:830} INFO - Processing file /home/airflow/.local/lib/python3.8/site-packages/airflow/example_dags/example_branch_python_dop_operator_3.py for tasks to queue
[2024-03-23T00:16:45.470+0000] {logging_mixin.py:188} INFO - [2024-03-23T00:16:45.469+0000] {dagbag.py:540} INFO - Filling up the DagBag from /home/airflow/.local/lib/python3.8/site-packages/airflow/example_dags/example_branch_python_dop_operator_3.py
[2024-03-23T00:16:45.481+0000] {processor.py:840} INFO - DAG(s) 'example_branch_dop_operator_v3' retrieved from /home/airflow/.local/lib/python3.8/site-packages/airflow/example_dags/example_branch_python_dop_operator_3.py
[2024-03-23T00:16:45.503+0000] {logging_mixin.py:188} INFO - [2024-03-23T00:16:45.503+0000] {dag.py:3047} INFO - Sync 1 DAGs
[2024-03-23T00:16:45.534+0000] {logging_mixin.py:188} INFO - [2024-03-23T00:16:45.533+0000] {dag.py:3834} INFO - Setting next_dagrun for example_branch_dop_operator_v3 to 2024-03-23 00:15:00+00:00, run_after=2024-03-23 00:16:00+00:00
[2024-03-23T00:16:45.552+0000] {processor.py:183} INFO - Processing /home/airflow/.local/lib/python3.8/site-packages/airflow/example_dags/example_branch_python_dop_operator_3.py took 0.090 seconds
[2024-03-23T00:17:15.724+0000] {processor.py:161} INFO - Started process (PID=1529) to work on /home/airflow/.local/lib/python3.8/site-packages/airflow/example_dags/example_branch_python_dop_operator_3.py
[2024-03-23T00:17:15.725+0000] {processor.py:830} INFO - Processing file /home/airflow/.local/lib/python3.8/site-packages/airflow/example_dags/example_branch_python_dop_operator_3.py for tasks to queue
[2024-03-23T00:17:15.727+0000] {logging_mixin.py:188} INFO - [2024-03-23T00:17:15.727+0000] {dagbag.py:540} INFO - Filling up the DagBag from /home/airflow/.local/lib/python3.8/site-packages/airflow/example_dags/example_branch_python_dop_operator_3.py
[2024-03-23T00:17:15.738+0000] {processor.py:840} INFO - DAG(s) 'example_branch_dop_operator_v3' retrieved from /home/airflow/.local/lib/python3.8/site-packages/airflow/example_dags/example_branch_python_dop_operator_3.py
[2024-03-23T00:17:15.761+0000] {logging_mixin.py:188} INFO - [2024-03-23T00:17:15.760+0000] {dag.py:3047} INFO - Sync 1 DAGs
[2024-03-23T00:17:15.791+0000] {logging_mixin.py:188} INFO - [2024-03-23T00:17:15.790+0000] {dag.py:3834} INFO - Setting next_dagrun for example_branch_dop_operator_v3 to 2024-03-23 00:16:00+00:00, run_after=2024-03-23 00:17:00+00:00
[2024-03-23T00:17:15.810+0000] {processor.py:183} INFO - Processing /home/airflow/.local/lib/python3.8/site-packages/airflow/example_dags/example_branch_python_dop_operator_3.py took 0.089 seconds
[2024-03-23T00:17:46.251+0000] {processor.py:161} INFO - Started process (PID=1584) to work on /home/airflow/.local/lib/python3.8/site-packages/airflow/example_dags/example_branch_python_dop_operator_3.py
[2024-03-23T00:17:46.253+0000] {processor.py:830} INFO - Processing file /home/airflow/.local/lib/python3.8/site-packages/airflow/example_dags/example_branch_python_dop_operator_3.py for tasks to queue
[2024-03-23T00:17:46.256+0000] {logging_mixin.py:188} INFO - [2024-03-23T00:17:46.255+0000] {dagbag.py:540} INFO - Filling up the DagBag from /home/airflow/.local/lib/python3.8/site-packages/airflow/example_dags/example_branch_python_dop_operator_3.py
[2024-03-23T00:17:46.269+0000] {processor.py:840} INFO - DAG(s) 'example_branch_dop_operator_v3' retrieved from /home/airflow/.local/lib/python3.8/site-packages/airflow/example_dags/example_branch_python_dop_operator_3.py
[2024-03-23T00:17:46.296+0000] {logging_mixin.py:188} INFO - [2024-03-23T00:17:46.296+0000] {dag.py:3047} INFO - Sync 1 DAGs
[2024-03-23T00:17:46.333+0000] {logging_mixin.py:188} INFO - [2024-03-23T00:17:46.333+0000] {dag.py:3834} INFO - Setting next_dagrun for example_branch_dop_operator_v3 to 2024-03-23 00:16:00+00:00, run_after=2024-03-23 00:17:00+00:00
[2024-03-23T00:17:46.357+0000] {processor.py:183} INFO - Processing /home/airflow/.local/lib/python3.8/site-packages/airflow/example_dags/example_branch_python_dop_operator_3.py took 0.110 seconds
[2024-03-23T00:18:16.643+0000] {processor.py:161} INFO - Started process (PID=1639) to work on /home/airflow/.local/lib/python3.8/site-packages/airflow/example_dags/example_branch_python_dop_operator_3.py
[2024-03-23T00:18:16.645+0000] {processor.py:830} INFO - Processing file /home/airflow/.local/lib/python3.8/site-packages/airflow/example_dags/example_branch_python_dop_operator_3.py for tasks to queue
[2024-03-23T00:18:16.647+0000] {logging_mixin.py:188} INFO - [2024-03-23T00:18:16.646+0000] {dagbag.py:540} INFO - Filling up the DagBag from /home/airflow/.local/lib/python3.8/site-packages/airflow/example_dags/example_branch_python_dop_operator_3.py
[2024-03-23T00:18:16.657+0000] {processor.py:840} INFO - DAG(s) 'example_branch_dop_operator_v3' retrieved from /home/airflow/.local/lib/python3.8/site-packages/airflow/example_dags/example_branch_python_dop_operator_3.py
[2024-03-23T00:18:16.679+0000] {logging_mixin.py:188} INFO - [2024-03-23T00:18:16.679+0000] {dag.py:3047} INFO - Sync 1 DAGs
[2024-03-23T00:18:16.709+0000] {logging_mixin.py:188} INFO - [2024-03-23T00:18:16.709+0000] {dag.py:3834} INFO - Setting next_dagrun for example_branch_dop_operator_v3 to 2024-03-23 00:17:00+00:00, run_after=2024-03-23 00:18:00+00:00
[2024-03-23T00:18:16.729+0000] {processor.py:183} INFO - Processing /home/airflow/.local/lib/python3.8/site-packages/airflow/example_dags/example_branch_python_dop_operator_3.py took 0.090 seconds
[2024-03-23T00:18:47.151+0000] {processor.py:161} INFO - Started process (PID=1694) to work on /home/airflow/.local/lib/python3.8/site-packages/airflow/example_dags/example_branch_python_dop_operator_3.py
[2024-03-23T00:18:47.152+0000] {processor.py:830} INFO - Processing file /home/airflow/.local/lib/python3.8/site-packages/airflow/example_dags/example_branch_python_dop_operator_3.py for tasks to queue
[2024-03-23T00:18:47.154+0000] {logging_mixin.py:188} INFO - [2024-03-23T00:18:47.154+0000] {dagbag.py:540} INFO - Filling up the DagBag from /home/airflow/.local/lib/python3.8/site-packages/airflow/example_dags/example_branch_python_dop_operator_3.py
[2024-03-23T00:18:47.165+0000] {processor.py:840} INFO - DAG(s) 'example_branch_dop_operator_v3' retrieved from /home/airflow/.local/lib/python3.8/site-packages/airflow/example_dags/example_branch_python_dop_operator_3.py
[2024-03-23T00:18:47.187+0000] {logging_mixin.py:188} INFO - [2024-03-23T00:18:47.187+0000] {dag.py:3047} INFO - Sync 1 DAGs
[2024-03-23T00:18:47.219+0000] {logging_mixin.py:188} INFO - [2024-03-23T00:18:47.219+0000] {dag.py:3834} INFO - Setting next_dagrun for example_branch_dop_operator_v3 to 2024-03-23 00:17:00+00:00, run_after=2024-03-23 00:18:00+00:00
[2024-03-23T00:18:47.239+0000] {processor.py:183} INFO - Processing /home/airflow/.local/lib/python3.8/site-packages/airflow/example_dags/example_branch_python_dop_operator_3.py took 0.092 seconds
[2024-03-23T00:19:17.432+0000] {processor.py:161} INFO - Started process (PID=1749) to work on /home/airflow/.local/lib/python3.8/site-packages/airflow/example_dags/example_branch_python_dop_operator_3.py
[2024-03-23T00:19:17.434+0000] {processor.py:830} INFO - Processing file /home/airflow/.local/lib/python3.8/site-packages/airflow/example_dags/example_branch_python_dop_operator_3.py for tasks to queue
[2024-03-23T00:19:17.436+0000] {logging_mixin.py:188} INFO - [2024-03-23T00:19:17.435+0000] {dagbag.py:540} INFO - Filling up the DagBag from /home/airflow/.local/lib/python3.8/site-packages/airflow/example_dags/example_branch_python_dop_operator_3.py
[2024-03-23T00:19:17.446+0000] {processor.py:840} INFO - DAG(s) 'example_branch_dop_operator_v3' retrieved from /home/airflow/.local/lib/python3.8/site-packages/airflow/example_dags/example_branch_python_dop_operator_3.py
[2024-03-23T00:19:17.468+0000] {logging_mixin.py:188} INFO - [2024-03-23T00:19:17.468+0000] {dag.py:3047} INFO - Sync 1 DAGs
[2024-03-23T00:19:17.499+0000] {logging_mixin.py:188} INFO - [2024-03-23T00:19:17.499+0000] {dag.py:3834} INFO - Setting next_dagrun for example_branch_dop_operator_v3 to 2024-03-23 00:18:00+00:00, run_after=2024-03-23 00:19:00+00:00
[2024-03-23T00:19:17.518+0000] {processor.py:183} INFO - Processing /home/airflow/.local/lib/python3.8/site-packages/airflow/example_dags/example_branch_python_dop_operator_3.py took 0.090 seconds
[2024-03-23T00:19:47.984+0000] {processor.py:161} INFO - Started process (PID=1804) to work on /home/airflow/.local/lib/python3.8/site-packages/airflow/example_dags/example_branch_python_dop_operator_3.py
[2024-03-23T00:19:47.986+0000] {processor.py:830} INFO - Processing file /home/airflow/.local/lib/python3.8/site-packages/airflow/example_dags/example_branch_python_dop_operator_3.py for tasks to queue
[2024-03-23T00:19:47.988+0000] {logging_mixin.py:188} INFO - [2024-03-23T00:19:47.987+0000] {dagbag.py:540} INFO - Filling up the DagBag from /home/airflow/.local/lib/python3.8/site-packages/airflow/example_dags/example_branch_python_dop_operator_3.py
[2024-03-23T00:19:47.999+0000] {processor.py:840} INFO - DAG(s) 'example_branch_dop_operator_v3' retrieved from /home/airflow/.local/lib/python3.8/site-packages/airflow/example_dags/example_branch_python_dop_operator_3.py
[2024-03-23T00:19:48.021+0000] {logging_mixin.py:188} INFO - [2024-03-23T00:19:48.020+0000] {dag.py:3047} INFO - Sync 1 DAGs
[2024-03-23T00:19:48.051+0000] {logging_mixin.py:188} INFO - [2024-03-23T00:19:48.051+0000] {dag.py:3834} INFO - Setting next_dagrun for example_branch_dop_operator_v3 to 2024-03-23 00:18:00+00:00, run_after=2024-03-23 00:19:00+00:00
[2024-03-23T00:19:48.070+0000] {processor.py:183} INFO - Processing /home/airflow/.local/lib/python3.8/site-packages/airflow/example_dags/example_branch_python_dop_operator_3.py took 0.089 seconds
[2024-03-23T00:20:18.581+0000] {processor.py:161} INFO - Started process (PID=1859) to work on /home/airflow/.local/lib/python3.8/site-packages/airflow/example_dags/example_branch_python_dop_operator_3.py
[2024-03-23T00:20:18.582+0000] {processor.py:830} INFO - Processing file /home/airflow/.local/lib/python3.8/site-packages/airflow/example_dags/example_branch_python_dop_operator_3.py for tasks to queue
[2024-03-23T00:20:18.585+0000] {logging_mixin.py:188} INFO - [2024-03-23T00:20:18.584+0000] {dagbag.py:540} INFO - Filling up the DagBag from /home/airflow/.local/lib/python3.8/site-packages/airflow/example_dags/example_branch_python_dop_operator_3.py
[2024-03-23T00:20:18.597+0000] {processor.py:840} INFO - DAG(s) 'example_branch_dop_operator_v3' retrieved from /home/airflow/.local/lib/python3.8/site-packages/airflow/example_dags/example_branch_python_dop_operator_3.py
[2024-03-23T00:20:18.625+0000] {logging_mixin.py:188} INFO - [2024-03-23T00:20:18.624+0000] {dag.py:3047} INFO - Sync 1 DAGs
[2024-03-23T00:20:18.658+0000] {logging_mixin.py:188} INFO - [2024-03-23T00:20:18.657+0000] {dag.py:3834} INFO - Setting next_dagrun for example_branch_dop_operator_v3 to 2024-03-23 00:19:00+00:00, run_after=2024-03-23 00:20:00+00:00
[2024-03-23T00:20:18.679+0000] {processor.py:183} INFO - Processing /home/airflow/.local/lib/python3.8/site-packages/airflow/example_dags/example_branch_python_dop_operator_3.py took 0.103 seconds
[2024-03-23T00:20:49.016+0000] {processor.py:161} INFO - Started process (PID=1914) to work on /home/airflow/.local/lib/python3.8/site-packages/airflow/example_dags/example_branch_python_dop_operator_3.py
[2024-03-23T00:20:49.017+0000] {processor.py:830} INFO - Processing file /home/airflow/.local/lib/python3.8/site-packages/airflow/example_dags/example_branch_python_dop_operator_3.py for tasks to queue
[2024-03-23T00:20:49.019+0000] {logging_mixin.py:188} INFO - [2024-03-23T00:20:49.019+0000] {dagbag.py:540} INFO - Filling up the DagBag from /home/airflow/.local/lib/python3.8/site-packages/airflow/example_dags/example_branch_python_dop_operator_3.py
[2024-03-23T00:20:49.031+0000] {processor.py:840} INFO - DAG(s) 'example_branch_dop_operator_v3' retrieved from /home/airflow/.local/lib/python3.8/site-packages/airflow/example_dags/example_branch_python_dop_operator_3.py
[2024-03-23T00:20:49.056+0000] {logging_mixin.py:188} INFO - [2024-03-23T00:20:49.055+0000] {dag.py:3047} INFO - Sync 1 DAGs
[2024-03-23T00:20:49.087+0000] {logging_mixin.py:188} INFO - [2024-03-23T00:20:49.087+0000] {dag.py:3834} INFO - Setting next_dagrun for example_branch_dop_operator_v3 to 2024-03-23 00:19:00+00:00, run_after=2024-03-23 00:20:00+00:00
[2024-03-23T00:20:49.107+0000] {processor.py:183} INFO - Processing /home/airflow/.local/lib/python3.8/site-packages/airflow/example_dags/example_branch_python_dop_operator_3.py took 0.096 seconds
[2024-03-23T00:21:19.167+0000] {processor.py:161} INFO - Started process (PID=1969) to work on /home/airflow/.local/lib/python3.8/site-packages/airflow/example_dags/example_branch_python_dop_operator_3.py
[2024-03-23T00:21:19.168+0000] {processor.py:830} INFO - Processing file /home/airflow/.local/lib/python3.8/site-packages/airflow/example_dags/example_branch_python_dop_operator_3.py for tasks to queue
[2024-03-23T00:21:19.170+0000] {logging_mixin.py:188} INFO - [2024-03-23T00:21:19.170+0000] {dagbag.py:540} INFO - Filling up the DagBag from /home/airflow/.local/lib/python3.8/site-packages/airflow/example_dags/example_branch_python_dop_operator_3.py
[2024-03-23T00:21:19.183+0000] {processor.py:840} INFO - DAG(s) 'example_branch_dop_operator_v3' retrieved from /home/airflow/.local/lib/python3.8/site-packages/airflow/example_dags/example_branch_python_dop_operator_3.py
[2024-03-23T00:21:19.209+0000] {logging_mixin.py:188} INFO - [2024-03-23T00:21:19.209+0000] {dag.py:3047} INFO - Sync 1 DAGs
[2024-03-23T00:21:19.243+0000] {logging_mixin.py:188} INFO - [2024-03-23T00:21:19.243+0000] {dag.py:3834} INFO - Setting next_dagrun for example_branch_dop_operator_v3 to 2024-03-23 00:20:00+00:00, run_after=2024-03-23 00:21:00+00:00
[2024-03-23T00:21:19.263+0000] {processor.py:183} INFO - Processing /home/airflow/.local/lib/python3.8/site-packages/airflow/example_dags/example_branch_python_dop_operator_3.py took 0.101 seconds
[2024-03-23T00:21:49.504+0000] {processor.py:161} INFO - Started process (PID=2024) to work on /home/airflow/.local/lib/python3.8/site-packages/airflow/example_dags/example_branch_python_dop_operator_3.py
[2024-03-23T00:21:49.505+0000] {processor.py:830} INFO - Processing file /home/airflow/.local/lib/python3.8/site-packages/airflow/example_dags/example_branch_python_dop_operator_3.py for tasks to queue
[2024-03-23T00:21:49.507+0000] {logging_mixin.py:188} INFO - [2024-03-23T00:21:49.507+0000] {dagbag.py:540} INFO - Filling up the DagBag from /home/airflow/.local/lib/python3.8/site-packages/airflow/example_dags/example_branch_python_dop_operator_3.py
[2024-03-23T00:21:49.519+0000] {processor.py:840} INFO - DAG(s) 'example_branch_dop_operator_v3' retrieved from /home/airflow/.local/lib/python3.8/site-packages/airflow/example_dags/example_branch_python_dop_operator_3.py
[2024-03-23T00:21:49.542+0000] {logging_mixin.py:188} INFO - [2024-03-23T00:21:49.541+0000] {dag.py:3047} INFO - Sync 1 DAGs
[2024-03-23T00:21:49.572+0000] {logging_mixin.py:188} INFO - [2024-03-23T00:21:49.572+0000] {dag.py:3834} INFO - Setting next_dagrun for example_branch_dop_operator_v3 to 2024-03-23 00:20:00+00:00, run_after=2024-03-23 00:21:00+00:00
[2024-03-23T00:21:49.591+0000] {processor.py:183} INFO - Processing /home/airflow/.local/lib/python3.8/site-packages/airflow/example_dags/example_branch_python_dop_operator_3.py took 0.091 seconds
[2024-03-23T00:22:19.914+0000] {processor.py:161} INFO - Started process (PID=2085) to work on /home/airflow/.local/lib/python3.8/site-packages/airflow/example_dags/example_branch_python_dop_operator_3.py
[2024-03-23T00:22:19.915+0000] {processor.py:830} INFO - Processing file /home/airflow/.local/lib/python3.8/site-packages/airflow/example_dags/example_branch_python_dop_operator_3.py for tasks to queue
[2024-03-23T00:22:19.917+0000] {logging_mixin.py:188} INFO - [2024-03-23T00:22:19.917+0000] {dagbag.py:540} INFO - Filling up the DagBag from /home/airflow/.local/lib/python3.8/site-packages/airflow/example_dags/example_branch_python_dop_operator_3.py
[2024-03-23T00:22:19.928+0000] {processor.py:840} INFO - DAG(s) 'example_branch_dop_operator_v3' retrieved from /home/airflow/.local/lib/python3.8/site-packages/airflow/example_dags/example_branch_python_dop_operator_3.py
[2024-03-23T00:22:19.951+0000] {logging_mixin.py:188} INFO - [2024-03-23T00:22:19.951+0000] {dag.py:3047} INFO - Sync 1 DAGs
[2024-03-23T00:22:19.984+0000] {logging_mixin.py:188} INFO - [2024-03-23T00:22:19.984+0000] {dag.py:3834} INFO - Setting next_dagrun for example_branch_dop_operator_v3 to 2024-03-23 00:21:00+00:00, run_after=2024-03-23 00:22:00+00:00
[2024-03-23T00:22:20.005+0000] {processor.py:183} INFO - Processing /home/airflow/.local/lib/python3.8/site-packages/airflow/example_dags/example_branch_python_dop_operator_3.py took 0.096 seconds
[2024-03-23T00:22:50.349+0000] {processor.py:161} INFO - Started process (PID=2140) to work on /home/airflow/.local/lib/python3.8/site-packages/airflow/example_dags/example_branch_python_dop_operator_3.py
[2024-03-23T00:22:50.351+0000] {processor.py:830} INFO - Processing file /home/airflow/.local/lib/python3.8/site-packages/airflow/example_dags/example_branch_python_dop_operator_3.py for tasks to queue
[2024-03-23T00:22:50.353+0000] {logging_mixin.py:188} INFO - [2024-03-23T00:22:50.352+0000] {dagbag.py:540} INFO - Filling up the DagBag from /home/airflow/.local/lib/python3.8/site-packages/airflow/example_dags/example_branch_python_dop_operator_3.py
[2024-03-23T00:22:50.364+0000] {processor.py:840} INFO - DAG(s) 'example_branch_dop_operator_v3' retrieved from /home/airflow/.local/lib/python3.8/site-packages/airflow/example_dags/example_branch_python_dop_operator_3.py
[2024-03-23T00:22:50.387+0000] {logging_mixin.py:188} INFO - [2024-03-23T00:22:50.386+0000] {dag.py:3047} INFO - Sync 1 DAGs
[2024-03-23T00:22:50.418+0000] {logging_mixin.py:188} INFO - [2024-03-23T00:22:50.417+0000] {dag.py:3834} INFO - Setting next_dagrun for example_branch_dop_operator_v3 to 2024-03-23 00:21:00+00:00, run_after=2024-03-23 00:22:00+00:00
[2024-03-23T00:22:50.437+0000] {processor.py:183} INFO - Processing /home/airflow/.local/lib/python3.8/site-packages/airflow/example_dags/example_branch_python_dop_operator_3.py took 0.091 seconds
[2024-03-23T00:23:21.083+0000] {processor.py:161} INFO - Started process (PID=2193) to work on /home/airflow/.local/lib/python3.8/site-packages/airflow/example_dags/example_branch_python_dop_operator_3.py
[2024-03-23T00:23:21.084+0000] {processor.py:830} INFO - Processing file /home/airflow/.local/lib/python3.8/site-packages/airflow/example_dags/example_branch_python_dop_operator_3.py for tasks to queue
[2024-03-23T00:23:21.086+0000] {logging_mixin.py:188} INFO - [2024-03-23T00:23:21.085+0000] {dagbag.py:540} INFO - Filling up the DagBag from /home/airflow/.local/lib/python3.8/site-packages/airflow/example_dags/example_branch_python_dop_operator_3.py
[2024-03-23T00:23:21.097+0000] {processor.py:840} INFO - DAG(s) 'example_branch_dop_operator_v3' retrieved from /home/airflow/.local/lib/python3.8/site-packages/airflow/example_dags/example_branch_python_dop_operator_3.py
[2024-03-23T00:23:21.120+0000] {logging_mixin.py:188} INFO - [2024-03-23T00:23:21.120+0000] {dag.py:3047} INFO - Sync 1 DAGs
[2024-03-23T00:23:21.155+0000] {logging_mixin.py:188} INFO - [2024-03-23T00:23:21.154+0000] {dag.py:3834} INFO - Setting next_dagrun for example_branch_dop_operator_v3 to 2024-03-23 00:22:00+00:00, run_after=2024-03-23 00:23:00+00:00
[2024-03-23T00:23:21.178+0000] {processor.py:183} INFO - Processing /home/airflow/.local/lib/python3.8/site-packages/airflow/example_dags/example_branch_python_dop_operator_3.py took 0.100 seconds
[2024-03-23T00:23:51.488+0000] {processor.py:161} INFO - Started process (PID=2248) to work on /home/airflow/.local/lib/python3.8/site-packages/airflow/example_dags/example_branch_python_dop_operator_3.py
[2024-03-23T00:23:51.489+0000] {processor.py:830} INFO - Processing file /home/airflow/.local/lib/python3.8/site-packages/airflow/example_dags/example_branch_python_dop_operator_3.py for tasks to queue
[2024-03-23T00:23:51.491+0000] {logging_mixin.py:188} INFO - [2024-03-23T00:23:51.491+0000] {dagbag.py:540} INFO - Filling up the DagBag from /home/airflow/.local/lib/python3.8/site-packages/airflow/example_dags/example_branch_python_dop_operator_3.py
[2024-03-23T00:23:51.502+0000] {processor.py:840} INFO - DAG(s) 'example_branch_dop_operator_v3' retrieved from /home/airflow/.local/lib/python3.8/site-packages/airflow/example_dags/example_branch_python_dop_operator_3.py
[2024-03-23T00:23:51.524+0000] {logging_mixin.py:188} INFO - [2024-03-23T00:23:51.524+0000] {dag.py:3047} INFO - Sync 1 DAGs
[2024-03-23T00:23:51.556+0000] {logging_mixin.py:188} INFO - [2024-03-23T00:23:51.555+0000] {dag.py:3834} INFO - Setting next_dagrun for example_branch_dop_operator_v3 to 2024-03-23 00:22:00+00:00, run_after=2024-03-23 00:23:00+00:00
[2024-03-23T00:23:51.575+0000] {processor.py:183} INFO - Processing /home/airflow/.local/lib/python3.8/site-packages/airflow/example_dags/example_branch_python_dop_operator_3.py took 0.091 seconds
[2024-03-23T00:24:21.746+0000] {processor.py:161} INFO - Started process (PID=2303) to work on /home/airflow/.local/lib/python3.8/site-packages/airflow/example_dags/example_branch_python_dop_operator_3.py
[2024-03-23T00:24:21.747+0000] {processor.py:830} INFO - Processing file /home/airflow/.local/lib/python3.8/site-packages/airflow/example_dags/example_branch_python_dop_operator_3.py for tasks to queue
[2024-03-23T00:24:21.749+0000] {logging_mixin.py:188} INFO - [2024-03-23T00:24:21.749+0000] {dagbag.py:540} INFO - Filling up the DagBag from /home/airflow/.local/lib/python3.8/site-packages/airflow/example_dags/example_branch_python_dop_operator_3.py
[2024-03-23T00:24:21.760+0000] {processor.py:840} INFO - DAG(s) 'example_branch_dop_operator_v3' retrieved from /home/airflow/.local/lib/python3.8/site-packages/airflow/example_dags/example_branch_python_dop_operator_3.py
[2024-03-23T00:24:21.784+0000] {logging_mixin.py:188} INFO - [2024-03-23T00:24:21.783+0000] {dag.py:3047} INFO - Sync 1 DAGs
[2024-03-23T00:24:21.816+0000] {logging_mixin.py:188} INFO - [2024-03-23T00:24:21.815+0000] {dag.py:3834} INFO - Setting next_dagrun for example_branch_dop_operator_v3 to 2024-03-23 00:23:00+00:00, run_after=2024-03-23 00:24:00+00:00
[2024-03-23T00:24:21.837+0000] {processor.py:183} INFO - Processing /home/airflow/.local/lib/python3.8/site-packages/airflow/example_dags/example_branch_python_dop_operator_3.py took 0.095 seconds
[2024-03-23T00:24:52.082+0000] {processor.py:161} INFO - Started process (PID=2358) to work on /home/airflow/.local/lib/python3.8/site-packages/airflow/example_dags/example_branch_python_dop_operator_3.py
[2024-03-23T00:24:52.084+0000] {processor.py:830} INFO - Processing file /home/airflow/.local/lib/python3.8/site-packages/airflow/example_dags/example_branch_python_dop_operator_3.py for tasks to queue
[2024-03-23T00:24:52.086+0000] {logging_mixin.py:188} INFO - [2024-03-23T00:24:52.085+0000] {dagbag.py:540} INFO - Filling up the DagBag from /home/airflow/.local/lib/python3.8/site-packages/airflow/example_dags/example_branch_python_dop_operator_3.py
[2024-03-23T00:24:52.097+0000] {processor.py:840} INFO - DAG(s) 'example_branch_dop_operator_v3' retrieved from /home/airflow/.local/lib/python3.8/site-packages/airflow/example_dags/example_branch_python_dop_operator_3.py
[2024-03-23T00:24:52.119+0000] {logging_mixin.py:188} INFO - [2024-03-23T00:24:52.119+0000] {dag.py:3047} INFO - Sync 1 DAGs
[2024-03-23T00:24:52.149+0000] {logging_mixin.py:188} INFO - [2024-03-23T00:24:52.149+0000] {dag.py:3834} INFO - Setting next_dagrun for example_branch_dop_operator_v3 to 2024-03-23 00:23:00+00:00, run_after=2024-03-23 00:24:00+00:00
[2024-03-23T00:24:52.168+0000] {processor.py:183} INFO - Processing /home/airflow/.local/lib/python3.8/site-packages/airflow/example_dags/example_branch_python_dop_operator_3.py took 0.090 seconds
[2024-03-23T00:25:22.374+0000] {processor.py:161} INFO - Started process (PID=2413) to work on /home/airflow/.local/lib/python3.8/site-packages/airflow/example_dags/example_branch_python_dop_operator_3.py
[2024-03-23T00:25:22.375+0000] {processor.py:830} INFO - Processing file /home/airflow/.local/lib/python3.8/site-packages/airflow/example_dags/example_branch_python_dop_operator_3.py for tasks to queue
[2024-03-23T00:25:22.377+0000] {logging_mixin.py:188} INFO - [2024-03-23T00:25:22.377+0000] {dagbag.py:540} INFO - Filling up the DagBag from /home/airflow/.local/lib/python3.8/site-packages/airflow/example_dags/example_branch_python_dop_operator_3.py
[2024-03-23T00:25:22.389+0000] {processor.py:840} INFO - DAG(s) 'example_branch_dop_operator_v3' retrieved from /home/airflow/.local/lib/python3.8/site-packages/airflow/example_dags/example_branch_python_dop_operator_3.py
[2024-03-23T00:25:22.412+0000] {logging_mixin.py:188} INFO - [2024-03-23T00:25:22.412+0000] {dag.py:3047} INFO - Sync 1 DAGs
[2024-03-23T00:25:22.444+0000] {logging_mixin.py:188} INFO - [2024-03-23T00:25:22.443+0000] {dag.py:3834} INFO - Setting next_dagrun for example_branch_dop_operator_v3 to 2024-03-23 00:24:00+00:00, run_after=2024-03-23 00:25:00+00:00
[2024-03-23T00:25:22.463+0000] {processor.py:183} INFO - Processing /home/airflow/.local/lib/python3.8/site-packages/airflow/example_dags/example_branch_python_dop_operator_3.py took 0.093 seconds
[2024-03-23T00:25:52.644+0000] {processor.py:161} INFO - Started process (PID=2468) to work on /home/airflow/.local/lib/python3.8/site-packages/airflow/example_dags/example_branch_python_dop_operator_3.py
[2024-03-23T00:25:52.645+0000] {processor.py:830} INFO - Processing file /home/airflow/.local/lib/python3.8/site-packages/airflow/example_dags/example_branch_python_dop_operator_3.py for tasks to queue
[2024-03-23T00:25:52.648+0000] {logging_mixin.py:188} INFO - [2024-03-23T00:25:52.647+0000] {dagbag.py:540} INFO - Filling up the DagBag from /home/airflow/.local/lib/python3.8/site-packages/airflow/example_dags/example_branch_python_dop_operator_3.py
[2024-03-23T00:25:52.658+0000] {processor.py:840} INFO - DAG(s) 'example_branch_dop_operator_v3' retrieved from /home/airflow/.local/lib/python3.8/site-packages/airflow/example_dags/example_branch_python_dop_operator_3.py
[2024-03-23T00:25:52.681+0000] {logging_mixin.py:188} INFO - [2024-03-23T00:25:52.681+0000] {dag.py:3047} INFO - Sync 1 DAGs
[2024-03-23T00:25:52.712+0000] {logging_mixin.py:188} INFO - [2024-03-23T00:25:52.712+0000] {dag.py:3834} INFO - Setting next_dagrun for example_branch_dop_operator_v3 to 2024-03-23 00:24:00+00:00, run_after=2024-03-23 00:25:00+00:00
[2024-03-23T00:25:52.732+0000] {processor.py:183} INFO - Processing /home/airflow/.local/lib/python3.8/site-packages/airflow/example_dags/example_branch_python_dop_operator_3.py took 0.092 seconds
[2024-03-23T00:26:22.888+0000] {processor.py:161} INFO - Started process (PID=2523) to work on /home/airflow/.local/lib/python3.8/site-packages/airflow/example_dags/example_branch_python_dop_operator_3.py
[2024-03-23T00:26:22.889+0000] {processor.py:830} INFO - Processing file /home/airflow/.local/lib/python3.8/site-packages/airflow/example_dags/example_branch_python_dop_operator_3.py for tasks to queue
[2024-03-23T00:26:22.891+0000] {logging_mixin.py:188} INFO - [2024-03-23T00:26:22.891+0000] {dagbag.py:540} INFO - Filling up the DagBag from /home/airflow/.local/lib/python3.8/site-packages/airflow/example_dags/example_branch_python_dop_operator_3.py
[2024-03-23T00:26:22.902+0000] {processor.py:840} INFO - DAG(s) 'example_branch_dop_operator_v3' retrieved from /home/airflow/.local/lib/python3.8/site-packages/airflow/example_dags/example_branch_python_dop_operator_3.py
[2024-03-23T00:26:22.928+0000] {logging_mixin.py:188} INFO - [2024-03-23T00:26:22.928+0000] {dag.py:3047} INFO - Sync 1 DAGs
[2024-03-23T00:26:22.961+0000] {logging_mixin.py:188} INFO - [2024-03-23T00:26:22.960+0000] {dag.py:3834} INFO - Setting next_dagrun for example_branch_dop_operator_v3 to 2024-03-23 00:25:00+00:00, run_after=2024-03-23 00:26:00+00:00
[2024-03-23T00:26:22.981+0000] {processor.py:183} INFO - Processing /home/airflow/.local/lib/python3.8/site-packages/airflow/example_dags/example_branch_python_dop_operator_3.py took 0.097 seconds
