[2024-03-23T00:03:38.308+0000] {processor.py:161} INFO - Started process (PID=61) to work on /home/airflow/.local/lib/python3.8/site-packages/airflow/example_dags/example_complex.py
[2024-03-23T00:03:38.310+0000] {processor.py:830} INFO - Processing file /home/airflow/.local/lib/python3.8/site-packages/airflow/example_dags/example_complex.py for tasks to queue
[2024-03-23T00:03:38.314+0000] {logging_mixin.py:188} INFO - [2024-03-23T00:03:38.314+0000] {dagbag.py:540} INFO - Filling up the DagBag from /home/airflow/.local/lib/python3.8/site-packages/airflow/example_dags/example_complex.py
[2024-03-23T00:03:38.344+0000] {processor.py:840} INFO - DAG(s) 'example_complex' retrieved from /home/airflow/.local/lib/python3.8/site-packages/airflow/example_dags/example_complex.py
[2024-03-23T00:03:38.407+0000] {logging_mixin.py:188} INFO - [2024-03-23T00:03:38.407+0000] {dag.py:3047} INFO - Sync 1 DAGs
[2024-03-23T00:03:38.439+0000] {logging_mixin.py:188} INFO - [2024-03-23T00:03:38.438+0000] {dag.py:3834} INFO - Setting next_dagrun for example_complex to None, run_after=None
[2024-03-23T00:03:38.473+0000] {processor.py:183} INFO - Processing /home/airflow/.local/lib/python3.8/site-packages/airflow/example_dags/example_complex.py took 0.171 seconds
[2024-03-23T00:04:09.026+0000] {processor.py:161} INFO - Started process (PID=116) to work on /home/airflow/.local/lib/python3.8/site-packages/airflow/example_dags/example_complex.py
[2024-03-23T00:04:09.027+0000] {processor.py:830} INFO - Processing file /home/airflow/.local/lib/python3.8/site-packages/airflow/example_dags/example_complex.py for tasks to queue
[2024-03-23T00:04:09.029+0000] {logging_mixin.py:188} INFO - [2024-03-23T00:04:09.029+0000] {dagbag.py:540} INFO - Filling up the DagBag from /home/airflow/.local/lib/python3.8/site-packages/airflow/example_dags/example_complex.py
[2024-03-23T00:04:09.044+0000] {processor.py:840} INFO - DAG(s) 'example_complex' retrieved from /home/airflow/.local/lib/python3.8/site-packages/airflow/example_dags/example_complex.py
[2024-03-23T00:04:09.084+0000] {logging_mixin.py:188} INFO - [2024-03-23T00:04:09.083+0000] {dag.py:3047} INFO - Sync 1 DAGs
[2024-03-23T00:04:09.098+0000] {logging_mixin.py:188} INFO - [2024-03-23T00:04:09.098+0000] {dag.py:3834} INFO - Setting next_dagrun for example_complex to None, run_after=None
[2024-03-23T00:04:09.118+0000] {processor.py:183} INFO - Processing /home/airflow/.local/lib/python3.8/site-packages/airflow/example_dags/example_complex.py took 0.096 seconds
[2024-03-23T00:04:39.443+0000] {processor.py:161} INFO - Started process (PID=171) to work on /home/airflow/.local/lib/python3.8/site-packages/airflow/example_dags/example_complex.py
[2024-03-23T00:04:39.445+0000] {processor.py:830} INFO - Processing file /home/airflow/.local/lib/python3.8/site-packages/airflow/example_dags/example_complex.py for tasks to queue
[2024-03-23T00:04:39.446+0000] {logging_mixin.py:188} INFO - [2024-03-23T00:04:39.446+0000] {dagbag.py:540} INFO - Filling up the DagBag from /home/airflow/.local/lib/python3.8/site-packages/airflow/example_dags/example_complex.py
[2024-03-23T00:04:39.462+0000] {processor.py:840} INFO - DAG(s) 'example_complex' retrieved from /home/airflow/.local/lib/python3.8/site-packages/airflow/example_dags/example_complex.py
[2024-03-23T00:04:39.502+0000] {logging_mixin.py:188} INFO - [2024-03-23T00:04:39.501+0000] {dag.py:3047} INFO - Sync 1 DAGs
[2024-03-23T00:04:39.517+0000] {logging_mixin.py:188} INFO - [2024-03-23T00:04:39.517+0000] {dag.py:3834} INFO - Setting next_dagrun for example_complex to None, run_after=None
[2024-03-23T00:04:39.540+0000] {processor.py:183} INFO - Processing /home/airflow/.local/lib/python3.8/site-packages/airflow/example_dags/example_complex.py took 0.100 seconds
[2024-03-23T00:05:09.653+0000] {processor.py:161} INFO - Started process (PID=226) to work on /home/airflow/.local/lib/python3.8/site-packages/airflow/example_dags/example_complex.py
[2024-03-23T00:05:09.654+0000] {processor.py:830} INFO - Processing file /home/airflow/.local/lib/python3.8/site-packages/airflow/example_dags/example_complex.py for tasks to queue
[2024-03-23T00:05:09.656+0000] {logging_mixin.py:188} INFO - [2024-03-23T00:05:09.656+0000] {dagbag.py:540} INFO - Filling up the DagBag from /home/airflow/.local/lib/python3.8/site-packages/airflow/example_dags/example_complex.py
[2024-03-23T00:05:09.671+0000] {processor.py:840} INFO - DAG(s) 'example_complex' retrieved from /home/airflow/.local/lib/python3.8/site-packages/airflow/example_dags/example_complex.py
[2024-03-23T00:05:09.712+0000] {logging_mixin.py:188} INFO - [2024-03-23T00:05:09.711+0000] {dag.py:3047} INFO - Sync 1 DAGs
[2024-03-23T00:05:09.728+0000] {logging_mixin.py:188} INFO - [2024-03-23T00:05:09.728+0000] {dag.py:3834} INFO - Setting next_dagrun for example_complex to None, run_after=None
[2024-03-23T00:05:09.749+0000] {processor.py:183} INFO - Processing /home/airflow/.local/lib/python3.8/site-packages/airflow/example_dags/example_complex.py took 0.101 seconds
[2024-03-23T00:05:39.809+0000] {processor.py:161} INFO - Started process (PID=280) to work on /home/airflow/.local/lib/python3.8/site-packages/airflow/example_dags/example_complex.py
[2024-03-23T00:05:39.810+0000] {processor.py:830} INFO - Processing file /home/airflow/.local/lib/python3.8/site-packages/airflow/example_dags/example_complex.py for tasks to queue
[2024-03-23T00:05:39.813+0000] {logging_mixin.py:188} INFO - [2024-03-23T00:05:39.812+0000] {dagbag.py:540} INFO - Filling up the DagBag from /home/airflow/.local/lib/python3.8/site-packages/airflow/example_dags/example_complex.py
[2024-03-23T00:05:39.828+0000] {processor.py:840} INFO - DAG(s) 'example_complex' retrieved from /home/airflow/.local/lib/python3.8/site-packages/airflow/example_dags/example_complex.py
[2024-03-23T00:05:39.870+0000] {logging_mixin.py:188} INFO - [2024-03-23T00:05:39.870+0000] {dag.py:3047} INFO - Sync 1 DAGs
[2024-03-23T00:05:39.885+0000] {logging_mixin.py:188} INFO - [2024-03-23T00:05:39.884+0000] {dag.py:3834} INFO - Setting next_dagrun for example_complex to None, run_after=None
[2024-03-23T00:05:39.906+0000] {processor.py:183} INFO - Processing /home/airflow/.local/lib/python3.8/site-packages/airflow/example_dags/example_complex.py took 0.101 seconds
[2024-03-23T00:06:10.212+0000] {processor.py:161} INFO - Started process (PID=335) to work on /home/airflow/.local/lib/python3.8/site-packages/airflow/example_dags/example_complex.py
[2024-03-23T00:06:10.213+0000] {processor.py:830} INFO - Processing file /home/airflow/.local/lib/python3.8/site-packages/airflow/example_dags/example_complex.py for tasks to queue
[2024-03-23T00:06:10.216+0000] {logging_mixin.py:188} INFO - [2024-03-23T00:06:10.216+0000] {dagbag.py:540} INFO - Filling up the DagBag from /home/airflow/.local/lib/python3.8/site-packages/airflow/example_dags/example_complex.py
[2024-03-23T00:06:10.235+0000] {processor.py:840} INFO - DAG(s) 'example_complex' retrieved from /home/airflow/.local/lib/python3.8/site-packages/airflow/example_dags/example_complex.py
[2024-03-23T00:06:10.284+0000] {logging_mixin.py:188} INFO - [2024-03-23T00:06:10.283+0000] {dag.py:3047} INFO - Sync 1 DAGs
[2024-03-23T00:06:10.301+0000] {logging_mixin.py:188} INFO - [2024-03-23T00:06:10.301+0000] {dag.py:3834} INFO - Setting next_dagrun for example_complex to None, run_after=None
[2024-03-23T00:06:10.346+0000] {processor.py:183} INFO - Processing /home/airflow/.local/lib/python3.8/site-packages/airflow/example_dags/example_complex.py took 0.139 seconds
[2024-03-23T00:06:40.689+0000] {processor.py:161} INFO - Started process (PID=390) to work on /home/airflow/.local/lib/python3.8/site-packages/airflow/example_dags/example_complex.py
[2024-03-23T00:06:40.690+0000] {processor.py:830} INFO - Processing file /home/airflow/.local/lib/python3.8/site-packages/airflow/example_dags/example_complex.py for tasks to queue
[2024-03-23T00:06:40.692+0000] {logging_mixin.py:188} INFO - [2024-03-23T00:06:40.692+0000] {dagbag.py:540} INFO - Filling up the DagBag from /home/airflow/.local/lib/python3.8/site-packages/airflow/example_dags/example_complex.py
[2024-03-23T00:06:40.709+0000] {processor.py:840} INFO - DAG(s) 'example_complex' retrieved from /home/airflow/.local/lib/python3.8/site-packages/airflow/example_dags/example_complex.py
[2024-03-23T00:06:40.751+0000] {logging_mixin.py:188} INFO - [2024-03-23T00:06:40.751+0000] {dag.py:3047} INFO - Sync 1 DAGs
[2024-03-23T00:06:40.768+0000] {logging_mixin.py:188} INFO - [2024-03-23T00:06:40.767+0000] {dag.py:3834} INFO - Setting next_dagrun for example_complex to None, run_after=None
[2024-03-23T00:06:40.790+0000] {processor.py:183} INFO - Processing /home/airflow/.local/lib/python3.8/site-packages/airflow/example_dags/example_complex.py took 0.105 seconds
[2024-03-23T00:07:11.183+0000] {processor.py:161} INFO - Started process (PID=445) to work on /home/airflow/.local/lib/python3.8/site-packages/airflow/example_dags/example_complex.py
[2024-03-23T00:07:11.185+0000] {processor.py:830} INFO - Processing file /home/airflow/.local/lib/python3.8/site-packages/airflow/example_dags/example_complex.py for tasks to queue
[2024-03-23T00:07:11.187+0000] {logging_mixin.py:188} INFO - [2024-03-23T00:07:11.186+0000] {dagbag.py:540} INFO - Filling up the DagBag from /home/airflow/.local/lib/python3.8/site-packages/airflow/example_dags/example_complex.py
[2024-03-23T00:07:11.201+0000] {processor.py:840} INFO - DAG(s) 'example_complex' retrieved from /home/airflow/.local/lib/python3.8/site-packages/airflow/example_dags/example_complex.py
[2024-03-23T00:07:11.240+0000] {logging_mixin.py:188} INFO - [2024-03-23T00:07:11.240+0000] {dag.py:3047} INFO - Sync 1 DAGs
[2024-03-23T00:07:11.254+0000] {logging_mixin.py:188} INFO - [2024-03-23T00:07:11.254+0000] {dag.py:3834} INFO - Setting next_dagrun for example_complex to None, run_after=None
[2024-03-23T00:07:11.274+0000] {processor.py:183} INFO - Processing /home/airflow/.local/lib/python3.8/site-packages/airflow/example_dags/example_complex.py took 0.095 seconds
[2024-03-23T00:07:41.562+0000] {processor.py:161} INFO - Started process (PID=500) to work on /home/airflow/.local/lib/python3.8/site-packages/airflow/example_dags/example_complex.py
[2024-03-23T00:07:41.563+0000] {processor.py:830} INFO - Processing file /home/airflow/.local/lib/python3.8/site-packages/airflow/example_dags/example_complex.py for tasks to queue
[2024-03-23T00:07:41.566+0000] {logging_mixin.py:188} INFO - [2024-03-23T00:07:41.565+0000] {dagbag.py:540} INFO - Filling up the DagBag from /home/airflow/.local/lib/python3.8/site-packages/airflow/example_dags/example_complex.py
[2024-03-23T00:07:41.581+0000] {processor.py:840} INFO - DAG(s) 'example_complex' retrieved from /home/airflow/.local/lib/python3.8/site-packages/airflow/example_dags/example_complex.py
[2024-03-23T00:07:41.622+0000] {logging_mixin.py:188} INFO - [2024-03-23T00:07:41.621+0000] {dag.py:3047} INFO - Sync 1 DAGs
[2024-03-23T00:07:41.637+0000] {logging_mixin.py:188} INFO - [2024-03-23T00:07:41.636+0000] {dag.py:3834} INFO - Setting next_dagrun for example_complex to None, run_after=None
[2024-03-23T00:07:41.659+0000] {processor.py:183} INFO - Processing /home/airflow/.local/lib/python3.8/site-packages/airflow/example_dags/example_complex.py took 0.101 seconds
[2024-03-23T00:08:11.861+0000] {processor.py:161} INFO - Started process (PID=555) to work on /home/airflow/.local/lib/python3.8/site-packages/airflow/example_dags/example_complex.py
[2024-03-23T00:08:11.863+0000] {processor.py:830} INFO - Processing file /home/airflow/.local/lib/python3.8/site-packages/airflow/example_dags/example_complex.py for tasks to queue
[2024-03-23T00:08:11.865+0000] {logging_mixin.py:188} INFO - [2024-03-23T00:08:11.864+0000] {dagbag.py:540} INFO - Filling up the DagBag from /home/airflow/.local/lib/python3.8/site-packages/airflow/example_dags/example_complex.py
[2024-03-23T00:08:11.879+0000] {processor.py:840} INFO - DAG(s) 'example_complex' retrieved from /home/airflow/.local/lib/python3.8/site-packages/airflow/example_dags/example_complex.py
[2024-03-23T00:08:11.919+0000] {logging_mixin.py:188} INFO - [2024-03-23T00:08:11.919+0000] {dag.py:3047} INFO - Sync 1 DAGs
[2024-03-23T00:08:11.933+0000] {logging_mixin.py:188} INFO - [2024-03-23T00:08:11.933+0000] {dag.py:3834} INFO - Setting next_dagrun for example_complex to None, run_after=None
[2024-03-23T00:08:11.953+0000] {processor.py:183} INFO - Processing /home/airflow/.local/lib/python3.8/site-packages/airflow/example_dags/example_complex.py took 0.095 seconds
[2024-03-23T00:08:42.161+0000] {processor.py:161} INFO - Started process (PID=610) to work on /home/airflow/.local/lib/python3.8/site-packages/airflow/example_dags/example_complex.py
[2024-03-23T00:08:42.162+0000] {processor.py:830} INFO - Processing file /home/airflow/.local/lib/python3.8/site-packages/airflow/example_dags/example_complex.py for tasks to queue
[2024-03-23T00:08:42.164+0000] {logging_mixin.py:188} INFO - [2024-03-23T00:08:42.164+0000] {dagbag.py:540} INFO - Filling up the DagBag from /home/airflow/.local/lib/python3.8/site-packages/airflow/example_dags/example_complex.py
[2024-03-23T00:08:42.179+0000] {processor.py:840} INFO - DAG(s) 'example_complex' retrieved from /home/airflow/.local/lib/python3.8/site-packages/airflow/example_dags/example_complex.py
[2024-03-23T00:08:42.218+0000] {logging_mixin.py:188} INFO - [2024-03-23T00:08:42.218+0000] {dag.py:3047} INFO - Sync 1 DAGs
[2024-03-23T00:08:42.233+0000] {logging_mixin.py:188} INFO - [2024-03-23T00:08:42.233+0000] {dag.py:3834} INFO - Setting next_dagrun for example_complex to None, run_after=None
[2024-03-23T00:08:42.253+0000] {processor.py:183} INFO - Processing /home/airflow/.local/lib/python3.8/site-packages/airflow/example_dags/example_complex.py took 0.097 seconds
[2024-03-23T00:09:12.594+0000] {processor.py:161} INFO - Started process (PID=665) to work on /home/airflow/.local/lib/python3.8/site-packages/airflow/example_dags/example_complex.py
[2024-03-23T00:09:12.595+0000] {processor.py:830} INFO - Processing file /home/airflow/.local/lib/python3.8/site-packages/airflow/example_dags/example_complex.py for tasks to queue
[2024-03-23T00:09:12.598+0000] {logging_mixin.py:188} INFO - [2024-03-23T00:09:12.597+0000] {dagbag.py:540} INFO - Filling up the DagBag from /home/airflow/.local/lib/python3.8/site-packages/airflow/example_dags/example_complex.py
[2024-03-23T00:09:12.613+0000] {processor.py:840} INFO - DAG(s) 'example_complex' retrieved from /home/airflow/.local/lib/python3.8/site-packages/airflow/example_dags/example_complex.py
[2024-03-23T00:09:12.655+0000] {logging_mixin.py:188} INFO - [2024-03-23T00:09:12.655+0000] {dag.py:3047} INFO - Sync 1 DAGs
[2024-03-23T00:09:12.671+0000] {logging_mixin.py:188} INFO - [2024-03-23T00:09:12.670+0000] {dag.py:3834} INFO - Setting next_dagrun for example_complex to None, run_after=None
[2024-03-23T00:09:12.693+0000] {processor.py:183} INFO - Processing /home/airflow/.local/lib/python3.8/site-packages/airflow/example_dags/example_complex.py took 0.107 seconds
[2024-03-23T00:09:42.735+0000] {processor.py:161} INFO - Started process (PID=720) to work on /home/airflow/.local/lib/python3.8/site-packages/airflow/example_dags/example_complex.py
[2024-03-23T00:09:42.736+0000] {processor.py:830} INFO - Processing file /home/airflow/.local/lib/python3.8/site-packages/airflow/example_dags/example_complex.py for tasks to queue
[2024-03-23T00:09:42.739+0000] {logging_mixin.py:188} INFO - [2024-03-23T00:09:42.738+0000] {dagbag.py:540} INFO - Filling up the DagBag from /home/airflow/.local/lib/python3.8/site-packages/airflow/example_dags/example_complex.py
[2024-03-23T00:09:42.755+0000] {processor.py:840} INFO - DAG(s) 'example_complex' retrieved from /home/airflow/.local/lib/python3.8/site-packages/airflow/example_dags/example_complex.py
[2024-03-23T00:09:42.798+0000] {logging_mixin.py:188} INFO - [2024-03-23T00:09:42.797+0000] {dag.py:3047} INFO - Sync 1 DAGs
[2024-03-23T00:09:42.813+0000] {logging_mixin.py:188} INFO - [2024-03-23T00:09:42.812+0000] {dag.py:3834} INFO - Setting next_dagrun for example_complex to None, run_after=None
[2024-03-23T00:09:42.838+0000] {processor.py:183} INFO - Processing /home/airflow/.local/lib/python3.8/site-packages/airflow/example_dags/example_complex.py took 0.107 seconds
[2024-03-23T00:10:13.198+0000] {processor.py:161} INFO - Started process (PID=775) to work on /home/airflow/.local/lib/python3.8/site-packages/airflow/example_dags/example_complex.py
[2024-03-23T00:10:13.200+0000] {processor.py:830} INFO - Processing file /home/airflow/.local/lib/python3.8/site-packages/airflow/example_dags/example_complex.py for tasks to queue
[2024-03-23T00:10:13.202+0000] {logging_mixin.py:188} INFO - [2024-03-23T00:10:13.202+0000] {dagbag.py:540} INFO - Filling up the DagBag from /home/airflow/.local/lib/python3.8/site-packages/airflow/example_dags/example_complex.py
[2024-03-23T00:10:13.219+0000] {processor.py:840} INFO - DAG(s) 'example_complex' retrieved from /home/airflow/.local/lib/python3.8/site-packages/airflow/example_dags/example_complex.py
[2024-03-23T00:10:13.264+0000] {logging_mixin.py:188} INFO - [2024-03-23T00:10:13.264+0000] {dag.py:3047} INFO - Sync 1 DAGs
[2024-03-23T00:10:13.280+0000] {logging_mixin.py:188} INFO - [2024-03-23T00:10:13.280+0000] {dag.py:3834} INFO - Setting next_dagrun for example_complex to None, run_after=None
[2024-03-23T00:10:13.307+0000] {processor.py:183} INFO - Processing /home/airflow/.local/lib/python3.8/site-packages/airflow/example_dags/example_complex.py took 0.113 seconds
[2024-03-23T00:10:43.387+0000] {processor.py:161} INFO - Started process (PID=830) to work on /home/airflow/.local/lib/python3.8/site-packages/airflow/example_dags/example_complex.py
[2024-03-23T00:10:43.388+0000] {processor.py:830} INFO - Processing file /home/airflow/.local/lib/python3.8/site-packages/airflow/example_dags/example_complex.py for tasks to queue
[2024-03-23T00:10:43.390+0000] {logging_mixin.py:188} INFO - [2024-03-23T00:10:43.390+0000] {dagbag.py:540} INFO - Filling up the DagBag from /home/airflow/.local/lib/python3.8/site-packages/airflow/example_dags/example_complex.py
[2024-03-23T00:10:43.406+0000] {processor.py:840} INFO - DAG(s) 'example_complex' retrieved from /home/airflow/.local/lib/python3.8/site-packages/airflow/example_dags/example_complex.py
[2024-03-23T00:10:43.446+0000] {logging_mixin.py:188} INFO - [2024-03-23T00:10:43.445+0000] {dag.py:3047} INFO - Sync 1 DAGs
[2024-03-23T00:10:43.460+0000] {logging_mixin.py:188} INFO - [2024-03-23T00:10:43.459+0000] {dag.py:3834} INFO - Setting next_dagrun for example_complex to None, run_after=None
[2024-03-23T00:10:43.479+0000] {processor.py:183} INFO - Processing /home/airflow/.local/lib/python3.8/site-packages/airflow/example_dags/example_complex.py took 0.095 seconds
[2024-03-23T00:11:13.769+0000] {processor.py:161} INFO - Started process (PID=885) to work on /home/airflow/.local/lib/python3.8/site-packages/airflow/example_dags/example_complex.py
[2024-03-23T00:11:13.770+0000] {processor.py:830} INFO - Processing file /home/airflow/.local/lib/python3.8/site-packages/airflow/example_dags/example_complex.py for tasks to queue
[2024-03-23T00:11:13.773+0000] {logging_mixin.py:188} INFO - [2024-03-23T00:11:13.772+0000] {dagbag.py:540} INFO - Filling up the DagBag from /home/airflow/.local/lib/python3.8/site-packages/airflow/example_dags/example_complex.py
[2024-03-23T00:11:13.787+0000] {processor.py:840} INFO - DAG(s) 'example_complex' retrieved from /home/airflow/.local/lib/python3.8/site-packages/airflow/example_dags/example_complex.py
[2024-03-23T00:11:13.826+0000] {logging_mixin.py:188} INFO - [2024-03-23T00:11:13.826+0000] {dag.py:3047} INFO - Sync 1 DAGs
[2024-03-23T00:11:13.840+0000] {logging_mixin.py:188} INFO - [2024-03-23T00:11:13.840+0000] {dag.py:3834} INFO - Setting next_dagrun for example_complex to None, run_after=None
[2024-03-23T00:11:13.860+0000] {processor.py:183} INFO - Processing /home/airflow/.local/lib/python3.8/site-packages/airflow/example_dags/example_complex.py took 0.095 seconds
[2024-03-23T00:11:44.188+0000] {processor.py:161} INFO - Started process (PID=940) to work on /home/airflow/.local/lib/python3.8/site-packages/airflow/example_dags/example_complex.py
[2024-03-23T00:11:44.189+0000] {processor.py:830} INFO - Processing file /home/airflow/.local/lib/python3.8/site-packages/airflow/example_dags/example_complex.py for tasks to queue
[2024-03-23T00:11:44.192+0000] {logging_mixin.py:188} INFO - [2024-03-23T00:11:44.191+0000] {dagbag.py:540} INFO - Filling up the DagBag from /home/airflow/.local/lib/python3.8/site-packages/airflow/example_dags/example_complex.py
[2024-03-23T00:11:44.206+0000] {processor.py:840} INFO - DAG(s) 'example_complex' retrieved from /home/airflow/.local/lib/python3.8/site-packages/airflow/example_dags/example_complex.py
[2024-03-23T00:11:44.247+0000] {logging_mixin.py:188} INFO - [2024-03-23T00:11:44.246+0000] {dag.py:3047} INFO - Sync 1 DAGs
[2024-03-23T00:11:44.261+0000] {logging_mixin.py:188} INFO - [2024-03-23T00:11:44.260+0000] {dag.py:3834} INFO - Setting next_dagrun for example_complex to None, run_after=None
[2024-03-23T00:11:44.281+0000] {processor.py:183} INFO - Processing /home/airflow/.local/lib/python3.8/site-packages/airflow/example_dags/example_complex.py took 0.097 seconds
[2024-03-23T00:12:14.471+0000] {processor.py:161} INFO - Started process (PID=995) to work on /home/airflow/.local/lib/python3.8/site-packages/airflow/example_dags/example_complex.py
[2024-03-23T00:12:14.472+0000] {processor.py:830} INFO - Processing file /home/airflow/.local/lib/python3.8/site-packages/airflow/example_dags/example_complex.py for tasks to queue
[2024-03-23T00:12:14.474+0000] {logging_mixin.py:188} INFO - [2024-03-23T00:12:14.474+0000] {dagbag.py:540} INFO - Filling up the DagBag from /home/airflow/.local/lib/python3.8/site-packages/airflow/example_dags/example_complex.py
[2024-03-23T00:12:14.489+0000] {processor.py:840} INFO - DAG(s) 'example_complex' retrieved from /home/airflow/.local/lib/python3.8/site-packages/airflow/example_dags/example_complex.py
[2024-03-23T00:12:14.529+0000] {logging_mixin.py:188} INFO - [2024-03-23T00:12:14.529+0000] {dag.py:3047} INFO - Sync 1 DAGs
[2024-03-23T00:12:14.543+0000] {logging_mixin.py:188} INFO - [2024-03-23T00:12:14.542+0000] {dag.py:3834} INFO - Setting next_dagrun for example_complex to None, run_after=None
[2024-03-23T00:12:14.564+0000] {processor.py:183} INFO - Processing /home/airflow/.local/lib/python3.8/site-packages/airflow/example_dags/example_complex.py took 0.097 seconds
[2024-03-23T00:12:44.999+0000] {processor.py:161} INFO - Started process (PID=1050) to work on /home/airflow/.local/lib/python3.8/site-packages/airflow/example_dags/example_complex.py
[2024-03-23T00:12:45.001+0000] {processor.py:830} INFO - Processing file /home/airflow/.local/lib/python3.8/site-packages/airflow/example_dags/example_complex.py for tasks to queue
[2024-03-23T00:12:45.003+0000] {logging_mixin.py:188} INFO - [2024-03-23T00:12:45.002+0000] {dagbag.py:540} INFO - Filling up the DagBag from /home/airflow/.local/lib/python3.8/site-packages/airflow/example_dags/example_complex.py
[2024-03-23T00:12:45.017+0000] {processor.py:840} INFO - DAG(s) 'example_complex' retrieved from /home/airflow/.local/lib/python3.8/site-packages/airflow/example_dags/example_complex.py
[2024-03-23T00:12:45.057+0000] {logging_mixin.py:188} INFO - [2024-03-23T00:12:45.056+0000] {dag.py:3047} INFO - Sync 1 DAGs
[2024-03-23T00:12:45.071+0000] {logging_mixin.py:188} INFO - [2024-03-23T00:12:45.071+0000] {dag.py:3834} INFO - Setting next_dagrun for example_complex to None, run_after=None
[2024-03-23T00:12:45.092+0000] {processor.py:183} INFO - Processing /home/airflow/.local/lib/python3.8/site-packages/airflow/example_dags/example_complex.py took 0.097 seconds
[2024-03-23T00:13:15.436+0000] {processor.py:161} INFO - Started process (PID=1105) to work on /home/airflow/.local/lib/python3.8/site-packages/airflow/example_dags/example_complex.py
[2024-03-23T00:13:15.438+0000] {processor.py:830} INFO - Processing file /home/airflow/.local/lib/python3.8/site-packages/airflow/example_dags/example_complex.py for tasks to queue
[2024-03-23T00:13:15.440+0000] {logging_mixin.py:188} INFO - [2024-03-23T00:13:15.439+0000] {dagbag.py:540} INFO - Filling up the DagBag from /home/airflow/.local/lib/python3.8/site-packages/airflow/example_dags/example_complex.py
[2024-03-23T00:13:15.455+0000] {processor.py:840} INFO - DAG(s) 'example_complex' retrieved from /home/airflow/.local/lib/python3.8/site-packages/airflow/example_dags/example_complex.py
[2024-03-23T00:13:15.495+0000] {logging_mixin.py:188} INFO - [2024-03-23T00:13:15.495+0000] {dag.py:3047} INFO - Sync 1 DAGs
[2024-03-23T00:13:15.509+0000] {logging_mixin.py:188} INFO - [2024-03-23T00:13:15.509+0000] {dag.py:3834} INFO - Setting next_dagrun for example_complex to None, run_after=None
[2024-03-23T00:13:15.530+0000] {processor.py:183} INFO - Processing /home/airflow/.local/lib/python3.8/site-packages/airflow/example_dags/example_complex.py took 0.098 seconds
[2024-03-23T00:13:45.888+0000] {processor.py:161} INFO - Started process (PID=1160) to work on /home/airflow/.local/lib/python3.8/site-packages/airflow/example_dags/example_complex.py
[2024-03-23T00:13:45.889+0000] {processor.py:830} INFO - Processing file /home/airflow/.local/lib/python3.8/site-packages/airflow/example_dags/example_complex.py for tasks to queue
[2024-03-23T00:13:45.891+0000] {logging_mixin.py:188} INFO - [2024-03-23T00:13:45.891+0000] {dagbag.py:540} INFO - Filling up the DagBag from /home/airflow/.local/lib/python3.8/site-packages/airflow/example_dags/example_complex.py
[2024-03-23T00:13:45.906+0000] {processor.py:840} INFO - DAG(s) 'example_complex' retrieved from /home/airflow/.local/lib/python3.8/site-packages/airflow/example_dags/example_complex.py
[2024-03-23T00:13:45.945+0000] {logging_mixin.py:188} INFO - [2024-03-23T00:13:45.945+0000] {dag.py:3047} INFO - Sync 1 DAGs
[2024-03-23T00:13:45.959+0000] {logging_mixin.py:188} INFO - [2024-03-23T00:13:45.959+0000] {dag.py:3834} INFO - Setting next_dagrun for example_complex to None, run_after=None
[2024-03-23T00:13:45.979+0000] {processor.py:183} INFO - Processing /home/airflow/.local/lib/python3.8/site-packages/airflow/example_dags/example_complex.py took 0.095 seconds
[2024-03-23T00:14:16.479+0000] {processor.py:161} INFO - Started process (PID=1215) to work on /home/airflow/.local/lib/python3.8/site-packages/airflow/example_dags/example_complex.py
[2024-03-23T00:14:16.481+0000] {processor.py:830} INFO - Processing file /home/airflow/.local/lib/python3.8/site-packages/airflow/example_dags/example_complex.py for tasks to queue
[2024-03-23T00:14:16.483+0000] {logging_mixin.py:188} INFO - [2024-03-23T00:14:16.482+0000] {dagbag.py:540} INFO - Filling up the DagBag from /home/airflow/.local/lib/python3.8/site-packages/airflow/example_dags/example_complex.py
[2024-03-23T00:14:16.498+0000] {processor.py:840} INFO - DAG(s) 'example_complex' retrieved from /home/airflow/.local/lib/python3.8/site-packages/airflow/example_dags/example_complex.py
[2024-03-23T00:14:16.538+0000] {logging_mixin.py:188} INFO - [2024-03-23T00:14:16.537+0000] {dag.py:3047} INFO - Sync 1 DAGs
[2024-03-23T00:14:16.552+0000] {logging_mixin.py:188} INFO - [2024-03-23T00:14:16.552+0000] {dag.py:3834} INFO - Setting next_dagrun for example_complex to None, run_after=None
[2024-03-23T00:14:16.572+0000] {processor.py:183} INFO - Processing /home/airflow/.local/lib/python3.8/site-packages/airflow/example_dags/example_complex.py took 0.097 seconds
[2024-03-23T00:14:46.924+0000] {processor.py:161} INFO - Started process (PID=1270) to work on /home/airflow/.local/lib/python3.8/site-packages/airflow/example_dags/example_complex.py
[2024-03-23T00:14:46.925+0000] {processor.py:830} INFO - Processing file /home/airflow/.local/lib/python3.8/site-packages/airflow/example_dags/example_complex.py for tasks to queue
[2024-03-23T00:14:46.927+0000] {logging_mixin.py:188} INFO - [2024-03-23T00:14:46.927+0000] {dagbag.py:540} INFO - Filling up the DagBag from /home/airflow/.local/lib/python3.8/site-packages/airflow/example_dags/example_complex.py
[2024-03-23T00:14:46.942+0000] {processor.py:840} INFO - DAG(s) 'example_complex' retrieved from /home/airflow/.local/lib/python3.8/site-packages/airflow/example_dags/example_complex.py
[2024-03-23T00:14:46.983+0000] {logging_mixin.py:188} INFO - [2024-03-23T00:14:46.982+0000] {dag.py:3047} INFO - Sync 1 DAGs
[2024-03-23T00:14:46.997+0000] {logging_mixin.py:188} INFO - [2024-03-23T00:14:46.997+0000] {dag.py:3834} INFO - Setting next_dagrun for example_complex to None, run_after=None
[2024-03-23T00:14:47.018+0000] {processor.py:183} INFO - Processing /home/airflow/.local/lib/python3.8/site-packages/airflow/example_dags/example_complex.py took 0.099 seconds
[2024-03-23T00:15:17.319+0000] {processor.py:161} INFO - Started process (PID=1325) to work on /home/airflow/.local/lib/python3.8/site-packages/airflow/example_dags/example_complex.py
[2024-03-23T00:15:17.320+0000] {processor.py:830} INFO - Processing file /home/airflow/.local/lib/python3.8/site-packages/airflow/example_dags/example_complex.py for tasks to queue
[2024-03-23T00:15:17.322+0000] {logging_mixin.py:188} INFO - [2024-03-23T00:15:17.322+0000] {dagbag.py:540} INFO - Filling up the DagBag from /home/airflow/.local/lib/python3.8/site-packages/airflow/example_dags/example_complex.py
[2024-03-23T00:15:17.337+0000] {processor.py:840} INFO - DAG(s) 'example_complex' retrieved from /home/airflow/.local/lib/python3.8/site-packages/airflow/example_dags/example_complex.py
[2024-03-23T00:15:17.376+0000] {logging_mixin.py:188} INFO - [2024-03-23T00:15:17.376+0000] {dag.py:3047} INFO - Sync 1 DAGs
[2024-03-23T00:15:17.390+0000] {logging_mixin.py:188} INFO - [2024-03-23T00:15:17.390+0000] {dag.py:3834} INFO - Setting next_dagrun for example_complex to None, run_after=None
[2024-03-23T00:15:17.411+0000] {processor.py:183} INFO - Processing /home/airflow/.local/lib/python3.8/site-packages/airflow/example_dags/example_complex.py took 0.096 seconds
[2024-03-23T00:15:47.615+0000] {processor.py:161} INFO - Started process (PID=1380) to work on /home/airflow/.local/lib/python3.8/site-packages/airflow/example_dags/example_complex.py
[2024-03-23T00:15:47.616+0000] {processor.py:830} INFO - Processing file /home/airflow/.local/lib/python3.8/site-packages/airflow/example_dags/example_complex.py for tasks to queue
[2024-03-23T00:15:47.618+0000] {logging_mixin.py:188} INFO - [2024-03-23T00:15:47.618+0000] {dagbag.py:540} INFO - Filling up the DagBag from /home/airflow/.local/lib/python3.8/site-packages/airflow/example_dags/example_complex.py
[2024-03-23T00:15:47.633+0000] {processor.py:840} INFO - DAG(s) 'example_complex' retrieved from /home/airflow/.local/lib/python3.8/site-packages/airflow/example_dags/example_complex.py
[2024-03-23T00:15:47.672+0000] {logging_mixin.py:188} INFO - [2024-03-23T00:15:47.672+0000] {dag.py:3047} INFO - Sync 1 DAGs
[2024-03-23T00:15:47.686+0000] {logging_mixin.py:188} INFO - [2024-03-23T00:15:47.686+0000] {dag.py:3834} INFO - Setting next_dagrun for example_complex to None, run_after=None
[2024-03-23T00:15:47.706+0000] {processor.py:183} INFO - Processing /home/airflow/.local/lib/python3.8/site-packages/airflow/example_dags/example_complex.py took 0.095 seconds
[2024-03-23T00:16:18.118+0000] {processor.py:161} INFO - Started process (PID=1435) to work on /home/airflow/.local/lib/python3.8/site-packages/airflow/example_dags/example_complex.py
[2024-03-23T00:16:18.119+0000] {processor.py:830} INFO - Processing file /home/airflow/.local/lib/python3.8/site-packages/airflow/example_dags/example_complex.py for tasks to queue
[2024-03-23T00:16:18.122+0000] {logging_mixin.py:188} INFO - [2024-03-23T00:16:18.121+0000] {dagbag.py:540} INFO - Filling up the DagBag from /home/airflow/.local/lib/python3.8/site-packages/airflow/example_dags/example_complex.py
[2024-03-23T00:16:18.136+0000] {processor.py:840} INFO - DAG(s) 'example_complex' retrieved from /home/airflow/.local/lib/python3.8/site-packages/airflow/example_dags/example_complex.py
[2024-03-23T00:16:18.176+0000] {logging_mixin.py:188} INFO - [2024-03-23T00:16:18.175+0000] {dag.py:3047} INFO - Sync 1 DAGs
[2024-03-23T00:16:18.190+0000] {logging_mixin.py:188} INFO - [2024-03-23T00:16:18.189+0000] {dag.py:3834} INFO - Setting next_dagrun for example_complex to None, run_after=None
[2024-03-23T00:16:18.210+0000] {processor.py:183} INFO - Processing /home/airflow/.local/lib/python3.8/site-packages/airflow/example_dags/example_complex.py took 0.096 seconds
[2024-03-23T00:16:48.309+0000] {processor.py:161} INFO - Started process (PID=1490) to work on /home/airflow/.local/lib/python3.8/site-packages/airflow/example_dags/example_complex.py
[2024-03-23T00:16:48.310+0000] {processor.py:830} INFO - Processing file /home/airflow/.local/lib/python3.8/site-packages/airflow/example_dags/example_complex.py for tasks to queue
[2024-03-23T00:16:48.312+0000] {logging_mixin.py:188} INFO - [2024-03-23T00:16:48.312+0000] {dagbag.py:540} INFO - Filling up the DagBag from /home/airflow/.local/lib/python3.8/site-packages/airflow/example_dags/example_complex.py
[2024-03-23T00:16:48.327+0000] {processor.py:840} INFO - DAG(s) 'example_complex' retrieved from /home/airflow/.local/lib/python3.8/site-packages/airflow/example_dags/example_complex.py
[2024-03-23T00:16:48.366+0000] {logging_mixin.py:188} INFO - [2024-03-23T00:16:48.366+0000] {dag.py:3047} INFO - Sync 1 DAGs
[2024-03-23T00:16:48.381+0000] {logging_mixin.py:188} INFO - [2024-03-23T00:16:48.380+0000] {dag.py:3834} INFO - Setting next_dagrun for example_complex to None, run_after=None
[2024-03-23T00:16:48.404+0000] {processor.py:183} INFO - Processing /home/airflow/.local/lib/python3.8/site-packages/airflow/example_dags/example_complex.py took 0.099 seconds
[2024-03-23T00:17:18.562+0000] {processor.py:161} INFO - Started process (PID=1545) to work on /home/airflow/.local/lib/python3.8/site-packages/airflow/example_dags/example_complex.py
[2024-03-23T00:17:18.563+0000] {processor.py:830} INFO - Processing file /home/airflow/.local/lib/python3.8/site-packages/airflow/example_dags/example_complex.py for tasks to queue
[2024-03-23T00:17:18.565+0000] {logging_mixin.py:188} INFO - [2024-03-23T00:17:18.565+0000] {dagbag.py:540} INFO - Filling up the DagBag from /home/airflow/.local/lib/python3.8/site-packages/airflow/example_dags/example_complex.py
[2024-03-23T00:17:18.580+0000] {processor.py:840} INFO - DAG(s) 'example_complex' retrieved from /home/airflow/.local/lib/python3.8/site-packages/airflow/example_dags/example_complex.py
[2024-03-23T00:17:18.619+0000] {logging_mixin.py:188} INFO - [2024-03-23T00:17:18.619+0000] {dag.py:3047} INFO - Sync 1 DAGs
[2024-03-23T00:17:18.634+0000] {logging_mixin.py:188} INFO - [2024-03-23T00:17:18.633+0000] {dag.py:3834} INFO - Setting next_dagrun for example_complex to None, run_after=None
[2024-03-23T00:17:18.654+0000] {processor.py:183} INFO - Processing /home/airflow/.local/lib/python3.8/site-packages/airflow/example_dags/example_complex.py took 0.096 seconds
[2024-03-23T00:17:49.135+0000] {processor.py:161} INFO - Started process (PID=1600) to work on /home/airflow/.local/lib/python3.8/site-packages/airflow/example_dags/example_complex.py
[2024-03-23T00:17:49.136+0000] {processor.py:830} INFO - Processing file /home/airflow/.local/lib/python3.8/site-packages/airflow/example_dags/example_complex.py for tasks to queue
[2024-03-23T00:17:49.138+0000] {logging_mixin.py:188} INFO - [2024-03-23T00:17:49.138+0000] {dagbag.py:540} INFO - Filling up the DagBag from /home/airflow/.local/lib/python3.8/site-packages/airflow/example_dags/example_complex.py
[2024-03-23T00:17:49.154+0000] {processor.py:840} INFO - DAG(s) 'example_complex' retrieved from /home/airflow/.local/lib/python3.8/site-packages/airflow/example_dags/example_complex.py
[2024-03-23T00:17:49.194+0000] {logging_mixin.py:188} INFO - [2024-03-23T00:17:49.194+0000] {dag.py:3047} INFO - Sync 1 DAGs
[2024-03-23T00:17:49.208+0000] {logging_mixin.py:188} INFO - [2024-03-23T00:17:49.208+0000] {dag.py:3834} INFO - Setting next_dagrun for example_complex to None, run_after=None
[2024-03-23T00:17:49.229+0000] {processor.py:183} INFO - Processing /home/airflow/.local/lib/python3.8/site-packages/airflow/example_dags/example_complex.py took 0.098 seconds
[2024-03-23T00:18:19.479+0000] {processor.py:161} INFO - Started process (PID=1655) to work on /home/airflow/.local/lib/python3.8/site-packages/airflow/example_dags/example_complex.py
[2024-03-23T00:18:19.480+0000] {processor.py:830} INFO - Processing file /home/airflow/.local/lib/python3.8/site-packages/airflow/example_dags/example_complex.py for tasks to queue
[2024-03-23T00:18:19.482+0000] {logging_mixin.py:188} INFO - [2024-03-23T00:18:19.482+0000] {dagbag.py:540} INFO - Filling up the DagBag from /home/airflow/.local/lib/python3.8/site-packages/airflow/example_dags/example_complex.py
[2024-03-23T00:18:19.497+0000] {processor.py:840} INFO - DAG(s) 'example_complex' retrieved from /home/airflow/.local/lib/python3.8/site-packages/airflow/example_dags/example_complex.py
[2024-03-23T00:18:19.537+0000] {logging_mixin.py:188} INFO - [2024-03-23T00:18:19.537+0000] {dag.py:3047} INFO - Sync 1 DAGs
[2024-03-23T00:18:19.551+0000] {logging_mixin.py:188} INFO - [2024-03-23T00:18:19.551+0000] {dag.py:3834} INFO - Setting next_dagrun for example_complex to None, run_after=None
[2024-03-23T00:18:19.572+0000] {processor.py:183} INFO - Processing /home/airflow/.local/lib/python3.8/site-packages/airflow/example_dags/example_complex.py took 0.097 seconds
[2024-03-23T00:18:49.993+0000] {processor.py:161} INFO - Started process (PID=1716) to work on /home/airflow/.local/lib/python3.8/site-packages/airflow/example_dags/example_complex.py
[2024-03-23T00:18:49.994+0000] {processor.py:830} INFO - Processing file /home/airflow/.local/lib/python3.8/site-packages/airflow/example_dags/example_complex.py for tasks to queue
[2024-03-23T00:18:49.996+0000] {logging_mixin.py:188} INFO - [2024-03-23T00:18:49.996+0000] {dagbag.py:540} INFO - Filling up the DagBag from /home/airflow/.local/lib/python3.8/site-packages/airflow/example_dags/example_complex.py
[2024-03-23T00:18:50.011+0000] {processor.py:840} INFO - DAG(s) 'example_complex' retrieved from /home/airflow/.local/lib/python3.8/site-packages/airflow/example_dags/example_complex.py
[2024-03-23T00:18:50.052+0000] {logging_mixin.py:188} INFO - [2024-03-23T00:18:50.051+0000] {dag.py:3047} INFO - Sync 1 DAGs
[2024-03-23T00:18:50.067+0000] {logging_mixin.py:188} INFO - [2024-03-23T00:18:50.066+0000] {dag.py:3834} INFO - Setting next_dagrun for example_complex to None, run_after=None
[2024-03-23T00:18:50.088+0000] {processor.py:183} INFO - Processing /home/airflow/.local/lib/python3.8/site-packages/airflow/example_dags/example_complex.py took 0.099 seconds
[2024-03-23T00:19:20.264+0000] {processor.py:161} INFO - Started process (PID=1771) to work on /home/airflow/.local/lib/python3.8/site-packages/airflow/example_dags/example_complex.py
[2024-03-23T00:19:20.265+0000] {processor.py:830} INFO - Processing file /home/airflow/.local/lib/python3.8/site-packages/airflow/example_dags/example_complex.py for tasks to queue
[2024-03-23T00:19:20.268+0000] {logging_mixin.py:188} INFO - [2024-03-23T00:19:20.267+0000] {dagbag.py:540} INFO - Filling up the DagBag from /home/airflow/.local/lib/python3.8/site-packages/airflow/example_dags/example_complex.py
[2024-03-23T00:19:20.284+0000] {processor.py:840} INFO - DAG(s) 'example_complex' retrieved from /home/airflow/.local/lib/python3.8/site-packages/airflow/example_dags/example_complex.py
[2024-03-23T00:19:20.323+0000] {logging_mixin.py:188} INFO - [2024-03-23T00:19:20.322+0000] {dag.py:3047} INFO - Sync 1 DAGs
[2024-03-23T00:19:20.337+0000] {logging_mixin.py:188} INFO - [2024-03-23T00:19:20.337+0000] {dag.py:3834} INFO - Setting next_dagrun for example_complex to None, run_after=None
[2024-03-23T00:19:20.357+0000] {processor.py:183} INFO - Processing /home/airflow/.local/lib/python3.8/site-packages/airflow/example_dags/example_complex.py took 0.097 seconds
[2024-03-23T00:19:50.882+0000] {processor.py:161} INFO - Started process (PID=1826) to work on /home/airflow/.local/lib/python3.8/site-packages/airflow/example_dags/example_complex.py
[2024-03-23T00:19:50.884+0000] {processor.py:830} INFO - Processing file /home/airflow/.local/lib/python3.8/site-packages/airflow/example_dags/example_complex.py for tasks to queue
[2024-03-23T00:19:50.886+0000] {logging_mixin.py:188} INFO - [2024-03-23T00:19:50.885+0000] {dagbag.py:540} INFO - Filling up the DagBag from /home/airflow/.local/lib/python3.8/site-packages/airflow/example_dags/example_complex.py
[2024-03-23T00:19:50.902+0000] {processor.py:840} INFO - DAG(s) 'example_complex' retrieved from /home/airflow/.local/lib/python3.8/site-packages/airflow/example_dags/example_complex.py
[2024-03-23T00:19:50.942+0000] {logging_mixin.py:188} INFO - [2024-03-23T00:19:50.942+0000] {dag.py:3047} INFO - Sync 1 DAGs
[2024-03-23T00:19:50.956+0000] {logging_mixin.py:188} INFO - [2024-03-23T00:19:50.956+0000] {dag.py:3834} INFO - Setting next_dagrun for example_complex to None, run_after=None
[2024-03-23T00:19:50.980+0000] {processor.py:183} INFO - Processing /home/airflow/.local/lib/python3.8/site-packages/airflow/example_dags/example_complex.py took 0.102 seconds
[2024-03-23T00:20:21.468+0000] {processor.py:161} INFO - Started process (PID=1881) to work on /home/airflow/.local/lib/python3.8/site-packages/airflow/example_dags/example_complex.py
[2024-03-23T00:20:21.470+0000] {processor.py:830} INFO - Processing file /home/airflow/.local/lib/python3.8/site-packages/airflow/example_dags/example_complex.py for tasks to queue
[2024-03-23T00:20:21.473+0000] {logging_mixin.py:188} INFO - [2024-03-23T00:20:21.472+0000] {dagbag.py:540} INFO - Filling up the DagBag from /home/airflow/.local/lib/python3.8/site-packages/airflow/example_dags/example_complex.py
[2024-03-23T00:20:21.489+0000] {processor.py:840} INFO - DAG(s) 'example_complex' retrieved from /home/airflow/.local/lib/python3.8/site-packages/airflow/example_dags/example_complex.py
[2024-03-23T00:20:21.530+0000] {logging_mixin.py:188} INFO - [2024-03-23T00:20:21.530+0000] {dag.py:3047} INFO - Sync 1 DAGs
[2024-03-23T00:20:21.544+0000] {logging_mixin.py:188} INFO - [2024-03-23T00:20:21.544+0000] {dag.py:3834} INFO - Setting next_dagrun for example_complex to None, run_after=None
[2024-03-23T00:20:21.564+0000] {processor.py:183} INFO - Processing /home/airflow/.local/lib/python3.8/site-packages/airflow/example_dags/example_complex.py took 0.100 seconds
[2024-03-23T00:20:51.951+0000] {processor.py:161} INFO - Started process (PID=1936) to work on /home/airflow/.local/lib/python3.8/site-packages/airflow/example_dags/example_complex.py
[2024-03-23T00:20:51.952+0000] {processor.py:830} INFO - Processing file /home/airflow/.local/lib/python3.8/site-packages/airflow/example_dags/example_complex.py for tasks to queue
[2024-03-23T00:20:51.954+0000] {logging_mixin.py:188} INFO - [2024-03-23T00:20:51.954+0000] {dagbag.py:540} INFO - Filling up the DagBag from /home/airflow/.local/lib/python3.8/site-packages/airflow/example_dags/example_complex.py
[2024-03-23T00:20:51.970+0000] {processor.py:840} INFO - DAG(s) 'example_complex' retrieved from /home/airflow/.local/lib/python3.8/site-packages/airflow/example_dags/example_complex.py
[2024-03-23T00:20:52.011+0000] {logging_mixin.py:188} INFO - [2024-03-23T00:20:52.011+0000] {dag.py:3047} INFO - Sync 1 DAGs
[2024-03-23T00:20:52.027+0000] {logging_mixin.py:188} INFO - [2024-03-23T00:20:52.027+0000] {dag.py:3834} INFO - Setting next_dagrun for example_complex to None, run_after=None
[2024-03-23T00:20:52.050+0000] {processor.py:183} INFO - Processing /home/airflow/.local/lib/python3.8/site-packages/airflow/example_dags/example_complex.py took 0.104 seconds
[2024-03-23T00:21:22.102+0000] {processor.py:161} INFO - Started process (PID=1991) to work on /home/airflow/.local/lib/python3.8/site-packages/airflow/example_dags/example_complex.py
[2024-03-23T00:21:22.103+0000] {processor.py:830} INFO - Processing file /home/airflow/.local/lib/python3.8/site-packages/airflow/example_dags/example_complex.py for tasks to queue
[2024-03-23T00:21:22.105+0000] {logging_mixin.py:188} INFO - [2024-03-23T00:21:22.105+0000] {dagbag.py:540} INFO - Filling up the DagBag from /home/airflow/.local/lib/python3.8/site-packages/airflow/example_dags/example_complex.py
[2024-03-23T00:21:22.120+0000] {processor.py:840} INFO - DAG(s) 'example_complex' retrieved from /home/airflow/.local/lib/python3.8/site-packages/airflow/example_dags/example_complex.py
[2024-03-23T00:21:22.160+0000] {logging_mixin.py:188} INFO - [2024-03-23T00:21:22.159+0000] {dag.py:3047} INFO - Sync 1 DAGs
[2024-03-23T00:21:22.174+0000] {logging_mixin.py:188} INFO - [2024-03-23T00:21:22.174+0000] {dag.py:3834} INFO - Setting next_dagrun for example_complex to None, run_after=None
[2024-03-23T00:21:22.200+0000] {processor.py:183} INFO - Processing /home/airflow/.local/lib/python3.8/site-packages/airflow/example_dags/example_complex.py took 0.102 seconds
[2024-03-23T00:21:52.343+0000] {processor.py:161} INFO - Started process (PID=2046) to work on /home/airflow/.local/lib/python3.8/site-packages/airflow/example_dags/example_complex.py
[2024-03-23T00:21:52.344+0000] {processor.py:830} INFO - Processing file /home/airflow/.local/lib/python3.8/site-packages/airflow/example_dags/example_complex.py for tasks to queue
[2024-03-23T00:21:52.346+0000] {logging_mixin.py:188} INFO - [2024-03-23T00:21:52.346+0000] {dagbag.py:540} INFO - Filling up the DagBag from /home/airflow/.local/lib/python3.8/site-packages/airflow/example_dags/example_complex.py
[2024-03-23T00:21:52.361+0000] {processor.py:840} INFO - DAG(s) 'example_complex' retrieved from /home/airflow/.local/lib/python3.8/site-packages/airflow/example_dags/example_complex.py
[2024-03-23T00:21:52.400+0000] {logging_mixin.py:188} INFO - [2024-03-23T00:21:52.399+0000] {dag.py:3047} INFO - Sync 1 DAGs
[2024-03-23T00:21:52.414+0000] {logging_mixin.py:188} INFO - [2024-03-23T00:21:52.414+0000] {dag.py:3834} INFO - Setting next_dagrun for example_complex to None, run_after=None
[2024-03-23T00:21:52.438+0000] {processor.py:183} INFO - Processing /home/airflow/.local/lib/python3.8/site-packages/airflow/example_dags/example_complex.py took 0.099 seconds
[2024-03-23T00:22:22.908+0000] {processor.py:161} INFO - Started process (PID=2101) to work on /home/airflow/.local/lib/python3.8/site-packages/airflow/example_dags/example_complex.py
[2024-03-23T00:22:22.910+0000] {processor.py:830} INFO - Processing file /home/airflow/.local/lib/python3.8/site-packages/airflow/example_dags/example_complex.py for tasks to queue
[2024-03-23T00:22:22.912+0000] {logging_mixin.py:188} INFO - [2024-03-23T00:22:22.912+0000] {dagbag.py:540} INFO - Filling up the DagBag from /home/airflow/.local/lib/python3.8/site-packages/airflow/example_dags/example_complex.py
[2024-03-23T00:22:22.927+0000] {processor.py:840} INFO - DAG(s) 'example_complex' retrieved from /home/airflow/.local/lib/python3.8/site-packages/airflow/example_dags/example_complex.py
[2024-03-23T00:22:22.967+0000] {logging_mixin.py:188} INFO - [2024-03-23T00:22:22.967+0000] {dag.py:3047} INFO - Sync 1 DAGs
[2024-03-23T00:22:22.982+0000] {logging_mixin.py:188} INFO - [2024-03-23T00:22:22.982+0000] {dag.py:3834} INFO - Setting next_dagrun for example_complex to None, run_after=None
[2024-03-23T00:22:23.004+0000] {processor.py:183} INFO - Processing /home/airflow/.local/lib/python3.8/site-packages/airflow/example_dags/example_complex.py took 0.100 seconds
[2024-03-23T00:22:53.187+0000] {processor.py:161} INFO - Started process (PID=2156) to work on /home/airflow/.local/lib/python3.8/site-packages/airflow/example_dags/example_complex.py
[2024-03-23T00:22:53.188+0000] {processor.py:830} INFO - Processing file /home/airflow/.local/lib/python3.8/site-packages/airflow/example_dags/example_complex.py for tasks to queue
[2024-03-23T00:22:53.191+0000] {logging_mixin.py:188} INFO - [2024-03-23T00:22:53.190+0000] {dagbag.py:540} INFO - Filling up the DagBag from /home/airflow/.local/lib/python3.8/site-packages/airflow/example_dags/example_complex.py
[2024-03-23T00:22:53.208+0000] {processor.py:840} INFO - DAG(s) 'example_complex' retrieved from /home/airflow/.local/lib/python3.8/site-packages/airflow/example_dags/example_complex.py
[2024-03-23T00:22:53.252+0000] {logging_mixin.py:188} INFO - [2024-03-23T00:22:53.252+0000] {dag.py:3047} INFO - Sync 1 DAGs
[2024-03-23T00:22:53.267+0000] {logging_mixin.py:188} INFO - [2024-03-23T00:22:53.266+0000] {dag.py:3834} INFO - Setting next_dagrun for example_complex to None, run_after=None
[2024-03-23T00:22:53.287+0000] {processor.py:183} INFO - Processing /home/airflow/.local/lib/python3.8/site-packages/airflow/example_dags/example_complex.py took 0.104 seconds
[2024-03-23T00:23:23.510+0000] {processor.py:161} INFO - Started process (PID=2211) to work on /home/airflow/.local/lib/python3.8/site-packages/airflow/example_dags/example_complex.py
[2024-03-23T00:23:23.512+0000] {processor.py:830} INFO - Processing file /home/airflow/.local/lib/python3.8/site-packages/airflow/example_dags/example_complex.py for tasks to queue
[2024-03-23T00:23:23.514+0000] {logging_mixin.py:188} INFO - [2024-03-23T00:23:23.513+0000] {dagbag.py:540} INFO - Filling up the DagBag from /home/airflow/.local/lib/python3.8/site-packages/airflow/example_dags/example_complex.py
[2024-03-23T00:23:23.528+0000] {processor.py:840} INFO - DAG(s) 'example_complex' retrieved from /home/airflow/.local/lib/python3.8/site-packages/airflow/example_dags/example_complex.py
[2024-03-23T00:23:23.568+0000] {logging_mixin.py:188} INFO - [2024-03-23T00:23:23.567+0000] {dag.py:3047} INFO - Sync 1 DAGs
[2024-03-23T00:23:23.582+0000] {logging_mixin.py:188} INFO - [2024-03-23T00:23:23.582+0000] {dag.py:3834} INFO - Setting next_dagrun for example_complex to None, run_after=None
[2024-03-23T00:23:23.604+0000] {processor.py:183} INFO - Processing /home/airflow/.local/lib/python3.8/site-packages/airflow/example_dags/example_complex.py took 0.098 seconds
[2024-03-23T00:23:53.846+0000] {processor.py:161} INFO - Started process (PID=2266) to work on /home/airflow/.local/lib/python3.8/site-packages/airflow/example_dags/example_complex.py
[2024-03-23T00:23:53.847+0000] {processor.py:830} INFO - Processing file /home/airflow/.local/lib/python3.8/site-packages/airflow/example_dags/example_complex.py for tasks to queue
[2024-03-23T00:23:53.849+0000] {logging_mixin.py:188} INFO - [2024-03-23T00:23:53.849+0000] {dagbag.py:540} INFO - Filling up the DagBag from /home/airflow/.local/lib/python3.8/site-packages/airflow/example_dags/example_complex.py
[2024-03-23T00:23:53.864+0000] {processor.py:840} INFO - DAG(s) 'example_complex' retrieved from /home/airflow/.local/lib/python3.8/site-packages/airflow/example_dags/example_complex.py
[2024-03-23T00:23:53.904+0000] {logging_mixin.py:188} INFO - [2024-03-23T00:23:53.903+0000] {dag.py:3047} INFO - Sync 1 DAGs
[2024-03-23T00:23:53.922+0000] {logging_mixin.py:188} INFO - [2024-03-23T00:23:53.922+0000] {dag.py:3834} INFO - Setting next_dagrun for example_complex to None, run_after=None
[2024-03-23T00:23:53.948+0000] {processor.py:183} INFO - Processing /home/airflow/.local/lib/python3.8/site-packages/airflow/example_dags/example_complex.py took 0.106 seconds
[2024-03-23T00:24:24.669+0000] {processor.py:161} INFO - Started process (PID=2319) to work on /home/airflow/.local/lib/python3.8/site-packages/airflow/example_dags/example_complex.py
[2024-03-23T00:24:24.671+0000] {processor.py:830} INFO - Processing file /home/airflow/.local/lib/python3.8/site-packages/airflow/example_dags/example_complex.py for tasks to queue
[2024-03-23T00:24:24.673+0000] {logging_mixin.py:188} INFO - [2024-03-23T00:24:24.672+0000] {dagbag.py:540} INFO - Filling up the DagBag from /home/airflow/.local/lib/python3.8/site-packages/airflow/example_dags/example_complex.py
[2024-03-23T00:24:24.688+0000] {processor.py:840} INFO - DAG(s) 'example_complex' retrieved from /home/airflow/.local/lib/python3.8/site-packages/airflow/example_dags/example_complex.py
[2024-03-23T00:24:24.732+0000] {logging_mixin.py:188} INFO - [2024-03-23T00:24:24.731+0000] {dag.py:3047} INFO - Sync 1 DAGs
[2024-03-23T00:24:24.748+0000] {logging_mixin.py:188} INFO - [2024-03-23T00:24:24.747+0000] {dag.py:3834} INFO - Setting next_dagrun for example_complex to None, run_after=None
[2024-03-23T00:24:24.769+0000] {processor.py:183} INFO - Processing /home/airflow/.local/lib/python3.8/site-packages/airflow/example_dags/example_complex.py took 0.104 seconds
[2024-03-23T00:24:54.945+0000] {processor.py:161} INFO - Started process (PID=2374) to work on /home/airflow/.local/lib/python3.8/site-packages/airflow/example_dags/example_complex.py
[2024-03-23T00:24:54.946+0000] {processor.py:830} INFO - Processing file /home/airflow/.local/lib/python3.8/site-packages/airflow/example_dags/example_complex.py for tasks to queue
[2024-03-23T00:24:54.949+0000] {logging_mixin.py:188} INFO - [2024-03-23T00:24:54.948+0000] {dagbag.py:540} INFO - Filling up the DagBag from /home/airflow/.local/lib/python3.8/site-packages/airflow/example_dags/example_complex.py
[2024-03-23T00:24:54.965+0000] {processor.py:840} INFO - DAG(s) 'example_complex' retrieved from /home/airflow/.local/lib/python3.8/site-packages/airflow/example_dags/example_complex.py
[2024-03-23T00:24:55.007+0000] {logging_mixin.py:188} INFO - [2024-03-23T00:24:55.007+0000] {dag.py:3047} INFO - Sync 1 DAGs
[2024-03-23T00:24:55.023+0000] {logging_mixin.py:188} INFO - [2024-03-23T00:24:55.022+0000] {dag.py:3834} INFO - Setting next_dagrun for example_complex to None, run_after=None
[2024-03-23T00:24:55.045+0000] {processor.py:183} INFO - Processing /home/airflow/.local/lib/python3.8/site-packages/airflow/example_dags/example_complex.py took 0.104 seconds
[2024-03-23T00:25:25.237+0000] {processor.py:161} INFO - Started process (PID=2429) to work on /home/airflow/.local/lib/python3.8/site-packages/airflow/example_dags/example_complex.py
[2024-03-23T00:25:25.238+0000] {processor.py:830} INFO - Processing file /home/airflow/.local/lib/python3.8/site-packages/airflow/example_dags/example_complex.py for tasks to queue
[2024-03-23T00:25:25.241+0000] {logging_mixin.py:188} INFO - [2024-03-23T00:25:25.240+0000] {dagbag.py:540} INFO - Filling up the DagBag from /home/airflow/.local/lib/python3.8/site-packages/airflow/example_dags/example_complex.py
[2024-03-23T00:25:25.255+0000] {processor.py:840} INFO - DAG(s) 'example_complex' retrieved from /home/airflow/.local/lib/python3.8/site-packages/airflow/example_dags/example_complex.py
[2024-03-23T00:25:25.295+0000] {logging_mixin.py:188} INFO - [2024-03-23T00:25:25.295+0000] {dag.py:3047} INFO - Sync 1 DAGs
[2024-03-23T00:25:25.310+0000] {logging_mixin.py:188} INFO - [2024-03-23T00:25:25.310+0000] {dag.py:3834} INFO - Setting next_dagrun for example_complex to None, run_after=None
[2024-03-23T00:25:25.331+0000] {processor.py:183} INFO - Processing /home/airflow/.local/lib/python3.8/site-packages/airflow/example_dags/example_complex.py took 0.098 seconds
[2024-03-23T00:25:55.517+0000] {processor.py:161} INFO - Started process (PID=2484) to work on /home/airflow/.local/lib/python3.8/site-packages/airflow/example_dags/example_complex.py
[2024-03-23T00:25:55.518+0000] {processor.py:830} INFO - Processing file /home/airflow/.local/lib/python3.8/site-packages/airflow/example_dags/example_complex.py for tasks to queue
[2024-03-23T00:25:55.520+0000] {logging_mixin.py:188} INFO - [2024-03-23T00:25:55.520+0000] {dagbag.py:540} INFO - Filling up the DagBag from /home/airflow/.local/lib/python3.8/site-packages/airflow/example_dags/example_complex.py
[2024-03-23T00:25:55.535+0000] {processor.py:840} INFO - DAG(s) 'example_complex' retrieved from /home/airflow/.local/lib/python3.8/site-packages/airflow/example_dags/example_complex.py
[2024-03-23T00:25:55.574+0000] {logging_mixin.py:188} INFO - [2024-03-23T00:25:55.573+0000] {dag.py:3047} INFO - Sync 1 DAGs
[2024-03-23T00:25:55.589+0000] {logging_mixin.py:188} INFO - [2024-03-23T00:25:55.589+0000] {dag.py:3834} INFO - Setting next_dagrun for example_complex to None, run_after=None
[2024-03-23T00:25:55.611+0000] {processor.py:183} INFO - Processing /home/airflow/.local/lib/python3.8/site-packages/airflow/example_dags/example_complex.py took 0.098 seconds
[2024-03-23T00:26:25.769+0000] {processor.py:161} INFO - Started process (PID=2539) to work on /home/airflow/.local/lib/python3.8/site-packages/airflow/example_dags/example_complex.py
[2024-03-23T00:26:25.770+0000] {processor.py:830} INFO - Processing file /home/airflow/.local/lib/python3.8/site-packages/airflow/example_dags/example_complex.py for tasks to queue
[2024-03-23T00:26:25.772+0000] {logging_mixin.py:188} INFO - [2024-03-23T00:26:25.772+0000] {dagbag.py:540} INFO - Filling up the DagBag from /home/airflow/.local/lib/python3.8/site-packages/airflow/example_dags/example_complex.py
[2024-03-23T00:26:25.787+0000] {processor.py:840} INFO - DAG(s) 'example_complex' retrieved from /home/airflow/.local/lib/python3.8/site-packages/airflow/example_dags/example_complex.py
[2024-03-23T00:26:25.826+0000] {logging_mixin.py:188} INFO - [2024-03-23T00:26:25.826+0000] {dag.py:3047} INFO - Sync 1 DAGs
[2024-03-23T00:26:25.840+0000] {logging_mixin.py:188} INFO - [2024-03-23T00:26:25.840+0000] {dag.py:3834} INFO - Setting next_dagrun for example_complex to None, run_after=None
[2024-03-23T00:26:25.861+0000] {processor.py:183} INFO - Processing /home/airflow/.local/lib/python3.8/site-packages/airflow/example_dags/example_complex.py took 0.096 seconds
