[2024-03-23T00:03:36.601+0000] {processor.py:161} INFO - Started process (PID=50) to work on /home/airflow/.local/lib/python3.8/site-packages/airflow/example_dags/example_nested_branch_dag.py
[2024-03-23T00:03:36.603+0000] {processor.py:830} INFO - Processing file /home/airflow/.local/lib/python3.8/site-packages/airflow/example_dags/example_nested_branch_dag.py for tasks to queue
[2024-03-23T00:03:36.607+0000] {logging_mixin.py:188} INFO - [2024-03-23T00:03:36.606+0000] {dagbag.py:540} INFO - Filling up the DagBag from /home/airflow/.local/lib/python3.8/site-packages/airflow/example_dags/example_nested_branch_dag.py
[2024-03-23T00:03:36.626+0000] {processor.py:840} INFO - DAG(s) 'example_nested_branch_dag' retrieved from /home/airflow/.local/lib/python3.8/site-packages/airflow/example_dags/example_nested_branch_dag.py
[2024-03-23T00:03:36.672+0000] {logging_mixin.py:188} INFO - [2024-03-23T00:03:36.671+0000] {dag.py:3047} INFO - Sync 1 DAGs
[2024-03-23T00:03:36.706+0000] {logging_mixin.py:188} INFO - [2024-03-23T00:03:36.705+0000] {dag.py:3834} INFO - Setting next_dagrun for example_nested_branch_dag to 2024-03-22 00:00:00+00:00, run_after=2024-03-23 00:00:00+00:00
[2024-03-23T00:03:36.738+0000] {processor.py:183} INFO - Processing /home/airflow/.local/lib/python3.8/site-packages/airflow/example_dags/example_nested_branch_dag.py took 0.144 seconds
[2024-03-23T00:04:07.344+0000] {processor.py:161} INFO - Started process (PID=105) to work on /home/airflow/.local/lib/python3.8/site-packages/airflow/example_dags/example_nested_branch_dag.py
[2024-03-23T00:04:07.346+0000] {processor.py:830} INFO - Processing file /home/airflow/.local/lib/python3.8/site-packages/airflow/example_dags/example_nested_branch_dag.py for tasks to queue
[2024-03-23T00:04:07.348+0000] {logging_mixin.py:188} INFO - [2024-03-23T00:04:07.347+0000] {dagbag.py:540} INFO - Filling up the DagBag from /home/airflow/.local/lib/python3.8/site-packages/airflow/example_dags/example_nested_branch_dag.py
[2024-03-23T00:04:07.361+0000] {processor.py:840} INFO - DAG(s) 'example_nested_branch_dag' retrieved from /home/airflow/.local/lib/python3.8/site-packages/airflow/example_dags/example_nested_branch_dag.py
[2024-03-23T00:04:07.387+0000] {logging_mixin.py:188} INFO - [2024-03-23T00:04:07.387+0000] {dag.py:3047} INFO - Sync 1 DAGs
[2024-03-23T00:04:07.417+0000] {logging_mixin.py:188} INFO - [2024-03-23T00:04:07.416+0000] {dag.py:3834} INFO - Setting next_dagrun for example_nested_branch_dag to 2024-03-22 00:00:00+00:00, run_after=2024-03-23 00:00:00+00:00
[2024-03-23T00:04:07.436+0000] {processor.py:183} INFO - Processing /home/airflow/.local/lib/python3.8/site-packages/airflow/example_dags/example_nested_branch_dag.py took 0.096 seconds
[2024-03-23T00:04:37.773+0000] {processor.py:161} INFO - Started process (PID=160) to work on /home/airflow/.local/lib/python3.8/site-packages/airflow/example_dags/example_nested_branch_dag.py
[2024-03-23T00:04:37.774+0000] {processor.py:830} INFO - Processing file /home/airflow/.local/lib/python3.8/site-packages/airflow/example_dags/example_nested_branch_dag.py for tasks to queue
[2024-03-23T00:04:37.777+0000] {logging_mixin.py:188} INFO - [2024-03-23T00:04:37.776+0000] {dagbag.py:540} INFO - Filling up the DagBag from /home/airflow/.local/lib/python3.8/site-packages/airflow/example_dags/example_nested_branch_dag.py
[2024-03-23T00:04:37.789+0000] {processor.py:840} INFO - DAG(s) 'example_nested_branch_dag' retrieved from /home/airflow/.local/lib/python3.8/site-packages/airflow/example_dags/example_nested_branch_dag.py
[2024-03-23T00:04:37.814+0000] {logging_mixin.py:188} INFO - [2024-03-23T00:04:37.814+0000] {dag.py:3047} INFO - Sync 1 DAGs
[2024-03-23T00:04:37.843+0000] {logging_mixin.py:188} INFO - [2024-03-23T00:04:37.842+0000] {dag.py:3834} INFO - Setting next_dagrun for example_nested_branch_dag to 2024-03-22 00:00:00+00:00, run_after=2024-03-23 00:00:00+00:00
[2024-03-23T00:04:37.866+0000] {processor.py:183} INFO - Processing /home/airflow/.local/lib/python3.8/site-packages/airflow/example_dags/example_nested_branch_dag.py took 0.098 seconds
[2024-03-23T00:05:08.019+0000] {processor.py:161} INFO - Started process (PID=215) to work on /home/airflow/.local/lib/python3.8/site-packages/airflow/example_dags/example_nested_branch_dag.py
[2024-03-23T00:05:08.020+0000] {processor.py:830} INFO - Processing file /home/airflow/.local/lib/python3.8/site-packages/airflow/example_dags/example_nested_branch_dag.py for tasks to queue
[2024-03-23T00:05:08.022+0000] {logging_mixin.py:188} INFO - [2024-03-23T00:05:08.022+0000] {dagbag.py:540} INFO - Filling up the DagBag from /home/airflow/.local/lib/python3.8/site-packages/airflow/example_dags/example_nested_branch_dag.py
[2024-03-23T00:05:08.034+0000] {processor.py:840} INFO - DAG(s) 'example_nested_branch_dag' retrieved from /home/airflow/.local/lib/python3.8/site-packages/airflow/example_dags/example_nested_branch_dag.py
[2024-03-23T00:05:08.059+0000] {logging_mixin.py:188} INFO - [2024-03-23T00:05:08.058+0000] {dag.py:3047} INFO - Sync 1 DAGs
[2024-03-23T00:05:08.086+0000] {logging_mixin.py:188} INFO - [2024-03-23T00:05:08.085+0000] {dag.py:3834} INFO - Setting next_dagrun for example_nested_branch_dag to 2024-03-22 00:00:00+00:00, run_after=2024-03-23 00:00:00+00:00
[2024-03-23T00:05:08.106+0000] {processor.py:183} INFO - Processing /home/airflow/.local/lib/python3.8/site-packages/airflow/example_dags/example_nested_branch_dag.py took 0.091 seconds
[2024-03-23T00:05:38.257+0000] {processor.py:161} INFO - Started process (PID=270) to work on /home/airflow/.local/lib/python3.8/site-packages/airflow/example_dags/example_nested_branch_dag.py
[2024-03-23T00:05:38.258+0000] {processor.py:830} INFO - Processing file /home/airflow/.local/lib/python3.8/site-packages/airflow/example_dags/example_nested_branch_dag.py for tasks to queue
[2024-03-23T00:05:38.260+0000] {logging_mixin.py:188} INFO - [2024-03-23T00:05:38.260+0000] {dagbag.py:540} INFO - Filling up the DagBag from /home/airflow/.local/lib/python3.8/site-packages/airflow/example_dags/example_nested_branch_dag.py
[2024-03-23T00:05:38.273+0000] {processor.py:840} INFO - DAG(s) 'example_nested_branch_dag' retrieved from /home/airflow/.local/lib/python3.8/site-packages/airflow/example_dags/example_nested_branch_dag.py
[2024-03-23T00:05:38.300+0000] {logging_mixin.py:188} INFO - [2024-03-23T00:05:38.300+0000] {dag.py:3047} INFO - Sync 1 DAGs
[2024-03-23T00:05:38.330+0000] {logging_mixin.py:188} INFO - [2024-03-23T00:05:38.329+0000] {dag.py:3834} INFO - Setting next_dagrun for example_nested_branch_dag to 2024-03-22 00:00:00+00:00, run_after=2024-03-23 00:00:00+00:00
[2024-03-23T00:05:38.351+0000] {processor.py:183} INFO - Processing /home/airflow/.local/lib/python3.8/site-packages/airflow/example_dags/example_nested_branch_dag.py took 0.099 seconds
[2024-03-23T00:06:08.601+0000] {processor.py:161} INFO - Started process (PID=325) to work on /home/airflow/.local/lib/python3.8/site-packages/airflow/example_dags/example_nested_branch_dag.py
[2024-03-23T00:06:08.603+0000] {processor.py:830} INFO - Processing file /home/airflow/.local/lib/python3.8/site-packages/airflow/example_dags/example_nested_branch_dag.py for tasks to queue
[2024-03-23T00:06:08.605+0000] {logging_mixin.py:188} INFO - [2024-03-23T00:06:08.604+0000] {dagbag.py:540} INFO - Filling up the DagBag from /home/airflow/.local/lib/python3.8/site-packages/airflow/example_dags/example_nested_branch_dag.py
[2024-03-23T00:06:08.617+0000] {processor.py:840} INFO - DAG(s) 'example_nested_branch_dag' retrieved from /home/airflow/.local/lib/python3.8/site-packages/airflow/example_dags/example_nested_branch_dag.py
[2024-03-23T00:06:08.646+0000] {logging_mixin.py:188} INFO - [2024-03-23T00:06:08.645+0000] {dag.py:3047} INFO - Sync 1 DAGs
[2024-03-23T00:06:08.674+0000] {logging_mixin.py:188} INFO - [2024-03-23T00:06:08.673+0000] {dag.py:3834} INFO - Setting next_dagrun for example_nested_branch_dag to 2024-03-22 00:00:00+00:00, run_after=2024-03-23 00:00:00+00:00
[2024-03-23T00:06:08.696+0000] {processor.py:183} INFO - Processing /home/airflow/.local/lib/python3.8/site-packages/airflow/example_dags/example_nested_branch_dag.py took 0.099 seconds
[2024-03-23T00:06:39.159+0000] {processor.py:161} INFO - Started process (PID=380) to work on /home/airflow/.local/lib/python3.8/site-packages/airflow/example_dags/example_nested_branch_dag.py
[2024-03-23T00:06:39.160+0000] {processor.py:830} INFO - Processing file /home/airflow/.local/lib/python3.8/site-packages/airflow/example_dags/example_nested_branch_dag.py for tasks to queue
[2024-03-23T00:06:39.162+0000] {logging_mixin.py:188} INFO - [2024-03-23T00:06:39.162+0000] {dagbag.py:540} INFO - Filling up the DagBag from /home/airflow/.local/lib/python3.8/site-packages/airflow/example_dags/example_nested_branch_dag.py
[2024-03-23T00:06:39.175+0000] {processor.py:840} INFO - DAG(s) 'example_nested_branch_dag' retrieved from /home/airflow/.local/lib/python3.8/site-packages/airflow/example_dags/example_nested_branch_dag.py
[2024-03-23T00:06:39.203+0000] {logging_mixin.py:188} INFO - [2024-03-23T00:06:39.202+0000] {dag.py:3047} INFO - Sync 1 DAGs
[2024-03-23T00:06:39.230+0000] {logging_mixin.py:188} INFO - [2024-03-23T00:06:39.230+0000] {dag.py:3834} INFO - Setting next_dagrun for example_nested_branch_dag to 2024-03-22 00:00:00+00:00, run_after=2024-03-23 00:00:00+00:00
[2024-03-23T00:06:39.251+0000] {processor.py:183} INFO - Processing /home/airflow/.local/lib/python3.8/site-packages/airflow/example_dags/example_nested_branch_dag.py took 0.097 seconds
[2024-03-23T00:07:09.652+0000] {processor.py:161} INFO - Started process (PID=435) to work on /home/airflow/.local/lib/python3.8/site-packages/airflow/example_dags/example_nested_branch_dag.py
[2024-03-23T00:07:09.653+0000] {processor.py:830} INFO - Processing file /home/airflow/.local/lib/python3.8/site-packages/airflow/example_dags/example_nested_branch_dag.py for tasks to queue
[2024-03-23T00:07:09.655+0000] {logging_mixin.py:188} INFO - [2024-03-23T00:07:09.655+0000] {dagbag.py:540} INFO - Filling up the DagBag from /home/airflow/.local/lib/python3.8/site-packages/airflow/example_dags/example_nested_branch_dag.py
[2024-03-23T00:07:09.668+0000] {processor.py:840} INFO - DAG(s) 'example_nested_branch_dag' retrieved from /home/airflow/.local/lib/python3.8/site-packages/airflow/example_dags/example_nested_branch_dag.py
[2024-03-23T00:07:09.696+0000] {logging_mixin.py:188} INFO - [2024-03-23T00:07:09.696+0000] {dag.py:3047} INFO - Sync 1 DAGs
[2024-03-23T00:07:09.727+0000] {logging_mixin.py:188} INFO - [2024-03-23T00:07:09.727+0000] {dag.py:3834} INFO - Setting next_dagrun for example_nested_branch_dag to 2024-03-22 00:00:00+00:00, run_after=2024-03-23 00:00:00+00:00
[2024-03-23T00:07:09.750+0000] {processor.py:183} INFO - Processing /home/airflow/.local/lib/python3.8/site-packages/airflow/example_dags/example_nested_branch_dag.py took 0.102 seconds
[2024-03-23T00:07:40.017+0000] {processor.py:161} INFO - Started process (PID=490) to work on /home/airflow/.local/lib/python3.8/site-packages/airflow/example_dags/example_nested_branch_dag.py
[2024-03-23T00:07:40.018+0000] {processor.py:830} INFO - Processing file /home/airflow/.local/lib/python3.8/site-packages/airflow/example_dags/example_nested_branch_dag.py for tasks to queue
[2024-03-23T00:07:40.020+0000] {logging_mixin.py:188} INFO - [2024-03-23T00:07:40.020+0000] {dagbag.py:540} INFO - Filling up the DagBag from /home/airflow/.local/lib/python3.8/site-packages/airflow/example_dags/example_nested_branch_dag.py
[2024-03-23T00:07:40.032+0000] {processor.py:840} INFO - DAG(s) 'example_nested_branch_dag' retrieved from /home/airflow/.local/lib/python3.8/site-packages/airflow/example_dags/example_nested_branch_dag.py
[2024-03-23T00:07:40.064+0000] {logging_mixin.py:188} INFO - [2024-03-23T00:07:40.064+0000] {dag.py:3047} INFO - Sync 1 DAGs
[2024-03-23T00:07:40.094+0000] {logging_mixin.py:188} INFO - [2024-03-23T00:07:40.094+0000] {dag.py:3834} INFO - Setting next_dagrun for example_nested_branch_dag to 2024-03-22 00:00:00+00:00, run_after=2024-03-23 00:00:00+00:00
[2024-03-23T00:07:40.116+0000] {processor.py:183} INFO - Processing /home/airflow/.local/lib/python3.8/site-packages/airflow/example_dags/example_nested_branch_dag.py took 0.103 seconds
[2024-03-23T00:08:10.333+0000] {processor.py:161} INFO - Started process (PID=545) to work on /home/airflow/.local/lib/python3.8/site-packages/airflow/example_dags/example_nested_branch_dag.py
[2024-03-23T00:08:10.334+0000] {processor.py:830} INFO - Processing file /home/airflow/.local/lib/python3.8/site-packages/airflow/example_dags/example_nested_branch_dag.py for tasks to queue
[2024-03-23T00:08:10.336+0000] {logging_mixin.py:188} INFO - [2024-03-23T00:08:10.336+0000] {dagbag.py:540} INFO - Filling up the DagBag from /home/airflow/.local/lib/python3.8/site-packages/airflow/example_dags/example_nested_branch_dag.py
[2024-03-23T00:08:10.348+0000] {processor.py:840} INFO - DAG(s) 'example_nested_branch_dag' retrieved from /home/airflow/.local/lib/python3.8/site-packages/airflow/example_dags/example_nested_branch_dag.py
[2024-03-23T00:08:10.374+0000] {logging_mixin.py:188} INFO - [2024-03-23T00:08:10.374+0000] {dag.py:3047} INFO - Sync 1 DAGs
[2024-03-23T00:08:10.402+0000] {logging_mixin.py:188} INFO - [2024-03-23T00:08:10.402+0000] {dag.py:3834} INFO - Setting next_dagrun for example_nested_branch_dag to 2024-03-22 00:00:00+00:00, run_after=2024-03-23 00:00:00+00:00
[2024-03-23T00:08:10.430+0000] {processor.py:183} INFO - Processing /home/airflow/.local/lib/python3.8/site-packages/airflow/example_dags/example_nested_branch_dag.py took 0.101 seconds
[2024-03-23T00:08:40.620+0000] {processor.py:161} INFO - Started process (PID=600) to work on /home/airflow/.local/lib/python3.8/site-packages/airflow/example_dags/example_nested_branch_dag.py
[2024-03-23T00:08:40.621+0000] {processor.py:830} INFO - Processing file /home/airflow/.local/lib/python3.8/site-packages/airflow/example_dags/example_nested_branch_dag.py for tasks to queue
[2024-03-23T00:08:40.624+0000] {logging_mixin.py:188} INFO - [2024-03-23T00:08:40.624+0000] {dagbag.py:540} INFO - Filling up the DagBag from /home/airflow/.local/lib/python3.8/site-packages/airflow/example_dags/example_nested_branch_dag.py
[2024-03-23T00:08:40.638+0000] {processor.py:840} INFO - DAG(s) 'example_nested_branch_dag' retrieved from /home/airflow/.local/lib/python3.8/site-packages/airflow/example_dags/example_nested_branch_dag.py
[2024-03-23T00:08:40.666+0000] {logging_mixin.py:188} INFO - [2024-03-23T00:08:40.666+0000] {dag.py:3047} INFO - Sync 1 DAGs
[2024-03-23T00:08:40.695+0000] {logging_mixin.py:188} INFO - [2024-03-23T00:08:40.695+0000] {dag.py:3834} INFO - Setting next_dagrun for example_nested_branch_dag to 2024-03-22 00:00:00+00:00, run_after=2024-03-23 00:00:00+00:00
[2024-03-23T00:08:40.716+0000] {processor.py:183} INFO - Processing /home/airflow/.local/lib/python3.8/site-packages/airflow/example_dags/example_nested_branch_dag.py took 0.101 seconds
[2024-03-23T00:09:11.025+0000] {processor.py:161} INFO - Started process (PID=655) to work on /home/airflow/.local/lib/python3.8/site-packages/airflow/example_dags/example_nested_branch_dag.py
[2024-03-23T00:09:11.026+0000] {processor.py:830} INFO - Processing file /home/airflow/.local/lib/python3.8/site-packages/airflow/example_dags/example_nested_branch_dag.py for tasks to queue
[2024-03-23T00:09:11.028+0000] {logging_mixin.py:188} INFO - [2024-03-23T00:09:11.028+0000] {dagbag.py:540} INFO - Filling up the DagBag from /home/airflow/.local/lib/python3.8/site-packages/airflow/example_dags/example_nested_branch_dag.py
[2024-03-23T00:09:11.041+0000] {processor.py:840} INFO - DAG(s) 'example_nested_branch_dag' retrieved from /home/airflow/.local/lib/python3.8/site-packages/airflow/example_dags/example_nested_branch_dag.py
[2024-03-23T00:09:11.067+0000] {logging_mixin.py:188} INFO - [2024-03-23T00:09:11.067+0000] {dag.py:3047} INFO - Sync 1 DAGs
[2024-03-23T00:09:11.101+0000] {logging_mixin.py:188} INFO - [2024-03-23T00:09:11.101+0000] {dag.py:3834} INFO - Setting next_dagrun for example_nested_branch_dag to 2024-03-22 00:00:00+00:00, run_after=2024-03-23 00:00:00+00:00
[2024-03-23T00:09:11.124+0000] {processor.py:183} INFO - Processing /home/airflow/.local/lib/python3.8/site-packages/airflow/example_dags/example_nested_branch_dag.py took 0.103 seconds
[2024-03-23T00:09:41.217+0000] {processor.py:161} INFO - Started process (PID=710) to work on /home/airflow/.local/lib/python3.8/site-packages/airflow/example_dags/example_nested_branch_dag.py
[2024-03-23T00:09:41.218+0000] {processor.py:830} INFO - Processing file /home/airflow/.local/lib/python3.8/site-packages/airflow/example_dags/example_nested_branch_dag.py for tasks to queue
[2024-03-23T00:09:41.221+0000] {logging_mixin.py:188} INFO - [2024-03-23T00:09:41.220+0000] {dagbag.py:540} INFO - Filling up the DagBag from /home/airflow/.local/lib/python3.8/site-packages/airflow/example_dags/example_nested_branch_dag.py
[2024-03-23T00:09:41.233+0000] {processor.py:840} INFO - DAG(s) 'example_nested_branch_dag' retrieved from /home/airflow/.local/lib/python3.8/site-packages/airflow/example_dags/example_nested_branch_dag.py
[2024-03-23T00:09:41.261+0000] {logging_mixin.py:188} INFO - [2024-03-23T00:09:41.260+0000] {dag.py:3047} INFO - Sync 1 DAGs
[2024-03-23T00:09:41.288+0000] {logging_mixin.py:188} INFO - [2024-03-23T00:09:41.288+0000] {dag.py:3834} INFO - Setting next_dagrun for example_nested_branch_dag to 2024-03-22 00:00:00+00:00, run_after=2024-03-23 00:00:00+00:00
[2024-03-23T00:09:41.309+0000] {processor.py:183} INFO - Processing /home/airflow/.local/lib/python3.8/site-packages/airflow/example_dags/example_nested_branch_dag.py took 0.096 seconds
[2024-03-23T00:10:11.557+0000] {processor.py:161} INFO - Started process (PID=765) to work on /home/airflow/.local/lib/python3.8/site-packages/airflow/example_dags/example_nested_branch_dag.py
[2024-03-23T00:10:11.559+0000] {processor.py:830} INFO - Processing file /home/airflow/.local/lib/python3.8/site-packages/airflow/example_dags/example_nested_branch_dag.py for tasks to queue
[2024-03-23T00:10:11.561+0000] {logging_mixin.py:188} INFO - [2024-03-23T00:10:11.561+0000] {dagbag.py:540} INFO - Filling up the DagBag from /home/airflow/.local/lib/python3.8/site-packages/airflow/example_dags/example_nested_branch_dag.py
[2024-03-23T00:10:11.575+0000] {processor.py:840} INFO - DAG(s) 'example_nested_branch_dag' retrieved from /home/airflow/.local/lib/python3.8/site-packages/airflow/example_dags/example_nested_branch_dag.py
[2024-03-23T00:10:11.615+0000] {logging_mixin.py:188} INFO - [2024-03-23T00:10:11.614+0000] {dag.py:3047} INFO - Sync 1 DAGs
[2024-03-23T00:10:11.649+0000] {logging_mixin.py:188} INFO - [2024-03-23T00:10:11.649+0000] {dag.py:3834} INFO - Setting next_dagrun for example_nested_branch_dag to 2024-03-22 00:00:00+00:00, run_after=2024-03-23 00:00:00+00:00
[2024-03-23T00:10:11.684+0000] {processor.py:183} INFO - Processing /home/airflow/.local/lib/python3.8/site-packages/airflow/example_dags/example_nested_branch_dag.py took 0.131 seconds
[2024-03-23T00:10:41.798+0000] {processor.py:161} INFO - Started process (PID=820) to work on /home/airflow/.local/lib/python3.8/site-packages/airflow/example_dags/example_nested_branch_dag.py
[2024-03-23T00:10:41.799+0000] {processor.py:830} INFO - Processing file /home/airflow/.local/lib/python3.8/site-packages/airflow/example_dags/example_nested_branch_dag.py for tasks to queue
[2024-03-23T00:10:41.801+0000] {logging_mixin.py:188} INFO - [2024-03-23T00:10:41.801+0000] {dagbag.py:540} INFO - Filling up the DagBag from /home/airflow/.local/lib/python3.8/site-packages/airflow/example_dags/example_nested_branch_dag.py
[2024-03-23T00:10:41.813+0000] {processor.py:840} INFO - DAG(s) 'example_nested_branch_dag' retrieved from /home/airflow/.local/lib/python3.8/site-packages/airflow/example_dags/example_nested_branch_dag.py
[2024-03-23T00:10:41.839+0000] {logging_mixin.py:188} INFO - [2024-03-23T00:10:41.839+0000] {dag.py:3047} INFO - Sync 1 DAGs
[2024-03-23T00:10:41.866+0000] {logging_mixin.py:188} INFO - [2024-03-23T00:10:41.866+0000] {dag.py:3834} INFO - Setting next_dagrun for example_nested_branch_dag to 2024-03-22 00:00:00+00:00, run_after=2024-03-23 00:00:00+00:00
[2024-03-23T00:10:41.887+0000] {processor.py:183} INFO - Processing /home/airflow/.local/lib/python3.8/site-packages/airflow/example_dags/example_nested_branch_dag.py took 0.093 seconds
[2024-03-23T00:11:12.270+0000] {processor.py:161} INFO - Started process (PID=875) to work on /home/airflow/.local/lib/python3.8/site-packages/airflow/example_dags/example_nested_branch_dag.py
[2024-03-23T00:11:12.271+0000] {processor.py:830} INFO - Processing file /home/airflow/.local/lib/python3.8/site-packages/airflow/example_dags/example_nested_branch_dag.py for tasks to queue
[2024-03-23T00:11:12.273+0000] {logging_mixin.py:188} INFO - [2024-03-23T00:11:12.273+0000] {dagbag.py:540} INFO - Filling up the DagBag from /home/airflow/.local/lib/python3.8/site-packages/airflow/example_dags/example_nested_branch_dag.py
[2024-03-23T00:11:12.285+0000] {processor.py:840} INFO - DAG(s) 'example_nested_branch_dag' retrieved from /home/airflow/.local/lib/python3.8/site-packages/airflow/example_dags/example_nested_branch_dag.py
[2024-03-23T00:11:12.312+0000] {logging_mixin.py:188} INFO - [2024-03-23T00:11:12.311+0000] {dag.py:3047} INFO - Sync 1 DAGs
[2024-03-23T00:11:12.343+0000] {logging_mixin.py:188} INFO - [2024-03-23T00:11:12.343+0000] {dag.py:3834} INFO - Setting next_dagrun for example_nested_branch_dag to 2024-03-22 00:00:00+00:00, run_after=2024-03-23 00:00:00+00:00
[2024-03-23T00:11:12.363+0000] {processor.py:183} INFO - Processing /home/airflow/.local/lib/python3.8/site-packages/airflow/example_dags/example_nested_branch_dag.py took 0.097 seconds
[2024-03-23T00:11:42.606+0000] {processor.py:161} INFO - Started process (PID=930) to work on /home/airflow/.local/lib/python3.8/site-packages/airflow/example_dags/example_nested_branch_dag.py
[2024-03-23T00:11:42.608+0000] {processor.py:830} INFO - Processing file /home/airflow/.local/lib/python3.8/site-packages/airflow/example_dags/example_nested_branch_dag.py for tasks to queue
[2024-03-23T00:11:42.610+0000] {logging_mixin.py:188} INFO - [2024-03-23T00:11:42.610+0000] {dagbag.py:540} INFO - Filling up the DagBag from /home/airflow/.local/lib/python3.8/site-packages/airflow/example_dags/example_nested_branch_dag.py
[2024-03-23T00:11:42.624+0000] {processor.py:840} INFO - DAG(s) 'example_nested_branch_dag' retrieved from /home/airflow/.local/lib/python3.8/site-packages/airflow/example_dags/example_nested_branch_dag.py
[2024-03-23T00:11:42.662+0000] {logging_mixin.py:188} INFO - [2024-03-23T00:11:42.661+0000] {dag.py:3047} INFO - Sync 1 DAGs
[2024-03-23T00:11:42.712+0000] {logging_mixin.py:188} INFO - [2024-03-23T00:11:42.711+0000] {dag.py:3834} INFO - Setting next_dagrun for example_nested_branch_dag to 2024-03-22 00:00:00+00:00, run_after=2024-03-23 00:00:00+00:00
[2024-03-23T00:11:42.740+0000] {processor.py:183} INFO - Processing /home/airflow/.local/lib/python3.8/site-packages/airflow/example_dags/example_nested_branch_dag.py took 0.138 seconds
[2024-03-23T00:12:12.978+0000] {processor.py:161} INFO - Started process (PID=985) to work on /home/airflow/.local/lib/python3.8/site-packages/airflow/example_dags/example_nested_branch_dag.py
[2024-03-23T00:12:12.979+0000] {processor.py:830} INFO - Processing file /home/airflow/.local/lib/python3.8/site-packages/airflow/example_dags/example_nested_branch_dag.py for tasks to queue
[2024-03-23T00:12:12.981+0000] {logging_mixin.py:188} INFO - [2024-03-23T00:12:12.981+0000] {dagbag.py:540} INFO - Filling up the DagBag from /home/airflow/.local/lib/python3.8/site-packages/airflow/example_dags/example_nested_branch_dag.py
[2024-03-23T00:12:12.993+0000] {processor.py:840} INFO - DAG(s) 'example_nested_branch_dag' retrieved from /home/airflow/.local/lib/python3.8/site-packages/airflow/example_dags/example_nested_branch_dag.py
[2024-03-23T00:12:13.019+0000] {logging_mixin.py:188} INFO - [2024-03-23T00:12:13.019+0000] {dag.py:3047} INFO - Sync 1 DAGs
[2024-03-23T00:12:13.046+0000] {logging_mixin.py:188} INFO - [2024-03-23T00:12:13.045+0000] {dag.py:3834} INFO - Setting next_dagrun for example_nested_branch_dag to 2024-03-22 00:00:00+00:00, run_after=2024-03-23 00:00:00+00:00
[2024-03-23T00:12:13.067+0000] {processor.py:183} INFO - Processing /home/airflow/.local/lib/python3.8/site-packages/airflow/example_dags/example_nested_branch_dag.py took 0.094 seconds
[2024-03-23T00:12:43.499+0000] {processor.py:161} INFO - Started process (PID=1040) to work on /home/airflow/.local/lib/python3.8/site-packages/airflow/example_dags/example_nested_branch_dag.py
[2024-03-23T00:12:43.501+0000] {processor.py:830} INFO - Processing file /home/airflow/.local/lib/python3.8/site-packages/airflow/example_dags/example_nested_branch_dag.py for tasks to queue
[2024-03-23T00:12:43.503+0000] {logging_mixin.py:188} INFO - [2024-03-23T00:12:43.502+0000] {dagbag.py:540} INFO - Filling up the DagBag from /home/airflow/.local/lib/python3.8/site-packages/airflow/example_dags/example_nested_branch_dag.py
[2024-03-23T00:12:43.515+0000] {processor.py:840} INFO - DAG(s) 'example_nested_branch_dag' retrieved from /home/airflow/.local/lib/python3.8/site-packages/airflow/example_dags/example_nested_branch_dag.py
[2024-03-23T00:12:43.540+0000] {logging_mixin.py:188} INFO - [2024-03-23T00:12:43.539+0000] {dag.py:3047} INFO - Sync 1 DAGs
[2024-03-23T00:12:43.566+0000] {logging_mixin.py:188} INFO - [2024-03-23T00:12:43.566+0000] {dag.py:3834} INFO - Setting next_dagrun for example_nested_branch_dag to 2024-03-22 00:00:00+00:00, run_after=2024-03-23 00:00:00+00:00
[2024-03-23T00:12:43.586+0000] {processor.py:183} INFO - Processing /home/airflow/.local/lib/python3.8/site-packages/airflow/example_dags/example_nested_branch_dag.py took 0.090 seconds
[2024-03-23T00:13:13.920+0000] {processor.py:161} INFO - Started process (PID=1095) to work on /home/airflow/.local/lib/python3.8/site-packages/airflow/example_dags/example_nested_branch_dag.py
[2024-03-23T00:13:13.921+0000] {processor.py:830} INFO - Processing file /home/airflow/.local/lib/python3.8/site-packages/airflow/example_dags/example_nested_branch_dag.py for tasks to queue
[2024-03-23T00:13:13.923+0000] {logging_mixin.py:188} INFO - [2024-03-23T00:13:13.923+0000] {dagbag.py:540} INFO - Filling up the DagBag from /home/airflow/.local/lib/python3.8/site-packages/airflow/example_dags/example_nested_branch_dag.py
[2024-03-23T00:13:13.936+0000] {processor.py:840} INFO - DAG(s) 'example_nested_branch_dag' retrieved from /home/airflow/.local/lib/python3.8/site-packages/airflow/example_dags/example_nested_branch_dag.py
[2024-03-23T00:13:13.961+0000] {logging_mixin.py:188} INFO - [2024-03-23T00:13:13.960+0000] {dag.py:3047} INFO - Sync 1 DAGs
[2024-03-23T00:13:13.988+0000] {logging_mixin.py:188} INFO - [2024-03-23T00:13:13.987+0000] {dag.py:3834} INFO - Setting next_dagrun for example_nested_branch_dag to 2024-03-22 00:00:00+00:00, run_after=2024-03-23 00:00:00+00:00
[2024-03-23T00:13:14.007+0000] {processor.py:183} INFO - Processing /home/airflow/.local/lib/python3.8/site-packages/airflow/example_dags/example_nested_branch_dag.py took 0.091 seconds
[2024-03-23T00:13:44.356+0000] {processor.py:161} INFO - Started process (PID=1150) to work on /home/airflow/.local/lib/python3.8/site-packages/airflow/example_dags/example_nested_branch_dag.py
[2024-03-23T00:13:44.357+0000] {processor.py:830} INFO - Processing file /home/airflow/.local/lib/python3.8/site-packages/airflow/example_dags/example_nested_branch_dag.py for tasks to queue
[2024-03-23T00:13:44.360+0000] {logging_mixin.py:188} INFO - [2024-03-23T00:13:44.359+0000] {dagbag.py:540} INFO - Filling up the DagBag from /home/airflow/.local/lib/python3.8/site-packages/airflow/example_dags/example_nested_branch_dag.py
[2024-03-23T00:13:44.372+0000] {processor.py:840} INFO - DAG(s) 'example_nested_branch_dag' retrieved from /home/airflow/.local/lib/python3.8/site-packages/airflow/example_dags/example_nested_branch_dag.py
[2024-03-23T00:13:44.399+0000] {logging_mixin.py:188} INFO - [2024-03-23T00:13:44.399+0000] {dag.py:3047} INFO - Sync 1 DAGs
[2024-03-23T00:13:44.427+0000] {logging_mixin.py:188} INFO - [2024-03-23T00:13:44.427+0000] {dag.py:3834} INFO - Setting next_dagrun for example_nested_branch_dag to 2024-03-22 00:00:00+00:00, run_after=2024-03-23 00:00:00+00:00
[2024-03-23T00:13:44.448+0000] {processor.py:183} INFO - Processing /home/airflow/.local/lib/python3.8/site-packages/airflow/example_dags/example_nested_branch_dag.py took 0.096 seconds
[2024-03-23T00:14:14.918+0000] {processor.py:161} INFO - Started process (PID=1205) to work on /home/airflow/.local/lib/python3.8/site-packages/airflow/example_dags/example_nested_branch_dag.py
[2024-03-23T00:14:14.919+0000] {processor.py:830} INFO - Processing file /home/airflow/.local/lib/python3.8/site-packages/airflow/example_dags/example_nested_branch_dag.py for tasks to queue
[2024-03-23T00:14:14.921+0000] {logging_mixin.py:188} INFO - [2024-03-23T00:14:14.921+0000] {dagbag.py:540} INFO - Filling up the DagBag from /home/airflow/.local/lib/python3.8/site-packages/airflow/example_dags/example_nested_branch_dag.py
[2024-03-23T00:14:14.937+0000] {processor.py:840} INFO - DAG(s) 'example_nested_branch_dag' retrieved from /home/airflow/.local/lib/python3.8/site-packages/airflow/example_dags/example_nested_branch_dag.py
[2024-03-23T00:14:14.974+0000] {logging_mixin.py:188} INFO - [2024-03-23T00:14:14.974+0000] {dag.py:3047} INFO - Sync 1 DAGs
[2024-03-23T00:14:15.019+0000] {logging_mixin.py:188} INFO - [2024-03-23T00:14:15.018+0000] {dag.py:3834} INFO - Setting next_dagrun for example_nested_branch_dag to 2024-03-22 00:00:00+00:00, run_after=2024-03-23 00:00:00+00:00
[2024-03-23T00:14:15.041+0000] {processor.py:183} INFO - Processing /home/airflow/.local/lib/python3.8/site-packages/airflow/example_dags/example_nested_branch_dag.py took 0.127 seconds
[2024-03-23T00:14:45.422+0000] {processor.py:161} INFO - Started process (PID=1260) to work on /home/airflow/.local/lib/python3.8/site-packages/airflow/example_dags/example_nested_branch_dag.py
[2024-03-23T00:14:45.424+0000] {processor.py:830} INFO - Processing file /home/airflow/.local/lib/python3.8/site-packages/airflow/example_dags/example_nested_branch_dag.py for tasks to queue
[2024-03-23T00:14:45.426+0000] {logging_mixin.py:188} INFO - [2024-03-23T00:14:45.425+0000] {dagbag.py:540} INFO - Filling up the DagBag from /home/airflow/.local/lib/python3.8/site-packages/airflow/example_dags/example_nested_branch_dag.py
[2024-03-23T00:14:45.438+0000] {processor.py:840} INFO - DAG(s) 'example_nested_branch_dag' retrieved from /home/airflow/.local/lib/python3.8/site-packages/airflow/example_dags/example_nested_branch_dag.py
[2024-03-23T00:14:45.463+0000] {logging_mixin.py:188} INFO - [2024-03-23T00:14:45.463+0000] {dag.py:3047} INFO - Sync 1 DAGs
[2024-03-23T00:14:45.490+0000] {logging_mixin.py:188} INFO - [2024-03-23T00:14:45.490+0000] {dag.py:3834} INFO - Setting next_dagrun for example_nested_branch_dag to 2024-03-22 00:00:00+00:00, run_after=2024-03-23 00:00:00+00:00
[2024-03-23T00:14:45.526+0000] {processor.py:183} INFO - Processing /home/airflow/.local/lib/python3.8/site-packages/airflow/example_dags/example_nested_branch_dag.py took 0.107 seconds
[2024-03-23T00:15:15.805+0000] {processor.py:161} INFO - Started process (PID=1315) to work on /home/airflow/.local/lib/python3.8/site-packages/airflow/example_dags/example_nested_branch_dag.py
[2024-03-23T00:15:15.807+0000] {processor.py:830} INFO - Processing file /home/airflow/.local/lib/python3.8/site-packages/airflow/example_dags/example_nested_branch_dag.py for tasks to queue
[2024-03-23T00:15:15.809+0000] {logging_mixin.py:188} INFO - [2024-03-23T00:15:15.808+0000] {dagbag.py:540} INFO - Filling up the DagBag from /home/airflow/.local/lib/python3.8/site-packages/airflow/example_dags/example_nested_branch_dag.py
[2024-03-23T00:15:15.821+0000] {processor.py:840} INFO - DAG(s) 'example_nested_branch_dag' retrieved from /home/airflow/.local/lib/python3.8/site-packages/airflow/example_dags/example_nested_branch_dag.py
[2024-03-23T00:15:15.851+0000] {logging_mixin.py:188} INFO - [2024-03-23T00:15:15.851+0000] {dag.py:3047} INFO - Sync 1 DAGs
[2024-03-23T00:15:15.879+0000] {logging_mixin.py:188} INFO - [2024-03-23T00:15:15.879+0000] {dag.py:3834} INFO - Setting next_dagrun for example_nested_branch_dag to 2024-03-22 00:00:00+00:00, run_after=2024-03-23 00:00:00+00:00
[2024-03-23T00:15:15.900+0000] {processor.py:183} INFO - Processing /home/airflow/.local/lib/python3.8/site-packages/airflow/example_dags/example_nested_branch_dag.py took 0.098 seconds
[2024-03-23T00:15:46.066+0000] {processor.py:161} INFO - Started process (PID=1370) to work on /home/airflow/.local/lib/python3.8/site-packages/airflow/example_dags/example_nested_branch_dag.py
[2024-03-23T00:15:46.068+0000] {processor.py:830} INFO - Processing file /home/airflow/.local/lib/python3.8/site-packages/airflow/example_dags/example_nested_branch_dag.py for tasks to queue
[2024-03-23T00:15:46.070+0000] {logging_mixin.py:188} INFO - [2024-03-23T00:15:46.070+0000] {dagbag.py:540} INFO - Filling up the DagBag from /home/airflow/.local/lib/python3.8/site-packages/airflow/example_dags/example_nested_branch_dag.py
[2024-03-23T00:15:46.084+0000] {processor.py:840} INFO - DAG(s) 'example_nested_branch_dag' retrieved from /home/airflow/.local/lib/python3.8/site-packages/airflow/example_dags/example_nested_branch_dag.py
[2024-03-23T00:15:46.116+0000] {logging_mixin.py:188} INFO - [2024-03-23T00:15:46.116+0000] {dag.py:3047} INFO - Sync 1 DAGs
[2024-03-23T00:15:46.146+0000] {logging_mixin.py:188} INFO - [2024-03-23T00:15:46.145+0000] {dag.py:3834} INFO - Setting next_dagrun for example_nested_branch_dag to 2024-03-22 00:00:00+00:00, run_after=2024-03-23 00:00:00+00:00
[2024-03-23T00:15:46.168+0000] {processor.py:183} INFO - Processing /home/airflow/.local/lib/python3.8/site-packages/airflow/example_dags/example_nested_branch_dag.py took 0.106 seconds
[2024-03-23T00:16:16.598+0000] {processor.py:161} INFO - Started process (PID=1425) to work on /home/airflow/.local/lib/python3.8/site-packages/airflow/example_dags/example_nested_branch_dag.py
[2024-03-23T00:16:16.599+0000] {processor.py:830} INFO - Processing file /home/airflow/.local/lib/python3.8/site-packages/airflow/example_dags/example_nested_branch_dag.py for tasks to queue
[2024-03-23T00:16:16.601+0000] {logging_mixin.py:188} INFO - [2024-03-23T00:16:16.601+0000] {dagbag.py:540} INFO - Filling up the DagBag from /home/airflow/.local/lib/python3.8/site-packages/airflow/example_dags/example_nested_branch_dag.py
[2024-03-23T00:16:16.614+0000] {processor.py:840} INFO - DAG(s) 'example_nested_branch_dag' retrieved from /home/airflow/.local/lib/python3.8/site-packages/airflow/example_dags/example_nested_branch_dag.py
[2024-03-23T00:16:16.648+0000] {logging_mixin.py:188} INFO - [2024-03-23T00:16:16.647+0000] {dag.py:3047} INFO - Sync 1 DAGs
[2024-03-23T00:16:16.683+0000] {logging_mixin.py:188} INFO - [2024-03-23T00:16:16.683+0000] {dag.py:3834} INFO - Setting next_dagrun for example_nested_branch_dag to 2024-03-22 00:00:00+00:00, run_after=2024-03-23 00:00:00+00:00
[2024-03-23T00:16:16.706+0000] {processor.py:183} INFO - Processing /home/airflow/.local/lib/python3.8/site-packages/airflow/example_dags/example_nested_branch_dag.py took 0.112 seconds
[2024-03-23T00:16:46.803+0000] {processor.py:161} INFO - Started process (PID=1480) to work on /home/airflow/.local/lib/python3.8/site-packages/airflow/example_dags/example_nested_branch_dag.py
[2024-03-23T00:16:46.804+0000] {processor.py:830} INFO - Processing file /home/airflow/.local/lib/python3.8/site-packages/airflow/example_dags/example_nested_branch_dag.py for tasks to queue
[2024-03-23T00:16:46.806+0000] {logging_mixin.py:188} INFO - [2024-03-23T00:16:46.806+0000] {dagbag.py:540} INFO - Filling up the DagBag from /home/airflow/.local/lib/python3.8/site-packages/airflow/example_dags/example_nested_branch_dag.py
[2024-03-23T00:16:46.818+0000] {processor.py:840} INFO - DAG(s) 'example_nested_branch_dag' retrieved from /home/airflow/.local/lib/python3.8/site-packages/airflow/example_dags/example_nested_branch_dag.py
[2024-03-23T00:16:46.844+0000] {logging_mixin.py:188} INFO - [2024-03-23T00:16:46.844+0000] {dag.py:3047} INFO - Sync 1 DAGs
[2024-03-23T00:16:46.870+0000] {logging_mixin.py:188} INFO - [2024-03-23T00:16:46.870+0000] {dag.py:3834} INFO - Setting next_dagrun for example_nested_branch_dag to 2024-03-22 00:00:00+00:00, run_after=2024-03-23 00:00:00+00:00
[2024-03-23T00:16:46.889+0000] {processor.py:183} INFO - Processing /home/airflow/.local/lib/python3.8/site-packages/airflow/example_dags/example_nested_branch_dag.py took 0.090 seconds
[2024-03-23T00:17:17.059+0000] {processor.py:161} INFO - Started process (PID=1535) to work on /home/airflow/.local/lib/python3.8/site-packages/airflow/example_dags/example_nested_branch_dag.py
[2024-03-23T00:17:17.060+0000] {processor.py:830} INFO - Processing file /home/airflow/.local/lib/python3.8/site-packages/airflow/example_dags/example_nested_branch_dag.py for tasks to queue
[2024-03-23T00:17:17.062+0000] {logging_mixin.py:188} INFO - [2024-03-23T00:17:17.062+0000] {dagbag.py:540} INFO - Filling up the DagBag from /home/airflow/.local/lib/python3.8/site-packages/airflow/example_dags/example_nested_branch_dag.py
[2024-03-23T00:17:17.074+0000] {processor.py:840} INFO - DAG(s) 'example_nested_branch_dag' retrieved from /home/airflow/.local/lib/python3.8/site-packages/airflow/example_dags/example_nested_branch_dag.py
[2024-03-23T00:17:17.100+0000] {logging_mixin.py:188} INFO - [2024-03-23T00:17:17.100+0000] {dag.py:3047} INFO - Sync 1 DAGs
[2024-03-23T00:17:17.129+0000] {logging_mixin.py:188} INFO - [2024-03-23T00:17:17.129+0000] {dag.py:3834} INFO - Setting next_dagrun for example_nested_branch_dag to 2024-03-22 00:00:00+00:00, run_after=2024-03-23 00:00:00+00:00
[2024-03-23T00:17:17.149+0000] {processor.py:183} INFO - Processing /home/airflow/.local/lib/python3.8/site-packages/airflow/example_dags/example_nested_branch_dag.py took 0.094 seconds
[2024-03-23T00:17:47.606+0000] {processor.py:161} INFO - Started process (PID=1590) to work on /home/airflow/.local/lib/python3.8/site-packages/airflow/example_dags/example_nested_branch_dag.py
[2024-03-23T00:17:47.607+0000] {processor.py:830} INFO - Processing file /home/airflow/.local/lib/python3.8/site-packages/airflow/example_dags/example_nested_branch_dag.py for tasks to queue
[2024-03-23T00:17:47.609+0000] {logging_mixin.py:188} INFO - [2024-03-23T00:17:47.609+0000] {dagbag.py:540} INFO - Filling up the DagBag from /home/airflow/.local/lib/python3.8/site-packages/airflow/example_dags/example_nested_branch_dag.py
[2024-03-23T00:17:47.621+0000] {processor.py:840} INFO - DAG(s) 'example_nested_branch_dag' retrieved from /home/airflow/.local/lib/python3.8/site-packages/airflow/example_dags/example_nested_branch_dag.py
[2024-03-23T00:17:47.646+0000] {logging_mixin.py:188} INFO - [2024-03-23T00:17:47.646+0000] {dag.py:3047} INFO - Sync 1 DAGs
[2024-03-23T00:17:47.673+0000] {logging_mixin.py:188} INFO - [2024-03-23T00:17:47.673+0000] {dag.py:3834} INFO - Setting next_dagrun for example_nested_branch_dag to 2024-03-22 00:00:00+00:00, run_after=2024-03-23 00:00:00+00:00
[2024-03-23T00:17:47.696+0000] {processor.py:183} INFO - Processing /home/airflow/.local/lib/python3.8/site-packages/airflow/example_dags/example_nested_branch_dag.py took 0.094 seconds
[2024-03-23T00:18:17.976+0000] {processor.py:161} INFO - Started process (PID=1645) to work on /home/airflow/.local/lib/python3.8/site-packages/airflow/example_dags/example_nested_branch_dag.py
[2024-03-23T00:18:17.977+0000] {processor.py:830} INFO - Processing file /home/airflow/.local/lib/python3.8/site-packages/airflow/example_dags/example_nested_branch_dag.py for tasks to queue
[2024-03-23T00:18:17.979+0000] {logging_mixin.py:188} INFO - [2024-03-23T00:18:17.978+0000] {dagbag.py:540} INFO - Filling up the DagBag from /home/airflow/.local/lib/python3.8/site-packages/airflow/example_dags/example_nested_branch_dag.py
[2024-03-23T00:18:17.991+0000] {processor.py:840} INFO - DAG(s) 'example_nested_branch_dag' retrieved from /home/airflow/.local/lib/python3.8/site-packages/airflow/example_dags/example_nested_branch_dag.py
[2024-03-23T00:18:18.016+0000] {logging_mixin.py:188} INFO - [2024-03-23T00:18:18.016+0000] {dag.py:3047} INFO - Sync 1 DAGs
[2024-03-23T00:18:18.045+0000] {logging_mixin.py:188} INFO - [2024-03-23T00:18:18.044+0000] {dag.py:3834} INFO - Setting next_dagrun for example_nested_branch_dag to 2024-03-22 00:00:00+00:00, run_after=2024-03-23 00:00:00+00:00
[2024-03-23T00:18:18.064+0000] {processor.py:183} INFO - Processing /home/airflow/.local/lib/python3.8/site-packages/airflow/example_dags/example_nested_branch_dag.py took 0.093 seconds
[2024-03-23T00:18:48.486+0000] {processor.py:161} INFO - Started process (PID=1700) to work on /home/airflow/.local/lib/python3.8/site-packages/airflow/example_dags/example_nested_branch_dag.py
[2024-03-23T00:18:48.488+0000] {processor.py:830} INFO - Processing file /home/airflow/.local/lib/python3.8/site-packages/airflow/example_dags/example_nested_branch_dag.py for tasks to queue
[2024-03-23T00:18:48.490+0000] {logging_mixin.py:188} INFO - [2024-03-23T00:18:48.489+0000] {dagbag.py:540} INFO - Filling up the DagBag from /home/airflow/.local/lib/python3.8/site-packages/airflow/example_dags/example_nested_branch_dag.py
[2024-03-23T00:18:48.502+0000] {processor.py:840} INFO - DAG(s) 'example_nested_branch_dag' retrieved from /home/airflow/.local/lib/python3.8/site-packages/airflow/example_dags/example_nested_branch_dag.py
[2024-03-23T00:18:48.526+0000] {logging_mixin.py:188} INFO - [2024-03-23T00:18:48.526+0000] {dag.py:3047} INFO - Sync 1 DAGs
[2024-03-23T00:18:48.553+0000] {logging_mixin.py:188} INFO - [2024-03-23T00:18:48.553+0000] {dag.py:3834} INFO - Setting next_dagrun for example_nested_branch_dag to 2024-03-22 00:00:00+00:00, run_after=2024-03-23 00:00:00+00:00
[2024-03-23T00:18:48.573+0000] {processor.py:183} INFO - Processing /home/airflow/.local/lib/python3.8/site-packages/airflow/example_dags/example_nested_branch_dag.py took 0.090 seconds
[2024-03-23T00:19:18.766+0000] {processor.py:161} INFO - Started process (PID=1755) to work on /home/airflow/.local/lib/python3.8/site-packages/airflow/example_dags/example_nested_branch_dag.py
[2024-03-23T00:19:18.767+0000] {processor.py:830} INFO - Processing file /home/airflow/.local/lib/python3.8/site-packages/airflow/example_dags/example_nested_branch_dag.py for tasks to queue
[2024-03-23T00:19:18.769+0000] {logging_mixin.py:188} INFO - [2024-03-23T00:19:18.769+0000] {dagbag.py:540} INFO - Filling up the DagBag from /home/airflow/.local/lib/python3.8/site-packages/airflow/example_dags/example_nested_branch_dag.py
[2024-03-23T00:19:18.781+0000] {processor.py:840} INFO - DAG(s) 'example_nested_branch_dag' retrieved from /home/airflow/.local/lib/python3.8/site-packages/airflow/example_dags/example_nested_branch_dag.py
[2024-03-23T00:19:18.806+0000] {logging_mixin.py:188} INFO - [2024-03-23T00:19:18.806+0000] {dag.py:3047} INFO - Sync 1 DAGs
[2024-03-23T00:19:18.833+0000] {logging_mixin.py:188} INFO - [2024-03-23T00:19:18.833+0000] {dag.py:3834} INFO - Setting next_dagrun for example_nested_branch_dag to 2024-03-22 00:00:00+00:00, run_after=2024-03-23 00:00:00+00:00
[2024-03-23T00:19:18.853+0000] {processor.py:183} INFO - Processing /home/airflow/.local/lib/python3.8/site-packages/airflow/example_dags/example_nested_branch_dag.py took 0.091 seconds
[2024-03-23T00:19:49.322+0000] {processor.py:161} INFO - Started process (PID=1810) to work on /home/airflow/.local/lib/python3.8/site-packages/airflow/example_dags/example_nested_branch_dag.py
[2024-03-23T00:19:49.323+0000] {processor.py:830} INFO - Processing file /home/airflow/.local/lib/python3.8/site-packages/airflow/example_dags/example_nested_branch_dag.py for tasks to queue
[2024-03-23T00:19:49.326+0000] {logging_mixin.py:188} INFO - [2024-03-23T00:19:49.325+0000] {dagbag.py:540} INFO - Filling up the DagBag from /home/airflow/.local/lib/python3.8/site-packages/airflow/example_dags/example_nested_branch_dag.py
[2024-03-23T00:19:49.338+0000] {processor.py:840} INFO - DAG(s) 'example_nested_branch_dag' retrieved from /home/airflow/.local/lib/python3.8/site-packages/airflow/example_dags/example_nested_branch_dag.py
[2024-03-23T00:19:49.363+0000] {logging_mixin.py:188} INFO - [2024-03-23T00:19:49.363+0000] {dag.py:3047} INFO - Sync 1 DAGs
[2024-03-23T00:19:49.391+0000] {logging_mixin.py:188} INFO - [2024-03-23T00:19:49.391+0000] {dag.py:3834} INFO - Setting next_dagrun for example_nested_branch_dag to 2024-03-22 00:00:00+00:00, run_after=2024-03-23 00:00:00+00:00
[2024-03-23T00:19:49.414+0000] {processor.py:183} INFO - Processing /home/airflow/.local/lib/python3.8/site-packages/airflow/example_dags/example_nested_branch_dag.py took 0.095 seconds
[2024-03-23T00:20:19.954+0000] {processor.py:161} INFO - Started process (PID=1871) to work on /home/airflow/.local/lib/python3.8/site-packages/airflow/example_dags/example_nested_branch_dag.py
[2024-03-23T00:20:19.955+0000] {processor.py:830} INFO - Processing file /home/airflow/.local/lib/python3.8/site-packages/airflow/example_dags/example_nested_branch_dag.py for tasks to queue
[2024-03-23T00:20:19.957+0000] {logging_mixin.py:188} INFO - [2024-03-23T00:20:19.957+0000] {dagbag.py:540} INFO - Filling up the DagBag from /home/airflow/.local/lib/python3.8/site-packages/airflow/example_dags/example_nested_branch_dag.py
[2024-03-23T00:20:19.970+0000] {processor.py:840} INFO - DAG(s) 'example_nested_branch_dag' retrieved from /home/airflow/.local/lib/python3.8/site-packages/airflow/example_dags/example_nested_branch_dag.py
[2024-03-23T00:20:19.997+0000] {logging_mixin.py:188} INFO - [2024-03-23T00:20:19.997+0000] {dag.py:3047} INFO - Sync 1 DAGs
[2024-03-23T00:20:20.026+0000] {logging_mixin.py:188} INFO - [2024-03-23T00:20:20.026+0000] {dag.py:3834} INFO - Setting next_dagrun for example_nested_branch_dag to 2024-03-22 00:00:00+00:00, run_after=2024-03-23 00:00:00+00:00
[2024-03-23T00:20:20.046+0000] {processor.py:183} INFO - Processing /home/airflow/.local/lib/python3.8/site-packages/airflow/example_dags/example_nested_branch_dag.py took 0.097 seconds
[2024-03-23T00:20:50.365+0000] {processor.py:161} INFO - Started process (PID=1926) to work on /home/airflow/.local/lib/python3.8/site-packages/airflow/example_dags/example_nested_branch_dag.py
[2024-03-23T00:20:50.366+0000] {processor.py:830} INFO - Processing file /home/airflow/.local/lib/python3.8/site-packages/airflow/example_dags/example_nested_branch_dag.py for tasks to queue
[2024-03-23T00:20:50.368+0000] {logging_mixin.py:188} INFO - [2024-03-23T00:20:50.368+0000] {dagbag.py:540} INFO - Filling up the DagBag from /home/airflow/.local/lib/python3.8/site-packages/airflow/example_dags/example_nested_branch_dag.py
[2024-03-23T00:20:50.382+0000] {processor.py:840} INFO - DAG(s) 'example_nested_branch_dag' retrieved from /home/airflow/.local/lib/python3.8/site-packages/airflow/example_dags/example_nested_branch_dag.py
[2024-03-23T00:20:50.413+0000] {logging_mixin.py:188} INFO - [2024-03-23T00:20:50.413+0000] {dag.py:3047} INFO - Sync 1 DAGs
[2024-03-23T00:20:50.442+0000] {logging_mixin.py:188} INFO - [2024-03-23T00:20:50.442+0000] {dag.py:3834} INFO - Setting next_dagrun for example_nested_branch_dag to 2024-03-22 00:00:00+00:00, run_after=2024-03-23 00:00:00+00:00
[2024-03-23T00:20:50.467+0000] {processor.py:183} INFO - Processing /home/airflow/.local/lib/python3.8/site-packages/airflow/example_dags/example_nested_branch_dag.py took 0.107 seconds
[2024-03-23T00:21:20.519+0000] {processor.py:161} INFO - Started process (PID=1981) to work on /home/airflow/.local/lib/python3.8/site-packages/airflow/example_dags/example_nested_branch_dag.py
[2024-03-23T00:21:20.520+0000] {processor.py:830} INFO - Processing file /home/airflow/.local/lib/python3.8/site-packages/airflow/example_dags/example_nested_branch_dag.py for tasks to queue
[2024-03-23T00:21:20.522+0000] {logging_mixin.py:188} INFO - [2024-03-23T00:21:20.522+0000] {dagbag.py:540} INFO - Filling up the DagBag from /home/airflow/.local/lib/python3.8/site-packages/airflow/example_dags/example_nested_branch_dag.py
[2024-03-23T00:21:20.534+0000] {processor.py:840} INFO - DAG(s) 'example_nested_branch_dag' retrieved from /home/airflow/.local/lib/python3.8/site-packages/airflow/example_dags/example_nested_branch_dag.py
[2024-03-23T00:21:20.559+0000] {logging_mixin.py:188} INFO - [2024-03-23T00:21:20.558+0000] {dag.py:3047} INFO - Sync 1 DAGs
[2024-03-23T00:21:20.586+0000] {logging_mixin.py:188} INFO - [2024-03-23T00:21:20.586+0000] {dag.py:3834} INFO - Setting next_dagrun for example_nested_branch_dag to 2024-03-22 00:00:00+00:00, run_after=2024-03-23 00:00:00+00:00
[2024-03-23T00:21:20.605+0000] {processor.py:183} INFO - Processing /home/airflow/.local/lib/python3.8/site-packages/airflow/example_dags/example_nested_branch_dag.py took 0.091 seconds
[2024-03-23T00:21:50.839+0000] {processor.py:161} INFO - Started process (PID=2036) to work on /home/airflow/.local/lib/python3.8/site-packages/airflow/example_dags/example_nested_branch_dag.py
[2024-03-23T00:21:50.840+0000] {processor.py:830} INFO - Processing file /home/airflow/.local/lib/python3.8/site-packages/airflow/example_dags/example_nested_branch_dag.py for tasks to queue
[2024-03-23T00:21:50.842+0000] {logging_mixin.py:188} INFO - [2024-03-23T00:21:50.842+0000] {dagbag.py:540} INFO - Filling up the DagBag from /home/airflow/.local/lib/python3.8/site-packages/airflow/example_dags/example_nested_branch_dag.py
[2024-03-23T00:21:50.855+0000] {processor.py:840} INFO - DAG(s) 'example_nested_branch_dag' retrieved from /home/airflow/.local/lib/python3.8/site-packages/airflow/example_dags/example_nested_branch_dag.py
[2024-03-23T00:21:50.880+0000] {logging_mixin.py:188} INFO - [2024-03-23T00:21:50.879+0000] {dag.py:3047} INFO - Sync 1 DAGs
[2024-03-23T00:21:50.906+0000] {logging_mixin.py:188} INFO - [2024-03-23T00:21:50.906+0000] {dag.py:3834} INFO - Setting next_dagrun for example_nested_branch_dag to 2024-03-22 00:00:00+00:00, run_after=2024-03-23 00:00:00+00:00
[2024-03-23T00:21:50.927+0000] {processor.py:183} INFO - Processing /home/airflow/.local/lib/python3.8/site-packages/airflow/example_dags/example_nested_branch_dag.py took 0.092 seconds
[2024-03-23T00:22:21.287+0000] {processor.py:161} INFO - Started process (PID=2091) to work on /home/airflow/.local/lib/python3.8/site-packages/airflow/example_dags/example_nested_branch_dag.py
[2024-03-23T00:22:21.289+0000] {processor.py:830} INFO - Processing file /home/airflow/.local/lib/python3.8/site-packages/airflow/example_dags/example_nested_branch_dag.py for tasks to queue
[2024-03-23T00:22:21.291+0000] {logging_mixin.py:188} INFO - [2024-03-23T00:22:21.291+0000] {dagbag.py:540} INFO - Filling up the DagBag from /home/airflow/.local/lib/python3.8/site-packages/airflow/example_dags/example_nested_branch_dag.py
[2024-03-23T00:22:21.305+0000] {processor.py:840} INFO - DAG(s) 'example_nested_branch_dag' retrieved from /home/airflow/.local/lib/python3.8/site-packages/airflow/example_dags/example_nested_branch_dag.py
[2024-03-23T00:22:21.345+0000] {logging_mixin.py:188} INFO - [2024-03-23T00:22:21.345+0000] {dag.py:3047} INFO - Sync 1 DAGs
[2024-03-23T00:22:21.384+0000] {logging_mixin.py:188} INFO - [2024-03-23T00:22:21.384+0000] {dag.py:3834} INFO - Setting next_dagrun for example_nested_branch_dag to 2024-03-22 00:00:00+00:00, run_after=2024-03-23 00:00:00+00:00
[2024-03-23T00:22:21.413+0000] {processor.py:183} INFO - Processing /home/airflow/.local/lib/python3.8/site-packages/airflow/example_dags/example_nested_branch_dag.py took 0.129 seconds
[2024-03-23T00:22:51.718+0000] {processor.py:161} INFO - Started process (PID=2146) to work on /home/airflow/.local/lib/python3.8/site-packages/airflow/example_dags/example_nested_branch_dag.py
[2024-03-23T00:22:51.719+0000] {processor.py:830} INFO - Processing file /home/airflow/.local/lib/python3.8/site-packages/airflow/example_dags/example_nested_branch_dag.py for tasks to queue
[2024-03-23T00:22:51.721+0000] {logging_mixin.py:188} INFO - [2024-03-23T00:22:51.721+0000] {dagbag.py:540} INFO - Filling up the DagBag from /home/airflow/.local/lib/python3.8/site-packages/airflow/example_dags/example_nested_branch_dag.py
[2024-03-23T00:22:51.734+0000] {processor.py:840} INFO - DAG(s) 'example_nested_branch_dag' retrieved from /home/airflow/.local/lib/python3.8/site-packages/airflow/example_dags/example_nested_branch_dag.py
[2024-03-23T00:22:51.758+0000] {logging_mixin.py:188} INFO - [2024-03-23T00:22:51.758+0000] {dag.py:3047} INFO - Sync 1 DAGs
[2024-03-23T00:22:51.784+0000] {logging_mixin.py:188} INFO - [2024-03-23T00:22:51.784+0000] {dag.py:3834} INFO - Setting next_dagrun for example_nested_branch_dag to 2024-03-22 00:00:00+00:00, run_after=2024-03-23 00:00:00+00:00
[2024-03-23T00:22:51.804+0000] {processor.py:183} INFO - Processing /home/airflow/.local/lib/python3.8/site-packages/airflow/example_dags/example_nested_branch_dag.py took 0.090 seconds
[2024-03-23T00:23:21.979+0000] {processor.py:161} INFO - Started process (PID=2201) to work on /home/airflow/.local/lib/python3.8/site-packages/airflow/example_dags/example_nested_branch_dag.py
[2024-03-23T00:23:21.980+0000] {processor.py:830} INFO - Processing file /home/airflow/.local/lib/python3.8/site-packages/airflow/example_dags/example_nested_branch_dag.py for tasks to queue
[2024-03-23T00:23:21.982+0000] {logging_mixin.py:188} INFO - [2024-03-23T00:23:21.982+0000] {dagbag.py:540} INFO - Filling up the DagBag from /home/airflow/.local/lib/python3.8/site-packages/airflow/example_dags/example_nested_branch_dag.py
[2024-03-23T00:23:21.995+0000] {processor.py:840} INFO - DAG(s) 'example_nested_branch_dag' retrieved from /home/airflow/.local/lib/python3.8/site-packages/airflow/example_dags/example_nested_branch_dag.py
[2024-03-23T00:23:22.022+0000] {logging_mixin.py:188} INFO - [2024-03-23T00:23:22.021+0000] {dag.py:3047} INFO - Sync 1 DAGs
[2024-03-23T00:23:22.049+0000] {logging_mixin.py:188} INFO - [2024-03-23T00:23:22.049+0000] {dag.py:3834} INFO - Setting next_dagrun for example_nested_branch_dag to 2024-03-22 00:00:00+00:00, run_after=2024-03-23 00:00:00+00:00
[2024-03-23T00:23:22.070+0000] {processor.py:183} INFO - Processing /home/airflow/.local/lib/python3.8/site-packages/airflow/example_dags/example_nested_branch_dag.py took 0.096 seconds
[2024-03-23T00:23:52.840+0000] {processor.py:161} INFO - Started process (PID=2254) to work on /home/airflow/.local/lib/python3.8/site-packages/airflow/example_dags/example_nested_branch_dag.py
[2024-03-23T00:23:52.841+0000] {processor.py:830} INFO - Processing file /home/airflow/.local/lib/python3.8/site-packages/airflow/example_dags/example_nested_branch_dag.py for tasks to queue
[2024-03-23T00:23:52.843+0000] {logging_mixin.py:188} INFO - [2024-03-23T00:23:52.843+0000] {dagbag.py:540} INFO - Filling up the DagBag from /home/airflow/.local/lib/python3.8/site-packages/airflow/example_dags/example_nested_branch_dag.py
[2024-03-23T00:23:52.855+0000] {processor.py:840} INFO - DAG(s) 'example_nested_branch_dag' retrieved from /home/airflow/.local/lib/python3.8/site-packages/airflow/example_dags/example_nested_branch_dag.py
[2024-03-23T00:23:52.880+0000] {logging_mixin.py:188} INFO - [2024-03-23T00:23:52.880+0000] {dag.py:3047} INFO - Sync 1 DAGs
[2024-03-23T00:23:52.907+0000] {logging_mixin.py:188} INFO - [2024-03-23T00:23:52.907+0000] {dag.py:3834} INFO - Setting next_dagrun for example_nested_branch_dag to 2024-03-22 00:00:00+00:00, run_after=2024-03-23 00:00:00+00:00
[2024-03-23T00:23:52.929+0000] {processor.py:183} INFO - Processing /home/airflow/.local/lib/python3.8/site-packages/airflow/example_dags/example_nested_branch_dag.py took 0.093 seconds
[2024-03-23T00:24:23.108+0000] {processor.py:161} INFO - Started process (PID=2309) to work on /home/airflow/.local/lib/python3.8/site-packages/airflow/example_dags/example_nested_branch_dag.py
[2024-03-23T00:24:23.109+0000] {processor.py:830} INFO - Processing file /home/airflow/.local/lib/python3.8/site-packages/airflow/example_dags/example_nested_branch_dag.py for tasks to queue
[2024-03-23T00:24:23.111+0000] {logging_mixin.py:188} INFO - [2024-03-23T00:24:23.111+0000] {dagbag.py:540} INFO - Filling up the DagBag from /home/airflow/.local/lib/python3.8/site-packages/airflow/example_dags/example_nested_branch_dag.py
[2024-03-23T00:24:23.126+0000] {processor.py:840} INFO - DAG(s) 'example_nested_branch_dag' retrieved from /home/airflow/.local/lib/python3.8/site-packages/airflow/example_dags/example_nested_branch_dag.py
[2024-03-23T00:24:23.155+0000] {logging_mixin.py:188} INFO - [2024-03-23T00:24:23.155+0000] {dag.py:3047} INFO - Sync 1 DAGs
[2024-03-23T00:24:23.187+0000] {logging_mixin.py:188} INFO - [2024-03-23T00:24:23.186+0000] {dag.py:3834} INFO - Setting next_dagrun for example_nested_branch_dag to 2024-03-22 00:00:00+00:00, run_after=2024-03-23 00:00:00+00:00
[2024-03-23T00:24:23.213+0000] {processor.py:183} INFO - Processing /home/airflow/.local/lib/python3.8/site-packages/airflow/example_dags/example_nested_branch_dag.py took 0.110 seconds
[2024-03-23T00:24:53.427+0000] {processor.py:161} INFO - Started process (PID=2364) to work on /home/airflow/.local/lib/python3.8/site-packages/airflow/example_dags/example_nested_branch_dag.py
[2024-03-23T00:24:53.428+0000] {processor.py:830} INFO - Processing file /home/airflow/.local/lib/python3.8/site-packages/airflow/example_dags/example_nested_branch_dag.py for tasks to queue
[2024-03-23T00:24:53.430+0000] {logging_mixin.py:188} INFO - [2024-03-23T00:24:53.430+0000] {dagbag.py:540} INFO - Filling up the DagBag from /home/airflow/.local/lib/python3.8/site-packages/airflow/example_dags/example_nested_branch_dag.py
[2024-03-23T00:24:53.442+0000] {processor.py:840} INFO - DAG(s) 'example_nested_branch_dag' retrieved from /home/airflow/.local/lib/python3.8/site-packages/airflow/example_dags/example_nested_branch_dag.py
[2024-03-23T00:24:53.470+0000] {logging_mixin.py:188} INFO - [2024-03-23T00:24:53.470+0000] {dag.py:3047} INFO - Sync 1 DAGs
[2024-03-23T00:24:53.498+0000] {logging_mixin.py:188} INFO - [2024-03-23T00:24:53.497+0000] {dag.py:3834} INFO - Setting next_dagrun for example_nested_branch_dag to 2024-03-22 00:00:00+00:00, run_after=2024-03-23 00:00:00+00:00
[2024-03-23T00:24:53.518+0000] {processor.py:183} INFO - Processing /home/airflow/.local/lib/python3.8/site-packages/airflow/example_dags/example_nested_branch_dag.py took 0.095 seconds
[2024-03-23T00:25:23.715+0000] {processor.py:161} INFO - Started process (PID=2419) to work on /home/airflow/.local/lib/python3.8/site-packages/airflow/example_dags/example_nested_branch_dag.py
[2024-03-23T00:25:23.716+0000] {processor.py:830} INFO - Processing file /home/airflow/.local/lib/python3.8/site-packages/airflow/example_dags/example_nested_branch_dag.py for tasks to queue
[2024-03-23T00:25:23.718+0000] {logging_mixin.py:188} INFO - [2024-03-23T00:25:23.718+0000] {dagbag.py:540} INFO - Filling up the DagBag from /home/airflow/.local/lib/python3.8/site-packages/airflow/example_dags/example_nested_branch_dag.py
[2024-03-23T00:25:23.731+0000] {processor.py:840} INFO - DAG(s) 'example_nested_branch_dag' retrieved from /home/airflow/.local/lib/python3.8/site-packages/airflow/example_dags/example_nested_branch_dag.py
[2024-03-23T00:25:23.756+0000] {logging_mixin.py:188} INFO - [2024-03-23T00:25:23.756+0000] {dag.py:3047} INFO - Sync 1 DAGs
[2024-03-23T00:25:23.782+0000] {logging_mixin.py:188} INFO - [2024-03-23T00:25:23.782+0000] {dag.py:3834} INFO - Setting next_dagrun for example_nested_branch_dag to 2024-03-22 00:00:00+00:00, run_after=2024-03-23 00:00:00+00:00
[2024-03-23T00:25:23.803+0000] {processor.py:183} INFO - Processing /home/airflow/.local/lib/python3.8/site-packages/airflow/example_dags/example_nested_branch_dag.py took 0.092 seconds
[2024-03-23T00:25:53.991+0000] {processor.py:161} INFO - Started process (PID=2474) to work on /home/airflow/.local/lib/python3.8/site-packages/airflow/example_dags/example_nested_branch_dag.py
[2024-03-23T00:25:53.993+0000] {processor.py:830} INFO - Processing file /home/airflow/.local/lib/python3.8/site-packages/airflow/example_dags/example_nested_branch_dag.py for tasks to queue
[2024-03-23T00:25:53.995+0000] {logging_mixin.py:188} INFO - [2024-03-23T00:25:53.995+0000] {dagbag.py:540} INFO - Filling up the DagBag from /home/airflow/.local/lib/python3.8/site-packages/airflow/example_dags/example_nested_branch_dag.py
[2024-03-23T00:25:54.008+0000] {processor.py:840} INFO - DAG(s) 'example_nested_branch_dag' retrieved from /home/airflow/.local/lib/python3.8/site-packages/airflow/example_dags/example_nested_branch_dag.py
[2024-03-23T00:25:54.038+0000] {logging_mixin.py:188} INFO - [2024-03-23T00:25:54.038+0000] {dag.py:3047} INFO - Sync 1 DAGs
[2024-03-23T00:25:54.066+0000] {logging_mixin.py:188} INFO - [2024-03-23T00:25:54.065+0000] {dag.py:3834} INFO - Setting next_dagrun for example_nested_branch_dag to 2024-03-22 00:00:00+00:00, run_after=2024-03-23 00:00:00+00:00
[2024-03-23T00:25:54.088+0000] {processor.py:183} INFO - Processing /home/airflow/.local/lib/python3.8/site-packages/airflow/example_dags/example_nested_branch_dag.py took 0.101 seconds
[2024-03-23T00:26:24.267+0000] {processor.py:161} INFO - Started process (PID=2529) to work on /home/airflow/.local/lib/python3.8/site-packages/airflow/example_dags/example_nested_branch_dag.py
[2024-03-23T00:26:24.268+0000] {processor.py:830} INFO - Processing file /home/airflow/.local/lib/python3.8/site-packages/airflow/example_dags/example_nested_branch_dag.py for tasks to queue
[2024-03-23T00:26:24.270+0000] {logging_mixin.py:188} INFO - [2024-03-23T00:26:24.270+0000] {dagbag.py:540} INFO - Filling up the DagBag from /home/airflow/.local/lib/python3.8/site-packages/airflow/example_dags/example_nested_branch_dag.py
[2024-03-23T00:26:24.282+0000] {processor.py:840} INFO - DAG(s) 'example_nested_branch_dag' retrieved from /home/airflow/.local/lib/python3.8/site-packages/airflow/example_dags/example_nested_branch_dag.py
[2024-03-23T00:26:24.308+0000] {logging_mixin.py:188} INFO - [2024-03-23T00:26:24.307+0000] {dag.py:3047} INFO - Sync 1 DAGs
[2024-03-23T00:26:24.334+0000] {logging_mixin.py:188} INFO - [2024-03-23T00:26:24.334+0000] {dag.py:3834} INFO - Setting next_dagrun for example_nested_branch_dag to 2024-03-22 00:00:00+00:00, run_after=2024-03-23 00:00:00+00:00
[2024-03-23T00:26:24.353+0000] {processor.py:183} INFO - Processing /home/airflow/.local/lib/python3.8/site-packages/airflow/example_dags/example_nested_branch_dag.py took 0.090 seconds
