[2024-03-23T00:03:38.716+0000] {processor.py:161} INFO - Started process (PID=64) to work on /home/airflow/.local/lib/python3.8/site-packages/airflow/example_dags/example_sla_dag.py
[2024-03-23T00:03:38.718+0000] {processor.py:830} INFO - Processing file /home/airflow/.local/lib/python3.8/site-packages/airflow/example_dags/example_sla_dag.py for tasks to queue
[2024-03-23T00:03:38.721+0000] {logging_mixin.py:188} INFO - [2024-03-23T00:03:38.720+0000] {dagbag.py:540} INFO - Filling up the DagBag from /home/airflow/.local/lib/python3.8/site-packages/airflow/example_dags/example_sla_dag.py
[2024-03-23T00:03:38.740+0000] {processor.py:840} INFO - DAG(s) 'example_sla_dag' retrieved from /home/airflow/.local/lib/python3.8/site-packages/airflow/example_dags/example_sla_dag.py
[2024-03-23T00:03:38.772+0000] {logging_mixin.py:188} INFO - [2024-03-23T00:03:38.771+0000] {dag.py:3047} INFO - Sync 1 DAGs
[2024-03-23T00:03:38.825+0000] {logging_mixin.py:188} INFO - [2024-03-23T00:03:38.825+0000] {dag.py:3834} INFO - Setting next_dagrun for example_sla_dag to 2024-03-23 00:00:00+00:00, run_after=2024-03-23 00:02:00+00:00
[2024-03-23T00:03:38.860+0000] {processor.py:183} INFO - Processing /home/airflow/.local/lib/python3.8/site-packages/airflow/example_dags/example_sla_dag.py took 0.153 seconds
[2024-03-23T00:04:09.205+0000] {processor.py:161} INFO - Started process (PID=119) to work on /home/airflow/.local/lib/python3.8/site-packages/airflow/example_dags/example_sla_dag.py
[2024-03-23T00:04:09.206+0000] {processor.py:830} INFO - Processing file /home/airflow/.local/lib/python3.8/site-packages/airflow/example_dags/example_sla_dag.py for tasks to queue
[2024-03-23T00:04:09.208+0000] {logging_mixin.py:188} INFO - [2024-03-23T00:04:09.207+0000] {dagbag.py:540} INFO - Filling up the DagBag from /home/airflow/.local/lib/python3.8/site-packages/airflow/example_dags/example_sla_dag.py
[2024-03-23T00:04:09.218+0000] {processor.py:840} INFO - DAG(s) 'example_sla_dag' retrieved from /home/airflow/.local/lib/python3.8/site-packages/airflow/example_dags/example_sla_dag.py
[2024-03-23T00:04:09.240+0000] {logging_mixin.py:188} INFO - [2024-03-23T00:04:09.240+0000] {dag.py:3047} INFO - Sync 1 DAGs
[2024-03-23T00:04:09.272+0000] {logging_mixin.py:188} INFO - [2024-03-23T00:04:09.272+0000] {dag.py:3834} INFO - Setting next_dagrun for example_sla_dag to 2024-03-23 00:02:00+00:00, run_after=2024-03-23 00:04:00+00:00
[2024-03-23T00:04:09.291+0000] {processor.py:183} INFO - Processing /home/airflow/.local/lib/python3.8/site-packages/airflow/example_dags/example_sla_dag.py took 0.091 seconds
[2024-03-23T00:04:39.628+0000] {processor.py:161} INFO - Started process (PID=174) to work on /home/airflow/.local/lib/python3.8/site-packages/airflow/example_dags/example_sla_dag.py
[2024-03-23T00:04:39.629+0000] {processor.py:830} INFO - Processing file /home/airflow/.local/lib/python3.8/site-packages/airflow/example_dags/example_sla_dag.py for tasks to queue
[2024-03-23T00:04:39.631+0000] {logging_mixin.py:188} INFO - [2024-03-23T00:04:39.631+0000] {dagbag.py:540} INFO - Filling up the DagBag from /home/airflow/.local/lib/python3.8/site-packages/airflow/example_dags/example_sla_dag.py
[2024-03-23T00:04:39.641+0000] {processor.py:840} INFO - DAG(s) 'example_sla_dag' retrieved from /home/airflow/.local/lib/python3.8/site-packages/airflow/example_dags/example_sla_dag.py
[2024-03-23T00:04:39.663+0000] {logging_mixin.py:188} INFO - [2024-03-23T00:04:39.663+0000] {dag.py:3047} INFO - Sync 1 DAGs
[2024-03-23T00:04:39.694+0000] {logging_mixin.py:188} INFO - [2024-03-23T00:04:39.693+0000] {dag.py:3834} INFO - Setting next_dagrun for example_sla_dag to 2024-03-23 00:02:00+00:00, run_after=2024-03-23 00:04:00+00:00
[2024-03-23T00:04:39.715+0000] {processor.py:183} INFO - Processing /home/airflow/.local/lib/python3.8/site-packages/airflow/example_dags/example_sla_dag.py took 0.091 seconds
[2024-03-23T00:05:09.888+0000] {processor.py:161} INFO - Started process (PID=229) to work on /home/airflow/.local/lib/python3.8/site-packages/airflow/example_dags/example_sla_dag.py
[2024-03-23T00:05:09.889+0000] {processor.py:830} INFO - Processing file /home/airflow/.local/lib/python3.8/site-packages/airflow/example_dags/example_sla_dag.py for tasks to queue
[2024-03-23T00:05:09.892+0000] {logging_mixin.py:188} INFO - [2024-03-23T00:05:09.891+0000] {dagbag.py:540} INFO - Filling up the DagBag from /home/airflow/.local/lib/python3.8/site-packages/airflow/example_dags/example_sla_dag.py
[2024-03-23T00:05:09.901+0000] {processor.py:840} INFO - DAG(s) 'example_sla_dag' retrieved from /home/airflow/.local/lib/python3.8/site-packages/airflow/example_dags/example_sla_dag.py
[2024-03-23T00:05:09.922+0000] {logging_mixin.py:188} INFO - [2024-03-23T00:05:09.922+0000] {dag.py:3047} INFO - Sync 1 DAGs
[2024-03-23T00:05:09.951+0000] {logging_mixin.py:188} INFO - [2024-03-23T00:05:09.950+0000] {dag.py:3834} INFO - Setting next_dagrun for example_sla_dag to 2024-03-23 00:02:00+00:00, run_after=2024-03-23 00:04:00+00:00
[2024-03-23T00:05:09.971+0000] {processor.py:183} INFO - Processing /home/airflow/.local/lib/python3.8/site-packages/airflow/example_dags/example_sla_dag.py took 0.086 seconds
[2024-03-23T00:05:40.399+0000] {processor.py:161} INFO - Started process (PID=284) to work on /home/airflow/.local/lib/python3.8/site-packages/airflow/example_dags/example_sla_dag.py
[2024-03-23T00:05:40.401+0000] {processor.py:830} INFO - Processing file /home/airflow/.local/lib/python3.8/site-packages/airflow/example_dags/example_sla_dag.py for tasks to queue
[2024-03-23T00:05:40.405+0000] {logging_mixin.py:188} INFO - [2024-03-23T00:05:40.405+0000] {dagbag.py:540} INFO - Filling up the DagBag from /home/airflow/.local/lib/python3.8/site-packages/airflow/example_dags/example_sla_dag.py
[2024-03-23T00:05:40.419+0000] {processor.py:840} INFO - DAG(s) 'example_sla_dag' retrieved from /home/airflow/.local/lib/python3.8/site-packages/airflow/example_dags/example_sla_dag.py
[2024-03-23T00:05:40.444+0000] {logging_mixin.py:188} INFO - [2024-03-23T00:05:40.444+0000] {dag.py:3047} INFO - Sync 1 DAGs
[2024-03-23T00:05:40.475+0000] {logging_mixin.py:188} INFO - [2024-03-23T00:05:40.475+0000] {dag.py:3834} INFO - Setting next_dagrun for example_sla_dag to 2024-03-23 00:02:00+00:00, run_after=2024-03-23 00:04:00+00:00
[2024-03-23T00:05:40.496+0000] {processor.py:183} INFO - Processing /home/airflow/.local/lib/python3.8/site-packages/airflow/example_dags/example_sla_dag.py took 0.102 seconds
[2024-03-23T00:06:10.692+0000] {processor.py:161} INFO - Started process (PID=339) to work on /home/airflow/.local/lib/python3.8/site-packages/airflow/example_dags/example_sla_dag.py
[2024-03-23T00:06:10.694+0000] {processor.py:830} INFO - Processing file /home/airflow/.local/lib/python3.8/site-packages/airflow/example_dags/example_sla_dag.py for tasks to queue
[2024-03-23T00:06:10.698+0000] {logging_mixin.py:188} INFO - [2024-03-23T00:06:10.697+0000] {dagbag.py:540} INFO - Filling up the DagBag from /home/airflow/.local/lib/python3.8/site-packages/airflow/example_dags/example_sla_dag.py
[2024-03-23T00:06:10.713+0000] {processor.py:840} INFO - DAG(s) 'example_sla_dag' retrieved from /home/airflow/.local/lib/python3.8/site-packages/airflow/example_dags/example_sla_dag.py
[2024-03-23T00:06:10.742+0000] {logging_mixin.py:188} INFO - [2024-03-23T00:06:10.741+0000] {dag.py:3047} INFO - Sync 1 DAGs
[2024-03-23T00:06:10.784+0000] {logging_mixin.py:188} INFO - [2024-03-23T00:06:10.783+0000] {dag.py:3834} INFO - Setting next_dagrun for example_sla_dag to 2024-03-23 00:04:00+00:00, run_after=2024-03-23 00:06:00+00:00
[2024-03-23T00:06:10.808+0000] {processor.py:183} INFO - Processing /home/airflow/.local/lib/python3.8/site-packages/airflow/example_dags/example_sla_dag.py took 0.120 seconds
[2024-03-23T00:06:41.049+0000] {processor.py:161} INFO - Started process (PID=394) to work on /home/airflow/.local/lib/python3.8/site-packages/airflow/example_dags/example_sla_dag.py
[2024-03-23T00:06:41.050+0000] {processor.py:830} INFO - Processing file /home/airflow/.local/lib/python3.8/site-packages/airflow/example_dags/example_sla_dag.py for tasks to queue
[2024-03-23T00:06:41.052+0000] {logging_mixin.py:188} INFO - [2024-03-23T00:06:41.052+0000] {dagbag.py:540} INFO - Filling up the DagBag from /home/airflow/.local/lib/python3.8/site-packages/airflow/example_dags/example_sla_dag.py
[2024-03-23T00:06:41.063+0000] {processor.py:840} INFO - DAG(s) 'example_sla_dag' retrieved from /home/airflow/.local/lib/python3.8/site-packages/airflow/example_dags/example_sla_dag.py
[2024-03-23T00:06:41.084+0000] {logging_mixin.py:188} INFO - [2024-03-23T00:06:41.084+0000] {dag.py:3047} INFO - Sync 1 DAGs
[2024-03-23T00:06:41.116+0000] {logging_mixin.py:188} INFO - [2024-03-23T00:06:41.116+0000] {dag.py:3834} INFO - Setting next_dagrun for example_sla_dag to 2024-03-23 00:04:00+00:00, run_after=2024-03-23 00:06:00+00:00
[2024-03-23T00:06:41.137+0000] {processor.py:183} INFO - Processing /home/airflow/.local/lib/python3.8/site-packages/airflow/example_dags/example_sla_dag.py took 0.092 seconds
[2024-03-23T00:07:11.539+0000] {processor.py:161} INFO - Started process (PID=449) to work on /home/airflow/.local/lib/python3.8/site-packages/airflow/example_dags/example_sla_dag.py
[2024-03-23T00:07:11.540+0000] {processor.py:830} INFO - Processing file /home/airflow/.local/lib/python3.8/site-packages/airflow/example_dags/example_sla_dag.py for tasks to queue
[2024-03-23T00:07:11.543+0000] {logging_mixin.py:188} INFO - [2024-03-23T00:07:11.542+0000] {dagbag.py:540} INFO - Filling up the DagBag from /home/airflow/.local/lib/python3.8/site-packages/airflow/example_dags/example_sla_dag.py
[2024-03-23T00:07:11.553+0000] {processor.py:840} INFO - DAG(s) 'example_sla_dag' retrieved from /home/airflow/.local/lib/python3.8/site-packages/airflow/example_dags/example_sla_dag.py
[2024-03-23T00:07:11.575+0000] {logging_mixin.py:188} INFO - [2024-03-23T00:07:11.575+0000] {dag.py:3047} INFO - Sync 1 DAGs
[2024-03-23T00:07:11.607+0000] {logging_mixin.py:188} INFO - [2024-03-23T00:07:11.606+0000] {dag.py:3834} INFO - Setting next_dagrun for example_sla_dag to 2024-03-23 00:04:00+00:00, run_after=2024-03-23 00:06:00+00:00
[2024-03-23T00:07:11.651+0000] {processor.py:183} INFO - Processing /home/airflow/.local/lib/python3.8/site-packages/airflow/example_dags/example_sla_dag.py took 0.116 seconds
[2024-03-23T00:07:41.937+0000] {processor.py:161} INFO - Started process (PID=504) to work on /home/airflow/.local/lib/python3.8/site-packages/airflow/example_dags/example_sla_dag.py
[2024-03-23T00:07:41.938+0000] {processor.py:830} INFO - Processing file /home/airflow/.local/lib/python3.8/site-packages/airflow/example_dags/example_sla_dag.py for tasks to queue
[2024-03-23T00:07:41.940+0000] {logging_mixin.py:188} INFO - [2024-03-23T00:07:41.940+0000] {dagbag.py:540} INFO - Filling up the DagBag from /home/airflow/.local/lib/python3.8/site-packages/airflow/example_dags/example_sla_dag.py
[2024-03-23T00:07:41.951+0000] {processor.py:840} INFO - DAG(s) 'example_sla_dag' retrieved from /home/airflow/.local/lib/python3.8/site-packages/airflow/example_dags/example_sla_dag.py
[2024-03-23T00:07:41.974+0000] {logging_mixin.py:188} INFO - [2024-03-23T00:07:41.974+0000] {dag.py:3047} INFO - Sync 1 DAGs
[2024-03-23T00:07:42.015+0000] {logging_mixin.py:188} INFO - [2024-03-23T00:07:42.015+0000] {dag.py:3834} INFO - Setting next_dagrun for example_sla_dag to 2024-03-23 00:04:00+00:00, run_after=2024-03-23 00:06:00+00:00
[2024-03-23T00:07:42.048+0000] {processor.py:183} INFO - Processing /home/airflow/.local/lib/python3.8/site-packages/airflow/example_dags/example_sla_dag.py took 0.115 seconds
[2024-03-23T00:08:12.108+0000] {processor.py:161} INFO - Started process (PID=558) to work on /home/airflow/.local/lib/python3.8/site-packages/airflow/example_dags/example_sla_dag.py
[2024-03-23T00:08:12.110+0000] {processor.py:830} INFO - Processing file /home/airflow/.local/lib/python3.8/site-packages/airflow/example_dags/example_sla_dag.py for tasks to queue
[2024-03-23T00:08:12.112+0000] {logging_mixin.py:188} INFO - [2024-03-23T00:08:12.112+0000] {dagbag.py:540} INFO - Filling up the DagBag from /home/airflow/.local/lib/python3.8/site-packages/airflow/example_dags/example_sla_dag.py
[2024-03-23T00:08:12.123+0000] {processor.py:840} INFO - DAG(s) 'example_sla_dag' retrieved from /home/airflow/.local/lib/python3.8/site-packages/airflow/example_dags/example_sla_dag.py
[2024-03-23T00:08:12.144+0000] {logging_mixin.py:188} INFO - [2024-03-23T00:08:12.144+0000] {dag.py:3047} INFO - Sync 1 DAGs
[2024-03-23T00:08:12.173+0000] {logging_mixin.py:188} INFO - [2024-03-23T00:08:12.173+0000] {dag.py:3834} INFO - Setting next_dagrun for example_sla_dag to 2024-03-23 00:06:00+00:00, run_after=2024-03-23 00:08:00+00:00
[2024-03-23T00:08:12.192+0000] {processor.py:183} INFO - Processing /home/airflow/.local/lib/python3.8/site-packages/airflow/example_dags/example_sla_dag.py took 0.090 seconds
[2024-03-23T00:08:42.375+0000] {processor.py:161} INFO - Started process (PID=613) to work on /home/airflow/.local/lib/python3.8/site-packages/airflow/example_dags/example_sla_dag.py
[2024-03-23T00:08:42.377+0000] {processor.py:830} INFO - Processing file /home/airflow/.local/lib/python3.8/site-packages/airflow/example_dags/example_sla_dag.py for tasks to queue
[2024-03-23T00:08:42.379+0000] {logging_mixin.py:188} INFO - [2024-03-23T00:08:42.379+0000] {dagbag.py:540} INFO - Filling up the DagBag from /home/airflow/.local/lib/python3.8/site-packages/airflow/example_dags/example_sla_dag.py
[2024-03-23T00:08:42.389+0000] {processor.py:840} INFO - DAG(s) 'example_sla_dag' retrieved from /home/airflow/.local/lib/python3.8/site-packages/airflow/example_dags/example_sla_dag.py
[2024-03-23T00:08:42.410+0000] {logging_mixin.py:188} INFO - [2024-03-23T00:08:42.410+0000] {dag.py:3047} INFO - Sync 1 DAGs
[2024-03-23T00:08:42.440+0000] {logging_mixin.py:188} INFO - [2024-03-23T00:08:42.440+0000] {dag.py:3834} INFO - Setting next_dagrun for example_sla_dag to 2024-03-23 00:06:00+00:00, run_after=2024-03-23 00:08:00+00:00
[2024-03-23T00:08:42.459+0000] {processor.py:183} INFO - Processing /home/airflow/.local/lib/python3.8/site-packages/airflow/example_dags/example_sla_dag.py took 0.087 seconds
[2024-03-23T00:09:12.824+0000] {processor.py:161} INFO - Started process (PID=668) to work on /home/airflow/.local/lib/python3.8/site-packages/airflow/example_dags/example_sla_dag.py
[2024-03-23T00:09:12.826+0000] {processor.py:830} INFO - Processing file /home/airflow/.local/lib/python3.8/site-packages/airflow/example_dags/example_sla_dag.py for tasks to queue
[2024-03-23T00:09:12.828+0000] {logging_mixin.py:188} INFO - [2024-03-23T00:09:12.828+0000] {dagbag.py:540} INFO - Filling up the DagBag from /home/airflow/.local/lib/python3.8/site-packages/airflow/example_dags/example_sla_dag.py
[2024-03-23T00:09:12.838+0000] {processor.py:840} INFO - DAG(s) 'example_sla_dag' retrieved from /home/airflow/.local/lib/python3.8/site-packages/airflow/example_dags/example_sla_dag.py
[2024-03-23T00:09:12.862+0000] {logging_mixin.py:188} INFO - [2024-03-23T00:09:12.862+0000] {dag.py:3047} INFO - Sync 1 DAGs
[2024-03-23T00:09:12.893+0000] {logging_mixin.py:188} INFO - [2024-03-23T00:09:12.893+0000] {dag.py:3834} INFO - Setting next_dagrun for example_sla_dag to 2024-03-23 00:06:00+00:00, run_after=2024-03-23 00:08:00+00:00
[2024-03-23T00:09:12.915+0000] {processor.py:183} INFO - Processing /home/airflow/.local/lib/python3.8/site-packages/airflow/example_dags/example_sla_dag.py took 0.095 seconds
[2024-03-23T00:09:42.964+0000] {processor.py:161} INFO - Started process (PID=723) to work on /home/airflow/.local/lib/python3.8/site-packages/airflow/example_dags/example_sla_dag.py
[2024-03-23T00:09:42.965+0000] {processor.py:830} INFO - Processing file /home/airflow/.local/lib/python3.8/site-packages/airflow/example_dags/example_sla_dag.py for tasks to queue
[2024-03-23T00:09:42.968+0000] {logging_mixin.py:188} INFO - [2024-03-23T00:09:42.968+0000] {dagbag.py:540} INFO - Filling up the DagBag from /home/airflow/.local/lib/python3.8/site-packages/airflow/example_dags/example_sla_dag.py
[2024-03-23T00:09:42.978+0000] {processor.py:840} INFO - DAG(s) 'example_sla_dag' retrieved from /home/airflow/.local/lib/python3.8/site-packages/airflow/example_dags/example_sla_dag.py
[2024-03-23T00:09:43.000+0000] {logging_mixin.py:188} INFO - [2024-03-23T00:09:43.000+0000] {dag.py:3047} INFO - Sync 1 DAGs
[2024-03-23T00:09:43.030+0000] {logging_mixin.py:188} INFO - [2024-03-23T00:09:43.030+0000] {dag.py:3834} INFO - Setting next_dagrun for example_sla_dag to 2024-03-23 00:06:00+00:00, run_after=2024-03-23 00:08:00+00:00
[2024-03-23T00:09:43.050+0000] {processor.py:183} INFO - Processing /home/airflow/.local/lib/python3.8/site-packages/airflow/example_dags/example_sla_dag.py took 0.090 seconds
[2024-03-23T00:10:13.433+0000] {processor.py:161} INFO - Started process (PID=778) to work on /home/airflow/.local/lib/python3.8/site-packages/airflow/example_dags/example_sla_dag.py
[2024-03-23T00:10:13.435+0000] {processor.py:830} INFO - Processing file /home/airflow/.local/lib/python3.8/site-packages/airflow/example_dags/example_sla_dag.py for tasks to queue
[2024-03-23T00:10:13.438+0000] {logging_mixin.py:188} INFO - [2024-03-23T00:10:13.437+0000] {dagbag.py:540} INFO - Filling up the DagBag from /home/airflow/.local/lib/python3.8/site-packages/airflow/example_dags/example_sla_dag.py
[2024-03-23T00:10:13.449+0000] {processor.py:840} INFO - DAG(s) 'example_sla_dag' retrieved from /home/airflow/.local/lib/python3.8/site-packages/airflow/example_dags/example_sla_dag.py
[2024-03-23T00:10:13.475+0000] {logging_mixin.py:188} INFO - [2024-03-23T00:10:13.474+0000] {dag.py:3047} INFO - Sync 1 DAGs
[2024-03-23T00:10:13.507+0000] {logging_mixin.py:188} INFO - [2024-03-23T00:10:13.506+0000] {dag.py:3834} INFO - Setting next_dagrun for example_sla_dag to 2024-03-23 00:08:00+00:00, run_after=2024-03-23 00:10:00+00:00
[2024-03-23T00:10:13.528+0000] {processor.py:183} INFO - Processing /home/airflow/.local/lib/python3.8/site-packages/airflow/example_dags/example_sla_dag.py took 0.099 seconds
[2024-03-23T00:10:43.614+0000] {processor.py:161} INFO - Started process (PID=833) to work on /home/airflow/.local/lib/python3.8/site-packages/airflow/example_dags/example_sla_dag.py
[2024-03-23T00:10:43.616+0000] {processor.py:830} INFO - Processing file /home/airflow/.local/lib/python3.8/site-packages/airflow/example_dags/example_sla_dag.py for tasks to queue
[2024-03-23T00:10:43.618+0000] {logging_mixin.py:188} INFO - [2024-03-23T00:10:43.617+0000] {dagbag.py:540} INFO - Filling up the DagBag from /home/airflow/.local/lib/python3.8/site-packages/airflow/example_dags/example_sla_dag.py
[2024-03-23T00:10:43.628+0000] {processor.py:840} INFO - DAG(s) 'example_sla_dag' retrieved from /home/airflow/.local/lib/python3.8/site-packages/airflow/example_dags/example_sla_dag.py
[2024-03-23T00:10:43.649+0000] {logging_mixin.py:188} INFO - [2024-03-23T00:10:43.649+0000] {dag.py:3047} INFO - Sync 1 DAGs
[2024-03-23T00:10:43.679+0000] {logging_mixin.py:188} INFO - [2024-03-23T00:10:43.679+0000] {dag.py:3834} INFO - Setting next_dagrun for example_sla_dag to 2024-03-23 00:08:00+00:00, run_after=2024-03-23 00:10:00+00:00
[2024-03-23T00:10:43.700+0000] {processor.py:183} INFO - Processing /home/airflow/.local/lib/python3.8/site-packages/airflow/example_dags/example_sla_dag.py took 0.089 seconds
[2024-03-23T00:11:13.981+0000] {processor.py:161} INFO - Started process (PID=888) to work on /home/airflow/.local/lib/python3.8/site-packages/airflow/example_dags/example_sla_dag.py
[2024-03-23T00:11:13.982+0000] {processor.py:830} INFO - Processing file /home/airflow/.local/lib/python3.8/site-packages/airflow/example_dags/example_sla_dag.py for tasks to queue
[2024-03-23T00:11:13.984+0000] {logging_mixin.py:188} INFO - [2024-03-23T00:11:13.984+0000] {dagbag.py:540} INFO - Filling up the DagBag from /home/airflow/.local/lib/python3.8/site-packages/airflow/example_dags/example_sla_dag.py
[2024-03-23T00:11:13.994+0000] {processor.py:840} INFO - DAG(s) 'example_sla_dag' retrieved from /home/airflow/.local/lib/python3.8/site-packages/airflow/example_dags/example_sla_dag.py
[2024-03-23T00:11:14.015+0000] {logging_mixin.py:188} INFO - [2024-03-23T00:11:14.015+0000] {dag.py:3047} INFO - Sync 1 DAGs
[2024-03-23T00:11:14.045+0000] {logging_mixin.py:188} INFO - [2024-03-23T00:11:14.045+0000] {dag.py:3834} INFO - Setting next_dagrun for example_sla_dag to 2024-03-23 00:08:00+00:00, run_after=2024-03-23 00:10:00+00:00
[2024-03-23T00:11:14.064+0000] {processor.py:183} INFO - Processing /home/airflow/.local/lib/python3.8/site-packages/airflow/example_dags/example_sla_dag.py took 0.087 seconds
[2024-03-23T00:11:44.398+0000] {processor.py:161} INFO - Started process (PID=943) to work on /home/airflow/.local/lib/python3.8/site-packages/airflow/example_dags/example_sla_dag.py
[2024-03-23T00:11:44.399+0000] {processor.py:830} INFO - Processing file /home/airflow/.local/lib/python3.8/site-packages/airflow/example_dags/example_sla_dag.py for tasks to queue
[2024-03-23T00:11:44.401+0000] {logging_mixin.py:188} INFO - [2024-03-23T00:11:44.401+0000] {dagbag.py:540} INFO - Filling up the DagBag from /home/airflow/.local/lib/python3.8/site-packages/airflow/example_dags/example_sla_dag.py
[2024-03-23T00:11:44.412+0000] {processor.py:840} INFO - DAG(s) 'example_sla_dag' retrieved from /home/airflow/.local/lib/python3.8/site-packages/airflow/example_dags/example_sla_dag.py
[2024-03-23T00:11:44.435+0000] {logging_mixin.py:188} INFO - [2024-03-23T00:11:44.435+0000] {dag.py:3047} INFO - Sync 1 DAGs
[2024-03-23T00:11:44.467+0000] {logging_mixin.py:188} INFO - [2024-03-23T00:11:44.466+0000] {dag.py:3834} INFO - Setting next_dagrun for example_sla_dag to 2024-03-23 00:08:00+00:00, run_after=2024-03-23 00:10:00+00:00
[2024-03-23T00:11:44.488+0000] {processor.py:183} INFO - Processing /home/airflow/.local/lib/python3.8/site-packages/airflow/example_dags/example_sla_dag.py took 0.094 seconds
[2024-03-23T00:12:14.687+0000] {processor.py:161} INFO - Started process (PID=998) to work on /home/airflow/.local/lib/python3.8/site-packages/airflow/example_dags/example_sla_dag.py
[2024-03-23T00:12:14.689+0000] {processor.py:830} INFO - Processing file /home/airflow/.local/lib/python3.8/site-packages/airflow/example_dags/example_sla_dag.py for tasks to queue
[2024-03-23T00:12:14.691+0000] {logging_mixin.py:188} INFO - [2024-03-23T00:12:14.690+0000] {dagbag.py:540} INFO - Filling up the DagBag from /home/airflow/.local/lib/python3.8/site-packages/airflow/example_dags/example_sla_dag.py
[2024-03-23T00:12:14.701+0000] {processor.py:840} INFO - DAG(s) 'example_sla_dag' retrieved from /home/airflow/.local/lib/python3.8/site-packages/airflow/example_dags/example_sla_dag.py
[2024-03-23T00:12:14.722+0000] {logging_mixin.py:188} INFO - [2024-03-23T00:12:14.722+0000] {dag.py:3047} INFO - Sync 1 DAGs
[2024-03-23T00:12:14.754+0000] {logging_mixin.py:188} INFO - [2024-03-23T00:12:14.754+0000] {dag.py:3834} INFO - Setting next_dagrun for example_sla_dag to 2024-03-23 00:10:00+00:00, run_after=2024-03-23 00:12:00+00:00
[2024-03-23T00:12:14.773+0000] {processor.py:183} INFO - Processing /home/airflow/.local/lib/python3.8/site-packages/airflow/example_dags/example_sla_dag.py took 0.089 seconds
[2024-03-23T00:12:45.343+0000] {processor.py:161} INFO - Started process (PID=1053) to work on /home/airflow/.local/lib/python3.8/site-packages/airflow/example_dags/example_sla_dag.py
[2024-03-23T00:12:45.344+0000] {processor.py:830} INFO - Processing file /home/airflow/.local/lib/python3.8/site-packages/airflow/example_dags/example_sla_dag.py for tasks to queue
[2024-03-23T00:12:45.346+0000] {logging_mixin.py:188} INFO - [2024-03-23T00:12:45.346+0000] {dagbag.py:540} INFO - Filling up the DagBag from /home/airflow/.local/lib/python3.8/site-packages/airflow/example_dags/example_sla_dag.py
[2024-03-23T00:12:45.356+0000] {processor.py:840} INFO - DAG(s) 'example_sla_dag' retrieved from /home/airflow/.local/lib/python3.8/site-packages/airflow/example_dags/example_sla_dag.py
[2024-03-23T00:12:45.376+0000] {logging_mixin.py:188} INFO - [2024-03-23T00:12:45.376+0000] {dag.py:3047} INFO - Sync 1 DAGs
[2024-03-23T00:12:45.404+0000] {logging_mixin.py:188} INFO - [2024-03-23T00:12:45.404+0000] {dag.py:3834} INFO - Setting next_dagrun for example_sla_dag to 2024-03-23 00:10:00+00:00, run_after=2024-03-23 00:12:00+00:00
[2024-03-23T00:12:45.423+0000] {processor.py:183} INFO - Processing /home/airflow/.local/lib/python3.8/site-packages/airflow/example_dags/example_sla_dag.py took 0.085 seconds
[2024-03-23T00:13:15.651+0000] {processor.py:161} INFO - Started process (PID=1108) to work on /home/airflow/.local/lib/python3.8/site-packages/airflow/example_dags/example_sla_dag.py
[2024-03-23T00:13:15.652+0000] {processor.py:830} INFO - Processing file /home/airflow/.local/lib/python3.8/site-packages/airflow/example_dags/example_sla_dag.py for tasks to queue
[2024-03-23T00:13:15.654+0000] {logging_mixin.py:188} INFO - [2024-03-23T00:13:15.654+0000] {dagbag.py:540} INFO - Filling up the DagBag from /home/airflow/.local/lib/python3.8/site-packages/airflow/example_dags/example_sla_dag.py
[2024-03-23T00:13:15.664+0000] {processor.py:840} INFO - DAG(s) 'example_sla_dag' retrieved from /home/airflow/.local/lib/python3.8/site-packages/airflow/example_dags/example_sla_dag.py
[2024-03-23T00:13:15.685+0000] {logging_mixin.py:188} INFO - [2024-03-23T00:13:15.685+0000] {dag.py:3047} INFO - Sync 1 DAGs
[2024-03-23T00:13:15.714+0000] {logging_mixin.py:188} INFO - [2024-03-23T00:13:15.714+0000] {dag.py:3834} INFO - Setting next_dagrun for example_sla_dag to 2024-03-23 00:10:00+00:00, run_after=2024-03-23 00:12:00+00:00
[2024-03-23T00:13:15.734+0000] {processor.py:183} INFO - Processing /home/airflow/.local/lib/python3.8/site-packages/airflow/example_dags/example_sla_dag.py took 0.086 seconds
[2024-03-23T00:13:46.112+0000] {processor.py:161} INFO - Started process (PID=1163) to work on /home/airflow/.local/lib/python3.8/site-packages/airflow/example_dags/example_sla_dag.py
[2024-03-23T00:13:46.114+0000] {processor.py:830} INFO - Processing file /home/airflow/.local/lib/python3.8/site-packages/airflow/example_dags/example_sla_dag.py for tasks to queue
[2024-03-23T00:13:46.116+0000] {logging_mixin.py:188} INFO - [2024-03-23T00:13:46.115+0000] {dagbag.py:540} INFO - Filling up the DagBag from /home/airflow/.local/lib/python3.8/site-packages/airflow/example_dags/example_sla_dag.py
[2024-03-23T00:13:46.126+0000] {processor.py:840} INFO - DAG(s) 'example_sla_dag' retrieved from /home/airflow/.local/lib/python3.8/site-packages/airflow/example_dags/example_sla_dag.py
[2024-03-23T00:13:46.147+0000] {logging_mixin.py:188} INFO - [2024-03-23T00:13:46.147+0000] {dag.py:3047} INFO - Sync 1 DAGs
[2024-03-23T00:13:46.179+0000] {logging_mixin.py:188} INFO - [2024-03-23T00:13:46.179+0000] {dag.py:3834} INFO - Setting next_dagrun for example_sla_dag to 2024-03-23 00:10:00+00:00, run_after=2024-03-23 00:12:00+00:00
[2024-03-23T00:13:46.199+0000] {processor.py:183} INFO - Processing /home/airflow/.local/lib/python3.8/site-packages/airflow/example_dags/example_sla_dag.py took 0.091 seconds
[2024-03-23T00:14:16.689+0000] {processor.py:161} INFO - Started process (PID=1218) to work on /home/airflow/.local/lib/python3.8/site-packages/airflow/example_dags/example_sla_dag.py
[2024-03-23T00:14:16.690+0000] {processor.py:830} INFO - Processing file /home/airflow/.local/lib/python3.8/site-packages/airflow/example_dags/example_sla_dag.py for tasks to queue
[2024-03-23T00:14:16.693+0000] {logging_mixin.py:188} INFO - [2024-03-23T00:14:16.692+0000] {dagbag.py:540} INFO - Filling up the DagBag from /home/airflow/.local/lib/python3.8/site-packages/airflow/example_dags/example_sla_dag.py
[2024-03-23T00:14:16.703+0000] {processor.py:840} INFO - DAG(s) 'example_sla_dag' retrieved from /home/airflow/.local/lib/python3.8/site-packages/airflow/example_dags/example_sla_dag.py
[2024-03-23T00:14:16.725+0000] {logging_mixin.py:188} INFO - [2024-03-23T00:14:16.724+0000] {dag.py:3047} INFO - Sync 1 DAGs
[2024-03-23T00:14:16.755+0000] {logging_mixin.py:188} INFO - [2024-03-23T00:14:16.755+0000] {dag.py:3834} INFO - Setting next_dagrun for example_sla_dag to 2024-03-23 00:12:00+00:00, run_after=2024-03-23 00:14:00+00:00
[2024-03-23T00:14:16.774+0000] {processor.py:183} INFO - Processing /home/airflow/.local/lib/python3.8/site-packages/airflow/example_dags/example_sla_dag.py took 0.089 seconds
[2024-03-23T00:14:47.153+0000] {processor.py:161} INFO - Started process (PID=1273) to work on /home/airflow/.local/lib/python3.8/site-packages/airflow/example_dags/example_sla_dag.py
[2024-03-23T00:14:47.154+0000] {processor.py:830} INFO - Processing file /home/airflow/.local/lib/python3.8/site-packages/airflow/example_dags/example_sla_dag.py for tasks to queue
[2024-03-23T00:14:47.156+0000] {logging_mixin.py:188} INFO - [2024-03-23T00:14:47.156+0000] {dagbag.py:540} INFO - Filling up the DagBag from /home/airflow/.local/lib/python3.8/site-packages/airflow/example_dags/example_sla_dag.py
[2024-03-23T00:14:47.166+0000] {processor.py:840} INFO - DAG(s) 'example_sla_dag' retrieved from /home/airflow/.local/lib/python3.8/site-packages/airflow/example_dags/example_sla_dag.py
[2024-03-23T00:14:47.188+0000] {logging_mixin.py:188} INFO - [2024-03-23T00:14:47.187+0000] {dag.py:3047} INFO - Sync 1 DAGs
[2024-03-23T00:14:47.216+0000] {logging_mixin.py:188} INFO - [2024-03-23T00:14:47.216+0000] {dag.py:3834} INFO - Setting next_dagrun for example_sla_dag to 2024-03-23 00:12:00+00:00, run_after=2024-03-23 00:14:00+00:00
[2024-03-23T00:14:47.236+0000] {processor.py:183} INFO - Processing /home/airflow/.local/lib/python3.8/site-packages/airflow/example_dags/example_sla_dag.py took 0.088 seconds
[2024-03-23T00:15:17.541+0000] {processor.py:161} INFO - Started process (PID=1328) to work on /home/airflow/.local/lib/python3.8/site-packages/airflow/example_dags/example_sla_dag.py
[2024-03-23T00:15:17.542+0000] {processor.py:830} INFO - Processing file /home/airflow/.local/lib/python3.8/site-packages/airflow/example_dags/example_sla_dag.py for tasks to queue
[2024-03-23T00:15:17.545+0000] {logging_mixin.py:188} INFO - [2024-03-23T00:15:17.544+0000] {dagbag.py:540} INFO - Filling up the DagBag from /home/airflow/.local/lib/python3.8/site-packages/airflow/example_dags/example_sla_dag.py
[2024-03-23T00:15:17.555+0000] {processor.py:840} INFO - DAG(s) 'example_sla_dag' retrieved from /home/airflow/.local/lib/python3.8/site-packages/airflow/example_dags/example_sla_dag.py
[2024-03-23T00:15:17.577+0000] {logging_mixin.py:188} INFO - [2024-03-23T00:15:17.577+0000] {dag.py:3047} INFO - Sync 1 DAGs
[2024-03-23T00:15:17.608+0000] {logging_mixin.py:188} INFO - [2024-03-23T00:15:17.607+0000] {dag.py:3834} INFO - Setting next_dagrun for example_sla_dag to 2024-03-23 00:12:00+00:00, run_after=2024-03-23 00:14:00+00:00
[2024-03-23T00:15:17.636+0000] {processor.py:183} INFO - Processing /home/airflow/.local/lib/python3.8/site-packages/airflow/example_dags/example_sla_dag.py took 0.098 seconds
[2024-03-23T00:15:47.838+0000] {processor.py:161} INFO - Started process (PID=1383) to work on /home/airflow/.local/lib/python3.8/site-packages/airflow/example_dags/example_sla_dag.py
[2024-03-23T00:15:47.839+0000] {processor.py:830} INFO - Processing file /home/airflow/.local/lib/python3.8/site-packages/airflow/example_dags/example_sla_dag.py for tasks to queue
[2024-03-23T00:15:47.841+0000] {logging_mixin.py:188} INFO - [2024-03-23T00:15:47.841+0000] {dagbag.py:540} INFO - Filling up the DagBag from /home/airflow/.local/lib/python3.8/site-packages/airflow/example_dags/example_sla_dag.py
[2024-03-23T00:15:47.851+0000] {processor.py:840} INFO - DAG(s) 'example_sla_dag' retrieved from /home/airflow/.local/lib/python3.8/site-packages/airflow/example_dags/example_sla_dag.py
[2024-03-23T00:15:47.873+0000] {logging_mixin.py:188} INFO - [2024-03-23T00:15:47.872+0000] {dag.py:3047} INFO - Sync 1 DAGs
[2024-03-23T00:15:47.902+0000] {logging_mixin.py:188} INFO - [2024-03-23T00:15:47.902+0000] {dag.py:3834} INFO - Setting next_dagrun for example_sla_dag to 2024-03-23 00:12:00+00:00, run_after=2024-03-23 00:14:00+00:00
[2024-03-23T00:15:47.921+0000] {processor.py:183} INFO - Processing /home/airflow/.local/lib/python3.8/site-packages/airflow/example_dags/example_sla_dag.py took 0.088 seconds
[2024-03-23T00:16:18.340+0000] {processor.py:161} INFO - Started process (PID=1438) to work on /home/airflow/.local/lib/python3.8/site-packages/airflow/example_dags/example_sla_dag.py
[2024-03-23T00:16:18.341+0000] {processor.py:830} INFO - Processing file /home/airflow/.local/lib/python3.8/site-packages/airflow/example_dags/example_sla_dag.py for tasks to queue
[2024-03-23T00:16:18.343+0000] {logging_mixin.py:188} INFO - [2024-03-23T00:16:18.343+0000] {dagbag.py:540} INFO - Filling up the DagBag from /home/airflow/.local/lib/python3.8/site-packages/airflow/example_dags/example_sla_dag.py
[2024-03-23T00:16:18.353+0000] {processor.py:840} INFO - DAG(s) 'example_sla_dag' retrieved from /home/airflow/.local/lib/python3.8/site-packages/airflow/example_dags/example_sla_dag.py
[2024-03-23T00:16:18.374+0000] {logging_mixin.py:188} INFO - [2024-03-23T00:16:18.374+0000] {dag.py:3047} INFO - Sync 1 DAGs
[2024-03-23T00:16:18.403+0000] {logging_mixin.py:188} INFO - [2024-03-23T00:16:18.403+0000] {dag.py:3834} INFO - Setting next_dagrun for example_sla_dag to 2024-03-23 00:14:00+00:00, run_after=2024-03-23 00:16:00+00:00
[2024-03-23T00:16:18.423+0000] {processor.py:183} INFO - Processing /home/airflow/.local/lib/python3.8/site-packages/airflow/example_dags/example_sla_dag.py took 0.087 seconds
[2024-03-23T00:16:48.525+0000] {processor.py:161} INFO - Started process (PID=1493) to work on /home/airflow/.local/lib/python3.8/site-packages/airflow/example_dags/example_sla_dag.py
[2024-03-23T00:16:48.526+0000] {processor.py:830} INFO - Processing file /home/airflow/.local/lib/python3.8/site-packages/airflow/example_dags/example_sla_dag.py for tasks to queue
[2024-03-23T00:16:48.528+0000] {logging_mixin.py:188} INFO - [2024-03-23T00:16:48.528+0000] {dagbag.py:540} INFO - Filling up the DagBag from /home/airflow/.local/lib/python3.8/site-packages/airflow/example_dags/example_sla_dag.py
[2024-03-23T00:16:48.538+0000] {processor.py:840} INFO - DAG(s) 'example_sla_dag' retrieved from /home/airflow/.local/lib/python3.8/site-packages/airflow/example_dags/example_sla_dag.py
[2024-03-23T00:16:48.559+0000] {logging_mixin.py:188} INFO - [2024-03-23T00:16:48.559+0000] {dag.py:3047} INFO - Sync 1 DAGs
[2024-03-23T00:16:48.588+0000] {logging_mixin.py:188} INFO - [2024-03-23T00:16:48.588+0000] {dag.py:3834} INFO - Setting next_dagrun for example_sla_dag to 2024-03-23 00:14:00+00:00, run_after=2024-03-23 00:16:00+00:00
[2024-03-23T00:16:48.607+0000] {processor.py:183} INFO - Processing /home/airflow/.local/lib/python3.8/site-packages/airflow/example_dags/example_sla_dag.py took 0.086 seconds
[2024-03-23T00:17:18.794+0000] {processor.py:161} INFO - Started process (PID=1548) to work on /home/airflow/.local/lib/python3.8/site-packages/airflow/example_dags/example_sla_dag.py
[2024-03-23T00:17:18.795+0000] {processor.py:830} INFO - Processing file /home/airflow/.local/lib/python3.8/site-packages/airflow/example_dags/example_sla_dag.py for tasks to queue
[2024-03-23T00:17:18.797+0000] {logging_mixin.py:188} INFO - [2024-03-23T00:17:18.797+0000] {dagbag.py:540} INFO - Filling up the DagBag from /home/airflow/.local/lib/python3.8/site-packages/airflow/example_dags/example_sla_dag.py
[2024-03-23T00:17:18.807+0000] {processor.py:840} INFO - DAG(s) 'example_sla_dag' retrieved from /home/airflow/.local/lib/python3.8/site-packages/airflow/example_dags/example_sla_dag.py
[2024-03-23T00:17:18.829+0000] {logging_mixin.py:188} INFO - [2024-03-23T00:17:18.829+0000] {dag.py:3047} INFO - Sync 1 DAGs
[2024-03-23T00:17:18.860+0000] {logging_mixin.py:188} INFO - [2024-03-23T00:17:18.859+0000] {dag.py:3834} INFO - Setting next_dagrun for example_sla_dag to 2024-03-23 00:14:00+00:00, run_after=2024-03-23 00:16:00+00:00
[2024-03-23T00:17:18.879+0000] {processor.py:183} INFO - Processing /home/airflow/.local/lib/python3.8/site-packages/airflow/example_dags/example_sla_dag.py took 0.090 seconds
[2024-03-23T00:17:49.342+0000] {processor.py:161} INFO - Started process (PID=1603) to work on /home/airflow/.local/lib/python3.8/site-packages/airflow/example_dags/example_sla_dag.py
[2024-03-23T00:17:49.343+0000] {processor.py:830} INFO - Processing file /home/airflow/.local/lib/python3.8/site-packages/airflow/example_dags/example_sla_dag.py for tasks to queue
[2024-03-23T00:17:49.347+0000] {logging_mixin.py:188} INFO - [2024-03-23T00:17:49.347+0000] {dagbag.py:540} INFO - Filling up the DagBag from /home/airflow/.local/lib/python3.8/site-packages/airflow/example_dags/example_sla_dag.py
[2024-03-23T00:17:49.358+0000] {processor.py:840} INFO - DAG(s) 'example_sla_dag' retrieved from /home/airflow/.local/lib/python3.8/site-packages/airflow/example_dags/example_sla_dag.py
[2024-03-23T00:17:49.379+0000] {logging_mixin.py:188} INFO - [2024-03-23T00:17:49.379+0000] {dag.py:3047} INFO - Sync 1 DAGs
[2024-03-23T00:17:49.408+0000] {logging_mixin.py:188} INFO - [2024-03-23T00:17:49.408+0000] {dag.py:3834} INFO - Setting next_dagrun for example_sla_dag to 2024-03-23 00:14:00+00:00, run_after=2024-03-23 00:16:00+00:00
[2024-03-23T00:17:49.427+0000] {processor.py:183} INFO - Processing /home/airflow/.local/lib/python3.8/site-packages/airflow/example_dags/example_sla_dag.py took 0.089 seconds
[2024-03-23T00:18:19.709+0000] {processor.py:161} INFO - Started process (PID=1664) to work on /home/airflow/.local/lib/python3.8/site-packages/airflow/example_dags/example_sla_dag.py
[2024-03-23T00:18:19.712+0000] {processor.py:830} INFO - Processing file /home/airflow/.local/lib/python3.8/site-packages/airflow/example_dags/example_sla_dag.py for tasks to queue
[2024-03-23T00:18:19.715+0000] {logging_mixin.py:188} INFO - [2024-03-23T00:18:19.715+0000] {dagbag.py:540} INFO - Filling up the DagBag from /home/airflow/.local/lib/python3.8/site-packages/airflow/example_dags/example_sla_dag.py
[2024-03-23T00:18:19.725+0000] {processor.py:840} INFO - DAG(s) 'example_sla_dag' retrieved from /home/airflow/.local/lib/python3.8/site-packages/airflow/example_dags/example_sla_dag.py
[2024-03-23T00:18:19.748+0000] {logging_mixin.py:188} INFO - [2024-03-23T00:18:19.748+0000] {dag.py:3047} INFO - Sync 1 DAGs
[2024-03-23T00:18:19.777+0000] {logging_mixin.py:188} INFO - [2024-03-23T00:18:19.776+0000] {dag.py:3834} INFO - Setting next_dagrun for example_sla_dag to 2024-03-23 00:16:00+00:00, run_after=2024-03-23 00:18:00+00:00
[2024-03-23T00:18:19.796+0000] {processor.py:183} INFO - Processing /home/airflow/.local/lib/python3.8/site-packages/airflow/example_dags/example_sla_dag.py took 0.090 seconds
[2024-03-23T00:18:50.204+0000] {processor.py:161} INFO - Started process (PID=1719) to work on /home/airflow/.local/lib/python3.8/site-packages/airflow/example_dags/example_sla_dag.py
[2024-03-23T00:18:50.205+0000] {processor.py:830} INFO - Processing file /home/airflow/.local/lib/python3.8/site-packages/airflow/example_dags/example_sla_dag.py for tasks to queue
[2024-03-23T00:18:50.208+0000] {logging_mixin.py:188} INFO - [2024-03-23T00:18:50.207+0000] {dagbag.py:540} INFO - Filling up the DagBag from /home/airflow/.local/lib/python3.8/site-packages/airflow/example_dags/example_sla_dag.py
[2024-03-23T00:18:50.218+0000] {processor.py:840} INFO - DAG(s) 'example_sla_dag' retrieved from /home/airflow/.local/lib/python3.8/site-packages/airflow/example_dags/example_sla_dag.py
[2024-03-23T00:18:50.241+0000] {logging_mixin.py:188} INFO - [2024-03-23T00:18:50.241+0000] {dag.py:3047} INFO - Sync 1 DAGs
[2024-03-23T00:18:50.269+0000] {logging_mixin.py:188} INFO - [2024-03-23T00:18:50.269+0000] {dag.py:3834} INFO - Setting next_dagrun for example_sla_dag to 2024-03-23 00:16:00+00:00, run_after=2024-03-23 00:18:00+00:00
[2024-03-23T00:18:50.288+0000] {processor.py:183} INFO - Processing /home/airflow/.local/lib/python3.8/site-packages/airflow/example_dags/example_sla_dag.py took 0.088 seconds
[2024-03-23T00:19:20.476+0000] {processor.py:161} INFO - Started process (PID=1774) to work on /home/airflow/.local/lib/python3.8/site-packages/airflow/example_dags/example_sla_dag.py
[2024-03-23T00:19:20.477+0000] {processor.py:830} INFO - Processing file /home/airflow/.local/lib/python3.8/site-packages/airflow/example_dags/example_sla_dag.py for tasks to queue
[2024-03-23T00:19:20.480+0000] {logging_mixin.py:188} INFO - [2024-03-23T00:19:20.479+0000] {dagbag.py:540} INFO - Filling up the DagBag from /home/airflow/.local/lib/python3.8/site-packages/airflow/example_dags/example_sla_dag.py
[2024-03-23T00:19:20.489+0000] {processor.py:840} INFO - DAG(s) 'example_sla_dag' retrieved from /home/airflow/.local/lib/python3.8/site-packages/airflow/example_dags/example_sla_dag.py
[2024-03-23T00:19:20.510+0000] {logging_mixin.py:188} INFO - [2024-03-23T00:19:20.510+0000] {dag.py:3047} INFO - Sync 1 DAGs
[2024-03-23T00:19:20.539+0000] {logging_mixin.py:188} INFO - [2024-03-23T00:19:20.539+0000] {dag.py:3834} INFO - Setting next_dagrun for example_sla_dag to 2024-03-23 00:16:00+00:00, run_after=2024-03-23 00:18:00+00:00
[2024-03-23T00:19:20.557+0000] {processor.py:183} INFO - Processing /home/airflow/.local/lib/python3.8/site-packages/airflow/example_dags/example_sla_dag.py took 0.085 seconds
[2024-03-23T00:19:51.125+0000] {processor.py:161} INFO - Started process (PID=1829) to work on /home/airflow/.local/lib/python3.8/site-packages/airflow/example_dags/example_sla_dag.py
[2024-03-23T00:19:51.127+0000] {processor.py:830} INFO - Processing file /home/airflow/.local/lib/python3.8/site-packages/airflow/example_dags/example_sla_dag.py for tasks to queue
[2024-03-23T00:19:51.129+0000] {logging_mixin.py:188} INFO - [2024-03-23T00:19:51.128+0000] {dagbag.py:540} INFO - Filling up the DagBag from /home/airflow/.local/lib/python3.8/site-packages/airflow/example_dags/example_sla_dag.py
[2024-03-23T00:19:51.139+0000] {processor.py:840} INFO - DAG(s) 'example_sla_dag' retrieved from /home/airflow/.local/lib/python3.8/site-packages/airflow/example_dags/example_sla_dag.py
[2024-03-23T00:19:51.161+0000] {logging_mixin.py:188} INFO - [2024-03-23T00:19:51.161+0000] {dag.py:3047} INFO - Sync 1 DAGs
[2024-03-23T00:19:51.191+0000] {logging_mixin.py:188} INFO - [2024-03-23T00:19:51.191+0000] {dag.py:3834} INFO - Setting next_dagrun for example_sla_dag to 2024-03-23 00:16:00+00:00, run_after=2024-03-23 00:18:00+00:00
[2024-03-23T00:19:51.212+0000] {processor.py:183} INFO - Processing /home/airflow/.local/lib/python3.8/site-packages/airflow/example_dags/example_sla_dag.py took 0.091 seconds
[2024-03-23T00:20:21.682+0000] {processor.py:161} INFO - Started process (PID=1884) to work on /home/airflow/.local/lib/python3.8/site-packages/airflow/example_dags/example_sla_dag.py
[2024-03-23T00:20:21.684+0000] {processor.py:830} INFO - Processing file /home/airflow/.local/lib/python3.8/site-packages/airflow/example_dags/example_sla_dag.py for tasks to queue
[2024-03-23T00:20:21.686+0000] {logging_mixin.py:188} INFO - [2024-03-23T00:20:21.685+0000] {dagbag.py:540} INFO - Filling up the DagBag from /home/airflow/.local/lib/python3.8/site-packages/airflow/example_dags/example_sla_dag.py
[2024-03-23T00:20:21.696+0000] {processor.py:840} INFO - DAG(s) 'example_sla_dag' retrieved from /home/airflow/.local/lib/python3.8/site-packages/airflow/example_dags/example_sla_dag.py
[2024-03-23T00:20:21.717+0000] {logging_mixin.py:188} INFO - [2024-03-23T00:20:21.717+0000] {dag.py:3047} INFO - Sync 1 DAGs
[2024-03-23T00:20:21.746+0000] {logging_mixin.py:188} INFO - [2024-03-23T00:20:21.746+0000] {dag.py:3834} INFO - Setting next_dagrun for example_sla_dag to 2024-03-23 00:18:00+00:00, run_after=2024-03-23 00:20:00+00:00
[2024-03-23T00:20:21.765+0000] {processor.py:183} INFO - Processing /home/airflow/.local/lib/python3.8/site-packages/airflow/example_dags/example_sla_dag.py took 0.086 seconds
[2024-03-23T00:20:52.184+0000] {processor.py:161} INFO - Started process (PID=1939) to work on /home/airflow/.local/lib/python3.8/site-packages/airflow/example_dags/example_sla_dag.py
[2024-03-23T00:20:52.185+0000] {processor.py:830} INFO - Processing file /home/airflow/.local/lib/python3.8/site-packages/airflow/example_dags/example_sla_dag.py for tasks to queue
[2024-03-23T00:20:52.188+0000] {logging_mixin.py:188} INFO - [2024-03-23T00:20:52.187+0000] {dagbag.py:540} INFO - Filling up the DagBag from /home/airflow/.local/lib/python3.8/site-packages/airflow/example_dags/example_sla_dag.py
[2024-03-23T00:20:52.203+0000] {processor.py:840} INFO - DAG(s) 'example_sla_dag' retrieved from /home/airflow/.local/lib/python3.8/site-packages/airflow/example_dags/example_sla_dag.py
[2024-03-23T00:20:52.227+0000] {logging_mixin.py:188} INFO - [2024-03-23T00:20:52.227+0000] {dag.py:3047} INFO - Sync 1 DAGs
[2024-03-23T00:20:52.263+0000] {logging_mixin.py:188} INFO - [2024-03-23T00:20:52.263+0000] {dag.py:3834} INFO - Setting next_dagrun for example_sla_dag to 2024-03-23 00:18:00+00:00, run_after=2024-03-23 00:20:00+00:00
[2024-03-23T00:20:52.285+0000] {processor.py:183} INFO - Processing /home/airflow/.local/lib/python3.8/site-packages/airflow/example_dags/example_sla_dag.py took 0.106 seconds
[2024-03-23T00:21:22.334+0000] {processor.py:161} INFO - Started process (PID=1994) to work on /home/airflow/.local/lib/python3.8/site-packages/airflow/example_dags/example_sla_dag.py
[2024-03-23T00:21:22.336+0000] {processor.py:830} INFO - Processing file /home/airflow/.local/lib/python3.8/site-packages/airflow/example_dags/example_sla_dag.py for tasks to queue
[2024-03-23T00:21:22.338+0000] {logging_mixin.py:188} INFO - [2024-03-23T00:21:22.338+0000] {dagbag.py:540} INFO - Filling up the DagBag from /home/airflow/.local/lib/python3.8/site-packages/airflow/example_dags/example_sla_dag.py
[2024-03-23T00:21:22.349+0000] {processor.py:840} INFO - DAG(s) 'example_sla_dag' retrieved from /home/airflow/.local/lib/python3.8/site-packages/airflow/example_dags/example_sla_dag.py
[2024-03-23T00:21:22.373+0000] {logging_mixin.py:188} INFO - [2024-03-23T00:21:22.373+0000] {dag.py:3047} INFO - Sync 1 DAGs
[2024-03-23T00:21:22.403+0000] {logging_mixin.py:188} INFO - [2024-03-23T00:21:22.402+0000] {dag.py:3834} INFO - Setting next_dagrun for example_sla_dag to 2024-03-23 00:18:00+00:00, run_after=2024-03-23 00:20:00+00:00
[2024-03-23T00:21:22.424+0000] {processor.py:183} INFO - Processing /home/airflow/.local/lib/python3.8/site-packages/airflow/example_dags/example_sla_dag.py took 0.095 seconds
[2024-03-23T00:21:52.561+0000] {processor.py:161} INFO - Started process (PID=2049) to work on /home/airflow/.local/lib/python3.8/site-packages/airflow/example_dags/example_sla_dag.py
[2024-03-23T00:21:52.562+0000] {processor.py:830} INFO - Processing file /home/airflow/.local/lib/python3.8/site-packages/airflow/example_dags/example_sla_dag.py for tasks to queue
[2024-03-23T00:21:52.564+0000] {logging_mixin.py:188} INFO - [2024-03-23T00:21:52.564+0000] {dagbag.py:540} INFO - Filling up the DagBag from /home/airflow/.local/lib/python3.8/site-packages/airflow/example_dags/example_sla_dag.py
[2024-03-23T00:21:52.574+0000] {processor.py:840} INFO - DAG(s) 'example_sla_dag' retrieved from /home/airflow/.local/lib/python3.8/site-packages/airflow/example_dags/example_sla_dag.py
[2024-03-23T00:21:52.595+0000] {logging_mixin.py:188} INFO - [2024-03-23T00:21:52.594+0000] {dag.py:3047} INFO - Sync 1 DAGs
[2024-03-23T00:21:52.624+0000] {logging_mixin.py:188} INFO - [2024-03-23T00:21:52.624+0000] {dag.py:3834} INFO - Setting next_dagrun for example_sla_dag to 2024-03-23 00:18:00+00:00, run_after=2024-03-23 00:20:00+00:00
[2024-03-23T00:21:52.643+0000] {processor.py:183} INFO - Processing /home/airflow/.local/lib/python3.8/site-packages/airflow/example_dags/example_sla_dag.py took 0.086 seconds
[2024-03-23T00:22:23.128+0000] {processor.py:161} INFO - Started process (PID=2104) to work on /home/airflow/.local/lib/python3.8/site-packages/airflow/example_dags/example_sla_dag.py
[2024-03-23T00:22:23.129+0000] {processor.py:830} INFO - Processing file /home/airflow/.local/lib/python3.8/site-packages/airflow/example_dags/example_sla_dag.py for tasks to queue
[2024-03-23T00:22:23.131+0000] {logging_mixin.py:188} INFO - [2024-03-23T00:22:23.131+0000] {dagbag.py:540} INFO - Filling up the DagBag from /home/airflow/.local/lib/python3.8/site-packages/airflow/example_dags/example_sla_dag.py
[2024-03-23T00:22:23.142+0000] {processor.py:840} INFO - DAG(s) 'example_sla_dag' retrieved from /home/airflow/.local/lib/python3.8/site-packages/airflow/example_dags/example_sla_dag.py
[2024-03-23T00:22:23.163+0000] {logging_mixin.py:188} INFO - [2024-03-23T00:22:23.163+0000] {dag.py:3047} INFO - Sync 1 DAGs
[2024-03-23T00:22:23.192+0000] {logging_mixin.py:188} INFO - [2024-03-23T00:22:23.192+0000] {dag.py:3834} INFO - Setting next_dagrun for example_sla_dag to 2024-03-23 00:20:00+00:00, run_after=2024-03-23 00:22:00+00:00
[2024-03-23T00:22:23.212+0000] {processor.py:183} INFO - Processing /home/airflow/.local/lib/python3.8/site-packages/airflow/example_dags/example_sla_dag.py took 0.089 seconds
[2024-03-23T00:22:53.405+0000] {processor.py:161} INFO - Started process (PID=2159) to work on /home/airflow/.local/lib/python3.8/site-packages/airflow/example_dags/example_sla_dag.py
[2024-03-23T00:22:53.406+0000] {processor.py:830} INFO - Processing file /home/airflow/.local/lib/python3.8/site-packages/airflow/example_dags/example_sla_dag.py for tasks to queue
[2024-03-23T00:22:53.408+0000] {logging_mixin.py:188} INFO - [2024-03-23T00:22:53.408+0000] {dagbag.py:540} INFO - Filling up the DagBag from /home/airflow/.local/lib/python3.8/site-packages/airflow/example_dags/example_sla_dag.py
[2024-03-23T00:22:53.418+0000] {processor.py:840} INFO - DAG(s) 'example_sla_dag' retrieved from /home/airflow/.local/lib/python3.8/site-packages/airflow/example_dags/example_sla_dag.py
[2024-03-23T00:22:53.439+0000] {logging_mixin.py:188} INFO - [2024-03-23T00:22:53.439+0000] {dag.py:3047} INFO - Sync 1 DAGs
[2024-03-23T00:22:53.468+0000] {logging_mixin.py:188} INFO - [2024-03-23T00:22:53.468+0000] {dag.py:3834} INFO - Setting next_dagrun for example_sla_dag to 2024-03-23 00:20:00+00:00, run_after=2024-03-23 00:22:00+00:00
[2024-03-23T00:22:53.486+0000] {processor.py:183} INFO - Processing /home/airflow/.local/lib/python3.8/site-packages/airflow/example_dags/example_sla_dag.py took 0.085 seconds
[2024-03-23T00:23:23.723+0000] {processor.py:161} INFO - Started process (PID=2214) to work on /home/airflow/.local/lib/python3.8/site-packages/airflow/example_dags/example_sla_dag.py
[2024-03-23T00:23:23.724+0000] {processor.py:830} INFO - Processing file /home/airflow/.local/lib/python3.8/site-packages/airflow/example_dags/example_sla_dag.py for tasks to queue
[2024-03-23T00:23:23.727+0000] {logging_mixin.py:188} INFO - [2024-03-23T00:23:23.726+0000] {dagbag.py:540} INFO - Filling up the DagBag from /home/airflow/.local/lib/python3.8/site-packages/airflow/example_dags/example_sla_dag.py
[2024-03-23T00:23:23.736+0000] {processor.py:840} INFO - DAG(s) 'example_sla_dag' retrieved from /home/airflow/.local/lib/python3.8/site-packages/airflow/example_dags/example_sla_dag.py
[2024-03-23T00:23:23.758+0000] {logging_mixin.py:188} INFO - [2024-03-23T00:23:23.757+0000] {dag.py:3047} INFO - Sync 1 DAGs
[2024-03-23T00:23:23.788+0000] {logging_mixin.py:188} INFO - [2024-03-23T00:23:23.787+0000] {dag.py:3834} INFO - Setting next_dagrun for example_sla_dag to 2024-03-23 00:20:00+00:00, run_after=2024-03-23 00:22:00+00:00
[2024-03-23T00:23:23.809+0000] {processor.py:183} INFO - Processing /home/airflow/.local/lib/python3.8/site-packages/airflow/example_dags/example_sla_dag.py took 0.090 seconds
[2024-03-23T00:23:54.069+0000] {processor.py:161} INFO - Started process (PID=2269) to work on /home/airflow/.local/lib/python3.8/site-packages/airflow/example_dags/example_sla_dag.py
[2024-03-23T00:23:54.070+0000] {processor.py:830} INFO - Processing file /home/airflow/.local/lib/python3.8/site-packages/airflow/example_dags/example_sla_dag.py for tasks to queue
[2024-03-23T00:23:54.073+0000] {logging_mixin.py:188} INFO - [2024-03-23T00:23:54.072+0000] {dagbag.py:540} INFO - Filling up the DagBag from /home/airflow/.local/lib/python3.8/site-packages/airflow/example_dags/example_sla_dag.py
[2024-03-23T00:23:54.083+0000] {processor.py:840} INFO - DAG(s) 'example_sla_dag' retrieved from /home/airflow/.local/lib/python3.8/site-packages/airflow/example_dags/example_sla_dag.py
[2024-03-23T00:23:54.104+0000] {logging_mixin.py:188} INFO - [2024-03-23T00:23:54.103+0000] {dag.py:3047} INFO - Sync 1 DAGs
[2024-03-23T00:23:54.133+0000] {logging_mixin.py:188} INFO - [2024-03-23T00:23:54.133+0000] {dag.py:3834} INFO - Setting next_dagrun for example_sla_dag to 2024-03-23 00:20:00+00:00, run_after=2024-03-23 00:22:00+00:00
[2024-03-23T00:23:54.152+0000] {processor.py:183} INFO - Processing /home/airflow/.local/lib/python3.8/site-packages/airflow/example_dags/example_sla_dag.py took 0.087 seconds
[2024-03-23T00:24:24.887+0000] {processor.py:161} INFO - Started process (PID=2322) to work on /home/airflow/.local/lib/python3.8/site-packages/airflow/example_dags/example_sla_dag.py
[2024-03-23T00:24:24.888+0000] {processor.py:830} INFO - Processing file /home/airflow/.local/lib/python3.8/site-packages/airflow/example_dags/example_sla_dag.py for tasks to queue
[2024-03-23T00:24:24.890+0000] {logging_mixin.py:188} INFO - [2024-03-23T00:24:24.890+0000] {dagbag.py:540} INFO - Filling up the DagBag from /home/airflow/.local/lib/python3.8/site-packages/airflow/example_dags/example_sla_dag.py
[2024-03-23T00:24:24.901+0000] {processor.py:840} INFO - DAG(s) 'example_sla_dag' retrieved from /home/airflow/.local/lib/python3.8/site-packages/airflow/example_dags/example_sla_dag.py
[2024-03-23T00:24:24.923+0000] {logging_mixin.py:188} INFO - [2024-03-23T00:24:24.923+0000] {dag.py:3047} INFO - Sync 1 DAGs
[2024-03-23T00:24:24.952+0000] {logging_mixin.py:188} INFO - [2024-03-23T00:24:24.952+0000] {dag.py:3834} INFO - Setting next_dagrun for example_sla_dag to 2024-03-23 00:22:00+00:00, run_after=2024-03-23 00:24:00+00:00
[2024-03-23T00:24:24.972+0000] {processor.py:183} INFO - Processing /home/airflow/.local/lib/python3.8/site-packages/airflow/example_dags/example_sla_dag.py took 0.089 seconds
[2024-03-23T00:24:55.159+0000] {processor.py:161} INFO - Started process (PID=2377) to work on /home/airflow/.local/lib/python3.8/site-packages/airflow/example_dags/example_sla_dag.py
[2024-03-23T00:24:55.160+0000] {processor.py:830} INFO - Processing file /home/airflow/.local/lib/python3.8/site-packages/airflow/example_dags/example_sla_dag.py for tasks to queue
[2024-03-23T00:24:55.163+0000] {logging_mixin.py:188} INFO - [2024-03-23T00:24:55.162+0000] {dagbag.py:540} INFO - Filling up the DagBag from /home/airflow/.local/lib/python3.8/site-packages/airflow/example_dags/example_sla_dag.py
[2024-03-23T00:24:55.173+0000] {processor.py:840} INFO - DAG(s) 'example_sla_dag' retrieved from /home/airflow/.local/lib/python3.8/site-packages/airflow/example_dags/example_sla_dag.py
[2024-03-23T00:24:55.195+0000] {logging_mixin.py:188} INFO - [2024-03-23T00:24:55.195+0000] {dag.py:3047} INFO - Sync 1 DAGs
[2024-03-23T00:24:55.224+0000] {logging_mixin.py:188} INFO - [2024-03-23T00:24:55.224+0000] {dag.py:3834} INFO - Setting next_dagrun for example_sla_dag to 2024-03-23 00:22:00+00:00, run_after=2024-03-23 00:24:00+00:00
[2024-03-23T00:24:55.243+0000] {processor.py:183} INFO - Processing /home/airflow/.local/lib/python3.8/site-packages/airflow/example_dags/example_sla_dag.py took 0.088 seconds
[2024-03-23T00:25:25.447+0000] {processor.py:161} INFO - Started process (PID=2432) to work on /home/airflow/.local/lib/python3.8/site-packages/airflow/example_dags/example_sla_dag.py
[2024-03-23T00:25:25.448+0000] {processor.py:830} INFO - Processing file /home/airflow/.local/lib/python3.8/site-packages/airflow/example_dags/example_sla_dag.py for tasks to queue
[2024-03-23T00:25:25.450+0000] {logging_mixin.py:188} INFO - [2024-03-23T00:25:25.450+0000] {dagbag.py:540} INFO - Filling up the DagBag from /home/airflow/.local/lib/python3.8/site-packages/airflow/example_dags/example_sla_dag.py
[2024-03-23T00:25:25.460+0000] {processor.py:840} INFO - DAG(s) 'example_sla_dag' retrieved from /home/airflow/.local/lib/python3.8/site-packages/airflow/example_dags/example_sla_dag.py
[2024-03-23T00:25:25.482+0000] {logging_mixin.py:188} INFO - [2024-03-23T00:25:25.481+0000] {dag.py:3047} INFO - Sync 1 DAGs
[2024-03-23T00:25:25.511+0000] {logging_mixin.py:188} INFO - [2024-03-23T00:25:25.510+0000] {dag.py:3834} INFO - Setting next_dagrun for example_sla_dag to 2024-03-23 00:22:00+00:00, run_after=2024-03-23 00:24:00+00:00
[2024-03-23T00:25:25.530+0000] {processor.py:183} INFO - Processing /home/airflow/.local/lib/python3.8/site-packages/airflow/example_dags/example_sla_dag.py took 0.087 seconds
[2024-03-23T00:25:55.729+0000] {processor.py:161} INFO - Started process (PID=2487) to work on /home/airflow/.local/lib/python3.8/site-packages/airflow/example_dags/example_sla_dag.py
[2024-03-23T00:25:55.730+0000] {processor.py:830} INFO - Processing file /home/airflow/.local/lib/python3.8/site-packages/airflow/example_dags/example_sla_dag.py for tasks to queue
[2024-03-23T00:25:55.732+0000] {logging_mixin.py:188} INFO - [2024-03-23T00:25:55.732+0000] {dagbag.py:540} INFO - Filling up the DagBag from /home/airflow/.local/lib/python3.8/site-packages/airflow/example_dags/example_sla_dag.py
[2024-03-23T00:25:55.742+0000] {processor.py:840} INFO - DAG(s) 'example_sla_dag' retrieved from /home/airflow/.local/lib/python3.8/site-packages/airflow/example_dags/example_sla_dag.py
[2024-03-23T00:25:55.763+0000] {logging_mixin.py:188} INFO - [2024-03-23T00:25:55.763+0000] {dag.py:3047} INFO - Sync 1 DAGs
[2024-03-23T00:25:55.793+0000] {logging_mixin.py:188} INFO - [2024-03-23T00:25:55.793+0000] {dag.py:3834} INFO - Setting next_dagrun for example_sla_dag to 2024-03-23 00:22:00+00:00, run_after=2024-03-23 00:24:00+00:00
[2024-03-23T00:25:55.813+0000] {processor.py:183} INFO - Processing /home/airflow/.local/lib/python3.8/site-packages/airflow/example_dags/example_sla_dag.py took 0.088 seconds
[2024-03-23T00:26:25.978+0000] {processor.py:161} INFO - Started process (PID=2542) to work on /home/airflow/.local/lib/python3.8/site-packages/airflow/example_dags/example_sla_dag.py
[2024-03-23T00:26:25.979+0000] {processor.py:830} INFO - Processing file /home/airflow/.local/lib/python3.8/site-packages/airflow/example_dags/example_sla_dag.py for tasks to queue
[2024-03-23T00:26:25.982+0000] {logging_mixin.py:188} INFO - [2024-03-23T00:26:25.981+0000] {dagbag.py:540} INFO - Filling up the DagBag from /home/airflow/.local/lib/python3.8/site-packages/airflow/example_dags/example_sla_dag.py
[2024-03-23T00:26:25.992+0000] {processor.py:840} INFO - DAG(s) 'example_sla_dag' retrieved from /home/airflow/.local/lib/python3.8/site-packages/airflow/example_dags/example_sla_dag.py
[2024-03-23T00:26:26.018+0000] {logging_mixin.py:188} INFO - [2024-03-23T00:26:26.017+0000] {dag.py:3047} INFO - Sync 1 DAGs
[2024-03-23T00:26:26.049+0000] {logging_mixin.py:188} INFO - [2024-03-23T00:26:26.049+0000] {dag.py:3834} INFO - Setting next_dagrun for example_sla_dag to 2024-03-23 00:24:00+00:00, run_after=2024-03-23 00:26:00+00:00
[2024-03-23T00:26:26.070+0000] {processor.py:183} INFO - Processing /home/airflow/.local/lib/python3.8/site-packages/airflow/example_dags/example_sla_dag.py took 0.095 seconds
