[2024-03-23T00:03:37.292+0000] {processor.py:161} INFO - Started process (PID=54) to work on /home/airflow/.local/lib/python3.8/site-packages/airflow/example_dags/example_latest_only_with_trigger.py
[2024-03-23T00:03:37.294+0000] {processor.py:830} INFO - Processing file /home/airflow/.local/lib/python3.8/site-packages/airflow/example_dags/example_latest_only_with_trigger.py for tasks to queue
[2024-03-23T00:03:37.299+0000] {logging_mixin.py:188} INFO - [2024-03-23T00:03:37.298+0000] {dagbag.py:540} INFO - Filling up the DagBag from /home/airflow/.local/lib/python3.8/site-packages/airflow/example_dags/example_latest_only_with_trigger.py
[2024-03-23T00:03:37.308+0000] {processor.py:840} INFO - DAG(s) 'latest_only_with_trigger' retrieved from /home/airflow/.local/lib/python3.8/site-packages/airflow/example_dags/example_latest_only_with_trigger.py
[2024-03-23T00:03:37.351+0000] {logging_mixin.py:188} INFO - [2024-03-23T00:03:37.350+0000] {dag.py:3047} INFO - Sync 1 DAGs
[2024-03-23T00:03:37.397+0000] {logging_mixin.py:188} INFO - [2024-03-23T00:03:37.397+0000] {dag.py:3834} INFO - Setting next_dagrun for latest_only_with_trigger to 2024-03-22 20:00:00+00:00, run_after=2024-03-23 00:00:00+00:00
[2024-03-23T00:03:37.441+0000] {processor.py:183} INFO - Processing /home/airflow/.local/lib/python3.8/site-packages/airflow/example_dags/example_latest_only_with_trigger.py took 0.156 seconds
[2024-03-23T00:04:07.575+0000] {processor.py:161} INFO - Started process (PID=109) to work on /home/airflow/.local/lib/python3.8/site-packages/airflow/example_dags/example_latest_only_with_trigger.py
[2024-03-23T00:04:07.577+0000] {processor.py:830} INFO - Processing file /home/airflow/.local/lib/python3.8/site-packages/airflow/example_dags/example_latest_only_with_trigger.py for tasks to queue
[2024-03-23T00:04:07.579+0000] {logging_mixin.py:188} INFO - [2024-03-23T00:04:07.579+0000] {dagbag.py:540} INFO - Filling up the DagBag from /home/airflow/.local/lib/python3.8/site-packages/airflow/example_dags/example_latest_only_with_trigger.py
[2024-03-23T00:04:07.586+0000] {processor.py:840} INFO - DAG(s) 'latest_only_with_trigger' retrieved from /home/airflow/.local/lib/python3.8/site-packages/airflow/example_dags/example_latest_only_with_trigger.py
[2024-03-23T00:04:07.612+0000] {logging_mixin.py:188} INFO - [2024-03-23T00:04:07.612+0000] {dag.py:3047} INFO - Sync 1 DAGs
[2024-03-23T00:04:07.643+0000] {logging_mixin.py:188} INFO - [2024-03-23T00:04:07.643+0000] {dag.py:3834} INFO - Setting next_dagrun for latest_only_with_trigger to 2024-03-22 20:00:00+00:00, run_after=2024-03-23 00:00:00+00:00
[2024-03-23T00:04:07.663+0000] {processor.py:183} INFO - Processing /home/airflow/.local/lib/python3.8/site-packages/airflow/example_dags/example_latest_only_with_trigger.py took 0.093 seconds
[2024-03-23T00:04:37.993+0000] {processor.py:161} INFO - Started process (PID=164) to work on /home/airflow/.local/lib/python3.8/site-packages/airflow/example_dags/example_latest_only_with_trigger.py
[2024-03-23T00:04:37.994+0000] {processor.py:830} INFO - Processing file /home/airflow/.local/lib/python3.8/site-packages/airflow/example_dags/example_latest_only_with_trigger.py for tasks to queue
[2024-03-23T00:04:37.997+0000] {logging_mixin.py:188} INFO - [2024-03-23T00:04:37.996+0000] {dagbag.py:540} INFO - Filling up the DagBag from /home/airflow/.local/lib/python3.8/site-packages/airflow/example_dags/example_latest_only_with_trigger.py
[2024-03-23T00:04:38.003+0000] {processor.py:840} INFO - DAG(s) 'latest_only_with_trigger' retrieved from /home/airflow/.local/lib/python3.8/site-packages/airflow/example_dags/example_latest_only_with_trigger.py
[2024-03-23T00:04:38.028+0000] {logging_mixin.py:188} INFO - [2024-03-23T00:04:38.028+0000] {dag.py:3047} INFO - Sync 1 DAGs
[2024-03-23T00:04:38.054+0000] {logging_mixin.py:188} INFO - [2024-03-23T00:04:38.054+0000] {dag.py:3834} INFO - Setting next_dagrun for latest_only_with_trigger to 2024-03-22 20:00:00+00:00, run_after=2024-03-23 00:00:00+00:00
[2024-03-23T00:04:38.075+0000] {processor.py:183} INFO - Processing /home/airflow/.local/lib/python3.8/site-packages/airflow/example_dags/example_latest_only_with_trigger.py took 0.086 seconds
[2024-03-23T00:05:08.231+0000] {processor.py:161} INFO - Started process (PID=219) to work on /home/airflow/.local/lib/python3.8/site-packages/airflow/example_dags/example_latest_only_with_trigger.py
[2024-03-23T00:05:08.232+0000] {processor.py:830} INFO - Processing file /home/airflow/.local/lib/python3.8/site-packages/airflow/example_dags/example_latest_only_with_trigger.py for tasks to queue
[2024-03-23T00:05:08.235+0000] {logging_mixin.py:188} INFO - [2024-03-23T00:05:08.234+0000] {dagbag.py:540} INFO - Filling up the DagBag from /home/airflow/.local/lib/python3.8/site-packages/airflow/example_dags/example_latest_only_with_trigger.py
[2024-03-23T00:05:08.241+0000] {processor.py:840} INFO - DAG(s) 'latest_only_with_trigger' retrieved from /home/airflow/.local/lib/python3.8/site-packages/airflow/example_dags/example_latest_only_with_trigger.py
[2024-03-23T00:05:08.264+0000] {logging_mixin.py:188} INFO - [2024-03-23T00:05:08.264+0000] {dag.py:3047} INFO - Sync 1 DAGs
[2024-03-23T00:05:08.288+0000] {logging_mixin.py:188} INFO - [2024-03-23T00:05:08.288+0000] {dag.py:3834} INFO - Setting next_dagrun for latest_only_with_trigger to 2024-03-22 20:00:00+00:00, run_after=2024-03-23 00:00:00+00:00
[2024-03-23T00:05:08.307+0000] {processor.py:183} INFO - Processing /home/airflow/.local/lib/python3.8/site-packages/airflow/example_dags/example_latest_only_with_trigger.py took 0.080 seconds
[2024-03-23T00:05:38.493+0000] {processor.py:161} INFO - Started process (PID=274) to work on /home/airflow/.local/lib/python3.8/site-packages/airflow/example_dags/example_latest_only_with_trigger.py
[2024-03-23T00:05:38.494+0000] {processor.py:830} INFO - Processing file /home/airflow/.local/lib/python3.8/site-packages/airflow/example_dags/example_latest_only_with_trigger.py for tasks to queue
[2024-03-23T00:05:38.496+0000] {logging_mixin.py:188} INFO - [2024-03-23T00:05:38.496+0000] {dagbag.py:540} INFO - Filling up the DagBag from /home/airflow/.local/lib/python3.8/site-packages/airflow/example_dags/example_latest_only_with_trigger.py
[2024-03-23T00:05:38.503+0000] {processor.py:840} INFO - DAG(s) 'latest_only_with_trigger' retrieved from /home/airflow/.local/lib/python3.8/site-packages/airflow/example_dags/example_latest_only_with_trigger.py
[2024-03-23T00:05:38.528+0000] {logging_mixin.py:188} INFO - [2024-03-23T00:05:38.527+0000] {dag.py:3047} INFO - Sync 1 DAGs
[2024-03-23T00:05:38.555+0000] {logging_mixin.py:188} INFO - [2024-03-23T00:05:38.554+0000] {dag.py:3834} INFO - Setting next_dagrun for latest_only_with_trigger to 2024-03-22 20:00:00+00:00, run_after=2024-03-23 00:00:00+00:00
[2024-03-23T00:05:38.576+0000] {processor.py:183} INFO - Processing /home/airflow/.local/lib/python3.8/site-packages/airflow/example_dags/example_latest_only_with_trigger.py took 0.088 seconds
[2024-03-23T00:06:08.853+0000] {processor.py:161} INFO - Started process (PID=329) to work on /home/airflow/.local/lib/python3.8/site-packages/airflow/example_dags/example_latest_only_with_trigger.py
[2024-03-23T00:06:08.855+0000] {processor.py:830} INFO - Processing file /home/airflow/.local/lib/python3.8/site-packages/airflow/example_dags/example_latest_only_with_trigger.py for tasks to queue
[2024-03-23T00:06:08.859+0000] {logging_mixin.py:188} INFO - [2024-03-23T00:06:08.858+0000] {dagbag.py:540} INFO - Filling up the DagBag from /home/airflow/.local/lib/python3.8/site-packages/airflow/example_dags/example_latest_only_with_trigger.py
[2024-03-23T00:06:08.867+0000] {processor.py:840} INFO - DAG(s) 'latest_only_with_trigger' retrieved from /home/airflow/.local/lib/python3.8/site-packages/airflow/example_dags/example_latest_only_with_trigger.py
[2024-03-23T00:06:08.892+0000] {logging_mixin.py:188} INFO - [2024-03-23T00:06:08.892+0000] {dag.py:3047} INFO - Sync 1 DAGs
[2024-03-23T00:06:08.920+0000] {logging_mixin.py:188} INFO - [2024-03-23T00:06:08.919+0000] {dag.py:3834} INFO - Setting next_dagrun for latest_only_with_trigger to 2024-03-22 20:00:00+00:00, run_after=2024-03-23 00:00:00+00:00
[2024-03-23T00:06:08.942+0000] {processor.py:183} INFO - Processing /home/airflow/.local/lib/python3.8/site-packages/airflow/example_dags/example_latest_only_with_trigger.py took 0.094 seconds
[2024-03-23T00:06:39.382+0000] {processor.py:161} INFO - Started process (PID=384) to work on /home/airflow/.local/lib/python3.8/site-packages/airflow/example_dags/example_latest_only_with_trigger.py
[2024-03-23T00:06:39.383+0000] {processor.py:830} INFO - Processing file /home/airflow/.local/lib/python3.8/site-packages/airflow/example_dags/example_latest_only_with_trigger.py for tasks to queue
[2024-03-23T00:06:39.385+0000] {logging_mixin.py:188} INFO - [2024-03-23T00:06:39.385+0000] {dagbag.py:540} INFO - Filling up the DagBag from /home/airflow/.local/lib/python3.8/site-packages/airflow/example_dags/example_latest_only_with_trigger.py
[2024-03-23T00:06:39.392+0000] {processor.py:840} INFO - DAG(s) 'latest_only_with_trigger' retrieved from /home/airflow/.local/lib/python3.8/site-packages/airflow/example_dags/example_latest_only_with_trigger.py
[2024-03-23T00:06:39.415+0000] {logging_mixin.py:188} INFO - [2024-03-23T00:06:39.415+0000] {dag.py:3047} INFO - Sync 1 DAGs
[2024-03-23T00:06:39.440+0000] {logging_mixin.py:188} INFO - [2024-03-23T00:06:39.439+0000] {dag.py:3834} INFO - Setting next_dagrun for latest_only_with_trigger to 2024-03-22 20:00:00+00:00, run_after=2024-03-23 00:00:00+00:00
[2024-03-23T00:06:39.459+0000] {processor.py:183} INFO - Processing /home/airflow/.local/lib/python3.8/site-packages/airflow/example_dags/example_latest_only_with_trigger.py took 0.081 seconds
[2024-03-23T00:07:09.893+0000] {processor.py:161} INFO - Started process (PID=439) to work on /home/airflow/.local/lib/python3.8/site-packages/airflow/example_dags/example_latest_only_with_trigger.py
[2024-03-23T00:07:09.894+0000] {processor.py:830} INFO - Processing file /home/airflow/.local/lib/python3.8/site-packages/airflow/example_dags/example_latest_only_with_trigger.py for tasks to queue
[2024-03-23T00:07:09.897+0000] {logging_mixin.py:188} INFO - [2024-03-23T00:07:09.896+0000] {dagbag.py:540} INFO - Filling up the DagBag from /home/airflow/.local/lib/python3.8/site-packages/airflow/example_dags/example_latest_only_with_trigger.py
[2024-03-23T00:07:09.903+0000] {processor.py:840} INFO - DAG(s) 'latest_only_with_trigger' retrieved from /home/airflow/.local/lib/python3.8/site-packages/airflow/example_dags/example_latest_only_with_trigger.py
[2024-03-23T00:07:09.927+0000] {logging_mixin.py:188} INFO - [2024-03-23T00:07:09.927+0000] {dag.py:3047} INFO - Sync 1 DAGs
[2024-03-23T00:07:09.952+0000] {logging_mixin.py:188} INFO - [2024-03-23T00:07:09.951+0000] {dag.py:3834} INFO - Setting next_dagrun for latest_only_with_trigger to 2024-03-22 20:00:00+00:00, run_after=2024-03-23 00:00:00+00:00
[2024-03-23T00:07:09.972+0000] {processor.py:183} INFO - Processing /home/airflow/.local/lib/python3.8/site-packages/airflow/example_dags/example_latest_only_with_trigger.py took 0.083 seconds
[2024-03-23T00:07:40.266+0000] {processor.py:161} INFO - Started process (PID=494) to work on /home/airflow/.local/lib/python3.8/site-packages/airflow/example_dags/example_latest_only_with_trigger.py
[2024-03-23T00:07:40.267+0000] {processor.py:830} INFO - Processing file /home/airflow/.local/lib/python3.8/site-packages/airflow/example_dags/example_latest_only_with_trigger.py for tasks to queue
[2024-03-23T00:07:40.269+0000] {logging_mixin.py:188} INFO - [2024-03-23T00:07:40.269+0000] {dagbag.py:540} INFO - Filling up the DagBag from /home/airflow/.local/lib/python3.8/site-packages/airflow/example_dags/example_latest_only_with_trigger.py
[2024-03-23T00:07:40.276+0000] {processor.py:840} INFO - DAG(s) 'latest_only_with_trigger' retrieved from /home/airflow/.local/lib/python3.8/site-packages/airflow/example_dags/example_latest_only_with_trigger.py
[2024-03-23T00:07:40.301+0000] {logging_mixin.py:188} INFO - [2024-03-23T00:07:40.300+0000] {dag.py:3047} INFO - Sync 1 DAGs
[2024-03-23T00:07:40.326+0000] {logging_mixin.py:188} INFO - [2024-03-23T00:07:40.326+0000] {dag.py:3834} INFO - Setting next_dagrun for latest_only_with_trigger to 2024-03-22 20:00:00+00:00, run_after=2024-03-23 00:00:00+00:00
[2024-03-23T00:07:40.348+0000] {processor.py:183} INFO - Processing /home/airflow/.local/lib/python3.8/site-packages/airflow/example_dags/example_latest_only_with_trigger.py took 0.086 seconds
[2024-03-23T00:08:10.586+0000] {processor.py:161} INFO - Started process (PID=549) to work on /home/airflow/.local/lib/python3.8/site-packages/airflow/example_dags/example_latest_only_with_trigger.py
[2024-03-23T00:08:10.588+0000] {processor.py:830} INFO - Processing file /home/airflow/.local/lib/python3.8/site-packages/airflow/example_dags/example_latest_only_with_trigger.py for tasks to queue
[2024-03-23T00:08:10.590+0000] {logging_mixin.py:188} INFO - [2024-03-23T00:08:10.590+0000] {dagbag.py:540} INFO - Filling up the DagBag from /home/airflow/.local/lib/python3.8/site-packages/airflow/example_dags/example_latest_only_with_trigger.py
[2024-03-23T00:08:10.597+0000] {processor.py:840} INFO - DAG(s) 'latest_only_with_trigger' retrieved from /home/airflow/.local/lib/python3.8/site-packages/airflow/example_dags/example_latest_only_with_trigger.py
[2024-03-23T00:08:10.621+0000] {logging_mixin.py:188} INFO - [2024-03-23T00:08:10.620+0000] {dag.py:3047} INFO - Sync 1 DAGs
[2024-03-23T00:08:10.647+0000] {logging_mixin.py:188} INFO - [2024-03-23T00:08:10.647+0000] {dag.py:3834} INFO - Setting next_dagrun for latest_only_with_trigger to 2024-03-22 20:00:00+00:00, run_after=2024-03-23 00:00:00+00:00
[2024-03-23T00:08:10.667+0000] {processor.py:183} INFO - Processing /home/airflow/.local/lib/python3.8/site-packages/airflow/example_dags/example_latest_only_with_trigger.py took 0.085 seconds
[2024-03-23T00:08:40.850+0000] {processor.py:161} INFO - Started process (PID=604) to work on /home/airflow/.local/lib/python3.8/site-packages/airflow/example_dags/example_latest_only_with_trigger.py
[2024-03-23T00:08:40.852+0000] {processor.py:830} INFO - Processing file /home/airflow/.local/lib/python3.8/site-packages/airflow/example_dags/example_latest_only_with_trigger.py for tasks to queue
[2024-03-23T00:08:40.854+0000] {logging_mixin.py:188} INFO - [2024-03-23T00:08:40.853+0000] {dagbag.py:540} INFO - Filling up the DagBag from /home/airflow/.local/lib/python3.8/site-packages/airflow/example_dags/example_latest_only_with_trigger.py
[2024-03-23T00:08:40.861+0000] {processor.py:840} INFO - DAG(s) 'latest_only_with_trigger' retrieved from /home/airflow/.local/lib/python3.8/site-packages/airflow/example_dags/example_latest_only_with_trigger.py
[2024-03-23T00:08:40.884+0000] {logging_mixin.py:188} INFO - [2024-03-23T00:08:40.883+0000] {dag.py:3047} INFO - Sync 1 DAGs
[2024-03-23T00:08:40.909+0000] {logging_mixin.py:188} INFO - [2024-03-23T00:08:40.909+0000] {dag.py:3834} INFO - Setting next_dagrun for latest_only_with_trigger to 2024-03-22 20:00:00+00:00, run_after=2024-03-23 00:00:00+00:00
[2024-03-23T00:08:40.928+0000] {processor.py:183} INFO - Processing /home/airflow/.local/lib/python3.8/site-packages/airflow/example_dags/example_latest_only_with_trigger.py took 0.082 seconds
[2024-03-23T00:09:11.263+0000] {processor.py:161} INFO - Started process (PID=659) to work on /home/airflow/.local/lib/python3.8/site-packages/airflow/example_dags/example_latest_only_with_trigger.py
[2024-03-23T00:09:11.264+0000] {processor.py:830} INFO - Processing file /home/airflow/.local/lib/python3.8/site-packages/airflow/example_dags/example_latest_only_with_trigger.py for tasks to queue
[2024-03-23T00:09:11.266+0000] {logging_mixin.py:188} INFO - [2024-03-23T00:09:11.266+0000] {dagbag.py:540} INFO - Filling up the DagBag from /home/airflow/.local/lib/python3.8/site-packages/airflow/example_dags/example_latest_only_with_trigger.py
[2024-03-23T00:09:11.273+0000] {processor.py:840} INFO - DAG(s) 'latest_only_with_trigger' retrieved from /home/airflow/.local/lib/python3.8/site-packages/airflow/example_dags/example_latest_only_with_trigger.py
[2024-03-23T00:09:11.298+0000] {logging_mixin.py:188} INFO - [2024-03-23T00:09:11.298+0000] {dag.py:3047} INFO - Sync 1 DAGs
[2024-03-23T00:09:11.325+0000] {logging_mixin.py:188} INFO - [2024-03-23T00:09:11.325+0000] {dag.py:3834} INFO - Setting next_dagrun for latest_only_with_trigger to 2024-03-22 20:00:00+00:00, run_after=2024-03-23 00:00:00+00:00
[2024-03-23T00:09:11.347+0000] {processor.py:183} INFO - Processing /home/airflow/.local/lib/python3.8/site-packages/airflow/example_dags/example_latest_only_with_trigger.py took 0.088 seconds
[2024-03-23T00:09:41.444+0000] {processor.py:161} INFO - Started process (PID=714) to work on /home/airflow/.local/lib/python3.8/site-packages/airflow/example_dags/example_latest_only_with_trigger.py
[2024-03-23T00:09:41.445+0000] {processor.py:830} INFO - Processing file /home/airflow/.local/lib/python3.8/site-packages/airflow/example_dags/example_latest_only_with_trigger.py for tasks to queue
[2024-03-23T00:09:41.447+0000] {logging_mixin.py:188} INFO - [2024-03-23T00:09:41.447+0000] {dagbag.py:540} INFO - Filling up the DagBag from /home/airflow/.local/lib/python3.8/site-packages/airflow/example_dags/example_latest_only_with_trigger.py
[2024-03-23T00:09:41.454+0000] {processor.py:840} INFO - DAG(s) 'latest_only_with_trigger' retrieved from /home/airflow/.local/lib/python3.8/site-packages/airflow/example_dags/example_latest_only_with_trigger.py
[2024-03-23T00:09:41.477+0000] {logging_mixin.py:188} INFO - [2024-03-23T00:09:41.477+0000] {dag.py:3047} INFO - Sync 1 DAGs
[2024-03-23T00:09:41.501+0000] {logging_mixin.py:188} INFO - [2024-03-23T00:09:41.501+0000] {dag.py:3834} INFO - Setting next_dagrun for latest_only_with_trigger to 2024-03-22 20:00:00+00:00, run_after=2024-03-23 00:00:00+00:00
[2024-03-23T00:09:41.521+0000] {processor.py:183} INFO - Processing /home/airflow/.local/lib/python3.8/site-packages/airflow/example_dags/example_latest_only_with_trigger.py took 0.081 seconds
[2024-03-23T00:10:11.828+0000] {processor.py:161} INFO - Started process (PID=769) to work on /home/airflow/.local/lib/python3.8/site-packages/airflow/example_dags/example_latest_only_with_trigger.py
[2024-03-23T00:10:11.829+0000] {processor.py:830} INFO - Processing file /home/airflow/.local/lib/python3.8/site-packages/airflow/example_dags/example_latest_only_with_trigger.py for tasks to queue
[2024-03-23T00:10:11.832+0000] {logging_mixin.py:188} INFO - [2024-03-23T00:10:11.831+0000] {dagbag.py:540} INFO - Filling up the DagBag from /home/airflow/.local/lib/python3.8/site-packages/airflow/example_dags/example_latest_only_with_trigger.py
[2024-03-23T00:10:11.838+0000] {processor.py:840} INFO - DAG(s) 'latest_only_with_trigger' retrieved from /home/airflow/.local/lib/python3.8/site-packages/airflow/example_dags/example_latest_only_with_trigger.py
[2024-03-23T00:10:11.862+0000] {logging_mixin.py:188} INFO - [2024-03-23T00:10:11.861+0000] {dag.py:3047} INFO - Sync 1 DAGs
[2024-03-23T00:10:11.886+0000] {logging_mixin.py:188} INFO - [2024-03-23T00:10:11.886+0000] {dag.py:3834} INFO - Setting next_dagrun for latest_only_with_trigger to 2024-03-22 20:00:00+00:00, run_after=2024-03-23 00:00:00+00:00
[2024-03-23T00:10:11.906+0000] {processor.py:183} INFO - Processing /home/airflow/.local/lib/python3.8/site-packages/airflow/example_dags/example_latest_only_with_trigger.py took 0.083 seconds
[2024-03-23T00:10:42.018+0000] {processor.py:161} INFO - Started process (PID=824) to work on /home/airflow/.local/lib/python3.8/site-packages/airflow/example_dags/example_latest_only_with_trigger.py
[2024-03-23T00:10:42.019+0000] {processor.py:830} INFO - Processing file /home/airflow/.local/lib/python3.8/site-packages/airflow/example_dags/example_latest_only_with_trigger.py for tasks to queue
[2024-03-23T00:10:42.022+0000] {logging_mixin.py:188} INFO - [2024-03-23T00:10:42.021+0000] {dagbag.py:540} INFO - Filling up the DagBag from /home/airflow/.local/lib/python3.8/site-packages/airflow/example_dags/example_latest_only_with_trigger.py
[2024-03-23T00:10:42.029+0000] {processor.py:840} INFO - DAG(s) 'latest_only_with_trigger' retrieved from /home/airflow/.local/lib/python3.8/site-packages/airflow/example_dags/example_latest_only_with_trigger.py
[2024-03-23T00:10:42.053+0000] {logging_mixin.py:188} INFO - [2024-03-23T00:10:42.053+0000] {dag.py:3047} INFO - Sync 1 DAGs
[2024-03-23T00:10:42.081+0000] {logging_mixin.py:188} INFO - [2024-03-23T00:10:42.081+0000] {dag.py:3834} INFO - Setting next_dagrun for latest_only_with_trigger to 2024-03-22 20:00:00+00:00, run_after=2024-03-23 00:00:00+00:00
[2024-03-23T00:10:42.102+0000] {processor.py:183} INFO - Processing /home/airflow/.local/lib/python3.8/site-packages/airflow/example_dags/example_latest_only_with_trigger.py took 0.088 seconds
[2024-03-23T00:11:12.492+0000] {processor.py:161} INFO - Started process (PID=879) to work on /home/airflow/.local/lib/python3.8/site-packages/airflow/example_dags/example_latest_only_with_trigger.py
[2024-03-23T00:11:12.493+0000] {processor.py:830} INFO - Processing file /home/airflow/.local/lib/python3.8/site-packages/airflow/example_dags/example_latest_only_with_trigger.py for tasks to queue
[2024-03-23T00:11:12.495+0000] {logging_mixin.py:188} INFO - [2024-03-23T00:11:12.495+0000] {dagbag.py:540} INFO - Filling up the DagBag from /home/airflow/.local/lib/python3.8/site-packages/airflow/example_dags/example_latest_only_with_trigger.py
[2024-03-23T00:11:12.502+0000] {processor.py:840} INFO - DAG(s) 'latest_only_with_trigger' retrieved from /home/airflow/.local/lib/python3.8/site-packages/airflow/example_dags/example_latest_only_with_trigger.py
[2024-03-23T00:11:12.526+0000] {logging_mixin.py:188} INFO - [2024-03-23T00:11:12.526+0000] {dag.py:3047} INFO - Sync 1 DAGs
[2024-03-23T00:11:12.550+0000] {logging_mixin.py:188} INFO - [2024-03-23T00:11:12.550+0000] {dag.py:3834} INFO - Setting next_dagrun for latest_only_with_trigger to 2024-03-22 20:00:00+00:00, run_after=2024-03-23 00:00:00+00:00
[2024-03-23T00:11:12.569+0000] {processor.py:183} INFO - Processing /home/airflow/.local/lib/python3.8/site-packages/airflow/example_dags/example_latest_only_with_trigger.py took 0.081 seconds
[2024-03-23T00:11:42.899+0000] {processor.py:161} INFO - Started process (PID=934) to work on /home/airflow/.local/lib/python3.8/site-packages/airflow/example_dags/example_latest_only_with_trigger.py
[2024-03-23T00:11:42.901+0000] {processor.py:830} INFO - Processing file /home/airflow/.local/lib/python3.8/site-packages/airflow/example_dags/example_latest_only_with_trigger.py for tasks to queue
[2024-03-23T00:11:42.905+0000] {logging_mixin.py:188} INFO - [2024-03-23T00:11:42.904+0000] {dagbag.py:540} INFO - Filling up the DagBag from /home/airflow/.local/lib/python3.8/site-packages/airflow/example_dags/example_latest_only_with_trigger.py
[2024-03-23T00:11:42.917+0000] {processor.py:840} INFO - DAG(s) 'latest_only_with_trigger' retrieved from /home/airflow/.local/lib/python3.8/site-packages/airflow/example_dags/example_latest_only_with_trigger.py
[2024-03-23T00:11:42.943+0000] {logging_mixin.py:188} INFO - [2024-03-23T00:11:42.943+0000] {dag.py:3047} INFO - Sync 1 DAGs
[2024-03-23T00:11:42.971+0000] {logging_mixin.py:188} INFO - [2024-03-23T00:11:42.971+0000] {dag.py:3834} INFO - Setting next_dagrun for latest_only_with_trigger to 2024-03-22 20:00:00+00:00, run_after=2024-03-23 00:00:00+00:00
[2024-03-23T00:11:42.993+0000] {processor.py:183} INFO - Processing /home/airflow/.local/lib/python3.8/site-packages/airflow/example_dags/example_latest_only_with_trigger.py took 0.100 seconds
[2024-03-23T00:12:13.202+0000] {processor.py:161} INFO - Started process (PID=989) to work on /home/airflow/.local/lib/python3.8/site-packages/airflow/example_dags/example_latest_only_with_trigger.py
[2024-03-23T00:12:13.204+0000] {processor.py:830} INFO - Processing file /home/airflow/.local/lib/python3.8/site-packages/airflow/example_dags/example_latest_only_with_trigger.py for tasks to queue
[2024-03-23T00:12:13.206+0000] {logging_mixin.py:188} INFO - [2024-03-23T00:12:13.206+0000] {dagbag.py:540} INFO - Filling up the DagBag from /home/airflow/.local/lib/python3.8/site-packages/airflow/example_dags/example_latest_only_with_trigger.py
[2024-03-23T00:12:13.213+0000] {processor.py:840} INFO - DAG(s) 'latest_only_with_trigger' retrieved from /home/airflow/.local/lib/python3.8/site-packages/airflow/example_dags/example_latest_only_with_trigger.py
[2024-03-23T00:12:13.236+0000] {logging_mixin.py:188} INFO - [2024-03-23T00:12:13.236+0000] {dag.py:3047} INFO - Sync 1 DAGs
[2024-03-23T00:12:13.264+0000] {logging_mixin.py:188} INFO - [2024-03-23T00:12:13.264+0000] {dag.py:3834} INFO - Setting next_dagrun for latest_only_with_trigger to 2024-03-22 20:00:00+00:00, run_after=2024-03-23 00:00:00+00:00
[2024-03-23T00:12:13.286+0000] {processor.py:183} INFO - Processing /home/airflow/.local/lib/python3.8/site-packages/airflow/example_dags/example_latest_only_with_trigger.py took 0.089 seconds
[2024-03-23T00:12:43.718+0000] {processor.py:161} INFO - Started process (PID=1044) to work on /home/airflow/.local/lib/python3.8/site-packages/airflow/example_dags/example_latest_only_with_trigger.py
[2024-03-23T00:12:43.719+0000] {processor.py:830} INFO - Processing file /home/airflow/.local/lib/python3.8/site-packages/airflow/example_dags/example_latest_only_with_trigger.py for tasks to queue
[2024-03-23T00:12:43.722+0000] {logging_mixin.py:188} INFO - [2024-03-23T00:12:43.721+0000] {dagbag.py:540} INFO - Filling up the DagBag from /home/airflow/.local/lib/python3.8/site-packages/airflow/example_dags/example_latest_only_with_trigger.py
[2024-03-23T00:12:43.728+0000] {processor.py:840} INFO - DAG(s) 'latest_only_with_trigger' retrieved from /home/airflow/.local/lib/python3.8/site-packages/airflow/example_dags/example_latest_only_with_trigger.py
[2024-03-23T00:12:43.752+0000] {logging_mixin.py:188} INFO - [2024-03-23T00:12:43.751+0000] {dag.py:3047} INFO - Sync 1 DAGs
[2024-03-23T00:12:43.776+0000] {logging_mixin.py:188} INFO - [2024-03-23T00:12:43.776+0000] {dag.py:3834} INFO - Setting next_dagrun for latest_only_with_trigger to 2024-03-22 20:00:00+00:00, run_after=2024-03-23 00:00:00+00:00
[2024-03-23T00:12:43.797+0000] {processor.py:183} INFO - Processing /home/airflow/.local/lib/python3.8/site-packages/airflow/example_dags/example_latest_only_with_trigger.py took 0.083 seconds
[2024-03-23T00:13:14.138+0000] {processor.py:161} INFO - Started process (PID=1099) to work on /home/airflow/.local/lib/python3.8/site-packages/airflow/example_dags/example_latest_only_with_trigger.py
[2024-03-23T00:13:14.139+0000] {processor.py:830} INFO - Processing file /home/airflow/.local/lib/python3.8/site-packages/airflow/example_dags/example_latest_only_with_trigger.py for tasks to queue
[2024-03-23T00:13:14.141+0000] {logging_mixin.py:188} INFO - [2024-03-23T00:13:14.140+0000] {dagbag.py:540} INFO - Filling up the DagBag from /home/airflow/.local/lib/python3.8/site-packages/airflow/example_dags/example_latest_only_with_trigger.py
[2024-03-23T00:13:14.148+0000] {processor.py:840} INFO - DAG(s) 'latest_only_with_trigger' retrieved from /home/airflow/.local/lib/python3.8/site-packages/airflow/example_dags/example_latest_only_with_trigger.py
[2024-03-23T00:13:14.171+0000] {logging_mixin.py:188} INFO - [2024-03-23T00:13:14.171+0000] {dag.py:3047} INFO - Sync 1 DAGs
[2024-03-23T00:13:14.195+0000] {logging_mixin.py:188} INFO - [2024-03-23T00:13:14.195+0000] {dag.py:3834} INFO - Setting next_dagrun for latest_only_with_trigger to 2024-03-22 20:00:00+00:00, run_after=2024-03-23 00:00:00+00:00
[2024-03-23T00:13:14.214+0000] {processor.py:183} INFO - Processing /home/airflow/.local/lib/python3.8/site-packages/airflow/example_dags/example_latest_only_with_trigger.py took 0.081 seconds
[2024-03-23T00:13:44.592+0000] {processor.py:161} INFO - Started process (PID=1154) to work on /home/airflow/.local/lib/python3.8/site-packages/airflow/example_dags/example_latest_only_with_trigger.py
[2024-03-23T00:13:44.593+0000] {processor.py:830} INFO - Processing file /home/airflow/.local/lib/python3.8/site-packages/airflow/example_dags/example_latest_only_with_trigger.py for tasks to queue
[2024-03-23T00:13:44.596+0000] {logging_mixin.py:188} INFO - [2024-03-23T00:13:44.595+0000] {dagbag.py:540} INFO - Filling up the DagBag from /home/airflow/.local/lib/python3.8/site-packages/airflow/example_dags/example_latest_only_with_trigger.py
[2024-03-23T00:13:44.605+0000] {processor.py:840} INFO - DAG(s) 'latest_only_with_trigger' retrieved from /home/airflow/.local/lib/python3.8/site-packages/airflow/example_dags/example_latest_only_with_trigger.py
[2024-03-23T00:13:44.632+0000] {logging_mixin.py:188} INFO - [2024-03-23T00:13:44.631+0000] {dag.py:3047} INFO - Sync 1 DAGs
[2024-03-23T00:13:44.658+0000] {logging_mixin.py:188} INFO - [2024-03-23T00:13:44.658+0000] {dag.py:3834} INFO - Setting next_dagrun for latest_only_with_trigger to 2024-03-22 20:00:00+00:00, run_after=2024-03-23 00:00:00+00:00
[2024-03-23T00:13:44.680+0000] {processor.py:183} INFO - Processing /home/airflow/.local/lib/python3.8/site-packages/airflow/example_dags/example_latest_only_with_trigger.py took 0.092 seconds
[2024-03-23T00:14:15.176+0000] {processor.py:161} INFO - Started process (PID=1209) to work on /home/airflow/.local/lib/python3.8/site-packages/airflow/example_dags/example_latest_only_with_trigger.py
[2024-03-23T00:14:15.177+0000] {processor.py:830} INFO - Processing file /home/airflow/.local/lib/python3.8/site-packages/airflow/example_dags/example_latest_only_with_trigger.py for tasks to queue
[2024-03-23T00:14:15.179+0000] {logging_mixin.py:188} INFO - [2024-03-23T00:14:15.179+0000] {dagbag.py:540} INFO - Filling up the DagBag from /home/airflow/.local/lib/python3.8/site-packages/airflow/example_dags/example_latest_only_with_trigger.py
[2024-03-23T00:14:15.186+0000] {processor.py:840} INFO - DAG(s) 'latest_only_with_trigger' retrieved from /home/airflow/.local/lib/python3.8/site-packages/airflow/example_dags/example_latest_only_with_trigger.py
[2024-03-23T00:14:15.210+0000] {logging_mixin.py:188} INFO - [2024-03-23T00:14:15.210+0000] {dag.py:3047} INFO - Sync 1 DAGs
[2024-03-23T00:14:15.236+0000] {logging_mixin.py:188} INFO - [2024-03-23T00:14:15.235+0000] {dag.py:3834} INFO - Setting next_dagrun for latest_only_with_trigger to 2024-03-22 20:00:00+00:00, run_after=2024-03-23 00:00:00+00:00
[2024-03-23T00:14:15.255+0000] {processor.py:183} INFO - Processing /home/airflow/.local/lib/python3.8/site-packages/airflow/example_dags/example_latest_only_with_trigger.py took 0.083 seconds
[2024-03-23T00:14:45.654+0000] {processor.py:161} INFO - Started process (PID=1264) to work on /home/airflow/.local/lib/python3.8/site-packages/airflow/example_dags/example_latest_only_with_trigger.py
[2024-03-23T00:14:45.655+0000] {processor.py:830} INFO - Processing file /home/airflow/.local/lib/python3.8/site-packages/airflow/example_dags/example_latest_only_with_trigger.py for tasks to queue
[2024-03-23T00:14:45.657+0000] {logging_mixin.py:188} INFO - [2024-03-23T00:14:45.657+0000] {dagbag.py:540} INFO - Filling up the DagBag from /home/airflow/.local/lib/python3.8/site-packages/airflow/example_dags/example_latest_only_with_trigger.py
[2024-03-23T00:14:45.663+0000] {processor.py:840} INFO - DAG(s) 'latest_only_with_trigger' retrieved from /home/airflow/.local/lib/python3.8/site-packages/airflow/example_dags/example_latest_only_with_trigger.py
[2024-03-23T00:14:45.685+0000] {logging_mixin.py:188} INFO - [2024-03-23T00:14:45.685+0000] {dag.py:3047} INFO - Sync 1 DAGs
[2024-03-23T00:14:45.710+0000] {logging_mixin.py:188} INFO - [2024-03-23T00:14:45.709+0000] {dag.py:3834} INFO - Setting next_dagrun for latest_only_with_trigger to 2024-03-22 20:00:00+00:00, run_after=2024-03-23 00:00:00+00:00
[2024-03-23T00:14:45.729+0000] {processor.py:183} INFO - Processing /home/airflow/.local/lib/python3.8/site-packages/airflow/example_dags/example_latest_only_with_trigger.py took 0.079 seconds
[2024-03-23T00:15:16.033+0000] {processor.py:161} INFO - Started process (PID=1319) to work on /home/airflow/.local/lib/python3.8/site-packages/airflow/example_dags/example_latest_only_with_trigger.py
[2024-03-23T00:15:16.034+0000] {processor.py:830} INFO - Processing file /home/airflow/.local/lib/python3.8/site-packages/airflow/example_dags/example_latest_only_with_trigger.py for tasks to queue
[2024-03-23T00:15:16.036+0000] {logging_mixin.py:188} INFO - [2024-03-23T00:15:16.036+0000] {dagbag.py:540} INFO - Filling up the DagBag from /home/airflow/.local/lib/python3.8/site-packages/airflow/example_dags/example_latest_only_with_trigger.py
[2024-03-23T00:15:16.044+0000] {processor.py:840} INFO - DAG(s) 'latest_only_with_trigger' retrieved from /home/airflow/.local/lib/python3.8/site-packages/airflow/example_dags/example_latest_only_with_trigger.py
[2024-03-23T00:15:16.069+0000] {logging_mixin.py:188} INFO - [2024-03-23T00:15:16.069+0000] {dag.py:3047} INFO - Sync 1 DAGs
[2024-03-23T00:15:16.095+0000] {logging_mixin.py:188} INFO - [2024-03-23T00:15:16.095+0000] {dag.py:3834} INFO - Setting next_dagrun for latest_only_with_trigger to 2024-03-22 20:00:00+00:00, run_after=2024-03-23 00:00:00+00:00
[2024-03-23T00:15:16.115+0000] {processor.py:183} INFO - Processing /home/airflow/.local/lib/python3.8/site-packages/airflow/example_dags/example_latest_only_with_trigger.py took 0.087 seconds
[2024-03-23T00:15:46.314+0000] {processor.py:161} INFO - Started process (PID=1374) to work on /home/airflow/.local/lib/python3.8/site-packages/airflow/example_dags/example_latest_only_with_trigger.py
[2024-03-23T00:15:46.315+0000] {processor.py:830} INFO - Processing file /home/airflow/.local/lib/python3.8/site-packages/airflow/example_dags/example_latest_only_with_trigger.py for tasks to queue
[2024-03-23T00:15:46.317+0000] {logging_mixin.py:188} INFO - [2024-03-23T00:15:46.317+0000] {dagbag.py:540} INFO - Filling up the DagBag from /home/airflow/.local/lib/python3.8/site-packages/airflow/example_dags/example_latest_only_with_trigger.py
[2024-03-23T00:15:46.324+0000] {processor.py:840} INFO - DAG(s) 'latest_only_with_trigger' retrieved from /home/airflow/.local/lib/python3.8/site-packages/airflow/example_dags/example_latest_only_with_trigger.py
[2024-03-23T00:15:46.350+0000] {logging_mixin.py:188} INFO - [2024-03-23T00:15:46.350+0000] {dag.py:3047} INFO - Sync 1 DAGs
[2024-03-23T00:15:46.375+0000] {logging_mixin.py:188} INFO - [2024-03-23T00:15:46.375+0000] {dag.py:3834} INFO - Setting next_dagrun for latest_only_with_trigger to 2024-03-22 20:00:00+00:00, run_after=2024-03-23 00:00:00+00:00
[2024-03-23T00:15:46.395+0000] {processor.py:183} INFO - Processing /home/airflow/.local/lib/python3.8/site-packages/airflow/example_dags/example_latest_only_with_trigger.py took 0.085 seconds
[2024-03-23T00:16:16.838+0000] {processor.py:161} INFO - Started process (PID=1429) to work on /home/airflow/.local/lib/python3.8/site-packages/airflow/example_dags/example_latest_only_with_trigger.py
[2024-03-23T00:16:16.840+0000] {processor.py:830} INFO - Processing file /home/airflow/.local/lib/python3.8/site-packages/airflow/example_dags/example_latest_only_with_trigger.py for tasks to queue
[2024-03-23T00:16:16.842+0000] {logging_mixin.py:188} INFO - [2024-03-23T00:16:16.842+0000] {dagbag.py:540} INFO - Filling up the DagBag from /home/airflow/.local/lib/python3.8/site-packages/airflow/example_dags/example_latest_only_with_trigger.py
[2024-03-23T00:16:16.849+0000] {processor.py:840} INFO - DAG(s) 'latest_only_with_trigger' retrieved from /home/airflow/.local/lib/python3.8/site-packages/airflow/example_dags/example_latest_only_with_trigger.py
[2024-03-23T00:16:16.872+0000] {logging_mixin.py:188} INFO - [2024-03-23T00:16:16.871+0000] {dag.py:3047} INFO - Sync 1 DAGs
[2024-03-23T00:16:16.896+0000] {logging_mixin.py:188} INFO - [2024-03-23T00:16:16.895+0000] {dag.py:3834} INFO - Setting next_dagrun for latest_only_with_trigger to 2024-03-22 20:00:00+00:00, run_after=2024-03-23 00:00:00+00:00
[2024-03-23T00:16:16.915+0000] {processor.py:183} INFO - Processing /home/airflow/.local/lib/python3.8/site-packages/airflow/example_dags/example_latest_only_with_trigger.py took 0.081 seconds
[2024-03-23T00:16:47.019+0000] {processor.py:161} INFO - Started process (PID=1484) to work on /home/airflow/.local/lib/python3.8/site-packages/airflow/example_dags/example_latest_only_with_trigger.py
[2024-03-23T00:16:47.020+0000] {processor.py:830} INFO - Processing file /home/airflow/.local/lib/python3.8/site-packages/airflow/example_dags/example_latest_only_with_trigger.py for tasks to queue
[2024-03-23T00:16:47.022+0000] {logging_mixin.py:188} INFO - [2024-03-23T00:16:47.022+0000] {dagbag.py:540} INFO - Filling up the DagBag from /home/airflow/.local/lib/python3.8/site-packages/airflow/example_dags/example_latest_only_with_trigger.py
[2024-03-23T00:16:47.029+0000] {processor.py:840} INFO - DAG(s) 'latest_only_with_trigger' retrieved from /home/airflow/.local/lib/python3.8/site-packages/airflow/example_dags/example_latest_only_with_trigger.py
[2024-03-23T00:16:47.053+0000] {logging_mixin.py:188} INFO - [2024-03-23T00:16:47.053+0000] {dag.py:3047} INFO - Sync 1 DAGs
[2024-03-23T00:16:47.079+0000] {logging_mixin.py:188} INFO - [2024-03-23T00:16:47.079+0000] {dag.py:3834} INFO - Setting next_dagrun for latest_only_with_trigger to 2024-03-22 20:00:00+00:00, run_after=2024-03-23 00:00:00+00:00
[2024-03-23T00:16:47.101+0000] {processor.py:183} INFO - Processing /home/airflow/.local/lib/python3.8/site-packages/airflow/example_dags/example_latest_only_with_trigger.py took 0.086 seconds
[2024-03-23T00:17:17.281+0000] {processor.py:161} INFO - Started process (PID=1539) to work on /home/airflow/.local/lib/python3.8/site-packages/airflow/example_dags/example_latest_only_with_trigger.py
[2024-03-23T00:17:17.282+0000] {processor.py:830} INFO - Processing file /home/airflow/.local/lib/python3.8/site-packages/airflow/example_dags/example_latest_only_with_trigger.py for tasks to queue
[2024-03-23T00:17:17.284+0000] {logging_mixin.py:188} INFO - [2024-03-23T00:17:17.284+0000] {dagbag.py:540} INFO - Filling up the DagBag from /home/airflow/.local/lib/python3.8/site-packages/airflow/example_dags/example_latest_only_with_trigger.py
[2024-03-23T00:17:17.291+0000] {processor.py:840} INFO - DAG(s) 'latest_only_with_trigger' retrieved from /home/airflow/.local/lib/python3.8/site-packages/airflow/example_dags/example_latest_only_with_trigger.py
[2024-03-23T00:17:17.317+0000] {logging_mixin.py:188} INFO - [2024-03-23T00:17:17.317+0000] {dag.py:3047} INFO - Sync 1 DAGs
[2024-03-23T00:17:17.341+0000] {logging_mixin.py:188} INFO - [2024-03-23T00:17:17.341+0000] {dag.py:3834} INFO - Setting next_dagrun for latest_only_with_trigger to 2024-03-22 20:00:00+00:00, run_after=2024-03-23 00:00:00+00:00
[2024-03-23T00:17:17.360+0000] {processor.py:183} INFO - Processing /home/airflow/.local/lib/python3.8/site-packages/airflow/example_dags/example_latest_only_with_trigger.py took 0.083 seconds
[2024-03-23T00:17:47.826+0000] {processor.py:161} INFO - Started process (PID=1594) to work on /home/airflow/.local/lib/python3.8/site-packages/airflow/example_dags/example_latest_only_with_trigger.py
[2024-03-23T00:17:47.827+0000] {processor.py:830} INFO - Processing file /home/airflow/.local/lib/python3.8/site-packages/airflow/example_dags/example_latest_only_with_trigger.py for tasks to queue
[2024-03-23T00:17:47.829+0000] {logging_mixin.py:188} INFO - [2024-03-23T00:17:47.829+0000] {dagbag.py:540} INFO - Filling up the DagBag from /home/airflow/.local/lib/python3.8/site-packages/airflow/example_dags/example_latest_only_with_trigger.py
[2024-03-23T00:17:47.837+0000] {processor.py:840} INFO - DAG(s) 'latest_only_with_trigger' retrieved from /home/airflow/.local/lib/python3.8/site-packages/airflow/example_dags/example_latest_only_with_trigger.py
[2024-03-23T00:17:47.861+0000] {logging_mixin.py:188} INFO - [2024-03-23T00:17:47.861+0000] {dag.py:3047} INFO - Sync 1 DAGs
[2024-03-23T00:17:47.888+0000] {logging_mixin.py:188} INFO - [2024-03-23T00:17:47.888+0000] {dag.py:3834} INFO - Setting next_dagrun for latest_only_with_trigger to 2024-03-22 20:00:00+00:00, run_after=2024-03-23 00:00:00+00:00
[2024-03-23T00:17:47.908+0000] {processor.py:183} INFO - Processing /home/airflow/.local/lib/python3.8/site-packages/airflow/example_dags/example_latest_only_with_trigger.py took 0.087 seconds
[2024-03-23T00:18:18.194+0000] {processor.py:161} INFO - Started process (PID=1649) to work on /home/airflow/.local/lib/python3.8/site-packages/airflow/example_dags/example_latest_only_with_trigger.py
[2024-03-23T00:18:18.196+0000] {processor.py:830} INFO - Processing file /home/airflow/.local/lib/python3.8/site-packages/airflow/example_dags/example_latest_only_with_trigger.py for tasks to queue
[2024-03-23T00:18:18.198+0000] {logging_mixin.py:188} INFO - [2024-03-23T00:18:18.197+0000] {dagbag.py:540} INFO - Filling up the DagBag from /home/airflow/.local/lib/python3.8/site-packages/airflow/example_dags/example_latest_only_with_trigger.py
[2024-03-23T00:18:18.205+0000] {processor.py:840} INFO - DAG(s) 'latest_only_with_trigger' retrieved from /home/airflow/.local/lib/python3.8/site-packages/airflow/example_dags/example_latest_only_with_trigger.py
[2024-03-23T00:18:18.229+0000] {logging_mixin.py:188} INFO - [2024-03-23T00:18:18.228+0000] {dag.py:3047} INFO - Sync 1 DAGs
[2024-03-23T00:18:18.253+0000] {logging_mixin.py:188} INFO - [2024-03-23T00:18:18.253+0000] {dag.py:3834} INFO - Setting next_dagrun for latest_only_with_trigger to 2024-03-22 20:00:00+00:00, run_after=2024-03-23 00:00:00+00:00
[2024-03-23T00:18:18.272+0000] {processor.py:183} INFO - Processing /home/airflow/.local/lib/python3.8/site-packages/airflow/example_dags/example_latest_only_with_trigger.py took 0.082 seconds
[2024-03-23T00:18:48.701+0000] {processor.py:161} INFO - Started process (PID=1704) to work on /home/airflow/.local/lib/python3.8/site-packages/airflow/example_dags/example_latest_only_with_trigger.py
[2024-03-23T00:18:48.702+0000] {processor.py:830} INFO - Processing file /home/airflow/.local/lib/python3.8/site-packages/airflow/example_dags/example_latest_only_with_trigger.py for tasks to queue
[2024-03-23T00:18:48.704+0000] {logging_mixin.py:188} INFO - [2024-03-23T00:18:48.704+0000] {dagbag.py:540} INFO - Filling up the DagBag from /home/airflow/.local/lib/python3.8/site-packages/airflow/example_dags/example_latest_only_with_trigger.py
[2024-03-23T00:18:48.711+0000] {processor.py:840} INFO - DAG(s) 'latest_only_with_trigger' retrieved from /home/airflow/.local/lib/python3.8/site-packages/airflow/example_dags/example_latest_only_with_trigger.py
[2024-03-23T00:18:48.735+0000] {logging_mixin.py:188} INFO - [2024-03-23T00:18:48.734+0000] {dag.py:3047} INFO - Sync 1 DAGs
[2024-03-23T00:18:48.759+0000] {logging_mixin.py:188} INFO - [2024-03-23T00:18:48.759+0000] {dag.py:3834} INFO - Setting next_dagrun for latest_only_with_trigger to 2024-03-22 20:00:00+00:00, run_after=2024-03-23 00:00:00+00:00
[2024-03-23T00:18:48.779+0000] {processor.py:183} INFO - Processing /home/airflow/.local/lib/python3.8/site-packages/airflow/example_dags/example_latest_only_with_trigger.py took 0.082 seconds
[2024-03-23T00:19:18.980+0000] {processor.py:161} INFO - Started process (PID=1759) to work on /home/airflow/.local/lib/python3.8/site-packages/airflow/example_dags/example_latest_only_with_trigger.py
[2024-03-23T00:19:18.981+0000] {processor.py:830} INFO - Processing file /home/airflow/.local/lib/python3.8/site-packages/airflow/example_dags/example_latest_only_with_trigger.py for tasks to queue
[2024-03-23T00:19:18.983+0000] {logging_mixin.py:188} INFO - [2024-03-23T00:19:18.983+0000] {dagbag.py:540} INFO - Filling up the DagBag from /home/airflow/.local/lib/python3.8/site-packages/airflow/example_dags/example_latest_only_with_trigger.py
[2024-03-23T00:19:18.990+0000] {processor.py:840} INFO - DAG(s) 'latest_only_with_trigger' retrieved from /home/airflow/.local/lib/python3.8/site-packages/airflow/example_dags/example_latest_only_with_trigger.py
[2024-03-23T00:19:19.013+0000] {logging_mixin.py:188} INFO - [2024-03-23T00:19:19.013+0000] {dag.py:3047} INFO - Sync 1 DAGs
[2024-03-23T00:19:19.037+0000] {logging_mixin.py:188} INFO - [2024-03-23T00:19:19.037+0000] {dag.py:3834} INFO - Setting next_dagrun for latest_only_with_trigger to 2024-03-22 20:00:00+00:00, run_after=2024-03-23 00:00:00+00:00
[2024-03-23T00:19:19.057+0000] {processor.py:183} INFO - Processing /home/airflow/.local/lib/python3.8/site-packages/airflow/example_dags/example_latest_only_with_trigger.py took 0.082 seconds
[2024-03-23T00:19:49.573+0000] {processor.py:161} INFO - Started process (PID=1814) to work on /home/airflow/.local/lib/python3.8/site-packages/airflow/example_dags/example_latest_only_with_trigger.py
[2024-03-23T00:19:49.575+0000] {processor.py:830} INFO - Processing file /home/airflow/.local/lib/python3.8/site-packages/airflow/example_dags/example_latest_only_with_trigger.py for tasks to queue
[2024-03-23T00:19:49.578+0000] {logging_mixin.py:188} INFO - [2024-03-23T00:19:49.577+0000] {dagbag.py:540} INFO - Filling up the DagBag from /home/airflow/.local/lib/python3.8/site-packages/airflow/example_dags/example_latest_only_with_trigger.py
[2024-03-23T00:19:49.587+0000] {processor.py:840} INFO - DAG(s) 'latest_only_with_trigger' retrieved from /home/airflow/.local/lib/python3.8/site-packages/airflow/example_dags/example_latest_only_with_trigger.py
[2024-03-23T00:19:49.623+0000] {logging_mixin.py:188} INFO - [2024-03-23T00:19:49.622+0000] {dag.py:3047} INFO - Sync 1 DAGs
[2024-03-23T00:19:49.653+0000] {logging_mixin.py:188} INFO - [2024-03-23T00:19:49.653+0000] {dag.py:3834} INFO - Setting next_dagrun for latest_only_with_trigger to 2024-03-22 20:00:00+00:00, run_after=2024-03-23 00:00:00+00:00
[2024-03-23T00:19:49.675+0000] {processor.py:183} INFO - Processing /home/airflow/.local/lib/python3.8/site-packages/airflow/example_dags/example_latest_only_with_trigger.py took 0.107 seconds
[2024-03-23T00:20:20.183+0000] {processor.py:161} INFO - Started process (PID=1875) to work on /home/airflow/.local/lib/python3.8/site-packages/airflow/example_dags/example_latest_only_with_trigger.py
[2024-03-23T00:20:20.185+0000] {processor.py:830} INFO - Processing file /home/airflow/.local/lib/python3.8/site-packages/airflow/example_dags/example_latest_only_with_trigger.py for tasks to queue
[2024-03-23T00:20:20.187+0000] {logging_mixin.py:188} INFO - [2024-03-23T00:20:20.187+0000] {dagbag.py:540} INFO - Filling up the DagBag from /home/airflow/.local/lib/python3.8/site-packages/airflow/example_dags/example_latest_only_with_trigger.py
[2024-03-23T00:20:20.195+0000] {processor.py:840} INFO - DAG(s) 'latest_only_with_trigger' retrieved from /home/airflow/.local/lib/python3.8/site-packages/airflow/example_dags/example_latest_only_with_trigger.py
[2024-03-23T00:20:20.219+0000] {logging_mixin.py:188} INFO - [2024-03-23T00:20:20.219+0000] {dag.py:3047} INFO - Sync 1 DAGs
[2024-03-23T00:20:20.247+0000] {logging_mixin.py:188} INFO - [2024-03-23T00:20:20.247+0000] {dag.py:3834} INFO - Setting next_dagrun for latest_only_with_trigger to 2024-03-22 20:00:00+00:00, run_after=2024-03-23 00:00:00+00:00
[2024-03-23T00:20:20.268+0000] {processor.py:183} INFO - Processing /home/airflow/.local/lib/python3.8/site-packages/airflow/example_dags/example_latest_only_with_trigger.py took 0.089 seconds
[2024-03-23T00:20:50.619+0000] {processor.py:161} INFO - Started process (PID=1930) to work on /home/airflow/.local/lib/python3.8/site-packages/airflow/example_dags/example_latest_only_with_trigger.py
[2024-03-23T00:20:50.620+0000] {processor.py:830} INFO - Processing file /home/airflow/.local/lib/python3.8/site-packages/airflow/example_dags/example_latest_only_with_trigger.py for tasks to queue
[2024-03-23T00:20:50.622+0000] {logging_mixin.py:188} INFO - [2024-03-23T00:20:50.622+0000] {dagbag.py:540} INFO - Filling up the DagBag from /home/airflow/.local/lib/python3.8/site-packages/airflow/example_dags/example_latest_only_with_trigger.py
[2024-03-23T00:20:50.629+0000] {processor.py:840} INFO - DAG(s) 'latest_only_with_trigger' retrieved from /home/airflow/.local/lib/python3.8/site-packages/airflow/example_dags/example_latest_only_with_trigger.py
[2024-03-23T00:20:50.654+0000] {logging_mixin.py:188} INFO - [2024-03-23T00:20:50.654+0000] {dag.py:3047} INFO - Sync 1 DAGs
[2024-03-23T00:20:50.679+0000] {logging_mixin.py:188} INFO - [2024-03-23T00:20:50.678+0000] {dag.py:3834} INFO - Setting next_dagrun for latest_only_with_trigger to 2024-03-22 20:00:00+00:00, run_after=2024-03-23 00:00:00+00:00
[2024-03-23T00:20:50.697+0000] {processor.py:183} INFO - Processing /home/airflow/.local/lib/python3.8/site-packages/airflow/example_dags/example_latest_only_with_trigger.py took 0.083 seconds
[2024-03-23T00:21:20.738+0000] {processor.py:161} INFO - Started process (PID=1985) to work on /home/airflow/.local/lib/python3.8/site-packages/airflow/example_dags/example_latest_only_with_trigger.py
[2024-03-23T00:21:20.740+0000] {processor.py:830} INFO - Processing file /home/airflow/.local/lib/python3.8/site-packages/airflow/example_dags/example_latest_only_with_trigger.py for tasks to queue
[2024-03-23T00:21:20.742+0000] {logging_mixin.py:188} INFO - [2024-03-23T00:21:20.741+0000] {dagbag.py:540} INFO - Filling up the DagBag from /home/airflow/.local/lib/python3.8/site-packages/airflow/example_dags/example_latest_only_with_trigger.py
[2024-03-23T00:21:20.749+0000] {processor.py:840} INFO - DAG(s) 'latest_only_with_trigger' retrieved from /home/airflow/.local/lib/python3.8/site-packages/airflow/example_dags/example_latest_only_with_trigger.py
[2024-03-23T00:21:20.774+0000] {logging_mixin.py:188} INFO - [2024-03-23T00:21:20.774+0000] {dag.py:3047} INFO - Sync 1 DAGs
[2024-03-23T00:21:20.799+0000] {logging_mixin.py:188} INFO - [2024-03-23T00:21:20.799+0000] {dag.py:3834} INFO - Setting next_dagrun for latest_only_with_trigger to 2024-03-22 20:00:00+00:00, run_after=2024-03-23 00:00:00+00:00
[2024-03-23T00:21:20.821+0000] {processor.py:183} INFO - Processing /home/airflow/.local/lib/python3.8/site-packages/airflow/example_dags/example_latest_only_with_trigger.py took 0.087 seconds
[2024-03-23T00:21:51.058+0000] {processor.py:161} INFO - Started process (PID=2040) to work on /home/airflow/.local/lib/python3.8/site-packages/airflow/example_dags/example_latest_only_with_trigger.py
[2024-03-23T00:21:51.060+0000] {processor.py:830} INFO - Processing file /home/airflow/.local/lib/python3.8/site-packages/airflow/example_dags/example_latest_only_with_trigger.py for tasks to queue
[2024-03-23T00:21:51.062+0000] {logging_mixin.py:188} INFO - [2024-03-23T00:21:51.061+0000] {dagbag.py:540} INFO - Filling up the DagBag from /home/airflow/.local/lib/python3.8/site-packages/airflow/example_dags/example_latest_only_with_trigger.py
[2024-03-23T00:21:51.069+0000] {processor.py:840} INFO - DAG(s) 'latest_only_with_trigger' retrieved from /home/airflow/.local/lib/python3.8/site-packages/airflow/example_dags/example_latest_only_with_trigger.py
[2024-03-23T00:21:51.098+0000] {logging_mixin.py:188} INFO - [2024-03-23T00:21:51.098+0000] {dag.py:3047} INFO - Sync 1 DAGs
[2024-03-23T00:21:51.130+0000] {logging_mixin.py:188} INFO - [2024-03-23T00:21:51.130+0000] {dag.py:3834} INFO - Setting next_dagrun for latest_only_with_trigger to 2024-03-22 20:00:00+00:00, run_after=2024-03-23 00:00:00+00:00
[2024-03-23T00:21:51.157+0000] {processor.py:183} INFO - Processing /home/airflow/.local/lib/python3.8/site-packages/airflow/example_dags/example_latest_only_with_trigger.py took 0.103 seconds
[2024-03-23T00:22:21.598+0000] {processor.py:161} INFO - Started process (PID=2095) to work on /home/airflow/.local/lib/python3.8/site-packages/airflow/example_dags/example_latest_only_with_trigger.py
[2024-03-23T00:22:21.599+0000] {processor.py:830} INFO - Processing file /home/airflow/.local/lib/python3.8/site-packages/airflow/example_dags/example_latest_only_with_trigger.py for tasks to queue
[2024-03-23T00:22:21.602+0000] {logging_mixin.py:188} INFO - [2024-03-23T00:22:21.602+0000] {dagbag.py:540} INFO - Filling up the DagBag from /home/airflow/.local/lib/python3.8/site-packages/airflow/example_dags/example_latest_only_with_trigger.py
[2024-03-23T00:22:21.611+0000] {processor.py:840} INFO - DAG(s) 'latest_only_with_trigger' retrieved from /home/airflow/.local/lib/python3.8/site-packages/airflow/example_dags/example_latest_only_with_trigger.py
[2024-03-23T00:22:21.647+0000] {logging_mixin.py:188} INFO - [2024-03-23T00:22:21.647+0000] {dag.py:3047} INFO - Sync 1 DAGs
[2024-03-23T00:22:21.678+0000] {logging_mixin.py:188} INFO - [2024-03-23T00:22:21.677+0000] {dag.py:3834} INFO - Setting next_dagrun for latest_only_with_trigger to 2024-03-22 20:00:00+00:00, run_after=2024-03-23 00:00:00+00:00
[2024-03-23T00:22:21.702+0000] {processor.py:183} INFO - Processing /home/airflow/.local/lib/python3.8/site-packages/airflow/example_dags/example_latest_only_with_trigger.py took 0.110 seconds
[2024-03-23T00:22:51.941+0000] {processor.py:161} INFO - Started process (PID=2150) to work on /home/airflow/.local/lib/python3.8/site-packages/airflow/example_dags/example_latest_only_with_trigger.py
[2024-03-23T00:22:51.943+0000] {processor.py:830} INFO - Processing file /home/airflow/.local/lib/python3.8/site-packages/airflow/example_dags/example_latest_only_with_trigger.py for tasks to queue
[2024-03-23T00:22:51.945+0000] {logging_mixin.py:188} INFO - [2024-03-23T00:22:51.945+0000] {dagbag.py:540} INFO - Filling up the DagBag from /home/airflow/.local/lib/python3.8/site-packages/airflow/example_dags/example_latest_only_with_trigger.py
[2024-03-23T00:22:51.952+0000] {processor.py:840} INFO - DAG(s) 'latest_only_with_trigger' retrieved from /home/airflow/.local/lib/python3.8/site-packages/airflow/example_dags/example_latest_only_with_trigger.py
[2024-03-23T00:22:51.978+0000] {logging_mixin.py:188} INFO - [2024-03-23T00:22:51.977+0000] {dag.py:3047} INFO - Sync 1 DAGs
[2024-03-23T00:22:52.004+0000] {logging_mixin.py:188} INFO - [2024-03-23T00:22:52.004+0000] {dag.py:3834} INFO - Setting next_dagrun for latest_only_with_trigger to 2024-03-22 20:00:00+00:00, run_after=2024-03-23 00:00:00+00:00
[2024-03-23T00:22:52.025+0000] {processor.py:183} INFO - Processing /home/airflow/.local/lib/python3.8/site-packages/airflow/example_dags/example_latest_only_with_trigger.py took 0.088 seconds
[2024-03-23T00:23:22.209+0000] {processor.py:161} INFO - Started process (PID=2205) to work on /home/airflow/.local/lib/python3.8/site-packages/airflow/example_dags/example_latest_only_with_trigger.py
[2024-03-23T00:23:22.210+0000] {processor.py:830} INFO - Processing file /home/airflow/.local/lib/python3.8/site-packages/airflow/example_dags/example_latest_only_with_trigger.py for tasks to queue
[2024-03-23T00:23:22.212+0000] {logging_mixin.py:188} INFO - [2024-03-23T00:23:22.212+0000] {dagbag.py:540} INFO - Filling up the DagBag from /home/airflow/.local/lib/python3.8/site-packages/airflow/example_dags/example_latest_only_with_trigger.py
[2024-03-23T00:23:22.219+0000] {processor.py:840} INFO - DAG(s) 'latest_only_with_trigger' retrieved from /home/airflow/.local/lib/python3.8/site-packages/airflow/example_dags/example_latest_only_with_trigger.py
[2024-03-23T00:23:22.245+0000] {logging_mixin.py:188} INFO - [2024-03-23T00:23:22.244+0000] {dag.py:3047} INFO - Sync 1 DAGs
[2024-03-23T00:23:22.272+0000] {logging_mixin.py:188} INFO - [2024-03-23T00:23:22.272+0000] {dag.py:3834} INFO - Setting next_dagrun for latest_only_with_trigger to 2024-03-22 20:00:00+00:00, run_after=2024-03-23 00:00:00+00:00
[2024-03-23T00:23:22.293+0000] {processor.py:183} INFO - Processing /home/airflow/.local/lib/python3.8/site-packages/airflow/example_dags/example_latest_only_with_trigger.py took 0.088 seconds
[2024-03-23T00:23:53.063+0000] {processor.py:161} INFO - Started process (PID=2258) to work on /home/airflow/.local/lib/python3.8/site-packages/airflow/example_dags/example_latest_only_with_trigger.py
[2024-03-23T00:23:53.064+0000] {processor.py:830} INFO - Processing file /home/airflow/.local/lib/python3.8/site-packages/airflow/example_dags/example_latest_only_with_trigger.py for tasks to queue
[2024-03-23T00:23:53.066+0000] {logging_mixin.py:188} INFO - [2024-03-23T00:23:53.066+0000] {dagbag.py:540} INFO - Filling up the DagBag from /home/airflow/.local/lib/python3.8/site-packages/airflow/example_dags/example_latest_only_with_trigger.py
[2024-03-23T00:23:53.073+0000] {processor.py:840} INFO - DAG(s) 'latest_only_with_trigger' retrieved from /home/airflow/.local/lib/python3.8/site-packages/airflow/example_dags/example_latest_only_with_trigger.py
[2024-03-23T00:23:53.097+0000] {logging_mixin.py:188} INFO - [2024-03-23T00:23:53.097+0000] {dag.py:3047} INFO - Sync 1 DAGs
[2024-03-23T00:23:53.123+0000] {logging_mixin.py:188} INFO - [2024-03-23T00:23:53.123+0000] {dag.py:3834} INFO - Setting next_dagrun for latest_only_with_trigger to 2024-03-22 20:00:00+00:00, run_after=2024-03-23 00:00:00+00:00
[2024-03-23T00:23:53.142+0000] {processor.py:183} INFO - Processing /home/airflow/.local/lib/python3.8/site-packages/airflow/example_dags/example_latest_only_with_trigger.py took 0.084 seconds
[2024-03-23T00:24:23.368+0000] {processor.py:161} INFO - Started process (PID=2313) to work on /home/airflow/.local/lib/python3.8/site-packages/airflow/example_dags/example_latest_only_with_trigger.py
[2024-03-23T00:24:23.369+0000] {processor.py:830} INFO - Processing file /home/airflow/.local/lib/python3.8/site-packages/airflow/example_dags/example_latest_only_with_trigger.py for tasks to queue
[2024-03-23T00:24:23.372+0000] {logging_mixin.py:188} INFO - [2024-03-23T00:24:23.371+0000] {dagbag.py:540} INFO - Filling up the DagBag from /home/airflow/.local/lib/python3.8/site-packages/airflow/example_dags/example_latest_only_with_trigger.py
[2024-03-23T00:24:23.379+0000] {processor.py:840} INFO - DAG(s) 'latest_only_with_trigger' retrieved from /home/airflow/.local/lib/python3.8/site-packages/airflow/example_dags/example_latest_only_with_trigger.py
[2024-03-23T00:24:23.406+0000] {logging_mixin.py:188} INFO - [2024-03-23T00:24:23.405+0000] {dag.py:3047} INFO - Sync 1 DAGs
[2024-03-23T00:24:23.436+0000] {logging_mixin.py:188} INFO - [2024-03-23T00:24:23.436+0000] {dag.py:3834} INFO - Setting next_dagrun for latest_only_with_trigger to 2024-03-22 20:00:00+00:00, run_after=2024-03-23 00:00:00+00:00
[2024-03-23T00:24:23.459+0000] {processor.py:183} INFO - Processing /home/airflow/.local/lib/python3.8/site-packages/airflow/example_dags/example_latest_only_with_trigger.py took 0.095 seconds
[2024-03-23T00:24:53.658+0000] {processor.py:161} INFO - Started process (PID=2368) to work on /home/airflow/.local/lib/python3.8/site-packages/airflow/example_dags/example_latest_only_with_trigger.py
[2024-03-23T00:24:53.659+0000] {processor.py:830} INFO - Processing file /home/airflow/.local/lib/python3.8/site-packages/airflow/example_dags/example_latest_only_with_trigger.py for tasks to queue
[2024-03-23T00:24:53.662+0000] {logging_mixin.py:188} INFO - [2024-03-23T00:24:53.661+0000] {dagbag.py:540} INFO - Filling up the DagBag from /home/airflow/.local/lib/python3.8/site-packages/airflow/example_dags/example_latest_only_with_trigger.py
[2024-03-23T00:24:53.669+0000] {processor.py:840} INFO - DAG(s) 'latest_only_with_trigger' retrieved from /home/airflow/.local/lib/python3.8/site-packages/airflow/example_dags/example_latest_only_with_trigger.py
[2024-03-23T00:24:53.693+0000] {logging_mixin.py:188} INFO - [2024-03-23T00:24:53.693+0000] {dag.py:3047} INFO - Sync 1 DAGs
[2024-03-23T00:24:53.718+0000] {logging_mixin.py:188} INFO - [2024-03-23T00:24:53.718+0000] {dag.py:3834} INFO - Setting next_dagrun for latest_only_with_trigger to 2024-03-22 20:00:00+00:00, run_after=2024-03-23 00:00:00+00:00
[2024-03-23T00:24:53.737+0000] {processor.py:183} INFO - Processing /home/airflow/.local/lib/python3.8/site-packages/airflow/example_dags/example_latest_only_with_trigger.py took 0.083 seconds
[2024-03-23T00:25:23.942+0000] {processor.py:161} INFO - Started process (PID=2423) to work on /home/airflow/.local/lib/python3.8/site-packages/airflow/example_dags/example_latest_only_with_trigger.py
[2024-03-23T00:25:23.944+0000] {processor.py:830} INFO - Processing file /home/airflow/.local/lib/python3.8/site-packages/airflow/example_dags/example_latest_only_with_trigger.py for tasks to queue
[2024-03-23T00:25:23.946+0000] {logging_mixin.py:188} INFO - [2024-03-23T00:25:23.946+0000] {dagbag.py:540} INFO - Filling up the DagBag from /home/airflow/.local/lib/python3.8/site-packages/airflow/example_dags/example_latest_only_with_trigger.py
[2024-03-23T00:25:23.958+0000] {processor.py:840} INFO - DAG(s) 'latest_only_with_trigger' retrieved from /home/airflow/.local/lib/python3.8/site-packages/airflow/example_dags/example_latest_only_with_trigger.py
[2024-03-23T00:25:23.985+0000] {logging_mixin.py:188} INFO - [2024-03-23T00:25:23.985+0000] {dag.py:3047} INFO - Sync 1 DAGs
[2024-03-23T00:25:24.015+0000] {logging_mixin.py:188} INFO - [2024-03-23T00:25:24.015+0000] {dag.py:3834} INFO - Setting next_dagrun for latest_only_with_trigger to 2024-03-22 20:00:00+00:00, run_after=2024-03-23 00:00:00+00:00
[2024-03-23T00:25:24.039+0000] {processor.py:183} INFO - Processing /home/airflow/.local/lib/python3.8/site-packages/airflow/example_dags/example_latest_only_with_trigger.py took 0.101 seconds
[2024-03-23T00:25:54.222+0000] {processor.py:161} INFO - Started process (PID=2478) to work on /home/airflow/.local/lib/python3.8/site-packages/airflow/example_dags/example_latest_only_with_trigger.py
[2024-03-23T00:25:54.223+0000] {processor.py:830} INFO - Processing file /home/airflow/.local/lib/python3.8/site-packages/airflow/example_dags/example_latest_only_with_trigger.py for tasks to queue
[2024-03-23T00:25:54.225+0000] {logging_mixin.py:188} INFO - [2024-03-23T00:25:54.225+0000] {dagbag.py:540} INFO - Filling up the DagBag from /home/airflow/.local/lib/python3.8/site-packages/airflow/example_dags/example_latest_only_with_trigger.py
[2024-03-23T00:25:54.232+0000] {processor.py:840} INFO - DAG(s) 'latest_only_with_trigger' retrieved from /home/airflow/.local/lib/python3.8/site-packages/airflow/example_dags/example_latest_only_with_trigger.py
[2024-03-23T00:25:54.257+0000] {logging_mixin.py:188} INFO - [2024-03-23T00:25:54.256+0000] {dag.py:3047} INFO - Sync 1 DAGs
[2024-03-23T00:25:54.282+0000] {logging_mixin.py:188} INFO - [2024-03-23T00:25:54.281+0000] {dag.py:3834} INFO - Setting next_dagrun for latest_only_with_trigger to 2024-03-22 20:00:00+00:00, run_after=2024-03-23 00:00:00+00:00
[2024-03-23T00:25:54.303+0000] {processor.py:183} INFO - Processing /home/airflow/.local/lib/python3.8/site-packages/airflow/example_dags/example_latest_only_with_trigger.py took 0.085 seconds
[2024-03-23T00:26:24.486+0000] {processor.py:161} INFO - Started process (PID=2533) to work on /home/airflow/.local/lib/python3.8/site-packages/airflow/example_dags/example_latest_only_with_trigger.py
[2024-03-23T00:26:24.487+0000] {processor.py:830} INFO - Processing file /home/airflow/.local/lib/python3.8/site-packages/airflow/example_dags/example_latest_only_with_trigger.py for tasks to queue
[2024-03-23T00:26:24.489+0000] {logging_mixin.py:188} INFO - [2024-03-23T00:26:24.489+0000] {dagbag.py:540} INFO - Filling up the DagBag from /home/airflow/.local/lib/python3.8/site-packages/airflow/example_dags/example_latest_only_with_trigger.py
[2024-03-23T00:26:24.496+0000] {processor.py:840} INFO - DAG(s) 'latest_only_with_trigger' retrieved from /home/airflow/.local/lib/python3.8/site-packages/airflow/example_dags/example_latest_only_with_trigger.py
[2024-03-23T00:26:24.519+0000] {logging_mixin.py:188} INFO - [2024-03-23T00:26:24.519+0000] {dag.py:3047} INFO - Sync 1 DAGs
[2024-03-23T00:26:24.544+0000] {logging_mixin.py:188} INFO - [2024-03-23T00:26:24.543+0000] {dag.py:3834} INFO - Setting next_dagrun for latest_only_with_trigger to 2024-03-22 20:00:00+00:00, run_after=2024-03-23 00:00:00+00:00
[2024-03-23T00:26:24.563+0000] {processor.py:183} INFO - Processing /home/airflow/.local/lib/python3.8/site-packages/airflow/example_dags/example_latest_only_with_trigger.py took 0.081 seconds
