[2024-03-23T00:03:39.589+0000] {processor.py:161} INFO - Started process (PID=70) to work on /home/airflow/.local/lib/python3.8/site-packages/airflow/example_dags/example_task_group_decorator.py
[2024-03-23T00:03:39.590+0000] {processor.py:830} INFO - Processing file /home/airflow/.local/lib/python3.8/site-packages/airflow/example_dags/example_task_group_decorator.py for tasks to queue
[2024-03-23T00:03:39.593+0000] {logging_mixin.py:188} INFO - [2024-03-23T00:03:39.593+0000] {dagbag.py:540} INFO - Filling up the DagBag from /home/airflow/.local/lib/python3.8/site-packages/airflow/example_dags/example_task_group_decorator.py
[2024-03-23T00:03:39.615+0000] {processor.py:840} INFO - DAG(s) 'example_task_group_decorator' retrieved from /home/airflow/.local/lib/python3.8/site-packages/airflow/example_dags/example_task_group_decorator.py
[2024-03-23T00:03:39.657+0000] {logging_mixin.py:188} INFO - [2024-03-23T00:03:39.657+0000] {dag.py:3047} INFO - Sync 1 DAGs
[2024-03-23T00:03:39.705+0000] {logging_mixin.py:188} INFO - [2024-03-23T00:03:39.704+0000] {dag.py:3834} INFO - Setting next_dagrun for example_task_group_decorator to 2024-03-22 00:00:00+00:00, run_after=2024-03-23 00:00:00+00:00
[2024-03-23T00:03:39.753+0000] {processor.py:183} INFO - Processing /home/airflow/.local/lib/python3.8/site-packages/airflow/example_dags/example_task_group_decorator.py took 0.168 seconds
[2024-03-23T00:04:10.471+0000] {processor.py:161} INFO - Started process (PID=125) to work on /home/airflow/.local/lib/python3.8/site-packages/airflow/example_dags/example_task_group_decorator.py
[2024-03-23T00:04:10.472+0000] {processor.py:830} INFO - Processing file /home/airflow/.local/lib/python3.8/site-packages/airflow/example_dags/example_task_group_decorator.py for tasks to queue
[2024-03-23T00:04:10.474+0000] {logging_mixin.py:188} INFO - [2024-03-23T00:04:10.474+0000] {dagbag.py:540} INFO - Filling up the DagBag from /home/airflow/.local/lib/python3.8/site-packages/airflow/example_dags/example_task_group_decorator.py
[2024-03-23T00:04:10.493+0000] {processor.py:840} INFO - DAG(s) 'example_task_group_decorator' retrieved from /home/airflow/.local/lib/python3.8/site-packages/airflow/example_dags/example_task_group_decorator.py
[2024-03-23T00:04:10.522+0000] {logging_mixin.py:188} INFO - [2024-03-23T00:04:10.522+0000] {dag.py:3047} INFO - Sync 1 DAGs
[2024-03-23T00:04:10.547+0000] {logging_mixin.py:188} INFO - [2024-03-23T00:04:10.547+0000] {dag.py:3834} INFO - Setting next_dagrun for example_task_group_decorator to 2024-03-22 00:00:00+00:00, run_after=2024-03-23 00:00:00+00:00
[2024-03-23T00:04:10.566+0000] {processor.py:183} INFO - Processing /home/airflow/.local/lib/python3.8/site-packages/airflow/example_dags/example_task_group_decorator.py took 0.099 seconds
[2024-03-23T00:04:40.906+0000] {processor.py:161} INFO - Started process (PID=180) to work on /home/airflow/.local/lib/python3.8/site-packages/airflow/example_dags/example_task_group_decorator.py
[2024-03-23T00:04:40.907+0000] {processor.py:830} INFO - Processing file /home/airflow/.local/lib/python3.8/site-packages/airflow/example_dags/example_task_group_decorator.py for tasks to queue
[2024-03-23T00:04:40.909+0000] {logging_mixin.py:188} INFO - [2024-03-23T00:04:40.909+0000] {dagbag.py:540} INFO - Filling up the DagBag from /home/airflow/.local/lib/python3.8/site-packages/airflow/example_dags/example_task_group_decorator.py
[2024-03-23T00:04:40.927+0000] {processor.py:840} INFO - DAG(s) 'example_task_group_decorator' retrieved from /home/airflow/.local/lib/python3.8/site-packages/airflow/example_dags/example_task_group_decorator.py
[2024-03-23T00:04:40.956+0000] {logging_mixin.py:188} INFO - [2024-03-23T00:04:40.955+0000] {dag.py:3047} INFO - Sync 1 DAGs
[2024-03-23T00:04:40.979+0000] {logging_mixin.py:188} INFO - [2024-03-23T00:04:40.979+0000] {dag.py:3834} INFO - Setting next_dagrun for example_task_group_decorator to 2024-03-22 00:00:00+00:00, run_after=2024-03-23 00:00:00+00:00
[2024-03-23T00:04:40.999+0000] {processor.py:183} INFO - Processing /home/airflow/.local/lib/python3.8/site-packages/airflow/example_dags/example_task_group_decorator.py took 0.096 seconds
[2024-03-23T00:05:11.129+0000] {processor.py:161} INFO - Started process (PID=235) to work on /home/airflow/.local/lib/python3.8/site-packages/airflow/example_dags/example_task_group_decorator.py
[2024-03-23T00:05:11.130+0000] {processor.py:830} INFO - Processing file /home/airflow/.local/lib/python3.8/site-packages/airflow/example_dags/example_task_group_decorator.py for tasks to queue
[2024-03-23T00:05:11.132+0000] {logging_mixin.py:188} INFO - [2024-03-23T00:05:11.132+0000] {dagbag.py:540} INFO - Filling up the DagBag from /home/airflow/.local/lib/python3.8/site-packages/airflow/example_dags/example_task_group_decorator.py
[2024-03-23T00:05:11.150+0000] {processor.py:840} INFO - DAG(s) 'example_task_group_decorator' retrieved from /home/airflow/.local/lib/python3.8/site-packages/airflow/example_dags/example_task_group_decorator.py
[2024-03-23T00:05:11.178+0000] {logging_mixin.py:188} INFO - [2024-03-23T00:05:11.177+0000] {dag.py:3047} INFO - Sync 1 DAGs
[2024-03-23T00:05:11.202+0000] {logging_mixin.py:188} INFO - [2024-03-23T00:05:11.201+0000] {dag.py:3834} INFO - Setting next_dagrun for example_task_group_decorator to 2024-03-22 00:00:00+00:00, run_after=2024-03-23 00:00:00+00:00
[2024-03-23T00:05:11.222+0000] {processor.py:183} INFO - Processing /home/airflow/.local/lib/python3.8/site-packages/airflow/example_dags/example_task_group_decorator.py took 0.097 seconds
[2024-03-23T00:05:41.764+0000] {processor.py:161} INFO - Started process (PID=290) to work on /home/airflow/.local/lib/python3.8/site-packages/airflow/example_dags/example_task_group_decorator.py
[2024-03-23T00:05:41.765+0000] {processor.py:830} INFO - Processing file /home/airflow/.local/lib/python3.8/site-packages/airflow/example_dags/example_task_group_decorator.py for tasks to queue
[2024-03-23T00:05:41.767+0000] {logging_mixin.py:188} INFO - [2024-03-23T00:05:41.767+0000] {dagbag.py:540} INFO - Filling up the DagBag from /home/airflow/.local/lib/python3.8/site-packages/airflow/example_dags/example_task_group_decorator.py
[2024-03-23T00:05:41.785+0000] {processor.py:840} INFO - DAG(s) 'example_task_group_decorator' retrieved from /home/airflow/.local/lib/python3.8/site-packages/airflow/example_dags/example_task_group_decorator.py
[2024-03-23T00:05:41.813+0000] {logging_mixin.py:188} INFO - [2024-03-23T00:05:41.812+0000] {dag.py:3047} INFO - Sync 1 DAGs
[2024-03-23T00:05:41.838+0000] {logging_mixin.py:188} INFO - [2024-03-23T00:05:41.838+0000] {dag.py:3834} INFO - Setting next_dagrun for example_task_group_decorator to 2024-03-22 00:00:00+00:00, run_after=2024-03-23 00:00:00+00:00
[2024-03-23T00:05:41.857+0000] {processor.py:183} INFO - Processing /home/airflow/.local/lib/python3.8/site-packages/airflow/example_dags/example_task_group_decorator.py took 0.097 seconds
[2024-03-23T00:06:12.028+0000] {processor.py:161} INFO - Started process (PID=345) to work on /home/airflow/.local/lib/python3.8/site-packages/airflow/example_dags/example_task_group_decorator.py
[2024-03-23T00:06:12.030+0000] {processor.py:830} INFO - Processing file /home/airflow/.local/lib/python3.8/site-packages/airflow/example_dags/example_task_group_decorator.py for tasks to queue
[2024-03-23T00:06:12.032+0000] {logging_mixin.py:188} INFO - [2024-03-23T00:06:12.031+0000] {dagbag.py:540} INFO - Filling up the DagBag from /home/airflow/.local/lib/python3.8/site-packages/airflow/example_dags/example_task_group_decorator.py
[2024-03-23T00:06:12.050+0000] {processor.py:840} INFO - DAG(s) 'example_task_group_decorator' retrieved from /home/airflow/.local/lib/python3.8/site-packages/airflow/example_dags/example_task_group_decorator.py
[2024-03-23T00:06:12.081+0000] {logging_mixin.py:188} INFO - [2024-03-23T00:06:12.081+0000] {dag.py:3047} INFO - Sync 1 DAGs
[2024-03-23T00:06:12.113+0000] {logging_mixin.py:188} INFO - [2024-03-23T00:06:12.113+0000] {dag.py:3834} INFO - Setting next_dagrun for example_task_group_decorator to 2024-03-22 00:00:00+00:00, run_after=2024-03-23 00:00:00+00:00
[2024-03-23T00:06:12.137+0000] {processor.py:183} INFO - Processing /home/airflow/.local/lib/python3.8/site-packages/airflow/example_dags/example_task_group_decorator.py took 0.113 seconds
[2024-03-23T00:06:42.345+0000] {processor.py:161} INFO - Started process (PID=400) to work on /home/airflow/.local/lib/python3.8/site-packages/airflow/example_dags/example_task_group_decorator.py
[2024-03-23T00:06:42.346+0000] {processor.py:830} INFO - Processing file /home/airflow/.local/lib/python3.8/site-packages/airflow/example_dags/example_task_group_decorator.py for tasks to queue
[2024-03-23T00:06:42.348+0000] {logging_mixin.py:188} INFO - [2024-03-23T00:06:42.348+0000] {dagbag.py:540} INFO - Filling up the DagBag from /home/airflow/.local/lib/python3.8/site-packages/airflow/example_dags/example_task_group_decorator.py
[2024-03-23T00:06:42.367+0000] {processor.py:840} INFO - DAG(s) 'example_task_group_decorator' retrieved from /home/airflow/.local/lib/python3.8/site-packages/airflow/example_dags/example_task_group_decorator.py
[2024-03-23T00:06:42.398+0000] {logging_mixin.py:188} INFO - [2024-03-23T00:06:42.398+0000] {dag.py:3047} INFO - Sync 1 DAGs
[2024-03-23T00:06:42.424+0000] {logging_mixin.py:188} INFO - [2024-03-23T00:06:42.424+0000] {dag.py:3834} INFO - Setting next_dagrun for example_task_group_decorator to 2024-03-22 00:00:00+00:00, run_after=2024-03-23 00:00:00+00:00
[2024-03-23T00:06:42.443+0000] {processor.py:183} INFO - Processing /home/airflow/.local/lib/python3.8/site-packages/airflow/example_dags/example_task_group_decorator.py took 0.103 seconds
[2024-03-23T00:07:12.822+0000] {processor.py:161} INFO - Started process (PID=455) to work on /home/airflow/.local/lib/python3.8/site-packages/airflow/example_dags/example_task_group_decorator.py
[2024-03-23T00:07:12.824+0000] {processor.py:830} INFO - Processing file /home/airflow/.local/lib/python3.8/site-packages/airflow/example_dags/example_task_group_decorator.py for tasks to queue
[2024-03-23T00:07:12.826+0000] {logging_mixin.py:188} INFO - [2024-03-23T00:07:12.825+0000] {dagbag.py:540} INFO - Filling up the DagBag from /home/airflow/.local/lib/python3.8/site-packages/airflow/example_dags/example_task_group_decorator.py
[2024-03-23T00:07:12.844+0000] {processor.py:840} INFO - DAG(s) 'example_task_group_decorator' retrieved from /home/airflow/.local/lib/python3.8/site-packages/airflow/example_dags/example_task_group_decorator.py
[2024-03-23T00:07:12.873+0000] {logging_mixin.py:188} INFO - [2024-03-23T00:07:12.872+0000] {dag.py:3047} INFO - Sync 1 DAGs
[2024-03-23T00:07:12.897+0000] {logging_mixin.py:188} INFO - [2024-03-23T00:07:12.897+0000] {dag.py:3834} INFO - Setting next_dagrun for example_task_group_decorator to 2024-03-22 00:00:00+00:00, run_after=2024-03-23 00:00:00+00:00
[2024-03-23T00:07:12.917+0000] {processor.py:183} INFO - Processing /home/airflow/.local/lib/python3.8/site-packages/airflow/example_dags/example_task_group_decorator.py took 0.099 seconds
[2024-03-23T00:07:43.498+0000] {processor.py:161} INFO - Started process (PID=510) to work on /home/airflow/.local/lib/python3.8/site-packages/airflow/example_dags/example_task_group_decorator.py
[2024-03-23T00:07:43.499+0000] {processor.py:830} INFO - Processing file /home/airflow/.local/lib/python3.8/site-packages/airflow/example_dags/example_task_group_decorator.py for tasks to queue
[2024-03-23T00:07:43.501+0000] {logging_mixin.py:188} INFO - [2024-03-23T00:07:43.501+0000] {dagbag.py:540} INFO - Filling up the DagBag from /home/airflow/.local/lib/python3.8/site-packages/airflow/example_dags/example_task_group_decorator.py
[2024-03-23T00:07:43.520+0000] {processor.py:840} INFO - DAG(s) 'example_task_group_decorator' retrieved from /home/airflow/.local/lib/python3.8/site-packages/airflow/example_dags/example_task_group_decorator.py
[2024-03-23T00:07:43.549+0000] {logging_mixin.py:188} INFO - [2024-03-23T00:07:43.549+0000] {dag.py:3047} INFO - Sync 1 DAGs
[2024-03-23T00:07:43.574+0000] {logging_mixin.py:188} INFO - [2024-03-23T00:07:43.574+0000] {dag.py:3834} INFO - Setting next_dagrun for example_task_group_decorator to 2024-03-22 00:00:00+00:00, run_after=2024-03-23 00:00:00+00:00
[2024-03-23T00:07:43.594+0000] {processor.py:183} INFO - Processing /home/airflow/.local/lib/python3.8/site-packages/airflow/example_dags/example_task_group_decorator.py took 0.101 seconds
[2024-03-23T00:08:13.829+0000] {processor.py:161} INFO - Started process (PID=565) to work on /home/airflow/.local/lib/python3.8/site-packages/airflow/example_dags/example_task_group_decorator.py
[2024-03-23T00:08:13.830+0000] {processor.py:830} INFO - Processing file /home/airflow/.local/lib/python3.8/site-packages/airflow/example_dags/example_task_group_decorator.py for tasks to queue
[2024-03-23T00:08:13.832+0000] {logging_mixin.py:188} INFO - [2024-03-23T00:08:13.832+0000] {dagbag.py:540} INFO - Filling up the DagBag from /home/airflow/.local/lib/python3.8/site-packages/airflow/example_dags/example_task_group_decorator.py
[2024-03-23T00:08:13.850+0000] {processor.py:840} INFO - DAG(s) 'example_task_group_decorator' retrieved from /home/airflow/.local/lib/python3.8/site-packages/airflow/example_dags/example_task_group_decorator.py
[2024-03-23T00:08:13.880+0000] {logging_mixin.py:188} INFO - [2024-03-23T00:08:13.880+0000] {dag.py:3047} INFO - Sync 1 DAGs
[2024-03-23T00:08:13.904+0000] {logging_mixin.py:188} INFO - [2024-03-23T00:08:13.904+0000] {dag.py:3834} INFO - Setting next_dagrun for example_task_group_decorator to 2024-03-22 00:00:00+00:00, run_after=2024-03-23 00:00:00+00:00
[2024-03-23T00:08:13.927+0000] {processor.py:183} INFO - Processing /home/airflow/.local/lib/python3.8/site-packages/airflow/example_dags/example_task_group_decorator.py took 0.102 seconds
[2024-03-23T00:08:44.181+0000] {processor.py:161} INFO - Started process (PID=620) to work on /home/airflow/.local/lib/python3.8/site-packages/airflow/example_dags/example_task_group_decorator.py
[2024-03-23T00:08:44.182+0000] {processor.py:830} INFO - Processing file /home/airflow/.local/lib/python3.8/site-packages/airflow/example_dags/example_task_group_decorator.py for tasks to queue
[2024-03-23T00:08:44.184+0000] {logging_mixin.py:188} INFO - [2024-03-23T00:08:44.184+0000] {dagbag.py:540} INFO - Filling up the DagBag from /home/airflow/.local/lib/python3.8/site-packages/airflow/example_dags/example_task_group_decorator.py
[2024-03-23T00:08:44.202+0000] {processor.py:840} INFO - DAG(s) 'example_task_group_decorator' retrieved from /home/airflow/.local/lib/python3.8/site-packages/airflow/example_dags/example_task_group_decorator.py
[2024-03-23T00:08:44.230+0000] {logging_mixin.py:188} INFO - [2024-03-23T00:08:44.230+0000] {dag.py:3047} INFO - Sync 1 DAGs
[2024-03-23T00:08:44.256+0000] {logging_mixin.py:188} INFO - [2024-03-23T00:08:44.256+0000] {dag.py:3834} INFO - Setting next_dagrun for example_task_group_decorator to 2024-03-22 00:00:00+00:00, run_after=2024-03-23 00:00:00+00:00
[2024-03-23T00:08:44.275+0000] {processor.py:183} INFO - Processing /home/airflow/.local/lib/python3.8/site-packages/airflow/example_dags/example_task_group_decorator.py took 0.098 seconds
[2024-03-23T00:09:14.428+0000] {processor.py:161} INFO - Started process (PID=675) to work on /home/airflow/.local/lib/python3.8/site-packages/airflow/example_dags/example_task_group_decorator.py
[2024-03-23T00:09:14.429+0000] {processor.py:830} INFO - Processing file /home/airflow/.local/lib/python3.8/site-packages/airflow/example_dags/example_task_group_decorator.py for tasks to queue
[2024-03-23T00:09:14.431+0000] {logging_mixin.py:188} INFO - [2024-03-23T00:09:14.431+0000] {dagbag.py:540} INFO - Filling up the DagBag from /home/airflow/.local/lib/python3.8/site-packages/airflow/example_dags/example_task_group_decorator.py
[2024-03-23T00:09:14.451+0000] {processor.py:840} INFO - DAG(s) 'example_task_group_decorator' retrieved from /home/airflow/.local/lib/python3.8/site-packages/airflow/example_dags/example_task_group_decorator.py
[2024-03-23T00:09:14.482+0000] {logging_mixin.py:188} INFO - [2024-03-23T00:09:14.482+0000] {dag.py:3047} INFO - Sync 1 DAGs
[2024-03-23T00:09:14.510+0000] {logging_mixin.py:188} INFO - [2024-03-23T00:09:14.510+0000] {dag.py:3834} INFO - Setting next_dagrun for example_task_group_decorator to 2024-03-22 00:00:00+00:00, run_after=2024-03-23 00:00:00+00:00
[2024-03-23T00:09:14.539+0000] {processor.py:183} INFO - Processing /home/airflow/.local/lib/python3.8/site-packages/airflow/example_dags/example_task_group_decorator.py took 0.115 seconds
[2024-03-23T00:09:44.605+0000] {processor.py:161} INFO - Started process (PID=730) to work on /home/airflow/.local/lib/python3.8/site-packages/airflow/example_dags/example_task_group_decorator.py
[2024-03-23T00:09:44.606+0000] {processor.py:830} INFO - Processing file /home/airflow/.local/lib/python3.8/site-packages/airflow/example_dags/example_task_group_decorator.py for tasks to queue
[2024-03-23T00:09:44.608+0000] {logging_mixin.py:188} INFO - [2024-03-23T00:09:44.608+0000] {dagbag.py:540} INFO - Filling up the DagBag from /home/airflow/.local/lib/python3.8/site-packages/airflow/example_dags/example_task_group_decorator.py
[2024-03-23T00:09:44.627+0000] {processor.py:840} INFO - DAG(s) 'example_task_group_decorator' retrieved from /home/airflow/.local/lib/python3.8/site-packages/airflow/example_dags/example_task_group_decorator.py
[2024-03-23T00:09:44.657+0000] {logging_mixin.py:188} INFO - [2024-03-23T00:09:44.657+0000] {dag.py:3047} INFO - Sync 1 DAGs
[2024-03-23T00:09:44.682+0000] {logging_mixin.py:188} INFO - [2024-03-23T00:09:44.682+0000] {dag.py:3834} INFO - Setting next_dagrun for example_task_group_decorator to 2024-03-22 00:00:00+00:00, run_after=2024-03-23 00:00:00+00:00
[2024-03-23T00:09:44.701+0000] {processor.py:183} INFO - Processing /home/airflow/.local/lib/python3.8/site-packages/airflow/example_dags/example_task_group_decorator.py took 0.100 seconds
[2024-03-23T00:10:14.993+0000] {processor.py:161} INFO - Started process (PID=785) to work on /home/airflow/.local/lib/python3.8/site-packages/airflow/example_dags/example_task_group_decorator.py
[2024-03-23T00:10:14.994+0000] {processor.py:830} INFO - Processing file /home/airflow/.local/lib/python3.8/site-packages/airflow/example_dags/example_task_group_decorator.py for tasks to queue
[2024-03-23T00:10:14.998+0000] {logging_mixin.py:188} INFO - [2024-03-23T00:10:14.997+0000] {dagbag.py:540} INFO - Filling up the DagBag from /home/airflow/.local/lib/python3.8/site-packages/airflow/example_dags/example_task_group_decorator.py
[2024-03-23T00:10:15.020+0000] {processor.py:840} INFO - DAG(s) 'example_task_group_decorator' retrieved from /home/airflow/.local/lib/python3.8/site-packages/airflow/example_dags/example_task_group_decorator.py
[2024-03-23T00:10:15.054+0000] {logging_mixin.py:188} INFO - [2024-03-23T00:10:15.053+0000] {dag.py:3047} INFO - Sync 1 DAGs
[2024-03-23T00:10:15.083+0000] {logging_mixin.py:188} INFO - [2024-03-23T00:10:15.083+0000] {dag.py:3834} INFO - Setting next_dagrun for example_task_group_decorator to 2024-03-22 00:00:00+00:00, run_after=2024-03-23 00:00:00+00:00
[2024-03-23T00:10:15.108+0000] {processor.py:183} INFO - Processing /home/airflow/.local/lib/python3.8/site-packages/airflow/example_dags/example_task_group_decorator.py took 0.120 seconds
[2024-03-23T00:10:46.011+0000] {processor.py:161} INFO - Started process (PID=840) to work on /home/airflow/.local/lib/python3.8/site-packages/airflow/example_dags/example_task_group_decorator.py
[2024-03-23T00:10:46.012+0000] {processor.py:830} INFO - Processing file /home/airflow/.local/lib/python3.8/site-packages/airflow/example_dags/example_task_group_decorator.py for tasks to queue
[2024-03-23T00:10:46.015+0000] {logging_mixin.py:188} INFO - [2024-03-23T00:10:46.014+0000] {dagbag.py:540} INFO - Filling up the DagBag from /home/airflow/.local/lib/python3.8/site-packages/airflow/example_dags/example_task_group_decorator.py
[2024-03-23T00:10:46.033+0000] {processor.py:840} INFO - DAG(s) 'example_task_group_decorator' retrieved from /home/airflow/.local/lib/python3.8/site-packages/airflow/example_dags/example_task_group_decorator.py
[2024-03-23T00:10:46.063+0000] {logging_mixin.py:188} INFO - [2024-03-23T00:10:46.063+0000] {dag.py:3047} INFO - Sync 1 DAGs
[2024-03-23T00:10:46.094+0000] {logging_mixin.py:188} INFO - [2024-03-23T00:10:46.094+0000] {dag.py:3834} INFO - Setting next_dagrun for example_task_group_decorator to 2024-03-22 00:00:00+00:00, run_after=2024-03-23 00:00:00+00:00
[2024-03-23T00:10:46.120+0000] {processor.py:183} INFO - Processing /home/airflow/.local/lib/python3.8/site-packages/airflow/example_dags/example_task_group_decorator.py took 0.113 seconds
[2024-03-23T00:11:16.371+0000] {processor.py:161} INFO - Started process (PID=895) to work on /home/airflow/.local/lib/python3.8/site-packages/airflow/example_dags/example_task_group_decorator.py
[2024-03-23T00:11:16.372+0000] {processor.py:830} INFO - Processing file /home/airflow/.local/lib/python3.8/site-packages/airflow/example_dags/example_task_group_decorator.py for tasks to queue
[2024-03-23T00:11:16.375+0000] {logging_mixin.py:188} INFO - [2024-03-23T00:11:16.374+0000] {dagbag.py:540} INFO - Filling up the DagBag from /home/airflow/.local/lib/python3.8/site-packages/airflow/example_dags/example_task_group_decorator.py
[2024-03-23T00:11:16.394+0000] {processor.py:840} INFO - DAG(s) 'example_task_group_decorator' retrieved from /home/airflow/.local/lib/python3.8/site-packages/airflow/example_dags/example_task_group_decorator.py
[2024-03-23T00:11:16.425+0000] {logging_mixin.py:188} INFO - [2024-03-23T00:11:16.425+0000] {dag.py:3047} INFO - Sync 1 DAGs
[2024-03-23T00:11:16.449+0000] {logging_mixin.py:188} INFO - [2024-03-23T00:11:16.449+0000] {dag.py:3834} INFO - Setting next_dagrun for example_task_group_decorator to 2024-03-22 00:00:00+00:00, run_after=2024-03-23 00:00:00+00:00
[2024-03-23T00:11:16.470+0000] {processor.py:183} INFO - Processing /home/airflow/.local/lib/python3.8/site-packages/airflow/example_dags/example_task_group_decorator.py took 0.103 seconds
[2024-03-23T00:11:46.791+0000] {processor.py:161} INFO - Started process (PID=950) to work on /home/airflow/.local/lib/python3.8/site-packages/airflow/example_dags/example_task_group_decorator.py
[2024-03-23T00:11:46.793+0000] {processor.py:830} INFO - Processing file /home/airflow/.local/lib/python3.8/site-packages/airflow/example_dags/example_task_group_decorator.py for tasks to queue
[2024-03-23T00:11:46.795+0000] {logging_mixin.py:188} INFO - [2024-03-23T00:11:46.795+0000] {dagbag.py:540} INFO - Filling up the DagBag from /home/airflow/.local/lib/python3.8/site-packages/airflow/example_dags/example_task_group_decorator.py
[2024-03-23T00:11:46.814+0000] {processor.py:840} INFO - DAG(s) 'example_task_group_decorator' retrieved from /home/airflow/.local/lib/python3.8/site-packages/airflow/example_dags/example_task_group_decorator.py
[2024-03-23T00:11:46.846+0000] {logging_mixin.py:188} INFO - [2024-03-23T00:11:46.846+0000] {dag.py:3047} INFO - Sync 1 DAGs
[2024-03-23T00:11:46.872+0000] {logging_mixin.py:188} INFO - [2024-03-23T00:11:46.872+0000] {dag.py:3834} INFO - Setting next_dagrun for example_task_group_decorator to 2024-03-22 00:00:00+00:00, run_after=2024-03-23 00:00:00+00:00
[2024-03-23T00:11:46.894+0000] {processor.py:183} INFO - Processing /home/airflow/.local/lib/python3.8/site-packages/airflow/example_dags/example_task_group_decorator.py took 0.107 seconds
[2024-03-23T00:12:17.067+0000] {processor.py:161} INFO - Started process (PID=1005) to work on /home/airflow/.local/lib/python3.8/site-packages/airflow/example_dags/example_task_group_decorator.py
[2024-03-23T00:12:17.069+0000] {processor.py:830} INFO - Processing file /home/airflow/.local/lib/python3.8/site-packages/airflow/example_dags/example_task_group_decorator.py for tasks to queue
[2024-03-23T00:12:17.071+0000] {logging_mixin.py:188} INFO - [2024-03-23T00:12:17.070+0000] {dagbag.py:540} INFO - Filling up the DagBag from /home/airflow/.local/lib/python3.8/site-packages/airflow/example_dags/example_task_group_decorator.py
[2024-03-23T00:12:17.088+0000] {processor.py:840} INFO - DAG(s) 'example_task_group_decorator' retrieved from /home/airflow/.local/lib/python3.8/site-packages/airflow/example_dags/example_task_group_decorator.py
[2024-03-23T00:12:17.118+0000] {logging_mixin.py:188} INFO - [2024-03-23T00:12:17.118+0000] {dag.py:3047} INFO - Sync 1 DAGs
[2024-03-23T00:12:17.143+0000] {logging_mixin.py:188} INFO - [2024-03-23T00:12:17.142+0000] {dag.py:3834} INFO - Setting next_dagrun for example_task_group_decorator to 2024-03-22 00:00:00+00:00, run_after=2024-03-23 00:00:00+00:00
[2024-03-23T00:12:17.163+0000] {processor.py:183} INFO - Processing /home/airflow/.local/lib/python3.8/site-packages/airflow/example_dags/example_task_group_decorator.py took 0.100 seconds
[2024-03-23T00:12:47.616+0000] {processor.py:161} INFO - Started process (PID=1060) to work on /home/airflow/.local/lib/python3.8/site-packages/airflow/example_dags/example_task_group_decorator.py
[2024-03-23T00:12:47.617+0000] {processor.py:830} INFO - Processing file /home/airflow/.local/lib/python3.8/site-packages/airflow/example_dags/example_task_group_decorator.py for tasks to queue
[2024-03-23T00:12:47.620+0000] {logging_mixin.py:188} INFO - [2024-03-23T00:12:47.619+0000] {dagbag.py:540} INFO - Filling up the DagBag from /home/airflow/.local/lib/python3.8/site-packages/airflow/example_dags/example_task_group_decorator.py
[2024-03-23T00:12:47.639+0000] {processor.py:840} INFO - DAG(s) 'example_task_group_decorator' retrieved from /home/airflow/.local/lib/python3.8/site-packages/airflow/example_dags/example_task_group_decorator.py
[2024-03-23T00:12:47.670+0000] {logging_mixin.py:188} INFO - [2024-03-23T00:12:47.669+0000] {dag.py:3047} INFO - Sync 1 DAGs
[2024-03-23T00:12:47.698+0000] {logging_mixin.py:188} INFO - [2024-03-23T00:12:47.697+0000] {dag.py:3834} INFO - Setting next_dagrun for example_task_group_decorator to 2024-03-22 00:00:00+00:00, run_after=2024-03-23 00:00:00+00:00
[2024-03-23T00:12:47.719+0000] {processor.py:183} INFO - Processing /home/airflow/.local/lib/python3.8/site-packages/airflow/example_dags/example_task_group_decorator.py took 0.107 seconds
[2024-03-23T00:13:18.028+0000] {processor.py:161} INFO - Started process (PID=1115) to work on /home/airflow/.local/lib/python3.8/site-packages/airflow/example_dags/example_task_group_decorator.py
[2024-03-23T00:13:18.029+0000] {processor.py:830} INFO - Processing file /home/airflow/.local/lib/python3.8/site-packages/airflow/example_dags/example_task_group_decorator.py for tasks to queue
[2024-03-23T00:13:18.031+0000] {logging_mixin.py:188} INFO - [2024-03-23T00:13:18.031+0000] {dagbag.py:540} INFO - Filling up the DagBag from /home/airflow/.local/lib/python3.8/site-packages/airflow/example_dags/example_task_group_decorator.py
[2024-03-23T00:13:18.050+0000] {processor.py:840} INFO - DAG(s) 'example_task_group_decorator' retrieved from /home/airflow/.local/lib/python3.8/site-packages/airflow/example_dags/example_task_group_decorator.py
[2024-03-23T00:13:18.084+0000] {logging_mixin.py:188} INFO - [2024-03-23T00:13:18.083+0000] {dag.py:3047} INFO - Sync 1 DAGs
[2024-03-23T00:13:18.110+0000] {logging_mixin.py:188} INFO - [2024-03-23T00:13:18.110+0000] {dag.py:3834} INFO - Setting next_dagrun for example_task_group_decorator to 2024-03-22 00:00:00+00:00, run_after=2024-03-23 00:00:00+00:00
[2024-03-23T00:13:18.133+0000] {processor.py:183} INFO - Processing /home/airflow/.local/lib/python3.8/site-packages/airflow/example_dags/example_task_group_decorator.py took 0.109 seconds
[2024-03-23T00:13:48.507+0000] {processor.py:161} INFO - Started process (PID=1170) to work on /home/airflow/.local/lib/python3.8/site-packages/airflow/example_dags/example_task_group_decorator.py
[2024-03-23T00:13:48.509+0000] {processor.py:830} INFO - Processing file /home/airflow/.local/lib/python3.8/site-packages/airflow/example_dags/example_task_group_decorator.py for tasks to queue
[2024-03-23T00:13:48.511+0000] {logging_mixin.py:188} INFO - [2024-03-23T00:13:48.511+0000] {dagbag.py:540} INFO - Filling up the DagBag from /home/airflow/.local/lib/python3.8/site-packages/airflow/example_dags/example_task_group_decorator.py
[2024-03-23T00:13:48.530+0000] {processor.py:840} INFO - DAG(s) 'example_task_group_decorator' retrieved from /home/airflow/.local/lib/python3.8/site-packages/airflow/example_dags/example_task_group_decorator.py
[2024-03-23T00:13:48.562+0000] {logging_mixin.py:188} INFO - [2024-03-23T00:13:48.561+0000] {dag.py:3047} INFO - Sync 1 DAGs
[2024-03-23T00:13:48.588+0000] {logging_mixin.py:188} INFO - [2024-03-23T00:13:48.588+0000] {dag.py:3834} INFO - Setting next_dagrun for example_task_group_decorator to 2024-03-22 00:00:00+00:00, run_after=2024-03-23 00:00:00+00:00
[2024-03-23T00:13:48.609+0000] {processor.py:183} INFO - Processing /home/airflow/.local/lib/python3.8/site-packages/airflow/example_dags/example_task_group_decorator.py took 0.107 seconds
[2024-03-23T00:14:19.087+0000] {processor.py:161} INFO - Started process (PID=1225) to work on /home/airflow/.local/lib/python3.8/site-packages/airflow/example_dags/example_task_group_decorator.py
[2024-03-23T00:14:19.088+0000] {processor.py:830} INFO - Processing file /home/airflow/.local/lib/python3.8/site-packages/airflow/example_dags/example_task_group_decorator.py for tasks to queue
[2024-03-23T00:14:19.092+0000] {logging_mixin.py:188} INFO - [2024-03-23T00:14:19.091+0000] {dagbag.py:540} INFO - Filling up the DagBag from /home/airflow/.local/lib/python3.8/site-packages/airflow/example_dags/example_task_group_decorator.py
[2024-03-23T00:14:19.112+0000] {processor.py:840} INFO - DAG(s) 'example_task_group_decorator' retrieved from /home/airflow/.local/lib/python3.8/site-packages/airflow/example_dags/example_task_group_decorator.py
[2024-03-23T00:14:19.144+0000] {logging_mixin.py:188} INFO - [2024-03-23T00:14:19.144+0000] {dag.py:3047} INFO - Sync 1 DAGs
[2024-03-23T00:14:19.169+0000] {logging_mixin.py:188} INFO - [2024-03-23T00:14:19.169+0000] {dag.py:3834} INFO - Setting next_dagrun for example_task_group_decorator to 2024-03-22 00:00:00+00:00, run_after=2024-03-23 00:00:00+00:00
[2024-03-23T00:14:19.188+0000] {processor.py:183} INFO - Processing /home/airflow/.local/lib/python3.8/site-packages/airflow/example_dags/example_task_group_decorator.py took 0.105 seconds
[2024-03-23T00:14:49.553+0000] {processor.py:161} INFO - Started process (PID=1286) to work on /home/airflow/.local/lib/python3.8/site-packages/airflow/example_dags/example_task_group_decorator.py
[2024-03-23T00:14:49.554+0000] {processor.py:830} INFO - Processing file /home/airflow/.local/lib/python3.8/site-packages/airflow/example_dags/example_task_group_decorator.py for tasks to queue
[2024-03-23T00:14:49.556+0000] {logging_mixin.py:188} INFO - [2024-03-23T00:14:49.556+0000] {dagbag.py:540} INFO - Filling up the DagBag from /home/airflow/.local/lib/python3.8/site-packages/airflow/example_dags/example_task_group_decorator.py
[2024-03-23T00:14:49.574+0000] {processor.py:840} INFO - DAG(s) 'example_task_group_decorator' retrieved from /home/airflow/.local/lib/python3.8/site-packages/airflow/example_dags/example_task_group_decorator.py
[2024-03-23T00:14:49.604+0000] {logging_mixin.py:188} INFO - [2024-03-23T00:14:49.604+0000] {dag.py:3047} INFO - Sync 1 DAGs
[2024-03-23T00:14:49.631+0000] {logging_mixin.py:188} INFO - [2024-03-23T00:14:49.631+0000] {dag.py:3834} INFO - Setting next_dagrun for example_task_group_decorator to 2024-03-22 00:00:00+00:00, run_after=2024-03-23 00:00:00+00:00
[2024-03-23T00:14:49.652+0000] {processor.py:183} INFO - Processing /home/airflow/.local/lib/python3.8/site-packages/airflow/example_dags/example_task_group_decorator.py took 0.103 seconds
[2024-03-23T00:15:19.687+0000] {processor.py:161} INFO - Started process (PID=1340) to work on /home/airflow/.local/lib/python3.8/site-packages/airflow/example_dags/example_task_group_decorator.py
[2024-03-23T00:15:19.688+0000] {processor.py:830} INFO - Processing file /home/airflow/.local/lib/python3.8/site-packages/airflow/example_dags/example_task_group_decorator.py for tasks to queue
[2024-03-23T00:15:19.690+0000] {logging_mixin.py:188} INFO - [2024-03-23T00:15:19.690+0000] {dagbag.py:540} INFO - Filling up the DagBag from /home/airflow/.local/lib/python3.8/site-packages/airflow/example_dags/example_task_group_decorator.py
[2024-03-23T00:15:19.709+0000] {processor.py:840} INFO - DAG(s) 'example_task_group_decorator' retrieved from /home/airflow/.local/lib/python3.8/site-packages/airflow/example_dags/example_task_group_decorator.py
[2024-03-23T00:15:19.740+0000] {logging_mixin.py:188} INFO - [2024-03-23T00:15:19.740+0000] {dag.py:3047} INFO - Sync 1 DAGs
[2024-03-23T00:15:19.771+0000] {logging_mixin.py:188} INFO - [2024-03-23T00:15:19.771+0000] {dag.py:3834} INFO - Setting next_dagrun for example_task_group_decorator to 2024-03-22 00:00:00+00:00, run_after=2024-03-23 00:00:00+00:00
[2024-03-23T00:15:19.792+0000] {processor.py:183} INFO - Processing /home/airflow/.local/lib/python3.8/site-packages/airflow/example_dags/example_task_group_decorator.py took 0.109 seconds
[2024-03-23T00:15:50.075+0000] {processor.py:161} INFO - Started process (PID=1395) to work on /home/airflow/.local/lib/python3.8/site-packages/airflow/example_dags/example_task_group_decorator.py
[2024-03-23T00:15:50.076+0000] {processor.py:830} INFO - Processing file /home/airflow/.local/lib/python3.8/site-packages/airflow/example_dags/example_task_group_decorator.py for tasks to queue
[2024-03-23T00:15:50.078+0000] {logging_mixin.py:188} INFO - [2024-03-23T00:15:50.078+0000] {dagbag.py:540} INFO - Filling up the DagBag from /home/airflow/.local/lib/python3.8/site-packages/airflow/example_dags/example_task_group_decorator.py
[2024-03-23T00:15:50.096+0000] {processor.py:840} INFO - DAG(s) 'example_task_group_decorator' retrieved from /home/airflow/.local/lib/python3.8/site-packages/airflow/example_dags/example_task_group_decorator.py
[2024-03-23T00:15:50.125+0000] {logging_mixin.py:188} INFO - [2024-03-23T00:15:50.125+0000] {dag.py:3047} INFO - Sync 1 DAGs
[2024-03-23T00:15:50.150+0000] {logging_mixin.py:188} INFO - [2024-03-23T00:15:50.149+0000] {dag.py:3834} INFO - Setting next_dagrun for example_task_group_decorator to 2024-03-22 00:00:00+00:00, run_after=2024-03-23 00:00:00+00:00
[2024-03-23T00:15:50.169+0000] {processor.py:183} INFO - Processing /home/airflow/.local/lib/python3.8/site-packages/airflow/example_dags/example_task_group_decorator.py took 0.098 seconds
[2024-03-23T00:16:20.485+0000] {processor.py:161} INFO - Started process (PID=1450) to work on /home/airflow/.local/lib/python3.8/site-packages/airflow/example_dags/example_task_group_decorator.py
[2024-03-23T00:16:20.486+0000] {processor.py:830} INFO - Processing file /home/airflow/.local/lib/python3.8/site-packages/airflow/example_dags/example_task_group_decorator.py for tasks to queue
[2024-03-23T00:16:20.488+0000] {logging_mixin.py:188} INFO - [2024-03-23T00:16:20.488+0000] {dagbag.py:540} INFO - Filling up the DagBag from /home/airflow/.local/lib/python3.8/site-packages/airflow/example_dags/example_task_group_decorator.py
[2024-03-23T00:16:20.506+0000] {processor.py:840} INFO - DAG(s) 'example_task_group_decorator' retrieved from /home/airflow/.local/lib/python3.8/site-packages/airflow/example_dags/example_task_group_decorator.py
[2024-03-23T00:16:20.534+0000] {logging_mixin.py:188} INFO - [2024-03-23T00:16:20.534+0000] {dag.py:3047} INFO - Sync 1 DAGs
[2024-03-23T00:16:20.559+0000] {logging_mixin.py:188} INFO - [2024-03-23T00:16:20.558+0000] {dag.py:3834} INFO - Setting next_dagrun for example_task_group_decorator to 2024-03-22 00:00:00+00:00, run_after=2024-03-23 00:00:00+00:00
[2024-03-23T00:16:20.582+0000] {processor.py:183} INFO - Processing /home/airflow/.local/lib/python3.8/site-packages/airflow/example_dags/example_task_group_decorator.py took 0.101 seconds
[2024-03-23T00:16:50.748+0000] {processor.py:161} INFO - Started process (PID=1505) to work on /home/airflow/.local/lib/python3.8/site-packages/airflow/example_dags/example_task_group_decorator.py
[2024-03-23T00:16:50.749+0000] {processor.py:830} INFO - Processing file /home/airflow/.local/lib/python3.8/site-packages/airflow/example_dags/example_task_group_decorator.py for tasks to queue
[2024-03-23T00:16:50.751+0000] {logging_mixin.py:188} INFO - [2024-03-23T00:16:50.751+0000] {dagbag.py:540} INFO - Filling up the DagBag from /home/airflow/.local/lib/python3.8/site-packages/airflow/example_dags/example_task_group_decorator.py
[2024-03-23T00:16:50.769+0000] {processor.py:840} INFO - DAG(s) 'example_task_group_decorator' retrieved from /home/airflow/.local/lib/python3.8/site-packages/airflow/example_dags/example_task_group_decorator.py
[2024-03-23T00:16:50.797+0000] {logging_mixin.py:188} INFO - [2024-03-23T00:16:50.797+0000] {dag.py:3047} INFO - Sync 1 DAGs
[2024-03-23T00:16:50.822+0000] {logging_mixin.py:188} INFO - [2024-03-23T00:16:50.822+0000] {dag.py:3834} INFO - Setting next_dagrun for example_task_group_decorator to 2024-03-22 00:00:00+00:00, run_after=2024-03-23 00:00:00+00:00
[2024-03-23T00:16:50.843+0000] {processor.py:183} INFO - Processing /home/airflow/.local/lib/python3.8/site-packages/airflow/example_dags/example_task_group_decorator.py took 0.098 seconds
[2024-03-23T00:17:21.056+0000] {processor.py:161} INFO - Started process (PID=1560) to work on /home/airflow/.local/lib/python3.8/site-packages/airflow/example_dags/example_task_group_decorator.py
[2024-03-23T00:17:21.057+0000] {processor.py:830} INFO - Processing file /home/airflow/.local/lib/python3.8/site-packages/airflow/example_dags/example_task_group_decorator.py for tasks to queue
[2024-03-23T00:17:21.060+0000] {logging_mixin.py:188} INFO - [2024-03-23T00:17:21.059+0000] {dagbag.py:540} INFO - Filling up the DagBag from /home/airflow/.local/lib/python3.8/site-packages/airflow/example_dags/example_task_group_decorator.py
[2024-03-23T00:17:21.083+0000] {processor.py:840} INFO - DAG(s) 'example_task_group_decorator' retrieved from /home/airflow/.local/lib/python3.8/site-packages/airflow/example_dags/example_task_group_decorator.py
[2024-03-23T00:17:21.118+0000] {logging_mixin.py:188} INFO - [2024-03-23T00:17:21.118+0000] {dag.py:3047} INFO - Sync 1 DAGs
[2024-03-23T00:17:21.145+0000] {logging_mixin.py:188} INFO - [2024-03-23T00:17:21.145+0000] {dag.py:3834} INFO - Setting next_dagrun for example_task_group_decorator to 2024-03-22 00:00:00+00:00, run_after=2024-03-23 00:00:00+00:00
[2024-03-23T00:17:21.167+0000] {processor.py:183} INFO - Processing /home/airflow/.local/lib/python3.8/site-packages/airflow/example_dags/example_task_group_decorator.py took 0.115 seconds
[2024-03-23T00:17:51.571+0000] {processor.py:161} INFO - Started process (PID=1615) to work on /home/airflow/.local/lib/python3.8/site-packages/airflow/example_dags/example_task_group_decorator.py
[2024-03-23T00:17:51.572+0000] {processor.py:830} INFO - Processing file /home/airflow/.local/lib/python3.8/site-packages/airflow/example_dags/example_task_group_decorator.py for tasks to queue
[2024-03-23T00:17:51.574+0000] {logging_mixin.py:188} INFO - [2024-03-23T00:17:51.574+0000] {dagbag.py:540} INFO - Filling up the DagBag from /home/airflow/.local/lib/python3.8/site-packages/airflow/example_dags/example_task_group_decorator.py
[2024-03-23T00:17:51.592+0000] {processor.py:840} INFO - DAG(s) 'example_task_group_decorator' retrieved from /home/airflow/.local/lib/python3.8/site-packages/airflow/example_dags/example_task_group_decorator.py
[2024-03-23T00:17:51.620+0000] {logging_mixin.py:188} INFO - [2024-03-23T00:17:51.620+0000] {dag.py:3047} INFO - Sync 1 DAGs
[2024-03-23T00:17:51.644+0000] {logging_mixin.py:188} INFO - [2024-03-23T00:17:51.644+0000] {dag.py:3834} INFO - Setting next_dagrun for example_task_group_decorator to 2024-03-22 00:00:00+00:00, run_after=2024-03-23 00:00:00+00:00
[2024-03-23T00:17:51.663+0000] {processor.py:183} INFO - Processing /home/airflow/.local/lib/python3.8/site-packages/airflow/example_dags/example_task_group_decorator.py took 0.096 seconds
[2024-03-23T00:18:21.941+0000] {processor.py:161} INFO - Started process (PID=1670) to work on /home/airflow/.local/lib/python3.8/site-packages/airflow/example_dags/example_task_group_decorator.py
[2024-03-23T00:18:21.942+0000] {processor.py:830} INFO - Processing file /home/airflow/.local/lib/python3.8/site-packages/airflow/example_dags/example_task_group_decorator.py for tasks to queue
[2024-03-23T00:18:21.944+0000] {logging_mixin.py:188} INFO - [2024-03-23T00:18:21.944+0000] {dagbag.py:540} INFO - Filling up the DagBag from /home/airflow/.local/lib/python3.8/site-packages/airflow/example_dags/example_task_group_decorator.py
[2024-03-23T00:18:21.962+0000] {processor.py:840} INFO - DAG(s) 'example_task_group_decorator' retrieved from /home/airflow/.local/lib/python3.8/site-packages/airflow/example_dags/example_task_group_decorator.py
[2024-03-23T00:18:21.990+0000] {logging_mixin.py:188} INFO - [2024-03-23T00:18:21.990+0000] {dag.py:3047} INFO - Sync 1 DAGs
[2024-03-23T00:18:22.015+0000] {logging_mixin.py:188} INFO - [2024-03-23T00:18:22.014+0000] {dag.py:3834} INFO - Setting next_dagrun for example_task_group_decorator to 2024-03-22 00:00:00+00:00, run_after=2024-03-23 00:00:00+00:00
[2024-03-23T00:18:22.034+0000] {processor.py:183} INFO - Processing /home/airflow/.local/lib/python3.8/site-packages/airflow/example_dags/example_task_group_decorator.py took 0.096 seconds
[2024-03-23T00:18:52.434+0000] {processor.py:161} INFO - Started process (PID=1725) to work on /home/airflow/.local/lib/python3.8/site-packages/airflow/example_dags/example_task_group_decorator.py
[2024-03-23T00:18:52.435+0000] {processor.py:830} INFO - Processing file /home/airflow/.local/lib/python3.8/site-packages/airflow/example_dags/example_task_group_decorator.py for tasks to queue
[2024-03-23T00:18:52.437+0000] {logging_mixin.py:188} INFO - [2024-03-23T00:18:52.437+0000] {dagbag.py:540} INFO - Filling up the DagBag from /home/airflow/.local/lib/python3.8/site-packages/airflow/example_dags/example_task_group_decorator.py
[2024-03-23T00:18:52.455+0000] {processor.py:840} INFO - DAG(s) 'example_task_group_decorator' retrieved from /home/airflow/.local/lib/python3.8/site-packages/airflow/example_dags/example_task_group_decorator.py
[2024-03-23T00:18:52.483+0000] {logging_mixin.py:188} INFO - [2024-03-23T00:18:52.483+0000] {dag.py:3047} INFO - Sync 1 DAGs
[2024-03-23T00:18:52.508+0000] {logging_mixin.py:188} INFO - [2024-03-23T00:18:52.507+0000] {dag.py:3834} INFO - Setting next_dagrun for example_task_group_decorator to 2024-03-22 00:00:00+00:00, run_after=2024-03-23 00:00:00+00:00
[2024-03-23T00:18:52.528+0000] {processor.py:183} INFO - Processing /home/airflow/.local/lib/python3.8/site-packages/airflow/example_dags/example_task_group_decorator.py took 0.098 seconds
[2024-03-23T00:19:22.700+0000] {processor.py:161} INFO - Started process (PID=1780) to work on /home/airflow/.local/lib/python3.8/site-packages/airflow/example_dags/example_task_group_decorator.py
[2024-03-23T00:19:22.701+0000] {processor.py:830} INFO - Processing file /home/airflow/.local/lib/python3.8/site-packages/airflow/example_dags/example_task_group_decorator.py for tasks to queue
[2024-03-23T00:19:22.703+0000] {logging_mixin.py:188} INFO - [2024-03-23T00:19:22.703+0000] {dagbag.py:540} INFO - Filling up the DagBag from /home/airflow/.local/lib/python3.8/site-packages/airflow/example_dags/example_task_group_decorator.py
[2024-03-23T00:19:22.721+0000] {processor.py:840} INFO - DAG(s) 'example_task_group_decorator' retrieved from /home/airflow/.local/lib/python3.8/site-packages/airflow/example_dags/example_task_group_decorator.py
[2024-03-23T00:19:22.750+0000] {logging_mixin.py:188} INFO - [2024-03-23T00:19:22.750+0000] {dag.py:3047} INFO - Sync 1 DAGs
[2024-03-23T00:19:22.774+0000] {logging_mixin.py:188} INFO - [2024-03-23T00:19:22.773+0000] {dag.py:3834} INFO - Setting next_dagrun for example_task_group_decorator to 2024-03-22 00:00:00+00:00, run_after=2024-03-23 00:00:00+00:00
[2024-03-23T00:19:22.793+0000] {processor.py:183} INFO - Processing /home/airflow/.local/lib/python3.8/site-packages/airflow/example_dags/example_task_group_decorator.py took 0.097 seconds
[2024-03-23T00:19:53.366+0000] {processor.py:161} INFO - Started process (PID=1835) to work on /home/airflow/.local/lib/python3.8/site-packages/airflow/example_dags/example_task_group_decorator.py
[2024-03-23T00:19:53.367+0000] {processor.py:830} INFO - Processing file /home/airflow/.local/lib/python3.8/site-packages/airflow/example_dags/example_task_group_decorator.py for tasks to queue
[2024-03-23T00:19:53.370+0000] {logging_mixin.py:188} INFO - [2024-03-23T00:19:53.369+0000] {dagbag.py:540} INFO - Filling up the DagBag from /home/airflow/.local/lib/python3.8/site-packages/airflow/example_dags/example_task_group_decorator.py
[2024-03-23T00:19:53.388+0000] {processor.py:840} INFO - DAG(s) 'example_task_group_decorator' retrieved from /home/airflow/.local/lib/python3.8/site-packages/airflow/example_dags/example_task_group_decorator.py
[2024-03-23T00:19:53.418+0000] {logging_mixin.py:188} INFO - [2024-03-23T00:19:53.418+0000] {dag.py:3047} INFO - Sync 1 DAGs
[2024-03-23T00:19:53.442+0000] {logging_mixin.py:188} INFO - [2024-03-23T00:19:53.442+0000] {dag.py:3834} INFO - Setting next_dagrun for example_task_group_decorator to 2024-03-22 00:00:00+00:00, run_after=2024-03-23 00:00:00+00:00
[2024-03-23T00:19:53.462+0000] {processor.py:183} INFO - Processing /home/airflow/.local/lib/python3.8/site-packages/airflow/example_dags/example_task_group_decorator.py took 0.099 seconds
[2024-03-23T00:20:23.908+0000] {processor.py:161} INFO - Started process (PID=1890) to work on /home/airflow/.local/lib/python3.8/site-packages/airflow/example_dags/example_task_group_decorator.py
[2024-03-23T00:20:23.909+0000] {processor.py:830} INFO - Processing file /home/airflow/.local/lib/python3.8/site-packages/airflow/example_dags/example_task_group_decorator.py for tasks to queue
[2024-03-23T00:20:23.911+0000] {logging_mixin.py:188} INFO - [2024-03-23T00:20:23.911+0000] {dagbag.py:540} INFO - Filling up the DagBag from /home/airflow/.local/lib/python3.8/site-packages/airflow/example_dags/example_task_group_decorator.py
[2024-03-23T00:20:23.929+0000] {processor.py:840} INFO - DAG(s) 'example_task_group_decorator' retrieved from /home/airflow/.local/lib/python3.8/site-packages/airflow/example_dags/example_task_group_decorator.py
[2024-03-23T00:20:23.957+0000] {logging_mixin.py:188} INFO - [2024-03-23T00:20:23.957+0000] {dag.py:3047} INFO - Sync 1 DAGs
[2024-03-23T00:20:23.982+0000] {logging_mixin.py:188} INFO - [2024-03-23T00:20:23.982+0000] {dag.py:3834} INFO - Setting next_dagrun for example_task_group_decorator to 2024-03-22 00:00:00+00:00, run_after=2024-03-23 00:00:00+00:00
[2024-03-23T00:20:24.002+0000] {processor.py:183} INFO - Processing /home/airflow/.local/lib/python3.8/site-packages/airflow/example_dags/example_task_group_decorator.py took 0.098 seconds
[2024-03-23T00:20:54.439+0000] {processor.py:161} INFO - Started process (PID=1945) to work on /home/airflow/.local/lib/python3.8/site-packages/airflow/example_dags/example_task_group_decorator.py
[2024-03-23T00:20:54.440+0000] {processor.py:830} INFO - Processing file /home/airflow/.local/lib/python3.8/site-packages/airflow/example_dags/example_task_group_decorator.py for tasks to queue
[2024-03-23T00:20:54.442+0000] {logging_mixin.py:188} INFO - [2024-03-23T00:20:54.442+0000] {dagbag.py:540} INFO - Filling up the DagBag from /home/airflow/.local/lib/python3.8/site-packages/airflow/example_dags/example_task_group_decorator.py
[2024-03-23T00:20:54.460+0000] {processor.py:840} INFO - DAG(s) 'example_task_group_decorator' retrieved from /home/airflow/.local/lib/python3.8/site-packages/airflow/example_dags/example_task_group_decorator.py
[2024-03-23T00:20:54.488+0000] {logging_mixin.py:188} INFO - [2024-03-23T00:20:54.487+0000] {dag.py:3047} INFO - Sync 1 DAGs
[2024-03-23T00:20:54.511+0000] {logging_mixin.py:188} INFO - [2024-03-23T00:20:54.511+0000] {dag.py:3834} INFO - Setting next_dagrun for example_task_group_decorator to 2024-03-22 00:00:00+00:00, run_after=2024-03-23 00:00:00+00:00
[2024-03-23T00:20:54.531+0000] {processor.py:183} INFO - Processing /home/airflow/.local/lib/python3.8/site-packages/airflow/example_dags/example_task_group_decorator.py took 0.096 seconds
[2024-03-23T00:21:24.593+0000] {processor.py:161} INFO - Started process (PID=1999) to work on /home/airflow/.local/lib/python3.8/site-packages/airflow/example_dags/example_task_group_decorator.py
[2024-03-23T00:21:24.594+0000] {processor.py:830} INFO - Processing file /home/airflow/.local/lib/python3.8/site-packages/airflow/example_dags/example_task_group_decorator.py for tasks to queue
[2024-03-23T00:21:24.596+0000] {logging_mixin.py:188} INFO - [2024-03-23T00:21:24.596+0000] {dagbag.py:540} INFO - Filling up the DagBag from /home/airflow/.local/lib/python3.8/site-packages/airflow/example_dags/example_task_group_decorator.py
[2024-03-23T00:21:24.615+0000] {processor.py:840} INFO - DAG(s) 'example_task_group_decorator' retrieved from /home/airflow/.local/lib/python3.8/site-packages/airflow/example_dags/example_task_group_decorator.py
[2024-03-23T00:21:24.646+0000] {logging_mixin.py:188} INFO - [2024-03-23T00:21:24.646+0000] {dag.py:3047} INFO - Sync 1 DAGs
[2024-03-23T00:21:24.672+0000] {logging_mixin.py:188} INFO - [2024-03-23T00:21:24.671+0000] {dag.py:3834} INFO - Setting next_dagrun for example_task_group_decorator to 2024-03-22 00:00:00+00:00, run_after=2024-03-23 00:00:00+00:00
[2024-03-23T00:21:24.692+0000] {processor.py:183} INFO - Processing /home/airflow/.local/lib/python3.8/site-packages/airflow/example_dags/example_task_group_decorator.py took 0.103 seconds
[2024-03-23T00:21:54.791+0000] {processor.py:161} INFO - Started process (PID=2054) to work on /home/airflow/.local/lib/python3.8/site-packages/airflow/example_dags/example_task_group_decorator.py
[2024-03-23T00:21:54.793+0000] {processor.py:830} INFO - Processing file /home/airflow/.local/lib/python3.8/site-packages/airflow/example_dags/example_task_group_decorator.py for tasks to queue
[2024-03-23T00:21:54.795+0000] {logging_mixin.py:188} INFO - [2024-03-23T00:21:54.794+0000] {dagbag.py:540} INFO - Filling up the DagBag from /home/airflow/.local/lib/python3.8/site-packages/airflow/example_dags/example_task_group_decorator.py
[2024-03-23T00:21:54.812+0000] {processor.py:840} INFO - DAG(s) 'example_task_group_decorator' retrieved from /home/airflow/.local/lib/python3.8/site-packages/airflow/example_dags/example_task_group_decorator.py
[2024-03-23T00:21:54.842+0000] {logging_mixin.py:188} INFO - [2024-03-23T00:21:54.842+0000] {dag.py:3047} INFO - Sync 1 DAGs
[2024-03-23T00:21:54.867+0000] {logging_mixin.py:188} INFO - [2024-03-23T00:21:54.867+0000] {dag.py:3834} INFO - Setting next_dagrun for example_task_group_decorator to 2024-03-22 00:00:00+00:00, run_after=2024-03-23 00:00:00+00:00
[2024-03-23T00:21:54.887+0000] {processor.py:183} INFO - Processing /home/airflow/.local/lib/python3.8/site-packages/airflow/example_dags/example_task_group_decorator.py took 0.099 seconds
[2024-03-23T00:22:25.380+0000] {processor.py:161} INFO - Started process (PID=2110) to work on /home/airflow/.local/lib/python3.8/site-packages/airflow/example_dags/example_task_group_decorator.py
[2024-03-23T00:22:25.381+0000] {processor.py:830} INFO - Processing file /home/airflow/.local/lib/python3.8/site-packages/airflow/example_dags/example_task_group_decorator.py for tasks to queue
[2024-03-23T00:22:25.383+0000] {logging_mixin.py:188} INFO - [2024-03-23T00:22:25.383+0000] {dagbag.py:540} INFO - Filling up the DagBag from /home/airflow/.local/lib/python3.8/site-packages/airflow/example_dags/example_task_group_decorator.py
[2024-03-23T00:22:25.401+0000] {processor.py:840} INFO - DAG(s) 'example_task_group_decorator' retrieved from /home/airflow/.local/lib/python3.8/site-packages/airflow/example_dags/example_task_group_decorator.py
[2024-03-23T00:22:25.430+0000] {logging_mixin.py:188} INFO - [2024-03-23T00:22:25.430+0000] {dag.py:3047} INFO - Sync 1 DAGs
[2024-03-23T00:22:25.456+0000] {logging_mixin.py:188} INFO - [2024-03-23T00:22:25.456+0000] {dag.py:3834} INFO - Setting next_dagrun for example_task_group_decorator to 2024-03-22 00:00:00+00:00, run_after=2024-03-23 00:00:00+00:00
[2024-03-23T00:22:25.476+0000] {processor.py:183} INFO - Processing /home/airflow/.local/lib/python3.8/site-packages/airflow/example_dags/example_task_group_decorator.py took 0.100 seconds
[2024-03-23T00:22:55.635+0000] {processor.py:161} INFO - Started process (PID=2165) to work on /home/airflow/.local/lib/python3.8/site-packages/airflow/example_dags/example_task_group_decorator.py
[2024-03-23T00:22:55.636+0000] {processor.py:830} INFO - Processing file /home/airflow/.local/lib/python3.8/site-packages/airflow/example_dags/example_task_group_decorator.py for tasks to queue
[2024-03-23T00:22:55.638+0000] {logging_mixin.py:188} INFO - [2024-03-23T00:22:55.637+0000] {dagbag.py:540} INFO - Filling up the DagBag from /home/airflow/.local/lib/python3.8/site-packages/airflow/example_dags/example_task_group_decorator.py
[2024-03-23T00:22:55.655+0000] {processor.py:840} INFO - DAG(s) 'example_task_group_decorator' retrieved from /home/airflow/.local/lib/python3.8/site-packages/airflow/example_dags/example_task_group_decorator.py
[2024-03-23T00:22:55.684+0000] {logging_mixin.py:188} INFO - [2024-03-23T00:22:55.684+0000] {dag.py:3047} INFO - Sync 1 DAGs
[2024-03-23T00:22:55.708+0000] {logging_mixin.py:188} INFO - [2024-03-23T00:22:55.708+0000] {dag.py:3834} INFO - Setting next_dagrun for example_task_group_decorator to 2024-03-22 00:00:00+00:00, run_after=2024-03-23 00:00:00+00:00
[2024-03-23T00:22:55.728+0000] {processor.py:183} INFO - Processing /home/airflow/.local/lib/python3.8/site-packages/airflow/example_dags/example_task_group_decorator.py took 0.097 seconds
[2024-03-23T00:23:25.955+0000] {processor.py:161} INFO - Started process (PID=2220) to work on /home/airflow/.local/lib/python3.8/site-packages/airflow/example_dags/example_task_group_decorator.py
[2024-03-23T00:23:25.957+0000] {processor.py:830} INFO - Processing file /home/airflow/.local/lib/python3.8/site-packages/airflow/example_dags/example_task_group_decorator.py for tasks to queue
[2024-03-23T00:23:25.959+0000] {logging_mixin.py:188} INFO - [2024-03-23T00:23:25.959+0000] {dagbag.py:540} INFO - Filling up the DagBag from /home/airflow/.local/lib/python3.8/site-packages/airflow/example_dags/example_task_group_decorator.py
[2024-03-23T00:23:25.977+0000] {processor.py:840} INFO - DAG(s) 'example_task_group_decorator' retrieved from /home/airflow/.local/lib/python3.8/site-packages/airflow/example_dags/example_task_group_decorator.py
[2024-03-23T00:23:26.010+0000] {logging_mixin.py:188} INFO - [2024-03-23T00:23:26.009+0000] {dag.py:3047} INFO - Sync 1 DAGs
[2024-03-23T00:23:26.037+0000] {logging_mixin.py:188} INFO - [2024-03-23T00:23:26.037+0000] {dag.py:3834} INFO - Setting next_dagrun for example_task_group_decorator to 2024-03-22 00:00:00+00:00, run_after=2024-03-23 00:00:00+00:00
[2024-03-23T00:23:26.058+0000] {processor.py:183} INFO - Processing /home/airflow/.local/lib/python3.8/site-packages/airflow/example_dags/example_task_group_decorator.py took 0.107 seconds
[2024-03-23T00:23:56.294+0000] {processor.py:161} INFO - Started process (PID=2275) to work on /home/airflow/.local/lib/python3.8/site-packages/airflow/example_dags/example_task_group_decorator.py
[2024-03-23T00:23:56.295+0000] {processor.py:830} INFO - Processing file /home/airflow/.local/lib/python3.8/site-packages/airflow/example_dags/example_task_group_decorator.py for tasks to queue
[2024-03-23T00:23:56.297+0000] {logging_mixin.py:188} INFO - [2024-03-23T00:23:56.297+0000] {dagbag.py:540} INFO - Filling up the DagBag from /home/airflow/.local/lib/python3.8/site-packages/airflow/example_dags/example_task_group_decorator.py
[2024-03-23T00:23:56.315+0000] {processor.py:840} INFO - DAG(s) 'example_task_group_decorator' retrieved from /home/airflow/.local/lib/python3.8/site-packages/airflow/example_dags/example_task_group_decorator.py
[2024-03-23T00:23:56.344+0000] {logging_mixin.py:188} INFO - [2024-03-23T00:23:56.343+0000] {dag.py:3047} INFO - Sync 1 DAGs
[2024-03-23T00:23:56.368+0000] {logging_mixin.py:188} INFO - [2024-03-23T00:23:56.368+0000] {dag.py:3834} INFO - Setting next_dagrun for example_task_group_decorator to 2024-03-22 00:00:00+00:00, run_after=2024-03-23 00:00:00+00:00
[2024-03-23T00:23:56.387+0000] {processor.py:183} INFO - Processing /home/airflow/.local/lib/python3.8/site-packages/airflow/example_dags/example_task_group_decorator.py took 0.097 seconds
[2024-03-23T00:24:26.670+0000] {processor.py:161} INFO - Started process (PID=2330) to work on /home/airflow/.local/lib/python3.8/site-packages/airflow/example_dags/example_task_group_decorator.py
[2024-03-23T00:24:26.672+0000] {processor.py:830} INFO - Processing file /home/airflow/.local/lib/python3.8/site-packages/airflow/example_dags/example_task_group_decorator.py for tasks to queue
[2024-03-23T00:24:26.674+0000] {logging_mixin.py:188} INFO - [2024-03-23T00:24:26.673+0000] {dagbag.py:540} INFO - Filling up the DagBag from /home/airflow/.local/lib/python3.8/site-packages/airflow/example_dags/example_task_group_decorator.py
[2024-03-23T00:24:26.692+0000] {processor.py:840} INFO - DAG(s) 'example_task_group_decorator' retrieved from /home/airflow/.local/lib/python3.8/site-packages/airflow/example_dags/example_task_group_decorator.py
[2024-03-23T00:24:26.721+0000] {logging_mixin.py:188} INFO - [2024-03-23T00:24:26.720+0000] {dag.py:3047} INFO - Sync 1 DAGs
[2024-03-23T00:24:26.745+0000] {logging_mixin.py:188} INFO - [2024-03-23T00:24:26.745+0000] {dag.py:3834} INFO - Setting next_dagrun for example_task_group_decorator to 2024-03-22 00:00:00+00:00, run_after=2024-03-23 00:00:00+00:00
[2024-03-23T00:24:26.764+0000] {processor.py:183} INFO - Processing /home/airflow/.local/lib/python3.8/site-packages/airflow/example_dags/example_task_group_decorator.py took 0.097 seconds
[2024-03-23T00:24:56.998+0000] {processor.py:161} INFO - Started process (PID=2385) to work on /home/airflow/.local/lib/python3.8/site-packages/airflow/example_dags/example_task_group_decorator.py
[2024-03-23T00:24:56.999+0000] {processor.py:830} INFO - Processing file /home/airflow/.local/lib/python3.8/site-packages/airflow/example_dags/example_task_group_decorator.py for tasks to queue
[2024-03-23T00:24:57.001+0000] {logging_mixin.py:188} INFO - [2024-03-23T00:24:57.001+0000] {dagbag.py:540} INFO - Filling up the DagBag from /home/airflow/.local/lib/python3.8/site-packages/airflow/example_dags/example_task_group_decorator.py
[2024-03-23T00:24:57.019+0000] {processor.py:840} INFO - DAG(s) 'example_task_group_decorator' retrieved from /home/airflow/.local/lib/python3.8/site-packages/airflow/example_dags/example_task_group_decorator.py
[2024-03-23T00:24:57.048+0000] {logging_mixin.py:188} INFO - [2024-03-23T00:24:57.048+0000] {dag.py:3047} INFO - Sync 1 DAGs
[2024-03-23T00:24:57.072+0000] {logging_mixin.py:188} INFO - [2024-03-23T00:24:57.072+0000] {dag.py:3834} INFO - Setting next_dagrun for example_task_group_decorator to 2024-03-22 00:00:00+00:00, run_after=2024-03-23 00:00:00+00:00
[2024-03-23T00:24:57.090+0000] {processor.py:183} INFO - Processing /home/airflow/.local/lib/python3.8/site-packages/airflow/example_dags/example_task_group_decorator.py took 0.097 seconds
[2024-03-23T00:25:27.676+0000] {processor.py:161} INFO - Started process (PID=2438) to work on /home/airflow/.local/lib/python3.8/site-packages/airflow/example_dags/example_task_group_decorator.py
[2024-03-23T00:25:27.677+0000] {processor.py:830} INFO - Processing file /home/airflow/.local/lib/python3.8/site-packages/airflow/example_dags/example_task_group_decorator.py for tasks to queue
[2024-03-23T00:25:27.679+0000] {logging_mixin.py:188} INFO - [2024-03-23T00:25:27.679+0000] {dagbag.py:540} INFO - Filling up the DagBag from /home/airflow/.local/lib/python3.8/site-packages/airflow/example_dags/example_task_group_decorator.py
[2024-03-23T00:25:27.698+0000] {processor.py:840} INFO - DAG(s) 'example_task_group_decorator' retrieved from /home/airflow/.local/lib/python3.8/site-packages/airflow/example_dags/example_task_group_decorator.py
[2024-03-23T00:25:27.728+0000] {logging_mixin.py:188} INFO - [2024-03-23T00:25:27.728+0000] {dag.py:3047} INFO - Sync 1 DAGs
[2024-03-23T00:25:27.753+0000] {logging_mixin.py:188} INFO - [2024-03-23T00:25:27.752+0000] {dag.py:3834} INFO - Setting next_dagrun for example_task_group_decorator to 2024-03-22 00:00:00+00:00, run_after=2024-03-23 00:00:00+00:00
[2024-03-23T00:25:27.772+0000] {processor.py:183} INFO - Processing /home/airflow/.local/lib/python3.8/site-packages/airflow/example_dags/example_task_group_decorator.py took 0.100 seconds
[2024-03-23T00:25:57.959+0000] {processor.py:161} INFO - Started process (PID=2493) to work on /home/airflow/.local/lib/python3.8/site-packages/airflow/example_dags/example_task_group_decorator.py
[2024-03-23T00:25:57.961+0000] {processor.py:830} INFO - Processing file /home/airflow/.local/lib/python3.8/site-packages/airflow/example_dags/example_task_group_decorator.py for tasks to queue
[2024-03-23T00:25:57.963+0000] {logging_mixin.py:188} INFO - [2024-03-23T00:25:57.962+0000] {dagbag.py:540} INFO - Filling up the DagBag from /home/airflow/.local/lib/python3.8/site-packages/airflow/example_dags/example_task_group_decorator.py
[2024-03-23T00:25:57.981+0000] {processor.py:840} INFO - DAG(s) 'example_task_group_decorator' retrieved from /home/airflow/.local/lib/python3.8/site-packages/airflow/example_dags/example_task_group_decorator.py
[2024-03-23T00:25:58.010+0000] {logging_mixin.py:188} INFO - [2024-03-23T00:25:58.010+0000] {dag.py:3047} INFO - Sync 1 DAGs
[2024-03-23T00:25:58.035+0000] {logging_mixin.py:188} INFO - [2024-03-23T00:25:58.034+0000] {dag.py:3834} INFO - Setting next_dagrun for example_task_group_decorator to 2024-03-22 00:00:00+00:00, run_after=2024-03-23 00:00:00+00:00
[2024-03-23T00:25:58.054+0000] {processor.py:183} INFO - Processing /home/airflow/.local/lib/python3.8/site-packages/airflow/example_dags/example_task_group_decorator.py took 0.098 seconds
[2024-03-23T00:26:28.606+0000] {processor.py:161} INFO - Started process (PID=2548) to work on /home/airflow/.local/lib/python3.8/site-packages/airflow/example_dags/example_task_group_decorator.py
[2024-03-23T00:26:28.607+0000] {processor.py:830} INFO - Processing file /home/airflow/.local/lib/python3.8/site-packages/airflow/example_dags/example_task_group_decorator.py for tasks to queue
[2024-03-23T00:26:28.609+0000] {logging_mixin.py:188} INFO - [2024-03-23T00:26:28.608+0000] {dagbag.py:540} INFO - Filling up the DagBag from /home/airflow/.local/lib/python3.8/site-packages/airflow/example_dags/example_task_group_decorator.py
[2024-03-23T00:26:28.628+0000] {processor.py:840} INFO - DAG(s) 'example_task_group_decorator' retrieved from /home/airflow/.local/lib/python3.8/site-packages/airflow/example_dags/example_task_group_decorator.py
[2024-03-23T00:26:28.668+0000] {logging_mixin.py:188} INFO - [2024-03-23T00:26:28.668+0000] {dag.py:3047} INFO - Sync 1 DAGs
[2024-03-23T00:26:28.697+0000] {logging_mixin.py:188} INFO - [2024-03-23T00:26:28.696+0000] {dag.py:3834} INFO - Setting next_dagrun for example_task_group_decorator to 2024-03-22 00:00:00+00:00, run_after=2024-03-23 00:00:00+00:00
[2024-03-23T00:26:28.726+0000] {processor.py:183} INFO - Processing /home/airflow/.local/lib/python3.8/site-packages/airflow/example_dags/example_task_group_decorator.py took 0.124 seconds
