[2024-03-23T00:03:38.610+0000] {processor.py:161} INFO - Started process (PID=63) to work on /home/airflow/.local/lib/python3.8/site-packages/airflow/example_dags/example_sensors.py
[2024-03-23T00:03:38.612+0000] {processor.py:830} INFO - Processing file /home/airflow/.local/lib/python3.8/site-packages/airflow/example_dags/example_sensors.py for tasks to queue
[2024-03-23T00:03:38.616+0000] {logging_mixin.py:188} INFO - [2024-03-23T00:03:38.615+0000] {dagbag.py:540} INFO - Filling up the DagBag from /home/airflow/.local/lib/python3.8/site-packages/airflow/example_dags/example_sensors.py
[2024-03-23T00:03:38.632+0000] {processor.py:840} INFO - DAG(s) 'example_sensors' retrieved from /home/airflow/.local/lib/python3.8/site-packages/airflow/example_dags/example_sensors.py
[2024-03-23T00:03:38.677+0000] {logging_mixin.py:188} INFO - [2024-03-23T00:03:38.677+0000] {dag.py:3047} INFO - Sync 1 DAGs
[2024-03-23T00:03:38.703+0000] {logging_mixin.py:188} INFO - [2024-03-23T00:03:38.703+0000] {dag.py:3834} INFO - Setting next_dagrun for example_sensors to None, run_after=None
[2024-03-23T00:03:38.745+0000] {processor.py:183} INFO - Processing /home/airflow/.local/lib/python3.8/site-packages/airflow/example_dags/example_sensors.py took 0.141 seconds
[2024-03-23T00:04:09.145+0000] {processor.py:161} INFO - Started process (PID=118) to work on /home/airflow/.local/lib/python3.8/site-packages/airflow/example_dags/example_sensors.py
[2024-03-23T00:04:09.147+0000] {processor.py:830} INFO - Processing file /home/airflow/.local/lib/python3.8/site-packages/airflow/example_dags/example_sensors.py for tasks to queue
[2024-03-23T00:04:09.149+0000] {logging_mixin.py:188} INFO - [2024-03-23T00:04:09.148+0000] {dagbag.py:540} INFO - Filling up the DagBag from /home/airflow/.local/lib/python3.8/site-packages/airflow/example_dags/example_sensors.py
[2024-03-23T00:04:09.160+0000] {processor.py:840} INFO - DAG(s) 'example_sensors' retrieved from /home/airflow/.local/lib/python3.8/site-packages/airflow/example_dags/example_sensors.py
[2024-03-23T00:04:09.193+0000] {logging_mixin.py:188} INFO - [2024-03-23T00:04:09.192+0000] {dag.py:3047} INFO - Sync 1 DAGs
[2024-03-23T00:04:09.208+0000] {logging_mixin.py:188} INFO - [2024-03-23T00:04:09.207+0000] {dag.py:3834} INFO - Setting next_dagrun for example_sensors to None, run_after=None
[2024-03-23T00:04:09.227+0000] {processor.py:183} INFO - Processing /home/airflow/.local/lib/python3.8/site-packages/airflow/example_dags/example_sensors.py took 0.087 seconds
[2024-03-23T00:04:39.571+0000] {processor.py:161} INFO - Started process (PID=173) to work on /home/airflow/.local/lib/python3.8/site-packages/airflow/example_dags/example_sensors.py
[2024-03-23T00:04:39.572+0000] {processor.py:830} INFO - Processing file /home/airflow/.local/lib/python3.8/site-packages/airflow/example_dags/example_sensors.py for tasks to queue
[2024-03-23T00:04:39.575+0000] {logging_mixin.py:188} INFO - [2024-03-23T00:04:39.574+0000] {dagbag.py:540} INFO - Filling up the DagBag from /home/airflow/.local/lib/python3.8/site-packages/airflow/example_dags/example_sensors.py
[2024-03-23T00:04:39.587+0000] {processor.py:840} INFO - DAG(s) 'example_sensors' retrieved from /home/airflow/.local/lib/python3.8/site-packages/airflow/example_dags/example_sensors.py
[2024-03-23T00:04:39.619+0000] {logging_mixin.py:188} INFO - [2024-03-23T00:04:39.618+0000] {dag.py:3047} INFO - Sync 1 DAGs
[2024-03-23T00:04:39.634+0000] {logging_mixin.py:188} INFO - [2024-03-23T00:04:39.633+0000] {dag.py:3834} INFO - Setting next_dagrun for example_sensors to None, run_after=None
[2024-03-23T00:04:39.655+0000] {processor.py:183} INFO - Processing /home/airflow/.local/lib/python3.8/site-packages/airflow/example_dags/example_sensors.py took 0.088 seconds
[2024-03-23T00:05:09.799+0000] {processor.py:161} INFO - Started process (PID=228) to work on /home/airflow/.local/lib/python3.8/site-packages/airflow/example_dags/example_sensors.py
[2024-03-23T00:05:09.800+0000] {processor.py:830} INFO - Processing file /home/airflow/.local/lib/python3.8/site-packages/airflow/example_dags/example_sensors.py for tasks to queue
[2024-03-23T00:05:09.802+0000] {logging_mixin.py:188} INFO - [2024-03-23T00:05:09.802+0000] {dagbag.py:540} INFO - Filling up the DagBag from /home/airflow/.local/lib/python3.8/site-packages/airflow/example_dags/example_sensors.py
[2024-03-23T00:05:09.813+0000] {processor.py:840} INFO - DAG(s) 'example_sensors' retrieved from /home/airflow/.local/lib/python3.8/site-packages/airflow/example_dags/example_sensors.py
[2024-03-23T00:05:09.843+0000] {logging_mixin.py:188} INFO - [2024-03-23T00:05:09.842+0000] {dag.py:3047} INFO - Sync 1 DAGs
[2024-03-23T00:05:09.857+0000] {logging_mixin.py:188} INFO - [2024-03-23T00:05:09.856+0000] {dag.py:3834} INFO - Setting next_dagrun for example_sensors to None, run_after=None
[2024-03-23T00:05:09.877+0000] {processor.py:183} INFO - Processing /home/airflow/.local/lib/python3.8/site-packages/airflow/example_dags/example_sensors.py took 0.083 seconds
[2024-03-23T00:05:40.264+0000] {processor.py:161} INFO - Started process (PID=283) to work on /home/airflow/.local/lib/python3.8/site-packages/airflow/example_dags/example_sensors.py
[2024-03-23T00:05:40.265+0000] {processor.py:830} INFO - Processing file /home/airflow/.local/lib/python3.8/site-packages/airflow/example_dags/example_sensors.py for tasks to queue
[2024-03-23T00:05:40.267+0000] {logging_mixin.py:188} INFO - [2024-03-23T00:05:40.267+0000] {dagbag.py:540} INFO - Filling up the DagBag from /home/airflow/.local/lib/python3.8/site-packages/airflow/example_dags/example_sensors.py
[2024-03-23T00:05:40.279+0000] {processor.py:840} INFO - DAG(s) 'example_sensors' retrieved from /home/airflow/.local/lib/python3.8/site-packages/airflow/example_dags/example_sensors.py
[2024-03-23T00:05:40.312+0000] {logging_mixin.py:188} INFO - [2024-03-23T00:05:40.312+0000] {dag.py:3047} INFO - Sync 1 DAGs
[2024-03-23T00:05:40.330+0000] {logging_mixin.py:188} INFO - [2024-03-23T00:05:40.329+0000] {dag.py:3834} INFO - Setting next_dagrun for example_sensors to None, run_after=None
[2024-03-23T00:05:40.354+0000] {processor.py:183} INFO - Processing /home/airflow/.local/lib/python3.8/site-packages/airflow/example_dags/example_sensors.py took 0.094 seconds
[2024-03-23T00:06:10.396+0000] {processor.py:161} INFO - Started process (PID=337) to work on /home/airflow/.local/lib/python3.8/site-packages/airflow/example_dags/example_sensors.py
[2024-03-23T00:06:10.397+0000] {processor.py:830} INFO - Processing file /home/airflow/.local/lib/python3.8/site-packages/airflow/example_dags/example_sensors.py for tasks to queue
[2024-03-23T00:06:10.401+0000] {logging_mixin.py:188} INFO - [2024-03-23T00:06:10.400+0000] {dagbag.py:540} INFO - Filling up the DagBag from /home/airflow/.local/lib/python3.8/site-packages/airflow/example_dags/example_sensors.py
[2024-03-23T00:06:10.418+0000] {processor.py:840} INFO - DAG(s) 'example_sensors' retrieved from /home/airflow/.local/lib/python3.8/site-packages/airflow/example_dags/example_sensors.py
[2024-03-23T00:06:10.474+0000] {logging_mixin.py:188} INFO - [2024-03-23T00:06:10.473+0000] {dag.py:3047} INFO - Sync 1 DAGs
[2024-03-23T00:06:10.503+0000] {logging_mixin.py:188} INFO - [2024-03-23T00:06:10.502+0000] {dag.py:3834} INFO - Setting next_dagrun for example_sensors to None, run_after=None
[2024-03-23T00:06:10.536+0000] {processor.py:183} INFO - Processing /home/airflow/.local/lib/python3.8/site-packages/airflow/example_dags/example_sensors.py took 0.146 seconds
[2024-03-23T00:06:40.941+0000] {processor.py:161} INFO - Started process (PID=393) to work on /home/airflow/.local/lib/python3.8/site-packages/airflow/example_dags/example_sensors.py
[2024-03-23T00:06:40.942+0000] {processor.py:830} INFO - Processing file /home/airflow/.local/lib/python3.8/site-packages/airflow/example_dags/example_sensors.py for tasks to queue
[2024-03-23T00:06:40.944+0000] {logging_mixin.py:188} INFO - [2024-03-23T00:06:40.944+0000] {dagbag.py:540} INFO - Filling up the DagBag from /home/airflow/.local/lib/python3.8/site-packages/airflow/example_dags/example_sensors.py
[2024-03-23T00:06:40.957+0000] {processor.py:840} INFO - DAG(s) 'example_sensors' retrieved from /home/airflow/.local/lib/python3.8/site-packages/airflow/example_dags/example_sensors.py
[2024-03-23T00:06:40.988+0000] {logging_mixin.py:188} INFO - [2024-03-23T00:06:40.988+0000] {dag.py:3047} INFO - Sync 1 DAGs
[2024-03-23T00:06:41.002+0000] {logging_mixin.py:188} INFO - [2024-03-23T00:06:41.002+0000] {dag.py:3834} INFO - Setting next_dagrun for example_sensors to None, run_after=None
[2024-03-23T00:06:41.023+0000] {processor.py:183} INFO - Processing /home/airflow/.local/lib/python3.8/site-packages/airflow/example_dags/example_sensors.py took 0.087 seconds
[2024-03-23T00:07:11.414+0000] {processor.py:161} INFO - Started process (PID=448) to work on /home/airflow/.local/lib/python3.8/site-packages/airflow/example_dags/example_sensors.py
[2024-03-23T00:07:11.415+0000] {processor.py:830} INFO - Processing file /home/airflow/.local/lib/python3.8/site-packages/airflow/example_dags/example_sensors.py for tasks to queue
[2024-03-23T00:07:11.418+0000] {logging_mixin.py:188} INFO - [2024-03-23T00:07:11.418+0000] {dagbag.py:540} INFO - Filling up the DagBag from /home/airflow/.local/lib/python3.8/site-packages/airflow/example_dags/example_sensors.py
[2024-03-23T00:07:11.435+0000] {processor.py:840} INFO - DAG(s) 'example_sensors' retrieved from /home/airflow/.local/lib/python3.8/site-packages/airflow/example_dags/example_sensors.py
[2024-03-23T00:07:11.471+0000] {logging_mixin.py:188} INFO - [2024-03-23T00:07:11.470+0000] {dag.py:3047} INFO - Sync 1 DAGs
[2024-03-23T00:07:11.488+0000] {logging_mixin.py:188} INFO - [2024-03-23T00:07:11.487+0000] {dag.py:3834} INFO - Setting next_dagrun for example_sensors to None, run_after=None
[2024-03-23T00:07:11.512+0000] {processor.py:183} INFO - Processing /home/airflow/.local/lib/python3.8/site-packages/airflow/example_dags/example_sensors.py took 0.102 seconds
[2024-03-23T00:07:41.814+0000] {processor.py:161} INFO - Started process (PID=502) to work on /home/airflow/.local/lib/python3.8/site-packages/airflow/example_dags/example_sensors.py
[2024-03-23T00:07:41.816+0000] {processor.py:830} INFO - Processing file /home/airflow/.local/lib/python3.8/site-packages/airflow/example_dags/example_sensors.py for tasks to queue
[2024-03-23T00:07:41.818+0000] {logging_mixin.py:188} INFO - [2024-03-23T00:07:41.818+0000] {dagbag.py:540} INFO - Filling up the DagBag from /home/airflow/.local/lib/python3.8/site-packages/airflow/example_dags/example_sensors.py
[2024-03-23T00:07:41.829+0000] {processor.py:840} INFO - DAG(s) 'example_sensors' retrieved from /home/airflow/.local/lib/python3.8/site-packages/airflow/example_dags/example_sensors.py
[2024-03-23T00:07:41.861+0000] {logging_mixin.py:188} INFO - [2024-03-23T00:07:41.860+0000] {dag.py:3047} INFO - Sync 1 DAGs
[2024-03-23T00:07:41.876+0000] {logging_mixin.py:188} INFO - [2024-03-23T00:07:41.876+0000] {dag.py:3834} INFO - Setting next_dagrun for example_sensors to None, run_after=None
[2024-03-23T00:07:41.897+0000] {processor.py:183} INFO - Processing /home/airflow/.local/lib/python3.8/site-packages/airflow/example_dags/example_sensors.py took 0.087 seconds
[2024-03-23T00:08:11.983+0000] {processor.py:161} INFO - Started process (PID=557) to work on /home/airflow/.local/lib/python3.8/site-packages/airflow/example_dags/example_sensors.py
[2024-03-23T00:08:11.984+0000] {processor.py:830} INFO - Processing file /home/airflow/.local/lib/python3.8/site-packages/airflow/example_dags/example_sensors.py for tasks to queue
[2024-03-23T00:08:11.986+0000] {logging_mixin.py:188} INFO - [2024-03-23T00:08:11.986+0000] {dagbag.py:540} INFO - Filling up the DagBag from /home/airflow/.local/lib/python3.8/site-packages/airflow/example_dags/example_sensors.py
[2024-03-23T00:08:11.997+0000] {processor.py:840} INFO - DAG(s) 'example_sensors' retrieved from /home/airflow/.local/lib/python3.8/site-packages/airflow/example_dags/example_sensors.py
[2024-03-23T00:08:12.028+0000] {logging_mixin.py:188} INFO - [2024-03-23T00:08:12.028+0000] {dag.py:3047} INFO - Sync 1 DAGs
[2024-03-23T00:08:12.042+0000] {logging_mixin.py:188} INFO - [2024-03-23T00:08:12.042+0000] {dag.py:3834} INFO - Setting next_dagrun for example_sensors to None, run_after=None
[2024-03-23T00:08:12.065+0000] {processor.py:183} INFO - Processing /home/airflow/.local/lib/python3.8/site-packages/airflow/example_dags/example_sensors.py took 0.086 seconds
[2024-03-23T00:08:42.283+0000] {processor.py:161} INFO - Started process (PID=612) to work on /home/airflow/.local/lib/python3.8/site-packages/airflow/example_dags/example_sensors.py
[2024-03-23T00:08:42.284+0000] {processor.py:830} INFO - Processing file /home/airflow/.local/lib/python3.8/site-packages/airflow/example_dags/example_sensors.py for tasks to queue
[2024-03-23T00:08:42.286+0000] {logging_mixin.py:188} INFO - [2024-03-23T00:08:42.286+0000] {dagbag.py:540} INFO - Filling up the DagBag from /home/airflow/.local/lib/python3.8/site-packages/airflow/example_dags/example_sensors.py
[2024-03-23T00:08:42.297+0000] {processor.py:840} INFO - DAG(s) 'example_sensors' retrieved from /home/airflow/.local/lib/python3.8/site-packages/airflow/example_dags/example_sensors.py
[2024-03-23T00:08:42.329+0000] {logging_mixin.py:188} INFO - [2024-03-23T00:08:42.328+0000] {dag.py:3047} INFO - Sync 1 DAGs
[2024-03-23T00:08:42.343+0000] {logging_mixin.py:188} INFO - [2024-03-23T00:08:42.343+0000] {dag.py:3834} INFO - Setting next_dagrun for example_sensors to None, run_after=None
[2024-03-23T00:08:42.363+0000] {processor.py:183} INFO - Processing /home/airflow/.local/lib/python3.8/site-packages/airflow/example_dags/example_sensors.py took 0.085 seconds
[2024-03-23T00:09:12.725+0000] {processor.py:161} INFO - Started process (PID=667) to work on /home/airflow/.local/lib/python3.8/site-packages/airflow/example_dags/example_sensors.py
[2024-03-23T00:09:12.727+0000] {processor.py:830} INFO - Processing file /home/airflow/.local/lib/python3.8/site-packages/airflow/example_dags/example_sensors.py for tasks to queue
[2024-03-23T00:09:12.729+0000] {logging_mixin.py:188} INFO - [2024-03-23T00:09:12.729+0000] {dagbag.py:540} INFO - Filling up the DagBag from /home/airflow/.local/lib/python3.8/site-packages/airflow/example_dags/example_sensors.py
[2024-03-23T00:09:12.741+0000] {processor.py:840} INFO - DAG(s) 'example_sensors' retrieved from /home/airflow/.local/lib/python3.8/site-packages/airflow/example_dags/example_sensors.py
[2024-03-23T00:09:12.773+0000] {logging_mixin.py:188} INFO - [2024-03-23T00:09:12.773+0000] {dag.py:3047} INFO - Sync 1 DAGs
[2024-03-23T00:09:12.788+0000] {logging_mixin.py:188} INFO - [2024-03-23T00:09:12.788+0000] {dag.py:3834} INFO - Setting next_dagrun for example_sensors to None, run_after=None
[2024-03-23T00:09:12.813+0000] {processor.py:183} INFO - Processing /home/airflow/.local/lib/python3.8/site-packages/airflow/example_dags/example_sensors.py took 0.093 seconds
[2024-03-23T00:09:42.869+0000] {processor.py:161} INFO - Started process (PID=722) to work on /home/airflow/.local/lib/python3.8/site-packages/airflow/example_dags/example_sensors.py
[2024-03-23T00:09:42.871+0000] {processor.py:830} INFO - Processing file /home/airflow/.local/lib/python3.8/site-packages/airflow/example_dags/example_sensors.py for tasks to queue
[2024-03-23T00:09:42.873+0000] {logging_mixin.py:188} INFO - [2024-03-23T00:09:42.873+0000] {dagbag.py:540} INFO - Filling up the DagBag from /home/airflow/.local/lib/python3.8/site-packages/airflow/example_dags/example_sensors.py
[2024-03-23T00:09:42.884+0000] {processor.py:840} INFO - DAG(s) 'example_sensors' retrieved from /home/airflow/.local/lib/python3.8/site-packages/airflow/example_dags/example_sensors.py
[2024-03-23T00:09:42.916+0000] {logging_mixin.py:188} INFO - [2024-03-23T00:09:42.916+0000] {dag.py:3047} INFO - Sync 1 DAGs
[2024-03-23T00:09:42.930+0000] {logging_mixin.py:188} INFO - [2024-03-23T00:09:42.930+0000] {dag.py:3834} INFO - Setting next_dagrun for example_sensors to None, run_after=None
[2024-03-23T00:09:42.953+0000] {processor.py:183} INFO - Processing /home/airflow/.local/lib/python3.8/site-packages/airflow/example_dags/example_sensors.py took 0.088 seconds
[2024-03-23T00:10:13.339+0000] {processor.py:161} INFO - Started process (PID=777) to work on /home/airflow/.local/lib/python3.8/site-packages/airflow/example_dags/example_sensors.py
[2024-03-23T00:10:13.340+0000] {processor.py:830} INFO - Processing file /home/airflow/.local/lib/python3.8/site-packages/airflow/example_dags/example_sensors.py for tasks to queue
[2024-03-23T00:10:13.342+0000] {logging_mixin.py:188} INFO - [2024-03-23T00:10:13.342+0000] {dagbag.py:540} INFO - Filling up the DagBag from /home/airflow/.local/lib/python3.8/site-packages/airflow/example_dags/example_sensors.py
[2024-03-23T00:10:13.353+0000] {processor.py:840} INFO - DAG(s) 'example_sensors' retrieved from /home/airflow/.local/lib/python3.8/site-packages/airflow/example_dags/example_sensors.py
[2024-03-23T00:10:13.384+0000] {logging_mixin.py:188} INFO - [2024-03-23T00:10:13.384+0000] {dag.py:3047} INFO - Sync 1 DAGs
[2024-03-23T00:10:13.398+0000] {logging_mixin.py:188} INFO - [2024-03-23T00:10:13.398+0000] {dag.py:3834} INFO - Setting next_dagrun for example_sensors to None, run_after=None
[2024-03-23T00:10:13.420+0000] {processor.py:183} INFO - Processing /home/airflow/.local/lib/python3.8/site-packages/airflow/example_dags/example_sensors.py took 0.086 seconds
[2024-03-23T00:10:43.523+0000] {processor.py:161} INFO - Started process (PID=832) to work on /home/airflow/.local/lib/python3.8/site-packages/airflow/example_dags/example_sensors.py
[2024-03-23T00:10:43.524+0000] {processor.py:830} INFO - Processing file /home/airflow/.local/lib/python3.8/site-packages/airflow/example_dags/example_sensors.py for tasks to queue
[2024-03-23T00:10:43.526+0000] {logging_mixin.py:188} INFO - [2024-03-23T00:10:43.526+0000] {dagbag.py:540} INFO - Filling up the DagBag from /home/airflow/.local/lib/python3.8/site-packages/airflow/example_dags/example_sensors.py
[2024-03-23T00:10:43.537+0000] {processor.py:840} INFO - DAG(s) 'example_sensors' retrieved from /home/airflow/.local/lib/python3.8/site-packages/airflow/example_dags/example_sensors.py
[2024-03-23T00:10:43.567+0000] {logging_mixin.py:188} INFO - [2024-03-23T00:10:43.567+0000] {dag.py:3047} INFO - Sync 1 DAGs
[2024-03-23T00:10:43.581+0000] {logging_mixin.py:188} INFO - [2024-03-23T00:10:43.581+0000] {dag.py:3834} INFO - Setting next_dagrun for example_sensors to None, run_after=None
[2024-03-23T00:10:43.601+0000] {processor.py:183} INFO - Processing /home/airflow/.local/lib/python3.8/site-packages/airflow/example_dags/example_sensors.py took 0.082 seconds
[2024-03-23T00:11:13.889+0000] {processor.py:161} INFO - Started process (PID=887) to work on /home/airflow/.local/lib/python3.8/site-packages/airflow/example_dags/example_sensors.py
[2024-03-23T00:11:13.890+0000] {processor.py:830} INFO - Processing file /home/airflow/.local/lib/python3.8/site-packages/airflow/example_dags/example_sensors.py for tasks to queue
[2024-03-23T00:11:13.892+0000] {logging_mixin.py:188} INFO - [2024-03-23T00:11:13.892+0000] {dagbag.py:540} INFO - Filling up the DagBag from /home/airflow/.local/lib/python3.8/site-packages/airflow/example_dags/example_sensors.py
[2024-03-23T00:11:13.903+0000] {processor.py:840} INFO - DAG(s) 'example_sensors' retrieved from /home/airflow/.local/lib/python3.8/site-packages/airflow/example_dags/example_sensors.py
[2024-03-23T00:11:13.934+0000] {logging_mixin.py:188} INFO - [2024-03-23T00:11:13.933+0000] {dag.py:3047} INFO - Sync 1 DAGs
[2024-03-23T00:11:13.947+0000] {logging_mixin.py:188} INFO - [2024-03-23T00:11:13.947+0000] {dag.py:3834} INFO - Setting next_dagrun for example_sensors to None, run_after=None
[2024-03-23T00:11:13.967+0000] {processor.py:183} INFO - Processing /home/airflow/.local/lib/python3.8/site-packages/airflow/example_dags/example_sensors.py took 0.082 seconds
[2024-03-23T00:11:44.310+0000] {processor.py:161} INFO - Started process (PID=942) to work on /home/airflow/.local/lib/python3.8/site-packages/airflow/example_dags/example_sensors.py
[2024-03-23T00:11:44.311+0000] {processor.py:830} INFO - Processing file /home/airflow/.local/lib/python3.8/site-packages/airflow/example_dags/example_sensors.py for tasks to queue
[2024-03-23T00:11:44.314+0000] {logging_mixin.py:188} INFO - [2024-03-23T00:11:44.313+0000] {dagbag.py:540} INFO - Filling up the DagBag from /home/airflow/.local/lib/python3.8/site-packages/airflow/example_dags/example_sensors.py
[2024-03-23T00:11:44.324+0000] {processor.py:840} INFO - DAG(s) 'example_sensors' retrieved from /home/airflow/.local/lib/python3.8/site-packages/airflow/example_dags/example_sensors.py
[2024-03-23T00:11:44.354+0000] {logging_mixin.py:188} INFO - [2024-03-23T00:11:44.354+0000] {dag.py:3047} INFO - Sync 1 DAGs
[2024-03-23T00:11:44.368+0000] {logging_mixin.py:188} INFO - [2024-03-23T00:11:44.368+0000] {dag.py:3834} INFO - Setting next_dagrun for example_sensors to None, run_after=None
[2024-03-23T00:11:44.389+0000] {processor.py:183} INFO - Processing /home/airflow/.local/lib/python3.8/site-packages/airflow/example_dags/example_sensors.py took 0.083 seconds
[2024-03-23T00:12:14.593+0000] {processor.py:161} INFO - Started process (PID=997) to work on /home/airflow/.local/lib/python3.8/site-packages/airflow/example_dags/example_sensors.py
[2024-03-23T00:12:14.594+0000] {processor.py:830} INFO - Processing file /home/airflow/.local/lib/python3.8/site-packages/airflow/example_dags/example_sensors.py for tasks to queue
[2024-03-23T00:12:14.596+0000] {logging_mixin.py:188} INFO - [2024-03-23T00:12:14.596+0000] {dagbag.py:540} INFO - Filling up the DagBag from /home/airflow/.local/lib/python3.8/site-packages/airflow/example_dags/example_sensors.py
[2024-03-23T00:12:14.608+0000] {processor.py:840} INFO - DAG(s) 'example_sensors' retrieved from /home/airflow/.local/lib/python3.8/site-packages/airflow/example_dags/example_sensors.py
[2024-03-23T00:12:14.640+0000] {logging_mixin.py:188} INFO - [2024-03-23T00:12:14.640+0000] {dag.py:3047} INFO - Sync 1 DAGs
[2024-03-23T00:12:14.654+0000] {logging_mixin.py:188} INFO - [2024-03-23T00:12:14.654+0000] {dag.py:3834} INFO - Setting next_dagrun for example_sensors to None, run_after=None
[2024-03-23T00:12:14.674+0000] {processor.py:183} INFO - Processing /home/airflow/.local/lib/python3.8/site-packages/airflow/example_dags/example_sensors.py took 0.085 seconds
[2024-03-23T00:12:45.234+0000] {processor.py:161} INFO - Started process (PID=1052) to work on /home/airflow/.local/lib/python3.8/site-packages/airflow/example_dags/example_sensors.py
[2024-03-23T00:12:45.235+0000] {processor.py:830} INFO - Processing file /home/airflow/.local/lib/python3.8/site-packages/airflow/example_dags/example_sensors.py for tasks to queue
[2024-03-23T00:12:45.237+0000] {logging_mixin.py:188} INFO - [2024-03-23T00:12:45.237+0000] {dagbag.py:540} INFO - Filling up the DagBag from /home/airflow/.local/lib/python3.8/site-packages/airflow/example_dags/example_sensors.py
[2024-03-23T00:12:45.248+0000] {processor.py:840} INFO - DAG(s) 'example_sensors' retrieved from /home/airflow/.local/lib/python3.8/site-packages/airflow/example_dags/example_sensors.py
[2024-03-23T00:12:45.278+0000] {logging_mixin.py:188} INFO - [2024-03-23T00:12:45.277+0000] {dag.py:3047} INFO - Sync 1 DAGs
[2024-03-23T00:12:45.292+0000] {logging_mixin.py:188} INFO - [2024-03-23T00:12:45.292+0000] {dag.py:3834} INFO - Setting next_dagrun for example_sensors to None, run_after=None
[2024-03-23T00:12:45.312+0000] {processor.py:183} INFO - Processing /home/airflow/.local/lib/python3.8/site-packages/airflow/example_dags/example_sensors.py took 0.082 seconds
[2024-03-23T00:13:15.561+0000] {processor.py:161} INFO - Started process (PID=1107) to work on /home/airflow/.local/lib/python3.8/site-packages/airflow/example_dags/example_sensors.py
[2024-03-23T00:13:15.562+0000] {processor.py:830} INFO - Processing file /home/airflow/.local/lib/python3.8/site-packages/airflow/example_dags/example_sensors.py for tasks to queue
[2024-03-23T00:13:15.564+0000] {logging_mixin.py:188} INFO - [2024-03-23T00:13:15.564+0000] {dagbag.py:540} INFO - Filling up the DagBag from /home/airflow/.local/lib/python3.8/site-packages/airflow/example_dags/example_sensors.py
[2024-03-23T00:13:15.575+0000] {processor.py:840} INFO - DAG(s) 'example_sensors' retrieved from /home/airflow/.local/lib/python3.8/site-packages/airflow/example_dags/example_sensors.py
[2024-03-23T00:13:15.605+0000] {logging_mixin.py:188} INFO - [2024-03-23T00:13:15.605+0000] {dag.py:3047} INFO - Sync 1 DAGs
[2024-03-23T00:13:15.619+0000] {logging_mixin.py:188} INFO - [2024-03-23T00:13:15.619+0000] {dag.py:3834} INFO - Setting next_dagrun for example_sensors to None, run_after=None
[2024-03-23T00:13:15.640+0000] {processor.py:183} INFO - Processing /home/airflow/.local/lib/python3.8/site-packages/airflow/example_dags/example_sensors.py took 0.084 seconds
[2024-03-23T00:13:46.009+0000] {processor.py:161} INFO - Started process (PID=1162) to work on /home/airflow/.local/lib/python3.8/site-packages/airflow/example_dags/example_sensors.py
[2024-03-23T00:13:46.010+0000] {processor.py:830} INFO - Processing file /home/airflow/.local/lib/python3.8/site-packages/airflow/example_dags/example_sensors.py for tasks to queue
[2024-03-23T00:13:46.012+0000] {logging_mixin.py:188} INFO - [2024-03-23T00:13:46.012+0000] {dagbag.py:540} INFO - Filling up the DagBag from /home/airflow/.local/lib/python3.8/site-packages/airflow/example_dags/example_sensors.py
[2024-03-23T00:13:46.023+0000] {processor.py:840} INFO - DAG(s) 'example_sensors' retrieved from /home/airflow/.local/lib/python3.8/site-packages/airflow/example_dags/example_sensors.py
[2024-03-23T00:13:46.054+0000] {logging_mixin.py:188} INFO - [2024-03-23T00:13:46.053+0000] {dag.py:3047} INFO - Sync 1 DAGs
[2024-03-23T00:13:46.068+0000] {logging_mixin.py:188} INFO - [2024-03-23T00:13:46.067+0000] {dag.py:3834} INFO - Setting next_dagrun for example_sensors to None, run_after=None
[2024-03-23T00:13:46.088+0000] {processor.py:183} INFO - Processing /home/airflow/.local/lib/python3.8/site-packages/airflow/example_dags/example_sensors.py took 0.084 seconds
[2024-03-23T00:14:16.603+0000] {processor.py:161} INFO - Started process (PID=1217) to work on /home/airflow/.local/lib/python3.8/site-packages/airflow/example_dags/example_sensors.py
[2024-03-23T00:14:16.604+0000] {processor.py:830} INFO - Processing file /home/airflow/.local/lib/python3.8/site-packages/airflow/example_dags/example_sensors.py for tasks to queue
[2024-03-23T00:14:16.606+0000] {logging_mixin.py:188} INFO - [2024-03-23T00:14:16.605+0000] {dagbag.py:540} INFO - Filling up the DagBag from /home/airflow/.local/lib/python3.8/site-packages/airflow/example_dags/example_sensors.py
[2024-03-23T00:14:16.617+0000] {processor.py:840} INFO - DAG(s) 'example_sensors' retrieved from /home/airflow/.local/lib/python3.8/site-packages/airflow/example_dags/example_sensors.py
[2024-03-23T00:14:16.647+0000] {logging_mixin.py:188} INFO - [2024-03-23T00:14:16.647+0000] {dag.py:3047} INFO - Sync 1 DAGs
[2024-03-23T00:14:16.661+0000] {logging_mixin.py:188} INFO - [2024-03-23T00:14:16.661+0000] {dag.py:3834} INFO - Setting next_dagrun for example_sensors to None, run_after=None
[2024-03-23T00:14:16.683+0000] {processor.py:183} INFO - Processing /home/airflow/.local/lib/python3.8/site-packages/airflow/example_dags/example_sensors.py took 0.085 seconds
[2024-03-23T00:14:47.153+0000] {processor.py:161} INFO - Started process (PID=1272) to work on /home/airflow/.local/lib/python3.8/site-packages/airflow/example_dags/example_sensors.py
[2024-03-23T00:14:47.154+0000] {processor.py:830} INFO - Processing file /home/airflow/.local/lib/python3.8/site-packages/airflow/example_dags/example_sensors.py for tasks to queue
[2024-03-23T00:14:47.156+0000] {logging_mixin.py:188} INFO - [2024-03-23T00:14:47.156+0000] {dagbag.py:540} INFO - Filling up the DagBag from /home/airflow/.local/lib/python3.8/site-packages/airflow/example_dags/example_sensors.py
[2024-03-23T00:14:47.167+0000] {processor.py:840} INFO - DAG(s) 'example_sensors' retrieved from /home/airflow/.local/lib/python3.8/site-packages/airflow/example_dags/example_sensors.py
[2024-03-23T00:14:47.196+0000] {logging_mixin.py:188} INFO - [2024-03-23T00:14:47.195+0000] {dag.py:3047} INFO - Sync 1 DAGs
[2024-03-23T00:14:47.210+0000] {logging_mixin.py:188} INFO - [2024-03-23T00:14:47.209+0000] {dag.py:3834} INFO - Setting next_dagrun for example_sensors to None, run_after=None
[2024-03-23T00:14:47.230+0000] {processor.py:183} INFO - Processing /home/airflow/.local/lib/python3.8/site-packages/airflow/example_dags/example_sensors.py took 0.082 seconds
[2024-03-23T00:15:17.441+0000] {processor.py:161} INFO - Started process (PID=1327) to work on /home/airflow/.local/lib/python3.8/site-packages/airflow/example_dags/example_sensors.py
[2024-03-23T00:15:17.442+0000] {processor.py:830} INFO - Processing file /home/airflow/.local/lib/python3.8/site-packages/airflow/example_dags/example_sensors.py for tasks to queue
[2024-03-23T00:15:17.444+0000] {logging_mixin.py:188} INFO - [2024-03-23T00:15:17.444+0000] {dagbag.py:540} INFO - Filling up the DagBag from /home/airflow/.local/lib/python3.8/site-packages/airflow/example_dags/example_sensors.py
[2024-03-23T00:15:17.456+0000] {processor.py:840} INFO - DAG(s) 'example_sensors' retrieved from /home/airflow/.local/lib/python3.8/site-packages/airflow/example_dags/example_sensors.py
[2024-03-23T00:15:17.486+0000] {logging_mixin.py:188} INFO - [2024-03-23T00:15:17.486+0000] {dag.py:3047} INFO - Sync 1 DAGs
[2024-03-23T00:15:17.500+0000] {logging_mixin.py:188} INFO - [2024-03-23T00:15:17.500+0000] {dag.py:3834} INFO - Setting next_dagrun for example_sensors to None, run_after=None
[2024-03-23T00:15:17.520+0000] {processor.py:183} INFO - Processing /home/airflow/.local/lib/python3.8/site-packages/airflow/example_dags/example_sensors.py took 0.083 seconds
[2024-03-23T00:15:47.735+0000] {processor.py:161} INFO - Started process (PID=1382) to work on /home/airflow/.local/lib/python3.8/site-packages/airflow/example_dags/example_sensors.py
[2024-03-23T00:15:47.737+0000] {processor.py:830} INFO - Processing file /home/airflow/.local/lib/python3.8/site-packages/airflow/example_dags/example_sensors.py for tasks to queue
[2024-03-23T00:15:47.739+0000] {logging_mixin.py:188} INFO - [2024-03-23T00:15:47.738+0000] {dagbag.py:540} INFO - Filling up the DagBag from /home/airflow/.local/lib/python3.8/site-packages/airflow/example_dags/example_sensors.py
[2024-03-23T00:15:47.750+0000] {processor.py:840} INFO - DAG(s) 'example_sensors' retrieved from /home/airflow/.local/lib/python3.8/site-packages/airflow/example_dags/example_sensors.py
[2024-03-23T00:15:47.780+0000] {logging_mixin.py:188} INFO - [2024-03-23T00:15:47.779+0000] {dag.py:3047} INFO - Sync 1 DAGs
[2024-03-23T00:15:47.794+0000] {logging_mixin.py:188} INFO - [2024-03-23T00:15:47.794+0000] {dag.py:3834} INFO - Setting next_dagrun for example_sensors to None, run_after=None
[2024-03-23T00:15:47.814+0000] {processor.py:183} INFO - Processing /home/airflow/.local/lib/python3.8/site-packages/airflow/example_dags/example_sensors.py took 0.083 seconds
[2024-03-23T00:16:18.240+0000] {processor.py:161} INFO - Started process (PID=1437) to work on /home/airflow/.local/lib/python3.8/site-packages/airflow/example_dags/example_sensors.py
[2024-03-23T00:16:18.241+0000] {processor.py:830} INFO - Processing file /home/airflow/.local/lib/python3.8/site-packages/airflow/example_dags/example_sensors.py for tasks to queue
[2024-03-23T00:16:18.243+0000] {logging_mixin.py:188} INFO - [2024-03-23T00:16:18.243+0000] {dagbag.py:540} INFO - Filling up the DagBag from /home/airflow/.local/lib/python3.8/site-packages/airflow/example_dags/example_sensors.py
[2024-03-23T00:16:18.254+0000] {processor.py:840} INFO - DAG(s) 'example_sensors' retrieved from /home/airflow/.local/lib/python3.8/site-packages/airflow/example_dags/example_sensors.py
[2024-03-23T00:16:18.283+0000] {logging_mixin.py:188} INFO - [2024-03-23T00:16:18.283+0000] {dag.py:3047} INFO - Sync 1 DAGs
[2024-03-23T00:16:18.297+0000] {logging_mixin.py:188} INFO - [2024-03-23T00:16:18.297+0000] {dag.py:3834} INFO - Setting next_dagrun for example_sensors to None, run_after=None
[2024-03-23T00:16:18.318+0000] {processor.py:183} INFO - Processing /home/airflow/.local/lib/python3.8/site-packages/airflow/example_dags/example_sensors.py took 0.082 seconds
[2024-03-23T00:16:48.437+0000] {processor.py:161} INFO - Started process (PID=1492) to work on /home/airflow/.local/lib/python3.8/site-packages/airflow/example_dags/example_sensors.py
[2024-03-23T00:16:48.439+0000] {processor.py:830} INFO - Processing file /home/airflow/.local/lib/python3.8/site-packages/airflow/example_dags/example_sensors.py for tasks to queue
[2024-03-23T00:16:48.441+0000] {logging_mixin.py:188} INFO - [2024-03-23T00:16:48.441+0000] {dagbag.py:540} INFO - Filling up the DagBag from /home/airflow/.local/lib/python3.8/site-packages/airflow/example_dags/example_sensors.py
[2024-03-23T00:16:48.452+0000] {processor.py:840} INFO - DAG(s) 'example_sensors' retrieved from /home/airflow/.local/lib/python3.8/site-packages/airflow/example_dags/example_sensors.py
[2024-03-23T00:16:48.482+0000] {logging_mixin.py:188} INFO - [2024-03-23T00:16:48.481+0000] {dag.py:3047} INFO - Sync 1 DAGs
[2024-03-23T00:16:48.495+0000] {logging_mixin.py:188} INFO - [2024-03-23T00:16:48.495+0000] {dag.py:3834} INFO - Setting next_dagrun for example_sensors to None, run_after=None
[2024-03-23T00:16:48.515+0000] {processor.py:183} INFO - Processing /home/airflow/.local/lib/python3.8/site-packages/airflow/example_dags/example_sensors.py took 0.082 seconds
[2024-03-23T00:17:18.794+0000] {processor.py:161} INFO - Started process (PID=1547) to work on /home/airflow/.local/lib/python3.8/site-packages/airflow/example_dags/example_sensors.py
[2024-03-23T00:17:18.795+0000] {processor.py:830} INFO - Processing file /home/airflow/.local/lib/python3.8/site-packages/airflow/example_dags/example_sensors.py for tasks to queue
[2024-03-23T00:17:18.797+0000] {logging_mixin.py:188} INFO - [2024-03-23T00:17:18.797+0000] {dagbag.py:540} INFO - Filling up the DagBag from /home/airflow/.local/lib/python3.8/site-packages/airflow/example_dags/example_sensors.py
[2024-03-23T00:17:18.808+0000] {processor.py:840} INFO - DAG(s) 'example_sensors' retrieved from /home/airflow/.local/lib/python3.8/site-packages/airflow/example_dags/example_sensors.py
[2024-03-23T00:17:18.837+0000] {logging_mixin.py:188} INFO - [2024-03-23T00:17:18.837+0000] {dag.py:3047} INFO - Sync 1 DAGs
[2024-03-23T00:17:18.853+0000] {logging_mixin.py:188} INFO - [2024-03-23T00:17:18.852+0000] {dag.py:3834} INFO - Setting next_dagrun for example_sensors to None, run_after=None
[2024-03-23T00:17:18.873+0000] {processor.py:183} INFO - Processing /home/airflow/.local/lib/python3.8/site-packages/airflow/example_dags/example_sensors.py took 0.084 seconds
[2024-03-23T00:17:49.260+0000] {processor.py:161} INFO - Started process (PID=1602) to work on /home/airflow/.local/lib/python3.8/site-packages/airflow/example_dags/example_sensors.py
[2024-03-23T00:17:49.261+0000] {processor.py:830} INFO - Processing file /home/airflow/.local/lib/python3.8/site-packages/airflow/example_dags/example_sensors.py for tasks to queue
[2024-03-23T00:17:49.263+0000] {logging_mixin.py:188} INFO - [2024-03-23T00:17:49.263+0000] {dagbag.py:540} INFO - Filling up the DagBag from /home/airflow/.local/lib/python3.8/site-packages/airflow/example_dags/example_sensors.py
[2024-03-23T00:17:49.274+0000] {processor.py:840} INFO - DAG(s) 'example_sensors' retrieved from /home/airflow/.local/lib/python3.8/site-packages/airflow/example_dags/example_sensors.py
[2024-03-23T00:17:49.304+0000] {logging_mixin.py:188} INFO - [2024-03-23T00:17:49.303+0000] {dag.py:3047} INFO - Sync 1 DAGs
[2024-03-23T00:17:49.318+0000] {logging_mixin.py:188} INFO - [2024-03-23T00:17:49.318+0000] {dag.py:3834} INFO - Setting next_dagrun for example_sensors to None, run_after=None
[2024-03-23T00:17:49.338+0000] {processor.py:183} INFO - Processing /home/airflow/.local/lib/python3.8/site-packages/airflow/example_dags/example_sensors.py took 0.082 seconds
[2024-03-23T00:18:19.605+0000] {processor.py:161} INFO - Started process (PID=1663) to work on /home/airflow/.local/lib/python3.8/site-packages/airflow/example_dags/example_sensors.py
[2024-03-23T00:18:19.607+0000] {processor.py:830} INFO - Processing file /home/airflow/.local/lib/python3.8/site-packages/airflow/example_dags/example_sensors.py for tasks to queue
[2024-03-23T00:18:19.610+0000] {logging_mixin.py:188} INFO - [2024-03-23T00:18:19.610+0000] {dagbag.py:540} INFO - Filling up the DagBag from /home/airflow/.local/lib/python3.8/site-packages/airflow/example_dags/example_sensors.py
[2024-03-23T00:18:19.622+0000] {processor.py:840} INFO - DAG(s) 'example_sensors' retrieved from /home/airflow/.local/lib/python3.8/site-packages/airflow/example_dags/example_sensors.py
[2024-03-23T00:18:19.652+0000] {logging_mixin.py:188} INFO - [2024-03-23T00:18:19.652+0000] {dag.py:3047} INFO - Sync 1 DAGs
[2024-03-23T00:18:19.666+0000] {logging_mixin.py:188} INFO - [2024-03-23T00:18:19.666+0000] {dag.py:3834} INFO - Setting next_dagrun for example_sensors to None, run_after=None
[2024-03-23T00:18:19.686+0000] {processor.py:183} INFO - Processing /home/airflow/.local/lib/python3.8/site-packages/airflow/example_dags/example_sensors.py took 0.085 seconds
[2024-03-23T00:18:50.118+0000] {processor.py:161} INFO - Started process (PID=1718) to work on /home/airflow/.local/lib/python3.8/site-packages/airflow/example_dags/example_sensors.py
[2024-03-23T00:18:50.119+0000] {processor.py:830} INFO - Processing file /home/airflow/.local/lib/python3.8/site-packages/airflow/example_dags/example_sensors.py for tasks to queue
[2024-03-23T00:18:50.121+0000] {logging_mixin.py:188} INFO - [2024-03-23T00:18:50.121+0000] {dagbag.py:540} INFO - Filling up the DagBag from /home/airflow/.local/lib/python3.8/site-packages/airflow/example_dags/example_sensors.py
[2024-03-23T00:18:50.132+0000] {processor.py:840} INFO - DAG(s) 'example_sensors' retrieved from /home/airflow/.local/lib/python3.8/site-packages/airflow/example_dags/example_sensors.py
[2024-03-23T00:18:50.162+0000] {logging_mixin.py:188} INFO - [2024-03-23T00:18:50.161+0000] {dag.py:3047} INFO - Sync 1 DAGs
[2024-03-23T00:18:50.175+0000] {logging_mixin.py:188} INFO - [2024-03-23T00:18:50.175+0000] {dag.py:3834} INFO - Setting next_dagrun for example_sensors to None, run_after=None
[2024-03-23T00:18:50.197+0000] {processor.py:183} INFO - Processing /home/airflow/.local/lib/python3.8/site-packages/airflow/example_dags/example_sensors.py took 0.083 seconds
[2024-03-23T00:19:20.386+0000] {processor.py:161} INFO - Started process (PID=1773) to work on /home/airflow/.local/lib/python3.8/site-packages/airflow/example_dags/example_sensors.py
[2024-03-23T00:19:20.387+0000] {processor.py:830} INFO - Processing file /home/airflow/.local/lib/python3.8/site-packages/airflow/example_dags/example_sensors.py for tasks to queue
[2024-03-23T00:19:20.389+0000] {logging_mixin.py:188} INFO - [2024-03-23T00:19:20.389+0000] {dagbag.py:540} INFO - Filling up the DagBag from /home/airflow/.local/lib/python3.8/site-packages/airflow/example_dags/example_sensors.py
[2024-03-23T00:19:20.400+0000] {processor.py:840} INFO - DAG(s) 'example_sensors' retrieved from /home/airflow/.local/lib/python3.8/site-packages/airflow/example_dags/example_sensors.py
[2024-03-23T00:19:20.430+0000] {logging_mixin.py:188} INFO - [2024-03-23T00:19:20.430+0000] {dag.py:3047} INFO - Sync 1 DAGs
[2024-03-23T00:19:20.445+0000] {logging_mixin.py:188} INFO - [2024-03-23T00:19:20.445+0000] {dag.py:3834} INFO - Setting next_dagrun for example_sensors to None, run_after=None
[2024-03-23T00:19:20.464+0000] {processor.py:183} INFO - Processing /home/airflow/.local/lib/python3.8/site-packages/airflow/example_dags/example_sensors.py took 0.083 seconds
[2024-03-23T00:19:51.012+0000] {processor.py:161} INFO - Started process (PID=1828) to work on /home/airflow/.local/lib/python3.8/site-packages/airflow/example_dags/example_sensors.py
[2024-03-23T00:19:51.013+0000] {processor.py:830} INFO - Processing file /home/airflow/.local/lib/python3.8/site-packages/airflow/example_dags/example_sensors.py for tasks to queue
[2024-03-23T00:19:51.016+0000] {logging_mixin.py:188} INFO - [2024-03-23T00:19:51.015+0000] {dagbag.py:540} INFO - Filling up the DagBag from /home/airflow/.local/lib/python3.8/site-packages/airflow/example_dags/example_sensors.py
[2024-03-23T00:19:51.028+0000] {processor.py:840} INFO - DAG(s) 'example_sensors' retrieved from /home/airflow/.local/lib/python3.8/site-packages/airflow/example_dags/example_sensors.py
[2024-03-23T00:19:51.063+0000] {logging_mixin.py:188} INFO - [2024-03-23T00:19:51.063+0000] {dag.py:3047} INFO - Sync 1 DAGs
[2024-03-23T00:19:51.080+0000] {logging_mixin.py:188} INFO - [2024-03-23T00:19:51.080+0000] {dag.py:3834} INFO - Setting next_dagrun for example_sensors to None, run_after=None
[2024-03-23T00:19:51.111+0000] {processor.py:183} INFO - Processing /home/airflow/.local/lib/python3.8/site-packages/airflow/example_dags/example_sensors.py took 0.103 seconds
[2024-03-23T00:20:21.594+0000] {processor.py:161} INFO - Started process (PID=1883) to work on /home/airflow/.local/lib/python3.8/site-packages/airflow/example_dags/example_sensors.py
[2024-03-23T00:20:21.595+0000] {processor.py:830} INFO - Processing file /home/airflow/.local/lib/python3.8/site-packages/airflow/example_dags/example_sensors.py for tasks to queue
[2024-03-23T00:20:21.597+0000] {logging_mixin.py:188} INFO - [2024-03-23T00:20:21.597+0000] {dagbag.py:540} INFO - Filling up the DagBag from /home/airflow/.local/lib/python3.8/site-packages/airflow/example_dags/example_sensors.py
[2024-03-23T00:20:21.608+0000] {processor.py:840} INFO - DAG(s) 'example_sensors' retrieved from /home/airflow/.local/lib/python3.8/site-packages/airflow/example_dags/example_sensors.py
[2024-03-23T00:20:21.638+0000] {logging_mixin.py:188} INFO - [2024-03-23T00:20:21.638+0000] {dag.py:3047} INFO - Sync 1 DAGs
[2024-03-23T00:20:21.652+0000] {logging_mixin.py:188} INFO - [2024-03-23T00:20:21.652+0000] {dag.py:3834} INFO - Setting next_dagrun for example_sensors to None, run_after=None
[2024-03-23T00:20:21.672+0000] {processor.py:183} INFO - Processing /home/airflow/.local/lib/python3.8/site-packages/airflow/example_dags/example_sensors.py took 0.082 seconds
[2024-03-23T00:20:52.082+0000] {processor.py:161} INFO - Started process (PID=1938) to work on /home/airflow/.local/lib/python3.8/site-packages/airflow/example_dags/example_sensors.py
[2024-03-23T00:20:52.084+0000] {processor.py:830} INFO - Processing file /home/airflow/.local/lib/python3.8/site-packages/airflow/example_dags/example_sensors.py for tasks to queue
[2024-03-23T00:20:52.086+0000] {logging_mixin.py:188} INFO - [2024-03-23T00:20:52.086+0000] {dagbag.py:540} INFO - Filling up the DagBag from /home/airflow/.local/lib/python3.8/site-packages/airflow/example_dags/example_sensors.py
[2024-03-23T00:20:52.098+0000] {processor.py:840} INFO - DAG(s) 'example_sensors' retrieved from /home/airflow/.local/lib/python3.8/site-packages/airflow/example_dags/example_sensors.py
[2024-03-23T00:20:52.131+0000] {logging_mixin.py:188} INFO - [2024-03-23T00:20:52.130+0000] {dag.py:3047} INFO - Sync 1 DAGs
[2024-03-23T00:20:52.146+0000] {logging_mixin.py:188} INFO - [2024-03-23T00:20:52.145+0000] {dag.py:3834} INFO - Setting next_dagrun for example_sensors to None, run_after=None
[2024-03-23T00:20:52.169+0000] {processor.py:183} INFO - Processing /home/airflow/.local/lib/python3.8/site-packages/airflow/example_dags/example_sensors.py took 0.091 seconds
[2024-03-23T00:21:22.230+0000] {processor.py:161} INFO - Started process (PID=1993) to work on /home/airflow/.local/lib/python3.8/site-packages/airflow/example_dags/example_sensors.py
[2024-03-23T00:21:22.231+0000] {processor.py:830} INFO - Processing file /home/airflow/.local/lib/python3.8/site-packages/airflow/example_dags/example_sensors.py for tasks to queue
[2024-03-23T00:21:22.233+0000] {logging_mixin.py:188} INFO - [2024-03-23T00:21:22.233+0000] {dagbag.py:540} INFO - Filling up the DagBag from /home/airflow/.local/lib/python3.8/site-packages/airflow/example_dags/example_sensors.py
[2024-03-23T00:21:22.245+0000] {processor.py:840} INFO - DAG(s) 'example_sensors' retrieved from /home/airflow/.local/lib/python3.8/site-packages/airflow/example_dags/example_sensors.py
[2024-03-23T00:21:22.275+0000] {logging_mixin.py:188} INFO - [2024-03-23T00:21:22.275+0000] {dag.py:3047} INFO - Sync 1 DAGs
[2024-03-23T00:21:22.289+0000] {logging_mixin.py:188} INFO - [2024-03-23T00:21:22.289+0000] {dag.py:3834} INFO - Setting next_dagrun for example_sensors to None, run_after=None
[2024-03-23T00:21:22.309+0000] {processor.py:183} INFO - Processing /home/airflow/.local/lib/python3.8/site-packages/airflow/example_dags/example_sensors.py took 0.083 seconds
[2024-03-23T00:21:52.469+0000] {processor.py:161} INFO - Started process (PID=2048) to work on /home/airflow/.local/lib/python3.8/site-packages/airflow/example_dags/example_sensors.py
[2024-03-23T00:21:52.470+0000] {processor.py:830} INFO - Processing file /home/airflow/.local/lib/python3.8/site-packages/airflow/example_dags/example_sensors.py for tasks to queue
[2024-03-23T00:21:52.472+0000] {logging_mixin.py:188} INFO - [2024-03-23T00:21:52.472+0000] {dagbag.py:540} INFO - Filling up the DagBag from /home/airflow/.local/lib/python3.8/site-packages/airflow/example_dags/example_sensors.py
[2024-03-23T00:21:52.483+0000] {processor.py:840} INFO - DAG(s) 'example_sensors' retrieved from /home/airflow/.local/lib/python3.8/site-packages/airflow/example_dags/example_sensors.py
[2024-03-23T00:21:52.514+0000] {logging_mixin.py:188} INFO - [2024-03-23T00:21:52.513+0000] {dag.py:3047} INFO - Sync 1 DAGs
[2024-03-23T00:21:52.529+0000] {logging_mixin.py:188} INFO - [2024-03-23T00:21:52.528+0000] {dag.py:3834} INFO - Setting next_dagrun for example_sensors to None, run_after=None
[2024-03-23T00:21:52.548+0000] {processor.py:183} INFO - Processing /home/airflow/.local/lib/python3.8/site-packages/airflow/example_dags/example_sensors.py took 0.083 seconds
[2024-03-23T00:22:23.035+0000] {processor.py:161} INFO - Started process (PID=2103) to work on /home/airflow/.local/lib/python3.8/site-packages/airflow/example_dags/example_sensors.py
[2024-03-23T00:22:23.036+0000] {processor.py:830} INFO - Processing file /home/airflow/.local/lib/python3.8/site-packages/airflow/example_dags/example_sensors.py for tasks to queue
[2024-03-23T00:22:23.039+0000] {logging_mixin.py:188} INFO - [2024-03-23T00:22:23.038+0000] {dagbag.py:540} INFO - Filling up the DagBag from /home/airflow/.local/lib/python3.8/site-packages/airflow/example_dags/example_sensors.py
[2024-03-23T00:22:23.050+0000] {processor.py:840} INFO - DAG(s) 'example_sensors' retrieved from /home/airflow/.local/lib/python3.8/site-packages/airflow/example_dags/example_sensors.py
[2024-03-23T00:22:23.084+0000] {logging_mixin.py:188} INFO - [2024-03-23T00:22:23.084+0000] {dag.py:3047} INFO - Sync 1 DAGs
[2024-03-23T00:22:23.099+0000] {logging_mixin.py:188} INFO - [2024-03-23T00:22:23.099+0000] {dag.py:3834} INFO - Setting next_dagrun for example_sensors to None, run_after=None
[2024-03-23T00:22:23.122+0000] {processor.py:183} INFO - Processing /home/airflow/.local/lib/python3.8/site-packages/airflow/example_dags/example_sensors.py took 0.091 seconds
[2024-03-23T00:22:53.317+0000] {processor.py:161} INFO - Started process (PID=2158) to work on /home/airflow/.local/lib/python3.8/site-packages/airflow/example_dags/example_sensors.py
[2024-03-23T00:22:53.318+0000] {processor.py:830} INFO - Processing file /home/airflow/.local/lib/python3.8/site-packages/airflow/example_dags/example_sensors.py for tasks to queue
[2024-03-23T00:22:53.321+0000] {logging_mixin.py:188} INFO - [2024-03-23T00:22:53.320+0000] {dagbag.py:540} INFO - Filling up the DagBag from /home/airflow/.local/lib/python3.8/site-packages/airflow/example_dags/example_sensors.py
[2024-03-23T00:22:53.332+0000] {processor.py:840} INFO - DAG(s) 'example_sensors' retrieved from /home/airflow/.local/lib/python3.8/site-packages/airflow/example_dags/example_sensors.py
[2024-03-23T00:22:53.362+0000] {logging_mixin.py:188} INFO - [2024-03-23T00:22:53.362+0000] {dag.py:3047} INFO - Sync 1 DAGs
[2024-03-23T00:22:53.376+0000] {logging_mixin.py:188} INFO - [2024-03-23T00:22:53.375+0000] {dag.py:3834} INFO - Setting next_dagrun for example_sensors to None, run_after=None
[2024-03-23T00:22:53.396+0000] {processor.py:183} INFO - Processing /home/airflow/.local/lib/python3.8/site-packages/airflow/example_dags/example_sensors.py took 0.083 seconds
[2024-03-23T00:23:23.634+0000] {processor.py:161} INFO - Started process (PID=2213) to work on /home/airflow/.local/lib/python3.8/site-packages/airflow/example_dags/example_sensors.py
[2024-03-23T00:23:23.635+0000] {processor.py:830} INFO - Processing file /home/airflow/.local/lib/python3.8/site-packages/airflow/example_dags/example_sensors.py for tasks to queue
[2024-03-23T00:23:23.637+0000] {logging_mixin.py:188} INFO - [2024-03-23T00:23:23.637+0000] {dagbag.py:540} INFO - Filling up the DagBag from /home/airflow/.local/lib/python3.8/site-packages/airflow/example_dags/example_sensors.py
[2024-03-23T00:23:23.648+0000] {processor.py:840} INFO - DAG(s) 'example_sensors' retrieved from /home/airflow/.local/lib/python3.8/site-packages/airflow/example_dags/example_sensors.py
[2024-03-23T00:23:23.678+0000] {logging_mixin.py:188} INFO - [2024-03-23T00:23:23.678+0000] {dag.py:3047} INFO - Sync 1 DAGs
[2024-03-23T00:23:23.692+0000] {logging_mixin.py:188} INFO - [2024-03-23T00:23:23.692+0000] {dag.py:3834} INFO - Setting next_dagrun for example_sensors to None, run_after=None
[2024-03-23T00:23:23.713+0000] {processor.py:183} INFO - Processing /home/airflow/.local/lib/python3.8/site-packages/airflow/example_dags/example_sensors.py took 0.083 seconds
[2024-03-23T00:23:53.978+0000] {processor.py:161} INFO - Started process (PID=2268) to work on /home/airflow/.local/lib/python3.8/site-packages/airflow/example_dags/example_sensors.py
[2024-03-23T00:23:53.979+0000] {processor.py:830} INFO - Processing file /home/airflow/.local/lib/python3.8/site-packages/airflow/example_dags/example_sensors.py for tasks to queue
[2024-03-23T00:23:53.981+0000] {logging_mixin.py:188} INFO - [2024-03-23T00:23:53.981+0000] {dagbag.py:540} INFO - Filling up the DagBag from /home/airflow/.local/lib/python3.8/site-packages/airflow/example_dags/example_sensors.py
[2024-03-23T00:23:53.992+0000] {processor.py:840} INFO - DAG(s) 'example_sensors' retrieved from /home/airflow/.local/lib/python3.8/site-packages/airflow/example_dags/example_sensors.py
[2024-03-23T00:23:54.026+0000] {logging_mixin.py:188} INFO - [2024-03-23T00:23:54.026+0000] {dag.py:3047} INFO - Sync 1 DAGs
[2024-03-23T00:23:54.041+0000] {logging_mixin.py:188} INFO - [2024-03-23T00:23:54.041+0000] {dag.py:3834} INFO - Setting next_dagrun for example_sensors to None, run_after=None
[2024-03-23T00:23:54.061+0000] {processor.py:183} INFO - Processing /home/airflow/.local/lib/python3.8/site-packages/airflow/example_dags/example_sensors.py took 0.088 seconds
[2024-03-23T00:24:24.798+0000] {processor.py:161} INFO - Started process (PID=2321) to work on /home/airflow/.local/lib/python3.8/site-packages/airflow/example_dags/example_sensors.py
[2024-03-23T00:24:24.800+0000] {processor.py:830} INFO - Processing file /home/airflow/.local/lib/python3.8/site-packages/airflow/example_dags/example_sensors.py for tasks to queue
[2024-03-23T00:24:24.802+0000] {logging_mixin.py:188} INFO - [2024-03-23T00:24:24.802+0000] {dagbag.py:540} INFO - Filling up the DagBag from /home/airflow/.local/lib/python3.8/site-packages/airflow/example_dags/example_sensors.py
[2024-03-23T00:24:24.813+0000] {processor.py:840} INFO - DAG(s) 'example_sensors' retrieved from /home/airflow/.local/lib/python3.8/site-packages/airflow/example_dags/example_sensors.py
[2024-03-23T00:24:24.844+0000] {logging_mixin.py:188} INFO - [2024-03-23T00:24:24.843+0000] {dag.py:3047} INFO - Sync 1 DAGs
[2024-03-23T00:24:24.858+0000] {logging_mixin.py:188} INFO - [2024-03-23T00:24:24.858+0000] {dag.py:3834} INFO - Setting next_dagrun for example_sensors to None, run_after=None
[2024-03-23T00:24:24.879+0000] {processor.py:183} INFO - Processing /home/airflow/.local/lib/python3.8/site-packages/airflow/example_dags/example_sensors.py took 0.084 seconds
[2024-03-23T00:24:55.075+0000] {processor.py:161} INFO - Started process (PID=2376) to work on /home/airflow/.local/lib/python3.8/site-packages/airflow/example_dags/example_sensors.py
[2024-03-23T00:24:55.076+0000] {processor.py:830} INFO - Processing file /home/airflow/.local/lib/python3.8/site-packages/airflow/example_dags/example_sensors.py for tasks to queue
[2024-03-23T00:24:55.078+0000] {logging_mixin.py:188} INFO - [2024-03-23T00:24:55.078+0000] {dagbag.py:540} INFO - Filling up the DagBag from /home/airflow/.local/lib/python3.8/site-packages/airflow/example_dags/example_sensors.py
[2024-03-23T00:24:55.089+0000] {processor.py:840} INFO - DAG(s) 'example_sensors' retrieved from /home/airflow/.local/lib/python3.8/site-packages/airflow/example_dags/example_sensors.py
[2024-03-23T00:24:55.121+0000] {logging_mixin.py:188} INFO - [2024-03-23T00:24:55.120+0000] {dag.py:3047} INFO - Sync 1 DAGs
[2024-03-23T00:24:55.135+0000] {logging_mixin.py:188} INFO - [2024-03-23T00:24:55.135+0000] {dag.py:3834} INFO - Setting next_dagrun for example_sensors to None, run_after=None
[2024-03-23T00:24:55.157+0000] {processor.py:183} INFO - Processing /home/airflow/.local/lib/python3.8/site-packages/airflow/example_dags/example_sensors.py took 0.087 seconds
[2024-03-23T00:25:25.360+0000] {processor.py:161} INFO - Started process (PID=2431) to work on /home/airflow/.local/lib/python3.8/site-packages/airflow/example_dags/example_sensors.py
[2024-03-23T00:25:25.362+0000] {processor.py:830} INFO - Processing file /home/airflow/.local/lib/python3.8/site-packages/airflow/example_dags/example_sensors.py for tasks to queue
[2024-03-23T00:25:25.364+0000] {logging_mixin.py:188} INFO - [2024-03-23T00:25:25.363+0000] {dagbag.py:540} INFO - Filling up the DagBag from /home/airflow/.local/lib/python3.8/site-packages/airflow/example_dags/example_sensors.py
[2024-03-23T00:25:25.375+0000] {processor.py:840} INFO - DAG(s) 'example_sensors' retrieved from /home/airflow/.local/lib/python3.8/site-packages/airflow/example_dags/example_sensors.py
[2024-03-23T00:25:25.405+0000] {logging_mixin.py:188} INFO - [2024-03-23T00:25:25.404+0000] {dag.py:3047} INFO - Sync 1 DAGs
[2024-03-23T00:25:25.419+0000] {logging_mixin.py:188} INFO - [2024-03-23T00:25:25.419+0000] {dag.py:3834} INFO - Setting next_dagrun for example_sensors to None, run_after=None
[2024-03-23T00:25:25.440+0000] {processor.py:183} INFO - Processing /home/airflow/.local/lib/python3.8/site-packages/airflow/example_dags/example_sensors.py took 0.083 seconds
[2024-03-23T00:25:55.642+0000] {processor.py:161} INFO - Started process (PID=2486) to work on /home/airflow/.local/lib/python3.8/site-packages/airflow/example_dags/example_sensors.py
[2024-03-23T00:25:55.643+0000] {processor.py:830} INFO - Processing file /home/airflow/.local/lib/python3.8/site-packages/airflow/example_dags/example_sensors.py for tasks to queue
[2024-03-23T00:25:55.645+0000] {logging_mixin.py:188} INFO - [2024-03-23T00:25:55.645+0000] {dagbag.py:540} INFO - Filling up the DagBag from /home/airflow/.local/lib/python3.8/site-packages/airflow/example_dags/example_sensors.py
[2024-03-23T00:25:55.656+0000] {processor.py:840} INFO - DAG(s) 'example_sensors' retrieved from /home/airflow/.local/lib/python3.8/site-packages/airflow/example_dags/example_sensors.py
[2024-03-23T00:25:55.686+0000] {logging_mixin.py:188} INFO - [2024-03-23T00:25:55.686+0000] {dag.py:3047} INFO - Sync 1 DAGs
[2024-03-23T00:25:55.700+0000] {logging_mixin.py:188} INFO - [2024-03-23T00:25:55.700+0000] {dag.py:3834} INFO - Setting next_dagrun for example_sensors to None, run_after=None
[2024-03-23T00:25:55.720+0000] {processor.py:183} INFO - Processing /home/airflow/.local/lib/python3.8/site-packages/airflow/example_dags/example_sensors.py took 0.082 seconds
[2024-03-23T00:26:25.891+0000] {processor.py:161} INFO - Started process (PID=2541) to work on /home/airflow/.local/lib/python3.8/site-packages/airflow/example_dags/example_sensors.py
[2024-03-23T00:26:25.892+0000] {processor.py:830} INFO - Processing file /home/airflow/.local/lib/python3.8/site-packages/airflow/example_dags/example_sensors.py for tasks to queue
[2024-03-23T00:26:25.894+0000] {logging_mixin.py:188} INFO - [2024-03-23T00:26:25.894+0000] {dagbag.py:540} INFO - Filling up the DagBag from /home/airflow/.local/lib/python3.8/site-packages/airflow/example_dags/example_sensors.py
[2024-03-23T00:26:25.905+0000] {processor.py:840} INFO - DAG(s) 'example_sensors' retrieved from /home/airflow/.local/lib/python3.8/site-packages/airflow/example_dags/example_sensors.py
[2024-03-23T00:26:25.935+0000] {logging_mixin.py:188} INFO - [2024-03-23T00:26:25.935+0000] {dag.py:3047} INFO - Sync 1 DAGs
[2024-03-23T00:26:25.949+0000] {logging_mixin.py:188} INFO - [2024-03-23T00:26:25.949+0000] {dag.py:3834} INFO - Setting next_dagrun for example_sensors to None, run_after=None
[2024-03-23T00:26:25.969+0000] {processor.py:183} INFO - Processing /home/airflow/.local/lib/python3.8/site-packages/airflow/example_dags/example_sensors.py took 0.083 seconds
