[2024-03-23T00:03:40.138+0000] {processor.py:161} INFO - Started process (PID=75) to work on /home/airflow/.local/lib/python3.8/site-packages/airflow/example_dags/example_skip_dag.py
[2024-03-23T00:03:40.140+0000] {processor.py:830} INFO - Processing file /home/airflow/.local/lib/python3.8/site-packages/airflow/example_dags/example_skip_dag.py for tasks to queue
[2024-03-23T00:03:40.143+0000] {logging_mixin.py:188} INFO - [2024-03-23T00:03:40.143+0000] {dagbag.py:540} INFO - Filling up the DagBag from /home/airflow/.local/lib/python3.8/site-packages/airflow/example_dags/example_skip_dag.py
[2024-03-23T00:03:40.154+0000] {processor.py:840} INFO - DAG(s) 'example_skip_dag' retrieved from /home/airflow/.local/lib/python3.8/site-packages/airflow/example_dags/example_skip_dag.py
[2024-03-23T00:03:40.195+0000] {logging_mixin.py:188} INFO - [2024-03-23T00:03:40.194+0000] {dag.py:3047} INFO - Sync 1 DAGs
[2024-03-23T00:03:40.238+0000] {logging_mixin.py:188} INFO - [2024-03-23T00:03:40.237+0000] {dag.py:3834} INFO - Setting next_dagrun for example_skip_dag to 2024-03-22 00:00:00+00:00, run_after=2024-03-23 00:00:00+00:00
[2024-03-23T00:03:40.325+0000] {processor.py:183} INFO - Processing /home/airflow/.local/lib/python3.8/site-packages/airflow/example_dags/example_skip_dag.py took 0.192 seconds
[2024-03-23T00:04:10.802+0000] {processor.py:161} INFO - Started process (PID=130) to work on /home/airflow/.local/lib/python3.8/site-packages/airflow/example_dags/example_skip_dag.py
[2024-03-23T00:04:10.803+0000] {processor.py:830} INFO - Processing file /home/airflow/.local/lib/python3.8/site-packages/airflow/example_dags/example_skip_dag.py for tasks to queue
[2024-03-23T00:04:10.805+0000] {logging_mixin.py:188} INFO - [2024-03-23T00:04:10.805+0000] {dagbag.py:540} INFO - Filling up the DagBag from /home/airflow/.local/lib/python3.8/site-packages/airflow/example_dags/example_skip_dag.py
[2024-03-23T00:04:10.813+0000] {processor.py:840} INFO - DAG(s) 'example_skip_dag' retrieved from /home/airflow/.local/lib/python3.8/site-packages/airflow/example_dags/example_skip_dag.py
[2024-03-23T00:04:10.838+0000] {logging_mixin.py:188} INFO - [2024-03-23T00:04:10.838+0000] {dag.py:3047} INFO - Sync 1 DAGs
[2024-03-23T00:04:10.862+0000] {logging_mixin.py:188} INFO - [2024-03-23T00:04:10.862+0000] {dag.py:3834} INFO - Setting next_dagrun for example_skip_dag to 2024-03-22 00:00:00+00:00, run_after=2024-03-23 00:00:00+00:00
[2024-03-23T00:04:10.883+0000] {processor.py:183} INFO - Processing /home/airflow/.local/lib/python3.8/site-packages/airflow/example_dags/example_skip_dag.py took 0.085 seconds
[2024-03-23T00:04:41.235+0000] {processor.py:161} INFO - Started process (PID=185) to work on /home/airflow/.local/lib/python3.8/site-packages/airflow/example_dags/example_skip_dag.py
[2024-03-23T00:04:41.236+0000] {processor.py:830} INFO - Processing file /home/airflow/.local/lib/python3.8/site-packages/airflow/example_dags/example_skip_dag.py for tasks to queue
[2024-03-23T00:04:41.238+0000] {logging_mixin.py:188} INFO - [2024-03-23T00:04:41.238+0000] {dagbag.py:540} INFO - Filling up the DagBag from /home/airflow/.local/lib/python3.8/site-packages/airflow/example_dags/example_skip_dag.py
[2024-03-23T00:04:41.246+0000] {processor.py:840} INFO - DAG(s) 'example_skip_dag' retrieved from /home/airflow/.local/lib/python3.8/site-packages/airflow/example_dags/example_skip_dag.py
[2024-03-23T00:04:41.271+0000] {logging_mixin.py:188} INFO - [2024-03-23T00:04:41.270+0000] {dag.py:3047} INFO - Sync 1 DAGs
[2024-03-23T00:04:41.296+0000] {logging_mixin.py:188} INFO - [2024-03-23T00:04:41.295+0000] {dag.py:3834} INFO - Setting next_dagrun for example_skip_dag to 2024-03-22 00:00:00+00:00, run_after=2024-03-23 00:00:00+00:00
[2024-03-23T00:04:41.315+0000] {processor.py:183} INFO - Processing /home/airflow/.local/lib/python3.8/site-packages/airflow/example_dags/example_skip_dag.py took 0.085 seconds
[2024-03-23T00:05:11.459+0000] {processor.py:161} INFO - Started process (PID=240) to work on /home/airflow/.local/lib/python3.8/site-packages/airflow/example_dags/example_skip_dag.py
[2024-03-23T00:05:11.460+0000] {processor.py:830} INFO - Processing file /home/airflow/.local/lib/python3.8/site-packages/airflow/example_dags/example_skip_dag.py for tasks to queue
[2024-03-23T00:05:11.462+0000] {logging_mixin.py:188} INFO - [2024-03-23T00:05:11.462+0000] {dagbag.py:540} INFO - Filling up the DagBag from /home/airflow/.local/lib/python3.8/site-packages/airflow/example_dags/example_skip_dag.py
[2024-03-23T00:05:11.470+0000] {processor.py:840} INFO - DAG(s) 'example_skip_dag' retrieved from /home/airflow/.local/lib/python3.8/site-packages/airflow/example_dags/example_skip_dag.py
[2024-03-23T00:05:11.495+0000] {logging_mixin.py:188} INFO - [2024-03-23T00:05:11.495+0000] {dag.py:3047} INFO - Sync 1 DAGs
[2024-03-23T00:05:11.521+0000] {logging_mixin.py:188} INFO - [2024-03-23T00:05:11.520+0000] {dag.py:3834} INFO - Setting next_dagrun for example_skip_dag to 2024-03-22 00:00:00+00:00, run_after=2024-03-23 00:00:00+00:00
[2024-03-23T00:05:11.539+0000] {processor.py:183} INFO - Processing /home/airflow/.local/lib/python3.8/site-packages/airflow/example_dags/example_skip_dag.py took 0.084 seconds
[2024-03-23T00:05:42.097+0000] {processor.py:161} INFO - Started process (PID=295) to work on /home/airflow/.local/lib/python3.8/site-packages/airflow/example_dags/example_skip_dag.py
[2024-03-23T00:05:42.099+0000] {processor.py:830} INFO - Processing file /home/airflow/.local/lib/python3.8/site-packages/airflow/example_dags/example_skip_dag.py for tasks to queue
[2024-03-23T00:05:42.101+0000] {logging_mixin.py:188} INFO - [2024-03-23T00:05:42.100+0000] {dagbag.py:540} INFO - Filling up the DagBag from /home/airflow/.local/lib/python3.8/site-packages/airflow/example_dags/example_skip_dag.py
[2024-03-23T00:05:42.108+0000] {processor.py:840} INFO - DAG(s) 'example_skip_dag' retrieved from /home/airflow/.local/lib/python3.8/site-packages/airflow/example_dags/example_skip_dag.py
[2024-03-23T00:05:42.133+0000] {logging_mixin.py:188} INFO - [2024-03-23T00:05:42.132+0000] {dag.py:3047} INFO - Sync 1 DAGs
[2024-03-23T00:05:42.157+0000] {logging_mixin.py:188} INFO - [2024-03-23T00:05:42.156+0000] {dag.py:3834} INFO - Setting next_dagrun for example_skip_dag to 2024-03-22 00:00:00+00:00, run_after=2024-03-23 00:00:00+00:00
[2024-03-23T00:05:42.177+0000] {processor.py:183} INFO - Processing /home/airflow/.local/lib/python3.8/site-packages/airflow/example_dags/example_skip_dag.py took 0.084 seconds
[2024-03-23T00:06:12.440+0000] {processor.py:161} INFO - Started process (PID=350) to work on /home/airflow/.local/lib/python3.8/site-packages/airflow/example_dags/example_skip_dag.py
[2024-03-23T00:06:12.441+0000] {processor.py:830} INFO - Processing file /home/airflow/.local/lib/python3.8/site-packages/airflow/example_dags/example_skip_dag.py for tasks to queue
[2024-03-23T00:06:12.443+0000] {logging_mixin.py:188} INFO - [2024-03-23T00:06:12.443+0000] {dagbag.py:540} INFO - Filling up the DagBag from /home/airflow/.local/lib/python3.8/site-packages/airflow/example_dags/example_skip_dag.py
[2024-03-23T00:06:12.452+0000] {processor.py:840} INFO - DAG(s) 'example_skip_dag' retrieved from /home/airflow/.local/lib/python3.8/site-packages/airflow/example_dags/example_skip_dag.py
[2024-03-23T00:06:12.478+0000] {logging_mixin.py:188} INFO - [2024-03-23T00:06:12.478+0000] {dag.py:3047} INFO - Sync 1 DAGs
[2024-03-23T00:06:12.504+0000] {logging_mixin.py:188} INFO - [2024-03-23T00:06:12.504+0000] {dag.py:3834} INFO - Setting next_dagrun for example_skip_dag to 2024-03-22 00:00:00+00:00, run_after=2024-03-23 00:00:00+00:00
[2024-03-23T00:06:12.527+0000] {processor.py:183} INFO - Processing /home/airflow/.local/lib/python3.8/site-packages/airflow/example_dags/example_skip_dag.py took 0.092 seconds
[2024-03-23T00:06:42.695+0000] {processor.py:161} INFO - Started process (PID=405) to work on /home/airflow/.local/lib/python3.8/site-packages/airflow/example_dags/example_skip_dag.py
[2024-03-23T00:06:42.697+0000] {processor.py:830} INFO - Processing file /home/airflow/.local/lib/python3.8/site-packages/airflow/example_dags/example_skip_dag.py for tasks to queue
[2024-03-23T00:06:42.700+0000] {logging_mixin.py:188} INFO - [2024-03-23T00:06:42.700+0000] {dagbag.py:540} INFO - Filling up the DagBag from /home/airflow/.local/lib/python3.8/site-packages/airflow/example_dags/example_skip_dag.py
[2024-03-23T00:06:42.709+0000] {processor.py:840} INFO - DAG(s) 'example_skip_dag' retrieved from /home/airflow/.local/lib/python3.8/site-packages/airflow/example_dags/example_skip_dag.py
[2024-03-23T00:06:42.733+0000] {logging_mixin.py:188} INFO - [2024-03-23T00:06:42.732+0000] {dag.py:3047} INFO - Sync 1 DAGs
[2024-03-23T00:06:42.757+0000] {logging_mixin.py:188} INFO - [2024-03-23T00:06:42.757+0000] {dag.py:3834} INFO - Setting next_dagrun for example_skip_dag to 2024-03-22 00:00:00+00:00, run_after=2024-03-23 00:00:00+00:00
[2024-03-23T00:06:42.778+0000] {processor.py:183} INFO - Processing /home/airflow/.local/lib/python3.8/site-packages/airflow/example_dags/example_skip_dag.py took 0.088 seconds
[2024-03-23T00:07:13.164+0000] {processor.py:161} INFO - Started process (PID=460) to work on /home/airflow/.local/lib/python3.8/site-packages/airflow/example_dags/example_skip_dag.py
[2024-03-23T00:07:13.165+0000] {processor.py:830} INFO - Processing file /home/airflow/.local/lib/python3.8/site-packages/airflow/example_dags/example_skip_dag.py for tasks to queue
[2024-03-23T00:07:13.167+0000] {logging_mixin.py:188} INFO - [2024-03-23T00:07:13.167+0000] {dagbag.py:540} INFO - Filling up the DagBag from /home/airflow/.local/lib/python3.8/site-packages/airflow/example_dags/example_skip_dag.py
[2024-03-23T00:07:13.177+0000] {processor.py:840} INFO - DAG(s) 'example_skip_dag' retrieved from /home/airflow/.local/lib/python3.8/site-packages/airflow/example_dags/example_skip_dag.py
[2024-03-23T00:07:13.206+0000] {logging_mixin.py:188} INFO - [2024-03-23T00:07:13.206+0000] {dag.py:3047} INFO - Sync 1 DAGs
[2024-03-23T00:07:13.231+0000] {logging_mixin.py:188} INFO - [2024-03-23T00:07:13.231+0000] {dag.py:3834} INFO - Setting next_dagrun for example_skip_dag to 2024-03-22 00:00:00+00:00, run_after=2024-03-23 00:00:00+00:00
[2024-03-23T00:07:13.250+0000] {processor.py:183} INFO - Processing /home/airflow/.local/lib/python3.8/site-packages/airflow/example_dags/example_skip_dag.py took 0.090 seconds
[2024-03-23T00:07:43.901+0000] {processor.py:161} INFO - Started process (PID=515) to work on /home/airflow/.local/lib/python3.8/site-packages/airflow/example_dags/example_skip_dag.py
[2024-03-23T00:07:43.903+0000] {processor.py:830} INFO - Processing file /home/airflow/.local/lib/python3.8/site-packages/airflow/example_dags/example_skip_dag.py for tasks to queue
[2024-03-23T00:07:43.905+0000] {logging_mixin.py:188} INFO - [2024-03-23T00:07:43.905+0000] {dagbag.py:540} INFO - Filling up the DagBag from /home/airflow/.local/lib/python3.8/site-packages/airflow/example_dags/example_skip_dag.py
[2024-03-23T00:07:43.915+0000] {processor.py:840} INFO - DAG(s) 'example_skip_dag' retrieved from /home/airflow/.local/lib/python3.8/site-packages/airflow/example_dags/example_skip_dag.py
[2024-03-23T00:07:43.946+0000] {logging_mixin.py:188} INFO - [2024-03-23T00:07:43.946+0000] {dag.py:3047} INFO - Sync 1 DAGs
[2024-03-23T00:07:43.979+0000] {logging_mixin.py:188} INFO - [2024-03-23T00:07:43.979+0000] {dag.py:3834} INFO - Setting next_dagrun for example_skip_dag to 2024-03-22 00:00:00+00:00, run_after=2024-03-23 00:00:00+00:00
[2024-03-23T00:07:44.002+0000] {processor.py:183} INFO - Processing /home/airflow/.local/lib/python3.8/site-packages/airflow/example_dags/example_skip_dag.py took 0.106 seconds
[2024-03-23T00:08:14.190+0000] {processor.py:161} INFO - Started process (PID=570) to work on /home/airflow/.local/lib/python3.8/site-packages/airflow/example_dags/example_skip_dag.py
[2024-03-23T00:08:14.191+0000] {processor.py:830} INFO - Processing file /home/airflow/.local/lib/python3.8/site-packages/airflow/example_dags/example_skip_dag.py for tasks to queue
[2024-03-23T00:08:14.193+0000] {logging_mixin.py:188} INFO - [2024-03-23T00:08:14.193+0000] {dagbag.py:540} INFO - Filling up the DagBag from /home/airflow/.local/lib/python3.8/site-packages/airflow/example_dags/example_skip_dag.py
[2024-03-23T00:08:14.202+0000] {processor.py:840} INFO - DAG(s) 'example_skip_dag' retrieved from /home/airflow/.local/lib/python3.8/site-packages/airflow/example_dags/example_skip_dag.py
[2024-03-23T00:08:14.228+0000] {logging_mixin.py:188} INFO - [2024-03-23T00:08:14.227+0000] {dag.py:3047} INFO - Sync 1 DAGs
[2024-03-23T00:08:14.254+0000] {logging_mixin.py:188} INFO - [2024-03-23T00:08:14.254+0000] {dag.py:3834} INFO - Setting next_dagrun for example_skip_dag to 2024-03-22 00:00:00+00:00, run_after=2024-03-23 00:00:00+00:00
[2024-03-23T00:08:14.275+0000] {processor.py:183} INFO - Processing /home/airflow/.local/lib/python3.8/site-packages/airflow/example_dags/example_skip_dag.py took 0.090 seconds
[2024-03-23T00:08:44.569+0000] {processor.py:161} INFO - Started process (PID=625) to work on /home/airflow/.local/lib/python3.8/site-packages/airflow/example_dags/example_skip_dag.py
[2024-03-23T00:08:44.570+0000] {processor.py:830} INFO - Processing file /home/airflow/.local/lib/python3.8/site-packages/airflow/example_dags/example_skip_dag.py for tasks to queue
[2024-03-23T00:08:44.573+0000] {logging_mixin.py:188} INFO - [2024-03-23T00:08:44.572+0000] {dagbag.py:540} INFO - Filling up the DagBag from /home/airflow/.local/lib/python3.8/site-packages/airflow/example_dags/example_skip_dag.py
[2024-03-23T00:08:44.581+0000] {processor.py:840} INFO - DAG(s) 'example_skip_dag' retrieved from /home/airflow/.local/lib/python3.8/site-packages/airflow/example_dags/example_skip_dag.py
[2024-03-23T00:08:44.605+0000] {logging_mixin.py:188} INFO - [2024-03-23T00:08:44.605+0000] {dag.py:3047} INFO - Sync 1 DAGs
[2024-03-23T00:08:44.631+0000] {logging_mixin.py:188} INFO - [2024-03-23T00:08:44.631+0000] {dag.py:3834} INFO - Setting next_dagrun for example_skip_dag to 2024-03-22 00:00:00+00:00, run_after=2024-03-23 00:00:00+00:00
[2024-03-23T00:08:44.651+0000] {processor.py:183} INFO - Processing /home/airflow/.local/lib/python3.8/site-packages/airflow/example_dags/example_skip_dag.py took 0.086 seconds
[2024-03-23T00:09:14.817+0000] {processor.py:161} INFO - Started process (PID=680) to work on /home/airflow/.local/lib/python3.8/site-packages/airflow/example_dags/example_skip_dag.py
[2024-03-23T00:09:14.818+0000] {processor.py:830} INFO - Processing file /home/airflow/.local/lib/python3.8/site-packages/airflow/example_dags/example_skip_dag.py for tasks to queue
[2024-03-23T00:09:14.820+0000] {logging_mixin.py:188} INFO - [2024-03-23T00:09:14.820+0000] {dagbag.py:540} INFO - Filling up the DagBag from /home/airflow/.local/lib/python3.8/site-packages/airflow/example_dags/example_skip_dag.py
[2024-03-23T00:09:14.828+0000] {processor.py:840} INFO - DAG(s) 'example_skip_dag' retrieved from /home/airflow/.local/lib/python3.8/site-packages/airflow/example_dags/example_skip_dag.py
[2024-03-23T00:09:14.854+0000] {logging_mixin.py:188} INFO - [2024-03-23T00:09:14.854+0000] {dag.py:3047} INFO - Sync 1 DAGs
[2024-03-23T00:09:14.879+0000] {logging_mixin.py:188} INFO - [2024-03-23T00:09:14.878+0000] {dag.py:3834} INFO - Setting next_dagrun for example_skip_dag to 2024-03-22 00:00:00+00:00, run_after=2024-03-23 00:00:00+00:00
[2024-03-23T00:09:14.923+0000] {processor.py:183} INFO - Processing /home/airflow/.local/lib/python3.8/site-packages/airflow/example_dags/example_skip_dag.py took 0.110 seconds
[2024-03-23T00:09:45.904+0000] {processor.py:161} INFO - Started process (PID=735) to work on /home/airflow/.local/lib/python3.8/site-packages/airflow/example_dags/example_skip_dag.py
[2024-03-23T00:09:45.905+0000] {processor.py:830} INFO - Processing file /home/airflow/.local/lib/python3.8/site-packages/airflow/example_dags/example_skip_dag.py for tasks to queue
[2024-03-23T00:09:45.907+0000] {logging_mixin.py:188} INFO - [2024-03-23T00:09:45.907+0000] {dagbag.py:540} INFO - Filling up the DagBag from /home/airflow/.local/lib/python3.8/site-packages/airflow/example_dags/example_skip_dag.py
[2024-03-23T00:09:45.915+0000] {processor.py:840} INFO - DAG(s) 'example_skip_dag' retrieved from /home/airflow/.local/lib/python3.8/site-packages/airflow/example_dags/example_skip_dag.py
[2024-03-23T00:09:45.939+0000] {logging_mixin.py:188} INFO - [2024-03-23T00:09:45.939+0000] {dag.py:3047} INFO - Sync 1 DAGs
[2024-03-23T00:09:45.964+0000] {logging_mixin.py:188} INFO - [2024-03-23T00:09:45.964+0000] {dag.py:3834} INFO - Setting next_dagrun for example_skip_dag to 2024-03-22 00:00:00+00:00, run_after=2024-03-23 00:00:00+00:00
[2024-03-23T00:09:45.983+0000] {processor.py:183} INFO - Processing /home/airflow/.local/lib/python3.8/site-packages/airflow/example_dags/example_skip_dag.py took 0.083 seconds
[2024-03-23T00:10:16.179+0000] {processor.py:161} INFO - Started process (PID=790) to work on /home/airflow/.local/lib/python3.8/site-packages/airflow/example_dags/example_skip_dag.py
[2024-03-23T00:10:16.180+0000] {processor.py:830} INFO - Processing file /home/airflow/.local/lib/python3.8/site-packages/airflow/example_dags/example_skip_dag.py for tasks to queue
[2024-03-23T00:10:16.182+0000] {logging_mixin.py:188} INFO - [2024-03-23T00:10:16.181+0000] {dagbag.py:540} INFO - Filling up the DagBag from /home/airflow/.local/lib/python3.8/site-packages/airflow/example_dags/example_skip_dag.py
[2024-03-23T00:10:16.190+0000] {processor.py:840} INFO - DAG(s) 'example_skip_dag' retrieved from /home/airflow/.local/lib/python3.8/site-packages/airflow/example_dags/example_skip_dag.py
[2024-03-23T00:10:16.216+0000] {logging_mixin.py:188} INFO - [2024-03-23T00:10:16.215+0000] {dag.py:3047} INFO - Sync 1 DAGs
[2024-03-23T00:10:16.241+0000] {logging_mixin.py:188} INFO - [2024-03-23T00:10:16.241+0000] {dag.py:3834} INFO - Setting next_dagrun for example_skip_dag to 2024-03-22 00:00:00+00:00, run_after=2024-03-23 00:00:00+00:00
[2024-03-23T00:10:16.263+0000] {processor.py:183} INFO - Processing /home/airflow/.local/lib/python3.8/site-packages/airflow/example_dags/example_skip_dag.py took 0.089 seconds
[2024-03-23T00:10:46.318+0000] {processor.py:161} INFO - Started process (PID=844) to work on /home/airflow/.local/lib/python3.8/site-packages/airflow/example_dags/example_skip_dag.py
[2024-03-23T00:10:46.319+0000] {processor.py:830} INFO - Processing file /home/airflow/.local/lib/python3.8/site-packages/airflow/example_dags/example_skip_dag.py for tasks to queue
[2024-03-23T00:10:46.321+0000] {logging_mixin.py:188} INFO - [2024-03-23T00:10:46.321+0000] {dagbag.py:540} INFO - Filling up the DagBag from /home/airflow/.local/lib/python3.8/site-packages/airflow/example_dags/example_skip_dag.py
[2024-03-23T00:10:46.329+0000] {processor.py:840} INFO - DAG(s) 'example_skip_dag' retrieved from /home/airflow/.local/lib/python3.8/site-packages/airflow/example_dags/example_skip_dag.py
[2024-03-23T00:10:46.355+0000] {logging_mixin.py:188} INFO - [2024-03-23T00:10:46.355+0000] {dag.py:3047} INFO - Sync 1 DAGs
[2024-03-23T00:10:46.383+0000] {logging_mixin.py:188} INFO - [2024-03-23T00:10:46.383+0000] {dag.py:3834} INFO - Setting next_dagrun for example_skip_dag to 2024-03-22 00:00:00+00:00, run_after=2024-03-23 00:00:00+00:00
[2024-03-23T00:10:46.404+0000] {processor.py:183} INFO - Processing /home/airflow/.local/lib/python3.8/site-packages/airflow/example_dags/example_skip_dag.py took 0.090 seconds
[2024-03-23T00:11:16.659+0000] {processor.py:161} INFO - Started process (PID=899) to work on /home/airflow/.local/lib/python3.8/site-packages/airflow/example_dags/example_skip_dag.py
[2024-03-23T00:11:16.660+0000] {processor.py:830} INFO - Processing file /home/airflow/.local/lib/python3.8/site-packages/airflow/example_dags/example_skip_dag.py for tasks to queue
[2024-03-23T00:11:16.663+0000] {logging_mixin.py:188} INFO - [2024-03-23T00:11:16.662+0000] {dagbag.py:540} INFO - Filling up the DagBag from /home/airflow/.local/lib/python3.8/site-packages/airflow/example_dags/example_skip_dag.py
[2024-03-23T00:11:16.670+0000] {processor.py:840} INFO - DAG(s) 'example_skip_dag' retrieved from /home/airflow/.local/lib/python3.8/site-packages/airflow/example_dags/example_skip_dag.py
[2024-03-23T00:11:16.695+0000] {logging_mixin.py:188} INFO - [2024-03-23T00:11:16.695+0000] {dag.py:3047} INFO - Sync 1 DAGs
[2024-03-23T00:11:16.721+0000] {logging_mixin.py:188} INFO - [2024-03-23T00:11:16.721+0000] {dag.py:3834} INFO - Setting next_dagrun for example_skip_dag to 2024-03-22 00:00:00+00:00, run_after=2024-03-23 00:00:00+00:00
[2024-03-23T00:11:16.743+0000] {processor.py:183} INFO - Processing /home/airflow/.local/lib/python3.8/site-packages/airflow/example_dags/example_skip_dag.py took 0.087 seconds
[2024-03-23T00:11:47.142+0000] {processor.py:161} INFO - Started process (PID=955) to work on /home/airflow/.local/lib/python3.8/site-packages/airflow/example_dags/example_skip_dag.py
[2024-03-23T00:11:47.143+0000] {processor.py:830} INFO - Processing file /home/airflow/.local/lib/python3.8/site-packages/airflow/example_dags/example_skip_dag.py for tasks to queue
[2024-03-23T00:11:47.145+0000] {logging_mixin.py:188} INFO - [2024-03-23T00:11:47.144+0000] {dagbag.py:540} INFO - Filling up the DagBag from /home/airflow/.local/lib/python3.8/site-packages/airflow/example_dags/example_skip_dag.py
[2024-03-23T00:11:47.153+0000] {processor.py:840} INFO - DAG(s) 'example_skip_dag' retrieved from /home/airflow/.local/lib/python3.8/site-packages/airflow/example_dags/example_skip_dag.py
[2024-03-23T00:11:47.178+0000] {logging_mixin.py:188} INFO - [2024-03-23T00:11:47.177+0000] {dag.py:3047} INFO - Sync 1 DAGs
[2024-03-23T00:11:47.203+0000] {logging_mixin.py:188} INFO - [2024-03-23T00:11:47.202+0000] {dag.py:3834} INFO - Setting next_dagrun for example_skip_dag to 2024-03-22 00:00:00+00:00, run_after=2024-03-23 00:00:00+00:00
[2024-03-23T00:11:47.224+0000] {processor.py:183} INFO - Processing /home/airflow/.local/lib/python3.8/site-packages/airflow/example_dags/example_skip_dag.py took 0.086 seconds
[2024-03-23T00:12:17.597+0000] {processor.py:161} INFO - Started process (PID=1010) to work on /home/airflow/.local/lib/python3.8/site-packages/airflow/example_dags/example_skip_dag.py
[2024-03-23T00:12:17.598+0000] {processor.py:830} INFO - Processing file /home/airflow/.local/lib/python3.8/site-packages/airflow/example_dags/example_skip_dag.py for tasks to queue
[2024-03-23T00:12:17.600+0000] {logging_mixin.py:188} INFO - [2024-03-23T00:12:17.600+0000] {dagbag.py:540} INFO - Filling up the DagBag from /home/airflow/.local/lib/python3.8/site-packages/airflow/example_dags/example_skip_dag.py
[2024-03-23T00:12:17.608+0000] {processor.py:840} INFO - DAG(s) 'example_skip_dag' retrieved from /home/airflow/.local/lib/python3.8/site-packages/airflow/example_dags/example_skip_dag.py
[2024-03-23T00:12:17.634+0000] {logging_mixin.py:188} INFO - [2024-03-23T00:12:17.633+0000] {dag.py:3047} INFO - Sync 1 DAGs
[2024-03-23T00:12:17.658+0000] {logging_mixin.py:188} INFO - [2024-03-23T00:12:17.658+0000] {dag.py:3834} INFO - Setting next_dagrun for example_skip_dag to 2024-03-22 00:00:00+00:00, run_after=2024-03-23 00:00:00+00:00
[2024-03-23T00:12:17.677+0000] {processor.py:183} INFO - Processing /home/airflow/.local/lib/python3.8/site-packages/airflow/example_dags/example_skip_dag.py took 0.084 seconds
[2024-03-23T00:12:47.966+0000] {processor.py:161} INFO - Started process (PID=1065) to work on /home/airflow/.local/lib/python3.8/site-packages/airflow/example_dags/example_skip_dag.py
[2024-03-23T00:12:47.967+0000] {processor.py:830} INFO - Processing file /home/airflow/.local/lib/python3.8/site-packages/airflow/example_dags/example_skip_dag.py for tasks to queue
[2024-03-23T00:12:47.969+0000] {logging_mixin.py:188} INFO - [2024-03-23T00:12:47.969+0000] {dagbag.py:540} INFO - Filling up the DagBag from /home/airflow/.local/lib/python3.8/site-packages/airflow/example_dags/example_skip_dag.py
[2024-03-23T00:12:47.977+0000] {processor.py:840} INFO - DAG(s) 'example_skip_dag' retrieved from /home/airflow/.local/lib/python3.8/site-packages/airflow/example_dags/example_skip_dag.py
[2024-03-23T00:12:48.002+0000] {logging_mixin.py:188} INFO - [2024-03-23T00:12:48.002+0000] {dag.py:3047} INFO - Sync 1 DAGs
[2024-03-23T00:12:48.026+0000] {logging_mixin.py:188} INFO - [2024-03-23T00:12:48.026+0000] {dag.py:3834} INFO - Setting next_dagrun for example_skip_dag to 2024-03-22 00:00:00+00:00, run_after=2024-03-23 00:00:00+00:00
[2024-03-23T00:12:48.045+0000] {processor.py:183} INFO - Processing /home/airflow/.local/lib/python3.8/site-packages/airflow/example_dags/example_skip_dag.py took 0.084 seconds
[2024-03-23T00:13:18.372+0000] {processor.py:161} INFO - Started process (PID=1120) to work on /home/airflow/.local/lib/python3.8/site-packages/airflow/example_dags/example_skip_dag.py
[2024-03-23T00:13:18.374+0000] {processor.py:830} INFO - Processing file /home/airflow/.local/lib/python3.8/site-packages/airflow/example_dags/example_skip_dag.py for tasks to queue
[2024-03-23T00:13:18.376+0000] {logging_mixin.py:188} INFO - [2024-03-23T00:13:18.375+0000] {dagbag.py:540} INFO - Filling up the DagBag from /home/airflow/.local/lib/python3.8/site-packages/airflow/example_dags/example_skip_dag.py
[2024-03-23T00:13:18.384+0000] {processor.py:840} INFO - DAG(s) 'example_skip_dag' retrieved from /home/airflow/.local/lib/python3.8/site-packages/airflow/example_dags/example_skip_dag.py
[2024-03-23T00:13:18.409+0000] {logging_mixin.py:188} INFO - [2024-03-23T00:13:18.408+0000] {dag.py:3047} INFO - Sync 1 DAGs
[2024-03-23T00:13:18.433+0000] {logging_mixin.py:188} INFO - [2024-03-23T00:13:18.433+0000] {dag.py:3834} INFO - Setting next_dagrun for example_skip_dag to 2024-03-22 00:00:00+00:00, run_after=2024-03-23 00:00:00+00:00
[2024-03-23T00:13:18.454+0000] {processor.py:183} INFO - Processing /home/airflow/.local/lib/python3.8/site-packages/airflow/example_dags/example_skip_dag.py took 0.085 seconds
[2024-03-23T00:13:48.853+0000] {processor.py:161} INFO - Started process (PID=1175) to work on /home/airflow/.local/lib/python3.8/site-packages/airflow/example_dags/example_skip_dag.py
[2024-03-23T00:13:48.855+0000] {processor.py:830} INFO - Processing file /home/airflow/.local/lib/python3.8/site-packages/airflow/example_dags/example_skip_dag.py for tasks to queue
[2024-03-23T00:13:48.857+0000] {logging_mixin.py:188} INFO - [2024-03-23T00:13:48.856+0000] {dagbag.py:540} INFO - Filling up the DagBag from /home/airflow/.local/lib/python3.8/site-packages/airflow/example_dags/example_skip_dag.py
[2024-03-23T00:13:48.865+0000] {processor.py:840} INFO - DAG(s) 'example_skip_dag' retrieved from /home/airflow/.local/lib/python3.8/site-packages/airflow/example_dags/example_skip_dag.py
[2024-03-23T00:13:48.889+0000] {logging_mixin.py:188} INFO - [2024-03-23T00:13:48.889+0000] {dag.py:3047} INFO - Sync 1 DAGs
[2024-03-23T00:13:48.913+0000] {logging_mixin.py:188} INFO - [2024-03-23T00:13:48.913+0000] {dag.py:3834} INFO - Setting next_dagrun for example_skip_dag to 2024-03-22 00:00:00+00:00, run_after=2024-03-23 00:00:00+00:00
[2024-03-23T00:13:48.935+0000] {processor.py:183} INFO - Processing /home/airflow/.local/lib/python3.8/site-packages/airflow/example_dags/example_skip_dag.py took 0.085 seconds
[2024-03-23T00:14:19.429+0000] {processor.py:161} INFO - Started process (PID=1236) to work on /home/airflow/.local/lib/python3.8/site-packages/airflow/example_dags/example_skip_dag.py
[2024-03-23T00:14:19.430+0000] {processor.py:830} INFO - Processing file /home/airflow/.local/lib/python3.8/site-packages/airflow/example_dags/example_skip_dag.py for tasks to queue
[2024-03-23T00:14:19.433+0000] {logging_mixin.py:188} INFO - [2024-03-23T00:14:19.432+0000] {dagbag.py:540} INFO - Filling up the DagBag from /home/airflow/.local/lib/python3.8/site-packages/airflow/example_dags/example_skip_dag.py
[2024-03-23T00:14:19.440+0000] {processor.py:840} INFO - DAG(s) 'example_skip_dag' retrieved from /home/airflow/.local/lib/python3.8/site-packages/airflow/example_dags/example_skip_dag.py
[2024-03-23T00:14:19.465+0000] {logging_mixin.py:188} INFO - [2024-03-23T00:14:19.465+0000] {dag.py:3047} INFO - Sync 1 DAGs
[2024-03-23T00:14:19.490+0000] {logging_mixin.py:188} INFO - [2024-03-23T00:14:19.489+0000] {dag.py:3834} INFO - Setting next_dagrun for example_skip_dag to 2024-03-22 00:00:00+00:00, run_after=2024-03-23 00:00:00+00:00
[2024-03-23T00:14:19.509+0000] {processor.py:183} INFO - Processing /home/airflow/.local/lib/python3.8/site-packages/airflow/example_dags/example_skip_dag.py took 0.084 seconds
[2024-03-23T00:14:49.894+0000] {processor.py:161} INFO - Started process (PID=1291) to work on /home/airflow/.local/lib/python3.8/site-packages/airflow/example_dags/example_skip_dag.py
[2024-03-23T00:14:49.896+0000] {processor.py:830} INFO - Processing file /home/airflow/.local/lib/python3.8/site-packages/airflow/example_dags/example_skip_dag.py for tasks to queue
[2024-03-23T00:14:49.898+0000] {logging_mixin.py:188} INFO - [2024-03-23T00:14:49.898+0000] {dagbag.py:540} INFO - Filling up the DagBag from /home/airflow/.local/lib/python3.8/site-packages/airflow/example_dags/example_skip_dag.py
[2024-03-23T00:14:49.907+0000] {processor.py:840} INFO - DAG(s) 'example_skip_dag' retrieved from /home/airflow/.local/lib/python3.8/site-packages/airflow/example_dags/example_skip_dag.py
[2024-03-23T00:14:49.935+0000] {logging_mixin.py:188} INFO - [2024-03-23T00:14:49.935+0000] {dag.py:3047} INFO - Sync 1 DAGs
[2024-03-23T00:14:49.963+0000] {logging_mixin.py:188} INFO - [2024-03-23T00:14:49.963+0000] {dag.py:3834} INFO - Setting next_dagrun for example_skip_dag to 2024-03-22 00:00:00+00:00, run_after=2024-03-23 00:00:00+00:00
[2024-03-23T00:14:49.985+0000] {processor.py:183} INFO - Processing /home/airflow/.local/lib/python3.8/site-packages/airflow/example_dags/example_skip_dag.py took 0.095 seconds
[2024-03-23T00:15:20.211+0000] {processor.py:161} INFO - Started process (PID=1346) to work on /home/airflow/.local/lib/python3.8/site-packages/airflow/example_dags/example_skip_dag.py
[2024-03-23T00:15:20.212+0000] {processor.py:830} INFO - Processing file /home/airflow/.local/lib/python3.8/site-packages/airflow/example_dags/example_skip_dag.py for tasks to queue
[2024-03-23T00:15:20.214+0000] {logging_mixin.py:188} INFO - [2024-03-23T00:15:20.214+0000] {dagbag.py:540} INFO - Filling up the DagBag from /home/airflow/.local/lib/python3.8/site-packages/airflow/example_dags/example_skip_dag.py
[2024-03-23T00:15:20.223+0000] {processor.py:840} INFO - DAG(s) 'example_skip_dag' retrieved from /home/airflow/.local/lib/python3.8/site-packages/airflow/example_dags/example_skip_dag.py
[2024-03-23T00:15:20.248+0000] {logging_mixin.py:188} INFO - [2024-03-23T00:15:20.248+0000] {dag.py:3047} INFO - Sync 1 DAGs
[2024-03-23T00:15:20.274+0000] {logging_mixin.py:188} INFO - [2024-03-23T00:15:20.273+0000] {dag.py:3834} INFO - Setting next_dagrun for example_skip_dag to 2024-03-22 00:00:00+00:00, run_after=2024-03-23 00:00:00+00:00
[2024-03-23T00:15:20.296+0000] {processor.py:183} INFO - Processing /home/airflow/.local/lib/python3.8/site-packages/airflow/example_dags/example_skip_dag.py took 0.089 seconds
[2024-03-23T00:15:50.705+0000] {processor.py:161} INFO - Started process (PID=1401) to work on /home/airflow/.local/lib/python3.8/site-packages/airflow/example_dags/example_skip_dag.py
[2024-03-23T00:15:50.706+0000] {processor.py:830} INFO - Processing file /home/airflow/.local/lib/python3.8/site-packages/airflow/example_dags/example_skip_dag.py for tasks to queue
[2024-03-23T00:15:50.708+0000] {logging_mixin.py:188} INFO - [2024-03-23T00:15:50.708+0000] {dagbag.py:540} INFO - Filling up the DagBag from /home/airflow/.local/lib/python3.8/site-packages/airflow/example_dags/example_skip_dag.py
[2024-03-23T00:15:50.716+0000] {processor.py:840} INFO - DAG(s) 'example_skip_dag' retrieved from /home/airflow/.local/lib/python3.8/site-packages/airflow/example_dags/example_skip_dag.py
[2024-03-23T00:15:50.742+0000] {logging_mixin.py:188} INFO - [2024-03-23T00:15:50.742+0000] {dag.py:3047} INFO - Sync 1 DAGs
[2024-03-23T00:15:50.771+0000] {logging_mixin.py:188} INFO - [2024-03-23T00:15:50.771+0000] {dag.py:3834} INFO - Setting next_dagrun for example_skip_dag to 2024-03-22 00:00:00+00:00, run_after=2024-03-23 00:00:00+00:00
[2024-03-23T00:15:50.797+0000] {processor.py:183} INFO - Processing /home/airflow/.local/lib/python3.8/site-packages/airflow/example_dags/example_skip_dag.py took 0.096 seconds
[2024-03-23T00:16:21.057+0000] {processor.py:161} INFO - Started process (PID=1456) to work on /home/airflow/.local/lib/python3.8/site-packages/airflow/example_dags/example_skip_dag.py
[2024-03-23T00:16:21.059+0000] {processor.py:830} INFO - Processing file /home/airflow/.local/lib/python3.8/site-packages/airflow/example_dags/example_skip_dag.py for tasks to queue
[2024-03-23T00:16:21.061+0000] {logging_mixin.py:188} INFO - [2024-03-23T00:16:21.061+0000] {dagbag.py:540} INFO - Filling up the DagBag from /home/airflow/.local/lib/python3.8/site-packages/airflow/example_dags/example_skip_dag.py
[2024-03-23T00:16:21.070+0000] {processor.py:840} INFO - DAG(s) 'example_skip_dag' retrieved from /home/airflow/.local/lib/python3.8/site-packages/airflow/example_dags/example_skip_dag.py
[2024-03-23T00:16:21.098+0000] {logging_mixin.py:188} INFO - [2024-03-23T00:16:21.098+0000] {dag.py:3047} INFO - Sync 1 DAGs
[2024-03-23T00:16:21.126+0000] {logging_mixin.py:188} INFO - [2024-03-23T00:16:21.125+0000] {dag.py:3834} INFO - Setting next_dagrun for example_skip_dag to 2024-03-22 00:00:00+00:00, run_after=2024-03-23 00:00:00+00:00
[2024-03-23T00:16:21.147+0000] {processor.py:183} INFO - Processing /home/airflow/.local/lib/python3.8/site-packages/airflow/example_dags/example_skip_dag.py took 0.094 seconds
[2024-03-23T00:16:51.269+0000] {processor.py:161} INFO - Started process (PID=1511) to work on /home/airflow/.local/lib/python3.8/site-packages/airflow/example_dags/example_skip_dag.py
[2024-03-23T00:16:51.270+0000] {processor.py:830} INFO - Processing file /home/airflow/.local/lib/python3.8/site-packages/airflow/example_dags/example_skip_dag.py for tasks to queue
[2024-03-23T00:16:51.272+0000] {logging_mixin.py:188} INFO - [2024-03-23T00:16:51.272+0000] {dagbag.py:540} INFO - Filling up the DagBag from /home/airflow/.local/lib/python3.8/site-packages/airflow/example_dags/example_skip_dag.py
[2024-03-23T00:16:51.280+0000] {processor.py:840} INFO - DAG(s) 'example_skip_dag' retrieved from /home/airflow/.local/lib/python3.8/site-packages/airflow/example_dags/example_skip_dag.py
[2024-03-23T00:16:51.304+0000] {logging_mixin.py:188} INFO - [2024-03-23T00:16:51.304+0000] {dag.py:3047} INFO - Sync 1 DAGs
[2024-03-23T00:16:51.328+0000] {logging_mixin.py:188} INFO - [2024-03-23T00:16:51.328+0000] {dag.py:3834} INFO - Setting next_dagrun for example_skip_dag to 2024-03-22 00:00:00+00:00, run_after=2024-03-23 00:00:00+00:00
[2024-03-23T00:16:51.348+0000] {processor.py:183} INFO - Processing /home/airflow/.local/lib/python3.8/site-packages/airflow/example_dags/example_skip_dag.py took 0.083 seconds
[2024-03-23T00:17:21.520+0000] {processor.py:161} INFO - Started process (PID=1566) to work on /home/airflow/.local/lib/python3.8/site-packages/airflow/example_dags/example_skip_dag.py
[2024-03-23T00:17:21.521+0000] {processor.py:830} INFO - Processing file /home/airflow/.local/lib/python3.8/site-packages/airflow/example_dags/example_skip_dag.py for tasks to queue
[2024-03-23T00:17:21.523+0000] {logging_mixin.py:188} INFO - [2024-03-23T00:17:21.523+0000] {dagbag.py:540} INFO - Filling up the DagBag from /home/airflow/.local/lib/python3.8/site-packages/airflow/example_dags/example_skip_dag.py
[2024-03-23T00:17:21.531+0000] {processor.py:840} INFO - DAG(s) 'example_skip_dag' retrieved from /home/airflow/.local/lib/python3.8/site-packages/airflow/example_dags/example_skip_dag.py
[2024-03-23T00:17:21.556+0000] {logging_mixin.py:188} INFO - [2024-03-23T00:17:21.556+0000] {dag.py:3047} INFO - Sync 1 DAGs
[2024-03-23T00:17:21.581+0000] {logging_mixin.py:188} INFO - [2024-03-23T00:17:21.580+0000] {dag.py:3834} INFO - Setting next_dagrun for example_skip_dag to 2024-03-22 00:00:00+00:00, run_after=2024-03-23 00:00:00+00:00
[2024-03-23T00:17:21.600+0000] {processor.py:183} INFO - Processing /home/airflow/.local/lib/python3.8/site-packages/airflow/example_dags/example_skip_dag.py took 0.084 seconds
[2024-03-23T00:17:52.012+0000] {processor.py:161} INFO - Started process (PID=1621) to work on /home/airflow/.local/lib/python3.8/site-packages/airflow/example_dags/example_skip_dag.py
[2024-03-23T00:17:52.013+0000] {processor.py:830} INFO - Processing file /home/airflow/.local/lib/python3.8/site-packages/airflow/example_dags/example_skip_dag.py for tasks to queue
[2024-03-23T00:17:52.015+0000] {logging_mixin.py:188} INFO - [2024-03-23T00:17:52.014+0000] {dagbag.py:540} INFO - Filling up the DagBag from /home/airflow/.local/lib/python3.8/site-packages/airflow/example_dags/example_skip_dag.py
[2024-03-23T00:17:52.023+0000] {processor.py:840} INFO - DAG(s) 'example_skip_dag' retrieved from /home/airflow/.local/lib/python3.8/site-packages/airflow/example_dags/example_skip_dag.py
[2024-03-23T00:17:52.049+0000] {logging_mixin.py:188} INFO - [2024-03-23T00:17:52.049+0000] {dag.py:3047} INFO - Sync 1 DAGs
[2024-03-23T00:17:52.074+0000] {logging_mixin.py:188} INFO - [2024-03-23T00:17:52.074+0000] {dag.py:3834} INFO - Setting next_dagrun for example_skip_dag to 2024-03-22 00:00:00+00:00, run_after=2024-03-23 00:00:00+00:00
[2024-03-23T00:17:52.094+0000] {processor.py:183} INFO - Processing /home/airflow/.local/lib/python3.8/site-packages/airflow/example_dags/example_skip_dag.py took 0.087 seconds
[2024-03-23T00:18:22.425+0000] {processor.py:161} INFO - Started process (PID=1676) to work on /home/airflow/.local/lib/python3.8/site-packages/airflow/example_dags/example_skip_dag.py
[2024-03-23T00:18:22.427+0000] {processor.py:830} INFO - Processing file /home/airflow/.local/lib/python3.8/site-packages/airflow/example_dags/example_skip_dag.py for tasks to queue
[2024-03-23T00:18:22.429+0000] {logging_mixin.py:188} INFO - [2024-03-23T00:18:22.428+0000] {dagbag.py:540} INFO - Filling up the DagBag from /home/airflow/.local/lib/python3.8/site-packages/airflow/example_dags/example_skip_dag.py
[2024-03-23T00:18:22.437+0000] {processor.py:840} INFO - DAG(s) 'example_skip_dag' retrieved from /home/airflow/.local/lib/python3.8/site-packages/airflow/example_dags/example_skip_dag.py
[2024-03-23T00:18:22.462+0000] {logging_mixin.py:188} INFO - [2024-03-23T00:18:22.462+0000] {dag.py:3047} INFO - Sync 1 DAGs
[2024-03-23T00:18:22.486+0000] {logging_mixin.py:188} INFO - [2024-03-23T00:18:22.486+0000] {dag.py:3834} INFO - Setting next_dagrun for example_skip_dag to 2024-03-22 00:00:00+00:00, run_after=2024-03-23 00:00:00+00:00
[2024-03-23T00:18:22.506+0000] {processor.py:183} INFO - Processing /home/airflow/.local/lib/python3.8/site-packages/airflow/example_dags/example_skip_dag.py took 0.084 seconds
[2024-03-23T00:18:52.868+0000] {processor.py:161} INFO - Started process (PID=1731) to work on /home/airflow/.local/lib/python3.8/site-packages/airflow/example_dags/example_skip_dag.py
[2024-03-23T00:18:52.870+0000] {processor.py:830} INFO - Processing file /home/airflow/.local/lib/python3.8/site-packages/airflow/example_dags/example_skip_dag.py for tasks to queue
[2024-03-23T00:18:52.872+0000] {logging_mixin.py:188} INFO - [2024-03-23T00:18:52.871+0000] {dagbag.py:540} INFO - Filling up the DagBag from /home/airflow/.local/lib/python3.8/site-packages/airflow/example_dags/example_skip_dag.py
[2024-03-23T00:18:52.879+0000] {processor.py:840} INFO - DAG(s) 'example_skip_dag' retrieved from /home/airflow/.local/lib/python3.8/site-packages/airflow/example_dags/example_skip_dag.py
[2024-03-23T00:18:52.904+0000] {logging_mixin.py:188} INFO - [2024-03-23T00:18:52.904+0000] {dag.py:3047} INFO - Sync 1 DAGs
[2024-03-23T00:18:52.931+0000] {logging_mixin.py:188} INFO - [2024-03-23T00:18:52.931+0000] {dag.py:3834} INFO - Setting next_dagrun for example_skip_dag to 2024-03-22 00:00:00+00:00, run_after=2024-03-23 00:00:00+00:00
[2024-03-23T00:18:52.951+0000] {processor.py:183} INFO - Processing /home/airflow/.local/lib/python3.8/site-packages/airflow/example_dags/example_skip_dag.py took 0.086 seconds
[2024-03-23T00:19:23.032+0000] {processor.py:161} INFO - Started process (PID=1785) to work on /home/airflow/.local/lib/python3.8/site-packages/airflow/example_dags/example_skip_dag.py
[2024-03-23T00:19:23.033+0000] {processor.py:830} INFO - Processing file /home/airflow/.local/lib/python3.8/site-packages/airflow/example_dags/example_skip_dag.py for tasks to queue
[2024-03-23T00:19:23.035+0000] {logging_mixin.py:188} INFO - [2024-03-23T00:19:23.035+0000] {dagbag.py:540} INFO - Filling up the DagBag from /home/airflow/.local/lib/python3.8/site-packages/airflow/example_dags/example_skip_dag.py
[2024-03-23T00:19:23.043+0000] {processor.py:840} INFO - DAG(s) 'example_skip_dag' retrieved from /home/airflow/.local/lib/python3.8/site-packages/airflow/example_dags/example_skip_dag.py
[2024-03-23T00:19:23.067+0000] {logging_mixin.py:188} INFO - [2024-03-23T00:19:23.067+0000] {dag.py:3047} INFO - Sync 1 DAGs
[2024-03-23T00:19:23.092+0000] {logging_mixin.py:188} INFO - [2024-03-23T00:19:23.092+0000] {dag.py:3834} INFO - Setting next_dagrun for example_skip_dag to 2024-03-22 00:00:00+00:00, run_after=2024-03-23 00:00:00+00:00
[2024-03-23T00:19:23.117+0000] {processor.py:183} INFO - Processing /home/airflow/.local/lib/python3.8/site-packages/airflow/example_dags/example_skip_dag.py took 0.089 seconds
[2024-03-23T00:19:53.706+0000] {processor.py:161} INFO - Started process (PID=1840) to work on /home/airflow/.local/lib/python3.8/site-packages/airflow/example_dags/example_skip_dag.py
[2024-03-23T00:19:53.707+0000] {processor.py:830} INFO - Processing file /home/airflow/.local/lib/python3.8/site-packages/airflow/example_dags/example_skip_dag.py for tasks to queue
[2024-03-23T00:19:53.709+0000] {logging_mixin.py:188} INFO - [2024-03-23T00:19:53.709+0000] {dagbag.py:540} INFO - Filling up the DagBag from /home/airflow/.local/lib/python3.8/site-packages/airflow/example_dags/example_skip_dag.py
[2024-03-23T00:19:53.718+0000] {processor.py:840} INFO - DAG(s) 'example_skip_dag' retrieved from /home/airflow/.local/lib/python3.8/site-packages/airflow/example_dags/example_skip_dag.py
[2024-03-23T00:19:53.743+0000] {logging_mixin.py:188} INFO - [2024-03-23T00:19:53.743+0000] {dag.py:3047} INFO - Sync 1 DAGs
[2024-03-23T00:19:53.773+0000] {logging_mixin.py:188} INFO - [2024-03-23T00:19:53.772+0000] {dag.py:3834} INFO - Setting next_dagrun for example_skip_dag to 2024-03-22 00:00:00+00:00, run_after=2024-03-23 00:00:00+00:00
[2024-03-23T00:19:53.793+0000] {processor.py:183} INFO - Processing /home/airflow/.local/lib/python3.8/site-packages/airflow/example_dags/example_skip_dag.py took 0.091 seconds
[2024-03-23T00:20:24.243+0000] {processor.py:161} INFO - Started process (PID=1895) to work on /home/airflow/.local/lib/python3.8/site-packages/airflow/example_dags/example_skip_dag.py
[2024-03-23T00:20:24.244+0000] {processor.py:830} INFO - Processing file /home/airflow/.local/lib/python3.8/site-packages/airflow/example_dags/example_skip_dag.py for tasks to queue
[2024-03-23T00:20:24.246+0000] {logging_mixin.py:188} INFO - [2024-03-23T00:20:24.246+0000] {dagbag.py:540} INFO - Filling up the DagBag from /home/airflow/.local/lib/python3.8/site-packages/airflow/example_dags/example_skip_dag.py
[2024-03-23T00:20:24.254+0000] {processor.py:840} INFO - DAG(s) 'example_skip_dag' retrieved from /home/airflow/.local/lib/python3.8/site-packages/airflow/example_dags/example_skip_dag.py
[2024-03-23T00:20:24.280+0000] {logging_mixin.py:188} INFO - [2024-03-23T00:20:24.280+0000] {dag.py:3047} INFO - Sync 1 DAGs
[2024-03-23T00:20:24.306+0000] {logging_mixin.py:188} INFO - [2024-03-23T00:20:24.306+0000] {dag.py:3834} INFO - Setting next_dagrun for example_skip_dag to 2024-03-22 00:00:00+00:00, run_after=2024-03-23 00:00:00+00:00
[2024-03-23T00:20:24.330+0000] {processor.py:183} INFO - Processing /home/airflow/.local/lib/python3.8/site-packages/airflow/example_dags/example_skip_dag.py took 0.091 seconds
[2024-03-23T00:20:54.780+0000] {processor.py:161} INFO - Started process (PID=1950) to work on /home/airflow/.local/lib/python3.8/site-packages/airflow/example_dags/example_skip_dag.py
[2024-03-23T00:20:54.781+0000] {processor.py:830} INFO - Processing file /home/airflow/.local/lib/python3.8/site-packages/airflow/example_dags/example_skip_dag.py for tasks to queue
[2024-03-23T00:20:54.784+0000] {logging_mixin.py:188} INFO - [2024-03-23T00:20:54.783+0000] {dagbag.py:540} INFO - Filling up the DagBag from /home/airflow/.local/lib/python3.8/site-packages/airflow/example_dags/example_skip_dag.py
[2024-03-23T00:20:54.793+0000] {processor.py:840} INFO - DAG(s) 'example_skip_dag' retrieved from /home/airflow/.local/lib/python3.8/site-packages/airflow/example_dags/example_skip_dag.py
[2024-03-23T00:20:54.819+0000] {logging_mixin.py:188} INFO - [2024-03-23T00:20:54.819+0000] {dag.py:3047} INFO - Sync 1 DAGs
[2024-03-23T00:20:54.843+0000] {logging_mixin.py:188} INFO - [2024-03-23T00:20:54.843+0000] {dag.py:3834} INFO - Setting next_dagrun for example_skip_dag to 2024-03-22 00:00:00+00:00, run_after=2024-03-23 00:00:00+00:00
[2024-03-23T00:20:54.862+0000] {processor.py:183} INFO - Processing /home/airflow/.local/lib/python3.8/site-packages/airflow/example_dags/example_skip_dag.py took 0.086 seconds
[2024-03-23T00:21:25.135+0000] {processor.py:161} INFO - Started process (PID=2005) to work on /home/airflow/.local/lib/python3.8/site-packages/airflow/example_dags/example_skip_dag.py
[2024-03-23T00:21:25.136+0000] {processor.py:830} INFO - Processing file /home/airflow/.local/lib/python3.8/site-packages/airflow/example_dags/example_skip_dag.py for tasks to queue
[2024-03-23T00:21:25.139+0000] {logging_mixin.py:188} INFO - [2024-03-23T00:21:25.138+0000] {dagbag.py:540} INFO - Filling up the DagBag from /home/airflow/.local/lib/python3.8/site-packages/airflow/example_dags/example_skip_dag.py
[2024-03-23T00:21:25.147+0000] {processor.py:840} INFO - DAG(s) 'example_skip_dag' retrieved from /home/airflow/.local/lib/python3.8/site-packages/airflow/example_dags/example_skip_dag.py
[2024-03-23T00:21:25.173+0000] {logging_mixin.py:188} INFO - [2024-03-23T00:21:25.172+0000] {dag.py:3047} INFO - Sync 1 DAGs
[2024-03-23T00:21:25.198+0000] {logging_mixin.py:188} INFO - [2024-03-23T00:21:25.198+0000] {dag.py:3834} INFO - Setting next_dagrun for example_skip_dag to 2024-03-22 00:00:00+00:00, run_after=2024-03-23 00:00:00+00:00
[2024-03-23T00:21:25.218+0000] {processor.py:183} INFO - Processing /home/airflow/.local/lib/python3.8/site-packages/airflow/example_dags/example_skip_dag.py took 0.087 seconds
[2024-03-23T00:21:55.304+0000] {processor.py:161} INFO - Started process (PID=2060) to work on /home/airflow/.local/lib/python3.8/site-packages/airflow/example_dags/example_skip_dag.py
[2024-03-23T00:21:55.305+0000] {processor.py:830} INFO - Processing file /home/airflow/.local/lib/python3.8/site-packages/airflow/example_dags/example_skip_dag.py for tasks to queue
[2024-03-23T00:21:55.307+0000] {logging_mixin.py:188} INFO - [2024-03-23T00:21:55.307+0000] {dagbag.py:540} INFO - Filling up the DagBag from /home/airflow/.local/lib/python3.8/site-packages/airflow/example_dags/example_skip_dag.py
[2024-03-23T00:21:55.315+0000] {processor.py:840} INFO - DAG(s) 'example_skip_dag' retrieved from /home/airflow/.local/lib/python3.8/site-packages/airflow/example_dags/example_skip_dag.py
[2024-03-23T00:21:55.340+0000] {logging_mixin.py:188} INFO - [2024-03-23T00:21:55.339+0000] {dag.py:3047} INFO - Sync 1 DAGs
[2024-03-23T00:21:55.364+0000] {logging_mixin.py:188} INFO - [2024-03-23T00:21:55.364+0000] {dag.py:3834} INFO - Setting next_dagrun for example_skip_dag to 2024-03-22 00:00:00+00:00, run_after=2024-03-23 00:00:00+00:00
[2024-03-23T00:21:55.383+0000] {processor.py:183} INFO - Processing /home/airflow/.local/lib/python3.8/site-packages/airflow/example_dags/example_skip_dag.py took 0.083 seconds
[2024-03-23T00:22:25.719+0000] {processor.py:161} INFO - Started process (PID=2115) to work on /home/airflow/.local/lib/python3.8/site-packages/airflow/example_dags/example_skip_dag.py
[2024-03-23T00:22:25.720+0000] {processor.py:830} INFO - Processing file /home/airflow/.local/lib/python3.8/site-packages/airflow/example_dags/example_skip_dag.py for tasks to queue
[2024-03-23T00:22:25.723+0000] {logging_mixin.py:188} INFO - [2024-03-23T00:22:25.722+0000] {dagbag.py:540} INFO - Filling up the DagBag from /home/airflow/.local/lib/python3.8/site-packages/airflow/example_dags/example_skip_dag.py
[2024-03-23T00:22:25.731+0000] {processor.py:840} INFO - DAG(s) 'example_skip_dag' retrieved from /home/airflow/.local/lib/python3.8/site-packages/airflow/example_dags/example_skip_dag.py
[2024-03-23T00:22:25.757+0000] {logging_mixin.py:188} INFO - [2024-03-23T00:22:25.757+0000] {dag.py:3047} INFO - Sync 1 DAGs
[2024-03-23T00:22:25.783+0000] {logging_mixin.py:188} INFO - [2024-03-23T00:22:25.783+0000] {dag.py:3834} INFO - Setting next_dagrun for example_skip_dag to 2024-03-22 00:00:00+00:00, run_after=2024-03-23 00:00:00+00:00
[2024-03-23T00:22:25.802+0000] {processor.py:183} INFO - Processing /home/airflow/.local/lib/python3.8/site-packages/airflow/example_dags/example_skip_dag.py took 0.087 seconds
[2024-03-23T00:22:55.963+0000] {processor.py:161} INFO - Started process (PID=2170) to work on /home/airflow/.local/lib/python3.8/site-packages/airflow/example_dags/example_skip_dag.py
[2024-03-23T00:22:55.964+0000] {processor.py:830} INFO - Processing file /home/airflow/.local/lib/python3.8/site-packages/airflow/example_dags/example_skip_dag.py for tasks to queue
[2024-03-23T00:22:55.966+0000] {logging_mixin.py:188} INFO - [2024-03-23T00:22:55.965+0000] {dagbag.py:540} INFO - Filling up the DagBag from /home/airflow/.local/lib/python3.8/site-packages/airflow/example_dags/example_skip_dag.py
[2024-03-23T00:22:55.973+0000] {processor.py:840} INFO - DAG(s) 'example_skip_dag' retrieved from /home/airflow/.local/lib/python3.8/site-packages/airflow/example_dags/example_skip_dag.py
[2024-03-23T00:22:55.998+0000] {logging_mixin.py:188} INFO - [2024-03-23T00:22:55.998+0000] {dag.py:3047} INFO - Sync 1 DAGs
[2024-03-23T00:22:56.022+0000] {logging_mixin.py:188} INFO - [2024-03-23T00:22:56.022+0000] {dag.py:3834} INFO - Setting next_dagrun for example_skip_dag to 2024-03-22 00:00:00+00:00, run_after=2024-03-23 00:00:00+00:00
[2024-03-23T00:22:56.042+0000] {processor.py:183} INFO - Processing /home/airflow/.local/lib/python3.8/site-packages/airflow/example_dags/example_skip_dag.py took 0.083 seconds
[2024-03-23T00:23:26.308+0000] {processor.py:161} INFO - Started process (PID=2225) to work on /home/airflow/.local/lib/python3.8/site-packages/airflow/example_dags/example_skip_dag.py
[2024-03-23T00:23:26.309+0000] {processor.py:830} INFO - Processing file /home/airflow/.local/lib/python3.8/site-packages/airflow/example_dags/example_skip_dag.py for tasks to queue
[2024-03-23T00:23:26.311+0000] {logging_mixin.py:188} INFO - [2024-03-23T00:23:26.311+0000] {dagbag.py:540} INFO - Filling up the DagBag from /home/airflow/.local/lib/python3.8/site-packages/airflow/example_dags/example_skip_dag.py
[2024-03-23T00:23:26.319+0000] {processor.py:840} INFO - DAG(s) 'example_skip_dag' retrieved from /home/airflow/.local/lib/python3.8/site-packages/airflow/example_dags/example_skip_dag.py
[2024-03-23T00:23:26.349+0000] {logging_mixin.py:188} INFO - [2024-03-23T00:23:26.349+0000] {dag.py:3047} INFO - Sync 1 DAGs
[2024-03-23T00:23:26.380+0000] {logging_mixin.py:188} INFO - [2024-03-23T00:23:26.380+0000] {dag.py:3834} INFO - Setting next_dagrun for example_skip_dag to 2024-03-22 00:00:00+00:00, run_after=2024-03-23 00:00:00+00:00
[2024-03-23T00:23:26.400+0000] {processor.py:183} INFO - Processing /home/airflow/.local/lib/python3.8/site-packages/airflow/example_dags/example_skip_dag.py took 0.097 seconds
[2024-03-23T00:23:56.629+0000] {processor.py:161} INFO - Started process (PID=2280) to work on /home/airflow/.local/lib/python3.8/site-packages/airflow/example_dags/example_skip_dag.py
[2024-03-23T00:23:56.630+0000] {processor.py:830} INFO - Processing file /home/airflow/.local/lib/python3.8/site-packages/airflow/example_dags/example_skip_dag.py for tasks to queue
[2024-03-23T00:23:56.632+0000] {logging_mixin.py:188} INFO - [2024-03-23T00:23:56.632+0000] {dagbag.py:540} INFO - Filling up the DagBag from /home/airflow/.local/lib/python3.8/site-packages/airflow/example_dags/example_skip_dag.py
[2024-03-23T00:23:56.640+0000] {processor.py:840} INFO - DAG(s) 'example_skip_dag' retrieved from /home/airflow/.local/lib/python3.8/site-packages/airflow/example_dags/example_skip_dag.py
[2024-03-23T00:23:56.665+0000] {logging_mixin.py:188} INFO - [2024-03-23T00:23:56.664+0000] {dag.py:3047} INFO - Sync 1 DAGs
[2024-03-23T00:23:56.688+0000] {logging_mixin.py:188} INFO - [2024-03-23T00:23:56.688+0000] {dag.py:3834} INFO - Setting next_dagrun for example_skip_dag to 2024-03-22 00:00:00+00:00, run_after=2024-03-23 00:00:00+00:00
[2024-03-23T00:23:56.707+0000] {processor.py:183} INFO - Processing /home/airflow/.local/lib/python3.8/site-packages/airflow/example_dags/example_skip_dag.py took 0.082 seconds
[2024-03-23T00:24:27.000+0000] {processor.py:161} INFO - Started process (PID=2335) to work on /home/airflow/.local/lib/python3.8/site-packages/airflow/example_dags/example_skip_dag.py
[2024-03-23T00:24:27.001+0000] {processor.py:830} INFO - Processing file /home/airflow/.local/lib/python3.8/site-packages/airflow/example_dags/example_skip_dag.py for tasks to queue
[2024-03-23T00:24:27.004+0000] {logging_mixin.py:188} INFO - [2024-03-23T00:24:27.003+0000] {dagbag.py:540} INFO - Filling up the DagBag from /home/airflow/.local/lib/python3.8/site-packages/airflow/example_dags/example_skip_dag.py
[2024-03-23T00:24:27.011+0000] {processor.py:840} INFO - DAG(s) 'example_skip_dag' retrieved from /home/airflow/.local/lib/python3.8/site-packages/airflow/example_dags/example_skip_dag.py
[2024-03-23T00:24:27.037+0000] {logging_mixin.py:188} INFO - [2024-03-23T00:24:27.037+0000] {dag.py:3047} INFO - Sync 1 DAGs
[2024-03-23T00:24:27.065+0000] {logging_mixin.py:188} INFO - [2024-03-23T00:24:27.065+0000] {dag.py:3834} INFO - Setting next_dagrun for example_skip_dag to 2024-03-22 00:00:00+00:00, run_after=2024-03-23 00:00:00+00:00
[2024-03-23T00:24:27.088+0000] {processor.py:183} INFO - Processing /home/airflow/.local/lib/python3.8/site-packages/airflow/example_dags/example_skip_dag.py took 0.092 seconds
[2024-03-23T00:24:57.325+0000] {processor.py:161} INFO - Started process (PID=2390) to work on /home/airflow/.local/lib/python3.8/site-packages/airflow/example_dags/example_skip_dag.py
[2024-03-23T00:24:57.326+0000] {processor.py:830} INFO - Processing file /home/airflow/.local/lib/python3.8/site-packages/airflow/example_dags/example_skip_dag.py for tasks to queue
[2024-03-23T00:24:57.328+0000] {logging_mixin.py:188} INFO - [2024-03-23T00:24:57.328+0000] {dagbag.py:540} INFO - Filling up the DagBag from /home/airflow/.local/lib/python3.8/site-packages/airflow/example_dags/example_skip_dag.py
[2024-03-23T00:24:57.336+0000] {processor.py:840} INFO - DAG(s) 'example_skip_dag' retrieved from /home/airflow/.local/lib/python3.8/site-packages/airflow/example_dags/example_skip_dag.py
[2024-03-23T00:24:57.361+0000] {logging_mixin.py:188} INFO - [2024-03-23T00:24:57.360+0000] {dag.py:3047} INFO - Sync 1 DAGs
[2024-03-23T00:24:57.385+0000] {logging_mixin.py:188} INFO - [2024-03-23T00:24:57.385+0000] {dag.py:3834} INFO - Setting next_dagrun for example_skip_dag to 2024-03-22 00:00:00+00:00, run_after=2024-03-23 00:00:00+00:00
[2024-03-23T00:24:57.404+0000] {processor.py:183} INFO - Processing /home/airflow/.local/lib/python3.8/site-packages/airflow/example_dags/example_skip_dag.py took 0.083 seconds
[2024-03-23T00:25:28.007+0000] {processor.py:161} INFO - Started process (PID=2443) to work on /home/airflow/.local/lib/python3.8/site-packages/airflow/example_dags/example_skip_dag.py
[2024-03-23T00:25:28.008+0000] {processor.py:830} INFO - Processing file /home/airflow/.local/lib/python3.8/site-packages/airflow/example_dags/example_skip_dag.py for tasks to queue
[2024-03-23T00:25:28.011+0000] {logging_mixin.py:188} INFO - [2024-03-23T00:25:28.010+0000] {dagbag.py:540} INFO - Filling up the DagBag from /home/airflow/.local/lib/python3.8/site-packages/airflow/example_dags/example_skip_dag.py
[2024-03-23T00:25:28.018+0000] {processor.py:840} INFO - DAG(s) 'example_skip_dag' retrieved from /home/airflow/.local/lib/python3.8/site-packages/airflow/example_dags/example_skip_dag.py
[2024-03-23T00:25:28.044+0000] {logging_mixin.py:188} INFO - [2024-03-23T00:25:28.043+0000] {dag.py:3047} INFO - Sync 1 DAGs
[2024-03-23T00:25:28.068+0000] {logging_mixin.py:188} INFO - [2024-03-23T00:25:28.067+0000] {dag.py:3834} INFO - Setting next_dagrun for example_skip_dag to 2024-03-22 00:00:00+00:00, run_after=2024-03-23 00:00:00+00:00
[2024-03-23T00:25:28.086+0000] {processor.py:183} INFO - Processing /home/airflow/.local/lib/python3.8/site-packages/airflow/example_dags/example_skip_dag.py took 0.083 seconds
[2024-03-23T00:25:58.289+0000] {processor.py:161} INFO - Started process (PID=2498) to work on /home/airflow/.local/lib/python3.8/site-packages/airflow/example_dags/example_skip_dag.py
[2024-03-23T00:25:58.290+0000] {processor.py:830} INFO - Processing file /home/airflow/.local/lib/python3.8/site-packages/airflow/example_dags/example_skip_dag.py for tasks to queue
[2024-03-23T00:25:58.292+0000] {logging_mixin.py:188} INFO - [2024-03-23T00:25:58.291+0000] {dagbag.py:540} INFO - Filling up the DagBag from /home/airflow/.local/lib/python3.8/site-packages/airflow/example_dags/example_skip_dag.py
[2024-03-23T00:25:58.300+0000] {processor.py:840} INFO - DAG(s) 'example_skip_dag' retrieved from /home/airflow/.local/lib/python3.8/site-packages/airflow/example_dags/example_skip_dag.py
[2024-03-23T00:25:58.325+0000] {logging_mixin.py:188} INFO - [2024-03-23T00:25:58.324+0000] {dag.py:3047} INFO - Sync 1 DAGs
[2024-03-23T00:25:58.349+0000] {logging_mixin.py:188} INFO - [2024-03-23T00:25:58.349+0000] {dag.py:3834} INFO - Setting next_dagrun for example_skip_dag to 2024-03-22 00:00:00+00:00, run_after=2024-03-23 00:00:00+00:00
[2024-03-23T00:25:58.369+0000] {processor.py:183} INFO - Processing /home/airflow/.local/lib/python3.8/site-packages/airflow/example_dags/example_skip_dag.py took 0.084 seconds
[2024-03-23T00:26:29.001+0000] {processor.py:161} INFO - Started process (PID=2553) to work on /home/airflow/.local/lib/python3.8/site-packages/airflow/example_dags/example_skip_dag.py
[2024-03-23T00:26:29.002+0000] {processor.py:830} INFO - Processing file /home/airflow/.local/lib/python3.8/site-packages/airflow/example_dags/example_skip_dag.py for tasks to queue
[2024-03-23T00:26:29.004+0000] {logging_mixin.py:188} INFO - [2024-03-23T00:26:29.004+0000] {dagbag.py:540} INFO - Filling up the DagBag from /home/airflow/.local/lib/python3.8/site-packages/airflow/example_dags/example_skip_dag.py
[2024-03-23T00:26:29.012+0000] {processor.py:840} INFO - DAG(s) 'example_skip_dag' retrieved from /home/airflow/.local/lib/python3.8/site-packages/airflow/example_dags/example_skip_dag.py
[2024-03-23T00:26:29.038+0000] {logging_mixin.py:188} INFO - [2024-03-23T00:26:29.038+0000] {dag.py:3047} INFO - Sync 1 DAGs
[2024-03-23T00:26:29.067+0000] {logging_mixin.py:188} INFO - [2024-03-23T00:26:29.067+0000] {dag.py:3834} INFO - Setting next_dagrun for example_skip_dag to 2024-03-22 00:00:00+00:00, run_after=2024-03-23 00:00:00+00:00
[2024-03-23T00:26:29.091+0000] {processor.py:183} INFO - Processing /home/airflow/.local/lib/python3.8/site-packages/airflow/example_dags/example_skip_dag.py took 0.095 seconds
