[2024-03-23T00:03:37.082+0000] {processor.py:161} INFO - Started process (PID=53) to work on /home/airflow/.local/lib/python3.8/site-packages/airflow/example_dags/example_trigger_target_dag.py
[2024-03-23T00:03:37.085+0000] {processor.py:830} INFO - Processing file /home/airflow/.local/lib/python3.8/site-packages/airflow/example_dags/example_trigger_target_dag.py for tasks to queue
[2024-03-23T00:03:37.092+0000] {logging_mixin.py:188} INFO - [2024-03-23T00:03:37.091+0000] {dagbag.py:540} INFO - Filling up the DagBag from /home/airflow/.local/lib/python3.8/site-packages/airflow/example_dags/example_trigger_target_dag.py
[2024-03-23T00:03:37.109+0000] {processor.py:840} INFO - DAG(s) 'example_trigger_target_dag' retrieved from /home/airflow/.local/lib/python3.8/site-packages/airflow/example_dags/example_trigger_target_dag.py
[2024-03-23T00:03:37.156+0000] {logging_mixin.py:188} INFO - [2024-03-23T00:03:37.155+0000] {dag.py:3047} INFO - Sync 1 DAGs
[2024-03-23T00:03:37.192+0000] {logging_mixin.py:188} INFO - [2024-03-23T00:03:37.191+0000] {dag.py:3834} INFO - Setting next_dagrun for example_trigger_target_dag to None, run_after=None
[2024-03-23T00:03:37.236+0000] {processor.py:183} INFO - Processing /home/airflow/.local/lib/python3.8/site-packages/airflow/example_dags/example_trigger_target_dag.py took 0.162 seconds
[2024-03-23T00:04:07.508+0000] {processor.py:161} INFO - Started process (PID=108) to work on /home/airflow/.local/lib/python3.8/site-packages/airflow/example_dags/example_trigger_target_dag.py
[2024-03-23T00:04:07.509+0000] {processor.py:830} INFO - Processing file /home/airflow/.local/lib/python3.8/site-packages/airflow/example_dags/example_trigger_target_dag.py for tasks to queue
[2024-03-23T00:04:07.511+0000] {logging_mixin.py:188} INFO - [2024-03-23T00:04:07.511+0000] {dagbag.py:540} INFO - Filling up the DagBag from /home/airflow/.local/lib/python3.8/site-packages/airflow/example_dags/example_trigger_target_dag.py
[2024-03-23T00:04:07.518+0000] {processor.py:840} INFO - DAG(s) 'example_trigger_target_dag' retrieved from /home/airflow/.local/lib/python3.8/site-packages/airflow/example_dags/example_trigger_target_dag.py
[2024-03-23T00:04:07.540+0000] {logging_mixin.py:188} INFO - [2024-03-23T00:04:07.540+0000] {dag.py:3047} INFO - Sync 1 DAGs
[2024-03-23T00:04:07.556+0000] {logging_mixin.py:188} INFO - [2024-03-23T00:04:07.555+0000] {dag.py:3834} INFO - Setting next_dagrun for example_trigger_target_dag to None, run_after=None
[2024-03-23T00:04:07.580+0000] {processor.py:183} INFO - Processing /home/airflow/.local/lib/python3.8/site-packages/airflow/example_dags/example_trigger_target_dag.py took 0.077 seconds
[2024-03-23T00:04:37.936+0000] {processor.py:161} INFO - Started process (PID=163) to work on /home/airflow/.local/lib/python3.8/site-packages/airflow/example_dags/example_trigger_target_dag.py
[2024-03-23T00:04:37.937+0000] {processor.py:830} INFO - Processing file /home/airflow/.local/lib/python3.8/site-packages/airflow/example_dags/example_trigger_target_dag.py for tasks to queue
[2024-03-23T00:04:37.939+0000] {logging_mixin.py:188} INFO - [2024-03-23T00:04:37.939+0000] {dagbag.py:540} INFO - Filling up the DagBag from /home/airflow/.local/lib/python3.8/site-packages/airflow/example_dags/example_trigger_target_dag.py
[2024-03-23T00:04:37.946+0000] {processor.py:840} INFO - DAG(s) 'example_trigger_target_dag' retrieved from /home/airflow/.local/lib/python3.8/site-packages/airflow/example_dags/example_trigger_target_dag.py
[2024-03-23T00:04:37.967+0000] {logging_mixin.py:188} INFO - [2024-03-23T00:04:37.967+0000] {dag.py:3047} INFO - Sync 1 DAGs
[2024-03-23T00:04:37.982+0000] {logging_mixin.py:188} INFO - [2024-03-23T00:04:37.981+0000] {dag.py:3834} INFO - Setting next_dagrun for example_trigger_target_dag to None, run_after=None
[2024-03-23T00:04:38.002+0000] {processor.py:183} INFO - Processing /home/airflow/.local/lib/python3.8/site-packages/airflow/example_dags/example_trigger_target_dag.py took 0.070 seconds
[2024-03-23T00:05:08.171+0000] {processor.py:161} INFO - Started process (PID=218) to work on /home/airflow/.local/lib/python3.8/site-packages/airflow/example_dags/example_trigger_target_dag.py
[2024-03-23T00:05:08.172+0000] {processor.py:830} INFO - Processing file /home/airflow/.local/lib/python3.8/site-packages/airflow/example_dags/example_trigger_target_dag.py for tasks to queue
[2024-03-23T00:05:08.174+0000] {logging_mixin.py:188} INFO - [2024-03-23T00:05:08.174+0000] {dagbag.py:540} INFO - Filling up the DagBag from /home/airflow/.local/lib/python3.8/site-packages/airflow/example_dags/example_trigger_target_dag.py
[2024-03-23T00:05:08.181+0000] {processor.py:840} INFO - DAG(s) 'example_trigger_target_dag' retrieved from /home/airflow/.local/lib/python3.8/site-packages/airflow/example_dags/example_trigger_target_dag.py
[2024-03-23T00:05:08.203+0000] {logging_mixin.py:188} INFO - [2024-03-23T00:05:08.203+0000] {dag.py:3047} INFO - Sync 1 DAGs
[2024-03-23T00:05:08.219+0000] {logging_mixin.py:188} INFO - [2024-03-23T00:05:08.218+0000] {dag.py:3834} INFO - Setting next_dagrun for example_trigger_target_dag to None, run_after=None
[2024-03-23T00:05:08.241+0000] {processor.py:183} INFO - Processing /home/airflow/.local/lib/python3.8/site-packages/airflow/example_dags/example_trigger_target_dag.py took 0.074 seconds
[2024-03-23T00:05:38.426+0000] {processor.py:161} INFO - Started process (PID=273) to work on /home/airflow/.local/lib/python3.8/site-packages/airflow/example_dags/example_trigger_target_dag.py
[2024-03-23T00:05:38.428+0000] {processor.py:830} INFO - Processing file /home/airflow/.local/lib/python3.8/site-packages/airflow/example_dags/example_trigger_target_dag.py for tasks to queue
[2024-03-23T00:05:38.430+0000] {logging_mixin.py:188} INFO - [2024-03-23T00:05:38.430+0000] {dagbag.py:540} INFO - Filling up the DagBag from /home/airflow/.local/lib/python3.8/site-packages/airflow/example_dags/example_trigger_target_dag.py
[2024-03-23T00:05:38.437+0000] {processor.py:840} INFO - DAG(s) 'example_trigger_target_dag' retrieved from /home/airflow/.local/lib/python3.8/site-packages/airflow/example_dags/example_trigger_target_dag.py
[2024-03-23T00:05:38.460+0000] {logging_mixin.py:188} INFO - [2024-03-23T00:05:38.459+0000] {dag.py:3047} INFO - Sync 1 DAGs
[2024-03-23T00:05:38.474+0000] {logging_mixin.py:188} INFO - [2024-03-23T00:05:38.474+0000] {dag.py:3834} INFO - Setting next_dagrun for example_trigger_target_dag to None, run_after=None
[2024-03-23T00:05:38.497+0000] {processor.py:183} INFO - Processing /home/airflow/.local/lib/python3.8/site-packages/airflow/example_dags/example_trigger_target_dag.py took 0.074 seconds
[2024-03-23T00:06:08.770+0000] {processor.py:161} INFO - Started process (PID=328) to work on /home/airflow/.local/lib/python3.8/site-packages/airflow/example_dags/example_trigger_target_dag.py
[2024-03-23T00:06:08.772+0000] {processor.py:830} INFO - Processing file /home/airflow/.local/lib/python3.8/site-packages/airflow/example_dags/example_trigger_target_dag.py for tasks to queue
[2024-03-23T00:06:08.775+0000] {logging_mixin.py:188} INFO - [2024-03-23T00:06:08.774+0000] {dagbag.py:540} INFO - Filling up the DagBag from /home/airflow/.local/lib/python3.8/site-packages/airflow/example_dags/example_trigger_target_dag.py
[2024-03-23T00:06:08.782+0000] {processor.py:840} INFO - DAG(s) 'example_trigger_target_dag' retrieved from /home/airflow/.local/lib/python3.8/site-packages/airflow/example_dags/example_trigger_target_dag.py
[2024-03-23T00:06:08.811+0000] {logging_mixin.py:188} INFO - [2024-03-23T00:06:08.811+0000] {dag.py:3047} INFO - Sync 1 DAGs
[2024-03-23T00:06:08.829+0000] {logging_mixin.py:188} INFO - [2024-03-23T00:06:08.828+0000] {dag.py:3834} INFO - Setting next_dagrun for example_trigger_target_dag to None, run_after=None
[2024-03-23T00:06:08.851+0000] {processor.py:183} INFO - Processing /home/airflow/.local/lib/python3.8/site-packages/airflow/example_dags/example_trigger_target_dag.py took 0.087 seconds
[2024-03-23T00:06:39.322+0000] {processor.py:161} INFO - Started process (PID=383) to work on /home/airflow/.local/lib/python3.8/site-packages/airflow/example_dags/example_trigger_target_dag.py
[2024-03-23T00:06:39.323+0000] {processor.py:830} INFO - Processing file /home/airflow/.local/lib/python3.8/site-packages/airflow/example_dags/example_trigger_target_dag.py for tasks to queue
[2024-03-23T00:06:39.325+0000] {logging_mixin.py:188} INFO - [2024-03-23T00:06:39.325+0000] {dagbag.py:540} INFO - Filling up the DagBag from /home/airflow/.local/lib/python3.8/site-packages/airflow/example_dags/example_trigger_target_dag.py
[2024-03-23T00:06:39.332+0000] {processor.py:840} INFO - DAG(s) 'example_trigger_target_dag' retrieved from /home/airflow/.local/lib/python3.8/site-packages/airflow/example_dags/example_trigger_target_dag.py
[2024-03-23T00:06:39.353+0000] {logging_mixin.py:188} INFO - [2024-03-23T00:06:39.353+0000] {dag.py:3047} INFO - Sync 1 DAGs
[2024-03-23T00:06:39.370+0000] {logging_mixin.py:188} INFO - [2024-03-23T00:06:39.370+0000] {dag.py:3834} INFO - Setting next_dagrun for example_trigger_target_dag to None, run_after=None
[2024-03-23T00:06:39.392+0000] {processor.py:183} INFO - Processing /home/airflow/.local/lib/python3.8/site-packages/airflow/example_dags/example_trigger_target_dag.py took 0.075 seconds
[2024-03-23T00:07:09.831+0000] {processor.py:161} INFO - Started process (PID=438) to work on /home/airflow/.local/lib/python3.8/site-packages/airflow/example_dags/example_trigger_target_dag.py
[2024-03-23T00:07:09.833+0000] {processor.py:830} INFO - Processing file /home/airflow/.local/lib/python3.8/site-packages/airflow/example_dags/example_trigger_target_dag.py for tasks to queue
[2024-03-23T00:07:09.835+0000] {logging_mixin.py:188} INFO - [2024-03-23T00:07:09.835+0000] {dagbag.py:540} INFO - Filling up the DagBag from /home/airflow/.local/lib/python3.8/site-packages/airflow/example_dags/example_trigger_target_dag.py
[2024-03-23T00:07:09.842+0000] {processor.py:840} INFO - DAG(s) 'example_trigger_target_dag' retrieved from /home/airflow/.local/lib/python3.8/site-packages/airflow/example_dags/example_trigger_target_dag.py
[2024-03-23T00:07:09.866+0000] {logging_mixin.py:188} INFO - [2024-03-23T00:07:09.866+0000] {dag.py:3047} INFO - Sync 1 DAGs
[2024-03-23T00:07:09.881+0000] {logging_mixin.py:188} INFO - [2024-03-23T00:07:09.881+0000] {dag.py:3834} INFO - Setting next_dagrun for example_trigger_target_dag to None, run_after=None
[2024-03-23T00:07:09.902+0000] {processor.py:183} INFO - Processing /home/airflow/.local/lib/python3.8/site-packages/airflow/example_dags/example_trigger_target_dag.py took 0.077 seconds
[2024-03-23T00:07:40.193+0000] {processor.py:161} INFO - Started process (PID=493) to work on /home/airflow/.local/lib/python3.8/site-packages/airflow/example_dags/example_trigger_target_dag.py
[2024-03-23T00:07:40.195+0000] {processor.py:830} INFO - Processing file /home/airflow/.local/lib/python3.8/site-packages/airflow/example_dags/example_trigger_target_dag.py for tasks to queue
[2024-03-23T00:07:40.197+0000] {logging_mixin.py:188} INFO - [2024-03-23T00:07:40.196+0000] {dagbag.py:540} INFO - Filling up the DagBag from /home/airflow/.local/lib/python3.8/site-packages/airflow/example_dags/example_trigger_target_dag.py
[2024-03-23T00:07:40.204+0000] {processor.py:840} INFO - DAG(s) 'example_trigger_target_dag' retrieved from /home/airflow/.local/lib/python3.8/site-packages/airflow/example_dags/example_trigger_target_dag.py
[2024-03-23T00:07:40.227+0000] {logging_mixin.py:188} INFO - [2024-03-23T00:07:40.227+0000] {dag.py:3047} INFO - Sync 1 DAGs
[2024-03-23T00:07:40.242+0000] {logging_mixin.py:188} INFO - [2024-03-23T00:07:40.241+0000] {dag.py:3834} INFO - Setting next_dagrun for example_trigger_target_dag to None, run_after=None
[2024-03-23T00:07:40.264+0000] {processor.py:183} INFO - Processing /home/airflow/.local/lib/python3.8/site-packages/airflow/example_dags/example_trigger_target_dag.py took 0.076 seconds
[2024-03-23T00:08:10.508+0000] {processor.py:161} INFO - Started process (PID=548) to work on /home/airflow/.local/lib/python3.8/site-packages/airflow/example_dags/example_trigger_target_dag.py
[2024-03-23T00:08:10.509+0000] {processor.py:830} INFO - Processing file /home/airflow/.local/lib/python3.8/site-packages/airflow/example_dags/example_trigger_target_dag.py for tasks to queue
[2024-03-23T00:08:10.512+0000] {logging_mixin.py:188} INFO - [2024-03-23T00:08:10.511+0000] {dagbag.py:540} INFO - Filling up the DagBag from /home/airflow/.local/lib/python3.8/site-packages/airflow/example_dags/example_trigger_target_dag.py
[2024-03-23T00:08:10.519+0000] {processor.py:840} INFO - DAG(s) 'example_trigger_target_dag' retrieved from /home/airflow/.local/lib/python3.8/site-packages/airflow/example_dags/example_trigger_target_dag.py
[2024-03-23T00:08:10.545+0000] {logging_mixin.py:188} INFO - [2024-03-23T00:08:10.544+0000] {dag.py:3047} INFO - Sync 1 DAGs
[2024-03-23T00:08:10.562+0000] {logging_mixin.py:188} INFO - [2024-03-23T00:08:10.561+0000] {dag.py:3834} INFO - Setting next_dagrun for example_trigger_target_dag to None, run_after=None
[2024-03-23T00:08:10.583+0000] {processor.py:183} INFO - Processing /home/airflow/.local/lib/python3.8/site-packages/airflow/example_dags/example_trigger_target_dag.py took 0.079 seconds
[2024-03-23T00:08:40.790+0000] {processor.py:161} INFO - Started process (PID=603) to work on /home/airflow/.local/lib/python3.8/site-packages/airflow/example_dags/example_trigger_target_dag.py
[2024-03-23T00:08:40.791+0000] {processor.py:830} INFO - Processing file /home/airflow/.local/lib/python3.8/site-packages/airflow/example_dags/example_trigger_target_dag.py for tasks to queue
[2024-03-23T00:08:40.793+0000] {logging_mixin.py:188} INFO - [2024-03-23T00:08:40.793+0000] {dagbag.py:540} INFO - Filling up the DagBag from /home/airflow/.local/lib/python3.8/site-packages/airflow/example_dags/example_trigger_target_dag.py
[2024-03-23T00:08:40.800+0000] {processor.py:840} INFO - DAG(s) 'example_trigger_target_dag' retrieved from /home/airflow/.local/lib/python3.8/site-packages/airflow/example_dags/example_trigger_target_dag.py
[2024-03-23T00:08:40.821+0000] {logging_mixin.py:188} INFO - [2024-03-23T00:08:40.821+0000] {dag.py:3047} INFO - Sync 1 DAGs
[2024-03-23T00:08:40.837+0000] {logging_mixin.py:188} INFO - [2024-03-23T00:08:40.836+0000] {dag.py:3834} INFO - Setting next_dagrun for example_trigger_target_dag to None, run_after=None
[2024-03-23T00:08:40.857+0000] {processor.py:183} INFO - Processing /home/airflow/.local/lib/python3.8/site-packages/airflow/example_dags/example_trigger_target_dag.py took 0.071 seconds
[2024-03-23T00:09:11.196+0000] {processor.py:161} INFO - Started process (PID=658) to work on /home/airflow/.local/lib/python3.8/site-packages/airflow/example_dags/example_trigger_target_dag.py
[2024-03-23T00:09:11.198+0000] {processor.py:830} INFO - Processing file /home/airflow/.local/lib/python3.8/site-packages/airflow/example_dags/example_trigger_target_dag.py for tasks to queue
[2024-03-23T00:09:11.200+0000] {logging_mixin.py:188} INFO - [2024-03-23T00:09:11.200+0000] {dagbag.py:540} INFO - Filling up the DagBag from /home/airflow/.local/lib/python3.8/site-packages/airflow/example_dags/example_trigger_target_dag.py
[2024-03-23T00:09:11.207+0000] {processor.py:840} INFO - DAG(s) 'example_trigger_target_dag' retrieved from /home/airflow/.local/lib/python3.8/site-packages/airflow/example_dags/example_trigger_target_dag.py
[2024-03-23T00:09:11.230+0000] {logging_mixin.py:188} INFO - [2024-03-23T00:09:11.230+0000] {dag.py:3047} INFO - Sync 1 DAGs
[2024-03-23T00:09:11.246+0000] {logging_mixin.py:188} INFO - [2024-03-23T00:09:11.245+0000] {dag.py:3834} INFO - Setting next_dagrun for example_trigger_target_dag to None, run_after=None
[2024-03-23T00:09:11.267+0000] {processor.py:183} INFO - Processing /home/airflow/.local/lib/python3.8/site-packages/airflow/example_dags/example_trigger_target_dag.py took 0.076 seconds
[2024-03-23T00:09:41.378+0000] {processor.py:161} INFO - Started process (PID=713) to work on /home/airflow/.local/lib/python3.8/site-packages/airflow/example_dags/example_trigger_target_dag.py
[2024-03-23T00:09:41.379+0000] {processor.py:830} INFO - Processing file /home/airflow/.local/lib/python3.8/site-packages/airflow/example_dags/example_trigger_target_dag.py for tasks to queue
[2024-03-23T00:09:41.381+0000] {logging_mixin.py:188} INFO - [2024-03-23T00:09:41.381+0000] {dagbag.py:540} INFO - Filling up the DagBag from /home/airflow/.local/lib/python3.8/site-packages/airflow/example_dags/example_trigger_target_dag.py
[2024-03-23T00:09:41.388+0000] {processor.py:840} INFO - DAG(s) 'example_trigger_target_dag' retrieved from /home/airflow/.local/lib/python3.8/site-packages/airflow/example_dags/example_trigger_target_dag.py
[2024-03-23T00:09:41.410+0000] {logging_mixin.py:188} INFO - [2024-03-23T00:09:41.409+0000] {dag.py:3047} INFO - Sync 1 DAGs
[2024-03-23T00:09:41.424+0000] {logging_mixin.py:188} INFO - [2024-03-23T00:09:41.424+0000] {dag.py:3834} INFO - Setting next_dagrun for example_trigger_target_dag to None, run_after=None
[2024-03-23T00:09:41.445+0000] {processor.py:183} INFO - Processing /home/airflow/.local/lib/python3.8/site-packages/airflow/example_dags/example_trigger_target_dag.py took 0.071 seconds
[2024-03-23T00:10:11.827+0000] {processor.py:161} INFO - Started process (PID=768) to work on /home/airflow/.local/lib/python3.8/site-packages/airflow/example_dags/example_trigger_target_dag.py
[2024-03-23T00:10:11.828+0000] {processor.py:830} INFO - Processing file /home/airflow/.local/lib/python3.8/site-packages/airflow/example_dags/example_trigger_target_dag.py for tasks to queue
[2024-03-23T00:10:11.831+0000] {logging_mixin.py:188} INFO - [2024-03-23T00:10:11.830+0000] {dagbag.py:540} INFO - Filling up the DagBag from /home/airflow/.local/lib/python3.8/site-packages/airflow/example_dags/example_trigger_target_dag.py
[2024-03-23T00:10:11.837+0000] {processor.py:840} INFO - DAG(s) 'example_trigger_target_dag' retrieved from /home/airflow/.local/lib/python3.8/site-packages/airflow/example_dags/example_trigger_target_dag.py
[2024-03-23T00:10:11.860+0000] {logging_mixin.py:188} INFO - [2024-03-23T00:10:11.860+0000] {dag.py:3047} INFO - Sync 1 DAGs
[2024-03-23T00:10:11.875+0000] {logging_mixin.py:188} INFO - [2024-03-23T00:10:11.874+0000] {dag.py:3834} INFO - Setting next_dagrun for example_trigger_target_dag to None, run_after=None
[2024-03-23T00:10:11.895+0000] {processor.py:183} INFO - Processing /home/airflow/.local/lib/python3.8/site-packages/airflow/example_dags/example_trigger_target_dag.py took 0.072 seconds
[2024-03-23T00:10:41.962+0000] {processor.py:161} INFO - Started process (PID=823) to work on /home/airflow/.local/lib/python3.8/site-packages/airflow/example_dags/example_trigger_target_dag.py
[2024-03-23T00:10:41.963+0000] {processor.py:830} INFO - Processing file /home/airflow/.local/lib/python3.8/site-packages/airflow/example_dags/example_trigger_target_dag.py for tasks to queue
[2024-03-23T00:10:41.965+0000] {logging_mixin.py:188} INFO - [2024-03-23T00:10:41.965+0000] {dagbag.py:540} INFO - Filling up the DagBag from /home/airflow/.local/lib/python3.8/site-packages/airflow/example_dags/example_trigger_target_dag.py
[2024-03-23T00:10:41.972+0000] {processor.py:840} INFO - DAG(s) 'example_trigger_target_dag' retrieved from /home/airflow/.local/lib/python3.8/site-packages/airflow/example_dags/example_trigger_target_dag.py
[2024-03-23T00:10:41.995+0000] {logging_mixin.py:188} INFO - [2024-03-23T00:10:41.994+0000] {dag.py:3047} INFO - Sync 1 DAGs
[2024-03-23T00:10:42.010+0000] {logging_mixin.py:188} INFO - [2024-03-23T00:10:42.010+0000] {dag.py:3834} INFO - Setting next_dagrun for example_trigger_target_dag to None, run_after=None
[2024-03-23T00:10:42.031+0000] {processor.py:183} INFO - Processing /home/airflow/.local/lib/python3.8/site-packages/airflow/example_dags/example_trigger_target_dag.py took 0.073 seconds
[2024-03-23T00:11:12.433+0000] {processor.py:161} INFO - Started process (PID=878) to work on /home/airflow/.local/lib/python3.8/site-packages/airflow/example_dags/example_trigger_target_dag.py
[2024-03-23T00:11:12.434+0000] {processor.py:830} INFO - Processing file /home/airflow/.local/lib/python3.8/site-packages/airflow/example_dags/example_trigger_target_dag.py for tasks to queue
[2024-03-23T00:11:12.436+0000] {logging_mixin.py:188} INFO - [2024-03-23T00:11:12.436+0000] {dagbag.py:540} INFO - Filling up the DagBag from /home/airflow/.local/lib/python3.8/site-packages/airflow/example_dags/example_trigger_target_dag.py
[2024-03-23T00:11:12.443+0000] {processor.py:840} INFO - DAG(s) 'example_trigger_target_dag' retrieved from /home/airflow/.local/lib/python3.8/site-packages/airflow/example_dags/example_trigger_target_dag.py
[2024-03-23T00:11:12.465+0000] {logging_mixin.py:188} INFO - [2024-03-23T00:11:12.465+0000] {dag.py:3047} INFO - Sync 1 DAGs
[2024-03-23T00:11:12.479+0000] {logging_mixin.py:188} INFO - [2024-03-23T00:11:12.479+0000] {dag.py:3834} INFO - Setting next_dagrun for example_trigger_target_dag to None, run_after=None
[2024-03-23T00:11:12.499+0000] {processor.py:183} INFO - Processing /home/airflow/.local/lib/python3.8/site-packages/airflow/example_dags/example_trigger_target_dag.py took 0.070 seconds
[2024-03-23T00:11:42.814+0000] {processor.py:161} INFO - Started process (PID=933) to work on /home/airflow/.local/lib/python3.8/site-packages/airflow/example_dags/example_trigger_target_dag.py
[2024-03-23T00:11:42.815+0000] {processor.py:830} INFO - Processing file /home/airflow/.local/lib/python3.8/site-packages/airflow/example_dags/example_trigger_target_dag.py for tasks to queue
[2024-03-23T00:11:42.818+0000] {logging_mixin.py:188} INFO - [2024-03-23T00:11:42.818+0000] {dagbag.py:540} INFO - Filling up the DagBag from /home/airflow/.local/lib/python3.8/site-packages/airflow/example_dags/example_trigger_target_dag.py
[2024-03-23T00:11:42.825+0000] {processor.py:840} INFO - DAG(s) 'example_trigger_target_dag' retrieved from /home/airflow/.local/lib/python3.8/site-packages/airflow/example_dags/example_trigger_target_dag.py
[2024-03-23T00:11:42.851+0000] {logging_mixin.py:188} INFO - [2024-03-23T00:11:42.851+0000] {dag.py:3047} INFO - Sync 1 DAGs
[2024-03-23T00:11:42.870+0000] {logging_mixin.py:188} INFO - [2024-03-23T00:11:42.869+0000] {dag.py:3834} INFO - Setting next_dagrun for example_trigger_target_dag to None, run_after=None
[2024-03-23T00:11:42.897+0000] {processor.py:183} INFO - Processing /home/airflow/.local/lib/python3.8/site-packages/airflow/example_dags/example_trigger_target_dag.py took 0.088 seconds
[2024-03-23T00:12:13.128+0000] {processor.py:161} INFO - Started process (PID=988) to work on /home/airflow/.local/lib/python3.8/site-packages/airflow/example_dags/example_trigger_target_dag.py
[2024-03-23T00:12:13.129+0000] {processor.py:830} INFO - Processing file /home/airflow/.local/lib/python3.8/site-packages/airflow/example_dags/example_trigger_target_dag.py for tasks to queue
[2024-03-23T00:12:13.131+0000] {logging_mixin.py:188} INFO - [2024-03-23T00:12:13.131+0000] {dagbag.py:540} INFO - Filling up the DagBag from /home/airflow/.local/lib/python3.8/site-packages/airflow/example_dags/example_trigger_target_dag.py
[2024-03-23T00:12:13.138+0000] {processor.py:840} INFO - DAG(s) 'example_trigger_target_dag' retrieved from /home/airflow/.local/lib/python3.8/site-packages/airflow/example_dags/example_trigger_target_dag.py
[2024-03-23T00:12:13.161+0000] {logging_mixin.py:188} INFO - [2024-03-23T00:12:13.160+0000] {dag.py:3047} INFO - Sync 1 DAGs
[2024-03-23T00:12:13.175+0000] {logging_mixin.py:188} INFO - [2024-03-23T00:12:13.175+0000] {dag.py:3834} INFO - Setting next_dagrun for example_trigger_target_dag to None, run_after=None
[2024-03-23T00:12:13.197+0000] {processor.py:183} INFO - Processing /home/airflow/.local/lib/python3.8/site-packages/airflow/example_dags/example_trigger_target_dag.py took 0.073 seconds
[2024-03-23T00:12:43.660+0000] {processor.py:161} INFO - Started process (PID=1043) to work on /home/airflow/.local/lib/python3.8/site-packages/airflow/example_dags/example_trigger_target_dag.py
[2024-03-23T00:12:43.661+0000] {processor.py:830} INFO - Processing file /home/airflow/.local/lib/python3.8/site-packages/airflow/example_dags/example_trigger_target_dag.py for tasks to queue
[2024-03-23T00:12:43.663+0000] {logging_mixin.py:188} INFO - [2024-03-23T00:12:43.663+0000] {dagbag.py:540} INFO - Filling up the DagBag from /home/airflow/.local/lib/python3.8/site-packages/airflow/example_dags/example_trigger_target_dag.py
[2024-03-23T00:12:43.670+0000] {processor.py:840} INFO - DAG(s) 'example_trigger_target_dag' retrieved from /home/airflow/.local/lib/python3.8/site-packages/airflow/example_dags/example_trigger_target_dag.py
[2024-03-23T00:12:43.691+0000] {logging_mixin.py:188} INFO - [2024-03-23T00:12:43.691+0000] {dag.py:3047} INFO - Sync 1 DAGs
[2024-03-23T00:12:43.706+0000] {logging_mixin.py:188} INFO - [2024-03-23T00:12:43.706+0000] {dag.py:3834} INFO - Setting next_dagrun for example_trigger_target_dag to None, run_after=None
[2024-03-23T00:12:43.726+0000] {processor.py:183} INFO - Processing /home/airflow/.local/lib/python3.8/site-packages/airflow/example_dags/example_trigger_target_dag.py took 0.070 seconds
[2024-03-23T00:13:14.077+0000] {processor.py:161} INFO - Started process (PID=1098) to work on /home/airflow/.local/lib/python3.8/site-packages/airflow/example_dags/example_trigger_target_dag.py
[2024-03-23T00:13:14.078+0000] {processor.py:830} INFO - Processing file /home/airflow/.local/lib/python3.8/site-packages/airflow/example_dags/example_trigger_target_dag.py for tasks to queue
[2024-03-23T00:13:14.080+0000] {logging_mixin.py:188} INFO - [2024-03-23T00:13:14.080+0000] {dagbag.py:540} INFO - Filling up the DagBag from /home/airflow/.local/lib/python3.8/site-packages/airflow/example_dags/example_trigger_target_dag.py
[2024-03-23T00:13:14.087+0000] {processor.py:840} INFO - DAG(s) 'example_trigger_target_dag' retrieved from /home/airflow/.local/lib/python3.8/site-packages/airflow/example_dags/example_trigger_target_dag.py
[2024-03-23T00:13:14.110+0000] {logging_mixin.py:188} INFO - [2024-03-23T00:13:14.109+0000] {dag.py:3047} INFO - Sync 1 DAGs
[2024-03-23T00:13:14.124+0000] {logging_mixin.py:188} INFO - [2024-03-23T00:13:14.124+0000] {dag.py:3834} INFO - Setting next_dagrun for example_trigger_target_dag to None, run_after=None
[2024-03-23T00:13:14.144+0000] {processor.py:183} INFO - Processing /home/airflow/.local/lib/python3.8/site-packages/airflow/example_dags/example_trigger_target_dag.py took 0.072 seconds
[2024-03-23T00:13:44.521+0000] {processor.py:161} INFO - Started process (PID=1153) to work on /home/airflow/.local/lib/python3.8/site-packages/airflow/example_dags/example_trigger_target_dag.py
[2024-03-23T00:13:44.522+0000] {processor.py:830} INFO - Processing file /home/airflow/.local/lib/python3.8/site-packages/airflow/example_dags/example_trigger_target_dag.py for tasks to queue
[2024-03-23T00:13:44.524+0000] {logging_mixin.py:188} INFO - [2024-03-23T00:13:44.524+0000] {dagbag.py:540} INFO - Filling up the DagBag from /home/airflow/.local/lib/python3.8/site-packages/airflow/example_dags/example_trigger_target_dag.py
[2024-03-23T00:13:44.531+0000] {processor.py:840} INFO - DAG(s) 'example_trigger_target_dag' retrieved from /home/airflow/.local/lib/python3.8/site-packages/airflow/example_dags/example_trigger_target_dag.py
[2024-03-23T00:13:44.555+0000] {logging_mixin.py:188} INFO - [2024-03-23T00:13:44.555+0000] {dag.py:3047} INFO - Sync 1 DAGs
[2024-03-23T00:13:44.573+0000] {logging_mixin.py:188} INFO - [2024-03-23T00:13:44.572+0000] {dag.py:3834} INFO - Setting next_dagrun for example_trigger_target_dag to None, run_after=None
[2024-03-23T00:13:44.595+0000] {processor.py:183} INFO - Processing /home/airflow/.local/lib/python3.8/site-packages/airflow/example_dags/example_trigger_target_dag.py took 0.079 seconds
[2024-03-23T00:14:15.112+0000] {processor.py:161} INFO - Started process (PID=1208) to work on /home/airflow/.local/lib/python3.8/site-packages/airflow/example_dags/example_trigger_target_dag.py
[2024-03-23T00:14:15.113+0000] {processor.py:830} INFO - Processing file /home/airflow/.local/lib/python3.8/site-packages/airflow/example_dags/example_trigger_target_dag.py for tasks to queue
[2024-03-23T00:14:15.116+0000] {logging_mixin.py:188} INFO - [2024-03-23T00:14:15.115+0000] {dagbag.py:540} INFO - Filling up the DagBag from /home/airflow/.local/lib/python3.8/site-packages/airflow/example_dags/example_trigger_target_dag.py
[2024-03-23T00:14:15.124+0000] {processor.py:840} INFO - DAG(s) 'example_trigger_target_dag' retrieved from /home/airflow/.local/lib/python3.8/site-packages/airflow/example_dags/example_trigger_target_dag.py
[2024-03-23T00:14:15.146+0000] {logging_mixin.py:188} INFO - [2024-03-23T00:14:15.145+0000] {dag.py:3047} INFO - Sync 1 DAGs
[2024-03-23T00:14:15.160+0000] {logging_mixin.py:188} INFO - [2024-03-23T00:14:15.160+0000] {dag.py:3834} INFO - Setting next_dagrun for example_trigger_target_dag to None, run_after=None
[2024-03-23T00:14:15.181+0000] {processor.py:183} INFO - Processing /home/airflow/.local/lib/python3.8/site-packages/airflow/example_dags/example_trigger_target_dag.py took 0.074 seconds
[2024-03-23T00:14:45.570+0000] {processor.py:161} INFO - Started process (PID=1263) to work on /home/airflow/.local/lib/python3.8/site-packages/airflow/example_dags/example_trigger_target_dag.py
[2024-03-23T00:14:45.571+0000] {processor.py:830} INFO - Processing file /home/airflow/.local/lib/python3.8/site-packages/airflow/example_dags/example_trigger_target_dag.py for tasks to queue
[2024-03-23T00:14:45.573+0000] {logging_mixin.py:188} INFO - [2024-03-23T00:14:45.573+0000] {dagbag.py:540} INFO - Filling up the DagBag from /home/airflow/.local/lib/python3.8/site-packages/airflow/example_dags/example_trigger_target_dag.py
[2024-03-23T00:14:45.581+0000] {processor.py:840} INFO - DAG(s) 'example_trigger_target_dag' retrieved from /home/airflow/.local/lib/python3.8/site-packages/airflow/example_dags/example_trigger_target_dag.py
[2024-03-23T00:14:45.602+0000] {logging_mixin.py:188} INFO - [2024-03-23T00:14:45.602+0000] {dag.py:3047} INFO - Sync 1 DAGs
[2024-03-23T00:14:45.617+0000] {logging_mixin.py:188} INFO - [2024-03-23T00:14:45.617+0000] {dag.py:3834} INFO - Setting next_dagrun for example_trigger_target_dag to None, run_after=None
[2024-03-23T00:14:45.638+0000] {processor.py:183} INFO - Processing /home/airflow/.local/lib/python3.8/site-packages/airflow/example_dags/example_trigger_target_dag.py took 0.072 seconds
[2024-03-23T00:15:15.971+0000] {processor.py:161} INFO - Started process (PID=1318) to work on /home/airflow/.local/lib/python3.8/site-packages/airflow/example_dags/example_trigger_target_dag.py
[2024-03-23T00:15:15.972+0000] {processor.py:830} INFO - Processing file /home/airflow/.local/lib/python3.8/site-packages/airflow/example_dags/example_trigger_target_dag.py for tasks to queue
[2024-03-23T00:15:15.974+0000] {logging_mixin.py:188} INFO - [2024-03-23T00:15:15.974+0000] {dagbag.py:540} INFO - Filling up the DagBag from /home/airflow/.local/lib/python3.8/site-packages/airflow/example_dags/example_trigger_target_dag.py
[2024-03-23T00:15:15.982+0000] {processor.py:840} INFO - DAG(s) 'example_trigger_target_dag' retrieved from /home/airflow/.local/lib/python3.8/site-packages/airflow/example_dags/example_trigger_target_dag.py
[2024-03-23T00:15:16.004+0000] {logging_mixin.py:188} INFO - [2024-03-23T00:15:16.004+0000] {dag.py:3047} INFO - Sync 1 DAGs
[2024-03-23T00:15:16.019+0000] {logging_mixin.py:188} INFO - [2024-03-23T00:15:16.018+0000] {dag.py:3834} INFO - Setting next_dagrun for example_trigger_target_dag to None, run_after=None
[2024-03-23T00:15:16.041+0000] {processor.py:183} INFO - Processing /home/airflow/.local/lib/python3.8/site-packages/airflow/example_dags/example_trigger_target_dag.py took 0.073 seconds
[2024-03-23T00:15:46.242+0000] {processor.py:161} INFO - Started process (PID=1373) to work on /home/airflow/.local/lib/python3.8/site-packages/airflow/example_dags/example_trigger_target_dag.py
[2024-03-23T00:15:46.244+0000] {processor.py:830} INFO - Processing file /home/airflow/.local/lib/python3.8/site-packages/airflow/example_dags/example_trigger_target_dag.py for tasks to queue
[2024-03-23T00:15:46.246+0000] {logging_mixin.py:188} INFO - [2024-03-23T00:15:46.246+0000] {dagbag.py:540} INFO - Filling up the DagBag from /home/airflow/.local/lib/python3.8/site-packages/airflow/example_dags/example_trigger_target_dag.py
[2024-03-23T00:15:46.255+0000] {processor.py:840} INFO - DAG(s) 'example_trigger_target_dag' retrieved from /home/airflow/.local/lib/python3.8/site-packages/airflow/example_dags/example_trigger_target_dag.py
[2024-03-23T00:15:46.281+0000] {logging_mixin.py:188} INFO - [2024-03-23T00:15:46.281+0000] {dag.py:3047} INFO - Sync 1 DAGs
[2024-03-23T00:15:46.296+0000] {logging_mixin.py:188} INFO - [2024-03-23T00:15:46.296+0000] {dag.py:3834} INFO - Setting next_dagrun for example_trigger_target_dag to None, run_after=None
[2024-03-23T00:15:46.320+0000] {processor.py:183} INFO - Processing /home/airflow/.local/lib/python3.8/site-packages/airflow/example_dags/example_trigger_target_dag.py took 0.082 seconds
[2024-03-23T00:16:16.775+0000] {processor.py:161} INFO - Started process (PID=1428) to work on /home/airflow/.local/lib/python3.8/site-packages/airflow/example_dags/example_trigger_target_dag.py
[2024-03-23T00:16:16.776+0000] {processor.py:830} INFO - Processing file /home/airflow/.local/lib/python3.8/site-packages/airflow/example_dags/example_trigger_target_dag.py for tasks to queue
[2024-03-23T00:16:16.778+0000] {logging_mixin.py:188} INFO - [2024-03-23T00:16:16.778+0000] {dagbag.py:540} INFO - Filling up the DagBag from /home/airflow/.local/lib/python3.8/site-packages/airflow/example_dags/example_trigger_target_dag.py
[2024-03-23T00:16:16.785+0000] {processor.py:840} INFO - DAG(s) 'example_trigger_target_dag' retrieved from /home/airflow/.local/lib/python3.8/site-packages/airflow/example_dags/example_trigger_target_dag.py
[2024-03-23T00:16:16.806+0000] {logging_mixin.py:188} INFO - [2024-03-23T00:16:16.806+0000] {dag.py:3047} INFO - Sync 1 DAGs
[2024-03-23T00:16:16.821+0000] {logging_mixin.py:188} INFO - [2024-03-23T00:16:16.821+0000] {dag.py:3834} INFO - Setting next_dagrun for example_trigger_target_dag to None, run_after=None
[2024-03-23T00:16:16.843+0000] {processor.py:183} INFO - Processing /home/airflow/.local/lib/python3.8/site-packages/airflow/example_dags/example_trigger_target_dag.py took 0.072 seconds
[2024-03-23T00:16:46.960+0000] {processor.py:161} INFO - Started process (PID=1483) to work on /home/airflow/.local/lib/python3.8/site-packages/airflow/example_dags/example_trigger_target_dag.py
[2024-03-23T00:16:46.961+0000] {processor.py:830} INFO - Processing file /home/airflow/.local/lib/python3.8/site-packages/airflow/example_dags/example_trigger_target_dag.py for tasks to queue
[2024-03-23T00:16:46.963+0000] {logging_mixin.py:188} INFO - [2024-03-23T00:16:46.963+0000] {dagbag.py:540} INFO - Filling up the DagBag from /home/airflow/.local/lib/python3.8/site-packages/airflow/example_dags/example_trigger_target_dag.py
[2024-03-23T00:16:46.970+0000] {processor.py:840} INFO - DAG(s) 'example_trigger_target_dag' retrieved from /home/airflow/.local/lib/python3.8/site-packages/airflow/example_dags/example_trigger_target_dag.py
[2024-03-23T00:16:46.992+0000] {logging_mixin.py:188} INFO - [2024-03-23T00:16:46.991+0000] {dag.py:3047} INFO - Sync 1 DAGs
[2024-03-23T00:16:47.006+0000] {logging_mixin.py:188} INFO - [2024-03-23T00:16:47.006+0000] {dag.py:3834} INFO - Setting next_dagrun for example_trigger_target_dag to None, run_after=None
[2024-03-23T00:16:47.026+0000] {processor.py:183} INFO - Processing /home/airflow/.local/lib/python3.8/site-packages/airflow/example_dags/example_trigger_target_dag.py took 0.070 seconds
[2024-03-23T00:17:17.219+0000] {processor.py:161} INFO - Started process (PID=1538) to work on /home/airflow/.local/lib/python3.8/site-packages/airflow/example_dags/example_trigger_target_dag.py
[2024-03-23T00:17:17.220+0000] {processor.py:830} INFO - Processing file /home/airflow/.local/lib/python3.8/site-packages/airflow/example_dags/example_trigger_target_dag.py for tasks to queue
[2024-03-23T00:17:17.222+0000] {logging_mixin.py:188} INFO - [2024-03-23T00:17:17.222+0000] {dagbag.py:540} INFO - Filling up the DagBag from /home/airflow/.local/lib/python3.8/site-packages/airflow/example_dags/example_trigger_target_dag.py
[2024-03-23T00:17:17.229+0000] {processor.py:840} INFO - DAG(s) 'example_trigger_target_dag' retrieved from /home/airflow/.local/lib/python3.8/site-packages/airflow/example_dags/example_trigger_target_dag.py
[2024-03-23T00:17:17.251+0000] {logging_mixin.py:188} INFO - [2024-03-23T00:17:17.251+0000] {dag.py:3047} INFO - Sync 1 DAGs
[2024-03-23T00:17:17.266+0000] {logging_mixin.py:188} INFO - [2024-03-23T00:17:17.266+0000] {dag.py:3834} INFO - Setting next_dagrun for example_trigger_target_dag to None, run_after=None
[2024-03-23T00:17:17.286+0000] {processor.py:183} INFO - Processing /home/airflow/.local/lib/python3.8/site-packages/airflow/example_dags/example_trigger_target_dag.py took 0.071 seconds
[2024-03-23T00:17:47.761+0000] {processor.py:161} INFO - Started process (PID=1593) to work on /home/airflow/.local/lib/python3.8/site-packages/airflow/example_dags/example_trigger_target_dag.py
[2024-03-23T00:17:47.763+0000] {processor.py:830} INFO - Processing file /home/airflow/.local/lib/python3.8/site-packages/airflow/example_dags/example_trigger_target_dag.py for tasks to queue
[2024-03-23T00:17:47.765+0000] {logging_mixin.py:188} INFO - [2024-03-23T00:17:47.764+0000] {dagbag.py:540} INFO - Filling up the DagBag from /home/airflow/.local/lib/python3.8/site-packages/airflow/example_dags/example_trigger_target_dag.py
[2024-03-23T00:17:47.772+0000] {processor.py:840} INFO - DAG(s) 'example_trigger_target_dag' retrieved from /home/airflow/.local/lib/python3.8/site-packages/airflow/example_dags/example_trigger_target_dag.py
[2024-03-23T00:17:47.794+0000] {logging_mixin.py:188} INFO - [2024-03-23T00:17:47.793+0000] {dag.py:3047} INFO - Sync 1 DAGs
[2024-03-23T00:17:47.808+0000] {logging_mixin.py:188} INFO - [2024-03-23T00:17:47.808+0000] {dag.py:3834} INFO - Setting next_dagrun for example_trigger_target_dag to None, run_after=None
[2024-03-23T00:17:47.828+0000] {processor.py:183} INFO - Processing /home/airflow/.local/lib/python3.8/site-packages/airflow/example_dags/example_trigger_target_dag.py took 0.071 seconds
[2024-03-23T00:18:18.138+0000] {processor.py:161} INFO - Started process (PID=1648) to work on /home/airflow/.local/lib/python3.8/site-packages/airflow/example_dags/example_trigger_target_dag.py
[2024-03-23T00:18:18.139+0000] {processor.py:830} INFO - Processing file /home/airflow/.local/lib/python3.8/site-packages/airflow/example_dags/example_trigger_target_dag.py for tasks to queue
[2024-03-23T00:18:18.141+0000] {logging_mixin.py:188} INFO - [2024-03-23T00:18:18.141+0000] {dagbag.py:540} INFO - Filling up the DagBag from /home/airflow/.local/lib/python3.8/site-packages/airflow/example_dags/example_trigger_target_dag.py
[2024-03-23T00:18:18.148+0000] {processor.py:840} INFO - DAG(s) 'example_trigger_target_dag' retrieved from /home/airflow/.local/lib/python3.8/site-packages/airflow/example_dags/example_trigger_target_dag.py
[2024-03-23T00:18:18.170+0000] {logging_mixin.py:188} INFO - [2024-03-23T00:18:18.170+0000] {dag.py:3047} INFO - Sync 1 DAGs
[2024-03-23T00:18:18.185+0000] {logging_mixin.py:188} INFO - [2024-03-23T00:18:18.185+0000] {dag.py:3834} INFO - Setting next_dagrun for example_trigger_target_dag to None, run_after=None
[2024-03-23T00:18:18.204+0000] {processor.py:183} INFO - Processing /home/airflow/.local/lib/python3.8/site-packages/airflow/example_dags/example_trigger_target_dag.py took 0.070 seconds
[2024-03-23T00:18:48.650+0000] {processor.py:161} INFO - Started process (PID=1703) to work on /home/airflow/.local/lib/python3.8/site-packages/airflow/example_dags/example_trigger_target_dag.py
[2024-03-23T00:18:48.652+0000] {processor.py:830} INFO - Processing file /home/airflow/.local/lib/python3.8/site-packages/airflow/example_dags/example_trigger_target_dag.py for tasks to queue
[2024-03-23T00:18:48.654+0000] {logging_mixin.py:188} INFO - [2024-03-23T00:18:48.653+0000] {dagbag.py:540} INFO - Filling up the DagBag from /home/airflow/.local/lib/python3.8/site-packages/airflow/example_dags/example_trigger_target_dag.py
[2024-03-23T00:18:48.661+0000] {processor.py:840} INFO - DAG(s) 'example_trigger_target_dag' retrieved from /home/airflow/.local/lib/python3.8/site-packages/airflow/example_dags/example_trigger_target_dag.py
[2024-03-23T00:18:48.683+0000] {logging_mixin.py:188} INFO - [2024-03-23T00:18:48.682+0000] {dag.py:3047} INFO - Sync 1 DAGs
[2024-03-23T00:18:48.697+0000] {logging_mixin.py:188} INFO - [2024-03-23T00:18:48.697+0000] {dag.py:3834} INFO - Setting next_dagrun for example_trigger_target_dag to None, run_after=None
[2024-03-23T00:18:48.718+0000] {processor.py:183} INFO - Processing /home/airflow/.local/lib/python3.8/site-packages/airflow/example_dags/example_trigger_target_dag.py took 0.072 seconds
[2024-03-23T00:19:18.923+0000] {processor.py:161} INFO - Started process (PID=1758) to work on /home/airflow/.local/lib/python3.8/site-packages/airflow/example_dags/example_trigger_target_dag.py
[2024-03-23T00:19:18.924+0000] {processor.py:830} INFO - Processing file /home/airflow/.local/lib/python3.8/site-packages/airflow/example_dags/example_trigger_target_dag.py for tasks to queue
[2024-03-23T00:19:18.926+0000] {logging_mixin.py:188} INFO - [2024-03-23T00:19:18.925+0000] {dagbag.py:540} INFO - Filling up the DagBag from /home/airflow/.local/lib/python3.8/site-packages/airflow/example_dags/example_trigger_target_dag.py
[2024-03-23T00:19:18.933+0000] {processor.py:840} INFO - DAG(s) 'example_trigger_target_dag' retrieved from /home/airflow/.local/lib/python3.8/site-packages/airflow/example_dags/example_trigger_target_dag.py
[2024-03-23T00:19:18.954+0000] {logging_mixin.py:188} INFO - [2024-03-23T00:19:18.953+0000] {dag.py:3047} INFO - Sync 1 DAGs
[2024-03-23T00:19:18.968+0000] {logging_mixin.py:188} INFO - [2024-03-23T00:19:18.968+0000] {dag.py:3834} INFO - Setting next_dagrun for example_trigger_target_dag to None, run_after=None
[2024-03-23T00:19:18.989+0000] {processor.py:183} INFO - Processing /home/airflow/.local/lib/python3.8/site-packages/airflow/example_dags/example_trigger_target_dag.py took 0.070 seconds
[2024-03-23T00:19:49.487+0000] {processor.py:161} INFO - Started process (PID=1813) to work on /home/airflow/.local/lib/python3.8/site-packages/airflow/example_dags/example_trigger_target_dag.py
[2024-03-23T00:19:49.488+0000] {processor.py:830} INFO - Processing file /home/airflow/.local/lib/python3.8/site-packages/airflow/example_dags/example_trigger_target_dag.py for tasks to queue
[2024-03-23T00:19:49.490+0000] {logging_mixin.py:188} INFO - [2024-03-23T00:19:49.490+0000] {dagbag.py:540} INFO - Filling up the DagBag from /home/airflow/.local/lib/python3.8/site-packages/airflow/example_dags/example_trigger_target_dag.py
[2024-03-23T00:19:49.498+0000] {processor.py:840} INFO - DAG(s) 'example_trigger_target_dag' retrieved from /home/airflow/.local/lib/python3.8/site-packages/airflow/example_dags/example_trigger_target_dag.py
[2024-03-23T00:19:49.531+0000] {logging_mixin.py:188} INFO - [2024-03-23T00:19:49.530+0000] {dag.py:3047} INFO - Sync 1 DAGs
[2024-03-23T00:19:49.560+0000] {logging_mixin.py:188} INFO - [2024-03-23T00:19:49.560+0000] {dag.py:3834} INFO - Setting next_dagrun for example_trigger_target_dag to None, run_after=None
[2024-03-23T00:19:49.598+0000] {processor.py:183} INFO - Processing /home/airflow/.local/lib/python3.8/site-packages/airflow/example_dags/example_trigger_target_dag.py took 0.116 seconds
[2024-03-23T00:20:20.116+0000] {processor.py:161} INFO - Started process (PID=1874) to work on /home/airflow/.local/lib/python3.8/site-packages/airflow/example_dags/example_trigger_target_dag.py
[2024-03-23T00:20:20.117+0000] {processor.py:830} INFO - Processing file /home/airflow/.local/lib/python3.8/site-packages/airflow/example_dags/example_trigger_target_dag.py for tasks to queue
[2024-03-23T00:20:20.120+0000] {logging_mixin.py:188} INFO - [2024-03-23T00:20:20.119+0000] {dagbag.py:540} INFO - Filling up the DagBag from /home/airflow/.local/lib/python3.8/site-packages/airflow/example_dags/example_trigger_target_dag.py
[2024-03-23T00:20:20.126+0000] {processor.py:840} INFO - DAG(s) 'example_trigger_target_dag' retrieved from /home/airflow/.local/lib/python3.8/site-packages/airflow/example_dags/example_trigger_target_dag.py
[2024-03-23T00:20:20.149+0000] {logging_mixin.py:188} INFO - [2024-03-23T00:20:20.148+0000] {dag.py:3047} INFO - Sync 1 DAGs
[2024-03-23T00:20:20.164+0000] {logging_mixin.py:188} INFO - [2024-03-23T00:20:20.164+0000] {dag.py:3834} INFO - Setting next_dagrun for example_trigger_target_dag to None, run_after=None
[2024-03-23T00:20:20.187+0000] {processor.py:183} INFO - Processing /home/airflow/.local/lib/python3.8/site-packages/airflow/example_dags/example_trigger_target_dag.py took 0.075 seconds
[2024-03-23T00:20:50.555+0000] {processor.py:161} INFO - Started process (PID=1929) to work on /home/airflow/.local/lib/python3.8/site-packages/airflow/example_dags/example_trigger_target_dag.py
[2024-03-23T00:20:50.556+0000] {processor.py:830} INFO - Processing file /home/airflow/.local/lib/python3.8/site-packages/airflow/example_dags/example_trigger_target_dag.py for tasks to queue
[2024-03-23T00:20:50.558+0000] {logging_mixin.py:188} INFO - [2024-03-23T00:20:50.558+0000] {dagbag.py:540} INFO - Filling up the DagBag from /home/airflow/.local/lib/python3.8/site-packages/airflow/example_dags/example_trigger_target_dag.py
[2024-03-23T00:20:50.565+0000] {processor.py:840} INFO - DAG(s) 'example_trigger_target_dag' retrieved from /home/airflow/.local/lib/python3.8/site-packages/airflow/example_dags/example_trigger_target_dag.py
[2024-03-23T00:20:50.588+0000] {logging_mixin.py:188} INFO - [2024-03-23T00:20:50.588+0000] {dag.py:3047} INFO - Sync 1 DAGs
[2024-03-23T00:20:50.603+0000] {logging_mixin.py:188} INFO - [2024-03-23T00:20:50.602+0000] {dag.py:3834} INFO - Setting next_dagrun for example_trigger_target_dag to None, run_after=None
[2024-03-23T00:20:50.625+0000] {processor.py:183} INFO - Processing /home/airflow/.local/lib/python3.8/site-packages/airflow/example_dags/example_trigger_target_dag.py took 0.074 seconds
[2024-03-23T00:21:20.678+0000] {processor.py:161} INFO - Started process (PID=1984) to work on /home/airflow/.local/lib/python3.8/site-packages/airflow/example_dags/example_trigger_target_dag.py
[2024-03-23T00:21:20.679+0000] {processor.py:830} INFO - Processing file /home/airflow/.local/lib/python3.8/site-packages/airflow/example_dags/example_trigger_target_dag.py for tasks to queue
[2024-03-23T00:21:20.681+0000] {logging_mixin.py:188} INFO - [2024-03-23T00:21:20.681+0000] {dagbag.py:540} INFO - Filling up the DagBag from /home/airflow/.local/lib/python3.8/site-packages/airflow/example_dags/example_trigger_target_dag.py
[2024-03-23T00:21:20.688+0000] {processor.py:840} INFO - DAG(s) 'example_trigger_target_dag' retrieved from /home/airflow/.local/lib/python3.8/site-packages/airflow/example_dags/example_trigger_target_dag.py
[2024-03-23T00:21:20.711+0000] {logging_mixin.py:188} INFO - [2024-03-23T00:21:20.710+0000] {dag.py:3047} INFO - Sync 1 DAGs
[2024-03-23T00:21:20.726+0000] {logging_mixin.py:188} INFO - [2024-03-23T00:21:20.726+0000] {dag.py:3834} INFO - Setting next_dagrun for example_trigger_target_dag to None, run_after=None
[2024-03-23T00:21:20.748+0000] {processor.py:183} INFO - Processing /home/airflow/.local/lib/python3.8/site-packages/airflow/example_dags/example_trigger_target_dag.py took 0.074 seconds
[2024-03-23T00:21:50.998+0000] {processor.py:161} INFO - Started process (PID=2039) to work on /home/airflow/.local/lib/python3.8/site-packages/airflow/example_dags/example_trigger_target_dag.py
[2024-03-23T00:21:50.999+0000] {processor.py:830} INFO - Processing file /home/airflow/.local/lib/python3.8/site-packages/airflow/example_dags/example_trigger_target_dag.py for tasks to queue
[2024-03-23T00:21:51.001+0000] {logging_mixin.py:188} INFO - [2024-03-23T00:21:51.000+0000] {dagbag.py:540} INFO - Filling up the DagBag from /home/airflow/.local/lib/python3.8/site-packages/airflow/example_dags/example_trigger_target_dag.py
[2024-03-23T00:21:51.008+0000] {processor.py:840} INFO - DAG(s) 'example_trigger_target_dag' retrieved from /home/airflow/.local/lib/python3.8/site-packages/airflow/example_dags/example_trigger_target_dag.py
[2024-03-23T00:21:51.030+0000] {logging_mixin.py:188} INFO - [2024-03-23T00:21:51.030+0000] {dag.py:3047} INFO - Sync 1 DAGs
[2024-03-23T00:21:51.044+0000] {logging_mixin.py:188} INFO - [2024-03-23T00:21:51.044+0000] {dag.py:3834} INFO - Setting next_dagrun for example_trigger_target_dag to None, run_after=None
[2024-03-23T00:21:51.065+0000] {processor.py:183} INFO - Processing /home/airflow/.local/lib/python3.8/site-packages/airflow/example_dags/example_trigger_target_dag.py took 0.072 seconds
[2024-03-23T00:22:21.510+0000] {processor.py:161} INFO - Started process (PID=2094) to work on /home/airflow/.local/lib/python3.8/site-packages/airflow/example_dags/example_trigger_target_dag.py
[2024-03-23T00:22:21.512+0000] {processor.py:830} INFO - Processing file /home/airflow/.local/lib/python3.8/site-packages/airflow/example_dags/example_trigger_target_dag.py for tasks to queue
[2024-03-23T00:22:21.515+0000] {logging_mixin.py:188} INFO - [2024-03-23T00:22:21.514+0000] {dagbag.py:540} INFO - Filling up the DagBag from /home/airflow/.local/lib/python3.8/site-packages/airflow/example_dags/example_trigger_target_dag.py
[2024-03-23T00:22:21.524+0000] {processor.py:840} INFO - DAG(s) 'example_trigger_target_dag' retrieved from /home/airflow/.local/lib/python3.8/site-packages/airflow/example_dags/example_trigger_target_dag.py
[2024-03-23T00:22:21.554+0000] {logging_mixin.py:188} INFO - [2024-03-23T00:22:21.553+0000] {dag.py:3047} INFO - Sync 1 DAGs
[2024-03-23T00:22:21.576+0000] {logging_mixin.py:188} INFO - [2024-03-23T00:22:21.575+0000] {dag.py:3834} INFO - Setting next_dagrun for example_trigger_target_dag to None, run_after=None
[2024-03-23T00:22:21.605+0000] {processor.py:183} INFO - Processing /home/airflow/.local/lib/python3.8/site-packages/airflow/example_dags/example_trigger_target_dag.py took 0.100 seconds
[2024-03-23T00:22:51.847+0000] {processor.py:161} INFO - Started process (PID=2149) to work on /home/airflow/.local/lib/python3.8/site-packages/airflow/example_dags/example_trigger_target_dag.py
[2024-03-23T00:22:51.849+0000] {processor.py:830} INFO - Processing file /home/airflow/.local/lib/python3.8/site-packages/airflow/example_dags/example_trigger_target_dag.py for tasks to queue
[2024-03-23T00:22:51.851+0000] {logging_mixin.py:188} INFO - [2024-03-23T00:22:51.850+0000] {dagbag.py:540} INFO - Filling up the DagBag from /home/airflow/.local/lib/python3.8/site-packages/airflow/example_dags/example_trigger_target_dag.py
[2024-03-23T00:22:51.858+0000] {processor.py:840} INFO - DAG(s) 'example_trigger_target_dag' retrieved from /home/airflow/.local/lib/python3.8/site-packages/airflow/example_dags/example_trigger_target_dag.py
[2024-03-23T00:22:51.879+0000] {logging_mixin.py:188} INFO - [2024-03-23T00:22:51.879+0000] {dag.py:3047} INFO - Sync 1 DAGs
[2024-03-23T00:22:51.894+0000] {logging_mixin.py:188} INFO - [2024-03-23T00:22:51.893+0000] {dag.py:3834} INFO - Setting next_dagrun for example_trigger_target_dag to None, run_after=None
[2024-03-23T00:22:51.916+0000] {processor.py:183} INFO - Processing /home/airflow/.local/lib/python3.8/site-packages/airflow/example_dags/example_trigger_target_dag.py took 0.072 seconds
[2024-03-23T00:23:22.151+0000] {processor.py:161} INFO - Started process (PID=2204) to work on /home/airflow/.local/lib/python3.8/site-packages/airflow/example_dags/example_trigger_target_dag.py
[2024-03-23T00:23:22.153+0000] {processor.py:830} INFO - Processing file /home/airflow/.local/lib/python3.8/site-packages/airflow/example_dags/example_trigger_target_dag.py for tasks to queue
[2024-03-23T00:23:22.155+0000] {logging_mixin.py:188} INFO - [2024-03-23T00:23:22.155+0000] {dagbag.py:540} INFO - Filling up the DagBag from /home/airflow/.local/lib/python3.8/site-packages/airflow/example_dags/example_trigger_target_dag.py
[2024-03-23T00:23:22.162+0000] {processor.py:840} INFO - DAG(s) 'example_trigger_target_dag' retrieved from /home/airflow/.local/lib/python3.8/site-packages/airflow/example_dags/example_trigger_target_dag.py
[2024-03-23T00:23:22.185+0000] {logging_mixin.py:188} INFO - [2024-03-23T00:23:22.185+0000] {dag.py:3047} INFO - Sync 1 DAGs
[2024-03-23T00:23:22.201+0000] {logging_mixin.py:188} INFO - [2024-03-23T00:23:22.201+0000] {dag.py:3834} INFO - Setting next_dagrun for example_trigger_target_dag to None, run_after=None
[2024-03-23T00:23:22.223+0000] {processor.py:183} INFO - Processing /home/airflow/.local/lib/python3.8/site-packages/airflow/example_dags/example_trigger_target_dag.py took 0.076 seconds
[2024-03-23T00:23:52.998+0000] {processor.py:161} INFO - Started process (PID=2257) to work on /home/airflow/.local/lib/python3.8/site-packages/airflow/example_dags/example_trigger_target_dag.py
[2024-03-23T00:23:52.999+0000] {processor.py:830} INFO - Processing file /home/airflow/.local/lib/python3.8/site-packages/airflow/example_dags/example_trigger_target_dag.py for tasks to queue
[2024-03-23T00:23:53.001+0000] {logging_mixin.py:188} INFO - [2024-03-23T00:23:53.001+0000] {dagbag.py:540} INFO - Filling up the DagBag from /home/airflow/.local/lib/python3.8/site-packages/airflow/example_dags/example_trigger_target_dag.py
[2024-03-23T00:23:53.008+0000] {processor.py:840} INFO - DAG(s) 'example_trigger_target_dag' retrieved from /home/airflow/.local/lib/python3.8/site-packages/airflow/example_dags/example_trigger_target_dag.py
[2024-03-23T00:23:53.031+0000] {logging_mixin.py:188} INFO - [2024-03-23T00:23:53.031+0000] {dag.py:3047} INFO - Sync 1 DAGs
[2024-03-23T00:23:53.046+0000] {logging_mixin.py:188} INFO - [2024-03-23T00:23:53.046+0000] {dag.py:3834} INFO - Setting next_dagrun for example_trigger_target_dag to None, run_after=None
[2024-03-23T00:23:53.068+0000] {processor.py:183} INFO - Processing /home/airflow/.local/lib/python3.8/site-packages/airflow/example_dags/example_trigger_target_dag.py took 0.074 seconds
[2024-03-23T00:24:23.303+0000] {processor.py:161} INFO - Started process (PID=2312) to work on /home/airflow/.local/lib/python3.8/site-packages/airflow/example_dags/example_trigger_target_dag.py
[2024-03-23T00:24:23.304+0000] {processor.py:830} INFO - Processing file /home/airflow/.local/lib/python3.8/site-packages/airflow/example_dags/example_trigger_target_dag.py for tasks to queue
[2024-03-23T00:24:23.307+0000] {logging_mixin.py:188} INFO - [2024-03-23T00:24:23.306+0000] {dagbag.py:540} INFO - Filling up the DagBag from /home/airflow/.local/lib/python3.8/site-packages/airflow/example_dags/example_trigger_target_dag.py
[2024-03-23T00:24:23.314+0000] {processor.py:840} INFO - DAG(s) 'example_trigger_target_dag' retrieved from /home/airflow/.local/lib/python3.8/site-packages/airflow/example_dags/example_trigger_target_dag.py
[2024-03-23T00:24:23.345+0000] {logging_mixin.py:188} INFO - [2024-03-23T00:24:23.344+0000] {dag.py:3047} INFO - Sync 1 DAGs
[2024-03-23T00:24:23.360+0000] {logging_mixin.py:188} INFO - [2024-03-23T00:24:23.360+0000] {dag.py:3834} INFO - Setting next_dagrun for example_trigger_target_dag to None, run_after=None
[2024-03-23T00:24:23.382+0000] {processor.py:183} INFO - Processing /home/airflow/.local/lib/python3.8/site-packages/airflow/example_dags/example_trigger_target_dag.py took 0.083 seconds
[2024-03-23T00:24:53.593+0000] {processor.py:161} INFO - Started process (PID=2367) to work on /home/airflow/.local/lib/python3.8/site-packages/airflow/example_dags/example_trigger_target_dag.py
[2024-03-23T00:24:53.595+0000] {processor.py:830} INFO - Processing file /home/airflow/.local/lib/python3.8/site-packages/airflow/example_dags/example_trigger_target_dag.py for tasks to queue
[2024-03-23T00:24:53.597+0000] {logging_mixin.py:188} INFO - [2024-03-23T00:24:53.597+0000] {dagbag.py:540} INFO - Filling up the DagBag from /home/airflow/.local/lib/python3.8/site-packages/airflow/example_dags/example_trigger_target_dag.py
[2024-03-23T00:24:53.606+0000] {processor.py:840} INFO - DAG(s) 'example_trigger_target_dag' retrieved from /home/airflow/.local/lib/python3.8/site-packages/airflow/example_dags/example_trigger_target_dag.py
[2024-03-23T00:24:53.629+0000] {logging_mixin.py:188} INFO - [2024-03-23T00:24:53.629+0000] {dag.py:3047} INFO - Sync 1 DAGs
[2024-03-23T00:24:53.645+0000] {logging_mixin.py:188} INFO - [2024-03-23T00:24:53.645+0000] {dag.py:3834} INFO - Setting next_dagrun for example_trigger_target_dag to None, run_after=None
[2024-03-23T00:24:53.667+0000] {processor.py:183} INFO - Processing /home/airflow/.local/lib/python3.8/site-packages/airflow/example_dags/example_trigger_target_dag.py took 0.079 seconds
[2024-03-23T00:25:23.875+0000] {processor.py:161} INFO - Started process (PID=2422) to work on /home/airflow/.local/lib/python3.8/site-packages/airflow/example_dags/example_trigger_target_dag.py
[2024-03-23T00:25:23.876+0000] {processor.py:830} INFO - Processing file /home/airflow/.local/lib/python3.8/site-packages/airflow/example_dags/example_trigger_target_dag.py for tasks to queue
[2024-03-23T00:25:23.878+0000] {logging_mixin.py:188} INFO - [2024-03-23T00:25:23.878+0000] {dagbag.py:540} INFO - Filling up the DagBag from /home/airflow/.local/lib/python3.8/site-packages/airflow/example_dags/example_trigger_target_dag.py
[2024-03-23T00:25:23.885+0000] {processor.py:840} INFO - DAG(s) 'example_trigger_target_dag' retrieved from /home/airflow/.local/lib/python3.8/site-packages/airflow/example_dags/example_trigger_target_dag.py
[2024-03-23T00:25:23.910+0000] {logging_mixin.py:188} INFO - [2024-03-23T00:25:23.910+0000] {dag.py:3047} INFO - Sync 1 DAGs
[2024-03-23T00:25:23.930+0000] {logging_mixin.py:188} INFO - [2024-03-23T00:25:23.930+0000] {dag.py:3834} INFO - Setting next_dagrun for example_trigger_target_dag to None, run_after=None
[2024-03-23T00:25:23.954+0000] {processor.py:183} INFO - Processing /home/airflow/.local/lib/python3.8/site-packages/airflow/example_dags/example_trigger_target_dag.py took 0.083 seconds
[2024-03-23T00:25:54.171+0000] {processor.py:161} INFO - Started process (PID=2477) to work on /home/airflow/.local/lib/python3.8/site-packages/airflow/example_dags/example_trigger_target_dag.py
[2024-03-23T00:25:54.172+0000] {processor.py:830} INFO - Processing file /home/airflow/.local/lib/python3.8/site-packages/airflow/example_dags/example_trigger_target_dag.py for tasks to queue
[2024-03-23T00:25:54.175+0000] {logging_mixin.py:188} INFO - [2024-03-23T00:25:54.174+0000] {dagbag.py:540} INFO - Filling up the DagBag from /home/airflow/.local/lib/python3.8/site-packages/airflow/example_dags/example_trigger_target_dag.py
[2024-03-23T00:25:54.181+0000] {processor.py:840} INFO - DAG(s) 'example_trigger_target_dag' retrieved from /home/airflow/.local/lib/python3.8/site-packages/airflow/example_dags/example_trigger_target_dag.py
[2024-03-23T00:25:54.203+0000] {logging_mixin.py:188} INFO - [2024-03-23T00:25:54.203+0000] {dag.py:3047} INFO - Sync 1 DAGs
[2024-03-23T00:25:54.218+0000] {logging_mixin.py:188} INFO - [2024-03-23T00:25:54.218+0000] {dag.py:3834} INFO - Setting next_dagrun for example_trigger_target_dag to None, run_after=None
[2024-03-23T00:25:54.238+0000] {processor.py:183} INFO - Processing /home/airflow/.local/lib/python3.8/site-packages/airflow/example_dags/example_trigger_target_dag.py took 0.071 seconds
[2024-03-23T00:26:24.420+0000] {processor.py:161} INFO - Started process (PID=2532) to work on /home/airflow/.local/lib/python3.8/site-packages/airflow/example_dags/example_trigger_target_dag.py
[2024-03-23T00:26:24.421+0000] {processor.py:830} INFO - Processing file /home/airflow/.local/lib/python3.8/site-packages/airflow/example_dags/example_trigger_target_dag.py for tasks to queue
[2024-03-23T00:26:24.424+0000] {logging_mixin.py:188} INFO - [2024-03-23T00:26:24.423+0000] {dagbag.py:540} INFO - Filling up the DagBag from /home/airflow/.local/lib/python3.8/site-packages/airflow/example_dags/example_trigger_target_dag.py
[2024-03-23T00:26:24.431+0000] {processor.py:840} INFO - DAG(s) 'example_trigger_target_dag' retrieved from /home/airflow/.local/lib/python3.8/site-packages/airflow/example_dags/example_trigger_target_dag.py
[2024-03-23T00:26:24.453+0000] {logging_mixin.py:188} INFO - [2024-03-23T00:26:24.453+0000] {dag.py:3047} INFO - Sync 1 DAGs
[2024-03-23T00:26:24.468+0000] {logging_mixin.py:188} INFO - [2024-03-23T00:26:24.468+0000] {dag.py:3834} INFO - Setting next_dagrun for example_trigger_target_dag to None, run_after=None
[2024-03-23T00:26:24.490+0000] {processor.py:183} INFO - Processing /home/airflow/.local/lib/python3.8/site-packages/airflow/example_dags/example_trigger_target_dag.py took 0.074 seconds
