[2024-03-23T00:03:38.521+0000] {processor.py:161} INFO - Started process (PID=62) to work on /home/airflow/.local/lib/python3.8/site-packages/airflow/example_dags/example_short_circuit_operator.py
[2024-03-23T00:03:38.523+0000] {processor.py:830} INFO - Processing file /home/airflow/.local/lib/python3.8/site-packages/airflow/example_dags/example_short_circuit_operator.py for tasks to queue
[2024-03-23T00:03:38.527+0000] {logging_mixin.py:188} INFO - [2024-03-23T00:03:38.526+0000] {dagbag.py:540} INFO - Filling up the DagBag from /home/airflow/.local/lib/python3.8/site-packages/airflow/example_dags/example_short_circuit_operator.py
[2024-03-23T00:03:38.539+0000] {processor.py:840} INFO - DAG(s) 'example_short_circuit_operator' retrieved from /home/airflow/.local/lib/python3.8/site-packages/airflow/example_dags/example_short_circuit_operator.py
[2024-03-23T00:03:38.585+0000] {logging_mixin.py:188} INFO - [2024-03-23T00:03:38.584+0000] {dag.py:3047} INFO - Sync 1 DAGs
[2024-03-23T00:03:38.627+0000] {logging_mixin.py:188} INFO - [2024-03-23T00:03:38.627+0000] {dag.py:3834} INFO - Setting next_dagrun for example_short_circuit_operator to 2024-03-22 00:00:00+00:00, run_after=2024-03-23 00:00:00+00:00
[2024-03-23T00:03:38.667+0000] {processor.py:183} INFO - Processing /home/airflow/.local/lib/python3.8/site-packages/airflow/example_dags/example_short_circuit_operator.py took 0.153 seconds
[2024-03-23T00:04:09.089+0000] {processor.py:161} INFO - Started process (PID=117) to work on /home/airflow/.local/lib/python3.8/site-packages/airflow/example_dags/example_short_circuit_operator.py
[2024-03-23T00:04:09.090+0000] {processor.py:830} INFO - Processing file /home/airflow/.local/lib/python3.8/site-packages/airflow/example_dags/example_short_circuit_operator.py for tasks to queue
[2024-03-23T00:04:09.092+0000] {logging_mixin.py:188} INFO - [2024-03-23T00:04:09.092+0000] {dagbag.py:540} INFO - Filling up the DagBag from /home/airflow/.local/lib/python3.8/site-packages/airflow/example_dags/example_short_circuit_operator.py
[2024-03-23T00:04:09.101+0000] {processor.py:840} INFO - DAG(s) 'example_short_circuit_operator' retrieved from /home/airflow/.local/lib/python3.8/site-packages/airflow/example_dags/example_short_circuit_operator.py
[2024-03-23T00:04:09.129+0000] {logging_mixin.py:188} INFO - [2024-03-23T00:04:09.129+0000] {dag.py:3047} INFO - Sync 1 DAGs
[2024-03-23T00:04:09.155+0000] {logging_mixin.py:188} INFO - [2024-03-23T00:04:09.155+0000] {dag.py:3834} INFO - Setting next_dagrun for example_short_circuit_operator to 2024-03-22 00:00:00+00:00, run_after=2024-03-23 00:00:00+00:00
[2024-03-23T00:04:09.177+0000] {processor.py:183} INFO - Processing /home/airflow/.local/lib/python3.8/site-packages/airflow/example_dags/example_short_circuit_operator.py took 0.092 seconds
[2024-03-23T00:04:39.507+0000] {processor.py:161} INFO - Started process (PID=172) to work on /home/airflow/.local/lib/python3.8/site-packages/airflow/example_dags/example_short_circuit_operator.py
[2024-03-23T00:04:39.508+0000] {processor.py:830} INFO - Processing file /home/airflow/.local/lib/python3.8/site-packages/airflow/example_dags/example_short_circuit_operator.py for tasks to queue
[2024-03-23T00:04:39.510+0000] {logging_mixin.py:188} INFO - [2024-03-23T00:04:39.510+0000] {dagbag.py:540} INFO - Filling up the DagBag from /home/airflow/.local/lib/python3.8/site-packages/airflow/example_dags/example_short_circuit_operator.py
[2024-03-23T00:04:39.519+0000] {processor.py:840} INFO - DAG(s) 'example_short_circuit_operator' retrieved from /home/airflow/.local/lib/python3.8/site-packages/airflow/example_dags/example_short_circuit_operator.py
[2024-03-23T00:04:39.551+0000] {logging_mixin.py:188} INFO - [2024-03-23T00:04:39.550+0000] {dag.py:3047} INFO - Sync 1 DAGs
[2024-03-23T00:04:39.578+0000] {logging_mixin.py:188} INFO - [2024-03-23T00:04:39.578+0000] {dag.py:3834} INFO - Setting next_dagrun for example_short_circuit_operator to 2024-03-22 00:00:00+00:00, run_after=2024-03-23 00:00:00+00:00
[2024-03-23T00:04:39.599+0000] {processor.py:183} INFO - Processing /home/airflow/.local/lib/python3.8/site-packages/airflow/example_dags/example_short_circuit_operator.py took 0.096 seconds
[2024-03-23T00:05:09.775+0000] {processor.py:161} INFO - Started process (PID=227) to work on /home/airflow/.local/lib/python3.8/site-packages/airflow/example_dags/example_short_circuit_operator.py
[2024-03-23T00:05:09.776+0000] {processor.py:830} INFO - Processing file /home/airflow/.local/lib/python3.8/site-packages/airflow/example_dags/example_short_circuit_operator.py for tasks to queue
[2024-03-23T00:05:09.778+0000] {logging_mixin.py:188} INFO - [2024-03-23T00:05:09.778+0000] {dagbag.py:540} INFO - Filling up the DagBag from /home/airflow/.local/lib/python3.8/site-packages/airflow/example_dags/example_short_circuit_operator.py
[2024-03-23T00:05:09.790+0000] {processor.py:840} INFO - DAG(s) 'example_short_circuit_operator' retrieved from /home/airflow/.local/lib/python3.8/site-packages/airflow/example_dags/example_short_circuit_operator.py
[2024-03-23T00:05:09.817+0000] {logging_mixin.py:188} INFO - [2024-03-23T00:05:09.817+0000] {dag.py:3047} INFO - Sync 1 DAGs
[2024-03-23T00:05:09.842+0000] {logging_mixin.py:188} INFO - [2024-03-23T00:05:09.841+0000] {dag.py:3834} INFO - Setting next_dagrun for example_short_circuit_operator to 2024-03-22 00:00:00+00:00, run_after=2024-03-23 00:00:00+00:00
[2024-03-23T00:05:09.862+0000] {processor.py:183} INFO - Processing /home/airflow/.local/lib/python3.8/site-packages/airflow/example_dags/example_short_circuit_operator.py took 0.091 seconds
[2024-03-23T00:05:40.262+0000] {processor.py:161} INFO - Started process (PID=282) to work on /home/airflow/.local/lib/python3.8/site-packages/airflow/example_dags/example_short_circuit_operator.py
[2024-03-23T00:05:40.264+0000] {processor.py:830} INFO - Processing file /home/airflow/.local/lib/python3.8/site-packages/airflow/example_dags/example_short_circuit_operator.py for tasks to queue
[2024-03-23T00:05:40.266+0000] {logging_mixin.py:188} INFO - [2024-03-23T00:05:40.265+0000] {dagbag.py:540} INFO - Filling up the DagBag from /home/airflow/.local/lib/python3.8/site-packages/airflow/example_dags/example_short_circuit_operator.py
[2024-03-23T00:05:40.275+0000] {processor.py:840} INFO - DAG(s) 'example_short_circuit_operator' retrieved from /home/airflow/.local/lib/python3.8/site-packages/airflow/example_dags/example_short_circuit_operator.py
[2024-03-23T00:05:40.307+0000] {logging_mixin.py:188} INFO - [2024-03-23T00:05:40.307+0000] {dag.py:3047} INFO - Sync 1 DAGs
[2024-03-23T00:05:40.338+0000] {logging_mixin.py:188} INFO - [2024-03-23T00:05:40.338+0000] {dag.py:3834} INFO - Setting next_dagrun for example_short_circuit_operator to 2024-03-22 00:00:00+00:00, run_after=2024-03-23 00:00:00+00:00
[2024-03-23T00:05:40.366+0000] {processor.py:183} INFO - Processing /home/airflow/.local/lib/python3.8/site-packages/airflow/example_dags/example_short_circuit_operator.py took 0.108 seconds
[2024-03-23T00:06:10.571+0000] {processor.py:161} INFO - Started process (PID=338) to work on /home/airflow/.local/lib/python3.8/site-packages/airflow/example_dags/example_short_circuit_operator.py
[2024-03-23T00:06:10.572+0000] {processor.py:830} INFO - Processing file /home/airflow/.local/lib/python3.8/site-packages/airflow/example_dags/example_short_circuit_operator.py for tasks to queue
[2024-03-23T00:06:10.574+0000] {logging_mixin.py:188} INFO - [2024-03-23T00:06:10.574+0000] {dagbag.py:540} INFO - Filling up the DagBag from /home/airflow/.local/lib/python3.8/site-packages/airflow/example_dags/example_short_circuit_operator.py
[2024-03-23T00:06:10.584+0000] {processor.py:840} INFO - DAG(s) 'example_short_circuit_operator' retrieved from /home/airflow/.local/lib/python3.8/site-packages/airflow/example_dags/example_short_circuit_operator.py
[2024-03-23T00:06:10.614+0000] {logging_mixin.py:188} INFO - [2024-03-23T00:06:10.614+0000] {dag.py:3047} INFO - Sync 1 DAGs
[2024-03-23T00:06:10.643+0000] {logging_mixin.py:188} INFO - [2024-03-23T00:06:10.643+0000] {dag.py:3834} INFO - Setting next_dagrun for example_short_circuit_operator to 2024-03-22 00:00:00+00:00, run_after=2024-03-23 00:00:00+00:00
[2024-03-23T00:06:10.664+0000] {processor.py:183} INFO - Processing /home/airflow/.local/lib/python3.8/site-packages/airflow/example_dags/example_short_circuit_operator.py took 0.098 seconds
[2024-03-23T00:06:40.821+0000] {processor.py:161} INFO - Started process (PID=392) to work on /home/airflow/.local/lib/python3.8/site-packages/airflow/example_dags/example_short_circuit_operator.py
[2024-03-23T00:06:40.822+0000] {processor.py:830} INFO - Processing file /home/airflow/.local/lib/python3.8/site-packages/airflow/example_dags/example_short_circuit_operator.py for tasks to queue
[2024-03-23T00:06:40.825+0000] {logging_mixin.py:188} INFO - [2024-03-23T00:06:40.824+0000] {dagbag.py:540} INFO - Filling up the DagBag from /home/airflow/.local/lib/python3.8/site-packages/airflow/example_dags/example_short_circuit_operator.py
[2024-03-23T00:06:40.835+0000] {processor.py:840} INFO - DAG(s) 'example_short_circuit_operator' retrieved from /home/airflow/.local/lib/python3.8/site-packages/airflow/example_dags/example_short_circuit_operator.py
[2024-03-23T00:06:40.863+0000] {logging_mixin.py:188} INFO - [2024-03-23T00:06:40.863+0000] {dag.py:3047} INFO - Sync 1 DAGs
[2024-03-23T00:06:40.889+0000] {logging_mixin.py:188} INFO - [2024-03-23T00:06:40.889+0000] {dag.py:3834} INFO - Setting next_dagrun for example_short_circuit_operator to 2024-03-22 00:00:00+00:00, run_after=2024-03-23 00:00:00+00:00
[2024-03-23T00:06:40.912+0000] {processor.py:183} INFO - Processing /home/airflow/.local/lib/python3.8/site-packages/airflow/example_dags/example_short_circuit_operator.py took 0.097 seconds
[2024-03-23T00:07:11.303+0000] {processor.py:161} INFO - Started process (PID=447) to work on /home/airflow/.local/lib/python3.8/site-packages/airflow/example_dags/example_short_circuit_operator.py
[2024-03-23T00:07:11.304+0000] {processor.py:830} INFO - Processing file /home/airflow/.local/lib/python3.8/site-packages/airflow/example_dags/example_short_circuit_operator.py for tasks to queue
[2024-03-23T00:07:11.306+0000] {logging_mixin.py:188} INFO - [2024-03-23T00:07:11.305+0000] {dagbag.py:540} INFO - Filling up the DagBag from /home/airflow/.local/lib/python3.8/site-packages/airflow/example_dags/example_short_circuit_operator.py
[2024-03-23T00:07:11.315+0000] {processor.py:840} INFO - DAG(s) 'example_short_circuit_operator' retrieved from /home/airflow/.local/lib/python3.8/site-packages/airflow/example_dags/example_short_circuit_operator.py
[2024-03-23T00:07:11.342+0000] {logging_mixin.py:188} INFO - [2024-03-23T00:07:11.342+0000] {dag.py:3047} INFO - Sync 1 DAGs
[2024-03-23T00:07:11.367+0000] {logging_mixin.py:188} INFO - [2024-03-23T00:07:11.367+0000] {dag.py:3834} INFO - Setting next_dagrun for example_short_circuit_operator to 2024-03-22 00:00:00+00:00, run_after=2024-03-23 00:00:00+00:00
[2024-03-23T00:07:11.387+0000] {processor.py:183} INFO - Processing /home/airflow/.local/lib/python3.8/site-packages/airflow/example_dags/example_short_circuit_operator.py took 0.088 seconds
[2024-03-23T00:07:41.689+0000] {processor.py:161} INFO - Started process (PID=501) to work on /home/airflow/.local/lib/python3.8/site-packages/airflow/example_dags/example_short_circuit_operator.py
[2024-03-23T00:07:41.690+0000] {processor.py:830} INFO - Processing file /home/airflow/.local/lib/python3.8/site-packages/airflow/example_dags/example_short_circuit_operator.py for tasks to queue
[2024-03-23T00:07:41.693+0000] {logging_mixin.py:188} INFO - [2024-03-23T00:07:41.692+0000] {dagbag.py:540} INFO - Filling up the DagBag from /home/airflow/.local/lib/python3.8/site-packages/airflow/example_dags/example_short_circuit_operator.py
[2024-03-23T00:07:41.702+0000] {processor.py:840} INFO - DAG(s) 'example_short_circuit_operator' retrieved from /home/airflow/.local/lib/python3.8/site-packages/airflow/example_dags/example_short_circuit_operator.py
[2024-03-23T00:07:41.730+0000] {logging_mixin.py:188} INFO - [2024-03-23T00:07:41.730+0000] {dag.py:3047} INFO - Sync 1 DAGs
[2024-03-23T00:07:41.756+0000] {logging_mixin.py:188} INFO - [2024-03-23T00:07:41.755+0000] {dag.py:3834} INFO - Setting next_dagrun for example_short_circuit_operator to 2024-03-22 00:00:00+00:00, run_after=2024-03-23 00:00:00+00:00
[2024-03-23T00:07:41.780+0000] {processor.py:183} INFO - Processing /home/airflow/.local/lib/python3.8/site-packages/airflow/example_dags/example_short_circuit_operator.py took 0.096 seconds
[2024-03-23T00:08:11.975+0000] {processor.py:161} INFO - Started process (PID=556) to work on /home/airflow/.local/lib/python3.8/site-packages/airflow/example_dags/example_short_circuit_operator.py
[2024-03-23T00:08:11.976+0000] {processor.py:830} INFO - Processing file /home/airflow/.local/lib/python3.8/site-packages/airflow/example_dags/example_short_circuit_operator.py for tasks to queue
[2024-03-23T00:08:11.978+0000] {logging_mixin.py:188} INFO - [2024-03-23T00:08:11.978+0000] {dagbag.py:540} INFO - Filling up the DagBag from /home/airflow/.local/lib/python3.8/site-packages/airflow/example_dags/example_short_circuit_operator.py
[2024-03-23T00:08:11.987+0000] {processor.py:840} INFO - DAG(s) 'example_short_circuit_operator' retrieved from /home/airflow/.local/lib/python3.8/site-packages/airflow/example_dags/example_short_circuit_operator.py
[2024-03-23T00:08:12.014+0000] {logging_mixin.py:188} INFO - [2024-03-23T00:08:12.014+0000] {dag.py:3047} INFO - Sync 1 DAGs
[2024-03-23T00:08:12.039+0000] {logging_mixin.py:188} INFO - [2024-03-23T00:08:12.039+0000] {dag.py:3834} INFO - Setting next_dagrun for example_short_circuit_operator to 2024-03-22 00:00:00+00:00, run_after=2024-03-23 00:00:00+00:00
[2024-03-23T00:08:12.059+0000] {processor.py:183} INFO - Processing /home/airflow/.local/lib/python3.8/site-packages/airflow/example_dags/example_short_circuit_operator.py took 0.088 seconds
[2024-03-23T00:08:42.264+0000] {processor.py:161} INFO - Started process (PID=611) to work on /home/airflow/.local/lib/python3.8/site-packages/airflow/example_dags/example_short_circuit_operator.py
[2024-03-23T00:08:42.265+0000] {processor.py:830} INFO - Processing file /home/airflow/.local/lib/python3.8/site-packages/airflow/example_dags/example_short_circuit_operator.py for tasks to queue
[2024-03-23T00:08:42.267+0000] {logging_mixin.py:188} INFO - [2024-03-23T00:08:42.267+0000] {dagbag.py:540} INFO - Filling up the DagBag from /home/airflow/.local/lib/python3.8/site-packages/airflow/example_dags/example_short_circuit_operator.py
[2024-03-23T00:08:42.276+0000] {processor.py:840} INFO - DAG(s) 'example_short_circuit_operator' retrieved from /home/airflow/.local/lib/python3.8/site-packages/airflow/example_dags/example_short_circuit_operator.py
[2024-03-23T00:08:42.303+0000] {logging_mixin.py:188} INFO - [2024-03-23T00:08:42.303+0000] {dag.py:3047} INFO - Sync 1 DAGs
[2024-03-23T00:08:42.329+0000] {logging_mixin.py:188} INFO - [2024-03-23T00:08:42.329+0000] {dag.py:3834} INFO - Setting next_dagrun for example_short_circuit_operator to 2024-03-22 00:00:00+00:00, run_after=2024-03-23 00:00:00+00:00
[2024-03-23T00:08:42.349+0000] {processor.py:183} INFO - Processing /home/airflow/.local/lib/python3.8/site-packages/airflow/example_dags/example_short_circuit_operator.py took 0.089 seconds
[2024-03-23T00:09:12.700+0000] {processor.py:161} INFO - Started process (PID=666) to work on /home/airflow/.local/lib/python3.8/site-packages/airflow/example_dags/example_short_circuit_operator.py
[2024-03-23T00:09:12.702+0000] {processor.py:830} INFO - Processing file /home/airflow/.local/lib/python3.8/site-packages/airflow/example_dags/example_short_circuit_operator.py for tasks to queue
[2024-03-23T00:09:12.704+0000] {logging_mixin.py:188} INFO - [2024-03-23T00:09:12.704+0000] {dagbag.py:540} INFO - Filling up the DagBag from /home/airflow/.local/lib/python3.8/site-packages/airflow/example_dags/example_short_circuit_operator.py
[2024-03-23T00:09:12.714+0000] {processor.py:840} INFO - DAG(s) 'example_short_circuit_operator' retrieved from /home/airflow/.local/lib/python3.8/site-packages/airflow/example_dags/example_short_circuit_operator.py
[2024-03-23T00:09:12.743+0000] {logging_mixin.py:188} INFO - [2024-03-23T00:09:12.743+0000] {dag.py:3047} INFO - Sync 1 DAGs
[2024-03-23T00:09:12.772+0000] {logging_mixin.py:188} INFO - [2024-03-23T00:09:12.772+0000] {dag.py:3834} INFO - Setting next_dagrun for example_short_circuit_operator to 2024-03-22 00:00:00+00:00, run_after=2024-03-23 00:00:00+00:00
[2024-03-23T00:09:12.794+0000] {processor.py:183} INFO - Processing /home/airflow/.local/lib/python3.8/site-packages/airflow/example_dags/example_short_circuit_operator.py took 0.098 seconds
[2024-03-23T00:09:42.849+0000] {processor.py:161} INFO - Started process (PID=721) to work on /home/airflow/.local/lib/python3.8/site-packages/airflow/example_dags/example_short_circuit_operator.py
[2024-03-23T00:09:42.851+0000] {processor.py:830} INFO - Processing file /home/airflow/.local/lib/python3.8/site-packages/airflow/example_dags/example_short_circuit_operator.py for tasks to queue
[2024-03-23T00:09:42.853+0000] {logging_mixin.py:188} INFO - [2024-03-23T00:09:42.852+0000] {dagbag.py:540} INFO - Filling up the DagBag from /home/airflow/.local/lib/python3.8/site-packages/airflow/example_dags/example_short_circuit_operator.py
[2024-03-23T00:09:42.862+0000] {processor.py:840} INFO - DAG(s) 'example_short_circuit_operator' retrieved from /home/airflow/.local/lib/python3.8/site-packages/airflow/example_dags/example_short_circuit_operator.py
[2024-03-23T00:09:42.890+0000] {logging_mixin.py:188} INFO - [2024-03-23T00:09:42.890+0000] {dag.py:3047} INFO - Sync 1 DAGs
[2024-03-23T00:09:42.916+0000] {logging_mixin.py:188} INFO - [2024-03-23T00:09:42.916+0000] {dag.py:3834} INFO - Setting next_dagrun for example_short_circuit_operator to 2024-03-22 00:00:00+00:00, run_after=2024-03-23 00:00:00+00:00
[2024-03-23T00:09:42.937+0000] {processor.py:183} INFO - Processing /home/airflow/.local/lib/python3.8/site-packages/airflow/example_dags/example_short_circuit_operator.py took 0.091 seconds
[2024-03-23T00:10:13.319+0000] {processor.py:161} INFO - Started process (PID=776) to work on /home/airflow/.local/lib/python3.8/site-packages/airflow/example_dags/example_short_circuit_operator.py
[2024-03-23T00:10:13.320+0000] {processor.py:830} INFO - Processing file /home/airflow/.local/lib/python3.8/site-packages/airflow/example_dags/example_short_circuit_operator.py for tasks to queue
[2024-03-23T00:10:13.322+0000] {logging_mixin.py:188} INFO - [2024-03-23T00:10:13.322+0000] {dagbag.py:540} INFO - Filling up the DagBag from /home/airflow/.local/lib/python3.8/site-packages/airflow/example_dags/example_short_circuit_operator.py
[2024-03-23T00:10:13.332+0000] {processor.py:840} INFO - DAG(s) 'example_short_circuit_operator' retrieved from /home/airflow/.local/lib/python3.8/site-packages/airflow/example_dags/example_short_circuit_operator.py
[2024-03-23T00:10:13.360+0000] {logging_mixin.py:188} INFO - [2024-03-23T00:10:13.360+0000] {dag.py:3047} INFO - Sync 1 DAGs
[2024-03-23T00:10:13.385+0000] {logging_mixin.py:188} INFO - [2024-03-23T00:10:13.385+0000] {dag.py:3834} INFO - Setting next_dagrun for example_short_circuit_operator to 2024-03-22 00:00:00+00:00, run_after=2024-03-23 00:00:00+00:00
[2024-03-23T00:10:13.404+0000] {processor.py:183} INFO - Processing /home/airflow/.local/lib/python3.8/site-packages/airflow/example_dags/example_short_circuit_operator.py took 0.089 seconds
[2024-03-23T00:10:43.506+0000] {processor.py:161} INFO - Started process (PID=831) to work on /home/airflow/.local/lib/python3.8/site-packages/airflow/example_dags/example_short_circuit_operator.py
[2024-03-23T00:10:43.507+0000] {processor.py:830} INFO - Processing file /home/airflow/.local/lib/python3.8/site-packages/airflow/example_dags/example_short_circuit_operator.py for tasks to queue
[2024-03-23T00:10:43.509+0000] {logging_mixin.py:188} INFO - [2024-03-23T00:10:43.509+0000] {dagbag.py:540} INFO - Filling up the DagBag from /home/airflow/.local/lib/python3.8/site-packages/airflow/example_dags/example_short_circuit_operator.py
[2024-03-23T00:10:43.518+0000] {processor.py:840} INFO - DAG(s) 'example_short_circuit_operator' retrieved from /home/airflow/.local/lib/python3.8/site-packages/airflow/example_dags/example_short_circuit_operator.py
[2024-03-23T00:10:43.545+0000] {logging_mixin.py:188} INFO - [2024-03-23T00:10:43.545+0000] {dag.py:3047} INFO - Sync 1 DAGs
[2024-03-23T00:10:43.569+0000] {logging_mixin.py:188} INFO - [2024-03-23T00:10:43.569+0000] {dag.py:3834} INFO - Setting next_dagrun for example_short_circuit_operator to 2024-03-22 00:00:00+00:00, run_after=2024-03-23 00:00:00+00:00
[2024-03-23T00:10:43.588+0000] {processor.py:183} INFO - Processing /home/airflow/.local/lib/python3.8/site-packages/airflow/example_dags/example_short_circuit_operator.py took 0.086 seconds
[2024-03-23T00:11:13.871+0000] {processor.py:161} INFO - Started process (PID=886) to work on /home/airflow/.local/lib/python3.8/site-packages/airflow/example_dags/example_short_circuit_operator.py
[2024-03-23T00:11:13.872+0000] {processor.py:830} INFO - Processing file /home/airflow/.local/lib/python3.8/site-packages/airflow/example_dags/example_short_circuit_operator.py for tasks to queue
[2024-03-23T00:11:13.875+0000] {logging_mixin.py:188} INFO - [2024-03-23T00:11:13.874+0000] {dagbag.py:540} INFO - Filling up the DagBag from /home/airflow/.local/lib/python3.8/site-packages/airflow/example_dags/example_short_circuit_operator.py
[2024-03-23T00:11:13.884+0000] {processor.py:840} INFO - DAG(s) 'example_short_circuit_operator' retrieved from /home/airflow/.local/lib/python3.8/site-packages/airflow/example_dags/example_short_circuit_operator.py
[2024-03-23T00:11:13.911+0000] {logging_mixin.py:188} INFO - [2024-03-23T00:11:13.911+0000] {dag.py:3047} INFO - Sync 1 DAGs
[2024-03-23T00:11:13.935+0000] {logging_mixin.py:188} INFO - [2024-03-23T00:11:13.935+0000] {dag.py:3834} INFO - Setting next_dagrun for example_short_circuit_operator to 2024-03-22 00:00:00+00:00, run_after=2024-03-23 00:00:00+00:00
[2024-03-23T00:11:13.955+0000] {processor.py:183} INFO - Processing /home/airflow/.local/lib/python3.8/site-packages/airflow/example_dags/example_short_circuit_operator.py took 0.087 seconds
[2024-03-23T00:11:44.286+0000] {processor.py:161} INFO - Started process (PID=941) to work on /home/airflow/.local/lib/python3.8/site-packages/airflow/example_dags/example_short_circuit_operator.py
[2024-03-23T00:11:44.287+0000] {processor.py:830} INFO - Processing file /home/airflow/.local/lib/python3.8/site-packages/airflow/example_dags/example_short_circuit_operator.py for tasks to queue
[2024-03-23T00:11:44.289+0000] {logging_mixin.py:188} INFO - [2024-03-23T00:11:44.289+0000] {dagbag.py:540} INFO - Filling up the DagBag from /home/airflow/.local/lib/python3.8/site-packages/airflow/example_dags/example_short_circuit_operator.py
[2024-03-23T00:11:44.298+0000] {processor.py:840} INFO - DAG(s) 'example_short_circuit_operator' retrieved from /home/airflow/.local/lib/python3.8/site-packages/airflow/example_dags/example_short_circuit_operator.py
[2024-03-23T00:11:44.327+0000] {logging_mixin.py:188} INFO - [2024-03-23T00:11:44.326+0000] {dag.py:3047} INFO - Sync 1 DAGs
[2024-03-23T00:11:44.351+0000] {logging_mixin.py:188} INFO - [2024-03-23T00:11:44.351+0000] {dag.py:3834} INFO - Setting next_dagrun for example_short_circuit_operator to 2024-03-22 00:00:00+00:00, run_after=2024-03-23 00:00:00+00:00
[2024-03-23T00:11:44.371+0000] {processor.py:183} INFO - Processing /home/airflow/.local/lib/python3.8/site-packages/airflow/example_dags/example_short_circuit_operator.py took 0.089 seconds
[2024-03-23T00:12:14.574+0000] {processor.py:161} INFO - Started process (PID=996) to work on /home/airflow/.local/lib/python3.8/site-packages/airflow/example_dags/example_short_circuit_operator.py
[2024-03-23T00:12:14.575+0000] {processor.py:830} INFO - Processing file /home/airflow/.local/lib/python3.8/site-packages/airflow/example_dags/example_short_circuit_operator.py for tasks to queue
[2024-03-23T00:12:14.577+0000] {logging_mixin.py:188} INFO - [2024-03-23T00:12:14.577+0000] {dagbag.py:540} INFO - Filling up the DagBag from /home/airflow/.local/lib/python3.8/site-packages/airflow/example_dags/example_short_circuit_operator.py
[2024-03-23T00:12:14.586+0000] {processor.py:840} INFO - DAG(s) 'example_short_circuit_operator' retrieved from /home/airflow/.local/lib/python3.8/site-packages/airflow/example_dags/example_short_circuit_operator.py
[2024-03-23T00:12:14.615+0000] {logging_mixin.py:188} INFO - [2024-03-23T00:12:14.615+0000] {dag.py:3047} INFO - Sync 1 DAGs
[2024-03-23T00:12:14.642+0000] {logging_mixin.py:188} INFO - [2024-03-23T00:12:14.641+0000] {dag.py:3834} INFO - Setting next_dagrun for example_short_circuit_operator to 2024-03-22 00:00:00+00:00, run_after=2024-03-23 00:00:00+00:00
[2024-03-23T00:12:14.661+0000] {processor.py:183} INFO - Processing /home/airflow/.local/lib/python3.8/site-packages/airflow/example_dags/example_short_circuit_operator.py took 0.091 seconds
[2024-03-23T00:12:45.118+0000] {processor.py:161} INFO - Started process (PID=1051) to work on /home/airflow/.local/lib/python3.8/site-packages/airflow/example_dags/example_short_circuit_operator.py
[2024-03-23T00:12:45.120+0000] {processor.py:830} INFO - Processing file /home/airflow/.local/lib/python3.8/site-packages/airflow/example_dags/example_short_circuit_operator.py for tasks to queue
[2024-03-23T00:12:45.122+0000] {logging_mixin.py:188} INFO - [2024-03-23T00:12:45.122+0000] {dagbag.py:540} INFO - Filling up the DagBag from /home/airflow/.local/lib/python3.8/site-packages/airflow/example_dags/example_short_circuit_operator.py
[2024-03-23T00:12:45.131+0000] {processor.py:840} INFO - DAG(s) 'example_short_circuit_operator' retrieved from /home/airflow/.local/lib/python3.8/site-packages/airflow/example_dags/example_short_circuit_operator.py
[2024-03-23T00:12:45.158+0000] {logging_mixin.py:188} INFO - [2024-03-23T00:12:45.158+0000] {dag.py:3047} INFO - Sync 1 DAGs
[2024-03-23T00:12:45.183+0000] {logging_mixin.py:188} INFO - [2024-03-23T00:12:45.182+0000] {dag.py:3834} INFO - Setting next_dagrun for example_short_circuit_operator to 2024-03-22 00:00:00+00:00, run_after=2024-03-23 00:00:00+00:00
[2024-03-23T00:12:45.201+0000] {processor.py:183} INFO - Processing /home/airflow/.local/lib/python3.8/site-packages/airflow/example_dags/example_short_circuit_operator.py took 0.087 seconds
[2024-03-23T00:13:15.539+0000] {processor.py:161} INFO - Started process (PID=1106) to work on /home/airflow/.local/lib/python3.8/site-packages/airflow/example_dags/example_short_circuit_operator.py
[2024-03-23T00:13:15.540+0000] {processor.py:830} INFO - Processing file /home/airflow/.local/lib/python3.8/site-packages/airflow/example_dags/example_short_circuit_operator.py for tasks to queue
[2024-03-23T00:13:15.542+0000] {logging_mixin.py:188} INFO - [2024-03-23T00:13:15.542+0000] {dagbag.py:540} INFO - Filling up the DagBag from /home/airflow/.local/lib/python3.8/site-packages/airflow/example_dags/example_short_circuit_operator.py
[2024-03-23T00:13:15.551+0000] {processor.py:840} INFO - DAG(s) 'example_short_circuit_operator' retrieved from /home/airflow/.local/lib/python3.8/site-packages/airflow/example_dags/example_short_circuit_operator.py
[2024-03-23T00:13:15.578+0000] {logging_mixin.py:188} INFO - [2024-03-23T00:13:15.578+0000] {dag.py:3047} INFO - Sync 1 DAGs
[2024-03-23T00:13:15.603+0000] {logging_mixin.py:188} INFO - [2024-03-23T00:13:15.603+0000] {dag.py:3834} INFO - Setting next_dagrun for example_short_circuit_operator to 2024-03-22 00:00:00+00:00, run_after=2024-03-23 00:00:00+00:00
[2024-03-23T00:13:15.624+0000] {processor.py:183} INFO - Processing /home/airflow/.local/lib/python3.8/site-packages/airflow/example_dags/example_short_circuit_operator.py took 0.089 seconds
[2024-03-23T00:13:45.989+0000] {processor.py:161} INFO - Started process (PID=1161) to work on /home/airflow/.local/lib/python3.8/site-packages/airflow/example_dags/example_short_circuit_operator.py
[2024-03-23T00:13:45.990+0000] {processor.py:830} INFO - Processing file /home/airflow/.local/lib/python3.8/site-packages/airflow/example_dags/example_short_circuit_operator.py for tasks to queue
[2024-03-23T00:13:45.992+0000] {logging_mixin.py:188} INFO - [2024-03-23T00:13:45.992+0000] {dagbag.py:540} INFO - Filling up the DagBag from /home/airflow/.local/lib/python3.8/site-packages/airflow/example_dags/example_short_circuit_operator.py
[2024-03-23T00:13:46.001+0000] {processor.py:840} INFO - DAG(s) 'example_short_circuit_operator' retrieved from /home/airflow/.local/lib/python3.8/site-packages/airflow/example_dags/example_short_circuit_operator.py
[2024-03-23T00:13:46.031+0000] {logging_mixin.py:188} INFO - [2024-03-23T00:13:46.031+0000] {dag.py:3047} INFO - Sync 1 DAGs
[2024-03-23T00:13:46.058+0000] {logging_mixin.py:188} INFO - [2024-03-23T00:13:46.058+0000] {dag.py:3834} INFO - Setting next_dagrun for example_short_circuit_operator to 2024-03-22 00:00:00+00:00, run_after=2024-03-23 00:00:00+00:00
[2024-03-23T00:13:46.078+0000] {processor.py:183} INFO - Processing /home/airflow/.local/lib/python3.8/site-packages/airflow/example_dags/example_short_circuit_operator.py took 0.092 seconds
[2024-03-23T00:14:16.573+0000] {processor.py:161} INFO - Started process (PID=1216) to work on /home/airflow/.local/lib/python3.8/site-packages/airflow/example_dags/example_short_circuit_operator.py
[2024-03-23T00:14:16.574+0000] {processor.py:830} INFO - Processing file /home/airflow/.local/lib/python3.8/site-packages/airflow/example_dags/example_short_circuit_operator.py for tasks to queue
[2024-03-23T00:14:16.576+0000] {logging_mixin.py:188} INFO - [2024-03-23T00:14:16.576+0000] {dagbag.py:540} INFO - Filling up the DagBag from /home/airflow/.local/lib/python3.8/site-packages/airflow/example_dags/example_short_circuit_operator.py
[2024-03-23T00:14:16.586+0000] {processor.py:840} INFO - DAG(s) 'example_short_circuit_operator' retrieved from /home/airflow/.local/lib/python3.8/site-packages/airflow/example_dags/example_short_circuit_operator.py
[2024-03-23T00:14:16.614+0000] {logging_mixin.py:188} INFO - [2024-03-23T00:14:16.613+0000] {dag.py:3047} INFO - Sync 1 DAGs
[2024-03-23T00:14:16.639+0000] {logging_mixin.py:188} INFO - [2024-03-23T00:14:16.638+0000] {dag.py:3834} INFO - Setting next_dagrun for example_short_circuit_operator to 2024-03-22 00:00:00+00:00, run_after=2024-03-23 00:00:00+00:00
[2024-03-23T00:14:16.659+0000] {processor.py:183} INFO - Processing /home/airflow/.local/lib/python3.8/site-packages/airflow/example_dags/example_short_circuit_operator.py took 0.090 seconds
[2024-03-23T00:14:47.038+0000] {processor.py:161} INFO - Started process (PID=1271) to work on /home/airflow/.local/lib/python3.8/site-packages/airflow/example_dags/example_short_circuit_operator.py
[2024-03-23T00:14:47.040+0000] {processor.py:830} INFO - Processing file /home/airflow/.local/lib/python3.8/site-packages/airflow/example_dags/example_short_circuit_operator.py for tasks to queue
[2024-03-23T00:14:47.042+0000] {logging_mixin.py:188} INFO - [2024-03-23T00:14:47.041+0000] {dagbag.py:540} INFO - Filling up the DagBag from /home/airflow/.local/lib/python3.8/site-packages/airflow/example_dags/example_short_circuit_operator.py
[2024-03-23T00:14:47.051+0000] {processor.py:840} INFO - DAG(s) 'example_short_circuit_operator' retrieved from /home/airflow/.local/lib/python3.8/site-packages/airflow/example_dags/example_short_circuit_operator.py
[2024-03-23T00:14:47.078+0000] {logging_mixin.py:188} INFO - [2024-03-23T00:14:47.077+0000] {dag.py:3047} INFO - Sync 1 DAGs
[2024-03-23T00:14:47.103+0000] {logging_mixin.py:188} INFO - [2024-03-23T00:14:47.102+0000] {dag.py:3834} INFO - Setting next_dagrun for example_short_circuit_operator to 2024-03-22 00:00:00+00:00, run_after=2024-03-23 00:00:00+00:00
[2024-03-23T00:14:47.122+0000] {processor.py:183} INFO - Processing /home/airflow/.local/lib/python3.8/site-packages/airflow/example_dags/example_short_circuit_operator.py took 0.088 seconds
[2024-03-23T00:15:17.424+0000] {processor.py:161} INFO - Started process (PID=1326) to work on /home/airflow/.local/lib/python3.8/site-packages/airflow/example_dags/example_short_circuit_operator.py
[2024-03-23T00:15:17.425+0000] {processor.py:830} INFO - Processing file /home/airflow/.local/lib/python3.8/site-packages/airflow/example_dags/example_short_circuit_operator.py for tasks to queue
[2024-03-23T00:15:17.427+0000] {logging_mixin.py:188} INFO - [2024-03-23T00:15:17.426+0000] {dagbag.py:540} INFO - Filling up the DagBag from /home/airflow/.local/lib/python3.8/site-packages/airflow/example_dags/example_short_circuit_operator.py
[2024-03-23T00:15:17.436+0000] {processor.py:840} INFO - DAG(s) 'example_short_circuit_operator' retrieved from /home/airflow/.local/lib/python3.8/site-packages/airflow/example_dags/example_short_circuit_operator.py
[2024-03-23T00:15:17.464+0000] {logging_mixin.py:188} INFO - [2024-03-23T00:15:17.464+0000] {dag.py:3047} INFO - Sync 1 DAGs
[2024-03-23T00:15:17.489+0000] {logging_mixin.py:188} INFO - [2024-03-23T00:15:17.488+0000] {dag.py:3834} INFO - Setting next_dagrun for example_short_circuit_operator to 2024-03-22 00:00:00+00:00, run_after=2024-03-23 00:00:00+00:00
[2024-03-23T00:15:17.509+0000] {processor.py:183} INFO - Processing /home/airflow/.local/lib/python3.8/site-packages/airflow/example_dags/example_short_circuit_operator.py took 0.089 seconds
[2024-03-23T00:15:47.722+0000] {processor.py:161} INFO - Started process (PID=1381) to work on /home/airflow/.local/lib/python3.8/site-packages/airflow/example_dags/example_short_circuit_operator.py
[2024-03-23T00:15:47.723+0000] {processor.py:830} INFO - Processing file /home/airflow/.local/lib/python3.8/site-packages/airflow/example_dags/example_short_circuit_operator.py for tasks to queue
[2024-03-23T00:15:47.725+0000] {logging_mixin.py:188} INFO - [2024-03-23T00:15:47.725+0000] {dagbag.py:540} INFO - Filling up the DagBag from /home/airflow/.local/lib/python3.8/site-packages/airflow/example_dags/example_short_circuit_operator.py
[2024-03-23T00:15:47.734+0000] {processor.py:840} INFO - DAG(s) 'example_short_circuit_operator' retrieved from /home/airflow/.local/lib/python3.8/site-packages/airflow/example_dags/example_short_circuit_operator.py
[2024-03-23T00:15:47.761+0000] {logging_mixin.py:188} INFO - [2024-03-23T00:15:47.760+0000] {dag.py:3047} INFO - Sync 1 DAGs
[2024-03-23T00:15:47.785+0000] {logging_mixin.py:188} INFO - [2024-03-23T00:15:47.785+0000] {dag.py:3834} INFO - Setting next_dagrun for example_short_circuit_operator to 2024-03-22 00:00:00+00:00, run_after=2024-03-23 00:00:00+00:00
[2024-03-23T00:15:47.805+0000] {processor.py:183} INFO - Processing /home/airflow/.local/lib/python3.8/site-packages/airflow/example_dags/example_short_circuit_operator.py took 0.086 seconds
[2024-03-23T00:16:18.222+0000] {processor.py:161} INFO - Started process (PID=1436) to work on /home/airflow/.local/lib/python3.8/site-packages/airflow/example_dags/example_short_circuit_operator.py
[2024-03-23T00:16:18.223+0000] {processor.py:830} INFO - Processing file /home/airflow/.local/lib/python3.8/site-packages/airflow/example_dags/example_short_circuit_operator.py for tasks to queue
[2024-03-23T00:16:18.225+0000] {logging_mixin.py:188} INFO - [2024-03-23T00:16:18.225+0000] {dagbag.py:540} INFO - Filling up the DagBag from /home/airflow/.local/lib/python3.8/site-packages/airflow/example_dags/example_short_circuit_operator.py
[2024-03-23T00:16:18.234+0000] {processor.py:840} INFO - DAG(s) 'example_short_circuit_operator' retrieved from /home/airflow/.local/lib/python3.8/site-packages/airflow/example_dags/example_short_circuit_operator.py
[2024-03-23T00:16:18.262+0000] {logging_mixin.py:188} INFO - [2024-03-23T00:16:18.261+0000] {dag.py:3047} INFO - Sync 1 DAGs
[2024-03-23T00:16:18.286+0000] {logging_mixin.py:188} INFO - [2024-03-23T00:16:18.286+0000] {dag.py:3834} INFO - Setting next_dagrun for example_short_circuit_operator to 2024-03-22 00:00:00+00:00, run_after=2024-03-23 00:00:00+00:00
[2024-03-23T00:16:18.306+0000] {processor.py:183} INFO - Processing /home/airflow/.local/lib/python3.8/site-packages/airflow/example_dags/example_short_circuit_operator.py took 0.088 seconds
[2024-03-23T00:16:48.413+0000] {processor.py:161} INFO - Started process (PID=1491) to work on /home/airflow/.local/lib/python3.8/site-packages/airflow/example_dags/example_short_circuit_operator.py
[2024-03-23T00:16:48.414+0000] {processor.py:830} INFO - Processing file /home/airflow/.local/lib/python3.8/site-packages/airflow/example_dags/example_short_circuit_operator.py for tasks to queue
[2024-03-23T00:16:48.417+0000] {logging_mixin.py:188} INFO - [2024-03-23T00:16:48.417+0000] {dagbag.py:540} INFO - Filling up the DagBag from /home/airflow/.local/lib/python3.8/site-packages/airflow/example_dags/example_short_circuit_operator.py
[2024-03-23T00:16:48.426+0000] {processor.py:840} INFO - DAG(s) 'example_short_circuit_operator' retrieved from /home/airflow/.local/lib/python3.8/site-packages/airflow/example_dags/example_short_circuit_operator.py
[2024-03-23T00:16:48.455+0000] {logging_mixin.py:188} INFO - [2024-03-23T00:16:48.454+0000] {dag.py:3047} INFO - Sync 1 DAGs
[2024-03-23T00:16:48.479+0000] {logging_mixin.py:188} INFO - [2024-03-23T00:16:48.478+0000] {dag.py:3834} INFO - Setting next_dagrun for example_short_circuit_operator to 2024-03-22 00:00:00+00:00, run_after=2024-03-23 00:00:00+00:00
[2024-03-23T00:16:48.498+0000] {processor.py:183} INFO - Processing /home/airflow/.local/lib/python3.8/site-packages/airflow/example_dags/example_short_circuit_operator.py took 0.091 seconds
[2024-03-23T00:17:18.677+0000] {processor.py:161} INFO - Started process (PID=1546) to work on /home/airflow/.local/lib/python3.8/site-packages/airflow/example_dags/example_short_circuit_operator.py
[2024-03-23T00:17:18.679+0000] {processor.py:830} INFO - Processing file /home/airflow/.local/lib/python3.8/site-packages/airflow/example_dags/example_short_circuit_operator.py for tasks to queue
[2024-03-23T00:17:18.681+0000] {logging_mixin.py:188} INFO - [2024-03-23T00:17:18.681+0000] {dagbag.py:540} INFO - Filling up the DagBag from /home/airflow/.local/lib/python3.8/site-packages/airflow/example_dags/example_short_circuit_operator.py
[2024-03-23T00:17:18.690+0000] {processor.py:840} INFO - DAG(s) 'example_short_circuit_operator' retrieved from /home/airflow/.local/lib/python3.8/site-packages/airflow/example_dags/example_short_circuit_operator.py
[2024-03-23T00:17:18.718+0000] {logging_mixin.py:188} INFO - [2024-03-23T00:17:18.718+0000] {dag.py:3047} INFO - Sync 1 DAGs
[2024-03-23T00:17:18.742+0000] {logging_mixin.py:188} INFO - [2024-03-23T00:17:18.742+0000] {dag.py:3834} INFO - Setting next_dagrun for example_short_circuit_operator to 2024-03-22 00:00:00+00:00, run_after=2024-03-23 00:00:00+00:00
[2024-03-23T00:17:18.762+0000] {processor.py:183} INFO - Processing /home/airflow/.local/lib/python3.8/site-packages/airflow/example_dags/example_short_circuit_operator.py took 0.089 seconds
[2024-03-23T00:17:49.229+0000] {processor.py:161} INFO - Started process (PID=1601) to work on /home/airflow/.local/lib/python3.8/site-packages/airflow/example_dags/example_short_circuit_operator.py
[2024-03-23T00:17:49.230+0000] {processor.py:830} INFO - Processing file /home/airflow/.local/lib/python3.8/site-packages/airflow/example_dags/example_short_circuit_operator.py for tasks to queue
[2024-03-23T00:17:49.232+0000] {logging_mixin.py:188} INFO - [2024-03-23T00:17:49.232+0000] {dagbag.py:540} INFO - Filling up the DagBag from /home/airflow/.local/lib/python3.8/site-packages/airflow/example_dags/example_short_circuit_operator.py
[2024-03-23T00:17:49.242+0000] {processor.py:840} INFO - DAG(s) 'example_short_circuit_operator' retrieved from /home/airflow/.local/lib/python3.8/site-packages/airflow/example_dags/example_short_circuit_operator.py
[2024-03-23T00:17:49.271+0000] {logging_mixin.py:188} INFO - [2024-03-23T00:17:49.271+0000] {dag.py:3047} INFO - Sync 1 DAGs
[2024-03-23T00:17:49.296+0000] {logging_mixin.py:188} INFO - [2024-03-23T00:17:49.295+0000] {dag.py:3834} INFO - Setting next_dagrun for example_short_circuit_operator to 2024-03-22 00:00:00+00:00, run_after=2024-03-23 00:00:00+00:00
[2024-03-23T00:17:49.315+0000] {processor.py:183} INFO - Processing /home/airflow/.local/lib/python3.8/site-packages/airflow/example_dags/example_short_circuit_operator.py took 0.091 seconds
[2024-03-23T00:18:19.587+0000] {processor.py:161} INFO - Started process (PID=1656) to work on /home/airflow/.local/lib/python3.8/site-packages/airflow/example_dags/example_short_circuit_operator.py
[2024-03-23T00:18:19.589+0000] {processor.py:830} INFO - Processing file /home/airflow/.local/lib/python3.8/site-packages/airflow/example_dags/example_short_circuit_operator.py for tasks to queue
[2024-03-23T00:18:19.591+0000] {logging_mixin.py:188} INFO - [2024-03-23T00:18:19.591+0000] {dagbag.py:540} INFO - Filling up the DagBag from /home/airflow/.local/lib/python3.8/site-packages/airflow/example_dags/example_short_circuit_operator.py
[2024-03-23T00:18:19.601+0000] {processor.py:840} INFO - DAG(s) 'example_short_circuit_operator' retrieved from /home/airflow/.local/lib/python3.8/site-packages/airflow/example_dags/example_short_circuit_operator.py
[2024-03-23T00:18:19.630+0000] {logging_mixin.py:188} INFO - [2024-03-23T00:18:19.629+0000] {dag.py:3047} INFO - Sync 1 DAGs
[2024-03-23T00:18:19.654+0000] {logging_mixin.py:188} INFO - [2024-03-23T00:18:19.654+0000] {dag.py:3834} INFO - Setting next_dagrun for example_short_circuit_operator to 2024-03-22 00:00:00+00:00, run_after=2024-03-23 00:00:00+00:00
[2024-03-23T00:18:19.674+0000] {processor.py:183} INFO - Processing /home/airflow/.local/lib/python3.8/site-packages/airflow/example_dags/example_short_circuit_operator.py took 0.092 seconds
[2024-03-23T00:18:50.090+0000] {processor.py:161} INFO - Started process (PID=1717) to work on /home/airflow/.local/lib/python3.8/site-packages/airflow/example_dags/example_short_circuit_operator.py
[2024-03-23T00:18:50.092+0000] {processor.py:830} INFO - Processing file /home/airflow/.local/lib/python3.8/site-packages/airflow/example_dags/example_short_circuit_operator.py for tasks to queue
[2024-03-23T00:18:50.094+0000] {logging_mixin.py:188} INFO - [2024-03-23T00:18:50.094+0000] {dagbag.py:540} INFO - Filling up the DagBag from /home/airflow/.local/lib/python3.8/site-packages/airflow/example_dags/example_short_circuit_operator.py
[2024-03-23T00:18:50.103+0000] {processor.py:840} INFO - DAG(s) 'example_short_circuit_operator' retrieved from /home/airflow/.local/lib/python3.8/site-packages/airflow/example_dags/example_short_circuit_operator.py
[2024-03-23T00:18:50.132+0000] {logging_mixin.py:188} INFO - [2024-03-23T00:18:50.131+0000] {dag.py:3047} INFO - Sync 1 DAGs
[2024-03-23T00:18:50.156+0000] {logging_mixin.py:188} INFO - [2024-03-23T00:18:50.156+0000] {dag.py:3834} INFO - Setting next_dagrun for example_short_circuit_operator to 2024-03-22 00:00:00+00:00, run_after=2024-03-23 00:00:00+00:00
[2024-03-23T00:18:50.175+0000] {processor.py:183} INFO - Processing /home/airflow/.local/lib/python3.8/site-packages/airflow/example_dags/example_short_circuit_operator.py took 0.089 seconds
[2024-03-23T00:19:20.366+0000] {processor.py:161} INFO - Started process (PID=1772) to work on /home/airflow/.local/lib/python3.8/site-packages/airflow/example_dags/example_short_circuit_operator.py
[2024-03-23T00:19:20.368+0000] {processor.py:830} INFO - Processing file /home/airflow/.local/lib/python3.8/site-packages/airflow/example_dags/example_short_circuit_operator.py for tasks to queue
[2024-03-23T00:19:20.370+0000] {logging_mixin.py:188} INFO - [2024-03-23T00:19:20.369+0000] {dagbag.py:540} INFO - Filling up the DagBag from /home/airflow/.local/lib/python3.8/site-packages/airflow/example_dags/example_short_circuit_operator.py
[2024-03-23T00:19:20.379+0000] {processor.py:840} INFO - DAG(s) 'example_short_circuit_operator' retrieved from /home/airflow/.local/lib/python3.8/site-packages/airflow/example_dags/example_short_circuit_operator.py
[2024-03-23T00:19:20.405+0000] {logging_mixin.py:188} INFO - [2024-03-23T00:19:20.405+0000] {dag.py:3047} INFO - Sync 1 DAGs
[2024-03-23T00:19:20.430+0000] {logging_mixin.py:188} INFO - [2024-03-23T00:19:20.430+0000] {dag.py:3834} INFO - Setting next_dagrun for example_short_circuit_operator to 2024-03-22 00:00:00+00:00, run_after=2024-03-23 00:00:00+00:00
[2024-03-23T00:19:20.450+0000] {processor.py:183} INFO - Processing /home/airflow/.local/lib/python3.8/site-packages/airflow/example_dags/example_short_circuit_operator.py took 0.088 seconds
[2024-03-23T00:19:50.987+0000] {processor.py:161} INFO - Started process (PID=1827) to work on /home/airflow/.local/lib/python3.8/site-packages/airflow/example_dags/example_short_circuit_operator.py
[2024-03-23T00:19:50.988+0000] {processor.py:830} INFO - Processing file /home/airflow/.local/lib/python3.8/site-packages/airflow/example_dags/example_short_circuit_operator.py for tasks to queue
[2024-03-23T00:19:50.991+0000] {logging_mixin.py:188} INFO - [2024-03-23T00:19:50.990+0000] {dagbag.py:540} INFO - Filling up the DagBag from /home/airflow/.local/lib/python3.8/site-packages/airflow/example_dags/example_short_circuit_operator.py
[2024-03-23T00:19:51.002+0000] {processor.py:840} INFO - DAG(s) 'example_short_circuit_operator' retrieved from /home/airflow/.local/lib/python3.8/site-packages/airflow/example_dags/example_short_circuit_operator.py
[2024-03-23T00:19:51.033+0000] {logging_mixin.py:188} INFO - [2024-03-23T00:19:51.033+0000] {dag.py:3047} INFO - Sync 1 DAGs
[2024-03-23T00:19:51.062+0000] {logging_mixin.py:188} INFO - [2024-03-23T00:19:51.062+0000] {dag.py:3834} INFO - Setting next_dagrun for example_short_circuit_operator to 2024-03-22 00:00:00+00:00, run_after=2024-03-23 00:00:00+00:00
[2024-03-23T00:19:51.090+0000] {processor.py:183} INFO - Processing /home/airflow/.local/lib/python3.8/site-packages/airflow/example_dags/example_short_circuit_operator.py took 0.107 seconds
[2024-03-23T00:20:21.572+0000] {processor.py:161} INFO - Started process (PID=1882) to work on /home/airflow/.local/lib/python3.8/site-packages/airflow/example_dags/example_short_circuit_operator.py
[2024-03-23T00:20:21.574+0000] {processor.py:830} INFO - Processing file /home/airflow/.local/lib/python3.8/site-packages/airflow/example_dags/example_short_circuit_operator.py for tasks to queue
[2024-03-23T00:20:21.576+0000] {logging_mixin.py:188} INFO - [2024-03-23T00:20:21.575+0000] {dagbag.py:540} INFO - Filling up the DagBag from /home/airflow/.local/lib/python3.8/site-packages/airflow/example_dags/example_short_circuit_operator.py
[2024-03-23T00:20:21.585+0000] {processor.py:840} INFO - DAG(s) 'example_short_circuit_operator' retrieved from /home/airflow/.local/lib/python3.8/site-packages/airflow/example_dags/example_short_circuit_operator.py
[2024-03-23T00:20:21.612+0000] {logging_mixin.py:188} INFO - [2024-03-23T00:20:21.612+0000] {dag.py:3047} INFO - Sync 1 DAGs
[2024-03-23T00:20:21.637+0000] {logging_mixin.py:188} INFO - [2024-03-23T00:20:21.637+0000] {dag.py:3834} INFO - Setting next_dagrun for example_short_circuit_operator to 2024-03-22 00:00:00+00:00, run_after=2024-03-23 00:00:00+00:00
[2024-03-23T00:20:21.656+0000] {processor.py:183} INFO - Processing /home/airflow/.local/lib/python3.8/site-packages/airflow/example_dags/example_short_circuit_operator.py took 0.088 seconds
[2024-03-23T00:20:52.056+0000] {processor.py:161} INFO - Started process (PID=1937) to work on /home/airflow/.local/lib/python3.8/site-packages/airflow/example_dags/example_short_circuit_operator.py
[2024-03-23T00:20:52.057+0000] {processor.py:830} INFO - Processing file /home/airflow/.local/lib/python3.8/site-packages/airflow/example_dags/example_short_circuit_operator.py for tasks to queue
[2024-03-23T00:20:52.059+0000] {logging_mixin.py:188} INFO - [2024-03-23T00:20:52.059+0000] {dagbag.py:540} INFO - Filling up the DagBag from /home/airflow/.local/lib/python3.8/site-packages/airflow/example_dags/example_short_circuit_operator.py
[2024-03-23T00:20:52.069+0000] {processor.py:840} INFO - DAG(s) 'example_short_circuit_operator' retrieved from /home/airflow/.local/lib/python3.8/site-packages/airflow/example_dags/example_short_circuit_operator.py
[2024-03-23T00:20:52.099+0000] {logging_mixin.py:188} INFO - [2024-03-23T00:20:52.099+0000] {dag.py:3047} INFO - Sync 1 DAGs
[2024-03-23T00:20:52.127+0000] {logging_mixin.py:188} INFO - [2024-03-23T00:20:52.127+0000] {dag.py:3834} INFO - Setting next_dagrun for example_short_circuit_operator to 2024-03-22 00:00:00+00:00, run_after=2024-03-23 00:00:00+00:00
[2024-03-23T00:20:52.149+0000] {processor.py:183} INFO - Processing /home/airflow/.local/lib/python3.8/site-packages/airflow/example_dags/example_short_circuit_operator.py took 0.098 seconds
[2024-03-23T00:21:22.213+0000] {processor.py:161} INFO - Started process (PID=1992) to work on /home/airflow/.local/lib/python3.8/site-packages/airflow/example_dags/example_short_circuit_operator.py
[2024-03-23T00:21:22.215+0000] {processor.py:830} INFO - Processing file /home/airflow/.local/lib/python3.8/site-packages/airflow/example_dags/example_short_circuit_operator.py for tasks to queue
[2024-03-23T00:21:22.217+0000] {logging_mixin.py:188} INFO - [2024-03-23T00:21:22.216+0000] {dagbag.py:540} INFO - Filling up the DagBag from /home/airflow/.local/lib/python3.8/site-packages/airflow/example_dags/example_short_circuit_operator.py
[2024-03-23T00:21:22.227+0000] {processor.py:840} INFO - DAG(s) 'example_short_circuit_operator' retrieved from /home/airflow/.local/lib/python3.8/site-packages/airflow/example_dags/example_short_circuit_operator.py
[2024-03-23T00:21:22.254+0000] {logging_mixin.py:188} INFO - [2024-03-23T00:21:22.254+0000] {dag.py:3047} INFO - Sync 1 DAGs
[2024-03-23T00:21:22.279+0000] {logging_mixin.py:188} INFO - [2024-03-23T00:21:22.279+0000] {dag.py:3834} INFO - Setting next_dagrun for example_short_circuit_operator to 2024-03-22 00:00:00+00:00, run_after=2024-03-23 00:00:00+00:00
[2024-03-23T00:21:22.299+0000] {processor.py:183} INFO - Processing /home/airflow/.local/lib/python3.8/site-packages/airflow/example_dags/example_short_circuit_operator.py took 0.091 seconds
[2024-03-23T00:21:52.452+0000] {processor.py:161} INFO - Started process (PID=2047) to work on /home/airflow/.local/lib/python3.8/site-packages/airflow/example_dags/example_short_circuit_operator.py
[2024-03-23T00:21:52.453+0000] {processor.py:830} INFO - Processing file /home/airflow/.local/lib/python3.8/site-packages/airflow/example_dags/example_short_circuit_operator.py for tasks to queue
[2024-03-23T00:21:52.455+0000] {logging_mixin.py:188} INFO - [2024-03-23T00:21:52.455+0000] {dagbag.py:540} INFO - Filling up the DagBag from /home/airflow/.local/lib/python3.8/site-packages/airflow/example_dags/example_short_circuit_operator.py
[2024-03-23T00:21:52.464+0000] {processor.py:840} INFO - DAG(s) 'example_short_circuit_operator' retrieved from /home/airflow/.local/lib/python3.8/site-packages/airflow/example_dags/example_short_circuit_operator.py
[2024-03-23T00:21:52.491+0000] {logging_mixin.py:188} INFO - [2024-03-23T00:21:52.491+0000] {dag.py:3047} INFO - Sync 1 DAGs
[2024-03-23T00:21:52.516+0000] {logging_mixin.py:188} INFO - [2024-03-23T00:21:52.515+0000] {dag.py:3834} INFO - Setting next_dagrun for example_short_circuit_operator to 2024-03-22 00:00:00+00:00, run_after=2024-03-23 00:00:00+00:00
[2024-03-23T00:21:52.535+0000] {processor.py:183} INFO - Processing /home/airflow/.local/lib/python3.8/site-packages/airflow/example_dags/example_short_circuit_operator.py took 0.087 seconds
[2024-03-23T00:22:23.012+0000] {processor.py:161} INFO - Started process (PID=2102) to work on /home/airflow/.local/lib/python3.8/site-packages/airflow/example_dags/example_short_circuit_operator.py
[2024-03-23T00:22:23.013+0000] {processor.py:830} INFO - Processing file /home/airflow/.local/lib/python3.8/site-packages/airflow/example_dags/example_short_circuit_operator.py for tasks to queue
[2024-03-23T00:22:23.016+0000] {logging_mixin.py:188} INFO - [2024-03-23T00:22:23.015+0000] {dagbag.py:540} INFO - Filling up the DagBag from /home/airflow/.local/lib/python3.8/site-packages/airflow/example_dags/example_short_circuit_operator.py
[2024-03-23T00:22:23.025+0000] {processor.py:840} INFO - DAG(s) 'example_short_circuit_operator' retrieved from /home/airflow/.local/lib/python3.8/site-packages/airflow/example_dags/example_short_circuit_operator.py
[2024-03-23T00:22:23.053+0000] {logging_mixin.py:188} INFO - [2024-03-23T00:22:23.053+0000] {dag.py:3047} INFO - Sync 1 DAGs
[2024-03-23T00:22:23.079+0000] {logging_mixin.py:188} INFO - [2024-03-23T00:22:23.078+0000] {dag.py:3834} INFO - Setting next_dagrun for example_short_circuit_operator to 2024-03-22 00:00:00+00:00, run_after=2024-03-23 00:00:00+00:00
[2024-03-23T00:22:23.099+0000] {processor.py:183} INFO - Processing /home/airflow/.local/lib/python3.8/site-packages/airflow/example_dags/example_short_circuit_operator.py took 0.091 seconds
[2024-03-23T00:22:53.295+0000] {processor.py:161} INFO - Started process (PID=2157) to work on /home/airflow/.local/lib/python3.8/site-packages/airflow/example_dags/example_short_circuit_operator.py
[2024-03-23T00:22:53.296+0000] {processor.py:830} INFO - Processing file /home/airflow/.local/lib/python3.8/site-packages/airflow/example_dags/example_short_circuit_operator.py for tasks to queue
[2024-03-23T00:22:53.299+0000] {logging_mixin.py:188} INFO - [2024-03-23T00:22:53.298+0000] {dagbag.py:540} INFO - Filling up the DagBag from /home/airflow/.local/lib/python3.8/site-packages/airflow/example_dags/example_short_circuit_operator.py
[2024-03-23T00:22:53.308+0000] {processor.py:840} INFO - DAG(s) 'example_short_circuit_operator' retrieved from /home/airflow/.local/lib/python3.8/site-packages/airflow/example_dags/example_short_circuit_operator.py
[2024-03-23T00:22:53.335+0000] {logging_mixin.py:188} INFO - [2024-03-23T00:22:53.335+0000] {dag.py:3047} INFO - Sync 1 DAGs
[2024-03-23T00:22:53.359+0000] {logging_mixin.py:188} INFO - [2024-03-23T00:22:53.359+0000] {dag.py:3834} INFO - Setting next_dagrun for example_short_circuit_operator to 2024-03-22 00:00:00+00:00, run_after=2024-03-23 00:00:00+00:00
[2024-03-23T00:22:53.378+0000] {processor.py:183} INFO - Processing /home/airflow/.local/lib/python3.8/site-packages/airflow/example_dags/example_short_circuit_operator.py took 0.088 seconds
[2024-03-23T00:23:23.610+0000] {processor.py:161} INFO - Started process (PID=2212) to work on /home/airflow/.local/lib/python3.8/site-packages/airflow/example_dags/example_short_circuit_operator.py
[2024-03-23T00:23:23.611+0000] {processor.py:830} INFO - Processing file /home/airflow/.local/lib/python3.8/site-packages/airflow/example_dags/example_short_circuit_operator.py for tasks to queue
[2024-03-23T00:23:23.613+0000] {logging_mixin.py:188} INFO - [2024-03-23T00:23:23.613+0000] {dagbag.py:540} INFO - Filling up the DagBag from /home/airflow/.local/lib/python3.8/site-packages/airflow/example_dags/example_short_circuit_operator.py
[2024-03-23T00:23:23.622+0000] {processor.py:840} INFO - DAG(s) 'example_short_circuit_operator' retrieved from /home/airflow/.local/lib/python3.8/site-packages/airflow/example_dags/example_short_circuit_operator.py
[2024-03-23T00:23:23.650+0000] {logging_mixin.py:188} INFO - [2024-03-23T00:23:23.650+0000] {dag.py:3047} INFO - Sync 1 DAGs
[2024-03-23T00:23:23.676+0000] {logging_mixin.py:188} INFO - [2024-03-23T00:23:23.675+0000] {dag.py:3834} INFO - Setting next_dagrun for example_short_circuit_operator to 2024-03-22 00:00:00+00:00, run_after=2024-03-23 00:00:00+00:00
[2024-03-23T00:23:23.695+0000] {processor.py:183} INFO - Processing /home/airflow/.local/lib/python3.8/site-packages/airflow/example_dags/example_short_circuit_operator.py took 0.090 seconds
[2024-03-23T00:23:53.954+0000] {processor.py:161} INFO - Started process (PID=2267) to work on /home/airflow/.local/lib/python3.8/site-packages/airflow/example_dags/example_short_circuit_operator.py
[2024-03-23T00:23:53.955+0000] {processor.py:830} INFO - Processing file /home/airflow/.local/lib/python3.8/site-packages/airflow/example_dags/example_short_circuit_operator.py for tasks to queue
[2024-03-23T00:23:53.958+0000] {logging_mixin.py:188} INFO - [2024-03-23T00:23:53.957+0000] {dagbag.py:540} INFO - Filling up the DagBag from /home/airflow/.local/lib/python3.8/site-packages/airflow/example_dags/example_short_circuit_operator.py
[2024-03-23T00:23:53.967+0000] {processor.py:840} INFO - DAG(s) 'example_short_circuit_operator' retrieved from /home/airflow/.local/lib/python3.8/site-packages/airflow/example_dags/example_short_circuit_operator.py
[2024-03-23T00:23:53.995+0000] {logging_mixin.py:188} INFO - [2024-03-23T00:23:53.995+0000] {dag.py:3047} INFO - Sync 1 DAGs
[2024-03-23T00:23:54.021+0000] {logging_mixin.py:188} INFO - [2024-03-23T00:23:54.021+0000] {dag.py:3834} INFO - Setting next_dagrun for example_short_circuit_operator to 2024-03-22 00:00:00+00:00, run_after=2024-03-23 00:00:00+00:00
[2024-03-23T00:23:54.042+0000] {processor.py:183} INFO - Processing /home/airflow/.local/lib/python3.8/site-packages/airflow/example_dags/example_short_circuit_operator.py took 0.092 seconds
[2024-03-23T00:24:24.774+0000] {processor.py:161} INFO - Started process (PID=2320) to work on /home/airflow/.local/lib/python3.8/site-packages/airflow/example_dags/example_short_circuit_operator.py
[2024-03-23T00:24:24.775+0000] {processor.py:830} INFO - Processing file /home/airflow/.local/lib/python3.8/site-packages/airflow/example_dags/example_short_circuit_operator.py for tasks to queue
[2024-03-23T00:24:24.777+0000] {logging_mixin.py:188} INFO - [2024-03-23T00:24:24.777+0000] {dagbag.py:540} INFO - Filling up the DagBag from /home/airflow/.local/lib/python3.8/site-packages/airflow/example_dags/example_short_circuit_operator.py
[2024-03-23T00:24:24.787+0000] {processor.py:840} INFO - DAG(s) 'example_short_circuit_operator' retrieved from /home/airflow/.local/lib/python3.8/site-packages/airflow/example_dags/example_short_circuit_operator.py
[2024-03-23T00:24:24.814+0000] {logging_mixin.py:188} INFO - [2024-03-23T00:24:24.814+0000] {dag.py:3047} INFO - Sync 1 DAGs
[2024-03-23T00:24:24.839+0000] {logging_mixin.py:188} INFO - [2024-03-23T00:24:24.839+0000] {dag.py:3834} INFO - Setting next_dagrun for example_short_circuit_operator to 2024-03-22 00:00:00+00:00, run_after=2024-03-23 00:00:00+00:00
[2024-03-23T00:24:24.859+0000] {processor.py:183} INFO - Processing /home/airflow/.local/lib/python3.8/site-packages/airflow/example_dags/example_short_circuit_operator.py took 0.090 seconds
[2024-03-23T00:24:55.046+0000] {processor.py:161} INFO - Started process (PID=2375) to work on /home/airflow/.local/lib/python3.8/site-packages/airflow/example_dags/example_short_circuit_operator.py
[2024-03-23T00:24:55.048+0000] {processor.py:830} INFO - Processing file /home/airflow/.local/lib/python3.8/site-packages/airflow/example_dags/example_short_circuit_operator.py for tasks to queue
[2024-03-23T00:24:55.050+0000] {logging_mixin.py:188} INFO - [2024-03-23T00:24:55.050+0000] {dagbag.py:540} INFO - Filling up the DagBag from /home/airflow/.local/lib/python3.8/site-packages/airflow/example_dags/example_short_circuit_operator.py
[2024-03-23T00:24:55.059+0000] {processor.py:840} INFO - DAG(s) 'example_short_circuit_operator' retrieved from /home/airflow/.local/lib/python3.8/site-packages/airflow/example_dags/example_short_circuit_operator.py
[2024-03-23T00:24:55.087+0000] {logging_mixin.py:188} INFO - [2024-03-23T00:24:55.086+0000] {dag.py:3047} INFO - Sync 1 DAGs
[2024-03-23T00:24:55.112+0000] {logging_mixin.py:188} INFO - [2024-03-23T00:24:55.112+0000] {dag.py:3834} INFO - Setting next_dagrun for example_short_circuit_operator to 2024-03-22 00:00:00+00:00, run_after=2024-03-23 00:00:00+00:00
[2024-03-23T00:24:55.132+0000] {processor.py:183} INFO - Processing /home/airflow/.local/lib/python3.8/site-packages/airflow/example_dags/example_short_circuit_operator.py took 0.089 seconds
[2024-03-23T00:25:25.334+0000] {processor.py:161} INFO - Started process (PID=2430) to work on /home/airflow/.local/lib/python3.8/site-packages/airflow/example_dags/example_short_circuit_operator.py
[2024-03-23T00:25:25.335+0000] {processor.py:830} INFO - Processing file /home/airflow/.local/lib/python3.8/site-packages/airflow/example_dags/example_short_circuit_operator.py for tasks to queue
[2024-03-23T00:25:25.338+0000] {logging_mixin.py:188} INFO - [2024-03-23T00:25:25.337+0000] {dagbag.py:540} INFO - Filling up the DagBag from /home/airflow/.local/lib/python3.8/site-packages/airflow/example_dags/example_short_circuit_operator.py
[2024-03-23T00:25:25.347+0000] {processor.py:840} INFO - DAG(s) 'example_short_circuit_operator' retrieved from /home/airflow/.local/lib/python3.8/site-packages/airflow/example_dags/example_short_circuit_operator.py
[2024-03-23T00:25:25.374+0000] {logging_mixin.py:188} INFO - [2024-03-23T00:25:25.374+0000] {dag.py:3047} INFO - Sync 1 DAGs
[2024-03-23T00:25:25.400+0000] {logging_mixin.py:188} INFO - [2024-03-23T00:25:25.399+0000] {dag.py:3834} INFO - Setting next_dagrun for example_short_circuit_operator to 2024-03-22 00:00:00+00:00, run_after=2024-03-23 00:00:00+00:00
[2024-03-23T00:25:25.419+0000] {processor.py:183} INFO - Processing /home/airflow/.local/lib/python3.8/site-packages/airflow/example_dags/example_short_circuit_operator.py took 0.089 seconds
[2024-03-23T00:25:55.616+0000] {processor.py:161} INFO - Started process (PID=2485) to work on /home/airflow/.local/lib/python3.8/site-packages/airflow/example_dags/example_short_circuit_operator.py
[2024-03-23T00:25:55.618+0000] {processor.py:830} INFO - Processing file /home/airflow/.local/lib/python3.8/site-packages/airflow/example_dags/example_short_circuit_operator.py for tasks to queue
[2024-03-23T00:25:55.620+0000] {logging_mixin.py:188} INFO - [2024-03-23T00:25:55.620+0000] {dagbag.py:540} INFO - Filling up the DagBag from /home/airflow/.local/lib/python3.8/site-packages/airflow/example_dags/example_short_circuit_operator.py
[2024-03-23T00:25:55.630+0000] {processor.py:840} INFO - DAG(s) 'example_short_circuit_operator' retrieved from /home/airflow/.local/lib/python3.8/site-packages/airflow/example_dags/example_short_circuit_operator.py
[2024-03-23T00:25:55.657+0000] {logging_mixin.py:188} INFO - [2024-03-23T00:25:55.657+0000] {dag.py:3047} INFO - Sync 1 DAGs
[2024-03-23T00:25:55.682+0000] {logging_mixin.py:188} INFO - [2024-03-23T00:25:55.682+0000] {dag.py:3834} INFO - Setting next_dagrun for example_short_circuit_operator to 2024-03-22 00:00:00+00:00, run_after=2024-03-23 00:00:00+00:00
[2024-03-23T00:25:55.701+0000] {processor.py:183} INFO - Processing /home/airflow/.local/lib/python3.8/site-packages/airflow/example_dags/example_short_circuit_operator.py took 0.089 seconds
[2024-03-23T00:26:25.867+0000] {processor.py:161} INFO - Started process (PID=2540) to work on /home/airflow/.local/lib/python3.8/site-packages/airflow/example_dags/example_short_circuit_operator.py
[2024-03-23T00:26:25.868+0000] {processor.py:830} INFO - Processing file /home/airflow/.local/lib/python3.8/site-packages/airflow/example_dags/example_short_circuit_operator.py for tasks to queue
[2024-03-23T00:26:25.870+0000] {logging_mixin.py:188} INFO - [2024-03-23T00:26:25.870+0000] {dagbag.py:540} INFO - Filling up the DagBag from /home/airflow/.local/lib/python3.8/site-packages/airflow/example_dags/example_short_circuit_operator.py
[2024-03-23T00:26:25.879+0000] {processor.py:840} INFO - DAG(s) 'example_short_circuit_operator' retrieved from /home/airflow/.local/lib/python3.8/site-packages/airflow/example_dags/example_short_circuit_operator.py
[2024-03-23T00:26:25.906+0000] {logging_mixin.py:188} INFO - [2024-03-23T00:26:25.906+0000] {dag.py:3047} INFO - Sync 1 DAGs
[2024-03-23T00:26:25.931+0000] {logging_mixin.py:188} INFO - [2024-03-23T00:26:25.931+0000] {dag.py:3834} INFO - Setting next_dagrun for example_short_circuit_operator to 2024-03-22 00:00:00+00:00, run_after=2024-03-23 00:00:00+00:00
[2024-03-23T00:26:25.952+0000] {processor.py:183} INFO - Processing /home/airflow/.local/lib/python3.8/site-packages/airflow/example_dags/example_short_circuit_operator.py took 0.089 seconds
