[2024-03-23T00:03:40.615+0000] {processor.py:161} INFO - Started process (PID=78) to work on /home/airflow/.local/lib/python3.8/site-packages/airflow/example_dags/example_setup_teardown_taskflow.py
[2024-03-23T00:03:40.621+0000] {processor.py:830} INFO - Processing file /home/airflow/.local/lib/python3.8/site-packages/airflow/example_dags/example_setup_teardown_taskflow.py for tasks to queue
[2024-03-23T00:03:40.628+0000] {logging_mixin.py:188} INFO - [2024-03-23T00:03:40.627+0000] {dagbag.py:540} INFO - Filling up the DagBag from /home/airflow/.local/lib/python3.8/site-packages/airflow/example_dags/example_setup_teardown_taskflow.py
[2024-03-23T00:03:40.654+0000] {processor.py:840} INFO - DAG(s) 'example_setup_teardown_taskflow' retrieved from /home/airflow/.local/lib/python3.8/site-packages/airflow/example_dags/example_setup_teardown_taskflow.py
[2024-03-23T00:03:40.698+0000] {logging_mixin.py:188} INFO - [2024-03-23T00:03:40.697+0000] {dag.py:3047} INFO - Sync 1 DAGs
[2024-03-23T00:03:40.748+0000] {logging_mixin.py:188} INFO - [2024-03-23T00:03:40.747+0000] {dag.py:3834} INFO - Setting next_dagrun for example_setup_teardown_taskflow to 2024-03-22 00:00:00+00:00, run_after=2024-03-23 00:00:00+00:00
[2024-03-23T00:03:40.783+0000] {processor.py:183} INFO - Processing /home/airflow/.local/lib/python3.8/site-packages/airflow/example_dags/example_setup_teardown_taskflow.py took 0.178 seconds
[2024-03-23T00:04:11.047+0000] {processor.py:161} INFO - Started process (PID=133) to work on /home/airflow/.local/lib/python3.8/site-packages/airflow/example_dags/example_setup_teardown_taskflow.py
[2024-03-23T00:04:11.049+0000] {processor.py:830} INFO - Processing file /home/airflow/.local/lib/python3.8/site-packages/airflow/example_dags/example_setup_teardown_taskflow.py for tasks to queue
[2024-03-23T00:04:11.052+0000] {logging_mixin.py:188} INFO - [2024-03-23T00:04:11.052+0000] {dagbag.py:540} INFO - Filling up the DagBag from /home/airflow/.local/lib/python3.8/site-packages/airflow/example_dags/example_setup_teardown_taskflow.py
[2024-03-23T00:04:11.065+0000] {processor.py:840} INFO - DAG(s) 'example_setup_teardown_taskflow' retrieved from /home/airflow/.local/lib/python3.8/site-packages/airflow/example_dags/example_setup_teardown_taskflow.py
[2024-03-23T00:04:11.091+0000] {logging_mixin.py:188} INFO - [2024-03-23T00:04:11.091+0000] {dag.py:3047} INFO - Sync 1 DAGs
[2024-03-23T00:04:11.118+0000] {logging_mixin.py:188} INFO - [2024-03-23T00:04:11.118+0000] {dag.py:3834} INFO - Setting next_dagrun for example_setup_teardown_taskflow to 2024-03-22 00:00:00+00:00, run_after=2024-03-23 00:00:00+00:00
[2024-03-23T00:04:11.139+0000] {processor.py:183} INFO - Processing /home/airflow/.local/lib/python3.8/site-packages/airflow/example_dags/example_setup_teardown_taskflow.py took 0.098 seconds
[2024-03-23T00:04:41.469+0000] {processor.py:161} INFO - Started process (PID=188) to work on /home/airflow/.local/lib/python3.8/site-packages/airflow/example_dags/example_setup_teardown_taskflow.py
[2024-03-23T00:04:41.470+0000] {processor.py:830} INFO - Processing file /home/airflow/.local/lib/python3.8/site-packages/airflow/example_dags/example_setup_teardown_taskflow.py for tasks to queue
[2024-03-23T00:04:41.472+0000] {logging_mixin.py:188} INFO - [2024-03-23T00:04:41.472+0000] {dagbag.py:540} INFO - Filling up the DagBag from /home/airflow/.local/lib/python3.8/site-packages/airflow/example_dags/example_setup_teardown_taskflow.py
[2024-03-23T00:04:41.483+0000] {processor.py:840} INFO - DAG(s) 'example_setup_teardown_taskflow' retrieved from /home/airflow/.local/lib/python3.8/site-packages/airflow/example_dags/example_setup_teardown_taskflow.py
[2024-03-23T00:04:41.508+0000] {logging_mixin.py:188} INFO - [2024-03-23T00:04:41.508+0000] {dag.py:3047} INFO - Sync 1 DAGs
[2024-03-23T00:04:41.533+0000] {logging_mixin.py:188} INFO - [2024-03-23T00:04:41.533+0000] {dag.py:3834} INFO - Setting next_dagrun for example_setup_teardown_taskflow to 2024-03-22 00:00:00+00:00, run_after=2024-03-23 00:00:00+00:00
[2024-03-23T00:04:41.553+0000] {processor.py:183} INFO - Processing /home/airflow/.local/lib/python3.8/site-packages/airflow/example_dags/example_setup_teardown_taskflow.py took 0.087 seconds
[2024-03-23T00:05:11.692+0000] {processor.py:161} INFO - Started process (PID=243) to work on /home/airflow/.local/lib/python3.8/site-packages/airflow/example_dags/example_setup_teardown_taskflow.py
[2024-03-23T00:05:11.693+0000] {processor.py:830} INFO - Processing file /home/airflow/.local/lib/python3.8/site-packages/airflow/example_dags/example_setup_teardown_taskflow.py for tasks to queue
[2024-03-23T00:05:11.695+0000] {logging_mixin.py:188} INFO - [2024-03-23T00:05:11.695+0000] {dagbag.py:540} INFO - Filling up the DagBag from /home/airflow/.local/lib/python3.8/site-packages/airflow/example_dags/example_setup_teardown_taskflow.py
[2024-03-23T00:05:11.707+0000] {processor.py:840} INFO - DAG(s) 'example_setup_teardown_taskflow' retrieved from /home/airflow/.local/lib/python3.8/site-packages/airflow/example_dags/example_setup_teardown_taskflow.py
[2024-03-23T00:05:11.732+0000] {logging_mixin.py:188} INFO - [2024-03-23T00:05:11.731+0000] {dag.py:3047} INFO - Sync 1 DAGs
[2024-03-23T00:05:11.756+0000] {logging_mixin.py:188} INFO - [2024-03-23T00:05:11.756+0000] {dag.py:3834} INFO - Setting next_dagrun for example_setup_teardown_taskflow to 2024-03-22 00:00:00+00:00, run_after=2024-03-23 00:00:00+00:00
[2024-03-23T00:05:11.778+0000] {processor.py:183} INFO - Processing /home/airflow/.local/lib/python3.8/site-packages/airflow/example_dags/example_setup_teardown_taskflow.py took 0.090 seconds
[2024-03-23T00:05:42.330+0000] {processor.py:161} INFO - Started process (PID=298) to work on /home/airflow/.local/lib/python3.8/site-packages/airflow/example_dags/example_setup_teardown_taskflow.py
[2024-03-23T00:05:42.332+0000] {processor.py:830} INFO - Processing file /home/airflow/.local/lib/python3.8/site-packages/airflow/example_dags/example_setup_teardown_taskflow.py for tasks to queue
[2024-03-23T00:05:42.334+0000] {logging_mixin.py:188} INFO - [2024-03-23T00:05:42.333+0000] {dagbag.py:540} INFO - Filling up the DagBag from /home/airflow/.local/lib/python3.8/site-packages/airflow/example_dags/example_setup_teardown_taskflow.py
[2024-03-23T00:05:42.345+0000] {processor.py:840} INFO - DAG(s) 'example_setup_teardown_taskflow' retrieved from /home/airflow/.local/lib/python3.8/site-packages/airflow/example_dags/example_setup_teardown_taskflow.py
[2024-03-23T00:05:42.370+0000] {logging_mixin.py:188} INFO - [2024-03-23T00:05:42.369+0000] {dag.py:3047} INFO - Sync 1 DAGs
[2024-03-23T00:05:42.395+0000] {logging_mixin.py:188} INFO - [2024-03-23T00:05:42.395+0000] {dag.py:3834} INFO - Setting next_dagrun for example_setup_teardown_taskflow to 2024-03-22 00:00:00+00:00, run_after=2024-03-23 00:00:00+00:00
[2024-03-23T00:05:42.415+0000] {processor.py:183} INFO - Processing /home/airflow/.local/lib/python3.8/site-packages/airflow/example_dags/example_setup_teardown_taskflow.py took 0.088 seconds
[2024-03-23T00:06:12.708+0000] {processor.py:161} INFO - Started process (PID=353) to work on /home/airflow/.local/lib/python3.8/site-packages/airflow/example_dags/example_setup_teardown_taskflow.py
[2024-03-23T00:06:12.709+0000] {processor.py:830} INFO - Processing file /home/airflow/.local/lib/python3.8/site-packages/airflow/example_dags/example_setup_teardown_taskflow.py for tasks to queue
[2024-03-23T00:06:12.711+0000] {logging_mixin.py:188} INFO - [2024-03-23T00:06:12.711+0000] {dagbag.py:540} INFO - Filling up the DagBag from /home/airflow/.local/lib/python3.8/site-packages/airflow/example_dags/example_setup_teardown_taskflow.py
[2024-03-23T00:06:12.725+0000] {processor.py:840} INFO - DAG(s) 'example_setup_teardown_taskflow' retrieved from /home/airflow/.local/lib/python3.8/site-packages/airflow/example_dags/example_setup_teardown_taskflow.py
[2024-03-23T00:06:12.752+0000] {logging_mixin.py:188} INFO - [2024-03-23T00:06:12.751+0000] {dag.py:3047} INFO - Sync 1 DAGs
[2024-03-23T00:06:12.777+0000] {logging_mixin.py:188} INFO - [2024-03-23T00:06:12.777+0000] {dag.py:3834} INFO - Setting next_dagrun for example_setup_teardown_taskflow to 2024-03-22 00:00:00+00:00, run_after=2024-03-23 00:00:00+00:00
[2024-03-23T00:06:12.799+0000] {processor.py:183} INFO - Processing /home/airflow/.local/lib/python3.8/site-packages/airflow/example_dags/example_setup_teardown_taskflow.py took 0.095 seconds
[2024-03-23T00:06:42.931+0000] {processor.py:161} INFO - Started process (PID=408) to work on /home/airflow/.local/lib/python3.8/site-packages/airflow/example_dags/example_setup_teardown_taskflow.py
[2024-03-23T00:06:42.932+0000] {processor.py:830} INFO - Processing file /home/airflow/.local/lib/python3.8/site-packages/airflow/example_dags/example_setup_teardown_taskflow.py for tasks to queue
[2024-03-23T00:06:42.935+0000] {logging_mixin.py:188} INFO - [2024-03-23T00:06:42.934+0000] {dagbag.py:540} INFO - Filling up the DagBag from /home/airflow/.local/lib/python3.8/site-packages/airflow/example_dags/example_setup_teardown_taskflow.py
[2024-03-23T00:06:42.949+0000] {processor.py:840} INFO - DAG(s) 'example_setup_teardown_taskflow' retrieved from /home/airflow/.local/lib/python3.8/site-packages/airflow/example_dags/example_setup_teardown_taskflow.py
[2024-03-23T00:06:42.973+0000] {logging_mixin.py:188} INFO - [2024-03-23T00:06:42.973+0000] {dag.py:3047} INFO - Sync 1 DAGs
[2024-03-23T00:06:42.999+0000] {logging_mixin.py:188} INFO - [2024-03-23T00:06:42.999+0000] {dag.py:3834} INFO - Setting next_dagrun for example_setup_teardown_taskflow to 2024-03-22 00:00:00+00:00, run_after=2024-03-23 00:00:00+00:00
[2024-03-23T00:06:43.021+0000] {processor.py:183} INFO - Processing /home/airflow/.local/lib/python3.8/site-packages/airflow/example_dags/example_setup_teardown_taskflow.py took 0.096 seconds
[2024-03-23T00:07:13.400+0000] {processor.py:161} INFO - Started process (PID=463) to work on /home/airflow/.local/lib/python3.8/site-packages/airflow/example_dags/example_setup_teardown_taskflow.py
[2024-03-23T00:07:13.401+0000] {processor.py:830} INFO - Processing file /home/airflow/.local/lib/python3.8/site-packages/airflow/example_dags/example_setup_teardown_taskflow.py for tasks to queue
[2024-03-23T00:07:13.403+0000] {logging_mixin.py:188} INFO - [2024-03-23T00:07:13.403+0000] {dagbag.py:540} INFO - Filling up the DagBag from /home/airflow/.local/lib/python3.8/site-packages/airflow/example_dags/example_setup_teardown_taskflow.py
[2024-03-23T00:07:13.415+0000] {processor.py:840} INFO - DAG(s) 'example_setup_teardown_taskflow' retrieved from /home/airflow/.local/lib/python3.8/site-packages/airflow/example_dags/example_setup_teardown_taskflow.py
[2024-03-23T00:07:13.440+0000] {logging_mixin.py:188} INFO - [2024-03-23T00:07:13.440+0000] {dag.py:3047} INFO - Sync 1 DAGs
[2024-03-23T00:07:13.464+0000] {logging_mixin.py:188} INFO - [2024-03-23T00:07:13.464+0000] {dag.py:3834} INFO - Setting next_dagrun for example_setup_teardown_taskflow to 2024-03-22 00:00:00+00:00, run_after=2024-03-23 00:00:00+00:00
[2024-03-23T00:07:13.483+0000] {processor.py:183} INFO - Processing /home/airflow/.local/lib/python3.8/site-packages/airflow/example_dags/example_setup_teardown_taskflow.py took 0.087 seconds
[2024-03-23T00:07:44.121+0000] {processor.py:161} INFO - Started process (PID=518) to work on /home/airflow/.local/lib/python3.8/site-packages/airflow/example_dags/example_setup_teardown_taskflow.py
[2024-03-23T00:07:44.123+0000] {processor.py:830} INFO - Processing file /home/airflow/.local/lib/python3.8/site-packages/airflow/example_dags/example_setup_teardown_taskflow.py for tasks to queue
[2024-03-23T00:07:44.125+0000] {logging_mixin.py:188} INFO - [2024-03-23T00:07:44.125+0000] {dagbag.py:540} INFO - Filling up the DagBag from /home/airflow/.local/lib/python3.8/site-packages/airflow/example_dags/example_setup_teardown_taskflow.py
[2024-03-23T00:07:44.139+0000] {processor.py:840} INFO - DAG(s) 'example_setup_teardown_taskflow' retrieved from /home/airflow/.local/lib/python3.8/site-packages/airflow/example_dags/example_setup_teardown_taskflow.py
[2024-03-23T00:07:44.168+0000] {logging_mixin.py:188} INFO - [2024-03-23T00:07:44.167+0000] {dag.py:3047} INFO - Sync 1 DAGs
[2024-03-23T00:07:44.196+0000] {logging_mixin.py:188} INFO - [2024-03-23T00:07:44.195+0000] {dag.py:3834} INFO - Setting next_dagrun for example_setup_teardown_taskflow to 2024-03-22 00:00:00+00:00, run_after=2024-03-23 00:00:00+00:00
[2024-03-23T00:07:44.217+0000] {processor.py:183} INFO - Processing /home/airflow/.local/lib/python3.8/site-packages/airflow/example_dags/example_setup_teardown_taskflow.py took 0.100 seconds
[2024-03-23T00:08:14.381+0000] {processor.py:161} INFO - Started process (PID=573) to work on /home/airflow/.local/lib/python3.8/site-packages/airflow/example_dags/example_setup_teardown_taskflow.py
[2024-03-23T00:08:14.383+0000] {processor.py:830} INFO - Processing file /home/airflow/.local/lib/python3.8/site-packages/airflow/example_dags/example_setup_teardown_taskflow.py for tasks to queue
[2024-03-23T00:08:14.385+0000] {logging_mixin.py:188} INFO - [2024-03-23T00:08:14.384+0000] {dagbag.py:540} INFO - Filling up the DagBag from /home/airflow/.local/lib/python3.8/site-packages/airflow/example_dags/example_setup_teardown_taskflow.py
[2024-03-23T00:08:14.397+0000] {processor.py:840} INFO - DAG(s) 'example_setup_teardown_taskflow' retrieved from /home/airflow/.local/lib/python3.8/site-packages/airflow/example_dags/example_setup_teardown_taskflow.py
[2024-03-23T00:08:14.426+0000] {logging_mixin.py:188} INFO - [2024-03-23T00:08:14.425+0000] {dag.py:3047} INFO - Sync 1 DAGs
[2024-03-23T00:08:14.452+0000] {logging_mixin.py:188} INFO - [2024-03-23T00:08:14.452+0000] {dag.py:3834} INFO - Setting next_dagrun for example_setup_teardown_taskflow to 2024-03-22 00:00:00+00:00, run_after=2024-03-23 00:00:00+00:00
[2024-03-23T00:08:14.474+0000] {processor.py:183} INFO - Processing /home/airflow/.local/lib/python3.8/site-packages/airflow/example_dags/example_setup_teardown_taskflow.py took 0.097 seconds
[2024-03-23T00:08:44.801+0000] {processor.py:161} INFO - Started process (PID=628) to work on /home/airflow/.local/lib/python3.8/site-packages/airflow/example_dags/example_setup_teardown_taskflow.py
[2024-03-23T00:08:44.802+0000] {processor.py:830} INFO - Processing file /home/airflow/.local/lib/python3.8/site-packages/airflow/example_dags/example_setup_teardown_taskflow.py for tasks to queue
[2024-03-23T00:08:44.804+0000] {logging_mixin.py:188} INFO - [2024-03-23T00:08:44.804+0000] {dagbag.py:540} INFO - Filling up the DagBag from /home/airflow/.local/lib/python3.8/site-packages/airflow/example_dags/example_setup_teardown_taskflow.py
[2024-03-23T00:08:44.816+0000] {processor.py:840} INFO - DAG(s) 'example_setup_teardown_taskflow' retrieved from /home/airflow/.local/lib/python3.8/site-packages/airflow/example_dags/example_setup_teardown_taskflow.py
[2024-03-23T00:08:44.841+0000] {logging_mixin.py:188} INFO - [2024-03-23T00:08:44.841+0000] {dag.py:3047} INFO - Sync 1 DAGs
[2024-03-23T00:08:44.865+0000] {logging_mixin.py:188} INFO - [2024-03-23T00:08:44.865+0000] {dag.py:3834} INFO - Setting next_dagrun for example_setup_teardown_taskflow to 2024-03-22 00:00:00+00:00, run_after=2024-03-23 00:00:00+00:00
[2024-03-23T00:08:44.884+0000] {processor.py:183} INFO - Processing /home/airflow/.local/lib/python3.8/site-packages/airflow/example_dags/example_setup_teardown_taskflow.py took 0.088 seconds
[2024-03-23T00:09:15.061+0000] {processor.py:161} INFO - Started process (PID=683) to work on /home/airflow/.local/lib/python3.8/site-packages/airflow/example_dags/example_setup_teardown_taskflow.py
[2024-03-23T00:09:15.063+0000] {processor.py:830} INFO - Processing file /home/airflow/.local/lib/python3.8/site-packages/airflow/example_dags/example_setup_teardown_taskflow.py for tasks to queue
[2024-03-23T00:09:15.065+0000] {logging_mixin.py:188} INFO - [2024-03-23T00:09:15.064+0000] {dagbag.py:540} INFO - Filling up the DagBag from /home/airflow/.local/lib/python3.8/site-packages/airflow/example_dags/example_setup_teardown_taskflow.py
[2024-03-23T00:09:15.077+0000] {processor.py:840} INFO - DAG(s) 'example_setup_teardown_taskflow' retrieved from /home/airflow/.local/lib/python3.8/site-packages/airflow/example_dags/example_setup_teardown_taskflow.py
[2024-03-23T00:09:15.104+0000] {logging_mixin.py:188} INFO - [2024-03-23T00:09:15.103+0000] {dag.py:3047} INFO - Sync 1 DAGs
[2024-03-23T00:09:15.129+0000] {logging_mixin.py:188} INFO - [2024-03-23T00:09:15.129+0000] {dag.py:3834} INFO - Setting next_dagrun for example_setup_teardown_taskflow to 2024-03-22 00:00:00+00:00, run_after=2024-03-23 00:00:00+00:00
[2024-03-23T00:09:15.149+0000] {processor.py:183} INFO - Processing /home/airflow/.local/lib/python3.8/site-packages/airflow/example_dags/example_setup_teardown_taskflow.py took 0.091 seconds
[2024-03-23T00:09:46.124+0000] {processor.py:161} INFO - Started process (PID=738) to work on /home/airflow/.local/lib/python3.8/site-packages/airflow/example_dags/example_setup_teardown_taskflow.py
[2024-03-23T00:09:46.125+0000] {processor.py:830} INFO - Processing file /home/airflow/.local/lib/python3.8/site-packages/airflow/example_dags/example_setup_teardown_taskflow.py for tasks to queue
[2024-03-23T00:09:46.127+0000] {logging_mixin.py:188} INFO - [2024-03-23T00:09:46.127+0000] {dagbag.py:540} INFO - Filling up the DagBag from /home/airflow/.local/lib/python3.8/site-packages/airflow/example_dags/example_setup_teardown_taskflow.py
[2024-03-23T00:09:46.138+0000] {processor.py:840} INFO - DAG(s) 'example_setup_teardown_taskflow' retrieved from /home/airflow/.local/lib/python3.8/site-packages/airflow/example_dags/example_setup_teardown_taskflow.py
[2024-03-23T00:09:46.164+0000] {logging_mixin.py:188} INFO - [2024-03-23T00:09:46.164+0000] {dag.py:3047} INFO - Sync 1 DAGs
[2024-03-23T00:09:46.190+0000] {logging_mixin.py:188} INFO - [2024-03-23T00:09:46.190+0000] {dag.py:3834} INFO - Setting next_dagrun for example_setup_teardown_taskflow to 2024-03-22 00:00:00+00:00, run_after=2024-03-23 00:00:00+00:00
[2024-03-23T00:09:46.213+0000] {processor.py:183} INFO - Processing /home/airflow/.local/lib/python3.8/site-packages/airflow/example_dags/example_setup_teardown_taskflow.py took 0.093 seconds
[2024-03-23T00:10:16.424+0000] {processor.py:161} INFO - Started process (PID=793) to work on /home/airflow/.local/lib/python3.8/site-packages/airflow/example_dags/example_setup_teardown_taskflow.py
[2024-03-23T00:10:16.425+0000] {processor.py:830} INFO - Processing file /home/airflow/.local/lib/python3.8/site-packages/airflow/example_dags/example_setup_teardown_taskflow.py for tasks to queue
[2024-03-23T00:10:16.427+0000] {logging_mixin.py:188} INFO - [2024-03-23T00:10:16.427+0000] {dagbag.py:540} INFO - Filling up the DagBag from /home/airflow/.local/lib/python3.8/site-packages/airflow/example_dags/example_setup_teardown_taskflow.py
[2024-03-23T00:10:16.441+0000] {processor.py:840} INFO - DAG(s) 'example_setup_teardown_taskflow' retrieved from /home/airflow/.local/lib/python3.8/site-packages/airflow/example_dags/example_setup_teardown_taskflow.py
[2024-03-23T00:10:16.473+0000] {logging_mixin.py:188} INFO - [2024-03-23T00:10:16.473+0000] {dag.py:3047} INFO - Sync 1 DAGs
[2024-03-23T00:10:16.508+0000] {logging_mixin.py:188} INFO - [2024-03-23T00:10:16.507+0000] {dag.py:3834} INFO - Setting next_dagrun for example_setup_teardown_taskflow to 2024-03-22 00:00:00+00:00, run_after=2024-03-23 00:00:00+00:00
[2024-03-23T00:10:16.536+0000] {processor.py:183} INFO - Processing /home/airflow/.local/lib/python3.8/site-packages/airflow/example_dags/example_setup_teardown_taskflow.py took 0.117 seconds
[2024-03-23T00:10:46.660+0000] {processor.py:161} INFO - Started process (PID=848) to work on /home/airflow/.local/lib/python3.8/site-packages/airflow/example_dags/example_setup_teardown_taskflow.py
[2024-03-23T00:10:46.661+0000] {processor.py:830} INFO - Processing file /home/airflow/.local/lib/python3.8/site-packages/airflow/example_dags/example_setup_teardown_taskflow.py for tasks to queue
[2024-03-23T00:10:46.664+0000] {logging_mixin.py:188} INFO - [2024-03-23T00:10:46.663+0000] {dagbag.py:540} INFO - Filling up the DagBag from /home/airflow/.local/lib/python3.8/site-packages/airflow/example_dags/example_setup_teardown_taskflow.py
[2024-03-23T00:10:46.675+0000] {processor.py:840} INFO - DAG(s) 'example_setup_teardown_taskflow' retrieved from /home/airflow/.local/lib/python3.8/site-packages/airflow/example_dags/example_setup_teardown_taskflow.py
[2024-03-23T00:10:46.701+0000] {logging_mixin.py:188} INFO - [2024-03-23T00:10:46.700+0000] {dag.py:3047} INFO - Sync 1 DAGs
[2024-03-23T00:10:46.725+0000] {logging_mixin.py:188} INFO - [2024-03-23T00:10:46.725+0000] {dag.py:3834} INFO - Setting next_dagrun for example_setup_teardown_taskflow to 2024-03-22 00:00:00+00:00, run_after=2024-03-23 00:00:00+00:00
[2024-03-23T00:10:46.745+0000] {processor.py:183} INFO - Processing /home/airflow/.local/lib/python3.8/site-packages/airflow/example_dags/example_setup_teardown_taskflow.py took 0.088 seconds
[2024-03-23T00:11:16.900+0000] {processor.py:161} INFO - Started process (PID=903) to work on /home/airflow/.local/lib/python3.8/site-packages/airflow/example_dags/example_setup_teardown_taskflow.py
[2024-03-23T00:11:16.901+0000] {processor.py:830} INFO - Processing file /home/airflow/.local/lib/python3.8/site-packages/airflow/example_dags/example_setup_teardown_taskflow.py for tasks to queue
[2024-03-23T00:11:16.904+0000] {logging_mixin.py:188} INFO - [2024-03-23T00:11:16.903+0000] {dagbag.py:540} INFO - Filling up the DagBag from /home/airflow/.local/lib/python3.8/site-packages/airflow/example_dags/example_setup_teardown_taskflow.py
[2024-03-23T00:11:16.915+0000] {processor.py:840} INFO - DAG(s) 'example_setup_teardown_taskflow' retrieved from /home/airflow/.local/lib/python3.8/site-packages/airflow/example_dags/example_setup_teardown_taskflow.py
[2024-03-23T00:11:16.941+0000] {logging_mixin.py:188} INFO - [2024-03-23T00:11:16.940+0000] {dag.py:3047} INFO - Sync 1 DAGs
[2024-03-23T00:11:16.965+0000] {logging_mixin.py:188} INFO - [2024-03-23T00:11:16.965+0000] {dag.py:3834} INFO - Setting next_dagrun for example_setup_teardown_taskflow to 2024-03-22 00:00:00+00:00, run_after=2024-03-23 00:00:00+00:00
[2024-03-23T00:11:16.985+0000] {processor.py:183} INFO - Processing /home/airflow/.local/lib/python3.8/site-packages/airflow/example_dags/example_setup_teardown_taskflow.py took 0.089 seconds
[2024-03-23T00:11:47.349+0000] {processor.py:161} INFO - Started process (PID=958) to work on /home/airflow/.local/lib/python3.8/site-packages/airflow/example_dags/example_setup_teardown_taskflow.py
[2024-03-23T00:11:47.350+0000] {processor.py:830} INFO - Processing file /home/airflow/.local/lib/python3.8/site-packages/airflow/example_dags/example_setup_teardown_taskflow.py for tasks to queue
[2024-03-23T00:11:47.352+0000] {logging_mixin.py:188} INFO - [2024-03-23T00:11:47.352+0000] {dagbag.py:540} INFO - Filling up the DagBag from /home/airflow/.local/lib/python3.8/site-packages/airflow/example_dags/example_setup_teardown_taskflow.py
[2024-03-23T00:11:47.365+0000] {processor.py:840} INFO - DAG(s) 'example_setup_teardown_taskflow' retrieved from /home/airflow/.local/lib/python3.8/site-packages/airflow/example_dags/example_setup_teardown_taskflow.py
[2024-03-23T00:11:47.391+0000] {logging_mixin.py:188} INFO - [2024-03-23T00:11:47.390+0000] {dag.py:3047} INFO - Sync 1 DAGs
[2024-03-23T00:11:47.416+0000] {logging_mixin.py:188} INFO - [2024-03-23T00:11:47.416+0000] {dag.py:3834} INFO - Setting next_dagrun for example_setup_teardown_taskflow to 2024-03-22 00:00:00+00:00, run_after=2024-03-23 00:00:00+00:00
[2024-03-23T00:11:47.435+0000] {processor.py:183} INFO - Processing /home/airflow/.local/lib/python3.8/site-packages/airflow/example_dags/example_setup_teardown_taskflow.py took 0.090 seconds
[2024-03-23T00:12:17.835+0000] {processor.py:161} INFO - Started process (PID=1013) to work on /home/airflow/.local/lib/python3.8/site-packages/airflow/example_dags/example_setup_teardown_taskflow.py
[2024-03-23T00:12:17.836+0000] {processor.py:830} INFO - Processing file /home/airflow/.local/lib/python3.8/site-packages/airflow/example_dags/example_setup_teardown_taskflow.py for tasks to queue
[2024-03-23T00:12:17.838+0000] {logging_mixin.py:188} INFO - [2024-03-23T00:12:17.838+0000] {dagbag.py:540} INFO - Filling up the DagBag from /home/airflow/.local/lib/python3.8/site-packages/airflow/example_dags/example_setup_teardown_taskflow.py
[2024-03-23T00:12:17.850+0000] {processor.py:840} INFO - DAG(s) 'example_setup_teardown_taskflow' retrieved from /home/airflow/.local/lib/python3.8/site-packages/airflow/example_dags/example_setup_teardown_taskflow.py
[2024-03-23T00:12:17.875+0000] {logging_mixin.py:188} INFO - [2024-03-23T00:12:17.875+0000] {dag.py:3047} INFO - Sync 1 DAGs
[2024-03-23T00:12:17.899+0000] {logging_mixin.py:188} INFO - [2024-03-23T00:12:17.899+0000] {dag.py:3834} INFO - Setting next_dagrun for example_setup_teardown_taskflow to 2024-03-22 00:00:00+00:00, run_after=2024-03-23 00:00:00+00:00
[2024-03-23T00:12:17.922+0000] {processor.py:183} INFO - Processing /home/airflow/.local/lib/python3.8/site-packages/airflow/example_dags/example_setup_teardown_taskflow.py took 0.091 seconds
[2024-03-23T00:12:48.321+0000] {processor.py:161} INFO - Started process (PID=1068) to work on /home/airflow/.local/lib/python3.8/site-packages/airflow/example_dags/example_setup_teardown_taskflow.py
[2024-03-23T00:12:48.322+0000] {processor.py:830} INFO - Processing file /home/airflow/.local/lib/python3.8/site-packages/airflow/example_dags/example_setup_teardown_taskflow.py for tasks to queue
[2024-03-23T00:12:48.324+0000] {logging_mixin.py:188} INFO - [2024-03-23T00:12:48.324+0000] {dagbag.py:540} INFO - Filling up the DagBag from /home/airflow/.local/lib/python3.8/site-packages/airflow/example_dags/example_setup_teardown_taskflow.py
[2024-03-23T00:12:48.335+0000] {processor.py:840} INFO - DAG(s) 'example_setup_teardown_taskflow' retrieved from /home/airflow/.local/lib/python3.8/site-packages/airflow/example_dags/example_setup_teardown_taskflow.py
[2024-03-23T00:12:48.360+0000] {logging_mixin.py:188} INFO - [2024-03-23T00:12:48.360+0000] {dag.py:3047} INFO - Sync 1 DAGs
[2024-03-23T00:12:48.385+0000] {logging_mixin.py:188} INFO - [2024-03-23T00:12:48.385+0000] {dag.py:3834} INFO - Setting next_dagrun for example_setup_teardown_taskflow to 2024-03-22 00:00:00+00:00, run_after=2024-03-23 00:00:00+00:00
[2024-03-23T00:12:48.404+0000] {processor.py:183} INFO - Processing /home/airflow/.local/lib/python3.8/site-packages/airflow/example_dags/example_setup_teardown_taskflow.py took 0.087 seconds
[2024-03-23T00:13:18.605+0000] {processor.py:161} INFO - Started process (PID=1123) to work on /home/airflow/.local/lib/python3.8/site-packages/airflow/example_dags/example_setup_teardown_taskflow.py
[2024-03-23T00:13:18.606+0000] {processor.py:830} INFO - Processing file /home/airflow/.local/lib/python3.8/site-packages/airflow/example_dags/example_setup_teardown_taskflow.py for tasks to queue
[2024-03-23T00:13:18.608+0000] {logging_mixin.py:188} INFO - [2024-03-23T00:13:18.608+0000] {dagbag.py:540} INFO - Filling up the DagBag from /home/airflow/.local/lib/python3.8/site-packages/airflow/example_dags/example_setup_teardown_taskflow.py
[2024-03-23T00:13:18.620+0000] {processor.py:840} INFO - DAG(s) 'example_setup_teardown_taskflow' retrieved from /home/airflow/.local/lib/python3.8/site-packages/airflow/example_dags/example_setup_teardown_taskflow.py
[2024-03-23T00:13:18.646+0000] {logging_mixin.py:188} INFO - [2024-03-23T00:13:18.646+0000] {dag.py:3047} INFO - Sync 1 DAGs
[2024-03-23T00:13:18.672+0000] {logging_mixin.py:188} INFO - [2024-03-23T00:13:18.672+0000] {dag.py:3834} INFO - Setting next_dagrun for example_setup_teardown_taskflow to 2024-03-22 00:00:00+00:00, run_after=2024-03-23 00:00:00+00:00
[2024-03-23T00:13:18.692+0000] {processor.py:183} INFO - Processing /home/airflow/.local/lib/python3.8/site-packages/airflow/example_dags/example_setup_teardown_taskflow.py took 0.091 seconds
[2024-03-23T00:13:49.089+0000] {processor.py:161} INFO - Started process (PID=1178) to work on /home/airflow/.local/lib/python3.8/site-packages/airflow/example_dags/example_setup_teardown_taskflow.py
[2024-03-23T00:13:49.090+0000] {processor.py:830} INFO - Processing file /home/airflow/.local/lib/python3.8/site-packages/airflow/example_dags/example_setup_teardown_taskflow.py for tasks to queue
[2024-03-23T00:13:49.092+0000] {logging_mixin.py:188} INFO - [2024-03-23T00:13:49.092+0000] {dagbag.py:540} INFO - Filling up the DagBag from /home/airflow/.local/lib/python3.8/site-packages/airflow/example_dags/example_setup_teardown_taskflow.py
[2024-03-23T00:13:49.104+0000] {processor.py:840} INFO - DAG(s) 'example_setup_teardown_taskflow' retrieved from /home/airflow/.local/lib/python3.8/site-packages/airflow/example_dags/example_setup_teardown_taskflow.py
[2024-03-23T00:13:49.128+0000] {logging_mixin.py:188} INFO - [2024-03-23T00:13:49.127+0000] {dag.py:3047} INFO - Sync 1 DAGs
[2024-03-23T00:13:49.152+0000] {logging_mixin.py:188} INFO - [2024-03-23T00:13:49.152+0000] {dag.py:3834} INFO - Setting next_dagrun for example_setup_teardown_taskflow to 2024-03-22 00:00:00+00:00, run_after=2024-03-23 00:00:00+00:00
[2024-03-23T00:13:49.172+0000] {processor.py:183} INFO - Processing /home/airflow/.local/lib/python3.8/site-packages/airflow/example_dags/example_setup_teardown_taskflow.py took 0.087 seconds
[2024-03-23T00:14:19.660+0000] {processor.py:161} INFO - Started process (PID=1239) to work on /home/airflow/.local/lib/python3.8/site-packages/airflow/example_dags/example_setup_teardown_taskflow.py
[2024-03-23T00:14:19.661+0000] {processor.py:830} INFO - Processing file /home/airflow/.local/lib/python3.8/site-packages/airflow/example_dags/example_setup_teardown_taskflow.py for tasks to queue
[2024-03-23T00:14:19.663+0000] {logging_mixin.py:188} INFO - [2024-03-23T00:14:19.663+0000] {dagbag.py:540} INFO - Filling up the DagBag from /home/airflow/.local/lib/python3.8/site-packages/airflow/example_dags/example_setup_teardown_taskflow.py
[2024-03-23T00:14:19.675+0000] {processor.py:840} INFO - DAG(s) 'example_setup_teardown_taskflow' retrieved from /home/airflow/.local/lib/python3.8/site-packages/airflow/example_dags/example_setup_teardown_taskflow.py
[2024-03-23T00:14:19.699+0000] {logging_mixin.py:188} INFO - [2024-03-23T00:14:19.699+0000] {dag.py:3047} INFO - Sync 1 DAGs
[2024-03-23T00:14:19.724+0000] {logging_mixin.py:188} INFO - [2024-03-23T00:14:19.724+0000] {dag.py:3834} INFO - Setting next_dagrun for example_setup_teardown_taskflow to 2024-03-22 00:00:00+00:00, run_after=2024-03-23 00:00:00+00:00
[2024-03-23T00:14:19.743+0000] {processor.py:183} INFO - Processing /home/airflow/.local/lib/python3.8/site-packages/airflow/example_dags/example_setup_teardown_taskflow.py took 0.087 seconds
[2024-03-23T00:14:50.110+0000] {processor.py:161} INFO - Started process (PID=1294) to work on /home/airflow/.local/lib/python3.8/site-packages/airflow/example_dags/example_setup_teardown_taskflow.py
[2024-03-23T00:14:50.111+0000] {processor.py:830} INFO - Processing file /home/airflow/.local/lib/python3.8/site-packages/airflow/example_dags/example_setup_teardown_taskflow.py for tasks to queue
[2024-03-23T00:14:50.113+0000] {logging_mixin.py:188} INFO - [2024-03-23T00:14:50.113+0000] {dagbag.py:540} INFO - Filling up the DagBag from /home/airflow/.local/lib/python3.8/site-packages/airflow/example_dags/example_setup_teardown_taskflow.py
[2024-03-23T00:14:50.125+0000] {processor.py:840} INFO - DAG(s) 'example_setup_teardown_taskflow' retrieved from /home/airflow/.local/lib/python3.8/site-packages/airflow/example_dags/example_setup_teardown_taskflow.py
[2024-03-23T00:14:50.150+0000] {logging_mixin.py:188} INFO - [2024-03-23T00:14:50.150+0000] {dag.py:3047} INFO - Sync 1 DAGs
[2024-03-23T00:14:50.175+0000] {logging_mixin.py:188} INFO - [2024-03-23T00:14:50.174+0000] {dag.py:3834} INFO - Setting next_dagrun for example_setup_teardown_taskflow to 2024-03-22 00:00:00+00:00, run_after=2024-03-23 00:00:00+00:00
[2024-03-23T00:14:50.194+0000] {processor.py:183} INFO - Processing /home/airflow/.local/lib/python3.8/site-packages/airflow/example_dags/example_setup_teardown_taskflow.py took 0.089 seconds
[2024-03-23T00:15:20.410+0000] {processor.py:161} INFO - Started process (PID=1349) to work on /home/airflow/.local/lib/python3.8/site-packages/airflow/example_dags/example_setup_teardown_taskflow.py
[2024-03-23T00:15:20.411+0000] {processor.py:830} INFO - Processing file /home/airflow/.local/lib/python3.8/site-packages/airflow/example_dags/example_setup_teardown_taskflow.py for tasks to queue
[2024-03-23T00:15:20.413+0000] {logging_mixin.py:188} INFO - [2024-03-23T00:15:20.413+0000] {dagbag.py:540} INFO - Filling up the DagBag from /home/airflow/.local/lib/python3.8/site-packages/airflow/example_dags/example_setup_teardown_taskflow.py
[2024-03-23T00:15:20.425+0000] {processor.py:840} INFO - DAG(s) 'example_setup_teardown_taskflow' retrieved from /home/airflow/.local/lib/python3.8/site-packages/airflow/example_dags/example_setup_teardown_taskflow.py
[2024-03-23T00:15:20.450+0000] {logging_mixin.py:188} INFO - [2024-03-23T00:15:20.450+0000] {dag.py:3047} INFO - Sync 1 DAGs
[2024-03-23T00:15:20.475+0000] {logging_mixin.py:188} INFO - [2024-03-23T00:15:20.474+0000] {dag.py:3834} INFO - Setting next_dagrun for example_setup_teardown_taskflow to 2024-03-22 00:00:00+00:00, run_after=2024-03-23 00:00:00+00:00
[2024-03-23T00:15:20.494+0000] {processor.py:183} INFO - Processing /home/airflow/.local/lib/python3.8/site-packages/airflow/example_dags/example_setup_teardown_taskflow.py took 0.088 seconds
[2024-03-23T00:15:50.971+0000] {processor.py:161} INFO - Started process (PID=1404) to work on /home/airflow/.local/lib/python3.8/site-packages/airflow/example_dags/example_setup_teardown_taskflow.py
[2024-03-23T00:15:50.972+0000] {processor.py:830} INFO - Processing file /home/airflow/.local/lib/python3.8/site-packages/airflow/example_dags/example_setup_teardown_taskflow.py for tasks to queue
[2024-03-23T00:15:50.974+0000] {logging_mixin.py:188} INFO - [2024-03-23T00:15:50.973+0000] {dagbag.py:540} INFO - Filling up the DagBag from /home/airflow/.local/lib/python3.8/site-packages/airflow/example_dags/example_setup_teardown_taskflow.py
[2024-03-23T00:15:50.986+0000] {processor.py:840} INFO - DAG(s) 'example_setup_teardown_taskflow' retrieved from /home/airflow/.local/lib/python3.8/site-packages/airflow/example_dags/example_setup_teardown_taskflow.py
[2024-03-23T00:15:51.013+0000] {logging_mixin.py:188} INFO - [2024-03-23T00:15:51.012+0000] {dag.py:3047} INFO - Sync 1 DAGs
[2024-03-23T00:15:51.038+0000] {logging_mixin.py:188} INFO - [2024-03-23T00:15:51.037+0000] {dag.py:3834} INFO - Setting next_dagrun for example_setup_teardown_taskflow to 2024-03-22 00:00:00+00:00, run_after=2024-03-23 00:00:00+00:00
[2024-03-23T00:15:51.057+0000] {processor.py:183} INFO - Processing /home/airflow/.local/lib/python3.8/site-packages/airflow/example_dags/example_setup_teardown_taskflow.py took 0.091 seconds
[2024-03-23T00:16:21.206+0000] {processor.py:161} INFO - Started process (PID=1459) to work on /home/airflow/.local/lib/python3.8/site-packages/airflow/example_dags/example_setup_teardown_taskflow.py
[2024-03-23T00:16:21.208+0000] {processor.py:830} INFO - Processing file /home/airflow/.local/lib/python3.8/site-packages/airflow/example_dags/example_setup_teardown_taskflow.py for tasks to queue
[2024-03-23T00:16:21.210+0000] {logging_mixin.py:188} INFO - [2024-03-23T00:16:21.209+0000] {dagbag.py:540} INFO - Filling up the DagBag from /home/airflow/.local/lib/python3.8/site-packages/airflow/example_dags/example_setup_teardown_taskflow.py
[2024-03-23T00:16:21.221+0000] {processor.py:840} INFO - DAG(s) 'example_setup_teardown_taskflow' retrieved from /home/airflow/.local/lib/python3.8/site-packages/airflow/example_dags/example_setup_teardown_taskflow.py
[2024-03-23T00:16:21.246+0000] {logging_mixin.py:188} INFO - [2024-03-23T00:16:21.246+0000] {dag.py:3047} INFO - Sync 1 DAGs
[2024-03-23T00:16:21.271+0000] {logging_mixin.py:188} INFO - [2024-03-23T00:16:21.271+0000] {dag.py:3834} INFO - Setting next_dagrun for example_setup_teardown_taskflow to 2024-03-22 00:00:00+00:00, run_after=2024-03-23 00:00:00+00:00
[2024-03-23T00:16:21.291+0000] {processor.py:183} INFO - Processing /home/airflow/.local/lib/python3.8/site-packages/airflow/example_dags/example_setup_teardown_taskflow.py took 0.090 seconds
[2024-03-23T00:16:51.493+0000] {processor.py:161} INFO - Started process (PID=1514) to work on /home/airflow/.local/lib/python3.8/site-packages/airflow/example_dags/example_setup_teardown_taskflow.py
[2024-03-23T00:16:51.494+0000] {processor.py:830} INFO - Processing file /home/airflow/.local/lib/python3.8/site-packages/airflow/example_dags/example_setup_teardown_taskflow.py for tasks to queue
[2024-03-23T00:16:51.497+0000] {logging_mixin.py:188} INFO - [2024-03-23T00:16:51.496+0000] {dagbag.py:540} INFO - Filling up the DagBag from /home/airflow/.local/lib/python3.8/site-packages/airflow/example_dags/example_setup_teardown_taskflow.py
[2024-03-23T00:16:51.512+0000] {processor.py:840} INFO - DAG(s) 'example_setup_teardown_taskflow' retrieved from /home/airflow/.local/lib/python3.8/site-packages/airflow/example_dags/example_setup_teardown_taskflow.py
[2024-03-23T00:16:51.539+0000] {logging_mixin.py:188} INFO - [2024-03-23T00:16:51.539+0000] {dag.py:3047} INFO - Sync 1 DAGs
[2024-03-23T00:16:51.565+0000] {logging_mixin.py:188} INFO - [2024-03-23T00:16:51.565+0000] {dag.py:3834} INFO - Setting next_dagrun for example_setup_teardown_taskflow to 2024-03-22 00:00:00+00:00, run_after=2024-03-23 00:00:00+00:00
[2024-03-23T00:16:51.587+0000] {processor.py:183} INFO - Processing /home/airflow/.local/lib/python3.8/site-packages/airflow/example_dags/example_setup_teardown_taskflow.py took 0.098 seconds
[2024-03-23T00:17:21.882+0000] {processor.py:161} INFO - Started process (PID=1569) to work on /home/airflow/.local/lib/python3.8/site-packages/airflow/example_dags/example_setup_teardown_taskflow.py
[2024-03-23T00:17:21.884+0000] {processor.py:830} INFO - Processing file /home/airflow/.local/lib/python3.8/site-packages/airflow/example_dags/example_setup_teardown_taskflow.py for tasks to queue
[2024-03-23T00:17:21.886+0000] {logging_mixin.py:188} INFO - [2024-03-23T00:17:21.886+0000] {dagbag.py:540} INFO - Filling up the DagBag from /home/airflow/.local/lib/python3.8/site-packages/airflow/example_dags/example_setup_teardown_taskflow.py
[2024-03-23T00:17:21.899+0000] {processor.py:840} INFO - DAG(s) 'example_setup_teardown_taskflow' retrieved from /home/airflow/.local/lib/python3.8/site-packages/airflow/example_dags/example_setup_teardown_taskflow.py
[2024-03-23T00:17:21.927+0000] {logging_mixin.py:188} INFO - [2024-03-23T00:17:21.927+0000] {dag.py:3047} INFO - Sync 1 DAGs
[2024-03-23T00:17:21.955+0000] {logging_mixin.py:188} INFO - [2024-03-23T00:17:21.955+0000] {dag.py:3834} INFO - Setting next_dagrun for example_setup_teardown_taskflow to 2024-03-22 00:00:00+00:00, run_after=2024-03-23 00:00:00+00:00
[2024-03-23T00:17:21.975+0000] {processor.py:183} INFO - Processing /home/airflow/.local/lib/python3.8/site-packages/airflow/example_dags/example_setup_teardown_taskflow.py took 0.098 seconds
[2024-03-23T00:17:52.383+0000] {processor.py:161} INFO - Started process (PID=1624) to work on /home/airflow/.local/lib/python3.8/site-packages/airflow/example_dags/example_setup_teardown_taskflow.py
[2024-03-23T00:17:52.385+0000] {processor.py:830} INFO - Processing file /home/airflow/.local/lib/python3.8/site-packages/airflow/example_dags/example_setup_teardown_taskflow.py for tasks to queue
[2024-03-23T00:17:52.387+0000] {logging_mixin.py:188} INFO - [2024-03-23T00:17:52.386+0000] {dagbag.py:540} INFO - Filling up the DagBag from /home/airflow/.local/lib/python3.8/site-packages/airflow/example_dags/example_setup_teardown_taskflow.py
[2024-03-23T00:17:52.398+0000] {processor.py:840} INFO - DAG(s) 'example_setup_teardown_taskflow' retrieved from /home/airflow/.local/lib/python3.8/site-packages/airflow/example_dags/example_setup_teardown_taskflow.py
[2024-03-23T00:17:52.424+0000] {logging_mixin.py:188} INFO - [2024-03-23T00:17:52.423+0000] {dag.py:3047} INFO - Sync 1 DAGs
[2024-03-23T00:17:52.449+0000] {logging_mixin.py:188} INFO - [2024-03-23T00:17:52.448+0000] {dag.py:3834} INFO - Setting next_dagrun for example_setup_teardown_taskflow to 2024-03-22 00:00:00+00:00, run_after=2024-03-23 00:00:00+00:00
[2024-03-23T00:17:52.471+0000] {processor.py:183} INFO - Processing /home/airflow/.local/lib/python3.8/site-packages/airflow/example_dags/example_setup_teardown_taskflow.py took 0.092 seconds
[2024-03-23T00:18:22.650+0000] {processor.py:161} INFO - Started process (PID=1679) to work on /home/airflow/.local/lib/python3.8/site-packages/airflow/example_dags/example_setup_teardown_taskflow.py
[2024-03-23T00:18:22.651+0000] {processor.py:830} INFO - Processing file /home/airflow/.local/lib/python3.8/site-packages/airflow/example_dags/example_setup_teardown_taskflow.py for tasks to queue
[2024-03-23T00:18:22.653+0000] {logging_mixin.py:188} INFO - [2024-03-23T00:18:22.653+0000] {dagbag.py:540} INFO - Filling up the DagBag from /home/airflow/.local/lib/python3.8/site-packages/airflow/example_dags/example_setup_teardown_taskflow.py
[2024-03-23T00:18:22.665+0000] {processor.py:840} INFO - DAG(s) 'example_setup_teardown_taskflow' retrieved from /home/airflow/.local/lib/python3.8/site-packages/airflow/example_dags/example_setup_teardown_taskflow.py
[2024-03-23T00:18:22.690+0000] {logging_mixin.py:188} INFO - [2024-03-23T00:18:22.690+0000] {dag.py:3047} INFO - Sync 1 DAGs
[2024-03-23T00:18:22.719+0000] {logging_mixin.py:188} INFO - [2024-03-23T00:18:22.718+0000] {dag.py:3834} INFO - Setting next_dagrun for example_setup_teardown_taskflow to 2024-03-22 00:00:00+00:00, run_after=2024-03-23 00:00:00+00:00
[2024-03-23T00:18:22.740+0000] {processor.py:183} INFO - Processing /home/airflow/.local/lib/python3.8/site-packages/airflow/example_dags/example_setup_teardown_taskflow.py took 0.094 seconds
[2024-03-23T00:18:53.089+0000] {processor.py:161} INFO - Started process (PID=1733) to work on /home/airflow/.local/lib/python3.8/site-packages/airflow/example_dags/example_setup_teardown_taskflow.py
[2024-03-23T00:18:53.090+0000] {processor.py:830} INFO - Processing file /home/airflow/.local/lib/python3.8/site-packages/airflow/example_dags/example_setup_teardown_taskflow.py for tasks to queue
[2024-03-23T00:18:53.093+0000] {logging_mixin.py:188} INFO - [2024-03-23T00:18:53.093+0000] {dagbag.py:540} INFO - Filling up the DagBag from /home/airflow/.local/lib/python3.8/site-packages/airflow/example_dags/example_setup_teardown_taskflow.py
[2024-03-23T00:18:53.105+0000] {processor.py:840} INFO - DAG(s) 'example_setup_teardown_taskflow' retrieved from /home/airflow/.local/lib/python3.8/site-packages/airflow/example_dags/example_setup_teardown_taskflow.py
[2024-03-23T00:18:53.131+0000] {logging_mixin.py:188} INFO - [2024-03-23T00:18:53.131+0000] {dag.py:3047} INFO - Sync 1 DAGs
[2024-03-23T00:18:53.158+0000] {logging_mixin.py:188} INFO - [2024-03-23T00:18:53.157+0000] {dag.py:3834} INFO - Setting next_dagrun for example_setup_teardown_taskflow to 2024-03-22 00:00:00+00:00, run_after=2024-03-23 00:00:00+00:00
[2024-03-23T00:18:53.178+0000] {processor.py:183} INFO - Processing /home/airflow/.local/lib/python3.8/site-packages/airflow/example_dags/example_setup_teardown_taskflow.py took 0.094 seconds
[2024-03-23T00:19:23.583+0000] {processor.py:161} INFO - Started process (PID=1789) to work on /home/airflow/.local/lib/python3.8/site-packages/airflow/example_dags/example_setup_teardown_taskflow.py
[2024-03-23T00:19:23.584+0000] {processor.py:830} INFO - Processing file /home/airflow/.local/lib/python3.8/site-packages/airflow/example_dags/example_setup_teardown_taskflow.py for tasks to queue
[2024-03-23T00:19:23.586+0000] {logging_mixin.py:188} INFO - [2024-03-23T00:19:23.586+0000] {dagbag.py:540} INFO - Filling up the DagBag from /home/airflow/.local/lib/python3.8/site-packages/airflow/example_dags/example_setup_teardown_taskflow.py
[2024-03-23T00:19:23.599+0000] {processor.py:840} INFO - DAG(s) 'example_setup_teardown_taskflow' retrieved from /home/airflow/.local/lib/python3.8/site-packages/airflow/example_dags/example_setup_teardown_taskflow.py
[2024-03-23T00:19:23.625+0000] {logging_mixin.py:188} INFO - [2024-03-23T00:19:23.625+0000] {dag.py:3047} INFO - Sync 1 DAGs
[2024-03-23T00:19:23.652+0000] {logging_mixin.py:188} INFO - [2024-03-23T00:19:23.651+0000] {dag.py:3834} INFO - Setting next_dagrun for example_setup_teardown_taskflow to 2024-03-22 00:00:00+00:00, run_after=2024-03-23 00:00:00+00:00
[2024-03-23T00:19:23.672+0000] {processor.py:183} INFO - Processing /home/airflow/.local/lib/python3.8/site-packages/airflow/example_dags/example_setup_teardown_taskflow.py took 0.093 seconds
[2024-03-23T00:19:54.263+0000] {processor.py:161} INFO - Started process (PID=1844) to work on /home/airflow/.local/lib/python3.8/site-packages/airflow/example_dags/example_setup_teardown_taskflow.py
[2024-03-23T00:19:54.264+0000] {processor.py:830} INFO - Processing file /home/airflow/.local/lib/python3.8/site-packages/airflow/example_dags/example_setup_teardown_taskflow.py for tasks to queue
[2024-03-23T00:19:54.266+0000] {logging_mixin.py:188} INFO - [2024-03-23T00:19:54.266+0000] {dagbag.py:540} INFO - Filling up the DagBag from /home/airflow/.local/lib/python3.8/site-packages/airflow/example_dags/example_setup_teardown_taskflow.py
[2024-03-23T00:19:54.278+0000] {processor.py:840} INFO - DAG(s) 'example_setup_teardown_taskflow' retrieved from /home/airflow/.local/lib/python3.8/site-packages/airflow/example_dags/example_setup_teardown_taskflow.py
[2024-03-23T00:19:54.303+0000] {logging_mixin.py:188} INFO - [2024-03-23T00:19:54.303+0000] {dag.py:3047} INFO - Sync 1 DAGs
[2024-03-23T00:19:54.330+0000] {logging_mixin.py:188} INFO - [2024-03-23T00:19:54.330+0000] {dag.py:3834} INFO - Setting next_dagrun for example_setup_teardown_taskflow to 2024-03-22 00:00:00+00:00, run_after=2024-03-23 00:00:00+00:00
[2024-03-23T00:19:54.349+0000] {processor.py:183} INFO - Processing /home/airflow/.local/lib/python3.8/site-packages/airflow/example_dags/example_setup_teardown_taskflow.py took 0.090 seconds
[2024-03-23T00:20:24.705+0000] {processor.py:161} INFO - Started process (PID=1899) to work on /home/airflow/.local/lib/python3.8/site-packages/airflow/example_dags/example_setup_teardown_taskflow.py
[2024-03-23T00:20:24.706+0000] {processor.py:830} INFO - Processing file /home/airflow/.local/lib/python3.8/site-packages/airflow/example_dags/example_setup_teardown_taskflow.py for tasks to queue
[2024-03-23T00:20:24.708+0000] {logging_mixin.py:188} INFO - [2024-03-23T00:20:24.708+0000] {dagbag.py:540} INFO - Filling up the DagBag from /home/airflow/.local/lib/python3.8/site-packages/airflow/example_dags/example_setup_teardown_taskflow.py
[2024-03-23T00:20:24.720+0000] {processor.py:840} INFO - DAG(s) 'example_setup_teardown_taskflow' retrieved from /home/airflow/.local/lib/python3.8/site-packages/airflow/example_dags/example_setup_teardown_taskflow.py
[2024-03-23T00:20:24.746+0000] {logging_mixin.py:188} INFO - [2024-03-23T00:20:24.745+0000] {dag.py:3047} INFO - Sync 1 DAGs
[2024-03-23T00:20:24.770+0000] {logging_mixin.py:188} INFO - [2024-03-23T00:20:24.770+0000] {dag.py:3834} INFO - Setting next_dagrun for example_setup_teardown_taskflow to 2024-03-22 00:00:00+00:00, run_after=2024-03-23 00:00:00+00:00
[2024-03-23T00:20:24.790+0000] {processor.py:183} INFO - Processing /home/airflow/.local/lib/python3.8/site-packages/airflow/example_dags/example_setup_teardown_taskflow.py took 0.089 seconds
[2024-03-23T00:20:55.314+0000] {processor.py:161} INFO - Started process (PID=1954) to work on /home/airflow/.local/lib/python3.8/site-packages/airflow/example_dags/example_setup_teardown_taskflow.py
[2024-03-23T00:20:55.315+0000] {processor.py:830} INFO - Processing file /home/airflow/.local/lib/python3.8/site-packages/airflow/example_dags/example_setup_teardown_taskflow.py for tasks to queue
[2024-03-23T00:20:55.318+0000] {logging_mixin.py:188} INFO - [2024-03-23T00:20:55.317+0000] {dagbag.py:540} INFO - Filling up the DagBag from /home/airflow/.local/lib/python3.8/site-packages/airflow/example_dags/example_setup_teardown_taskflow.py
[2024-03-23T00:20:55.330+0000] {processor.py:840} INFO - DAG(s) 'example_setup_teardown_taskflow' retrieved from /home/airflow/.local/lib/python3.8/site-packages/airflow/example_dags/example_setup_teardown_taskflow.py
[2024-03-23T00:20:55.359+0000] {logging_mixin.py:188} INFO - [2024-03-23T00:20:55.359+0000] {dag.py:3047} INFO - Sync 1 DAGs
[2024-03-23T00:20:55.385+0000] {logging_mixin.py:188} INFO - [2024-03-23T00:20:55.385+0000] {dag.py:3834} INFO - Setting next_dagrun for example_setup_teardown_taskflow to 2024-03-22 00:00:00+00:00, run_after=2024-03-23 00:00:00+00:00
[2024-03-23T00:20:55.405+0000] {processor.py:183} INFO - Processing /home/airflow/.local/lib/python3.8/site-packages/airflow/example_dags/example_setup_teardown_taskflow.py took 0.094 seconds
[2024-03-23T00:21:25.688+0000] {processor.py:161} INFO - Started process (PID=2009) to work on /home/airflow/.local/lib/python3.8/site-packages/airflow/example_dags/example_setup_teardown_taskflow.py
[2024-03-23T00:21:25.689+0000] {processor.py:830} INFO - Processing file /home/airflow/.local/lib/python3.8/site-packages/airflow/example_dags/example_setup_teardown_taskflow.py for tasks to queue
[2024-03-23T00:21:25.691+0000] {logging_mixin.py:188} INFO - [2024-03-23T00:21:25.691+0000] {dagbag.py:540} INFO - Filling up the DagBag from /home/airflow/.local/lib/python3.8/site-packages/airflow/example_dags/example_setup_teardown_taskflow.py
[2024-03-23T00:21:25.703+0000] {processor.py:840} INFO - DAG(s) 'example_setup_teardown_taskflow' retrieved from /home/airflow/.local/lib/python3.8/site-packages/airflow/example_dags/example_setup_teardown_taskflow.py
[2024-03-23T00:21:25.730+0000] {logging_mixin.py:188} INFO - [2024-03-23T00:21:25.730+0000] {dag.py:3047} INFO - Sync 1 DAGs
[2024-03-23T00:21:25.756+0000] {logging_mixin.py:188} INFO - [2024-03-23T00:21:25.756+0000] {dag.py:3834} INFO - Setting next_dagrun for example_setup_teardown_taskflow to 2024-03-22 00:00:00+00:00, run_after=2024-03-23 00:00:00+00:00
[2024-03-23T00:21:25.776+0000] {processor.py:183} INFO - Processing /home/airflow/.local/lib/python3.8/site-packages/airflow/example_dags/example_setup_teardown_taskflow.py took 0.092 seconds
[2024-03-23T00:21:56.649+0000] {processor.py:161} INFO - Started process (PID=2064) to work on /home/airflow/.local/lib/python3.8/site-packages/airflow/example_dags/example_setup_teardown_taskflow.py
[2024-03-23T00:21:56.650+0000] {processor.py:830} INFO - Processing file /home/airflow/.local/lib/python3.8/site-packages/airflow/example_dags/example_setup_teardown_taskflow.py for tasks to queue
[2024-03-23T00:21:56.652+0000] {logging_mixin.py:188} INFO - [2024-03-23T00:21:56.652+0000] {dagbag.py:540} INFO - Filling up the DagBag from /home/airflow/.local/lib/python3.8/site-packages/airflow/example_dags/example_setup_teardown_taskflow.py
[2024-03-23T00:21:56.664+0000] {processor.py:840} INFO - DAG(s) 'example_setup_teardown_taskflow' retrieved from /home/airflow/.local/lib/python3.8/site-packages/airflow/example_dags/example_setup_teardown_taskflow.py
[2024-03-23T00:21:56.688+0000] {logging_mixin.py:188} INFO - [2024-03-23T00:21:56.688+0000] {dag.py:3047} INFO - Sync 1 DAGs
[2024-03-23T00:21:56.714+0000] {logging_mixin.py:188} INFO - [2024-03-23T00:21:56.713+0000] {dag.py:3834} INFO - Setting next_dagrun for example_setup_teardown_taskflow to 2024-03-22 00:00:00+00:00, run_after=2024-03-23 00:00:00+00:00
[2024-03-23T00:21:56.734+0000] {processor.py:183} INFO - Processing /home/airflow/.local/lib/python3.8/site-packages/airflow/example_dags/example_setup_teardown_taskflow.py took 0.089 seconds
[2024-03-23T00:22:27.087+0000] {processor.py:161} INFO - Started process (PID=2119) to work on /home/airflow/.local/lib/python3.8/site-packages/airflow/example_dags/example_setup_teardown_taskflow.py
[2024-03-23T00:22:27.089+0000] {processor.py:830} INFO - Processing file /home/airflow/.local/lib/python3.8/site-packages/airflow/example_dags/example_setup_teardown_taskflow.py for tasks to queue
[2024-03-23T00:22:27.091+0000] {logging_mixin.py:188} INFO - [2024-03-23T00:22:27.091+0000] {dagbag.py:540} INFO - Filling up the DagBag from /home/airflow/.local/lib/python3.8/site-packages/airflow/example_dags/example_setup_teardown_taskflow.py
[2024-03-23T00:22:27.103+0000] {processor.py:840} INFO - DAG(s) 'example_setup_teardown_taskflow' retrieved from /home/airflow/.local/lib/python3.8/site-packages/airflow/example_dags/example_setup_teardown_taskflow.py
[2024-03-23T00:22:27.130+0000] {logging_mixin.py:188} INFO - [2024-03-23T00:22:27.129+0000] {dag.py:3047} INFO - Sync 1 DAGs
[2024-03-23T00:22:27.157+0000] {logging_mixin.py:188} INFO - [2024-03-23T00:22:27.157+0000] {dag.py:3834} INFO - Setting next_dagrun for example_setup_teardown_taskflow to 2024-03-22 00:00:00+00:00, run_after=2024-03-23 00:00:00+00:00
[2024-03-23T00:22:27.177+0000] {processor.py:183} INFO - Processing /home/airflow/.local/lib/python3.8/site-packages/airflow/example_dags/example_setup_teardown_taskflow.py took 0.094 seconds
[2024-03-23T00:22:57.220+0000] {processor.py:161} INFO - Started process (PID=2174) to work on /home/airflow/.local/lib/python3.8/site-packages/airflow/example_dags/example_setup_teardown_taskflow.py
[2024-03-23T00:22:57.221+0000] {processor.py:830} INFO - Processing file /home/airflow/.local/lib/python3.8/site-packages/airflow/example_dags/example_setup_teardown_taskflow.py for tasks to queue
[2024-03-23T00:22:57.223+0000] {logging_mixin.py:188} INFO - [2024-03-23T00:22:57.223+0000] {dagbag.py:540} INFO - Filling up the DagBag from /home/airflow/.local/lib/python3.8/site-packages/airflow/example_dags/example_setup_teardown_taskflow.py
[2024-03-23T00:22:57.235+0000] {processor.py:840} INFO - DAG(s) 'example_setup_teardown_taskflow' retrieved from /home/airflow/.local/lib/python3.8/site-packages/airflow/example_dags/example_setup_teardown_taskflow.py
[2024-03-23T00:22:57.260+0000] {logging_mixin.py:188} INFO - [2024-03-23T00:22:57.260+0000] {dag.py:3047} INFO - Sync 1 DAGs
[2024-03-23T00:22:57.284+0000] {logging_mixin.py:188} INFO - [2024-03-23T00:22:57.284+0000] {dag.py:3834} INFO - Setting next_dagrun for example_setup_teardown_taskflow to 2024-03-22 00:00:00+00:00, run_after=2024-03-23 00:00:00+00:00
[2024-03-23T00:22:57.304+0000] {processor.py:183} INFO - Processing /home/airflow/.local/lib/python3.8/site-packages/airflow/example_dags/example_setup_teardown_taskflow.py took 0.088 seconds
[2024-03-23T00:23:27.543+0000] {processor.py:161} INFO - Started process (PID=2228) to work on /home/airflow/.local/lib/python3.8/site-packages/airflow/example_dags/example_setup_teardown_taskflow.py
[2024-03-23T00:23:27.544+0000] {processor.py:830} INFO - Processing file /home/airflow/.local/lib/python3.8/site-packages/airflow/example_dags/example_setup_teardown_taskflow.py for tasks to queue
[2024-03-23T00:23:27.547+0000] {logging_mixin.py:188} INFO - [2024-03-23T00:23:27.546+0000] {dagbag.py:540} INFO - Filling up the DagBag from /home/airflow/.local/lib/python3.8/site-packages/airflow/example_dags/example_setup_teardown_taskflow.py
[2024-03-23T00:23:27.560+0000] {processor.py:840} INFO - DAG(s) 'example_setup_teardown_taskflow' retrieved from /home/airflow/.local/lib/python3.8/site-packages/airflow/example_dags/example_setup_teardown_taskflow.py
[2024-03-23T00:23:27.585+0000] {logging_mixin.py:188} INFO - [2024-03-23T00:23:27.585+0000] {dag.py:3047} INFO - Sync 1 DAGs
[2024-03-23T00:23:27.614+0000] {logging_mixin.py:188} INFO - [2024-03-23T00:23:27.614+0000] {dag.py:3834} INFO - Setting next_dagrun for example_setup_teardown_taskflow to 2024-03-22 00:00:00+00:00, run_after=2024-03-23 00:00:00+00:00
[2024-03-23T00:23:27.638+0000] {processor.py:183} INFO - Processing /home/airflow/.local/lib/python3.8/site-packages/airflow/example_dags/example_setup_teardown_taskflow.py took 0.100 seconds
[2024-03-23T00:23:57.759+0000] {processor.py:161} INFO - Started process (PID=2283) to work on /home/airflow/.local/lib/python3.8/site-packages/airflow/example_dags/example_setup_teardown_taskflow.py
[2024-03-23T00:23:57.760+0000] {processor.py:830} INFO - Processing file /home/airflow/.local/lib/python3.8/site-packages/airflow/example_dags/example_setup_teardown_taskflow.py for tasks to queue
[2024-03-23T00:23:57.762+0000] {logging_mixin.py:188} INFO - [2024-03-23T00:23:57.762+0000] {dagbag.py:540} INFO - Filling up the DagBag from /home/airflow/.local/lib/python3.8/site-packages/airflow/example_dags/example_setup_teardown_taskflow.py
[2024-03-23T00:23:57.774+0000] {processor.py:840} INFO - DAG(s) 'example_setup_teardown_taskflow' retrieved from /home/airflow/.local/lib/python3.8/site-packages/airflow/example_dags/example_setup_teardown_taskflow.py
[2024-03-23T00:23:57.799+0000] {logging_mixin.py:188} INFO - [2024-03-23T00:23:57.799+0000] {dag.py:3047} INFO - Sync 1 DAGs
[2024-03-23T00:23:57.824+0000] {logging_mixin.py:188} INFO - [2024-03-23T00:23:57.823+0000] {dag.py:3834} INFO - Setting next_dagrun for example_setup_teardown_taskflow to 2024-03-22 00:00:00+00:00, run_after=2024-03-23 00:00:00+00:00
[2024-03-23T00:23:57.842+0000] {processor.py:183} INFO - Processing /home/airflow/.local/lib/python3.8/site-packages/airflow/example_dags/example_setup_teardown_taskflow.py took 0.087 seconds
[2024-03-23T00:24:28.134+0000] {processor.py:161} INFO - Started process (PID=2338) to work on /home/airflow/.local/lib/python3.8/site-packages/airflow/example_dags/example_setup_teardown_taskflow.py
[2024-03-23T00:24:28.135+0000] {processor.py:830} INFO - Processing file /home/airflow/.local/lib/python3.8/site-packages/airflow/example_dags/example_setup_teardown_taskflow.py for tasks to queue
[2024-03-23T00:24:28.137+0000] {logging_mixin.py:188} INFO - [2024-03-23T00:24:28.137+0000] {dagbag.py:540} INFO - Filling up the DagBag from /home/airflow/.local/lib/python3.8/site-packages/airflow/example_dags/example_setup_teardown_taskflow.py
[2024-03-23T00:24:28.149+0000] {processor.py:840} INFO - DAG(s) 'example_setup_teardown_taskflow' retrieved from /home/airflow/.local/lib/python3.8/site-packages/airflow/example_dags/example_setup_teardown_taskflow.py
[2024-03-23T00:24:28.174+0000] {logging_mixin.py:188} INFO - [2024-03-23T00:24:28.173+0000] {dag.py:3047} INFO - Sync 1 DAGs
[2024-03-23T00:24:28.198+0000] {logging_mixin.py:188} INFO - [2024-03-23T00:24:28.197+0000] {dag.py:3834} INFO - Setting next_dagrun for example_setup_teardown_taskflow to 2024-03-22 00:00:00+00:00, run_after=2024-03-23 00:00:00+00:00
[2024-03-23T00:24:28.217+0000] {processor.py:183} INFO - Processing /home/airflow/.local/lib/python3.8/site-packages/airflow/example_dags/example_setup_teardown_taskflow.py took 0.086 seconds
[2024-03-23T00:24:58.456+0000] {processor.py:161} INFO - Started process (PID=2393) to work on /home/airflow/.local/lib/python3.8/site-packages/airflow/example_dags/example_setup_teardown_taskflow.py
[2024-03-23T00:24:58.457+0000] {processor.py:830} INFO - Processing file /home/airflow/.local/lib/python3.8/site-packages/airflow/example_dags/example_setup_teardown_taskflow.py for tasks to queue
[2024-03-23T00:24:58.459+0000] {logging_mixin.py:188} INFO - [2024-03-23T00:24:58.459+0000] {dagbag.py:540} INFO - Filling up the DagBag from /home/airflow/.local/lib/python3.8/site-packages/airflow/example_dags/example_setup_teardown_taskflow.py
[2024-03-23T00:24:58.471+0000] {processor.py:840} INFO - DAG(s) 'example_setup_teardown_taskflow' retrieved from /home/airflow/.local/lib/python3.8/site-packages/airflow/example_dags/example_setup_teardown_taskflow.py
[2024-03-23T00:24:58.496+0000] {logging_mixin.py:188} INFO - [2024-03-23T00:24:58.496+0000] {dag.py:3047} INFO - Sync 1 DAGs
[2024-03-23T00:24:58.521+0000] {logging_mixin.py:188} INFO - [2024-03-23T00:24:58.520+0000] {dag.py:3834} INFO - Setting next_dagrun for example_setup_teardown_taskflow to 2024-03-22 00:00:00+00:00, run_after=2024-03-23 00:00:00+00:00
[2024-03-23T00:24:58.540+0000] {processor.py:183} INFO - Processing /home/airflow/.local/lib/python3.8/site-packages/airflow/example_dags/example_setup_teardown_taskflow.py took 0.087 seconds
[2024-03-23T00:25:28.760+0000] {processor.py:161} INFO - Started process (PID=2448) to work on /home/airflow/.local/lib/python3.8/site-packages/airflow/example_dags/example_setup_teardown_taskflow.py
[2024-03-23T00:25:28.761+0000] {processor.py:830} INFO - Processing file /home/airflow/.local/lib/python3.8/site-packages/airflow/example_dags/example_setup_teardown_taskflow.py for tasks to queue
[2024-03-23T00:25:28.763+0000] {logging_mixin.py:188} INFO - [2024-03-23T00:25:28.763+0000] {dagbag.py:540} INFO - Filling up the DagBag from /home/airflow/.local/lib/python3.8/site-packages/airflow/example_dags/example_setup_teardown_taskflow.py
[2024-03-23T00:25:28.775+0000] {processor.py:840} INFO - DAG(s) 'example_setup_teardown_taskflow' retrieved from /home/airflow/.local/lib/python3.8/site-packages/airflow/example_dags/example_setup_teardown_taskflow.py
[2024-03-23T00:25:28.800+0000] {logging_mixin.py:188} INFO - [2024-03-23T00:25:28.799+0000] {dag.py:3047} INFO - Sync 1 DAGs
[2024-03-23T00:25:28.825+0000] {logging_mixin.py:188} INFO - [2024-03-23T00:25:28.824+0000] {dag.py:3834} INFO - Setting next_dagrun for example_setup_teardown_taskflow to 2024-03-22 00:00:00+00:00, run_after=2024-03-23 00:00:00+00:00
[2024-03-23T00:25:28.846+0000] {processor.py:183} INFO - Processing /home/airflow/.local/lib/python3.8/site-packages/airflow/example_dags/example_setup_teardown_taskflow.py took 0.090 seconds
[2024-03-23T00:25:59.518+0000] {processor.py:161} INFO - Started process (PID=2501) to work on /home/airflow/.local/lib/python3.8/site-packages/airflow/example_dags/example_setup_teardown_taskflow.py
[2024-03-23T00:25:59.519+0000] {processor.py:830} INFO - Processing file /home/airflow/.local/lib/python3.8/site-packages/airflow/example_dags/example_setup_teardown_taskflow.py for tasks to queue
[2024-03-23T00:25:59.521+0000] {logging_mixin.py:188} INFO - [2024-03-23T00:25:59.521+0000] {dagbag.py:540} INFO - Filling up the DagBag from /home/airflow/.local/lib/python3.8/site-packages/airflow/example_dags/example_setup_teardown_taskflow.py
[2024-03-23T00:25:59.533+0000] {processor.py:840} INFO - DAG(s) 'example_setup_teardown_taskflow' retrieved from /home/airflow/.local/lib/python3.8/site-packages/airflow/example_dags/example_setup_teardown_taskflow.py
[2024-03-23T00:25:59.558+0000] {logging_mixin.py:188} INFO - [2024-03-23T00:25:59.557+0000] {dag.py:3047} INFO - Sync 1 DAGs
[2024-03-23T00:25:59.582+0000] {logging_mixin.py:188} INFO - [2024-03-23T00:25:59.582+0000] {dag.py:3834} INFO - Setting next_dagrun for example_setup_teardown_taskflow to 2024-03-22 00:00:00+00:00, run_after=2024-03-23 00:00:00+00:00
[2024-03-23T00:25:59.602+0000] {processor.py:183} INFO - Processing /home/airflow/.local/lib/python3.8/site-packages/airflow/example_dags/example_setup_teardown_taskflow.py took 0.088 seconds
