[2024-03-23T00:03:41.061+0000] {processor.py:161} INFO - Started process (PID=82) to work on /home/airflow/.local/lib/python3.8/site-packages/airflow/example_dags/example_setup_teardown.py
[2024-03-23T00:03:41.063+0000] {processor.py:830} INFO - Processing file /home/airflow/.local/lib/python3.8/site-packages/airflow/example_dags/example_setup_teardown.py for tasks to queue
[2024-03-23T00:03:41.065+0000] {logging_mixin.py:188} INFO - [2024-03-23T00:03:41.065+0000] {dagbag.py:540} INFO - Filling up the DagBag from /home/airflow/.local/lib/python3.8/site-packages/airflow/example_dags/example_setup_teardown.py
[2024-03-23T00:03:41.074+0000] {processor.py:840} INFO - DAG(s) 'example_setup_teardown' retrieved from /home/airflow/.local/lib/python3.8/site-packages/airflow/example_dags/example_setup_teardown.py
[2024-03-23T00:03:41.103+0000] {logging_mixin.py:188} INFO - [2024-03-23T00:03:41.103+0000] {dag.py:3047} INFO - Sync 1 DAGs
[2024-03-23T00:03:41.145+0000] {logging_mixin.py:188} INFO - [2024-03-23T00:03:41.144+0000] {dag.py:3834} INFO - Setting next_dagrun for example_setup_teardown to 2024-03-22 00:00:00+00:00, run_after=2024-03-23 00:00:00+00:00
[2024-03-23T00:03:41.170+0000] {processor.py:183} INFO - Processing /home/airflow/.local/lib/python3.8/site-packages/airflow/example_dags/example_setup_teardown.py took 0.113 seconds
[2024-03-23T00:04:11.440+0000] {processor.py:161} INFO - Started process (PID=137) to work on /home/airflow/.local/lib/python3.8/site-packages/airflow/example_dags/example_setup_teardown.py
[2024-03-23T00:04:11.441+0000] {processor.py:830} INFO - Processing file /home/airflow/.local/lib/python3.8/site-packages/airflow/example_dags/example_setup_teardown.py for tasks to queue
[2024-03-23T00:04:11.444+0000] {logging_mixin.py:188} INFO - [2024-03-23T00:04:11.444+0000] {dagbag.py:540} INFO - Filling up the DagBag from /home/airflow/.local/lib/python3.8/site-packages/airflow/example_dags/example_setup_teardown.py
[2024-03-23T00:04:11.456+0000] {processor.py:840} INFO - DAG(s) 'example_setup_teardown' retrieved from /home/airflow/.local/lib/python3.8/site-packages/airflow/example_dags/example_setup_teardown.py
[2024-03-23T00:04:11.484+0000] {logging_mixin.py:188} INFO - [2024-03-23T00:04:11.484+0000] {dag.py:3047} INFO - Sync 1 DAGs
[2024-03-23T00:04:11.521+0000] {logging_mixin.py:188} INFO - [2024-03-23T00:04:11.521+0000] {dag.py:3834} INFO - Setting next_dagrun for example_setup_teardown to 2024-03-22 00:00:00+00:00, run_after=2024-03-23 00:00:00+00:00
[2024-03-23T00:04:11.548+0000] {processor.py:183} INFO - Processing /home/airflow/.local/lib/python3.8/site-packages/airflow/example_dags/example_setup_teardown.py took 0.112 seconds
[2024-03-23T00:04:41.812+0000] {processor.py:161} INFO - Started process (PID=192) to work on /home/airflow/.local/lib/python3.8/site-packages/airflow/example_dags/example_setup_teardown.py
[2024-03-23T00:04:41.813+0000] {processor.py:830} INFO - Processing file /home/airflow/.local/lib/python3.8/site-packages/airflow/example_dags/example_setup_teardown.py for tasks to queue
[2024-03-23T00:04:41.815+0000] {logging_mixin.py:188} INFO - [2024-03-23T00:04:41.815+0000] {dagbag.py:540} INFO - Filling up the DagBag from /home/airflow/.local/lib/python3.8/site-packages/airflow/example_dags/example_setup_teardown.py
[2024-03-23T00:04:41.823+0000] {processor.py:840} INFO - DAG(s) 'example_setup_teardown' retrieved from /home/airflow/.local/lib/python3.8/site-packages/airflow/example_dags/example_setup_teardown.py
[2024-03-23T00:04:41.846+0000] {logging_mixin.py:188} INFO - [2024-03-23T00:04:41.846+0000] {dag.py:3047} INFO - Sync 1 DAGs
[2024-03-23T00:04:41.872+0000] {logging_mixin.py:188} INFO - [2024-03-23T00:04:41.872+0000] {dag.py:3834} INFO - Setting next_dagrun for example_setup_teardown to 2024-03-22 00:00:00+00:00, run_after=2024-03-23 00:00:00+00:00
[2024-03-23T00:04:41.892+0000] {processor.py:183} INFO - Processing /home/airflow/.local/lib/python3.8/site-packages/airflow/example_dags/example_setup_teardown.py took 0.084 seconds
[2024-03-23T00:05:11.942+0000] {processor.py:161} INFO - Started process (PID=247) to work on /home/airflow/.local/lib/python3.8/site-packages/airflow/example_dags/example_setup_teardown.py
[2024-03-23T00:05:11.944+0000] {processor.py:830} INFO - Processing file /home/airflow/.local/lib/python3.8/site-packages/airflow/example_dags/example_setup_teardown.py for tasks to queue
[2024-03-23T00:05:11.946+0000] {logging_mixin.py:188} INFO - [2024-03-23T00:05:11.945+0000] {dagbag.py:540} INFO - Filling up the DagBag from /home/airflow/.local/lib/python3.8/site-packages/airflow/example_dags/example_setup_teardown.py
[2024-03-23T00:05:11.953+0000] {processor.py:840} INFO - DAG(s) 'example_setup_teardown' retrieved from /home/airflow/.local/lib/python3.8/site-packages/airflow/example_dags/example_setup_teardown.py
[2024-03-23T00:05:11.977+0000] {logging_mixin.py:188} INFO - [2024-03-23T00:05:11.976+0000] {dag.py:3047} INFO - Sync 1 DAGs
[2024-03-23T00:05:12.001+0000] {logging_mixin.py:188} INFO - [2024-03-23T00:05:12.000+0000] {dag.py:3834} INFO - Setting next_dagrun for example_setup_teardown to 2024-03-22 00:00:00+00:00, run_after=2024-03-23 00:00:00+00:00
[2024-03-23T00:05:12.020+0000] {processor.py:183} INFO - Processing /home/airflow/.local/lib/python3.8/site-packages/airflow/example_dags/example_setup_teardown.py took 0.082 seconds
[2024-03-23T00:05:42.676+0000] {processor.py:161} INFO - Started process (PID=302) to work on /home/airflow/.local/lib/python3.8/site-packages/airflow/example_dags/example_setup_teardown.py
[2024-03-23T00:05:42.677+0000] {processor.py:830} INFO - Processing file /home/airflow/.local/lib/python3.8/site-packages/airflow/example_dags/example_setup_teardown.py for tasks to queue
[2024-03-23T00:05:42.679+0000] {logging_mixin.py:188} INFO - [2024-03-23T00:05:42.679+0000] {dagbag.py:540} INFO - Filling up the DagBag from /home/airflow/.local/lib/python3.8/site-packages/airflow/example_dags/example_setup_teardown.py
[2024-03-23T00:05:42.687+0000] {processor.py:840} INFO - DAG(s) 'example_setup_teardown' retrieved from /home/airflow/.local/lib/python3.8/site-packages/airflow/example_dags/example_setup_teardown.py
[2024-03-23T00:05:42.710+0000] {logging_mixin.py:188} INFO - [2024-03-23T00:05:42.710+0000] {dag.py:3047} INFO - Sync 1 DAGs
[2024-03-23T00:05:42.736+0000] {logging_mixin.py:188} INFO - [2024-03-23T00:05:42.736+0000] {dag.py:3834} INFO - Setting next_dagrun for example_setup_teardown to 2024-03-22 00:00:00+00:00, run_after=2024-03-23 00:00:00+00:00
[2024-03-23T00:05:42.756+0000] {processor.py:183} INFO - Processing /home/airflow/.local/lib/python3.8/site-packages/airflow/example_dags/example_setup_teardown.py took 0.084 seconds
[2024-03-23T00:06:13.088+0000] {processor.py:161} INFO - Started process (PID=357) to work on /home/airflow/.local/lib/python3.8/site-packages/airflow/example_dags/example_setup_teardown.py
[2024-03-23T00:06:13.089+0000] {processor.py:830} INFO - Processing file /home/airflow/.local/lib/python3.8/site-packages/airflow/example_dags/example_setup_teardown.py for tasks to queue
[2024-03-23T00:06:13.091+0000] {logging_mixin.py:188} INFO - [2024-03-23T00:06:13.091+0000] {dagbag.py:540} INFO - Filling up the DagBag from /home/airflow/.local/lib/python3.8/site-packages/airflow/example_dags/example_setup_teardown.py
[2024-03-23T00:06:13.102+0000] {processor.py:840} INFO - DAG(s) 'example_setup_teardown' retrieved from /home/airflow/.local/lib/python3.8/site-packages/airflow/example_dags/example_setup_teardown.py
[2024-03-23T00:06:13.130+0000] {logging_mixin.py:188} INFO - [2024-03-23T00:06:13.130+0000] {dag.py:3047} INFO - Sync 1 DAGs
[2024-03-23T00:06:13.167+0000] {logging_mixin.py:188} INFO - [2024-03-23T00:06:13.166+0000] {dag.py:3834} INFO - Setting next_dagrun for example_setup_teardown to 2024-03-22 00:00:00+00:00, run_after=2024-03-23 00:00:00+00:00
[2024-03-23T00:06:13.193+0000] {processor.py:183} INFO - Processing /home/airflow/.local/lib/python3.8/site-packages/airflow/example_dags/example_setup_teardown.py took 0.110 seconds
[2024-03-23T00:06:43.302+0000] {processor.py:161} INFO - Started process (PID=412) to work on /home/airflow/.local/lib/python3.8/site-packages/airflow/example_dags/example_setup_teardown.py
[2024-03-23T00:06:43.304+0000] {processor.py:830} INFO - Processing file /home/airflow/.local/lib/python3.8/site-packages/airflow/example_dags/example_setup_teardown.py for tasks to queue
[2024-03-23T00:06:43.306+0000] {logging_mixin.py:188} INFO - [2024-03-23T00:06:43.306+0000] {dagbag.py:540} INFO - Filling up the DagBag from /home/airflow/.local/lib/python3.8/site-packages/airflow/example_dags/example_setup_teardown.py
[2024-03-23T00:06:43.314+0000] {processor.py:840} INFO - DAG(s) 'example_setup_teardown' retrieved from /home/airflow/.local/lib/python3.8/site-packages/airflow/example_dags/example_setup_teardown.py
[2024-03-23T00:06:43.338+0000] {logging_mixin.py:188} INFO - [2024-03-23T00:06:43.338+0000] {dag.py:3047} INFO - Sync 1 DAGs
[2024-03-23T00:06:43.362+0000] {logging_mixin.py:188} INFO - [2024-03-23T00:06:43.362+0000] {dag.py:3834} INFO - Setting next_dagrun for example_setup_teardown to 2024-03-22 00:00:00+00:00, run_after=2024-03-23 00:00:00+00:00
[2024-03-23T00:06:43.385+0000] {processor.py:183} INFO - Processing /home/airflow/.local/lib/python3.8/site-packages/airflow/example_dags/example_setup_teardown.py took 0.086 seconds
[2024-03-23T00:07:13.743+0000] {processor.py:161} INFO - Started process (PID=467) to work on /home/airflow/.local/lib/python3.8/site-packages/airflow/example_dags/example_setup_teardown.py
[2024-03-23T00:07:13.744+0000] {processor.py:830} INFO - Processing file /home/airflow/.local/lib/python3.8/site-packages/airflow/example_dags/example_setup_teardown.py for tasks to queue
[2024-03-23T00:07:13.746+0000] {logging_mixin.py:188} INFO - [2024-03-23T00:07:13.746+0000] {dagbag.py:540} INFO - Filling up the DagBag from /home/airflow/.local/lib/python3.8/site-packages/airflow/example_dags/example_setup_teardown.py
[2024-03-23T00:07:13.754+0000] {processor.py:840} INFO - DAG(s) 'example_setup_teardown' retrieved from /home/airflow/.local/lib/python3.8/site-packages/airflow/example_dags/example_setup_teardown.py
[2024-03-23T00:07:13.778+0000] {logging_mixin.py:188} INFO - [2024-03-23T00:07:13.778+0000] {dag.py:3047} INFO - Sync 1 DAGs
[2024-03-23T00:07:13.804+0000] {logging_mixin.py:188} INFO - [2024-03-23T00:07:13.803+0000] {dag.py:3834} INFO - Setting next_dagrun for example_setup_teardown to 2024-03-22 00:00:00+00:00, run_after=2024-03-23 00:00:00+00:00
[2024-03-23T00:07:13.825+0000] {processor.py:183} INFO - Processing /home/airflow/.local/lib/python3.8/site-packages/airflow/example_dags/example_setup_teardown.py took 0.086 seconds
[2024-03-23T00:07:44.416+0000] {processor.py:161} INFO - Started process (PID=522) to work on /home/airflow/.local/lib/python3.8/site-packages/airflow/example_dags/example_setup_teardown.py
[2024-03-23T00:07:44.417+0000] {processor.py:830} INFO - Processing file /home/airflow/.local/lib/python3.8/site-packages/airflow/example_dags/example_setup_teardown.py for tasks to queue
[2024-03-23T00:07:44.419+0000] {logging_mixin.py:188} INFO - [2024-03-23T00:07:44.419+0000] {dagbag.py:540} INFO - Filling up the DagBag from /home/airflow/.local/lib/python3.8/site-packages/airflow/example_dags/example_setup_teardown.py
[2024-03-23T00:07:44.428+0000] {processor.py:840} INFO - DAG(s) 'example_setup_teardown' retrieved from /home/airflow/.local/lib/python3.8/site-packages/airflow/example_dags/example_setup_teardown.py
[2024-03-23T00:07:44.453+0000] {logging_mixin.py:188} INFO - [2024-03-23T00:07:44.453+0000] {dag.py:3047} INFO - Sync 1 DAGs
[2024-03-23T00:07:44.485+0000] {logging_mixin.py:188} INFO - [2024-03-23T00:07:44.485+0000] {dag.py:3834} INFO - Setting next_dagrun for example_setup_teardown to 2024-03-22 00:00:00+00:00, run_after=2024-03-23 00:00:00+00:00
[2024-03-23T00:07:44.508+0000] {processor.py:183} INFO - Processing /home/airflow/.local/lib/python3.8/site-packages/airflow/example_dags/example_setup_teardown.py took 0.096 seconds
[2024-03-23T00:08:14.669+0000] {processor.py:161} INFO - Started process (PID=577) to work on /home/airflow/.local/lib/python3.8/site-packages/airflow/example_dags/example_setup_teardown.py
[2024-03-23T00:08:14.671+0000] {processor.py:830} INFO - Processing file /home/airflow/.local/lib/python3.8/site-packages/airflow/example_dags/example_setup_teardown.py for tasks to queue
[2024-03-23T00:08:14.673+0000] {logging_mixin.py:188} INFO - [2024-03-23T00:08:14.673+0000] {dagbag.py:540} INFO - Filling up the DagBag from /home/airflow/.local/lib/python3.8/site-packages/airflow/example_dags/example_setup_teardown.py
[2024-03-23T00:08:14.681+0000] {processor.py:840} INFO - DAG(s) 'example_setup_teardown' retrieved from /home/airflow/.local/lib/python3.8/site-packages/airflow/example_dags/example_setup_teardown.py
[2024-03-23T00:08:14.705+0000] {logging_mixin.py:188} INFO - [2024-03-23T00:08:14.705+0000] {dag.py:3047} INFO - Sync 1 DAGs
[2024-03-23T00:08:14.732+0000] {logging_mixin.py:188} INFO - [2024-03-23T00:08:14.732+0000] {dag.py:3834} INFO - Setting next_dagrun for example_setup_teardown to 2024-03-22 00:00:00+00:00, run_after=2024-03-23 00:00:00+00:00
[2024-03-23T00:08:14.752+0000] {processor.py:183} INFO - Processing /home/airflow/.local/lib/python3.8/site-packages/airflow/example_dags/example_setup_teardown.py took 0.089 seconds
[2024-03-23T00:08:45.076+0000] {processor.py:161} INFO - Started process (PID=632) to work on /home/airflow/.local/lib/python3.8/site-packages/airflow/example_dags/example_setup_teardown.py
[2024-03-23T00:08:45.078+0000] {processor.py:830} INFO - Processing file /home/airflow/.local/lib/python3.8/site-packages/airflow/example_dags/example_setup_teardown.py for tasks to queue
[2024-03-23T00:08:45.080+0000] {logging_mixin.py:188} INFO - [2024-03-23T00:08:45.079+0000] {dagbag.py:540} INFO - Filling up the DagBag from /home/airflow/.local/lib/python3.8/site-packages/airflow/example_dags/example_setup_teardown.py
[2024-03-23T00:08:45.088+0000] {processor.py:840} INFO - DAG(s) 'example_setup_teardown' retrieved from /home/airflow/.local/lib/python3.8/site-packages/airflow/example_dags/example_setup_teardown.py
[2024-03-23T00:08:45.112+0000] {logging_mixin.py:188} INFO - [2024-03-23T00:08:45.112+0000] {dag.py:3047} INFO - Sync 1 DAGs
[2024-03-23T00:08:45.138+0000] {logging_mixin.py:188} INFO - [2024-03-23T00:08:45.137+0000] {dag.py:3834} INFO - Setting next_dagrun for example_setup_teardown to 2024-03-22 00:00:00+00:00, run_after=2024-03-23 00:00:00+00:00
[2024-03-23T00:08:45.157+0000] {processor.py:183} INFO - Processing /home/airflow/.local/lib/python3.8/site-packages/airflow/example_dags/example_setup_teardown.py took 0.085 seconds
[2024-03-23T00:09:15.325+0000] {processor.py:161} INFO - Started process (PID=687) to work on /home/airflow/.local/lib/python3.8/site-packages/airflow/example_dags/example_setup_teardown.py
[2024-03-23T00:09:15.326+0000] {processor.py:830} INFO - Processing file /home/airflow/.local/lib/python3.8/site-packages/airflow/example_dags/example_setup_teardown.py for tasks to queue
[2024-03-23T00:09:15.328+0000] {logging_mixin.py:188} INFO - [2024-03-23T00:09:15.328+0000] {dagbag.py:540} INFO - Filling up the DagBag from /home/airflow/.local/lib/python3.8/site-packages/airflow/example_dags/example_setup_teardown.py
[2024-03-23T00:09:15.336+0000] {processor.py:840} INFO - DAG(s) 'example_setup_teardown' retrieved from /home/airflow/.local/lib/python3.8/site-packages/airflow/example_dags/example_setup_teardown.py
[2024-03-23T00:09:15.360+0000] {logging_mixin.py:188} INFO - [2024-03-23T00:09:15.360+0000] {dag.py:3047} INFO - Sync 1 DAGs
[2024-03-23T00:09:15.385+0000] {logging_mixin.py:188} INFO - [2024-03-23T00:09:15.385+0000] {dag.py:3834} INFO - Setting next_dagrun for example_setup_teardown to 2024-03-22 00:00:00+00:00, run_after=2024-03-23 00:00:00+00:00
[2024-03-23T00:09:15.404+0000] {processor.py:183} INFO - Processing /home/airflow/.local/lib/python3.8/site-packages/airflow/example_dags/example_setup_teardown.py took 0.083 seconds
[2024-03-23T00:09:46.404+0000] {processor.py:161} INFO - Started process (PID=742) to work on /home/airflow/.local/lib/python3.8/site-packages/airflow/example_dags/example_setup_teardown.py
[2024-03-23T00:09:46.405+0000] {processor.py:830} INFO - Processing file /home/airflow/.local/lib/python3.8/site-packages/airflow/example_dags/example_setup_teardown.py for tasks to queue
[2024-03-23T00:09:46.407+0000] {logging_mixin.py:188} INFO - [2024-03-23T00:09:46.407+0000] {dagbag.py:540} INFO - Filling up the DagBag from /home/airflow/.local/lib/python3.8/site-packages/airflow/example_dags/example_setup_teardown.py
[2024-03-23T00:09:46.415+0000] {processor.py:840} INFO - DAG(s) 'example_setup_teardown' retrieved from /home/airflow/.local/lib/python3.8/site-packages/airflow/example_dags/example_setup_teardown.py
[2024-03-23T00:09:46.439+0000] {logging_mixin.py:188} INFO - [2024-03-23T00:09:46.439+0000] {dag.py:3047} INFO - Sync 1 DAGs
[2024-03-23T00:09:46.464+0000] {logging_mixin.py:188} INFO - [2024-03-23T00:09:46.464+0000] {dag.py:3834} INFO - Setting next_dagrun for example_setup_teardown to 2024-03-22 00:00:00+00:00, run_after=2024-03-23 00:00:00+00:00
[2024-03-23T00:09:46.485+0000] {processor.py:183} INFO - Processing /home/airflow/.local/lib/python3.8/site-packages/airflow/example_dags/example_setup_teardown.py took 0.086 seconds
[2024-03-23T00:10:16.767+0000] {processor.py:161} INFO - Started process (PID=797) to work on /home/airflow/.local/lib/python3.8/site-packages/airflow/example_dags/example_setup_teardown.py
[2024-03-23T00:10:16.768+0000] {processor.py:830} INFO - Processing file /home/airflow/.local/lib/python3.8/site-packages/airflow/example_dags/example_setup_teardown.py for tasks to queue
[2024-03-23T00:10:16.770+0000] {logging_mixin.py:188} INFO - [2024-03-23T00:10:16.770+0000] {dagbag.py:540} INFO - Filling up the DagBag from /home/airflow/.local/lib/python3.8/site-packages/airflow/example_dags/example_setup_teardown.py
[2024-03-23T00:10:16.782+0000] {processor.py:840} INFO - DAG(s) 'example_setup_teardown' retrieved from /home/airflow/.local/lib/python3.8/site-packages/airflow/example_dags/example_setup_teardown.py
[2024-03-23T00:10:16.813+0000] {logging_mixin.py:188} INFO - [2024-03-23T00:10:16.812+0000] {dag.py:3047} INFO - Sync 1 DAGs
[2024-03-23T00:10:16.842+0000] {logging_mixin.py:188} INFO - [2024-03-23T00:10:16.841+0000] {dag.py:3834} INFO - Setting next_dagrun for example_setup_teardown to 2024-03-22 00:00:00+00:00, run_after=2024-03-23 00:00:00+00:00
[2024-03-23T00:10:16.862+0000] {processor.py:183} INFO - Processing /home/airflow/.local/lib/python3.8/site-packages/airflow/example_dags/example_setup_teardown.py took 0.099 seconds
[2024-03-23T00:10:46.891+0000] {processor.py:161} INFO - Started process (PID=852) to work on /home/airflow/.local/lib/python3.8/site-packages/airflow/example_dags/example_setup_teardown.py
[2024-03-23T00:10:46.892+0000] {processor.py:830} INFO - Processing file /home/airflow/.local/lib/python3.8/site-packages/airflow/example_dags/example_setup_teardown.py for tasks to queue
[2024-03-23T00:10:46.894+0000] {logging_mixin.py:188} INFO - [2024-03-23T00:10:46.894+0000] {dagbag.py:540} INFO - Filling up the DagBag from /home/airflow/.local/lib/python3.8/site-packages/airflow/example_dags/example_setup_teardown.py
[2024-03-23T00:10:46.903+0000] {processor.py:840} INFO - DAG(s) 'example_setup_teardown' retrieved from /home/airflow/.local/lib/python3.8/site-packages/airflow/example_dags/example_setup_teardown.py
[2024-03-23T00:10:46.928+0000] {logging_mixin.py:188} INFO - [2024-03-23T00:10:46.927+0000] {dag.py:3047} INFO - Sync 1 DAGs
[2024-03-23T00:10:46.953+0000] {logging_mixin.py:188} INFO - [2024-03-23T00:10:46.953+0000] {dag.py:3834} INFO - Setting next_dagrun for example_setup_teardown to 2024-03-22 00:00:00+00:00, run_after=2024-03-23 00:00:00+00:00
[2024-03-23T00:10:46.973+0000] {processor.py:183} INFO - Processing /home/airflow/.local/lib/python3.8/site-packages/airflow/example_dags/example_setup_teardown.py took 0.087 seconds
[2024-03-23T00:11:17.129+0000] {processor.py:161} INFO - Started process (PID=907) to work on /home/airflow/.local/lib/python3.8/site-packages/airflow/example_dags/example_setup_teardown.py
[2024-03-23T00:11:17.130+0000] {processor.py:830} INFO - Processing file /home/airflow/.local/lib/python3.8/site-packages/airflow/example_dags/example_setup_teardown.py for tasks to queue
[2024-03-23T00:11:17.133+0000] {logging_mixin.py:188} INFO - [2024-03-23T00:11:17.133+0000] {dagbag.py:540} INFO - Filling up the DagBag from /home/airflow/.local/lib/python3.8/site-packages/airflow/example_dags/example_setup_teardown.py
[2024-03-23T00:11:17.142+0000] {processor.py:840} INFO - DAG(s) 'example_setup_teardown' retrieved from /home/airflow/.local/lib/python3.8/site-packages/airflow/example_dags/example_setup_teardown.py
[2024-03-23T00:11:17.168+0000] {logging_mixin.py:188} INFO - [2024-03-23T00:11:17.168+0000] {dag.py:3047} INFO - Sync 1 DAGs
[2024-03-23T00:11:17.194+0000] {logging_mixin.py:188} INFO - [2024-03-23T00:11:17.194+0000] {dag.py:3834} INFO - Setting next_dagrun for example_setup_teardown to 2024-03-22 00:00:00+00:00, run_after=2024-03-23 00:00:00+00:00
[2024-03-23T00:11:17.215+0000] {processor.py:183} INFO - Processing /home/airflow/.local/lib/python3.8/site-packages/airflow/example_dags/example_setup_teardown.py took 0.091 seconds
[2024-03-23T00:11:47.504+0000] {processor.py:161} INFO - Started process (PID=961) to work on /home/airflow/.local/lib/python3.8/site-packages/airflow/example_dags/example_setup_teardown.py
[2024-03-23T00:11:47.506+0000] {processor.py:830} INFO - Processing file /home/airflow/.local/lib/python3.8/site-packages/airflow/example_dags/example_setup_teardown.py for tasks to queue
[2024-03-23T00:11:47.508+0000] {logging_mixin.py:188} INFO - [2024-03-23T00:11:47.508+0000] {dagbag.py:540} INFO - Filling up the DagBag from /home/airflow/.local/lib/python3.8/site-packages/airflow/example_dags/example_setup_teardown.py
[2024-03-23T00:11:47.516+0000] {processor.py:840} INFO - DAG(s) 'example_setup_teardown' retrieved from /home/airflow/.local/lib/python3.8/site-packages/airflow/example_dags/example_setup_teardown.py
[2024-03-23T00:11:47.540+0000] {logging_mixin.py:188} INFO - [2024-03-23T00:11:47.540+0000] {dag.py:3047} INFO - Sync 1 DAGs
[2024-03-23T00:11:47.566+0000] {logging_mixin.py:188} INFO - [2024-03-23T00:11:47.565+0000] {dag.py:3834} INFO - Setting next_dagrun for example_setup_teardown to 2024-03-22 00:00:00+00:00, run_after=2024-03-23 00:00:00+00:00
[2024-03-23T00:11:47.586+0000] {processor.py:183} INFO - Processing /home/airflow/.local/lib/python3.8/site-packages/airflow/example_dags/example_setup_teardown.py took 0.085 seconds
[2024-03-23T00:12:18.076+0000] {processor.py:161} INFO - Started process (PID=1017) to work on /home/airflow/.local/lib/python3.8/site-packages/airflow/example_dags/example_setup_teardown.py
[2024-03-23T00:12:18.077+0000] {processor.py:830} INFO - Processing file /home/airflow/.local/lib/python3.8/site-packages/airflow/example_dags/example_setup_teardown.py for tasks to queue
[2024-03-23T00:12:18.080+0000] {logging_mixin.py:188} INFO - [2024-03-23T00:12:18.079+0000] {dagbag.py:540} INFO - Filling up the DagBag from /home/airflow/.local/lib/python3.8/site-packages/airflow/example_dags/example_setup_teardown.py
[2024-03-23T00:12:18.088+0000] {processor.py:840} INFO - DAG(s) 'example_setup_teardown' retrieved from /home/airflow/.local/lib/python3.8/site-packages/airflow/example_dags/example_setup_teardown.py
[2024-03-23T00:12:18.113+0000] {logging_mixin.py:188} INFO - [2024-03-23T00:12:18.113+0000] {dag.py:3047} INFO - Sync 1 DAGs
[2024-03-23T00:12:18.139+0000] {logging_mixin.py:188} INFO - [2024-03-23T00:12:18.139+0000] {dag.py:3834} INFO - Setting next_dagrun for example_setup_teardown to 2024-03-22 00:00:00+00:00, run_after=2024-03-23 00:00:00+00:00
[2024-03-23T00:12:18.162+0000] {processor.py:183} INFO - Processing /home/airflow/.local/lib/python3.8/site-packages/airflow/example_dags/example_setup_teardown.py took 0.090 seconds
[2024-03-23T00:12:48.551+0000] {processor.py:161} INFO - Started process (PID=1072) to work on /home/airflow/.local/lib/python3.8/site-packages/airflow/example_dags/example_setup_teardown.py
[2024-03-23T00:12:48.553+0000] {processor.py:830} INFO - Processing file /home/airflow/.local/lib/python3.8/site-packages/airflow/example_dags/example_setup_teardown.py for tasks to queue
[2024-03-23T00:12:48.555+0000] {logging_mixin.py:188} INFO - [2024-03-23T00:12:48.555+0000] {dagbag.py:540} INFO - Filling up the DagBag from /home/airflow/.local/lib/python3.8/site-packages/airflow/example_dags/example_setup_teardown.py
[2024-03-23T00:12:48.563+0000] {processor.py:840} INFO - DAG(s) 'example_setup_teardown' retrieved from /home/airflow/.local/lib/python3.8/site-packages/airflow/example_dags/example_setup_teardown.py
[2024-03-23T00:12:48.587+0000] {logging_mixin.py:188} INFO - [2024-03-23T00:12:48.587+0000] {dag.py:3047} INFO - Sync 1 DAGs
[2024-03-23T00:12:48.612+0000] {logging_mixin.py:188} INFO - [2024-03-23T00:12:48.611+0000] {dag.py:3834} INFO - Setting next_dagrun for example_setup_teardown to 2024-03-22 00:00:00+00:00, run_after=2024-03-23 00:00:00+00:00
[2024-03-23T00:12:48.631+0000] {processor.py:183} INFO - Processing /home/airflow/.local/lib/python3.8/site-packages/airflow/example_dags/example_setup_teardown.py took 0.083 seconds
[2024-03-23T00:13:18.893+0000] {processor.py:161} INFO - Started process (PID=1127) to work on /home/airflow/.local/lib/python3.8/site-packages/airflow/example_dags/example_setup_teardown.py
[2024-03-23T00:13:18.894+0000] {processor.py:830} INFO - Processing file /home/airflow/.local/lib/python3.8/site-packages/airflow/example_dags/example_setup_teardown.py for tasks to queue
[2024-03-23T00:13:18.897+0000] {logging_mixin.py:188} INFO - [2024-03-23T00:13:18.896+0000] {dagbag.py:540} INFO - Filling up the DagBag from /home/airflow/.local/lib/python3.8/site-packages/airflow/example_dags/example_setup_teardown.py
[2024-03-23T00:13:18.904+0000] {processor.py:840} INFO - DAG(s) 'example_setup_teardown' retrieved from /home/airflow/.local/lib/python3.8/site-packages/airflow/example_dags/example_setup_teardown.py
[2024-03-23T00:13:18.929+0000] {logging_mixin.py:188} INFO - [2024-03-23T00:13:18.929+0000] {dag.py:3047} INFO - Sync 1 DAGs
[2024-03-23T00:13:18.954+0000] {logging_mixin.py:188} INFO - [2024-03-23T00:13:18.953+0000] {dag.py:3834} INFO - Setting next_dagrun for example_setup_teardown to 2024-03-22 00:00:00+00:00, run_after=2024-03-23 00:00:00+00:00
[2024-03-23T00:13:18.973+0000] {processor.py:183} INFO - Processing /home/airflow/.local/lib/python3.8/site-packages/airflow/example_dags/example_setup_teardown.py took 0.084 seconds
[2024-03-23T00:13:49.445+0000] {processor.py:161} INFO - Started process (PID=1188) to work on /home/airflow/.local/lib/python3.8/site-packages/airflow/example_dags/example_setup_teardown.py
[2024-03-23T00:13:49.447+0000] {processor.py:830} INFO - Processing file /home/airflow/.local/lib/python3.8/site-packages/airflow/example_dags/example_setup_teardown.py for tasks to queue
[2024-03-23T00:13:49.449+0000] {logging_mixin.py:188} INFO - [2024-03-23T00:13:49.448+0000] {dagbag.py:540} INFO - Filling up the DagBag from /home/airflow/.local/lib/python3.8/site-packages/airflow/example_dags/example_setup_teardown.py
[2024-03-23T00:13:49.457+0000] {processor.py:840} INFO - DAG(s) 'example_setup_teardown' retrieved from /home/airflow/.local/lib/python3.8/site-packages/airflow/example_dags/example_setup_teardown.py
[2024-03-23T00:13:49.482+0000] {logging_mixin.py:188} INFO - [2024-03-23T00:13:49.482+0000] {dag.py:3047} INFO - Sync 1 DAGs
[2024-03-23T00:13:49.508+0000] {logging_mixin.py:188} INFO - [2024-03-23T00:13:49.508+0000] {dag.py:3834} INFO - Setting next_dagrun for example_setup_teardown to 2024-03-22 00:00:00+00:00, run_after=2024-03-23 00:00:00+00:00
[2024-03-23T00:13:49.529+0000] {processor.py:183} INFO - Processing /home/airflow/.local/lib/python3.8/site-packages/airflow/example_dags/example_setup_teardown.py took 0.088 seconds
[2024-03-23T00:14:20.015+0000] {processor.py:161} INFO - Started process (PID=1243) to work on /home/airflow/.local/lib/python3.8/site-packages/airflow/example_dags/example_setup_teardown.py
[2024-03-23T00:14:20.016+0000] {processor.py:830} INFO - Processing file /home/airflow/.local/lib/python3.8/site-packages/airflow/example_dags/example_setup_teardown.py for tasks to queue
[2024-03-23T00:14:20.018+0000] {logging_mixin.py:188} INFO - [2024-03-23T00:14:20.018+0000] {dagbag.py:540} INFO - Filling up the DagBag from /home/airflow/.local/lib/python3.8/site-packages/airflow/example_dags/example_setup_teardown.py
[2024-03-23T00:14:20.028+0000] {processor.py:840} INFO - DAG(s) 'example_setup_teardown' retrieved from /home/airflow/.local/lib/python3.8/site-packages/airflow/example_dags/example_setup_teardown.py
[2024-03-23T00:14:20.057+0000] {logging_mixin.py:188} INFO - [2024-03-23T00:14:20.057+0000] {dag.py:3047} INFO - Sync 1 DAGs
[2024-03-23T00:14:20.086+0000] {logging_mixin.py:188} INFO - [2024-03-23T00:14:20.085+0000] {dag.py:3834} INFO - Setting next_dagrun for example_setup_teardown to 2024-03-22 00:00:00+00:00, run_after=2024-03-23 00:00:00+00:00
[2024-03-23T00:14:20.108+0000] {processor.py:183} INFO - Processing /home/airflow/.local/lib/python3.8/site-packages/airflow/example_dags/example_setup_teardown.py took 0.097 seconds
[2024-03-23T00:14:50.366+0000] {processor.py:161} INFO - Started process (PID=1298) to work on /home/airflow/.local/lib/python3.8/site-packages/airflow/example_dags/example_setup_teardown.py
[2024-03-23T00:14:50.367+0000] {processor.py:830} INFO - Processing file /home/airflow/.local/lib/python3.8/site-packages/airflow/example_dags/example_setup_teardown.py for tasks to queue
[2024-03-23T00:14:50.370+0000] {logging_mixin.py:188} INFO - [2024-03-23T00:14:50.369+0000] {dagbag.py:540} INFO - Filling up the DagBag from /home/airflow/.local/lib/python3.8/site-packages/airflow/example_dags/example_setup_teardown.py
[2024-03-23T00:14:50.378+0000] {processor.py:840} INFO - DAG(s) 'example_setup_teardown' retrieved from /home/airflow/.local/lib/python3.8/site-packages/airflow/example_dags/example_setup_teardown.py
[2024-03-23T00:14:50.402+0000] {logging_mixin.py:188} INFO - [2024-03-23T00:14:50.402+0000] {dag.py:3047} INFO - Sync 1 DAGs
[2024-03-23T00:14:50.432+0000] {logging_mixin.py:188} INFO - [2024-03-23T00:14:50.431+0000] {dag.py:3834} INFO - Setting next_dagrun for example_setup_teardown to 2024-03-22 00:00:00+00:00, run_after=2024-03-23 00:00:00+00:00
[2024-03-23T00:14:50.456+0000] {processor.py:183} INFO - Processing /home/airflow/.local/lib/python3.8/site-packages/airflow/example_dags/example_setup_teardown.py took 0.094 seconds
[2024-03-23T00:15:20.680+0000] {processor.py:161} INFO - Started process (PID=1353) to work on /home/airflow/.local/lib/python3.8/site-packages/airflow/example_dags/example_setup_teardown.py
[2024-03-23T00:15:20.681+0000] {processor.py:830} INFO - Processing file /home/airflow/.local/lib/python3.8/site-packages/airflow/example_dags/example_setup_teardown.py for tasks to queue
[2024-03-23T00:15:20.683+0000] {logging_mixin.py:188} INFO - [2024-03-23T00:15:20.682+0000] {dagbag.py:540} INFO - Filling up the DagBag from /home/airflow/.local/lib/python3.8/site-packages/airflow/example_dags/example_setup_teardown.py
[2024-03-23T00:15:20.690+0000] {processor.py:840} INFO - DAG(s) 'example_setup_teardown' retrieved from /home/airflow/.local/lib/python3.8/site-packages/airflow/example_dags/example_setup_teardown.py
[2024-03-23T00:15:20.713+0000] {logging_mixin.py:188} INFO - [2024-03-23T00:15:20.713+0000] {dag.py:3047} INFO - Sync 1 DAGs
[2024-03-23T00:15:20.741+0000] {logging_mixin.py:188} INFO - [2024-03-23T00:15:20.741+0000] {dag.py:3834} INFO - Setting next_dagrun for example_setup_teardown to 2024-03-22 00:00:00+00:00, run_after=2024-03-23 00:00:00+00:00
[2024-03-23T00:15:20.765+0000] {processor.py:183} INFO - Processing /home/airflow/.local/lib/python3.8/site-packages/airflow/example_dags/example_setup_teardown.py took 0.089 seconds
[2024-03-23T00:15:51.253+0000] {processor.py:161} INFO - Started process (PID=1408) to work on /home/airflow/.local/lib/python3.8/site-packages/airflow/example_dags/example_setup_teardown.py
[2024-03-23T00:15:51.254+0000] {processor.py:830} INFO - Processing file /home/airflow/.local/lib/python3.8/site-packages/airflow/example_dags/example_setup_teardown.py for tasks to queue
[2024-03-23T00:15:51.256+0000] {logging_mixin.py:188} INFO - [2024-03-23T00:15:51.256+0000] {dagbag.py:540} INFO - Filling up the DagBag from /home/airflow/.local/lib/python3.8/site-packages/airflow/example_dags/example_setup_teardown.py
[2024-03-23T00:15:51.264+0000] {processor.py:840} INFO - DAG(s) 'example_setup_teardown' retrieved from /home/airflow/.local/lib/python3.8/site-packages/airflow/example_dags/example_setup_teardown.py
[2024-03-23T00:15:51.288+0000] {logging_mixin.py:188} INFO - [2024-03-23T00:15:51.287+0000] {dag.py:3047} INFO - Sync 1 DAGs
[2024-03-23T00:15:51.313+0000] {logging_mixin.py:188} INFO - [2024-03-23T00:15:51.313+0000] {dag.py:3834} INFO - Setting next_dagrun for example_setup_teardown to 2024-03-22 00:00:00+00:00, run_after=2024-03-23 00:00:00+00:00
[2024-03-23T00:15:51.333+0000] {processor.py:183} INFO - Processing /home/airflow/.local/lib/python3.8/site-packages/airflow/example_dags/example_setup_teardown.py took 0.084 seconds
[2024-03-23T00:16:21.478+0000] {processor.py:161} INFO - Started process (PID=1463) to work on /home/airflow/.local/lib/python3.8/site-packages/airflow/example_dags/example_setup_teardown.py
[2024-03-23T00:16:21.479+0000] {processor.py:830} INFO - Processing file /home/airflow/.local/lib/python3.8/site-packages/airflow/example_dags/example_setup_teardown.py for tasks to queue
[2024-03-23T00:16:21.482+0000] {logging_mixin.py:188} INFO - [2024-03-23T00:16:21.481+0000] {dagbag.py:540} INFO - Filling up the DagBag from /home/airflow/.local/lib/python3.8/site-packages/airflow/example_dags/example_setup_teardown.py
[2024-03-23T00:16:21.490+0000] {processor.py:840} INFO - DAG(s) 'example_setup_teardown' retrieved from /home/airflow/.local/lib/python3.8/site-packages/airflow/example_dags/example_setup_teardown.py
[2024-03-23T00:16:21.515+0000] {logging_mixin.py:188} INFO - [2024-03-23T00:16:21.514+0000] {dag.py:3047} INFO - Sync 1 DAGs
[2024-03-23T00:16:21.545+0000] {logging_mixin.py:188} INFO - [2024-03-23T00:16:21.544+0000] {dag.py:3834} INFO - Setting next_dagrun for example_setup_teardown to 2024-03-22 00:00:00+00:00, run_after=2024-03-23 00:00:00+00:00
[2024-03-23T00:16:21.565+0000] {processor.py:183} INFO - Processing /home/airflow/.local/lib/python3.8/site-packages/airflow/example_dags/example_setup_teardown.py took 0.091 seconds
[2024-03-23T00:16:51.752+0000] {processor.py:161} INFO - Started process (PID=1518) to work on /home/airflow/.local/lib/python3.8/site-packages/airflow/example_dags/example_setup_teardown.py
[2024-03-23T00:16:51.753+0000] {processor.py:830} INFO - Processing file /home/airflow/.local/lib/python3.8/site-packages/airflow/example_dags/example_setup_teardown.py for tasks to queue
[2024-03-23T00:16:51.755+0000] {logging_mixin.py:188} INFO - [2024-03-23T00:16:51.755+0000] {dagbag.py:540} INFO - Filling up the DagBag from /home/airflow/.local/lib/python3.8/site-packages/airflow/example_dags/example_setup_teardown.py
[2024-03-23T00:16:51.763+0000] {processor.py:840} INFO - DAG(s) 'example_setup_teardown' retrieved from /home/airflow/.local/lib/python3.8/site-packages/airflow/example_dags/example_setup_teardown.py
[2024-03-23T00:16:51.786+0000] {logging_mixin.py:188} INFO - [2024-03-23T00:16:51.786+0000] {dag.py:3047} INFO - Sync 1 DAGs
[2024-03-23T00:16:51.814+0000] {logging_mixin.py:188} INFO - [2024-03-23T00:16:51.814+0000] {dag.py:3834} INFO - Setting next_dagrun for example_setup_teardown to 2024-03-22 00:00:00+00:00, run_after=2024-03-23 00:00:00+00:00
[2024-03-23T00:16:51.837+0000] {processor.py:183} INFO - Processing /home/airflow/.local/lib/python3.8/site-packages/airflow/example_dags/example_setup_teardown.py took 0.089 seconds
[2024-03-23T00:17:22.174+0000] {processor.py:161} INFO - Started process (PID=1573) to work on /home/airflow/.local/lib/python3.8/site-packages/airflow/example_dags/example_setup_teardown.py
[2024-03-23T00:17:22.175+0000] {processor.py:830} INFO - Processing file /home/airflow/.local/lib/python3.8/site-packages/airflow/example_dags/example_setup_teardown.py for tasks to queue
[2024-03-23T00:17:22.178+0000] {logging_mixin.py:188} INFO - [2024-03-23T00:17:22.177+0000] {dagbag.py:540} INFO - Filling up the DagBag from /home/airflow/.local/lib/python3.8/site-packages/airflow/example_dags/example_setup_teardown.py
[2024-03-23T00:17:22.186+0000] {processor.py:840} INFO - DAG(s) 'example_setup_teardown' retrieved from /home/airflow/.local/lib/python3.8/site-packages/airflow/example_dags/example_setup_teardown.py
[2024-03-23T00:17:22.217+0000] {logging_mixin.py:188} INFO - [2024-03-23T00:17:22.216+0000] {dag.py:3047} INFO - Sync 1 DAGs
[2024-03-23T00:17:22.243+0000] {logging_mixin.py:188} INFO - [2024-03-23T00:17:22.242+0000] {dag.py:3834} INFO - Setting next_dagrun for example_setup_teardown to 2024-03-22 00:00:00+00:00, run_after=2024-03-23 00:00:00+00:00
[2024-03-23T00:17:22.263+0000] {processor.py:183} INFO - Processing /home/airflow/.local/lib/python3.8/site-packages/airflow/example_dags/example_setup_teardown.py took 0.092 seconds
[2024-03-23T00:17:52.643+0000] {processor.py:161} INFO - Started process (PID=1628) to work on /home/airflow/.local/lib/python3.8/site-packages/airflow/example_dags/example_setup_teardown.py
[2024-03-23T00:17:52.645+0000] {processor.py:830} INFO - Processing file /home/airflow/.local/lib/python3.8/site-packages/airflow/example_dags/example_setup_teardown.py for tasks to queue
[2024-03-23T00:17:52.648+0000] {logging_mixin.py:188} INFO - [2024-03-23T00:17:52.647+0000] {dagbag.py:540} INFO - Filling up the DagBag from /home/airflow/.local/lib/python3.8/site-packages/airflow/example_dags/example_setup_teardown.py
[2024-03-23T00:17:52.656+0000] {processor.py:840} INFO - DAG(s) 'example_setup_teardown' retrieved from /home/airflow/.local/lib/python3.8/site-packages/airflow/example_dags/example_setup_teardown.py
[2024-03-23T00:17:52.681+0000] {logging_mixin.py:188} INFO - [2024-03-23T00:17:52.681+0000] {dag.py:3047} INFO - Sync 1 DAGs
[2024-03-23T00:17:52.706+0000] {logging_mixin.py:188} INFO - [2024-03-23T00:17:52.705+0000] {dag.py:3834} INFO - Setting next_dagrun for example_setup_teardown to 2024-03-22 00:00:00+00:00, run_after=2024-03-23 00:00:00+00:00
[2024-03-23T00:17:52.726+0000] {processor.py:183} INFO - Processing /home/airflow/.local/lib/python3.8/site-packages/airflow/example_dags/example_setup_teardown.py took 0.087 seconds
[2024-03-23T00:18:23.000+0000] {processor.py:161} INFO - Started process (PID=1683) to work on /home/airflow/.local/lib/python3.8/site-packages/airflow/example_dags/example_setup_teardown.py
[2024-03-23T00:18:23.001+0000] {processor.py:830} INFO - Processing file /home/airflow/.local/lib/python3.8/site-packages/airflow/example_dags/example_setup_teardown.py for tasks to queue
[2024-03-23T00:18:23.003+0000] {logging_mixin.py:188} INFO - [2024-03-23T00:18:23.003+0000] {dagbag.py:540} INFO - Filling up the DagBag from /home/airflow/.local/lib/python3.8/site-packages/airflow/example_dags/example_setup_teardown.py
[2024-03-23T00:18:23.012+0000] {processor.py:840} INFO - DAG(s) 'example_setup_teardown' retrieved from /home/airflow/.local/lib/python3.8/site-packages/airflow/example_dags/example_setup_teardown.py
[2024-03-23T00:18:23.036+0000] {logging_mixin.py:188} INFO - [2024-03-23T00:18:23.035+0000] {dag.py:3047} INFO - Sync 1 DAGs
[2024-03-23T00:18:23.061+0000] {logging_mixin.py:188} INFO - [2024-03-23T00:18:23.061+0000] {dag.py:3834} INFO - Setting next_dagrun for example_setup_teardown to 2024-03-22 00:00:00+00:00, run_after=2024-03-23 00:00:00+00:00
[2024-03-23T00:18:23.088+0000] {processor.py:183} INFO - Processing /home/airflow/.local/lib/python3.8/site-packages/airflow/example_dags/example_setup_teardown.py took 0.092 seconds
[2024-03-23T00:18:53.390+0000] {processor.py:161} INFO - Started process (PID=1738) to work on /home/airflow/.local/lib/python3.8/site-packages/airflow/example_dags/example_setup_teardown.py
[2024-03-23T00:18:53.392+0000] {processor.py:830} INFO - Processing file /home/airflow/.local/lib/python3.8/site-packages/airflow/example_dags/example_setup_teardown.py for tasks to queue
[2024-03-23T00:18:53.394+0000] {logging_mixin.py:188} INFO - [2024-03-23T00:18:53.393+0000] {dagbag.py:540} INFO - Filling up the DagBag from /home/airflow/.local/lib/python3.8/site-packages/airflow/example_dags/example_setup_teardown.py
[2024-03-23T00:18:53.401+0000] {processor.py:840} INFO - DAG(s) 'example_setup_teardown' retrieved from /home/airflow/.local/lib/python3.8/site-packages/airflow/example_dags/example_setup_teardown.py
[2024-03-23T00:18:53.426+0000] {logging_mixin.py:188} INFO - [2024-03-23T00:18:53.425+0000] {dag.py:3047} INFO - Sync 1 DAGs
[2024-03-23T00:18:53.450+0000] {logging_mixin.py:188} INFO - [2024-03-23T00:18:53.450+0000] {dag.py:3834} INFO - Setting next_dagrun for example_setup_teardown to 2024-03-22 00:00:00+00:00, run_after=2024-03-23 00:00:00+00:00
[2024-03-23T00:18:53.469+0000] {processor.py:183} INFO - Processing /home/airflow/.local/lib/python3.8/site-packages/airflow/example_dags/example_setup_teardown.py took 0.083 seconds
[2024-03-23T00:19:23.944+0000] {processor.py:161} INFO - Started process (PID=1793) to work on /home/airflow/.local/lib/python3.8/site-packages/airflow/example_dags/example_setup_teardown.py
[2024-03-23T00:19:23.945+0000] {processor.py:830} INFO - Processing file /home/airflow/.local/lib/python3.8/site-packages/airflow/example_dags/example_setup_teardown.py for tasks to queue
[2024-03-23T00:19:23.947+0000] {logging_mixin.py:188} INFO - [2024-03-23T00:19:23.947+0000] {dagbag.py:540} INFO - Filling up the DagBag from /home/airflow/.local/lib/python3.8/site-packages/airflow/example_dags/example_setup_teardown.py
[2024-03-23T00:19:23.957+0000] {processor.py:840} INFO - DAG(s) 'example_setup_teardown' retrieved from /home/airflow/.local/lib/python3.8/site-packages/airflow/example_dags/example_setup_teardown.py
[2024-03-23T00:19:23.982+0000] {logging_mixin.py:188} INFO - [2024-03-23T00:19:23.981+0000] {dag.py:3047} INFO - Sync 1 DAGs
[2024-03-23T00:19:24.007+0000] {logging_mixin.py:188} INFO - [2024-03-23T00:19:24.007+0000] {dag.py:3834} INFO - Setting next_dagrun for example_setup_teardown to 2024-03-22 00:00:00+00:00, run_after=2024-03-23 00:00:00+00:00
[2024-03-23T00:19:24.028+0000] {processor.py:183} INFO - Processing /home/airflow/.local/lib/python3.8/site-packages/airflow/example_dags/example_setup_teardown.py took 0.089 seconds
[2024-03-23T00:19:54.547+0000] {processor.py:161} INFO - Started process (PID=1848) to work on /home/airflow/.local/lib/python3.8/site-packages/airflow/example_dags/example_setup_teardown.py
[2024-03-23T00:19:54.548+0000] {processor.py:830} INFO - Processing file /home/airflow/.local/lib/python3.8/site-packages/airflow/example_dags/example_setup_teardown.py for tasks to queue
[2024-03-23T00:19:54.550+0000] {logging_mixin.py:188} INFO - [2024-03-23T00:19:54.549+0000] {dagbag.py:540} INFO - Filling up the DagBag from /home/airflow/.local/lib/python3.8/site-packages/airflow/example_dags/example_setup_teardown.py
[2024-03-23T00:19:54.558+0000] {processor.py:840} INFO - DAG(s) 'example_setup_teardown' retrieved from /home/airflow/.local/lib/python3.8/site-packages/airflow/example_dags/example_setup_teardown.py
[2024-03-23T00:19:54.582+0000] {logging_mixin.py:188} INFO - [2024-03-23T00:19:54.581+0000] {dag.py:3047} INFO - Sync 1 DAGs
[2024-03-23T00:19:54.607+0000] {logging_mixin.py:188} INFO - [2024-03-23T00:19:54.606+0000] {dag.py:3834} INFO - Setting next_dagrun for example_setup_teardown to 2024-03-22 00:00:00+00:00, run_after=2024-03-23 00:00:00+00:00
[2024-03-23T00:19:54.628+0000] {processor.py:183} INFO - Processing /home/airflow/.local/lib/python3.8/site-packages/airflow/example_dags/example_setup_teardown.py took 0.085 seconds
[2024-03-23T00:20:24.990+0000] {processor.py:161} INFO - Started process (PID=1903) to work on /home/airflow/.local/lib/python3.8/site-packages/airflow/example_dags/example_setup_teardown.py
[2024-03-23T00:20:24.991+0000] {processor.py:830} INFO - Processing file /home/airflow/.local/lib/python3.8/site-packages/airflow/example_dags/example_setup_teardown.py for tasks to queue
[2024-03-23T00:20:24.993+0000] {logging_mixin.py:188} INFO - [2024-03-23T00:20:24.993+0000] {dagbag.py:540} INFO - Filling up the DagBag from /home/airflow/.local/lib/python3.8/site-packages/airflow/example_dags/example_setup_teardown.py
[2024-03-23T00:20:25.001+0000] {processor.py:840} INFO - DAG(s) 'example_setup_teardown' retrieved from /home/airflow/.local/lib/python3.8/site-packages/airflow/example_dags/example_setup_teardown.py
[2024-03-23T00:20:25.025+0000] {logging_mixin.py:188} INFO - [2024-03-23T00:20:25.024+0000] {dag.py:3047} INFO - Sync 1 DAGs
[2024-03-23T00:20:25.050+0000] {logging_mixin.py:188} INFO - [2024-03-23T00:20:25.050+0000] {dag.py:3834} INFO - Setting next_dagrun for example_setup_teardown to 2024-03-22 00:00:00+00:00, run_after=2024-03-23 00:00:00+00:00
[2024-03-23T00:20:25.069+0000] {processor.py:183} INFO - Processing /home/airflow/.local/lib/python3.8/site-packages/airflow/example_dags/example_setup_teardown.py took 0.084 seconds
[2024-03-23T00:20:55.611+0000] {processor.py:161} INFO - Started process (PID=1958) to work on /home/airflow/.local/lib/python3.8/site-packages/airflow/example_dags/example_setup_teardown.py
[2024-03-23T00:20:55.613+0000] {processor.py:830} INFO - Processing file /home/airflow/.local/lib/python3.8/site-packages/airflow/example_dags/example_setup_teardown.py for tasks to queue
[2024-03-23T00:20:55.616+0000] {logging_mixin.py:188} INFO - [2024-03-23T00:20:55.615+0000] {dagbag.py:540} INFO - Filling up the DagBag from /home/airflow/.local/lib/python3.8/site-packages/airflow/example_dags/example_setup_teardown.py
[2024-03-23T00:20:55.624+0000] {processor.py:840} INFO - DAG(s) 'example_setup_teardown' retrieved from /home/airflow/.local/lib/python3.8/site-packages/airflow/example_dags/example_setup_teardown.py
[2024-03-23T00:20:55.648+0000] {logging_mixin.py:188} INFO - [2024-03-23T00:20:55.648+0000] {dag.py:3047} INFO - Sync 1 DAGs
[2024-03-23T00:20:55.675+0000] {logging_mixin.py:188} INFO - [2024-03-23T00:20:55.674+0000] {dag.py:3834} INFO - Setting next_dagrun for example_setup_teardown to 2024-03-22 00:00:00+00:00, run_after=2024-03-23 00:00:00+00:00
[2024-03-23T00:20:55.694+0000] {processor.py:183} INFO - Processing /home/airflow/.local/lib/python3.8/site-packages/airflow/example_dags/example_setup_teardown.py took 0.087 seconds
[2024-03-23T00:21:25.968+0000] {processor.py:161} INFO - Started process (PID=2013) to work on /home/airflow/.local/lib/python3.8/site-packages/airflow/example_dags/example_setup_teardown.py
[2024-03-23T00:21:25.970+0000] {processor.py:830} INFO - Processing file /home/airflow/.local/lib/python3.8/site-packages/airflow/example_dags/example_setup_teardown.py for tasks to queue
[2024-03-23T00:21:25.972+0000] {logging_mixin.py:188} INFO - [2024-03-23T00:21:25.971+0000] {dagbag.py:540} INFO - Filling up the DagBag from /home/airflow/.local/lib/python3.8/site-packages/airflow/example_dags/example_setup_teardown.py
[2024-03-23T00:21:25.980+0000] {processor.py:840} INFO - DAG(s) 'example_setup_teardown' retrieved from /home/airflow/.local/lib/python3.8/site-packages/airflow/example_dags/example_setup_teardown.py
[2024-03-23T00:21:26.003+0000] {logging_mixin.py:188} INFO - [2024-03-23T00:21:26.003+0000] {dag.py:3047} INFO - Sync 1 DAGs
[2024-03-23T00:21:26.028+0000] {logging_mixin.py:188} INFO - [2024-03-23T00:21:26.028+0000] {dag.py:3834} INFO - Setting next_dagrun for example_setup_teardown to 2024-03-22 00:00:00+00:00, run_after=2024-03-23 00:00:00+00:00
[2024-03-23T00:21:26.047+0000] {processor.py:183} INFO - Processing /home/airflow/.local/lib/python3.8/site-packages/airflow/example_dags/example_setup_teardown.py took 0.083 seconds
[2024-03-23T00:21:56.926+0000] {processor.py:161} INFO - Started process (PID=2068) to work on /home/airflow/.local/lib/python3.8/site-packages/airflow/example_dags/example_setup_teardown.py
[2024-03-23T00:21:56.928+0000] {processor.py:830} INFO - Processing file /home/airflow/.local/lib/python3.8/site-packages/airflow/example_dags/example_setup_teardown.py for tasks to queue
[2024-03-23T00:21:56.930+0000] {logging_mixin.py:188} INFO - [2024-03-23T00:21:56.930+0000] {dagbag.py:540} INFO - Filling up the DagBag from /home/airflow/.local/lib/python3.8/site-packages/airflow/example_dags/example_setup_teardown.py
[2024-03-23T00:21:56.938+0000] {processor.py:840} INFO - DAG(s) 'example_setup_teardown' retrieved from /home/airflow/.local/lib/python3.8/site-packages/airflow/example_dags/example_setup_teardown.py
[2024-03-23T00:21:56.962+0000] {logging_mixin.py:188} INFO - [2024-03-23T00:21:56.961+0000] {dag.py:3047} INFO - Sync 1 DAGs
[2024-03-23T00:21:56.986+0000] {logging_mixin.py:188} INFO - [2024-03-23T00:21:56.986+0000] {dag.py:3834} INFO - Setting next_dagrun for example_setup_teardown to 2024-03-22 00:00:00+00:00, run_after=2024-03-23 00:00:00+00:00
[2024-03-23T00:21:57.005+0000] {processor.py:183} INFO - Processing /home/airflow/.local/lib/python3.8/site-packages/airflow/example_dags/example_setup_teardown.py took 0.083 seconds
[2024-03-23T00:22:27.365+0000] {processor.py:161} INFO - Started process (PID=2123) to work on /home/airflow/.local/lib/python3.8/site-packages/airflow/example_dags/example_setup_teardown.py
[2024-03-23T00:22:27.366+0000] {processor.py:830} INFO - Processing file /home/airflow/.local/lib/python3.8/site-packages/airflow/example_dags/example_setup_teardown.py for tasks to queue
[2024-03-23T00:22:27.368+0000] {logging_mixin.py:188} INFO - [2024-03-23T00:22:27.368+0000] {dagbag.py:540} INFO - Filling up the DagBag from /home/airflow/.local/lib/python3.8/site-packages/airflow/example_dags/example_setup_teardown.py
[2024-03-23T00:22:27.376+0000] {processor.py:840} INFO - DAG(s) 'example_setup_teardown' retrieved from /home/airflow/.local/lib/python3.8/site-packages/airflow/example_dags/example_setup_teardown.py
[2024-03-23T00:22:27.400+0000] {logging_mixin.py:188} INFO - [2024-03-23T00:22:27.400+0000] {dag.py:3047} INFO - Sync 1 DAGs
[2024-03-23T00:22:27.427+0000] {logging_mixin.py:188} INFO - [2024-03-23T00:22:27.427+0000] {dag.py:3834} INFO - Setting next_dagrun for example_setup_teardown to 2024-03-22 00:00:00+00:00, run_after=2024-03-23 00:00:00+00:00
[2024-03-23T00:22:27.455+0000] {processor.py:183} INFO - Processing /home/airflow/.local/lib/python3.8/site-packages/airflow/example_dags/example_setup_teardown.py took 0.094 seconds
[2024-03-23T00:22:57.621+0000] {processor.py:161} INFO - Started process (PID=2178) to work on /home/airflow/.local/lib/python3.8/site-packages/airflow/example_dags/example_setup_teardown.py
[2024-03-23T00:22:57.623+0000] {processor.py:830} INFO - Processing file /home/airflow/.local/lib/python3.8/site-packages/airflow/example_dags/example_setup_teardown.py for tasks to queue
[2024-03-23T00:22:57.625+0000] {logging_mixin.py:188} INFO - [2024-03-23T00:22:57.624+0000] {dagbag.py:540} INFO - Filling up the DagBag from /home/airflow/.local/lib/python3.8/site-packages/airflow/example_dags/example_setup_teardown.py
[2024-03-23T00:22:57.632+0000] {processor.py:840} INFO - DAG(s) 'example_setup_teardown' retrieved from /home/airflow/.local/lib/python3.8/site-packages/airflow/example_dags/example_setup_teardown.py
[2024-03-23T00:22:57.655+0000] {logging_mixin.py:188} INFO - [2024-03-23T00:22:57.654+0000] {dag.py:3047} INFO - Sync 1 DAGs
[2024-03-23T00:22:57.680+0000] {logging_mixin.py:188} INFO - [2024-03-23T00:22:57.679+0000] {dag.py:3834} INFO - Setting next_dagrun for example_setup_teardown to 2024-03-22 00:00:00+00:00, run_after=2024-03-23 00:00:00+00:00
[2024-03-23T00:22:57.699+0000] {processor.py:183} INFO - Processing /home/airflow/.local/lib/python3.8/site-packages/airflow/example_dags/example_setup_teardown.py took 0.081 seconds
[2024-03-23T00:23:27.987+0000] {processor.py:161} INFO - Started process (PID=2233) to work on /home/airflow/.local/lib/python3.8/site-packages/airflow/example_dags/example_setup_teardown.py
[2024-03-23T00:23:27.988+0000] {processor.py:830} INFO - Processing file /home/airflow/.local/lib/python3.8/site-packages/airflow/example_dags/example_setup_teardown.py for tasks to queue
[2024-03-23T00:23:27.990+0000] {logging_mixin.py:188} INFO - [2024-03-23T00:23:27.990+0000] {dagbag.py:540} INFO - Filling up the DagBag from /home/airflow/.local/lib/python3.8/site-packages/airflow/example_dags/example_setup_teardown.py
[2024-03-23T00:23:27.998+0000] {processor.py:840} INFO - DAG(s) 'example_setup_teardown' retrieved from /home/airflow/.local/lib/python3.8/site-packages/airflow/example_dags/example_setup_teardown.py
[2024-03-23T00:23:28.022+0000] {logging_mixin.py:188} INFO - [2024-03-23T00:23:28.021+0000] {dag.py:3047} INFO - Sync 1 DAGs
[2024-03-23T00:23:28.047+0000] {logging_mixin.py:188} INFO - [2024-03-23T00:23:28.046+0000] {dag.py:3834} INFO - Setting next_dagrun for example_setup_teardown to 2024-03-22 00:00:00+00:00, run_after=2024-03-23 00:00:00+00:00
[2024-03-23T00:23:28.066+0000] {processor.py:183} INFO - Processing /home/airflow/.local/lib/python3.8/site-packages/airflow/example_dags/example_setup_teardown.py took 0.084 seconds
[2024-03-23T00:23:58.255+0000] {processor.py:161} INFO - Started process (PID=2288) to work on /home/airflow/.local/lib/python3.8/site-packages/airflow/example_dags/example_setup_teardown.py
[2024-03-23T00:23:58.256+0000] {processor.py:830} INFO - Processing file /home/airflow/.local/lib/python3.8/site-packages/airflow/example_dags/example_setup_teardown.py for tasks to queue
[2024-03-23T00:23:58.258+0000] {logging_mixin.py:188} INFO - [2024-03-23T00:23:58.258+0000] {dagbag.py:540} INFO - Filling up the DagBag from /home/airflow/.local/lib/python3.8/site-packages/airflow/example_dags/example_setup_teardown.py
[2024-03-23T00:23:58.266+0000] {processor.py:840} INFO - DAG(s) 'example_setup_teardown' retrieved from /home/airflow/.local/lib/python3.8/site-packages/airflow/example_dags/example_setup_teardown.py
[2024-03-23T00:23:58.290+0000] {logging_mixin.py:188} INFO - [2024-03-23T00:23:58.289+0000] {dag.py:3047} INFO - Sync 1 DAGs
[2024-03-23T00:23:58.314+0000] {logging_mixin.py:188} INFO - [2024-03-23T00:23:58.314+0000] {dag.py:3834} INFO - Setting next_dagrun for example_setup_teardown to 2024-03-22 00:00:00+00:00, run_after=2024-03-23 00:00:00+00:00
[2024-03-23T00:23:58.335+0000] {processor.py:183} INFO - Processing /home/airflow/.local/lib/python3.8/site-packages/airflow/example_dags/example_setup_teardown.py took 0.084 seconds
[2024-03-23T00:24:28.594+0000] {processor.py:161} INFO - Started process (PID=2343) to work on /home/airflow/.local/lib/python3.8/site-packages/airflow/example_dags/example_setup_teardown.py
[2024-03-23T00:24:28.595+0000] {processor.py:830} INFO - Processing file /home/airflow/.local/lib/python3.8/site-packages/airflow/example_dags/example_setup_teardown.py for tasks to queue
[2024-03-23T00:24:28.597+0000] {logging_mixin.py:188} INFO - [2024-03-23T00:24:28.597+0000] {dagbag.py:540} INFO - Filling up the DagBag from /home/airflow/.local/lib/python3.8/site-packages/airflow/example_dags/example_setup_teardown.py
[2024-03-23T00:24:28.605+0000] {processor.py:840} INFO - DAG(s) 'example_setup_teardown' retrieved from /home/airflow/.local/lib/python3.8/site-packages/airflow/example_dags/example_setup_teardown.py
[2024-03-23T00:24:28.628+0000] {logging_mixin.py:188} INFO - [2024-03-23T00:24:28.628+0000] {dag.py:3047} INFO - Sync 1 DAGs
[2024-03-23T00:24:28.655+0000] {logging_mixin.py:188} INFO - [2024-03-23T00:24:28.655+0000] {dag.py:3834} INFO - Setting next_dagrun for example_setup_teardown to 2024-03-22 00:00:00+00:00, run_after=2024-03-23 00:00:00+00:00
[2024-03-23T00:24:28.675+0000] {processor.py:183} INFO - Processing /home/airflow/.local/lib/python3.8/site-packages/airflow/example_dags/example_setup_teardown.py took 0.086 seconds
[2024-03-23T00:24:58.824+0000] {processor.py:161} INFO - Started process (PID=2398) to work on /home/airflow/.local/lib/python3.8/site-packages/airflow/example_dags/example_setup_teardown.py
[2024-03-23T00:24:58.825+0000] {processor.py:830} INFO - Processing file /home/airflow/.local/lib/python3.8/site-packages/airflow/example_dags/example_setup_teardown.py for tasks to queue
[2024-03-23T00:24:58.827+0000] {logging_mixin.py:188} INFO - [2024-03-23T00:24:58.827+0000] {dagbag.py:540} INFO - Filling up the DagBag from /home/airflow/.local/lib/python3.8/site-packages/airflow/example_dags/example_setup_teardown.py
[2024-03-23T00:24:58.837+0000] {processor.py:840} INFO - DAG(s) 'example_setup_teardown' retrieved from /home/airflow/.local/lib/python3.8/site-packages/airflow/example_dags/example_setup_teardown.py
[2024-03-23T00:24:58.861+0000] {logging_mixin.py:188} INFO - [2024-03-23T00:24:58.860+0000] {dag.py:3047} INFO - Sync 1 DAGs
[2024-03-23T00:24:58.885+0000] {logging_mixin.py:188} INFO - [2024-03-23T00:24:58.884+0000] {dag.py:3834} INFO - Setting next_dagrun for example_setup_teardown to 2024-03-22 00:00:00+00:00, run_after=2024-03-23 00:00:00+00:00
[2024-03-23T00:24:58.904+0000] {processor.py:183} INFO - Processing /home/airflow/.local/lib/python3.8/site-packages/airflow/example_dags/example_setup_teardown.py took 0.084 seconds
[2024-03-23T00:25:29.101+0000] {processor.py:161} INFO - Started process (PID=2453) to work on /home/airflow/.local/lib/python3.8/site-packages/airflow/example_dags/example_setup_teardown.py
[2024-03-23T00:25:29.102+0000] {processor.py:830} INFO - Processing file /home/airflow/.local/lib/python3.8/site-packages/airflow/example_dags/example_setup_teardown.py for tasks to queue
[2024-03-23T00:25:29.104+0000] {logging_mixin.py:188} INFO - [2024-03-23T00:25:29.104+0000] {dagbag.py:540} INFO - Filling up the DagBag from /home/airflow/.local/lib/python3.8/site-packages/airflow/example_dags/example_setup_teardown.py
[2024-03-23T00:25:29.113+0000] {processor.py:840} INFO - DAG(s) 'example_setup_teardown' retrieved from /home/airflow/.local/lib/python3.8/site-packages/airflow/example_dags/example_setup_teardown.py
[2024-03-23T00:25:29.137+0000] {logging_mixin.py:188} INFO - [2024-03-23T00:25:29.137+0000] {dag.py:3047} INFO - Sync 1 DAGs
[2024-03-23T00:25:29.162+0000] {logging_mixin.py:188} INFO - [2024-03-23T00:25:29.161+0000] {dag.py:3834} INFO - Setting next_dagrun for example_setup_teardown to 2024-03-22 00:00:00+00:00, run_after=2024-03-23 00:00:00+00:00
[2024-03-23T00:25:29.181+0000] {processor.py:183} INFO - Processing /home/airflow/.local/lib/python3.8/site-packages/airflow/example_dags/example_setup_teardown.py took 0.084 seconds
[2024-03-23T00:25:59.798+0000] {processor.py:161} INFO - Started process (PID=2505) to work on /home/airflow/.local/lib/python3.8/site-packages/airflow/example_dags/example_setup_teardown.py
[2024-03-23T00:25:59.799+0000] {processor.py:830} INFO - Processing file /home/airflow/.local/lib/python3.8/site-packages/airflow/example_dags/example_setup_teardown.py for tasks to queue
[2024-03-23T00:25:59.801+0000] {logging_mixin.py:188} INFO - [2024-03-23T00:25:59.801+0000] {dagbag.py:540} INFO - Filling up the DagBag from /home/airflow/.local/lib/python3.8/site-packages/airflow/example_dags/example_setup_teardown.py
[2024-03-23T00:25:59.809+0000] {processor.py:840} INFO - DAG(s) 'example_setup_teardown' retrieved from /home/airflow/.local/lib/python3.8/site-packages/airflow/example_dags/example_setup_teardown.py
[2024-03-23T00:25:59.833+0000] {logging_mixin.py:188} INFO - [2024-03-23T00:25:59.833+0000] {dag.py:3047} INFO - Sync 1 DAGs
[2024-03-23T00:25:59.860+0000] {logging_mixin.py:188} INFO - [2024-03-23T00:25:59.860+0000] {dag.py:3834} INFO - Setting next_dagrun for example_setup_teardown to 2024-03-22 00:00:00+00:00, run_after=2024-03-23 00:00:00+00:00
[2024-03-23T00:25:59.880+0000] {processor.py:183} INFO - Processing /home/airflow/.local/lib/python3.8/site-packages/airflow/example_dags/example_setup_teardown.py took 0.086 seconds
