[2024-03-23T00:03:39.941+0000] {processor.py:161} INFO - Started process (PID=73) to work on /home/airflow/.local/lib/python3.8/site-packages/airflow/example_dags/tutorial.py
[2024-03-23T00:03:39.943+0000] {processor.py:830} INFO - Processing file /home/airflow/.local/lib/python3.8/site-packages/airflow/example_dags/tutorial.py for tasks to queue
[2024-03-23T00:03:39.949+0000] {logging_mixin.py:188} INFO - [2024-03-23T00:03:39.948+0000] {dagbag.py:540} INFO - Filling up the DagBag from /home/airflow/.local/lib/python3.8/site-packages/airflow/example_dags/tutorial.py
[2024-03-23T00:03:39.962+0000] {processor.py:840} INFO - DAG(s) 'tutorial' retrieved from /home/airflow/.local/lib/python3.8/site-packages/airflow/example_dags/tutorial.py
[2024-03-23T00:03:40.005+0000] {logging_mixin.py:188} INFO - [2024-03-23T00:03:40.004+0000] {dag.py:3047} INFO - Sync 1 DAGs
[2024-03-23T00:03:40.058+0000] {logging_mixin.py:188} INFO - [2024-03-23T00:03:40.058+0000] {dag.py:3834} INFO - Setting next_dagrun for tutorial to 2024-03-22 00:00:00+00:00, run_after=2024-03-23 00:00:00+00:00
[2024-03-23T00:03:40.096+0000] {processor.py:183} INFO - Processing /home/airflow/.local/lib/python3.8/site-packages/airflow/example_dags/tutorial.py took 0.161 seconds
[2024-03-23T00:04:10.698+0000] {processor.py:161} INFO - Started process (PID=128) to work on /home/airflow/.local/lib/python3.8/site-packages/airflow/example_dags/tutorial.py
[2024-03-23T00:04:10.700+0000] {processor.py:830} INFO - Processing file /home/airflow/.local/lib/python3.8/site-packages/airflow/example_dags/tutorial.py for tasks to queue
[2024-03-23T00:04:10.702+0000] {logging_mixin.py:188} INFO - [2024-03-23T00:04:10.701+0000] {dagbag.py:540} INFO - Filling up the DagBag from /home/airflow/.local/lib/python3.8/site-packages/airflow/example_dags/tutorial.py
[2024-03-23T00:04:10.709+0000] {processor.py:840} INFO - DAG(s) 'tutorial' retrieved from /home/airflow/.local/lib/python3.8/site-packages/airflow/example_dags/tutorial.py
[2024-03-23T00:04:10.731+0000] {logging_mixin.py:188} INFO - [2024-03-23T00:04:10.731+0000] {dag.py:3047} INFO - Sync 1 DAGs
[2024-03-23T00:04:10.756+0000] {logging_mixin.py:188} INFO - [2024-03-23T00:04:10.756+0000] {dag.py:3834} INFO - Setting next_dagrun for tutorial to 2024-03-22 00:00:00+00:00, run_after=2024-03-23 00:00:00+00:00
[2024-03-23T00:04:10.776+0000] {processor.py:183} INFO - Processing /home/airflow/.local/lib/python3.8/site-packages/airflow/example_dags/tutorial.py took 0.081 seconds
[2024-03-23T00:04:41.130+0000] {processor.py:161} INFO - Started process (PID=183) to work on /home/airflow/.local/lib/python3.8/site-packages/airflow/example_dags/tutorial.py
[2024-03-23T00:04:41.131+0000] {processor.py:830} INFO - Processing file /home/airflow/.local/lib/python3.8/site-packages/airflow/example_dags/tutorial.py for tasks to queue
[2024-03-23T00:04:41.133+0000] {logging_mixin.py:188} INFO - [2024-03-23T00:04:41.133+0000] {dagbag.py:540} INFO - Filling up the DagBag from /home/airflow/.local/lib/python3.8/site-packages/airflow/example_dags/tutorial.py
[2024-03-23T00:04:41.140+0000] {processor.py:840} INFO - DAG(s) 'tutorial' retrieved from /home/airflow/.local/lib/python3.8/site-packages/airflow/example_dags/tutorial.py
[2024-03-23T00:04:41.162+0000] {logging_mixin.py:188} INFO - [2024-03-23T00:04:41.162+0000] {dag.py:3047} INFO - Sync 1 DAGs
[2024-03-23T00:04:41.188+0000] {logging_mixin.py:188} INFO - [2024-03-23T00:04:41.188+0000] {dag.py:3834} INFO - Setting next_dagrun for tutorial to 2024-03-22 00:00:00+00:00, run_after=2024-03-23 00:00:00+00:00
[2024-03-23T00:04:41.207+0000] {processor.py:183} INFO - Processing /home/airflow/.local/lib/python3.8/site-packages/airflow/example_dags/tutorial.py took 0.082 seconds
[2024-03-23T00:05:11.353+0000] {processor.py:161} INFO - Started process (PID=238) to work on /home/airflow/.local/lib/python3.8/site-packages/airflow/example_dags/tutorial.py
[2024-03-23T00:05:11.354+0000] {processor.py:830} INFO - Processing file /home/airflow/.local/lib/python3.8/site-packages/airflow/example_dags/tutorial.py for tasks to queue
[2024-03-23T00:05:11.356+0000] {logging_mixin.py:188} INFO - [2024-03-23T00:05:11.356+0000] {dagbag.py:540} INFO - Filling up the DagBag from /home/airflow/.local/lib/python3.8/site-packages/airflow/example_dags/tutorial.py
[2024-03-23T00:05:11.363+0000] {processor.py:840} INFO - DAG(s) 'tutorial' retrieved from /home/airflow/.local/lib/python3.8/site-packages/airflow/example_dags/tutorial.py
[2024-03-23T00:05:11.386+0000] {logging_mixin.py:188} INFO - [2024-03-23T00:05:11.386+0000] {dag.py:3047} INFO - Sync 1 DAGs
[2024-03-23T00:05:11.412+0000] {logging_mixin.py:188} INFO - [2024-03-23T00:05:11.412+0000] {dag.py:3834} INFO - Setting next_dagrun for tutorial to 2024-03-22 00:00:00+00:00, run_after=2024-03-23 00:00:00+00:00
[2024-03-23T00:05:11.432+0000] {processor.py:183} INFO - Processing /home/airflow/.local/lib/python3.8/site-packages/airflow/example_dags/tutorial.py took 0.084 seconds
[2024-03-23T00:05:41.992+0000] {processor.py:161} INFO - Started process (PID=293) to work on /home/airflow/.local/lib/python3.8/site-packages/airflow/example_dags/tutorial.py
[2024-03-23T00:05:41.993+0000] {processor.py:830} INFO - Processing file /home/airflow/.local/lib/python3.8/site-packages/airflow/example_dags/tutorial.py for tasks to queue
[2024-03-23T00:05:41.995+0000] {logging_mixin.py:188} INFO - [2024-03-23T00:05:41.995+0000] {dagbag.py:540} INFO - Filling up the DagBag from /home/airflow/.local/lib/python3.8/site-packages/airflow/example_dags/tutorial.py
[2024-03-23T00:05:42.002+0000] {processor.py:840} INFO - DAG(s) 'tutorial' retrieved from /home/airflow/.local/lib/python3.8/site-packages/airflow/example_dags/tutorial.py
[2024-03-23T00:05:42.024+0000] {logging_mixin.py:188} INFO - [2024-03-23T00:05:42.024+0000] {dag.py:3047} INFO - Sync 1 DAGs
[2024-03-23T00:05:42.050+0000] {logging_mixin.py:188} INFO - [2024-03-23T00:05:42.050+0000] {dag.py:3834} INFO - Setting next_dagrun for tutorial to 2024-03-22 00:00:00+00:00, run_after=2024-03-23 00:00:00+00:00
[2024-03-23T00:05:42.070+0000] {processor.py:183} INFO - Processing /home/airflow/.local/lib/python3.8/site-packages/airflow/example_dags/tutorial.py took 0.081 seconds
[2024-03-23T00:06:12.310+0000] {processor.py:161} INFO - Started process (PID=348) to work on /home/airflow/.local/lib/python3.8/site-packages/airflow/example_dags/tutorial.py
[2024-03-23T00:06:12.312+0000] {processor.py:830} INFO - Processing file /home/airflow/.local/lib/python3.8/site-packages/airflow/example_dags/tutorial.py for tasks to queue
[2024-03-23T00:06:12.315+0000] {logging_mixin.py:188} INFO - [2024-03-23T00:06:12.315+0000] {dagbag.py:540} INFO - Filling up the DagBag from /home/airflow/.local/lib/python3.8/site-packages/airflow/example_dags/tutorial.py
[2024-03-23T00:06:12.324+0000] {processor.py:840} INFO - DAG(s) 'tutorial' retrieved from /home/airflow/.local/lib/python3.8/site-packages/airflow/example_dags/tutorial.py
[2024-03-23T00:06:12.351+0000] {logging_mixin.py:188} INFO - [2024-03-23T00:06:12.350+0000] {dag.py:3047} INFO - Sync 1 DAGs
[2024-03-23T00:06:12.379+0000] {logging_mixin.py:188} INFO - [2024-03-23T00:06:12.379+0000] {dag.py:3834} INFO - Setting next_dagrun for tutorial to 2024-03-22 00:00:00+00:00, run_after=2024-03-23 00:00:00+00:00
[2024-03-23T00:06:12.406+0000] {processor.py:183} INFO - Processing /home/airflow/.local/lib/python3.8/site-packages/airflow/example_dags/tutorial.py took 0.100 seconds
[2024-03-23T00:06:42.578+0000] {processor.py:161} INFO - Started process (PID=403) to work on /home/airflow/.local/lib/python3.8/site-packages/airflow/example_dags/tutorial.py
[2024-03-23T00:06:42.579+0000] {processor.py:830} INFO - Processing file /home/airflow/.local/lib/python3.8/site-packages/airflow/example_dags/tutorial.py for tasks to queue
[2024-03-23T00:06:42.581+0000] {logging_mixin.py:188} INFO - [2024-03-23T00:06:42.581+0000] {dagbag.py:540} INFO - Filling up the DagBag from /home/airflow/.local/lib/python3.8/site-packages/airflow/example_dags/tutorial.py
[2024-03-23T00:06:42.588+0000] {processor.py:840} INFO - DAG(s) 'tutorial' retrieved from /home/airflow/.local/lib/python3.8/site-packages/airflow/example_dags/tutorial.py
[2024-03-23T00:06:42.611+0000] {logging_mixin.py:188} INFO - [2024-03-23T00:06:42.610+0000] {dag.py:3047} INFO - Sync 1 DAGs
[2024-03-23T00:06:42.636+0000] {logging_mixin.py:188} INFO - [2024-03-23T00:06:42.636+0000] {dag.py:3834} INFO - Setting next_dagrun for tutorial to 2024-03-22 00:00:00+00:00, run_after=2024-03-23 00:00:00+00:00
[2024-03-23T00:06:42.660+0000] {processor.py:183} INFO - Processing /home/airflow/.local/lib/python3.8/site-packages/airflow/example_dags/tutorial.py took 0.086 seconds
[2024-03-23T00:07:13.050+0000] {processor.py:161} INFO - Started process (PID=458) to work on /home/airflow/.local/lib/python3.8/site-packages/airflow/example_dags/tutorial.py
[2024-03-23T00:07:13.051+0000] {processor.py:830} INFO - Processing file /home/airflow/.local/lib/python3.8/site-packages/airflow/example_dags/tutorial.py for tasks to queue
[2024-03-23T00:07:13.054+0000] {logging_mixin.py:188} INFO - [2024-03-23T00:07:13.053+0000] {dagbag.py:540} INFO - Filling up the DagBag from /home/airflow/.local/lib/python3.8/site-packages/airflow/example_dags/tutorial.py
[2024-03-23T00:07:13.060+0000] {processor.py:840} INFO - DAG(s) 'tutorial' retrieved from /home/airflow/.local/lib/python3.8/site-packages/airflow/example_dags/tutorial.py
[2024-03-23T00:07:13.083+0000] {logging_mixin.py:188} INFO - [2024-03-23T00:07:13.083+0000] {dag.py:3047} INFO - Sync 1 DAGs
[2024-03-23T00:07:13.114+0000] {logging_mixin.py:188} INFO - [2024-03-23T00:07:13.114+0000] {dag.py:3834} INFO - Setting next_dagrun for tutorial to 2024-03-22 00:00:00+00:00, run_after=2024-03-23 00:00:00+00:00
[2024-03-23T00:07:13.136+0000] {processor.py:183} INFO - Processing /home/airflow/.local/lib/python3.8/site-packages/airflow/example_dags/tutorial.py took 0.090 seconds
[2024-03-23T00:07:43.763+0000] {processor.py:161} INFO - Started process (PID=513) to work on /home/airflow/.local/lib/python3.8/site-packages/airflow/example_dags/tutorial.py
[2024-03-23T00:07:43.764+0000] {processor.py:830} INFO - Processing file /home/airflow/.local/lib/python3.8/site-packages/airflow/example_dags/tutorial.py for tasks to queue
[2024-03-23T00:07:43.767+0000] {logging_mixin.py:188} INFO - [2024-03-23T00:07:43.767+0000] {dagbag.py:540} INFO - Filling up the DagBag from /home/airflow/.local/lib/python3.8/site-packages/airflow/example_dags/tutorial.py
[2024-03-23T00:07:43.776+0000] {processor.py:840} INFO - DAG(s) 'tutorial' retrieved from /home/airflow/.local/lib/python3.8/site-packages/airflow/example_dags/tutorial.py
[2024-03-23T00:07:43.809+0000] {logging_mixin.py:188} INFO - [2024-03-23T00:07:43.809+0000] {dag.py:3047} INFO - Sync 1 DAGs
[2024-03-23T00:07:43.841+0000] {logging_mixin.py:188} INFO - [2024-03-23T00:07:43.841+0000] {dag.py:3834} INFO - Setting next_dagrun for tutorial to 2024-03-22 00:00:00+00:00, run_after=2024-03-23 00:00:00+00:00
[2024-03-23T00:07:43.868+0000] {processor.py:183} INFO - Processing /home/airflow/.local/lib/python3.8/site-packages/airflow/example_dags/tutorial.py took 0.110 seconds
[2024-03-23T00:08:14.078+0000] {processor.py:161} INFO - Started process (PID=568) to work on /home/airflow/.local/lib/python3.8/site-packages/airflow/example_dags/tutorial.py
[2024-03-23T00:08:14.080+0000] {processor.py:830} INFO - Processing file /home/airflow/.local/lib/python3.8/site-packages/airflow/example_dags/tutorial.py for tasks to queue
[2024-03-23T00:08:14.083+0000] {logging_mixin.py:188} INFO - [2024-03-23T00:08:14.082+0000] {dagbag.py:540} INFO - Filling up the DagBag from /home/airflow/.local/lib/python3.8/site-packages/airflow/example_dags/tutorial.py
[2024-03-23T00:08:14.091+0000] {processor.py:840} INFO - DAG(s) 'tutorial' retrieved from /home/airflow/.local/lib/python3.8/site-packages/airflow/example_dags/tutorial.py
[2024-03-23T00:08:14.115+0000] {logging_mixin.py:188} INFO - [2024-03-23T00:08:14.115+0000] {dag.py:3047} INFO - Sync 1 DAGs
[2024-03-23T00:08:14.141+0000] {logging_mixin.py:188} INFO - [2024-03-23T00:08:14.141+0000] {dag.py:3834} INFO - Setting next_dagrun for tutorial to 2024-03-22 00:00:00+00:00, run_after=2024-03-23 00:00:00+00:00
[2024-03-23T00:08:14.161+0000] {processor.py:183} INFO - Processing /home/airflow/.local/lib/python3.8/site-packages/airflow/example_dags/tutorial.py took 0.088 seconds
[2024-03-23T00:08:44.305+0000] {processor.py:161} INFO - Started process (PID=623) to work on /home/airflow/.local/lib/python3.8/site-packages/airflow/example_dags/tutorial.py
[2024-03-23T00:08:44.306+0000] {processor.py:830} INFO - Processing file /home/airflow/.local/lib/python3.8/site-packages/airflow/example_dags/tutorial.py for tasks to queue
[2024-03-23T00:08:44.308+0000] {logging_mixin.py:188} INFO - [2024-03-23T00:08:44.307+0000] {dagbag.py:540} INFO - Filling up the DagBag from /home/airflow/.local/lib/python3.8/site-packages/airflow/example_dags/tutorial.py
[2024-03-23T00:08:44.315+0000] {processor.py:840} INFO - DAG(s) 'tutorial' retrieved from /home/airflow/.local/lib/python3.8/site-packages/airflow/example_dags/tutorial.py
[2024-03-23T00:08:44.337+0000] {logging_mixin.py:188} INFO - [2024-03-23T00:08:44.336+0000] {dag.py:3047} INFO - Sync 1 DAGs
[2024-03-23T00:08:44.361+0000] {logging_mixin.py:188} INFO - [2024-03-23T00:08:44.360+0000] {dag.py:3834} INFO - Setting next_dagrun for tutorial to 2024-03-22 00:00:00+00:00, run_after=2024-03-23 00:00:00+00:00
[2024-03-23T00:08:44.380+0000] {processor.py:183} INFO - Processing /home/airflow/.local/lib/python3.8/site-packages/airflow/example_dags/tutorial.py took 0.080 seconds
[2024-03-23T00:09:14.708+0000] {processor.py:161} INFO - Started process (PID=678) to work on /home/airflow/.local/lib/python3.8/site-packages/airflow/example_dags/tutorial.py
[2024-03-23T00:09:14.709+0000] {processor.py:830} INFO - Processing file /home/airflow/.local/lib/python3.8/site-packages/airflow/example_dags/tutorial.py for tasks to queue
[2024-03-23T00:09:14.711+0000] {logging_mixin.py:188} INFO - [2024-03-23T00:09:14.711+0000] {dagbag.py:540} INFO - Filling up the DagBag from /home/airflow/.local/lib/python3.8/site-packages/airflow/example_dags/tutorial.py
[2024-03-23T00:09:14.718+0000] {processor.py:840} INFO - DAG(s) 'tutorial' retrieved from /home/airflow/.local/lib/python3.8/site-packages/airflow/example_dags/tutorial.py
[2024-03-23T00:09:14.741+0000] {logging_mixin.py:188} INFO - [2024-03-23T00:09:14.741+0000] {dag.py:3047} INFO - Sync 1 DAGs
[2024-03-23T00:09:14.765+0000] {logging_mixin.py:188} INFO - [2024-03-23T00:09:14.765+0000] {dag.py:3834} INFO - Setting next_dagrun for tutorial to 2024-03-22 00:00:00+00:00, run_after=2024-03-23 00:00:00+00:00
[2024-03-23T00:09:14.785+0000] {processor.py:183} INFO - Processing /home/airflow/.local/lib/python3.8/site-packages/airflow/example_dags/tutorial.py took 0.081 seconds
[2024-03-23T00:09:44.836+0000] {processor.py:161} INFO - Started process (PID=733) to work on /home/airflow/.local/lib/python3.8/site-packages/airflow/example_dags/tutorial.py
[2024-03-23T00:09:44.838+0000] {processor.py:830} INFO - Processing file /home/airflow/.local/lib/python3.8/site-packages/airflow/example_dags/tutorial.py for tasks to queue
[2024-03-23T00:09:44.840+0000] {logging_mixin.py:188} INFO - [2024-03-23T00:09:44.840+0000] {dagbag.py:540} INFO - Filling up the DagBag from /home/airflow/.local/lib/python3.8/site-packages/airflow/example_dags/tutorial.py
[2024-03-23T00:09:44.847+0000] {processor.py:840} INFO - DAG(s) 'tutorial' retrieved from /home/airflow/.local/lib/python3.8/site-packages/airflow/example_dags/tutorial.py
[2024-03-23T00:09:44.869+0000] {logging_mixin.py:188} INFO - [2024-03-23T00:09:44.869+0000] {dag.py:3047} INFO - Sync 1 DAGs
[2024-03-23T00:09:44.894+0000] {logging_mixin.py:188} INFO - [2024-03-23T00:09:44.894+0000] {dag.py:3834} INFO - Setting next_dagrun for tutorial to 2024-03-22 00:00:00+00:00, run_after=2024-03-23 00:00:00+00:00
[2024-03-23T00:09:44.915+0000] {processor.py:183} INFO - Processing /home/airflow/.local/lib/python3.8/site-packages/airflow/example_dags/tutorial.py took 0.082 seconds
[2024-03-23T00:10:15.163+0000] {processor.py:161} INFO - Started process (PID=788) to work on /home/airflow/.local/lib/python3.8/site-packages/airflow/example_dags/tutorial.py
[2024-03-23T00:10:15.164+0000] {processor.py:830} INFO - Processing file /home/airflow/.local/lib/python3.8/site-packages/airflow/example_dags/tutorial.py for tasks to queue
[2024-03-23T00:10:15.166+0000] {logging_mixin.py:188} INFO - [2024-03-23T00:10:15.166+0000] {dagbag.py:540} INFO - Filling up the DagBag from /home/airflow/.local/lib/python3.8/site-packages/airflow/example_dags/tutorial.py
[2024-03-23T00:10:15.174+0000] {processor.py:840} INFO - DAG(s) 'tutorial' retrieved from /home/airflow/.local/lib/python3.8/site-packages/airflow/example_dags/tutorial.py
[2024-03-23T00:10:15.198+0000] {logging_mixin.py:188} INFO - [2024-03-23T00:10:15.198+0000] {dag.py:3047} INFO - Sync 1 DAGs
[2024-03-23T00:10:15.231+0000] {logging_mixin.py:188} INFO - [2024-03-23T00:10:15.231+0000] {dag.py:3834} INFO - Setting next_dagrun for tutorial to 2024-03-22 00:00:00+00:00, run_after=2024-03-23 00:00:00+00:00
[2024-03-23T00:10:15.255+0000] {processor.py:183} INFO - Processing /home/airflow/.local/lib/python3.8/site-packages/airflow/example_dags/tutorial.py took 0.096 seconds
[2024-03-23T00:10:46.265+0000] {processor.py:161} INFO - Started process (PID=843) to work on /home/airflow/.local/lib/python3.8/site-packages/airflow/example_dags/tutorial.py
[2024-03-23T00:10:46.266+0000] {processor.py:830} INFO - Processing file /home/airflow/.local/lib/python3.8/site-packages/airflow/example_dags/tutorial.py for tasks to queue
[2024-03-23T00:10:46.269+0000] {logging_mixin.py:188} INFO - [2024-03-23T00:10:46.268+0000] {dagbag.py:540} INFO - Filling up the DagBag from /home/airflow/.local/lib/python3.8/site-packages/airflow/example_dags/tutorial.py
[2024-03-23T00:10:46.276+0000] {processor.py:840} INFO - DAG(s) 'tutorial' retrieved from /home/airflow/.local/lib/python3.8/site-packages/airflow/example_dags/tutorial.py
[2024-03-23T00:10:46.303+0000] {logging_mixin.py:188} INFO - [2024-03-23T00:10:46.303+0000] {dag.py:3047} INFO - Sync 1 DAGs
[2024-03-23T00:10:46.330+0000] {logging_mixin.py:188} INFO - [2024-03-23T00:10:46.329+0000] {dag.py:3834} INFO - Setting next_dagrun for tutorial to 2024-03-22 00:00:00+00:00, run_after=2024-03-23 00:00:00+00:00
[2024-03-23T00:10:46.351+0000] {processor.py:183} INFO - Processing /home/airflow/.local/lib/python3.8/site-packages/airflow/example_dags/tutorial.py took 0.090 seconds
[2024-03-23T00:11:16.607+0000] {processor.py:161} INFO - Started process (PID=898) to work on /home/airflow/.local/lib/python3.8/site-packages/airflow/example_dags/tutorial.py
[2024-03-23T00:11:16.608+0000] {processor.py:830} INFO - Processing file /home/airflow/.local/lib/python3.8/site-packages/airflow/example_dags/tutorial.py for tasks to queue
[2024-03-23T00:11:16.610+0000] {logging_mixin.py:188} INFO - [2024-03-23T00:11:16.610+0000] {dagbag.py:540} INFO - Filling up the DagBag from /home/airflow/.local/lib/python3.8/site-packages/airflow/example_dags/tutorial.py
[2024-03-23T00:11:16.617+0000] {processor.py:840} INFO - DAG(s) 'tutorial' retrieved from /home/airflow/.local/lib/python3.8/site-packages/airflow/example_dags/tutorial.py
[2024-03-23T00:11:16.640+0000] {logging_mixin.py:188} INFO - [2024-03-23T00:11:16.639+0000] {dag.py:3047} INFO - Sync 1 DAGs
[2024-03-23T00:11:16.665+0000] {logging_mixin.py:188} INFO - [2024-03-23T00:11:16.664+0000] {dag.py:3834} INFO - Setting next_dagrun for tutorial to 2024-03-22 00:00:00+00:00, run_after=2024-03-23 00:00:00+00:00
[2024-03-23T00:11:16.684+0000] {processor.py:183} INFO - Processing /home/airflow/.local/lib/python3.8/site-packages/airflow/example_dags/tutorial.py took 0.082 seconds
[2024-03-23T00:11:47.032+0000] {processor.py:161} INFO - Started process (PID=953) to work on /home/airflow/.local/lib/python3.8/site-packages/airflow/example_dags/tutorial.py
[2024-03-23T00:11:47.034+0000] {processor.py:830} INFO - Processing file /home/airflow/.local/lib/python3.8/site-packages/airflow/example_dags/tutorial.py for tasks to queue
[2024-03-23T00:11:47.036+0000] {logging_mixin.py:188} INFO - [2024-03-23T00:11:47.035+0000] {dagbag.py:540} INFO - Filling up the DagBag from /home/airflow/.local/lib/python3.8/site-packages/airflow/example_dags/tutorial.py
[2024-03-23T00:11:47.043+0000] {processor.py:840} INFO - DAG(s) 'tutorial' retrieved from /home/airflow/.local/lib/python3.8/site-packages/airflow/example_dags/tutorial.py
[2024-03-23T00:11:47.066+0000] {logging_mixin.py:188} INFO - [2024-03-23T00:11:47.065+0000] {dag.py:3047} INFO - Sync 1 DAGs
[2024-03-23T00:11:47.094+0000] {logging_mixin.py:188} INFO - [2024-03-23T00:11:47.093+0000] {dag.py:3834} INFO - Setting next_dagrun for tutorial to 2024-03-22 00:00:00+00:00, run_after=2024-03-23 00:00:00+00:00
[2024-03-23T00:11:47.114+0000] {processor.py:183} INFO - Processing /home/airflow/.local/lib/python3.8/site-packages/airflow/example_dags/tutorial.py took 0.086 seconds
[2024-03-23T00:12:17.340+0000] {processor.py:161} INFO - Started process (PID=1008) to work on /home/airflow/.local/lib/python3.8/site-packages/airflow/example_dags/tutorial.py
[2024-03-23T00:12:17.341+0000] {processor.py:830} INFO - Processing file /home/airflow/.local/lib/python3.8/site-packages/airflow/example_dags/tutorial.py for tasks to queue
[2024-03-23T00:12:17.343+0000] {logging_mixin.py:188} INFO - [2024-03-23T00:12:17.343+0000] {dagbag.py:540} INFO - Filling up the DagBag from /home/airflow/.local/lib/python3.8/site-packages/airflow/example_dags/tutorial.py
[2024-03-23T00:12:17.350+0000] {processor.py:840} INFO - DAG(s) 'tutorial' retrieved from /home/airflow/.local/lib/python3.8/site-packages/airflow/example_dags/tutorial.py
[2024-03-23T00:12:17.372+0000] {logging_mixin.py:188} INFO - [2024-03-23T00:12:17.372+0000] {dag.py:3047} INFO - Sync 1 DAGs
[2024-03-23T00:12:17.396+0000] {logging_mixin.py:188} INFO - [2024-03-23T00:12:17.396+0000] {dag.py:3834} INFO - Setting next_dagrun for tutorial to 2024-03-22 00:00:00+00:00, run_after=2024-03-23 00:00:00+00:00
[2024-03-23T00:12:17.415+0000] {processor.py:183} INFO - Processing /home/airflow/.local/lib/python3.8/site-packages/airflow/example_dags/tutorial.py took 0.080 seconds
[2024-03-23T00:12:47.857+0000] {processor.py:161} INFO - Started process (PID=1063) to work on /home/airflow/.local/lib/python3.8/site-packages/airflow/example_dags/tutorial.py
[2024-03-23T00:12:47.858+0000] {processor.py:830} INFO - Processing file /home/airflow/.local/lib/python3.8/site-packages/airflow/example_dags/tutorial.py for tasks to queue
[2024-03-23T00:12:47.860+0000] {logging_mixin.py:188} INFO - [2024-03-23T00:12:47.860+0000] {dagbag.py:540} INFO - Filling up the DagBag from /home/airflow/.local/lib/python3.8/site-packages/airflow/example_dags/tutorial.py
[2024-03-23T00:12:47.867+0000] {processor.py:840} INFO - DAG(s) 'tutorial' retrieved from /home/airflow/.local/lib/python3.8/site-packages/airflow/example_dags/tutorial.py
[2024-03-23T00:12:47.890+0000] {logging_mixin.py:188} INFO - [2024-03-23T00:12:47.890+0000] {dag.py:3047} INFO - Sync 1 DAGs
[2024-03-23T00:12:47.916+0000] {logging_mixin.py:188} INFO - [2024-03-23T00:12:47.916+0000] {dag.py:3834} INFO - Setting next_dagrun for tutorial to 2024-03-22 00:00:00+00:00, run_after=2024-03-23 00:00:00+00:00
[2024-03-23T00:12:47.938+0000] {processor.py:183} INFO - Processing /home/airflow/.local/lib/python3.8/site-packages/airflow/example_dags/tutorial.py took 0.086 seconds
[2024-03-23T00:13:18.267+0000] {processor.py:161} INFO - Started process (PID=1118) to work on /home/airflow/.local/lib/python3.8/site-packages/airflow/example_dags/tutorial.py
[2024-03-23T00:13:18.268+0000] {processor.py:830} INFO - Processing file /home/airflow/.local/lib/python3.8/site-packages/airflow/example_dags/tutorial.py for tasks to queue
[2024-03-23T00:13:18.271+0000] {logging_mixin.py:188} INFO - [2024-03-23T00:13:18.270+0000] {dagbag.py:540} INFO - Filling up the DagBag from /home/airflow/.local/lib/python3.8/site-packages/airflow/example_dags/tutorial.py
[2024-03-23T00:13:18.277+0000] {processor.py:840} INFO - DAG(s) 'tutorial' retrieved from /home/airflow/.local/lib/python3.8/site-packages/airflow/example_dags/tutorial.py
[2024-03-23T00:13:18.300+0000] {logging_mixin.py:188} INFO - [2024-03-23T00:13:18.299+0000] {dag.py:3047} INFO - Sync 1 DAGs
[2024-03-23T00:13:18.325+0000] {logging_mixin.py:188} INFO - [2024-03-23T00:13:18.325+0000] {dag.py:3834} INFO - Setting next_dagrun for tutorial to 2024-03-22 00:00:00+00:00, run_after=2024-03-23 00:00:00+00:00
[2024-03-23T00:13:18.345+0000] {processor.py:183} INFO - Processing /home/airflow/.local/lib/python3.8/site-packages/airflow/example_dags/tutorial.py took 0.083 seconds
[2024-03-23T00:13:48.747+0000] {processor.py:161} INFO - Started process (PID=1173) to work on /home/airflow/.local/lib/python3.8/site-packages/airflow/example_dags/tutorial.py
[2024-03-23T00:13:48.748+0000] {processor.py:830} INFO - Processing file /home/airflow/.local/lib/python3.8/site-packages/airflow/example_dags/tutorial.py for tasks to queue
[2024-03-23T00:13:48.750+0000] {logging_mixin.py:188} INFO - [2024-03-23T00:13:48.750+0000] {dagbag.py:540} INFO - Filling up the DagBag from /home/airflow/.local/lib/python3.8/site-packages/airflow/example_dags/tutorial.py
[2024-03-23T00:13:48.757+0000] {processor.py:840} INFO - DAG(s) 'tutorial' retrieved from /home/airflow/.local/lib/python3.8/site-packages/airflow/example_dags/tutorial.py
[2024-03-23T00:13:48.780+0000] {logging_mixin.py:188} INFO - [2024-03-23T00:13:48.779+0000] {dag.py:3047} INFO - Sync 1 DAGs
[2024-03-23T00:13:48.805+0000] {logging_mixin.py:188} INFO - [2024-03-23T00:13:48.805+0000] {dag.py:3834} INFO - Setting next_dagrun for tutorial to 2024-03-22 00:00:00+00:00, run_after=2024-03-23 00:00:00+00:00
[2024-03-23T00:13:48.826+0000] {processor.py:183} INFO - Processing /home/airflow/.local/lib/python3.8/site-packages/airflow/example_dags/tutorial.py took 0.083 seconds
[2024-03-23T00:14:19.324+0000] {processor.py:161} INFO - Started process (PID=1234) to work on /home/airflow/.local/lib/python3.8/site-packages/airflow/example_dags/tutorial.py
[2024-03-23T00:14:19.326+0000] {processor.py:830} INFO - Processing file /home/airflow/.local/lib/python3.8/site-packages/airflow/example_dags/tutorial.py for tasks to queue
[2024-03-23T00:14:19.328+0000] {logging_mixin.py:188} INFO - [2024-03-23T00:14:19.327+0000] {dagbag.py:540} INFO - Filling up the DagBag from /home/airflow/.local/lib/python3.8/site-packages/airflow/example_dags/tutorial.py
[2024-03-23T00:14:19.335+0000] {processor.py:840} INFO - DAG(s) 'tutorial' retrieved from /home/airflow/.local/lib/python3.8/site-packages/airflow/example_dags/tutorial.py
[2024-03-23T00:14:19.357+0000] {logging_mixin.py:188} INFO - [2024-03-23T00:14:19.357+0000] {dag.py:3047} INFO - Sync 1 DAGs
[2024-03-23T00:14:19.382+0000] {logging_mixin.py:188} INFO - [2024-03-23T00:14:19.382+0000] {dag.py:3834} INFO - Setting next_dagrun for tutorial to 2024-03-22 00:00:00+00:00, run_after=2024-03-23 00:00:00+00:00
[2024-03-23T00:14:19.402+0000] {processor.py:183} INFO - Processing /home/airflow/.local/lib/python3.8/site-packages/airflow/example_dags/tutorial.py took 0.083 seconds
[2024-03-23T00:14:49.785+0000] {processor.py:161} INFO - Started process (PID=1289) to work on /home/airflow/.local/lib/python3.8/site-packages/airflow/example_dags/tutorial.py
[2024-03-23T00:14:49.787+0000] {processor.py:830} INFO - Processing file /home/airflow/.local/lib/python3.8/site-packages/airflow/example_dags/tutorial.py for tasks to queue
[2024-03-23T00:14:49.789+0000] {logging_mixin.py:188} INFO - [2024-03-23T00:14:49.788+0000] {dagbag.py:540} INFO - Filling up the DagBag from /home/airflow/.local/lib/python3.8/site-packages/airflow/example_dags/tutorial.py
[2024-03-23T00:14:49.795+0000] {processor.py:840} INFO - DAG(s) 'tutorial' retrieved from /home/airflow/.local/lib/python3.8/site-packages/airflow/example_dags/tutorial.py
[2024-03-23T00:14:49.819+0000] {logging_mixin.py:188} INFO - [2024-03-23T00:14:49.819+0000] {dag.py:3047} INFO - Sync 1 DAGs
[2024-03-23T00:14:49.845+0000] {logging_mixin.py:188} INFO - [2024-03-23T00:14:49.844+0000] {dag.py:3834} INFO - Setting next_dagrun for tutorial to 2024-03-22 00:00:00+00:00, run_after=2024-03-23 00:00:00+00:00
[2024-03-23T00:14:49.865+0000] {processor.py:183} INFO - Processing /home/airflow/.local/lib/python3.8/site-packages/airflow/example_dags/tutorial.py took 0.083 seconds
[2024-03-23T00:15:20.107+0000] {processor.py:161} INFO - Started process (PID=1344) to work on /home/airflow/.local/lib/python3.8/site-packages/airflow/example_dags/tutorial.py
[2024-03-23T00:15:20.108+0000] {processor.py:830} INFO - Processing file /home/airflow/.local/lib/python3.8/site-packages/airflow/example_dags/tutorial.py for tasks to queue
[2024-03-23T00:15:20.110+0000] {logging_mixin.py:188} INFO - [2024-03-23T00:15:20.110+0000] {dagbag.py:540} INFO - Filling up the DagBag from /home/airflow/.local/lib/python3.8/site-packages/airflow/example_dags/tutorial.py
[2024-03-23T00:15:20.117+0000] {processor.py:840} INFO - DAG(s) 'tutorial' retrieved from /home/airflow/.local/lib/python3.8/site-packages/airflow/example_dags/tutorial.py
[2024-03-23T00:15:20.140+0000] {logging_mixin.py:188} INFO - [2024-03-23T00:15:20.139+0000] {dag.py:3047} INFO - Sync 1 DAGs
[2024-03-23T00:15:20.165+0000] {logging_mixin.py:188} INFO - [2024-03-23T00:15:20.165+0000] {dag.py:3834} INFO - Setting next_dagrun for tutorial to 2024-03-22 00:00:00+00:00, run_after=2024-03-23 00:00:00+00:00
[2024-03-23T00:15:20.184+0000] {processor.py:183} INFO - Processing /home/airflow/.local/lib/python3.8/site-packages/airflow/example_dags/tutorial.py took 0.081 seconds
[2024-03-23T00:15:50.425+0000] {processor.py:161} INFO - Started process (PID=1399) to work on /home/airflow/.local/lib/python3.8/site-packages/airflow/example_dags/tutorial.py
[2024-03-23T00:15:50.427+0000] {processor.py:830} INFO - Processing file /home/airflow/.local/lib/python3.8/site-packages/airflow/example_dags/tutorial.py for tasks to queue
[2024-03-23T00:15:50.429+0000] {logging_mixin.py:188} INFO - [2024-03-23T00:15:50.428+0000] {dagbag.py:540} INFO - Filling up the DagBag from /home/airflow/.local/lib/python3.8/site-packages/airflow/example_dags/tutorial.py
[2024-03-23T00:15:50.435+0000] {processor.py:840} INFO - DAG(s) 'tutorial' retrieved from /home/airflow/.local/lib/python3.8/site-packages/airflow/example_dags/tutorial.py
[2024-03-23T00:15:50.458+0000] {logging_mixin.py:188} INFO - [2024-03-23T00:15:50.457+0000] {dag.py:3047} INFO - Sync 1 DAGs
[2024-03-23T00:15:50.482+0000] {logging_mixin.py:188} INFO - [2024-03-23T00:15:50.482+0000] {dag.py:3834} INFO - Setting next_dagrun for tutorial to 2024-03-22 00:00:00+00:00, run_after=2024-03-23 00:00:00+00:00
[2024-03-23T00:15:50.503+0000] {processor.py:183} INFO - Processing /home/airflow/.local/lib/python3.8/site-packages/airflow/example_dags/tutorial.py took 0.082 seconds
[2024-03-23T00:16:20.774+0000] {processor.py:161} INFO - Started process (PID=1454) to work on /home/airflow/.local/lib/python3.8/site-packages/airflow/example_dags/tutorial.py
[2024-03-23T00:16:20.775+0000] {processor.py:830} INFO - Processing file /home/airflow/.local/lib/python3.8/site-packages/airflow/example_dags/tutorial.py for tasks to queue
[2024-03-23T00:16:20.777+0000] {logging_mixin.py:188} INFO - [2024-03-23T00:16:20.777+0000] {dagbag.py:540} INFO - Filling up the DagBag from /home/airflow/.local/lib/python3.8/site-packages/airflow/example_dags/tutorial.py
[2024-03-23T00:16:20.784+0000] {processor.py:840} INFO - DAG(s) 'tutorial' retrieved from /home/airflow/.local/lib/python3.8/site-packages/airflow/example_dags/tutorial.py
[2024-03-23T00:16:20.807+0000] {logging_mixin.py:188} INFO - [2024-03-23T00:16:20.807+0000] {dag.py:3047} INFO - Sync 1 DAGs
[2024-03-23T00:16:20.836+0000] {logging_mixin.py:188} INFO - [2024-03-23T00:16:20.836+0000] {dag.py:3834} INFO - Setting next_dagrun for tutorial to 2024-03-22 00:00:00+00:00, run_after=2024-03-23 00:00:00+00:00
[2024-03-23T00:16:20.865+0000] {processor.py:183} INFO - Processing /home/airflow/.local/lib/python3.8/site-packages/airflow/example_dags/tutorial.py took 0.095 seconds
[2024-03-23T00:16:50.999+0000] {processor.py:161} INFO - Started process (PID=1508) to work on /home/airflow/.local/lib/python3.8/site-packages/airflow/example_dags/tutorial.py
[2024-03-23T00:16:51.001+0000] {processor.py:830} INFO - Processing file /home/airflow/.local/lib/python3.8/site-packages/airflow/example_dags/tutorial.py for tasks to queue
[2024-03-23T00:16:51.003+0000] {logging_mixin.py:188} INFO - [2024-03-23T00:16:51.003+0000] {dagbag.py:540} INFO - Filling up the DagBag from /home/airflow/.local/lib/python3.8/site-packages/airflow/example_dags/tutorial.py
[2024-03-23T00:16:51.011+0000] {processor.py:840} INFO - DAG(s) 'tutorial' retrieved from /home/airflow/.local/lib/python3.8/site-packages/airflow/example_dags/tutorial.py
[2024-03-23T00:16:51.037+0000] {logging_mixin.py:188} INFO - [2024-03-23T00:16:51.036+0000] {dag.py:3047} INFO - Sync 1 DAGs
[2024-03-23T00:16:51.063+0000] {logging_mixin.py:188} INFO - [2024-03-23T00:16:51.063+0000] {dag.py:3834} INFO - Setting next_dagrun for tutorial to 2024-03-22 00:00:00+00:00, run_after=2024-03-23 00:00:00+00:00
[2024-03-23T00:16:51.084+0000] {processor.py:183} INFO - Processing /home/airflow/.local/lib/python3.8/site-packages/airflow/example_dags/tutorial.py took 0.090 seconds
[2024-03-23T00:17:21.309+0000] {processor.py:161} INFO - Started process (PID=1563) to work on /home/airflow/.local/lib/python3.8/site-packages/airflow/example_dags/tutorial.py
[2024-03-23T00:17:21.310+0000] {processor.py:830} INFO - Processing file /home/airflow/.local/lib/python3.8/site-packages/airflow/example_dags/tutorial.py for tasks to queue
[2024-03-23T00:17:21.313+0000] {logging_mixin.py:188} INFO - [2024-03-23T00:17:21.312+0000] {dagbag.py:540} INFO - Filling up the DagBag from /home/airflow/.local/lib/python3.8/site-packages/airflow/example_dags/tutorial.py
[2024-03-23T00:17:21.320+0000] {processor.py:840} INFO - DAG(s) 'tutorial' retrieved from /home/airflow/.local/lib/python3.8/site-packages/airflow/example_dags/tutorial.py
[2024-03-23T00:17:21.346+0000] {logging_mixin.py:188} INFO - [2024-03-23T00:17:21.345+0000] {dag.py:3047} INFO - Sync 1 DAGs
[2024-03-23T00:17:21.375+0000] {logging_mixin.py:188} INFO - [2024-03-23T00:17:21.375+0000] {dag.py:3834} INFO - Setting next_dagrun for tutorial to 2024-03-22 00:00:00+00:00, run_after=2024-03-23 00:00:00+00:00
[2024-03-23T00:17:21.397+0000] {processor.py:183} INFO - Processing /home/airflow/.local/lib/python3.8/site-packages/airflow/example_dags/tutorial.py took 0.093 seconds
[2024-03-23T00:17:51.798+0000] {processor.py:161} INFO - Started process (PID=1618) to work on /home/airflow/.local/lib/python3.8/site-packages/airflow/example_dags/tutorial.py
[2024-03-23T00:17:51.800+0000] {processor.py:830} INFO - Processing file /home/airflow/.local/lib/python3.8/site-packages/airflow/example_dags/tutorial.py for tasks to queue
[2024-03-23T00:17:51.802+0000] {logging_mixin.py:188} INFO - [2024-03-23T00:17:51.801+0000] {dagbag.py:540} INFO - Filling up the DagBag from /home/airflow/.local/lib/python3.8/site-packages/airflow/example_dags/tutorial.py
[2024-03-23T00:17:51.808+0000] {processor.py:840} INFO - DAG(s) 'tutorial' retrieved from /home/airflow/.local/lib/python3.8/site-packages/airflow/example_dags/tutorial.py
[2024-03-23T00:17:51.831+0000] {logging_mixin.py:188} INFO - [2024-03-23T00:17:51.831+0000] {dag.py:3047} INFO - Sync 1 DAGs
[2024-03-23T00:17:51.857+0000] {logging_mixin.py:188} INFO - [2024-03-23T00:17:51.857+0000] {dag.py:3834} INFO - Setting next_dagrun for tutorial to 2024-03-22 00:00:00+00:00, run_after=2024-03-23 00:00:00+00:00
[2024-03-23T00:17:51.878+0000] {processor.py:183} INFO - Processing /home/airflow/.local/lib/python3.8/site-packages/airflow/example_dags/tutorial.py took 0.084 seconds
[2024-03-23T00:18:22.168+0000] {processor.py:161} INFO - Started process (PID=1673) to work on /home/airflow/.local/lib/python3.8/site-packages/airflow/example_dags/tutorial.py
[2024-03-23T00:18:22.169+0000] {processor.py:830} INFO - Processing file /home/airflow/.local/lib/python3.8/site-packages/airflow/example_dags/tutorial.py for tasks to queue
[2024-03-23T00:18:22.171+0000] {logging_mixin.py:188} INFO - [2024-03-23T00:18:22.171+0000] {dagbag.py:540} INFO - Filling up the DagBag from /home/airflow/.local/lib/python3.8/site-packages/airflow/example_dags/tutorial.py
[2024-03-23T00:18:22.178+0000] {processor.py:840} INFO - DAG(s) 'tutorial' retrieved from /home/airflow/.local/lib/python3.8/site-packages/airflow/example_dags/tutorial.py
[2024-03-23T00:18:22.201+0000] {logging_mixin.py:188} INFO - [2024-03-23T00:18:22.200+0000] {dag.py:3047} INFO - Sync 1 DAGs
[2024-03-23T00:18:22.226+0000] {logging_mixin.py:188} INFO - [2024-03-23T00:18:22.226+0000] {dag.py:3834} INFO - Setting next_dagrun for tutorial to 2024-03-22 00:00:00+00:00, run_after=2024-03-23 00:00:00+00:00
[2024-03-23T00:18:22.246+0000] {processor.py:183} INFO - Processing /home/airflow/.local/lib/python3.8/site-packages/airflow/example_dags/tutorial.py took 0.082 seconds
[2024-03-23T00:18:52.659+0000] {processor.py:161} INFO - Started process (PID=1728) to work on /home/airflow/.local/lib/python3.8/site-packages/airflow/example_dags/tutorial.py
[2024-03-23T00:18:52.660+0000] {processor.py:830} INFO - Processing file /home/airflow/.local/lib/python3.8/site-packages/airflow/example_dags/tutorial.py for tasks to queue
[2024-03-23T00:18:52.662+0000] {logging_mixin.py:188} INFO - [2024-03-23T00:18:52.662+0000] {dagbag.py:540} INFO - Filling up the DagBag from /home/airflow/.local/lib/python3.8/site-packages/airflow/example_dags/tutorial.py
[2024-03-23T00:18:52.669+0000] {processor.py:840} INFO - DAG(s) 'tutorial' retrieved from /home/airflow/.local/lib/python3.8/site-packages/airflow/example_dags/tutorial.py
[2024-03-23T00:18:52.692+0000] {logging_mixin.py:188} INFO - [2024-03-23T00:18:52.691+0000] {dag.py:3047} INFO - Sync 1 DAGs
[2024-03-23T00:18:52.718+0000] {logging_mixin.py:188} INFO - [2024-03-23T00:18:52.718+0000] {dag.py:3834} INFO - Setting next_dagrun for tutorial to 2024-03-22 00:00:00+00:00, run_after=2024-03-23 00:00:00+00:00
[2024-03-23T00:18:52.739+0000] {processor.py:183} INFO - Processing /home/airflow/.local/lib/python3.8/site-packages/airflow/example_dags/tutorial.py took 0.084 seconds
[2024-03-23T00:19:22.927+0000] {processor.py:161} INFO - Started process (PID=1783) to work on /home/airflow/.local/lib/python3.8/site-packages/airflow/example_dags/tutorial.py
[2024-03-23T00:19:22.928+0000] {processor.py:830} INFO - Processing file /home/airflow/.local/lib/python3.8/site-packages/airflow/example_dags/tutorial.py for tasks to queue
[2024-03-23T00:19:22.930+0000] {logging_mixin.py:188} INFO - [2024-03-23T00:19:22.930+0000] {dagbag.py:540} INFO - Filling up the DagBag from /home/airflow/.local/lib/python3.8/site-packages/airflow/example_dags/tutorial.py
[2024-03-23T00:19:22.937+0000] {processor.py:840} INFO - DAG(s) 'tutorial' retrieved from /home/airflow/.local/lib/python3.8/site-packages/airflow/example_dags/tutorial.py
[2024-03-23T00:19:22.960+0000] {logging_mixin.py:188} INFO - [2024-03-23T00:19:22.959+0000] {dag.py:3047} INFO - Sync 1 DAGs
[2024-03-23T00:19:22.985+0000] {logging_mixin.py:188} INFO - [2024-03-23T00:19:22.985+0000] {dag.py:3834} INFO - Setting next_dagrun for tutorial to 2024-03-22 00:00:00+00:00, run_after=2024-03-23 00:00:00+00:00
[2024-03-23T00:19:23.005+0000] {processor.py:183} INFO - Processing /home/airflow/.local/lib/python3.8/site-packages/airflow/example_dags/tutorial.py took 0.082 seconds
[2024-03-23T00:19:53.593+0000] {processor.py:161} INFO - Started process (PID=1838) to work on /home/airflow/.local/lib/python3.8/site-packages/airflow/example_dags/tutorial.py
[2024-03-23T00:19:53.594+0000] {processor.py:830} INFO - Processing file /home/airflow/.local/lib/python3.8/site-packages/airflow/example_dags/tutorial.py for tasks to queue
[2024-03-23T00:19:53.596+0000] {logging_mixin.py:188} INFO - [2024-03-23T00:19:53.596+0000] {dagbag.py:540} INFO - Filling up the DagBag from /home/airflow/.local/lib/python3.8/site-packages/airflow/example_dags/tutorial.py
[2024-03-23T00:19:53.603+0000] {processor.py:840} INFO - DAG(s) 'tutorial' retrieved from /home/airflow/.local/lib/python3.8/site-packages/airflow/example_dags/tutorial.py
[2024-03-23T00:19:53.626+0000] {logging_mixin.py:188} INFO - [2024-03-23T00:19:53.626+0000] {dag.py:3047} INFO - Sync 1 DAGs
[2024-03-23T00:19:53.654+0000] {logging_mixin.py:188} INFO - [2024-03-23T00:19:53.653+0000] {dag.py:3834} INFO - Setting next_dagrun for tutorial to 2024-03-22 00:00:00+00:00, run_after=2024-03-23 00:00:00+00:00
[2024-03-23T00:19:53.675+0000] {processor.py:183} INFO - Processing /home/airflow/.local/lib/python3.8/site-packages/airflow/example_dags/tutorial.py took 0.086 seconds
[2024-03-23T00:20:24.135+0000] {processor.py:161} INFO - Started process (PID=1893) to work on /home/airflow/.local/lib/python3.8/site-packages/airflow/example_dags/tutorial.py
[2024-03-23T00:20:24.136+0000] {processor.py:830} INFO - Processing file /home/airflow/.local/lib/python3.8/site-packages/airflow/example_dags/tutorial.py for tasks to queue
[2024-03-23T00:20:24.138+0000] {logging_mixin.py:188} INFO - [2024-03-23T00:20:24.138+0000] {dagbag.py:540} INFO - Filling up the DagBag from /home/airflow/.local/lib/python3.8/site-packages/airflow/example_dags/tutorial.py
[2024-03-23T00:20:24.145+0000] {processor.py:840} INFO - DAG(s) 'tutorial' retrieved from /home/airflow/.local/lib/python3.8/site-packages/airflow/example_dags/tutorial.py
[2024-03-23T00:20:24.168+0000] {logging_mixin.py:188} INFO - [2024-03-23T00:20:24.168+0000] {dag.py:3047} INFO - Sync 1 DAGs
[2024-03-23T00:20:24.194+0000] {logging_mixin.py:188} INFO - [2024-03-23T00:20:24.193+0000] {dag.py:3834} INFO - Setting next_dagrun for tutorial to 2024-03-22 00:00:00+00:00, run_after=2024-03-23 00:00:00+00:00
[2024-03-23T00:20:24.215+0000] {processor.py:183} INFO - Processing /home/airflow/.local/lib/python3.8/site-packages/airflow/example_dags/tutorial.py took 0.084 seconds
[2024-03-23T00:20:54.668+0000] {processor.py:161} INFO - Started process (PID=1948) to work on /home/airflow/.local/lib/python3.8/site-packages/airflow/example_dags/tutorial.py
[2024-03-23T00:20:54.669+0000] {processor.py:830} INFO - Processing file /home/airflow/.local/lib/python3.8/site-packages/airflow/example_dags/tutorial.py for tasks to queue
[2024-03-23T00:20:54.672+0000] {logging_mixin.py:188} INFO - [2024-03-23T00:20:54.671+0000] {dagbag.py:540} INFO - Filling up the DagBag from /home/airflow/.local/lib/python3.8/site-packages/airflow/example_dags/tutorial.py
[2024-03-23T00:20:54.678+0000] {processor.py:840} INFO - DAG(s) 'tutorial' retrieved from /home/airflow/.local/lib/python3.8/site-packages/airflow/example_dags/tutorial.py
[2024-03-23T00:20:54.702+0000] {logging_mixin.py:188} INFO - [2024-03-23T00:20:54.702+0000] {dag.py:3047} INFO - Sync 1 DAGs
[2024-03-23T00:20:54.730+0000] {logging_mixin.py:188} INFO - [2024-03-23T00:20:54.729+0000] {dag.py:3834} INFO - Setting next_dagrun for tutorial to 2024-03-22 00:00:00+00:00, run_after=2024-03-23 00:00:00+00:00
[2024-03-23T00:20:54.752+0000] {processor.py:183} INFO - Processing /home/airflow/.local/lib/python3.8/site-packages/airflow/example_dags/tutorial.py took 0.088 seconds
[2024-03-23T00:21:24.855+0000] {processor.py:161} INFO - Started process (PID=2003) to work on /home/airflow/.local/lib/python3.8/site-packages/airflow/example_dags/tutorial.py
[2024-03-23T00:21:24.857+0000] {processor.py:830} INFO - Processing file /home/airflow/.local/lib/python3.8/site-packages/airflow/example_dags/tutorial.py for tasks to queue
[2024-03-23T00:21:24.859+0000] {logging_mixin.py:188} INFO - [2024-03-23T00:21:24.858+0000] {dagbag.py:540} INFO - Filling up the DagBag from /home/airflow/.local/lib/python3.8/site-packages/airflow/example_dags/tutorial.py
[2024-03-23T00:21:24.865+0000] {processor.py:840} INFO - DAG(s) 'tutorial' retrieved from /home/airflow/.local/lib/python3.8/site-packages/airflow/example_dags/tutorial.py
[2024-03-23T00:21:24.888+0000] {logging_mixin.py:188} INFO - [2024-03-23T00:21:24.887+0000] {dag.py:3047} INFO - Sync 1 DAGs
[2024-03-23T00:21:24.912+0000] {logging_mixin.py:188} INFO - [2024-03-23T00:21:24.912+0000] {dag.py:3834} INFO - Setting next_dagrun for tutorial to 2024-03-22 00:00:00+00:00, run_after=2024-03-23 00:00:00+00:00
[2024-03-23T00:21:24.931+0000] {processor.py:183} INFO - Processing /home/airflow/.local/lib/python3.8/site-packages/airflow/example_dags/tutorial.py took 0.080 seconds
[2024-03-23T00:21:55.175+0000] {processor.py:161} INFO - Started process (PID=2058) to work on /home/airflow/.local/lib/python3.8/site-packages/airflow/example_dags/tutorial.py
[2024-03-23T00:21:55.176+0000] {processor.py:830} INFO - Processing file /home/airflow/.local/lib/python3.8/site-packages/airflow/example_dags/tutorial.py for tasks to queue
[2024-03-23T00:21:55.178+0000] {logging_mixin.py:188} INFO - [2024-03-23T00:21:55.178+0000] {dagbag.py:540} INFO - Filling up the DagBag from /home/airflow/.local/lib/python3.8/site-packages/airflow/example_dags/tutorial.py
[2024-03-23T00:21:55.185+0000] {processor.py:840} INFO - DAG(s) 'tutorial' retrieved from /home/airflow/.local/lib/python3.8/site-packages/airflow/example_dags/tutorial.py
[2024-03-23T00:21:55.207+0000] {logging_mixin.py:188} INFO - [2024-03-23T00:21:55.207+0000] {dag.py:3047} INFO - Sync 1 DAGs
[2024-03-23T00:21:55.233+0000] {logging_mixin.py:188} INFO - [2024-03-23T00:21:55.233+0000] {dag.py:3834} INFO - Setting next_dagrun for tutorial to 2024-03-22 00:00:00+00:00, run_after=2024-03-23 00:00:00+00:00
[2024-03-23T00:21:55.253+0000] {processor.py:183} INFO - Processing /home/airflow/.local/lib/python3.8/site-packages/airflow/example_dags/tutorial.py took 0.082 seconds
[2024-03-23T00:22:25.610+0000] {processor.py:161} INFO - Started process (PID=2113) to work on /home/airflow/.local/lib/python3.8/site-packages/airflow/example_dags/tutorial.py
[2024-03-23T00:22:25.612+0000] {processor.py:830} INFO - Processing file /home/airflow/.local/lib/python3.8/site-packages/airflow/example_dags/tutorial.py for tasks to queue
[2024-03-23T00:22:25.614+0000] {logging_mixin.py:188} INFO - [2024-03-23T00:22:25.613+0000] {dagbag.py:540} INFO - Filling up the DagBag from /home/airflow/.local/lib/python3.8/site-packages/airflow/example_dags/tutorial.py
[2024-03-23T00:22:25.621+0000] {processor.py:840} INFO - DAG(s) 'tutorial' retrieved from /home/airflow/.local/lib/python3.8/site-packages/airflow/example_dags/tutorial.py
[2024-03-23T00:22:25.645+0000] {logging_mixin.py:188} INFO - [2024-03-23T00:22:25.644+0000] {dag.py:3047} INFO - Sync 1 DAGs
[2024-03-23T00:22:25.671+0000] {logging_mixin.py:188} INFO - [2024-03-23T00:22:25.671+0000] {dag.py:3834} INFO - Setting next_dagrun for tutorial to 2024-03-22 00:00:00+00:00, run_after=2024-03-23 00:00:00+00:00
[2024-03-23T00:22:25.692+0000] {processor.py:183} INFO - Processing /home/airflow/.local/lib/python3.8/site-packages/airflow/example_dags/tutorial.py took 0.086 seconds
[2024-03-23T00:22:55.857+0000] {processor.py:161} INFO - Started process (PID=2168) to work on /home/airflow/.local/lib/python3.8/site-packages/airflow/example_dags/tutorial.py
[2024-03-23T00:22:55.858+0000] {processor.py:830} INFO - Processing file /home/airflow/.local/lib/python3.8/site-packages/airflow/example_dags/tutorial.py for tasks to queue
[2024-03-23T00:22:55.860+0000] {logging_mixin.py:188} INFO - [2024-03-23T00:22:55.860+0000] {dagbag.py:540} INFO - Filling up the DagBag from /home/airflow/.local/lib/python3.8/site-packages/airflow/example_dags/tutorial.py
[2024-03-23T00:22:55.867+0000] {processor.py:840} INFO - DAG(s) 'tutorial' retrieved from /home/airflow/.local/lib/python3.8/site-packages/airflow/example_dags/tutorial.py
[2024-03-23T00:22:55.889+0000] {logging_mixin.py:188} INFO - [2024-03-23T00:22:55.889+0000] {dag.py:3047} INFO - Sync 1 DAGs
[2024-03-23T00:22:55.914+0000] {logging_mixin.py:188} INFO - [2024-03-23T00:22:55.914+0000] {dag.py:3834} INFO - Setting next_dagrun for tutorial to 2024-03-22 00:00:00+00:00, run_after=2024-03-23 00:00:00+00:00
[2024-03-23T00:22:55.936+0000] {processor.py:183} INFO - Processing /home/airflow/.local/lib/python3.8/site-packages/airflow/example_dags/tutorial.py took 0.083 seconds
[2024-03-23T00:23:26.194+0000] {processor.py:161} INFO - Started process (PID=2223) to work on /home/airflow/.local/lib/python3.8/site-packages/airflow/example_dags/tutorial.py
[2024-03-23T00:23:26.196+0000] {processor.py:830} INFO - Processing file /home/airflow/.local/lib/python3.8/site-packages/airflow/example_dags/tutorial.py for tasks to queue
[2024-03-23T00:23:26.198+0000] {logging_mixin.py:188} INFO - [2024-03-23T00:23:26.198+0000] {dagbag.py:540} INFO - Filling up the DagBag from /home/airflow/.local/lib/python3.8/site-packages/airflow/example_dags/tutorial.py
[2024-03-23T00:23:26.205+0000] {processor.py:840} INFO - DAG(s) 'tutorial' retrieved from /home/airflow/.local/lib/python3.8/site-packages/airflow/example_dags/tutorial.py
[2024-03-23T00:23:26.229+0000] {logging_mixin.py:188} INFO - [2024-03-23T00:23:26.229+0000] {dag.py:3047} INFO - Sync 1 DAGs
[2024-03-23T00:23:26.256+0000] {logging_mixin.py:188} INFO - [2024-03-23T00:23:26.256+0000] {dag.py:3834} INFO - Setting next_dagrun for tutorial to 2024-03-22 00:00:00+00:00, run_after=2024-03-23 00:00:00+00:00
[2024-03-23T00:23:26.280+0000] {processor.py:183} INFO - Processing /home/airflow/.local/lib/python3.8/site-packages/airflow/example_dags/tutorial.py took 0.090 seconds
[2024-03-23T00:23:56.523+0000] {processor.py:161} INFO - Started process (PID=2278) to work on /home/airflow/.local/lib/python3.8/site-packages/airflow/example_dags/tutorial.py
[2024-03-23T00:23:56.524+0000] {processor.py:830} INFO - Processing file /home/airflow/.local/lib/python3.8/site-packages/airflow/example_dags/tutorial.py for tasks to queue
[2024-03-23T00:23:56.527+0000] {logging_mixin.py:188} INFO - [2024-03-23T00:23:56.526+0000] {dagbag.py:540} INFO - Filling up the DagBag from /home/airflow/.local/lib/python3.8/site-packages/airflow/example_dags/tutorial.py
[2024-03-23T00:23:56.533+0000] {processor.py:840} INFO - DAG(s) 'tutorial' retrieved from /home/airflow/.local/lib/python3.8/site-packages/airflow/example_dags/tutorial.py
[2024-03-23T00:23:56.556+0000] {logging_mixin.py:188} INFO - [2024-03-23T00:23:56.555+0000] {dag.py:3047} INFO - Sync 1 DAGs
[2024-03-23T00:23:56.581+0000] {logging_mixin.py:188} INFO - [2024-03-23T00:23:56.581+0000] {dag.py:3834} INFO - Setting next_dagrun for tutorial to 2024-03-22 00:00:00+00:00, run_after=2024-03-23 00:00:00+00:00
[2024-03-23T00:23:56.602+0000] {processor.py:183} INFO - Processing /home/airflow/.local/lib/python3.8/site-packages/airflow/example_dags/tutorial.py took 0.083 seconds
[2024-03-23T00:24:26.894+0000] {processor.py:161} INFO - Started process (PID=2333) to work on /home/airflow/.local/lib/python3.8/site-packages/airflow/example_dags/tutorial.py
[2024-03-23T00:24:26.896+0000] {processor.py:830} INFO - Processing file /home/airflow/.local/lib/python3.8/site-packages/airflow/example_dags/tutorial.py for tasks to queue
[2024-03-23T00:24:26.898+0000] {logging_mixin.py:188} INFO - [2024-03-23T00:24:26.897+0000] {dagbag.py:540} INFO - Filling up the DagBag from /home/airflow/.local/lib/python3.8/site-packages/airflow/example_dags/tutorial.py
[2024-03-23T00:24:26.904+0000] {processor.py:840} INFO - DAG(s) 'tutorial' retrieved from /home/airflow/.local/lib/python3.8/site-packages/airflow/example_dags/tutorial.py
[2024-03-23T00:24:26.928+0000] {logging_mixin.py:188} INFO - [2024-03-23T00:24:26.927+0000] {dag.py:3047} INFO - Sync 1 DAGs
[2024-03-23T00:24:26.953+0000] {logging_mixin.py:188} INFO - [2024-03-23T00:24:26.953+0000] {dag.py:3834} INFO - Setting next_dagrun for tutorial to 2024-03-22 00:00:00+00:00, run_after=2024-03-23 00:00:00+00:00
[2024-03-23T00:24:26.973+0000] {processor.py:183} INFO - Processing /home/airflow/.local/lib/python3.8/site-packages/airflow/example_dags/tutorial.py took 0.083 seconds
[2024-03-23T00:24:57.221+0000] {processor.py:161} INFO - Started process (PID=2388) to work on /home/airflow/.local/lib/python3.8/site-packages/airflow/example_dags/tutorial.py
[2024-03-23T00:24:57.222+0000] {processor.py:830} INFO - Processing file /home/airflow/.local/lib/python3.8/site-packages/airflow/example_dags/tutorial.py for tasks to queue
[2024-03-23T00:24:57.224+0000] {logging_mixin.py:188} INFO - [2024-03-23T00:24:57.224+0000] {dagbag.py:540} INFO - Filling up the DagBag from /home/airflow/.local/lib/python3.8/site-packages/airflow/example_dags/tutorial.py
[2024-03-23T00:24:57.231+0000] {processor.py:840} INFO - DAG(s) 'tutorial' retrieved from /home/airflow/.local/lib/python3.8/site-packages/airflow/example_dags/tutorial.py
[2024-03-23T00:24:57.253+0000] {logging_mixin.py:188} INFO - [2024-03-23T00:24:57.253+0000] {dag.py:3047} INFO - Sync 1 DAGs
[2024-03-23T00:24:57.278+0000] {logging_mixin.py:188} INFO - [2024-03-23T00:24:57.278+0000] {dag.py:3834} INFO - Setting next_dagrun for tutorial to 2024-03-22 00:00:00+00:00, run_after=2024-03-23 00:00:00+00:00
[2024-03-23T00:24:57.297+0000] {processor.py:183} INFO - Processing /home/airflow/.local/lib/python3.8/site-packages/airflow/example_dags/tutorial.py took 0.080 seconds
[2024-03-23T00:25:27.902+0000] {processor.py:161} INFO - Started process (PID=2441) to work on /home/airflow/.local/lib/python3.8/site-packages/airflow/example_dags/tutorial.py
[2024-03-23T00:25:27.903+0000] {processor.py:830} INFO - Processing file /home/airflow/.local/lib/python3.8/site-packages/airflow/example_dags/tutorial.py for tasks to queue
[2024-03-23T00:25:27.905+0000] {logging_mixin.py:188} INFO - [2024-03-23T00:25:27.905+0000] {dagbag.py:540} INFO - Filling up the DagBag from /home/airflow/.local/lib/python3.8/site-packages/airflow/example_dags/tutorial.py
[2024-03-23T00:25:27.912+0000] {processor.py:840} INFO - DAG(s) 'tutorial' retrieved from /home/airflow/.local/lib/python3.8/site-packages/airflow/example_dags/tutorial.py
[2024-03-23T00:25:27.935+0000] {logging_mixin.py:188} INFO - [2024-03-23T00:25:27.935+0000] {dag.py:3047} INFO - Sync 1 DAGs
[2024-03-23T00:25:27.960+0000] {logging_mixin.py:188} INFO - [2024-03-23T00:25:27.960+0000] {dag.py:3834} INFO - Setting next_dagrun for tutorial to 2024-03-22 00:00:00+00:00, run_after=2024-03-23 00:00:00+00:00
[2024-03-23T00:25:27.980+0000] {processor.py:183} INFO - Processing /home/airflow/.local/lib/python3.8/site-packages/airflow/example_dags/tutorial.py took 0.082 seconds
[2024-03-23T00:25:58.184+0000] {processor.py:161} INFO - Started process (PID=2496) to work on /home/airflow/.local/lib/python3.8/site-packages/airflow/example_dags/tutorial.py
[2024-03-23T00:25:58.185+0000] {processor.py:830} INFO - Processing file /home/airflow/.local/lib/python3.8/site-packages/airflow/example_dags/tutorial.py for tasks to queue
[2024-03-23T00:25:58.187+0000] {logging_mixin.py:188} INFO - [2024-03-23T00:25:58.187+0000] {dagbag.py:540} INFO - Filling up the DagBag from /home/airflow/.local/lib/python3.8/site-packages/airflow/example_dags/tutorial.py
[2024-03-23T00:25:58.194+0000] {processor.py:840} INFO - DAG(s) 'tutorial' retrieved from /home/airflow/.local/lib/python3.8/site-packages/airflow/example_dags/tutorial.py
[2024-03-23T00:25:58.217+0000] {logging_mixin.py:188} INFO - [2024-03-23T00:25:58.216+0000] {dag.py:3047} INFO - Sync 1 DAGs
[2024-03-23T00:25:58.242+0000] {logging_mixin.py:188} INFO - [2024-03-23T00:25:58.242+0000] {dag.py:3834} INFO - Setting next_dagrun for tutorial to 2024-03-22 00:00:00+00:00, run_after=2024-03-23 00:00:00+00:00
[2024-03-23T00:25:58.262+0000] {processor.py:183} INFO - Processing /home/airflow/.local/lib/python3.8/site-packages/airflow/example_dags/tutorial.py took 0.082 seconds
[2024-03-23T00:26:28.872+0000] {processor.py:161} INFO - Started process (PID=2551) to work on /home/airflow/.local/lib/python3.8/site-packages/airflow/example_dags/tutorial.py
[2024-03-23T00:26:28.874+0000] {processor.py:830} INFO - Processing file /home/airflow/.local/lib/python3.8/site-packages/airflow/example_dags/tutorial.py for tasks to queue
[2024-03-23T00:26:28.878+0000] {logging_mixin.py:188} INFO - [2024-03-23T00:26:28.877+0000] {dagbag.py:540} INFO - Filling up the DagBag from /home/airflow/.local/lib/python3.8/site-packages/airflow/example_dags/tutorial.py
[2024-03-23T00:26:28.887+0000] {processor.py:840} INFO - DAG(s) 'tutorial' retrieved from /home/airflow/.local/lib/python3.8/site-packages/airflow/example_dags/tutorial.py
[2024-03-23T00:26:28.915+0000] {logging_mixin.py:188} INFO - [2024-03-23T00:26:28.915+0000] {dag.py:3047} INFO - Sync 1 DAGs
[2024-03-23T00:26:28.944+0000] {logging_mixin.py:188} INFO - [2024-03-23T00:26:28.944+0000] {dag.py:3834} INFO - Setting next_dagrun for tutorial to 2024-03-22 00:00:00+00:00, run_after=2024-03-23 00:00:00+00:00
[2024-03-23T00:26:28.970+0000] {processor.py:183} INFO - Processing /home/airflow/.local/lib/python3.8/site-packages/airflow/example_dags/tutorial.py took 0.106 seconds
