[2024-03-22T00:38:02.106+0000] {processor.py:161} INFO - Started process (PID=51) to work on /home/airflow/.local/lib/python3.8/site-packages/airflow/example_dags/example_nested_branch_dag.py
[2024-03-22T00:38:02.108+0000] {processor.py:830} INFO - Processing file /home/airflow/.local/lib/python3.8/site-packages/airflow/example_dags/example_nested_branch_dag.py for tasks to queue
[2024-03-22T00:38:02.113+0000] {logging_mixin.py:188} INFO - [2024-03-22T00:38:02.112+0000] {dagbag.py:540} INFO - Filling up the DagBag from /home/airflow/.local/lib/python3.8/site-packages/airflow/example_dags/example_nested_branch_dag.py
[2024-03-22T00:38:02.129+0000] {processor.py:840} INFO - DAG(s) 'example_nested_branch_dag' retrieved from /home/airflow/.local/lib/python3.8/site-packages/airflow/example_dags/example_nested_branch_dag.py
[2024-03-22T00:38:02.313+0000] {logging_mixin.py:188} INFO - [2024-03-22T00:38:02.312+0000] {dag.py:3047} INFO - Sync 1 DAGs
[2024-03-22T00:38:02.348+0000] {logging_mixin.py:188} INFO - [2024-03-22T00:38:02.347+0000] {dag.py:3834} INFO - Setting next_dagrun for example_nested_branch_dag to 2024-03-21 00:00:00+00:00, run_after=2024-03-22 00:00:00+00:00
[2024-03-22T00:38:02.384+0000] {processor.py:183} INFO - Processing /home/airflow/.local/lib/python3.8/site-packages/airflow/example_dags/example_nested_branch_dag.py took 0.283 seconds
[2024-03-22T00:38:32.470+0000] {processor.py:161} INFO - Started process (PID=106) to work on /home/airflow/.local/lib/python3.8/site-packages/airflow/example_dags/example_nested_branch_dag.py
[2024-03-22T00:38:32.471+0000] {processor.py:830} INFO - Processing file /home/airflow/.local/lib/python3.8/site-packages/airflow/example_dags/example_nested_branch_dag.py for tasks to queue
[2024-03-22T00:38:32.474+0000] {logging_mixin.py:188} INFO - [2024-03-22T00:38:32.473+0000] {dagbag.py:540} INFO - Filling up the DagBag from /home/airflow/.local/lib/python3.8/site-packages/airflow/example_dags/example_nested_branch_dag.py
[2024-03-22T00:38:32.489+0000] {processor.py:840} INFO - DAG(s) 'example_nested_branch_dag' retrieved from /home/airflow/.local/lib/python3.8/site-packages/airflow/example_dags/example_nested_branch_dag.py
[2024-03-22T00:38:32.519+0000] {logging_mixin.py:188} INFO - [2024-03-22T00:38:32.519+0000] {dag.py:3047} INFO - Sync 1 DAGs
[2024-03-22T00:38:32.552+0000] {logging_mixin.py:188} INFO - [2024-03-22T00:38:32.552+0000] {dag.py:3834} INFO - Setting next_dagrun for example_nested_branch_dag to 2024-03-21 00:00:00+00:00, run_after=2024-03-22 00:00:00+00:00
[2024-03-22T00:38:32.577+0000] {processor.py:183} INFO - Processing /home/airflow/.local/lib/python3.8/site-packages/airflow/example_dags/example_nested_branch_dag.py took 0.112 seconds
[2024-03-22T00:39:02.661+0000] {processor.py:161} INFO - Started process (PID=161) to work on /home/airflow/.local/lib/python3.8/site-packages/airflow/example_dags/example_nested_branch_dag.py
[2024-03-22T00:39:02.662+0000] {processor.py:830} INFO - Processing file /home/airflow/.local/lib/python3.8/site-packages/airflow/example_dags/example_nested_branch_dag.py for tasks to queue
[2024-03-22T00:39:02.664+0000] {logging_mixin.py:188} INFO - [2024-03-22T00:39:02.664+0000] {dagbag.py:540} INFO - Filling up the DagBag from /home/airflow/.local/lib/python3.8/site-packages/airflow/example_dags/example_nested_branch_dag.py
[2024-03-22T00:39:02.677+0000] {processor.py:840} INFO - DAG(s) 'example_nested_branch_dag' retrieved from /home/airflow/.local/lib/python3.8/site-packages/airflow/example_dags/example_nested_branch_dag.py
[2024-03-22T00:39:02.703+0000] {logging_mixin.py:188} INFO - [2024-03-22T00:39:02.703+0000] {dag.py:3047} INFO - Sync 1 DAGs
[2024-03-22T00:39:02.734+0000] {logging_mixin.py:188} INFO - [2024-03-22T00:39:02.734+0000] {dag.py:3834} INFO - Setting next_dagrun for example_nested_branch_dag to 2024-03-21 00:00:00+00:00, run_after=2024-03-22 00:00:00+00:00
[2024-03-22T00:39:02.760+0000] {processor.py:183} INFO - Processing /home/airflow/.local/lib/python3.8/site-packages/airflow/example_dags/example_nested_branch_dag.py took 0.103 seconds
[2024-03-22T00:39:33.183+0000] {processor.py:161} INFO - Started process (PID=216) to work on /home/airflow/.local/lib/python3.8/site-packages/airflow/example_dags/example_nested_branch_dag.py
[2024-03-22T00:39:33.185+0000] {processor.py:830} INFO - Processing file /home/airflow/.local/lib/python3.8/site-packages/airflow/example_dags/example_nested_branch_dag.py for tasks to queue
[2024-03-22T00:39:33.187+0000] {logging_mixin.py:188} INFO - [2024-03-22T00:39:33.187+0000] {dagbag.py:540} INFO - Filling up the DagBag from /home/airflow/.local/lib/python3.8/site-packages/airflow/example_dags/example_nested_branch_dag.py
[2024-03-22T00:39:33.201+0000] {processor.py:840} INFO - DAG(s) 'example_nested_branch_dag' retrieved from /home/airflow/.local/lib/python3.8/site-packages/airflow/example_dags/example_nested_branch_dag.py
[2024-03-22T00:39:33.228+0000] {logging_mixin.py:188} INFO - [2024-03-22T00:39:33.228+0000] {dag.py:3047} INFO - Sync 1 DAGs
[2024-03-22T00:39:33.259+0000] {logging_mixin.py:188} INFO - [2024-03-22T00:39:33.259+0000] {dag.py:3834} INFO - Setting next_dagrun for example_nested_branch_dag to 2024-03-21 00:00:00+00:00, run_after=2024-03-22 00:00:00+00:00
[2024-03-22T00:39:33.282+0000] {processor.py:183} INFO - Processing /home/airflow/.local/lib/python3.8/site-packages/airflow/example_dags/example_nested_branch_dag.py took 0.104 seconds
[2024-03-22T00:40:04.260+0000] {processor.py:161} INFO - Started process (PID=271) to work on /home/airflow/.local/lib/python3.8/site-packages/airflow/example_dags/example_nested_branch_dag.py
[2024-03-22T00:40:04.262+0000] {processor.py:830} INFO - Processing file /home/airflow/.local/lib/python3.8/site-packages/airflow/example_dags/example_nested_branch_dag.py for tasks to queue
[2024-03-22T00:40:04.264+0000] {logging_mixin.py:188} INFO - [2024-03-22T00:40:04.264+0000] {dagbag.py:540} INFO - Filling up the DagBag from /home/airflow/.local/lib/python3.8/site-packages/airflow/example_dags/example_nested_branch_dag.py
[2024-03-22T00:40:04.280+0000] {processor.py:840} INFO - DAG(s) 'example_nested_branch_dag' retrieved from /home/airflow/.local/lib/python3.8/site-packages/airflow/example_dags/example_nested_branch_dag.py
[2024-03-22T00:40:04.312+0000] {logging_mixin.py:188} INFO - [2024-03-22T00:40:04.312+0000] {dag.py:3047} INFO - Sync 1 DAGs
[2024-03-22T00:40:04.345+0000] {logging_mixin.py:188} INFO - [2024-03-22T00:40:04.344+0000] {dag.py:3834} INFO - Setting next_dagrun for example_nested_branch_dag to 2024-03-21 00:00:00+00:00, run_after=2024-03-22 00:00:00+00:00
[2024-03-22T00:40:04.370+0000] {processor.py:183} INFO - Processing /home/airflow/.local/lib/python3.8/site-packages/airflow/example_dags/example_nested_branch_dag.py took 0.115 seconds
