[2024-03-22T00:38:06.055+0000] {processor.py:161} INFO - Started process (PID=70) to work on /home/airflow/.local/lib/python3.8/site-packages/airflow/example_dags/example_params_trigger_ui.py
[2024-03-22T00:38:06.056+0000] {processor.py:830} INFO - Processing file /home/airflow/.local/lib/python3.8/site-packages/airflow/example_dags/example_params_trigger_ui.py for tasks to queue
[2024-03-22T00:38:06.058+0000] {logging_mixin.py:188} INFO - [2024-03-22T00:38:06.058+0000] {dagbag.py:540} INFO - Filling up the DagBag from /home/airflow/.local/lib/python3.8/site-packages/airflow/example_dags/example_params_trigger_ui.py
[2024-03-22T00:38:06.078+0000] {processor.py:840} INFO - DAG(s) 'example_params_trigger_ui' retrieved from /home/airflow/.local/lib/python3.8/site-packages/airflow/example_dags/example_params_trigger_ui.py
[2024-03-22T00:38:06.281+0000] {logging_mixin.py:188} INFO - [2024-03-22T00:38:06.281+0000] {dag.py:3047} INFO - Sync 1 DAGs
[2024-03-22T00:38:06.298+0000] {logging_mixin.py:188} INFO - [2024-03-22T00:38:06.297+0000] {dag.py:3834} INFO - Setting next_dagrun for example_params_trigger_ui to None, run_after=None
[2024-03-22T00:38:06.326+0000] {processor.py:183} INFO - Processing /home/airflow/.local/lib/python3.8/site-packages/airflow/example_dags/example_params_trigger_ui.py took 0.276 seconds
[2024-03-22T00:38:37.173+0000] {processor.py:161} INFO - Started process (PID=125) to work on /home/airflow/.local/lib/python3.8/site-packages/airflow/example_dags/example_params_trigger_ui.py
[2024-03-22T00:38:37.174+0000] {processor.py:830} INFO - Processing file /home/airflow/.local/lib/python3.8/site-packages/airflow/example_dags/example_params_trigger_ui.py for tasks to queue
[2024-03-22T00:38:37.176+0000] {logging_mixin.py:188} INFO - [2024-03-22T00:38:37.176+0000] {dagbag.py:540} INFO - Filling up the DagBag from /home/airflow/.local/lib/python3.8/site-packages/airflow/example_dags/example_params_trigger_ui.py
[2024-03-22T00:38:37.192+0000] {processor.py:840} INFO - DAG(s) 'example_params_trigger_ui' retrieved from /home/airflow/.local/lib/python3.8/site-packages/airflow/example_dags/example_params_trigger_ui.py
[2024-03-22T00:38:37.262+0000] {logging_mixin.py:188} INFO - [2024-03-22T00:38:37.262+0000] {dag.py:3047} INFO - Sync 1 DAGs
[2024-03-22T00:38:37.277+0000] {logging_mixin.py:188} INFO - [2024-03-22T00:38:37.276+0000] {dag.py:3834} INFO - Setting next_dagrun for example_params_trigger_ui to None, run_after=None
[2024-03-22T00:38:37.298+0000] {processor.py:183} INFO - Processing /home/airflow/.local/lib/python3.8/site-packages/airflow/example_dags/example_params_trigger_ui.py took 0.129 seconds
[2024-03-22T00:39:08.290+0000] {processor.py:161} INFO - Started process (PID=186) to work on /home/airflow/.local/lib/python3.8/site-packages/airflow/example_dags/example_params_trigger_ui.py
[2024-03-22T00:39:08.291+0000] {processor.py:830} INFO - Processing file /home/airflow/.local/lib/python3.8/site-packages/airflow/example_dags/example_params_trigger_ui.py for tasks to queue
[2024-03-22T00:39:08.293+0000] {logging_mixin.py:188} INFO - [2024-03-22T00:39:08.293+0000] {dagbag.py:540} INFO - Filling up the DagBag from /home/airflow/.local/lib/python3.8/site-packages/airflow/example_dags/example_params_trigger_ui.py
[2024-03-22T00:39:08.309+0000] {processor.py:840} INFO - DAG(s) 'example_params_trigger_ui' retrieved from /home/airflow/.local/lib/python3.8/site-packages/airflow/example_dags/example_params_trigger_ui.py
[2024-03-22T00:39:08.380+0000] {logging_mixin.py:188} INFO - [2024-03-22T00:39:08.380+0000] {dag.py:3047} INFO - Sync 1 DAGs
[2024-03-22T00:39:08.395+0000] {logging_mixin.py:188} INFO - [2024-03-22T00:39:08.395+0000] {dag.py:3834} INFO - Setting next_dagrun for example_params_trigger_ui to None, run_after=None
[2024-03-22T00:39:08.417+0000] {processor.py:183} INFO - Processing /home/airflow/.local/lib/python3.8/site-packages/airflow/example_dags/example_params_trigger_ui.py took 0.131 seconds
[2024-03-22T00:39:38.484+0000] {processor.py:161} INFO - Started process (PID=241) to work on /home/airflow/.local/lib/python3.8/site-packages/airflow/example_dags/example_params_trigger_ui.py
[2024-03-22T00:39:38.486+0000] {processor.py:830} INFO - Processing file /home/airflow/.local/lib/python3.8/site-packages/airflow/example_dags/example_params_trigger_ui.py for tasks to queue
[2024-03-22T00:39:38.488+0000] {logging_mixin.py:188} INFO - [2024-03-22T00:39:38.487+0000] {dagbag.py:540} INFO - Filling up the DagBag from /home/airflow/.local/lib/python3.8/site-packages/airflow/example_dags/example_params_trigger_ui.py
[2024-03-22T00:39:38.504+0000] {processor.py:840} INFO - DAG(s) 'example_params_trigger_ui' retrieved from /home/airflow/.local/lib/python3.8/site-packages/airflow/example_dags/example_params_trigger_ui.py
[2024-03-22T00:39:38.572+0000] {logging_mixin.py:188} INFO - [2024-03-22T00:39:38.572+0000] {dag.py:3047} INFO - Sync 1 DAGs
[2024-03-22T00:39:38.587+0000] {logging_mixin.py:188} INFO - [2024-03-22T00:39:38.586+0000] {dag.py:3834} INFO - Setting next_dagrun for example_params_trigger_ui to None, run_after=None
[2024-03-22T00:39:38.607+0000] {processor.py:183} INFO - Processing /home/airflow/.local/lib/python3.8/site-packages/airflow/example_dags/example_params_trigger_ui.py took 0.127 seconds
[2024-03-22T00:40:08.878+0000] {processor.py:161} INFO - Started process (PID=297) to work on /home/airflow/.local/lib/python3.8/site-packages/airflow/example_dags/example_params_trigger_ui.py
[2024-03-22T00:40:08.881+0000] {processor.py:830} INFO - Processing file /home/airflow/.local/lib/python3.8/site-packages/airflow/example_dags/example_params_trigger_ui.py for tasks to queue
[2024-03-22T00:40:08.884+0000] {logging_mixin.py:188} INFO - [2024-03-22T00:40:08.884+0000] {dagbag.py:540} INFO - Filling up the DagBag from /home/airflow/.local/lib/python3.8/site-packages/airflow/example_dags/example_params_trigger_ui.py
[2024-03-22T00:40:08.907+0000] {processor.py:840} INFO - DAG(s) 'example_params_trigger_ui' retrieved from /home/airflow/.local/lib/python3.8/site-packages/airflow/example_dags/example_params_trigger_ui.py
[2024-03-22T00:40:08.990+0000] {logging_mixin.py:188} INFO - [2024-03-22T00:40:08.990+0000] {dag.py:3047} INFO - Sync 1 DAGs
[2024-03-22T00:40:09.006+0000] {logging_mixin.py:188} INFO - [2024-03-22T00:40:09.005+0000] {dag.py:3834} INFO - Setting next_dagrun for example_params_trigger_ui to None, run_after=None
[2024-03-22T00:40:09.035+0000] {processor.py:183} INFO - Processing /home/airflow/.local/lib/python3.8/site-packages/airflow/example_dags/example_params_trigger_ui.py took 0.163 seconds
