[2024-03-22T00:38:03.085+0000] {processor.py:161} INFO - Started process (PID=56) to work on /home/airflow/.local/lib/python3.8/site-packages/airflow/example_dags/example_branch_operator_decorator.py
[2024-03-22T00:38:03.088+0000] {processor.py:830} INFO - Processing file /home/airflow/.local/lib/python3.8/site-packages/airflow/example_dags/example_branch_operator_decorator.py for tasks to queue
[2024-03-22T00:38:03.090+0000] {logging_mixin.py:188} INFO - [2024-03-22T00:38:03.090+0000] {dagbag.py:540} INFO - Filling up the DagBag from /home/airflow/.local/lib/python3.8/site-packages/airflow/example_dags/example_branch_operator_decorator.py
[2024-03-22T00:38:03.124+0000] {processor.py:840} INFO - DAG(s) 'example_branch_python_operator_decorator' retrieved from /home/airflow/.local/lib/python3.8/site-packages/airflow/example_dags/example_branch_operator_decorator.py
[2024-03-22T00:38:03.344+0000] {logging_mixin.py:188} INFO - [2024-03-22T00:38:03.343+0000] {dag.py:3047} INFO - Sync 1 DAGs
[2024-03-22T00:38:03.387+0000] {logging_mixin.py:188} INFO - [2024-03-22T00:38:03.386+0000] {dag.py:3834} INFO - Setting next_dagrun for example_branch_python_operator_decorator to 2024-03-21 00:00:00+00:00, run_after=2024-03-22 00:00:00+00:00
[2024-03-22T00:38:03.423+0000] {processor.py:183} INFO - Processing /home/airflow/.local/lib/python3.8/site-packages/airflow/example_dags/example_branch_operator_decorator.py took 0.344 seconds
[2024-03-22T00:38:33.776+0000] {processor.py:161} INFO - Started process (PID=111) to work on /home/airflow/.local/lib/python3.8/site-packages/airflow/example_dags/example_branch_operator_decorator.py
[2024-03-22T00:38:33.777+0000] {processor.py:830} INFO - Processing file /home/airflow/.local/lib/python3.8/site-packages/airflow/example_dags/example_branch_operator_decorator.py for tasks to queue
[2024-03-22T00:38:33.780+0000] {logging_mixin.py:188} INFO - [2024-03-22T00:38:33.780+0000] {dagbag.py:540} INFO - Filling up the DagBag from /home/airflow/.local/lib/python3.8/site-packages/airflow/example_dags/example_branch_operator_decorator.py
[2024-03-22T00:38:33.830+0000] {processor.py:840} INFO - DAG(s) 'example_branch_python_operator_decorator' retrieved from /home/airflow/.local/lib/python3.8/site-packages/airflow/example_dags/example_branch_operator_decorator.py
[2024-03-22T00:38:33.886+0000] {logging_mixin.py:188} INFO - [2024-03-22T00:38:33.885+0000] {dag.py:3047} INFO - Sync 1 DAGs
[2024-03-22T00:38:33.930+0000] {logging_mixin.py:188} INFO - [2024-03-22T00:38:33.930+0000] {dag.py:3834} INFO - Setting next_dagrun for example_branch_python_operator_decorator to 2024-03-21 00:00:00+00:00, run_after=2024-03-22 00:00:00+00:00
[2024-03-22T00:38:33.967+0000] {processor.py:183} INFO - Processing /home/airflow/.local/lib/python3.8/site-packages/airflow/example_dags/example_branch_operator_decorator.py took 0.198 seconds
[2024-03-22T00:39:04.074+0000] {processor.py:161} INFO - Started process (PID=166) to work on /home/airflow/.local/lib/python3.8/site-packages/airflow/example_dags/example_branch_operator_decorator.py
[2024-03-22T00:39:04.078+0000] {processor.py:830} INFO - Processing file /home/airflow/.local/lib/python3.8/site-packages/airflow/example_dags/example_branch_operator_decorator.py for tasks to queue
[2024-03-22T00:39:04.084+0000] {logging_mixin.py:188} INFO - [2024-03-22T00:39:04.083+0000] {dagbag.py:540} INFO - Filling up the DagBag from /home/airflow/.local/lib/python3.8/site-packages/airflow/example_dags/example_branch_operator_decorator.py
[2024-03-22T00:39:04.127+0000] {processor.py:840} INFO - DAG(s) 'example_branch_python_operator_decorator' retrieved from /home/airflow/.local/lib/python3.8/site-packages/airflow/example_dags/example_branch_operator_decorator.py
[2024-03-22T00:39:04.174+0000] {logging_mixin.py:188} INFO - [2024-03-22T00:39:04.174+0000] {dag.py:3047} INFO - Sync 1 DAGs
[2024-03-22T00:39:04.210+0000] {logging_mixin.py:188} INFO - [2024-03-22T00:39:04.210+0000] {dag.py:3834} INFO - Setting next_dagrun for example_branch_python_operator_decorator to 2024-03-21 00:00:00+00:00, run_after=2024-03-22 00:00:00+00:00
[2024-03-22T00:39:04.241+0000] {processor.py:183} INFO - Processing /home/airflow/.local/lib/python3.8/site-packages/airflow/example_dags/example_branch_operator_decorator.py took 0.179 seconds
[2024-03-22T00:39:34.547+0000] {processor.py:161} INFO - Started process (PID=221) to work on /home/airflow/.local/lib/python3.8/site-packages/airflow/example_dags/example_branch_operator_decorator.py
[2024-03-22T00:39:34.548+0000] {processor.py:830} INFO - Processing file /home/airflow/.local/lib/python3.8/site-packages/airflow/example_dags/example_branch_operator_decorator.py for tasks to queue
[2024-03-22T00:39:34.550+0000] {logging_mixin.py:188} INFO - [2024-03-22T00:39:34.549+0000] {dagbag.py:540} INFO - Filling up the DagBag from /home/airflow/.local/lib/python3.8/site-packages/airflow/example_dags/example_branch_operator_decorator.py
[2024-03-22T00:39:34.577+0000] {processor.py:840} INFO - DAG(s) 'example_branch_python_operator_decorator' retrieved from /home/airflow/.local/lib/python3.8/site-packages/airflow/example_dags/example_branch_operator_decorator.py
[2024-03-22T00:39:34.613+0000] {logging_mixin.py:188} INFO - [2024-03-22T00:39:34.613+0000] {dag.py:3047} INFO - Sync 1 DAGs
[2024-03-22T00:39:34.644+0000] {logging_mixin.py:188} INFO - [2024-03-22T00:39:34.644+0000] {dag.py:3834} INFO - Setting next_dagrun for example_branch_python_operator_decorator to 2024-03-21 00:00:00+00:00, run_after=2024-03-22 00:00:00+00:00
[2024-03-22T00:39:34.668+0000] {processor.py:183} INFO - Processing /home/airflow/.local/lib/python3.8/site-packages/airflow/example_dags/example_branch_operator_decorator.py took 0.125 seconds
[2024-03-22T00:40:04.828+0000] {processor.py:161} INFO - Started process (PID=277) to work on /home/airflow/.local/lib/python3.8/site-packages/airflow/example_dags/example_branch_operator_decorator.py
[2024-03-22T00:40:04.830+0000] {processor.py:830} INFO - Processing file /home/airflow/.local/lib/python3.8/site-packages/airflow/example_dags/example_branch_operator_decorator.py for tasks to queue
[2024-03-22T00:40:04.833+0000] {logging_mixin.py:188} INFO - [2024-03-22T00:40:04.832+0000] {dagbag.py:540} INFO - Filling up the DagBag from /home/airflow/.local/lib/python3.8/site-packages/airflow/example_dags/example_branch_operator_decorator.py
[2024-03-22T00:40:04.862+0000] {processor.py:840} INFO - DAG(s) 'example_branch_python_operator_decorator' retrieved from /home/airflow/.local/lib/python3.8/site-packages/airflow/example_dags/example_branch_operator_decorator.py
[2024-03-22T00:40:04.901+0000] {logging_mixin.py:188} INFO - [2024-03-22T00:40:04.900+0000] {dag.py:3047} INFO - Sync 1 DAGs
[2024-03-22T00:40:04.935+0000] {logging_mixin.py:188} INFO - [2024-03-22T00:40:04.934+0000] {dag.py:3834} INFO - Setting next_dagrun for example_branch_python_operator_decorator to 2024-03-21 00:00:00+00:00, run_after=2024-03-22 00:00:00+00:00
[2024-03-22T00:40:04.958+0000] {processor.py:183} INFO - Processing /home/airflow/.local/lib/python3.8/site-packages/airflow/example_dags/example_branch_operator_decorator.py took 0.134 seconds
