[2024-03-22T00:38:06.643+0000] {processor.py:161} INFO - Started process (PID=73) to work on /home/airflow/.local/lib/python3.8/site-packages/airflow/example_dags/example_bash_operator.py
[2024-03-22T00:38:06.646+0000] {processor.py:830} INFO - Processing file /home/airflow/.local/lib/python3.8/site-packages/airflow/example_dags/example_bash_operator.py for tasks to queue
[2024-03-22T00:38:06.649+0000] {logging_mixin.py:188} INFO - [2024-03-22T00:38:06.648+0000] {dagbag.py:540} INFO - Filling up the DagBag from /home/airflow/.local/lib/python3.8/site-packages/airflow/example_dags/example_bash_operator.py
[2024-03-22T00:38:06.672+0000] {processor.py:840} INFO - DAG(s) 'example_bash_operator' retrieved from /home/airflow/.local/lib/python3.8/site-packages/airflow/example_dags/example_bash_operator.py
[2024-03-22T00:38:06.849+0000] {logging_mixin.py:188} INFO - [2024-03-22T00:38:06.849+0000] {dag.py:3047} INFO - Sync 1 DAGs
[2024-03-22T00:38:06.884+0000] {logging_mixin.py:188} INFO - [2024-03-22T00:38:06.884+0000] {dag.py:3834} INFO - Setting next_dagrun for example_bash_operator to 2024-03-21 00:00:00+00:00, run_after=2024-03-22 00:00:00+00:00
[2024-03-22T00:38:06.921+0000] {processor.py:183} INFO - Processing /home/airflow/.local/lib/python3.8/site-packages/airflow/example_dags/example_bash_operator.py took 0.284 seconds
[2024-03-22T00:38:37.327+0000] {processor.py:161} INFO - Started process (PID=128) to work on /home/airflow/.local/lib/python3.8/site-packages/airflow/example_dags/example_bash_operator.py
[2024-03-22T00:38:37.328+0000] {processor.py:830} INFO - Processing file /home/airflow/.local/lib/python3.8/site-packages/airflow/example_dags/example_bash_operator.py for tasks to queue
[2024-03-22T00:38:37.330+0000] {logging_mixin.py:188} INFO - [2024-03-22T00:38:37.330+0000] {dagbag.py:540} INFO - Filling up the DagBag from /home/airflow/.local/lib/python3.8/site-packages/airflow/example_dags/example_bash_operator.py
[2024-03-22T00:38:37.345+0000] {processor.py:840} INFO - DAG(s) 'example_bash_operator' retrieved from /home/airflow/.local/lib/python3.8/site-packages/airflow/example_dags/example_bash_operator.py
[2024-03-22T00:38:37.382+0000] {logging_mixin.py:188} INFO - [2024-03-22T00:38:37.381+0000] {dag.py:3047} INFO - Sync 1 DAGs
[2024-03-22T00:38:37.410+0000] {logging_mixin.py:188} INFO - [2024-03-22T00:38:37.409+0000] {dag.py:3834} INFO - Setting next_dagrun for example_bash_operator to 2024-03-21 00:00:00+00:00, run_after=2024-03-22 00:00:00+00:00
[2024-03-22T00:38:37.430+0000] {processor.py:183} INFO - Processing /home/airflow/.local/lib/python3.8/site-packages/airflow/example_dags/example_bash_operator.py took 0.107 seconds
[2024-03-22T00:39:08.451+0000] {processor.py:161} INFO - Started process (PID=189) to work on /home/airflow/.local/lib/python3.8/site-packages/airflow/example_dags/example_bash_operator.py
[2024-03-22T00:39:08.452+0000] {processor.py:830} INFO - Processing file /home/airflow/.local/lib/python3.8/site-packages/airflow/example_dags/example_bash_operator.py for tasks to queue
[2024-03-22T00:39:08.455+0000] {logging_mixin.py:188} INFO - [2024-03-22T00:39:08.454+0000] {dagbag.py:540} INFO - Filling up the DagBag from /home/airflow/.local/lib/python3.8/site-packages/airflow/example_dags/example_bash_operator.py
[2024-03-22T00:39:08.471+0000] {processor.py:840} INFO - DAG(s) 'example_bash_operator' retrieved from /home/airflow/.local/lib/python3.8/site-packages/airflow/example_dags/example_bash_operator.py
[2024-03-22T00:39:08.509+0000] {logging_mixin.py:188} INFO - [2024-03-22T00:39:08.509+0000] {dag.py:3047} INFO - Sync 1 DAGs
[2024-03-22T00:39:08.539+0000] {logging_mixin.py:188} INFO - [2024-03-22T00:39:08.538+0000] {dag.py:3834} INFO - Setting next_dagrun for example_bash_operator to 2024-03-21 00:00:00+00:00, run_after=2024-03-22 00:00:00+00:00
[2024-03-22T00:39:08.561+0000] {processor.py:183} INFO - Processing /home/airflow/.local/lib/python3.8/site-packages/airflow/example_dags/example_bash_operator.py took 0.114 seconds
[2024-03-22T00:39:38.637+0000] {processor.py:161} INFO - Started process (PID=244) to work on /home/airflow/.local/lib/python3.8/site-packages/airflow/example_dags/example_bash_operator.py
[2024-03-22T00:39:38.638+0000] {processor.py:830} INFO - Processing file /home/airflow/.local/lib/python3.8/site-packages/airflow/example_dags/example_bash_operator.py for tasks to queue
[2024-03-22T00:39:38.640+0000] {logging_mixin.py:188} INFO - [2024-03-22T00:39:38.640+0000] {dagbag.py:540} INFO - Filling up the DagBag from /home/airflow/.local/lib/python3.8/site-packages/airflow/example_dags/example_bash_operator.py
[2024-03-22T00:39:38.654+0000] {processor.py:840} INFO - DAG(s) 'example_bash_operator' retrieved from /home/airflow/.local/lib/python3.8/site-packages/airflow/example_dags/example_bash_operator.py
[2024-03-22T00:39:38.695+0000] {logging_mixin.py:188} INFO - [2024-03-22T00:39:38.694+0000] {dag.py:3047} INFO - Sync 1 DAGs
[2024-03-22T00:39:38.726+0000] {logging_mixin.py:188} INFO - [2024-03-22T00:39:38.726+0000] {dag.py:3834} INFO - Setting next_dagrun for example_bash_operator to 2024-03-21 00:00:00+00:00, run_after=2024-03-22 00:00:00+00:00
[2024-03-22T00:39:38.746+0000] {processor.py:183} INFO - Processing /home/airflow/.local/lib/python3.8/site-packages/airflow/example_dags/example_bash_operator.py took 0.113 seconds
[2024-03-22T00:40:09.083+0000] {processor.py:161} INFO - Started process (PID=300) to work on /home/airflow/.local/lib/python3.8/site-packages/airflow/example_dags/example_bash_operator.py
[2024-03-22T00:40:09.085+0000] {processor.py:830} INFO - Processing file /home/airflow/.local/lib/python3.8/site-packages/airflow/example_dags/example_bash_operator.py for tasks to queue
[2024-03-22T00:40:09.089+0000] {logging_mixin.py:188} INFO - [2024-03-22T00:40:09.089+0000] {dagbag.py:540} INFO - Filling up the DagBag from /home/airflow/.local/lib/python3.8/site-packages/airflow/example_dags/example_bash_operator.py
[2024-03-22T00:40:09.108+0000] {processor.py:840} INFO - DAG(s) 'example_bash_operator' retrieved from /home/airflow/.local/lib/python3.8/site-packages/airflow/example_dags/example_bash_operator.py
[2024-03-22T00:40:09.168+0000] {logging_mixin.py:188} INFO - [2024-03-22T00:40:09.167+0000] {dag.py:3047} INFO - Sync 1 DAGs
[2024-03-22T00:40:09.202+0000] {logging_mixin.py:188} INFO - [2024-03-22T00:40:09.202+0000] {dag.py:3834} INFO - Setting next_dagrun for example_bash_operator to 2024-03-21 00:00:00+00:00, run_after=2024-03-22 00:00:00+00:00
[2024-03-22T00:40:09.230+0000] {processor.py:183} INFO - Processing /home/airflow/.local/lib/python3.8/site-packages/airflow/example_dags/example_bash_operator.py took 0.151 seconds
