[2024-03-22T00:38:04.918+0000] {processor.py:161} INFO - Started process (PID=65) to work on /home/airflow/.local/lib/python3.8/site-packages/airflow/example_dags/example_sla_dag.py
[2024-03-22T00:38:04.920+0000] {processor.py:830} INFO - Processing file /home/airflow/.local/lib/python3.8/site-packages/airflow/example_dags/example_sla_dag.py for tasks to queue
[2024-03-22T00:38:04.923+0000] {logging_mixin.py:188} INFO - [2024-03-22T00:38:04.923+0000] {dagbag.py:540} INFO - Filling up the DagBag from /home/airflow/.local/lib/python3.8/site-packages/airflow/example_dags/example_sla_dag.py
[2024-03-22T00:38:04.940+0000] {processor.py:840} INFO - DAG(s) 'example_sla_dag' retrieved from /home/airflow/.local/lib/python3.8/site-packages/airflow/example_dags/example_sla_dag.py
[2024-03-22T00:38:05.109+0000] {logging_mixin.py:188} INFO - [2024-03-22T00:38:05.109+0000] {dag.py:3047} INFO - Sync 1 DAGs
[2024-03-22T00:38:05.153+0000] {logging_mixin.py:188} INFO - [2024-03-22T00:38:05.153+0000] {dag.py:3834} INFO - Setting next_dagrun for example_sla_dag to 2024-03-22 00:36:00+00:00, run_after=2024-03-22 00:38:00+00:00
[2024-03-22T00:38:05.193+0000] {processor.py:183} INFO - Processing /home/airflow/.local/lib/python3.8/site-packages/airflow/example_dags/example_sla_dag.py took 0.282 seconds
[2024-03-22T00:38:35.803+0000] {processor.py:161} INFO - Started process (PID=120) to work on /home/airflow/.local/lib/python3.8/site-packages/airflow/example_dags/example_sla_dag.py
[2024-03-22T00:38:35.805+0000] {processor.py:830} INFO - Processing file /home/airflow/.local/lib/python3.8/site-packages/airflow/example_dags/example_sla_dag.py for tasks to queue
[2024-03-22T00:38:35.807+0000] {logging_mixin.py:188} INFO - [2024-03-22T00:38:35.806+0000] {dagbag.py:540} INFO - Filling up the DagBag from /home/airflow/.local/lib/python3.8/site-packages/airflow/example_dags/example_sla_dag.py
[2024-03-22T00:38:35.818+0000] {processor.py:840} INFO - DAG(s) 'example_sla_dag' retrieved from /home/airflow/.local/lib/python3.8/site-packages/airflow/example_dags/example_sla_dag.py
[2024-03-22T00:38:35.840+0000] {logging_mixin.py:188} INFO - [2024-03-22T00:38:35.840+0000] {dag.py:3047} INFO - Sync 1 DAGs
[2024-03-22T00:38:35.871+0000] {logging_mixin.py:188} INFO - [2024-03-22T00:38:35.871+0000] {dag.py:3834} INFO - Setting next_dagrun for example_sla_dag to 2024-03-22 00:36:00+00:00, run_after=2024-03-22 00:38:00+00:00
[2024-03-22T00:38:35.891+0000] {processor.py:183} INFO - Processing /home/airflow/.local/lib/python3.8/site-packages/airflow/example_dags/example_sla_dag.py took 0.092 seconds
[2024-03-22T00:39:06.879+0000] {processor.py:161} INFO - Started process (PID=175) to work on /home/airflow/.local/lib/python3.8/site-packages/airflow/example_dags/example_sla_dag.py
[2024-03-22T00:39:06.880+0000] {processor.py:830} INFO - Processing file /home/airflow/.local/lib/python3.8/site-packages/airflow/example_dags/example_sla_dag.py for tasks to queue
[2024-03-22T00:39:06.883+0000] {logging_mixin.py:188} INFO - [2024-03-22T00:39:06.883+0000] {dagbag.py:540} INFO - Filling up the DagBag from /home/airflow/.local/lib/python3.8/site-packages/airflow/example_dags/example_sla_dag.py
[2024-03-22T00:39:06.896+0000] {processor.py:840} INFO - DAG(s) 'example_sla_dag' retrieved from /home/airflow/.local/lib/python3.8/site-packages/airflow/example_dags/example_sla_dag.py
[2024-03-22T00:39:06.929+0000] {logging_mixin.py:188} INFO - [2024-03-22T00:39:06.928+0000] {dag.py:3047} INFO - Sync 1 DAGs
[2024-03-22T00:39:06.968+0000] {logging_mixin.py:188} INFO - [2024-03-22T00:39:06.967+0000] {dag.py:3834} INFO - Setting next_dagrun for example_sla_dag to 2024-03-22 00:36:00+00:00, run_after=2024-03-22 00:38:00+00:00
[2024-03-22T00:39:06.994+0000] {processor.py:183} INFO - Processing /home/airflow/.local/lib/python3.8/site-packages/airflow/example_dags/example_sla_dag.py took 0.120 seconds
[2024-03-22T00:39:37.143+0000] {processor.py:161} INFO - Started process (PID=230) to work on /home/airflow/.local/lib/python3.8/site-packages/airflow/example_dags/example_sla_dag.py
[2024-03-22T00:39:37.145+0000] {processor.py:830} INFO - Processing file /home/airflow/.local/lib/python3.8/site-packages/airflow/example_dags/example_sla_dag.py for tasks to queue
[2024-03-22T00:39:37.147+0000] {logging_mixin.py:188} INFO - [2024-03-22T00:39:37.147+0000] {dagbag.py:540} INFO - Filling up the DagBag from /home/airflow/.local/lib/python3.8/site-packages/airflow/example_dags/example_sla_dag.py
[2024-03-22T00:39:37.158+0000] {processor.py:840} INFO - DAG(s) 'example_sla_dag' retrieved from /home/airflow/.local/lib/python3.8/site-packages/airflow/example_dags/example_sla_dag.py
[2024-03-22T00:39:37.180+0000] {logging_mixin.py:188} INFO - [2024-03-22T00:39:37.179+0000] {dag.py:3047} INFO - Sync 1 DAGs
[2024-03-22T00:39:37.210+0000] {logging_mixin.py:188} INFO - [2024-03-22T00:39:37.209+0000] {dag.py:3834} INFO - Setting next_dagrun for example_sla_dag to 2024-03-22 00:36:00+00:00, run_after=2024-03-22 00:38:00+00:00
[2024-03-22T00:39:37.229+0000] {processor.py:183} INFO - Processing /home/airflow/.local/lib/python3.8/site-packages/airflow/example_dags/example_sla_dag.py took 0.089 seconds
[2024-03-22T00:40:07.414+0000] {processor.py:161} INFO - Started process (PID=285) to work on /home/airflow/.local/lib/python3.8/site-packages/airflow/example_dags/example_sla_dag.py
[2024-03-22T00:40:07.415+0000] {processor.py:830} INFO - Processing file /home/airflow/.local/lib/python3.8/site-packages/airflow/example_dags/example_sla_dag.py for tasks to queue
[2024-03-22T00:40:07.418+0000] {logging_mixin.py:188} INFO - [2024-03-22T00:40:07.417+0000] {dagbag.py:540} INFO - Filling up the DagBag from /home/airflow/.local/lib/python3.8/site-packages/airflow/example_dags/example_sla_dag.py
[2024-03-22T00:40:07.430+0000] {processor.py:840} INFO - DAG(s) 'example_sla_dag' retrieved from /home/airflow/.local/lib/python3.8/site-packages/airflow/example_dags/example_sla_dag.py
[2024-03-22T00:40:07.457+0000] {logging_mixin.py:188} INFO - [2024-03-22T00:40:07.457+0000] {dag.py:3047} INFO - Sync 1 DAGs
[2024-03-22T00:40:07.506+0000] {logging_mixin.py:188} INFO - [2024-03-22T00:40:07.506+0000] {dag.py:3834} INFO - Setting next_dagrun for example_sla_dag to 2024-03-22 00:38:00+00:00, run_after=2024-03-22 00:40:00+00:00
[2024-03-22T00:40:07.545+0000] {processor.py:183} INFO - Processing /home/airflow/.local/lib/python3.8/site-packages/airflow/example_dags/example_sla_dag.py took 0.137 seconds
