[2024-03-22T00:38:07.347+0000] {processor.py:161} INFO - Started process (PID=76) to work on /home/airflow/.local/lib/python3.8/site-packages/airflow/example_dags/example_skip_dag.py
[2024-03-22T00:38:07.348+0000] {processor.py:830} INFO - Processing file /home/airflow/.local/lib/python3.8/site-packages/airflow/example_dags/example_skip_dag.py for tasks to queue
[2024-03-22T00:38:07.351+0000] {logging_mixin.py:188} INFO - [2024-03-22T00:38:07.350+0000] {dagbag.py:540} INFO - Filling up the DagBag from /home/airflow/.local/lib/python3.8/site-packages/airflow/example_dags/example_skip_dag.py
[2024-03-22T00:38:07.361+0000] {processor.py:840} INFO - DAG(s) 'example_skip_dag' retrieved from /home/airflow/.local/lib/python3.8/site-packages/airflow/example_dags/example_skip_dag.py
[2024-03-22T00:38:07.507+0000] {logging_mixin.py:188} INFO - [2024-03-22T00:38:07.506+0000] {dag.py:3047} INFO - Sync 1 DAGs
[2024-03-22T00:38:07.542+0000] {logging_mixin.py:188} INFO - [2024-03-22T00:38:07.541+0000] {dag.py:3834} INFO - Setting next_dagrun for example_skip_dag to 2024-03-21 00:00:00+00:00, run_after=2024-03-22 00:00:00+00:00
[2024-03-22T00:38:07.582+0000] {processor.py:183} INFO - Processing /home/airflow/.local/lib/python3.8/site-packages/airflow/example_dags/example_skip_dag.py took 0.240 seconds
[2024-03-22T00:38:37.633+0000] {processor.py:161} INFO - Started process (PID=131) to work on /home/airflow/.local/lib/python3.8/site-packages/airflow/example_dags/example_skip_dag.py
[2024-03-22T00:38:37.635+0000] {processor.py:830} INFO - Processing file /home/airflow/.local/lib/python3.8/site-packages/airflow/example_dags/example_skip_dag.py for tasks to queue
[2024-03-22T00:38:37.637+0000] {logging_mixin.py:188} INFO - [2024-03-22T00:38:37.636+0000] {dagbag.py:540} INFO - Filling up the DagBag from /home/airflow/.local/lib/python3.8/site-packages/airflow/example_dags/example_skip_dag.py
[2024-03-22T00:38:37.645+0000] {processor.py:840} INFO - DAG(s) 'example_skip_dag' retrieved from /home/airflow/.local/lib/python3.8/site-packages/airflow/example_dags/example_skip_dag.py
[2024-03-22T00:38:37.671+0000] {logging_mixin.py:188} INFO - [2024-03-22T00:38:37.671+0000] {dag.py:3047} INFO - Sync 1 DAGs
[2024-03-22T00:38:37.697+0000] {logging_mixin.py:188} INFO - [2024-03-22T00:38:37.697+0000] {dag.py:3834} INFO - Setting next_dagrun for example_skip_dag to 2024-03-21 00:00:00+00:00, run_after=2024-03-22 00:00:00+00:00
[2024-03-22T00:38:37.719+0000] {processor.py:183} INFO - Processing /home/airflow/.local/lib/python3.8/site-packages/airflow/example_dags/example_skip_dag.py took 0.089 seconds
[2024-03-22T00:39:08.669+0000] {processor.py:161} INFO - Started process (PID=192) to work on /home/airflow/.local/lib/python3.8/site-packages/airflow/example_dags/example_skip_dag.py
[2024-03-22T00:39:08.670+0000] {processor.py:830} INFO - Processing file /home/airflow/.local/lib/python3.8/site-packages/airflow/example_dags/example_skip_dag.py for tasks to queue
[2024-03-22T00:39:08.673+0000] {logging_mixin.py:188} INFO - [2024-03-22T00:39:08.672+0000] {dagbag.py:540} INFO - Filling up the DagBag from /home/airflow/.local/lib/python3.8/site-packages/airflow/example_dags/example_skip_dag.py
[2024-03-22T00:39:08.682+0000] {processor.py:840} INFO - DAG(s) 'example_skip_dag' retrieved from /home/airflow/.local/lib/python3.8/site-packages/airflow/example_dags/example_skip_dag.py
[2024-03-22T00:39:08.710+0000] {logging_mixin.py:188} INFO - [2024-03-22T00:39:08.710+0000] {dag.py:3047} INFO - Sync 1 DAGs
[2024-03-22T00:39:08.741+0000] {logging_mixin.py:188} INFO - [2024-03-22T00:39:08.741+0000] {dag.py:3834} INFO - Setting next_dagrun for example_skip_dag to 2024-03-21 00:00:00+00:00, run_after=2024-03-22 00:00:00+00:00
[2024-03-22T00:39:08.763+0000] {processor.py:183} INFO - Processing /home/airflow/.local/lib/python3.8/site-packages/airflow/example_dags/example_skip_dag.py took 0.101 seconds
[2024-03-22T00:39:38.844+0000] {processor.py:161} INFO - Started process (PID=247) to work on /home/airflow/.local/lib/python3.8/site-packages/airflow/example_dags/example_skip_dag.py
[2024-03-22T00:39:38.846+0000] {processor.py:830} INFO - Processing file /home/airflow/.local/lib/python3.8/site-packages/airflow/example_dags/example_skip_dag.py for tasks to queue
[2024-03-22T00:39:38.848+0000] {logging_mixin.py:188} INFO - [2024-03-22T00:39:38.848+0000] {dagbag.py:540} INFO - Filling up the DagBag from /home/airflow/.local/lib/python3.8/site-packages/airflow/example_dags/example_skip_dag.py
[2024-03-22T00:39:38.856+0000] {processor.py:840} INFO - DAG(s) 'example_skip_dag' retrieved from /home/airflow/.local/lib/python3.8/site-packages/airflow/example_dags/example_skip_dag.py
[2024-03-22T00:39:38.881+0000] {logging_mixin.py:188} INFO - [2024-03-22T00:39:38.881+0000] {dag.py:3047} INFO - Sync 1 DAGs
[2024-03-22T00:39:38.907+0000] {logging_mixin.py:188} INFO - [2024-03-22T00:39:38.907+0000] {dag.py:3834} INFO - Setting next_dagrun for example_skip_dag to 2024-03-21 00:00:00+00:00, run_after=2024-03-22 00:00:00+00:00
[2024-03-22T00:39:38.928+0000] {processor.py:183} INFO - Processing /home/airflow/.local/lib/python3.8/site-packages/airflow/example_dags/example_skip_dag.py took 0.087 seconds
[2024-03-22T00:40:09.350+0000] {processor.py:161} INFO - Started process (PID=303) to work on /home/airflow/.local/lib/python3.8/site-packages/airflow/example_dags/example_skip_dag.py
[2024-03-22T00:40:09.352+0000] {processor.py:830} INFO - Processing file /home/airflow/.local/lib/python3.8/site-packages/airflow/example_dags/example_skip_dag.py for tasks to queue
[2024-03-22T00:40:09.355+0000] {logging_mixin.py:188} INFO - [2024-03-22T00:40:09.354+0000] {dagbag.py:540} INFO - Filling up the DagBag from /home/airflow/.local/lib/python3.8/site-packages/airflow/example_dags/example_skip_dag.py
[2024-03-22T00:40:09.365+0000] {processor.py:840} INFO - DAG(s) 'example_skip_dag' retrieved from /home/airflow/.local/lib/python3.8/site-packages/airflow/example_dags/example_skip_dag.py
[2024-03-22T00:40:09.396+0000] {logging_mixin.py:188} INFO - [2024-03-22T00:40:09.396+0000] {dag.py:3047} INFO - Sync 1 DAGs
[2024-03-22T00:40:09.432+0000] {logging_mixin.py:188} INFO - [2024-03-22T00:40:09.432+0000] {dag.py:3834} INFO - Setting next_dagrun for example_skip_dag to 2024-03-21 00:00:00+00:00, run_after=2024-03-22 00:00:00+00:00
[2024-03-22T00:40:09.465+0000] {processor.py:183} INFO - Processing /home/airflow/.local/lib/python3.8/site-packages/airflow/example_dags/example_skip_dag.py took 0.120 seconds
