[2024-03-22T00:38:04.686+0000] {processor.py:161} INFO - Started process (PID=64) to work on /home/airflow/.local/lib/python3.8/site-packages/airflow/example_dags/example_sensors.py
[2024-03-22T00:38:04.690+0000] {processor.py:830} INFO - Processing file /home/airflow/.local/lib/python3.8/site-packages/airflow/example_dags/example_sensors.py for tasks to queue
[2024-03-22T00:38:04.695+0000] {logging_mixin.py:188} INFO - [2024-03-22T00:38:04.694+0000] {dagbag.py:540} INFO - Filling up the DagBag from /home/airflow/.local/lib/python3.8/site-packages/airflow/example_dags/example_sensors.py
[2024-03-22T00:38:04.724+0000] {processor.py:840} INFO - DAG(s) 'example_sensors' retrieved from /home/airflow/.local/lib/python3.8/site-packages/airflow/example_dags/example_sensors.py
[2024-03-22T00:38:04.946+0000] {logging_mixin.py:188} INFO - [2024-03-22T00:38:04.945+0000] {dag.py:3047} INFO - Sync 1 DAGs
[2024-03-22T00:38:04.963+0000] {logging_mixin.py:188} INFO - [2024-03-22T00:38:04.962+0000] {dag.py:3834} INFO - Setting next_dagrun for example_sensors to None, run_after=None
[2024-03-22T00:38:04.991+0000] {processor.py:183} INFO - Processing /home/airflow/.local/lib/python3.8/site-packages/airflow/example_dags/example_sensors.py took 0.316 seconds
[2024-03-22T00:38:35.688+0000] {processor.py:161} INFO - Started process (PID=119) to work on /home/airflow/.local/lib/python3.8/site-packages/airflow/example_dags/example_sensors.py
[2024-03-22T00:38:35.689+0000] {processor.py:830} INFO - Processing file /home/airflow/.local/lib/python3.8/site-packages/airflow/example_dags/example_sensors.py for tasks to queue
[2024-03-22T00:38:35.691+0000] {logging_mixin.py:188} INFO - [2024-03-22T00:38:35.690+0000] {dagbag.py:540} INFO - Filling up the DagBag from /home/airflow/.local/lib/python3.8/site-packages/airflow/example_dags/example_sensors.py
[2024-03-22T00:38:35.702+0000] {processor.py:840} INFO - DAG(s) 'example_sensors' retrieved from /home/airflow/.local/lib/python3.8/site-packages/airflow/example_dags/example_sensors.py
[2024-03-22T00:38:35.732+0000] {logging_mixin.py:188} INFO - [2024-03-22T00:38:35.732+0000] {dag.py:3047} INFO - Sync 1 DAGs
[2024-03-22T00:38:35.746+0000] {logging_mixin.py:188} INFO - [2024-03-22T00:38:35.746+0000] {dag.py:3834} INFO - Setting next_dagrun for example_sensors to None, run_after=None
[2024-03-22T00:38:35.769+0000] {processor.py:183} INFO - Processing /home/airflow/.local/lib/python3.8/site-packages/airflow/example_dags/example_sensors.py took 0.086 seconds
[2024-03-22T00:39:06.726+0000] {processor.py:161} INFO - Started process (PID=174) to work on /home/airflow/.local/lib/python3.8/site-packages/airflow/example_dags/example_sensors.py
[2024-03-22T00:39:06.729+0000] {processor.py:830} INFO - Processing file /home/airflow/.local/lib/python3.8/site-packages/airflow/example_dags/example_sensors.py for tasks to queue
[2024-03-22T00:39:06.732+0000] {logging_mixin.py:188} INFO - [2024-03-22T00:39:06.732+0000] {dagbag.py:540} INFO - Filling up the DagBag from /home/airflow/.local/lib/python3.8/site-packages/airflow/example_dags/example_sensors.py
[2024-03-22T00:39:06.748+0000] {processor.py:840} INFO - DAG(s) 'example_sensors' retrieved from /home/airflow/.local/lib/python3.8/site-packages/airflow/example_dags/example_sensors.py
[2024-03-22T00:39:06.785+0000] {logging_mixin.py:188} INFO - [2024-03-22T00:39:06.785+0000] {dag.py:3047} INFO - Sync 1 DAGs
[2024-03-22T00:39:06.807+0000] {logging_mixin.py:188} INFO - [2024-03-22T00:39:06.806+0000] {dag.py:3834} INFO - Setting next_dagrun for example_sensors to None, run_after=None
[2024-03-22T00:39:06.835+0000] {processor.py:183} INFO - Processing /home/airflow/.local/lib/python3.8/site-packages/airflow/example_dags/example_sensors.py took 0.118 seconds
[2024-03-22T00:39:37.037+0000] {processor.py:161} INFO - Started process (PID=229) to work on /home/airflow/.local/lib/python3.8/site-packages/airflow/example_dags/example_sensors.py
[2024-03-22T00:39:37.038+0000] {processor.py:830} INFO - Processing file /home/airflow/.local/lib/python3.8/site-packages/airflow/example_dags/example_sensors.py for tasks to queue
[2024-03-22T00:39:37.040+0000] {logging_mixin.py:188} INFO - [2024-03-22T00:39:37.040+0000] {dagbag.py:540} INFO - Filling up the DagBag from /home/airflow/.local/lib/python3.8/site-packages/airflow/example_dags/example_sensors.py
[2024-03-22T00:39:37.052+0000] {processor.py:840} INFO - DAG(s) 'example_sensors' retrieved from /home/airflow/.local/lib/python3.8/site-packages/airflow/example_dags/example_sensors.py
[2024-03-22T00:39:37.083+0000] {logging_mixin.py:188} INFO - [2024-03-22T00:39:37.082+0000] {dag.py:3047} INFO - Sync 1 DAGs
[2024-03-22T00:39:37.097+0000] {logging_mixin.py:188} INFO - [2024-03-22T00:39:37.097+0000] {dag.py:3834} INFO - Setting next_dagrun for example_sensors to None, run_after=None
[2024-03-22T00:39:37.118+0000] {processor.py:183} INFO - Processing /home/airflow/.local/lib/python3.8/site-packages/airflow/example_dags/example_sensors.py took 0.085 seconds
[2024-03-22T00:40:07.271+0000] {processor.py:161} INFO - Started process (PID=284) to work on /home/airflow/.local/lib/python3.8/site-packages/airflow/example_dags/example_sensors.py
[2024-03-22T00:40:07.272+0000] {processor.py:830} INFO - Processing file /home/airflow/.local/lib/python3.8/site-packages/airflow/example_dags/example_sensors.py for tasks to queue
[2024-03-22T00:40:07.274+0000] {logging_mixin.py:188} INFO - [2024-03-22T00:40:07.273+0000] {dagbag.py:540} INFO - Filling up the DagBag from /home/airflow/.local/lib/python3.8/site-packages/airflow/example_dags/example_sensors.py
[2024-03-22T00:40:07.287+0000] {processor.py:840} INFO - DAG(s) 'example_sensors' retrieved from /home/airflow/.local/lib/python3.8/site-packages/airflow/example_dags/example_sensors.py
[2024-03-22T00:40:07.324+0000] {logging_mixin.py:188} INFO - [2024-03-22T00:40:07.323+0000] {dag.py:3047} INFO - Sync 1 DAGs
[2024-03-22T00:40:07.342+0000] {logging_mixin.py:188} INFO - [2024-03-22T00:40:07.342+0000] {dag.py:3834} INFO - Setting next_dagrun for example_sensors to None, run_after=None
[2024-03-22T00:40:07.373+0000] {processor.py:183} INFO - Processing /home/airflow/.local/lib/python3.8/site-packages/airflow/example_dags/example_sensors.py took 0.106 seconds
