[2024-03-22T00:38:06.964+0000] {processor.py:161} INFO - Started process (PID=75) to work on /home/airflow/.local/lib/python3.8/site-packages/airflow/example_dags/example_datasets.py
[2024-03-22T00:38:06.966+0000] {processor.py:830} INFO - Processing file /home/airflow/.local/lib/python3.8/site-packages/airflow/example_dags/example_datasets.py for tasks to queue
[2024-03-22T00:38:06.969+0000] {logging_mixin.py:188} INFO - [2024-03-22T00:38:06.968+0000] {dagbag.py:540} INFO - Filling up the DagBag from /home/airflow/.local/lib/python3.8/site-packages/airflow/example_dags/example_datasets.py
[2024-03-22T00:38:06.985+0000] {processor.py:840} INFO - DAG(s) 'dataset_consumes_unknown_never_scheduled', 'dataset_consumes_1', 'dataset_produces_1', 'dataset_consumes_1_and_2', 'dataset_consumes_1_never_scheduled', 'dataset_produces_2' retrieved from /home/airflow/.local/lib/python3.8/site-packages/airflow/example_dags/example_datasets.py
[2024-03-22T00:38:07.211+0000] {logging_mixin.py:188} INFO - [2024-03-22T00:38:07.210+0000] {dag.py:3047} INFO - Sync 6 DAGs
[2024-03-22T00:38:07.243+0000] {logging_mixin.py:188} INFO - [2024-03-22T00:38:07.242+0000] {dag.py:3834} INFO - Setting next_dagrun for dataset_consumes_1 to None, run_after=None
[2024-03-22T00:38:07.248+0000] {logging_mixin.py:188} INFO - [2024-03-22T00:38:07.248+0000] {dag.py:3834} INFO - Setting next_dagrun for dataset_consumes_1_and_2 to None, run_after=None
[2024-03-22T00:38:07.250+0000] {logging_mixin.py:188} INFO - [2024-03-22T00:38:07.250+0000] {dag.py:3834} INFO - Setting next_dagrun for dataset_consumes_1_never_scheduled to None, run_after=None
[2024-03-22T00:38:07.252+0000] {logging_mixin.py:188} INFO - [2024-03-22T00:38:07.251+0000] {dag.py:3834} INFO - Setting next_dagrun for dataset_consumes_unknown_never_scheduled to None, run_after=None
[2024-03-22T00:38:07.255+0000] {logging_mixin.py:188} INFO - [2024-03-22T00:38:07.255+0000] {dag.py:3834} INFO - Setting next_dagrun for dataset_produces_1 to 2024-03-21 00:00:00+00:00, run_after=2024-03-22 00:00:00+00:00
[2024-03-22T00:38:07.259+0000] {logging_mixin.py:188} INFO - [2024-03-22T00:38:07.259+0000] {dag.py:3834} INFO - Setting next_dagrun for dataset_produces_2 to None, run_after=None
[2024-03-22T00:38:07.303+0000] {processor.py:183} INFO - Processing /home/airflow/.local/lib/python3.8/site-packages/airflow/example_dags/example_datasets.py took 0.345 seconds
[2024-03-22T00:38:37.459+0000] {processor.py:161} INFO - Started process (PID=130) to work on /home/airflow/.local/lib/python3.8/site-packages/airflow/example_dags/example_datasets.py
[2024-03-22T00:38:37.460+0000] {processor.py:830} INFO - Processing file /home/airflow/.local/lib/python3.8/site-packages/airflow/example_dags/example_datasets.py for tasks to queue
[2024-03-22T00:38:37.462+0000] {logging_mixin.py:188} INFO - [2024-03-22T00:38:37.462+0000] {dagbag.py:540} INFO - Filling up the DagBag from /home/airflow/.local/lib/python3.8/site-packages/airflow/example_dags/example_datasets.py
[2024-03-22T00:38:37.474+0000] {processor.py:840} INFO - DAG(s) 'dataset_produces_2', 'dataset_consumes_1_never_scheduled', 'dataset_produces_1', 'dataset_consumes_1', 'dataset_consumes_unknown_never_scheduled', 'dataset_consumes_1_and_2' retrieved from /home/airflow/.local/lib/python3.8/site-packages/airflow/example_dags/example_datasets.py
[2024-03-22T00:38:37.524+0000] {logging_mixin.py:188} INFO - [2024-03-22T00:38:37.524+0000] {dag.py:3047} INFO - Sync 6 DAGs
[2024-03-22T00:38:37.551+0000] {logging_mixin.py:188} INFO - [2024-03-22T00:38:37.551+0000] {dag.py:3834} INFO - Setting next_dagrun for dataset_consumes_1 to None, run_after=None
[2024-03-22T00:38:37.556+0000] {logging_mixin.py:188} INFO - [2024-03-22T00:38:37.555+0000] {dag.py:3834} INFO - Setting next_dagrun for dataset_consumes_1_and_2 to None, run_after=None
[2024-03-22T00:38:37.557+0000] {logging_mixin.py:188} INFO - [2024-03-22T00:38:37.557+0000] {dag.py:3834} INFO - Setting next_dagrun for dataset_consumes_1_never_scheduled to None, run_after=None
[2024-03-22T00:38:37.559+0000] {logging_mixin.py:188} INFO - [2024-03-22T00:38:37.559+0000] {dag.py:3834} INFO - Setting next_dagrun for dataset_consumes_unknown_never_scheduled to None, run_after=None
[2024-03-22T00:38:37.562+0000] {logging_mixin.py:188} INFO - [2024-03-22T00:38:37.562+0000] {dag.py:3834} INFO - Setting next_dagrun for dataset_produces_1 to 2024-03-21 00:00:00+00:00, run_after=2024-03-22 00:00:00+00:00
[2024-03-22T00:38:37.564+0000] {logging_mixin.py:188} INFO - [2024-03-22T00:38:37.564+0000] {dag.py:3834} INFO - Setting next_dagrun for dataset_produces_2 to None, run_after=None
[2024-03-22T00:38:37.599+0000] {processor.py:183} INFO - Processing /home/airflow/.local/lib/python3.8/site-packages/airflow/example_dags/example_datasets.py took 0.144 seconds
[2024-03-22T00:39:08.590+0000] {processor.py:161} INFO - Started process (PID=191) to work on /home/airflow/.local/lib/python3.8/site-packages/airflow/example_dags/example_datasets.py
[2024-03-22T00:39:08.591+0000] {processor.py:830} INFO - Processing file /home/airflow/.local/lib/python3.8/site-packages/airflow/example_dags/example_datasets.py for tasks to queue
[2024-03-22T00:39:08.593+0000] {logging_mixin.py:188} INFO - [2024-03-22T00:39:08.593+0000] {dagbag.py:540} INFO - Filling up the DagBag from /home/airflow/.local/lib/python3.8/site-packages/airflow/example_dags/example_datasets.py
[2024-03-22T00:39:08.606+0000] {processor.py:840} INFO - DAG(s) 'dataset_produces_1', 'dataset_consumes_1_never_scheduled', 'dataset_produces_2', 'dataset_consumes_1', 'dataset_consumes_1_and_2', 'dataset_consumes_unknown_never_scheduled' retrieved from /home/airflow/.local/lib/python3.8/site-packages/airflow/example_dags/example_datasets.py
[2024-03-22T00:39:08.670+0000] {logging_mixin.py:188} INFO - [2024-03-22T00:39:08.670+0000] {dag.py:3047} INFO - Sync 6 DAGs
[2024-03-22T00:39:08.701+0000] {logging_mixin.py:188} INFO - [2024-03-22T00:39:08.701+0000] {dag.py:3834} INFO - Setting next_dagrun for dataset_consumes_1 to None, run_after=None
[2024-03-22T00:39:08.706+0000] {logging_mixin.py:188} INFO - [2024-03-22T00:39:08.705+0000] {dag.py:3834} INFO - Setting next_dagrun for dataset_consumes_1_and_2 to None, run_after=None
[2024-03-22T00:39:08.708+0000] {logging_mixin.py:188} INFO - [2024-03-22T00:39:08.707+0000] {dag.py:3834} INFO - Setting next_dagrun for dataset_consumes_1_never_scheduled to None, run_after=None
[2024-03-22T00:39:08.709+0000] {logging_mixin.py:188} INFO - [2024-03-22T00:39:08.709+0000] {dag.py:3834} INFO - Setting next_dagrun for dataset_consumes_unknown_never_scheduled to None, run_after=None
[2024-03-22T00:39:08.713+0000] {logging_mixin.py:188} INFO - [2024-03-22T00:39:08.713+0000] {dag.py:3834} INFO - Setting next_dagrun for dataset_produces_1 to 2024-03-21 00:00:00+00:00, run_after=2024-03-22 00:00:00+00:00
[2024-03-22T00:39:08.715+0000] {logging_mixin.py:188} INFO - [2024-03-22T00:39:08.715+0000] {dag.py:3834} INFO - Setting next_dagrun for dataset_produces_2 to None, run_after=None
[2024-03-22T00:39:08.750+0000] {processor.py:183} INFO - Processing /home/airflow/.local/lib/python3.8/site-packages/airflow/example_dags/example_datasets.py took 0.164 seconds
[2024-03-22T00:39:38.844+0000] {processor.py:161} INFO - Started process (PID=246) to work on /home/airflow/.local/lib/python3.8/site-packages/airflow/example_dags/example_datasets.py
[2024-03-22T00:39:38.846+0000] {processor.py:830} INFO - Processing file /home/airflow/.local/lib/python3.8/site-packages/airflow/example_dags/example_datasets.py for tasks to queue
[2024-03-22T00:39:38.848+0000] {logging_mixin.py:188} INFO - [2024-03-22T00:39:38.848+0000] {dagbag.py:540} INFO - Filling up the DagBag from /home/airflow/.local/lib/python3.8/site-packages/airflow/example_dags/example_datasets.py
[2024-03-22T00:39:38.860+0000] {processor.py:840} INFO - DAG(s) 'dataset_consumes_1_and_2', 'dataset_consumes_1', 'dataset_consumes_unknown_never_scheduled', 'dataset_produces_2', 'dataset_consumes_1_never_scheduled', 'dataset_produces_1' retrieved from /home/airflow/.local/lib/python3.8/site-packages/airflow/example_dags/example_datasets.py
[2024-03-22T00:39:38.899+0000] {logging_mixin.py:188} INFO - [2024-03-22T00:39:38.899+0000] {dag.py:3047} INFO - Sync 6 DAGs
[2024-03-22T00:39:38.926+0000] {logging_mixin.py:188} INFO - [2024-03-22T00:39:38.926+0000] {dag.py:3834} INFO - Setting next_dagrun for dataset_consumes_1 to None, run_after=None
[2024-03-22T00:39:38.930+0000] {logging_mixin.py:188} INFO - [2024-03-22T00:39:38.930+0000] {dag.py:3834} INFO - Setting next_dagrun for dataset_consumes_1_and_2 to None, run_after=None
[2024-03-22T00:39:38.932+0000] {logging_mixin.py:188} INFO - [2024-03-22T00:39:38.932+0000] {dag.py:3834} INFO - Setting next_dagrun for dataset_consumes_1_never_scheduled to None, run_after=None
[2024-03-22T00:39:38.933+0000] {logging_mixin.py:188} INFO - [2024-03-22T00:39:38.933+0000] {dag.py:3834} INFO - Setting next_dagrun for dataset_consumes_unknown_never_scheduled to None, run_after=None
[2024-03-22T00:39:38.937+0000] {logging_mixin.py:188} INFO - [2024-03-22T00:39:38.937+0000] {dag.py:3834} INFO - Setting next_dagrun for dataset_produces_1 to 2024-03-21 00:00:00+00:00, run_after=2024-03-22 00:00:00+00:00
[2024-03-22T00:39:38.938+0000] {logging_mixin.py:188} INFO - [2024-03-22T00:39:38.938+0000] {dag.py:3834} INFO - Setting next_dagrun for dataset_produces_2 to None, run_after=None
[2024-03-22T00:39:38.973+0000] {processor.py:183} INFO - Processing /home/airflow/.local/lib/python3.8/site-packages/airflow/example_dags/example_datasets.py took 0.133 seconds
[2024-03-22T00:40:09.264+0000] {processor.py:161} INFO - Started process (PID=302) to work on /home/airflow/.local/lib/python3.8/site-packages/airflow/example_dags/example_datasets.py
[2024-03-22T00:40:09.266+0000] {processor.py:830} INFO - Processing file /home/airflow/.local/lib/python3.8/site-packages/airflow/example_dags/example_datasets.py for tasks to queue
[2024-03-22T00:40:09.268+0000] {logging_mixin.py:188} INFO - [2024-03-22T00:40:09.268+0000] {dagbag.py:540} INFO - Filling up the DagBag from /home/airflow/.local/lib/python3.8/site-packages/airflow/example_dags/example_datasets.py
[2024-03-22T00:40:09.283+0000] {processor.py:840} INFO - DAG(s) 'dataset_consumes_1_never_scheduled', 'dataset_consumes_1', 'dataset_consumes_unknown_never_scheduled', 'dataset_produces_1', 'dataset_produces_2', 'dataset_consumes_1_and_2' retrieved from /home/airflow/.local/lib/python3.8/site-packages/airflow/example_dags/example_datasets.py
[2024-03-22T00:40:09.344+0000] {logging_mixin.py:188} INFO - [2024-03-22T00:40:09.343+0000] {dag.py:3047} INFO - Sync 6 DAGs
[2024-03-22T00:40:09.380+0000] {logging_mixin.py:188} INFO - [2024-03-22T00:40:09.380+0000] {dag.py:3834} INFO - Setting next_dagrun for dataset_consumes_1 to None, run_after=None
[2024-03-22T00:40:09.386+0000] {logging_mixin.py:188} INFO - [2024-03-22T00:40:09.385+0000] {dag.py:3834} INFO - Setting next_dagrun for dataset_consumes_1_and_2 to None, run_after=None
[2024-03-22T00:40:09.388+0000] {logging_mixin.py:188} INFO - [2024-03-22T00:40:09.388+0000] {dag.py:3834} INFO - Setting next_dagrun for dataset_consumes_1_never_scheduled to None, run_after=None
[2024-03-22T00:40:09.390+0000] {logging_mixin.py:188} INFO - [2024-03-22T00:40:09.390+0000] {dag.py:3834} INFO - Setting next_dagrun for dataset_consumes_unknown_never_scheduled to None, run_after=None
[2024-03-22T00:40:09.394+0000] {logging_mixin.py:188} INFO - [2024-03-22T00:40:09.394+0000] {dag.py:3834} INFO - Setting next_dagrun for dataset_produces_1 to 2024-03-21 00:00:00+00:00, run_after=2024-03-22 00:00:00+00:00
[2024-03-22T00:40:09.398+0000] {logging_mixin.py:188} INFO - [2024-03-22T00:40:09.398+0000] {dag.py:3834} INFO - Setting next_dagrun for dataset_produces_2 to None, run_after=None
[2024-03-22T00:40:09.448+0000] {processor.py:183} INFO - Processing /home/airflow/.local/lib/python3.8/site-packages/airflow/example_dags/example_datasets.py took 0.187 seconds
