[2024-03-22T00:38:04.083+0000] {processor.py:161} INFO - Started process (PID=61) to work on /home/airflow/.local/lib/python3.8/site-packages/airflow/example_dags/example_branch_operator.py
[2024-03-22T00:38:04.086+0000] {processor.py:830} INFO - Processing file /home/airflow/.local/lib/python3.8/site-packages/airflow/example_dags/example_branch_operator.py for tasks to queue
[2024-03-22T00:38:04.092+0000] {logging_mixin.py:188} INFO - [2024-03-22T00:38:04.091+0000] {dagbag.py:540} INFO - Filling up the DagBag from /home/airflow/.local/lib/python3.8/site-packages/airflow/example_dags/example_branch_operator.py
[2024-03-22T00:38:04.140+0000] {processor.py:840} INFO - DAG(s) 'example_branch_operator' retrieved from /home/airflow/.local/lib/python3.8/site-packages/airflow/example_dags/example_branch_operator.py
[2024-03-22T00:38:04.319+0000] {logging_mixin.py:188} INFO - [2024-03-22T00:38:04.319+0000] {dag.py:3047} INFO - Sync 1 DAGs
[2024-03-22T00:38:04.355+0000] {logging_mixin.py:188} INFO - [2024-03-22T00:38:04.354+0000] {dag.py:3834} INFO - Setting next_dagrun for example_branch_operator to 2024-03-21 00:00:00+00:00, run_after=2024-03-22 00:00:00+00:00
[2024-03-22T00:38:04.386+0000] {processor.py:183} INFO - Processing /home/airflow/.local/lib/python3.8/site-packages/airflow/example_dags/example_branch_operator.py took 0.310 seconds
[2024-03-22T00:38:34.528+0000] {processor.py:161} INFO - Started process (PID=116) to work on /home/airflow/.local/lib/python3.8/site-packages/airflow/example_dags/example_branch_operator.py
[2024-03-22T00:38:34.529+0000] {processor.py:830} INFO - Processing file /home/airflow/.local/lib/python3.8/site-packages/airflow/example_dags/example_branch_operator.py for tasks to queue
[2024-03-22T00:38:34.532+0000] {logging_mixin.py:188} INFO - [2024-03-22T00:38:34.531+0000] {dagbag.py:540} INFO - Filling up the DagBag from /home/airflow/.local/lib/python3.8/site-packages/airflow/example_dags/example_branch_operator.py
[2024-03-22T00:38:34.554+0000] {processor.py:840} INFO - DAG(s) 'example_branch_operator' retrieved from /home/airflow/.local/lib/python3.8/site-packages/airflow/example_dags/example_branch_operator.py
[2024-03-22T00:38:34.590+0000] {logging_mixin.py:188} INFO - [2024-03-22T00:38:34.589+0000] {dag.py:3047} INFO - Sync 1 DAGs
[2024-03-22T00:38:34.617+0000] {logging_mixin.py:188} INFO - [2024-03-22T00:38:34.617+0000] {dag.py:3834} INFO - Setting next_dagrun for example_branch_operator to 2024-03-21 00:00:00+00:00, run_after=2024-03-22 00:00:00+00:00
[2024-03-22T00:38:34.641+0000] {processor.py:183} INFO - Processing /home/airflow/.local/lib/python3.8/site-packages/airflow/example_dags/example_branch_operator.py took 0.117 seconds
[2024-03-22T00:39:05.411+0000] {processor.py:161} INFO - Started process (PID=171) to work on /home/airflow/.local/lib/python3.8/site-packages/airflow/example_dags/example_branch_operator.py
[2024-03-22T00:39:05.413+0000] {processor.py:830} INFO - Processing file /home/airflow/.local/lib/python3.8/site-packages/airflow/example_dags/example_branch_operator.py for tasks to queue
[2024-03-22T00:39:05.415+0000] {logging_mixin.py:188} INFO - [2024-03-22T00:39:05.415+0000] {dagbag.py:540} INFO - Filling up the DagBag from /home/airflow/.local/lib/python3.8/site-packages/airflow/example_dags/example_branch_operator.py
[2024-03-22T00:39:05.440+0000] {processor.py:840} INFO - DAG(s) 'example_branch_operator' retrieved from /home/airflow/.local/lib/python3.8/site-packages/airflow/example_dags/example_branch_operator.py
[2024-03-22T00:39:05.479+0000] {logging_mixin.py:188} INFO - [2024-03-22T00:39:05.479+0000] {dag.py:3047} INFO - Sync 1 DAGs
[2024-03-22T00:39:05.513+0000] {logging_mixin.py:188} INFO - [2024-03-22T00:39:05.513+0000] {dag.py:3834} INFO - Setting next_dagrun for example_branch_operator to 2024-03-21 00:00:00+00:00, run_after=2024-03-22 00:00:00+00:00
[2024-03-22T00:39:05.541+0000] {processor.py:183} INFO - Processing /home/airflow/.local/lib/python3.8/site-packages/airflow/example_dags/example_branch_operator.py took 0.135 seconds
[2024-03-22T00:39:35.808+0000] {processor.py:161} INFO - Started process (PID=226) to work on /home/airflow/.local/lib/python3.8/site-packages/airflow/example_dags/example_branch_operator.py
[2024-03-22T00:39:35.809+0000] {processor.py:830} INFO - Processing file /home/airflow/.local/lib/python3.8/site-packages/airflow/example_dags/example_branch_operator.py for tasks to queue
[2024-03-22T00:39:35.811+0000] {logging_mixin.py:188} INFO - [2024-03-22T00:39:35.811+0000] {dagbag.py:540} INFO - Filling up the DagBag from /home/airflow/.local/lib/python3.8/site-packages/airflow/example_dags/example_branch_operator.py
[2024-03-22T00:39:35.833+0000] {processor.py:840} INFO - DAG(s) 'example_branch_operator' retrieved from /home/airflow/.local/lib/python3.8/site-packages/airflow/example_dags/example_branch_operator.py
[2024-03-22T00:39:35.869+0000] {logging_mixin.py:188} INFO - [2024-03-22T00:39:35.868+0000] {dag.py:3047} INFO - Sync 1 DAGs
[2024-03-22T00:39:35.896+0000] {logging_mixin.py:188} INFO - [2024-03-22T00:39:35.896+0000] {dag.py:3834} INFO - Setting next_dagrun for example_branch_operator to 2024-03-21 00:00:00+00:00, run_after=2024-03-22 00:00:00+00:00
[2024-03-22T00:39:35.918+0000] {processor.py:183} INFO - Processing /home/airflow/.local/lib/python3.8/site-packages/airflow/example_dags/example_branch_operator.py took 0.115 seconds
[2024-03-22T00:40:05.963+0000] {processor.py:161} INFO - Started process (PID=280) to work on /home/airflow/.local/lib/python3.8/site-packages/airflow/example_dags/example_branch_operator.py
[2024-03-22T00:40:05.965+0000] {processor.py:830} INFO - Processing file /home/airflow/.local/lib/python3.8/site-packages/airflow/example_dags/example_branch_operator.py for tasks to queue
[2024-03-22T00:40:05.967+0000] {logging_mixin.py:188} INFO - [2024-03-22T00:40:05.966+0000] {dagbag.py:540} INFO - Filling up the DagBag from /home/airflow/.local/lib/python3.8/site-packages/airflow/example_dags/example_branch_operator.py
[2024-03-22T00:40:05.989+0000] {processor.py:840} INFO - DAG(s) 'example_branch_operator' retrieved from /home/airflow/.local/lib/python3.8/site-packages/airflow/example_dags/example_branch_operator.py
[2024-03-22T00:40:06.028+0000] {logging_mixin.py:188} INFO - [2024-03-22T00:40:06.028+0000] {dag.py:3047} INFO - Sync 1 DAGs
[2024-03-22T00:40:06.061+0000] {logging_mixin.py:188} INFO - [2024-03-22T00:40:06.061+0000] {dag.py:3834} INFO - Setting next_dagrun for example_branch_operator to 2024-03-21 00:00:00+00:00, run_after=2024-03-22 00:00:00+00:00
[2024-03-22T00:40:06.087+0000] {processor.py:183} INFO - Processing /home/airflow/.local/lib/python3.8/site-packages/airflow/example_dags/example_branch_operator.py took 0.128 seconds
