[2024-03-22T00:38:00.671+0000] {processor.py:161} INFO - Started process (PID=45) to work on /home/airflow/.local/lib/python3.8/site-packages/airflow/example_dags/example_branch_python_dop_operator_3.py
[2024-03-22T00:38:00.673+0000] {processor.py:830} INFO - Processing file /home/airflow/.local/lib/python3.8/site-packages/airflow/example_dags/example_branch_python_dop_operator_3.py for tasks to queue
[2024-03-22T00:38:00.676+0000] {logging_mixin.py:188} INFO - [2024-03-22T00:38:00.675+0000] {dagbag.py:540} INFO - Filling up the DagBag from /home/airflow/.local/lib/python3.8/site-packages/airflow/example_dags/example_branch_python_dop_operator_3.py
[2024-03-22T00:38:00.693+0000] {processor.py:840} INFO - DAG(s) 'example_branch_dop_operator_v3' retrieved from /home/airflow/.local/lib/python3.8/site-packages/airflow/example_dags/example_branch_python_dop_operator_3.py
[2024-03-22T00:38:00.880+0000] {logging_mixin.py:188} INFO - [2024-03-22T00:38:00.880+0000] {dag.py:3047} INFO - Sync 1 DAGs
[2024-03-22T00:38:00.922+0000] {logging_mixin.py:188} INFO - [2024-03-22T00:38:00.922+0000] {dag.py:3834} INFO - Setting next_dagrun for example_branch_dop_operator_v3 to 2024-03-22 00:37:00+00:00, run_after=2024-03-22 00:38:00+00:00
[2024-03-22T00:38:00.956+0000] {processor.py:183} INFO - Processing /home/airflow/.local/lib/python3.8/site-packages/airflow/example_dags/example_branch_python_dop_operator_3.py took 0.292 seconds
[2024-03-22T00:38:31.933+0000] {processor.py:161} INFO - Started process (PID=100) to work on /home/airflow/.local/lib/python3.8/site-packages/airflow/example_dags/example_branch_python_dop_operator_3.py
[2024-03-22T00:38:31.935+0000] {processor.py:830} INFO - Processing file /home/airflow/.local/lib/python3.8/site-packages/airflow/example_dags/example_branch_python_dop_operator_3.py for tasks to queue
[2024-03-22T00:38:31.937+0000] {logging_mixin.py:188} INFO - [2024-03-22T00:38:31.937+0000] {dagbag.py:540} INFO - Filling up the DagBag from /home/airflow/.local/lib/python3.8/site-packages/airflow/example_dags/example_branch_python_dop_operator_3.py
[2024-03-22T00:38:31.951+0000] {processor.py:840} INFO - DAG(s) 'example_branch_dop_operator_v3' retrieved from /home/airflow/.local/lib/python3.8/site-packages/airflow/example_dags/example_branch_python_dop_operator_3.py
[2024-03-22T00:38:31.981+0000] {logging_mixin.py:188} INFO - [2024-03-22T00:38:31.981+0000] {dag.py:3047} INFO - Sync 1 DAGs
[2024-03-22T00:38:32.025+0000] {logging_mixin.py:188} INFO - [2024-03-22T00:38:32.025+0000] {dag.py:3834} INFO - Setting next_dagrun for example_branch_dop_operator_v3 to 2024-03-22 00:37:00+00:00, run_after=2024-03-22 00:38:00+00:00
[2024-03-22T00:38:32.056+0000] {processor.py:183} INFO - Processing /home/airflow/.local/lib/python3.8/site-packages/airflow/example_dags/example_branch_python_dop_operator_3.py took 0.128 seconds
[2024-03-22T00:39:02.235+0000] {processor.py:161} INFO - Started process (PID=155) to work on /home/airflow/.local/lib/python3.8/site-packages/airflow/example_dags/example_branch_python_dop_operator_3.py
[2024-03-22T00:39:02.236+0000] {processor.py:830} INFO - Processing file /home/airflow/.local/lib/python3.8/site-packages/airflow/example_dags/example_branch_python_dop_operator_3.py for tasks to queue
[2024-03-22T00:39:02.238+0000] {logging_mixin.py:188} INFO - [2024-03-22T00:39:02.238+0000] {dagbag.py:540} INFO - Filling up the DagBag from /home/airflow/.local/lib/python3.8/site-packages/airflow/example_dags/example_branch_python_dop_operator_3.py
[2024-03-22T00:39:02.250+0000] {processor.py:840} INFO - DAG(s) 'example_branch_dop_operator_v3' retrieved from /home/airflow/.local/lib/python3.8/site-packages/airflow/example_dags/example_branch_python_dop_operator_3.py
[2024-03-22T00:39:02.272+0000] {logging_mixin.py:188} INFO - [2024-03-22T00:39:02.272+0000] {dag.py:3047} INFO - Sync 1 DAGs
[2024-03-22T00:39:02.314+0000] {logging_mixin.py:188} INFO - [2024-03-22T00:39:02.313+0000] {dag.py:3834} INFO - Setting next_dagrun for example_branch_dop_operator_v3 to 2024-03-22 00:38:00+00:00, run_after=2024-03-22 00:39:00+00:00
[2024-03-22T00:39:02.337+0000] {processor.py:183} INFO - Processing /home/airflow/.local/lib/python3.8/site-packages/airflow/example_dags/example_branch_python_dop_operator_3.py took 0.107 seconds
[2024-03-22T00:39:32.730+0000] {processor.py:161} INFO - Started process (PID=210) to work on /home/airflow/.local/lib/python3.8/site-packages/airflow/example_dags/example_branch_python_dop_operator_3.py
[2024-03-22T00:39:32.731+0000] {processor.py:830} INFO - Processing file /home/airflow/.local/lib/python3.8/site-packages/airflow/example_dags/example_branch_python_dop_operator_3.py for tasks to queue
[2024-03-22T00:39:32.733+0000] {logging_mixin.py:188} INFO - [2024-03-22T00:39:32.733+0000] {dagbag.py:540} INFO - Filling up the DagBag from /home/airflow/.local/lib/python3.8/site-packages/airflow/example_dags/example_branch_python_dop_operator_3.py
[2024-03-22T00:39:32.745+0000] {processor.py:840} INFO - DAG(s) 'example_branch_dop_operator_v3' retrieved from /home/airflow/.local/lib/python3.8/site-packages/airflow/example_dags/example_branch_python_dop_operator_3.py
[2024-03-22T00:39:32.770+0000] {logging_mixin.py:188} INFO - [2024-03-22T00:39:32.770+0000] {dag.py:3047} INFO - Sync 1 DAGs
[2024-03-22T00:39:32.806+0000] {logging_mixin.py:188} INFO - [2024-03-22T00:39:32.806+0000] {dag.py:3834} INFO - Setting next_dagrun for example_branch_dop_operator_v3 to 2024-03-22 00:38:00+00:00, run_after=2024-03-22 00:39:00+00:00
[2024-03-22T00:39:32.833+0000] {processor.py:183} INFO - Processing /home/airflow/.local/lib/python3.8/site-packages/airflow/example_dags/example_branch_python_dop_operator_3.py took 0.107 seconds
[2024-03-22T00:40:02.882+0000] {processor.py:161} INFO - Started process (PID=265) to work on /home/airflow/.local/lib/python3.8/site-packages/airflow/example_dags/example_branch_python_dop_operator_3.py
[2024-03-22T00:40:02.883+0000] {processor.py:830} INFO - Processing file /home/airflow/.local/lib/python3.8/site-packages/airflow/example_dags/example_branch_python_dop_operator_3.py for tasks to queue
[2024-03-22T00:40:02.886+0000] {logging_mixin.py:188} INFO - [2024-03-22T00:40:02.885+0000] {dagbag.py:540} INFO - Filling up the DagBag from /home/airflow/.local/lib/python3.8/site-packages/airflow/example_dags/example_branch_python_dop_operator_3.py
[2024-03-22T00:40:02.897+0000] {processor.py:840} INFO - DAG(s) 'example_branch_dop_operator_v3' retrieved from /home/airflow/.local/lib/python3.8/site-packages/airflow/example_dags/example_branch_python_dop_operator_3.py
[2024-03-22T00:40:02.920+0000] {logging_mixin.py:188} INFO - [2024-03-22T00:40:02.919+0000] {dag.py:3047} INFO - Sync 1 DAGs
[2024-03-22T00:40:02.953+0000] {logging_mixin.py:188} INFO - [2024-03-22T00:40:02.953+0000] {dag.py:3834} INFO - Setting next_dagrun for example_branch_dop_operator_v3 to 2024-03-22 00:39:00+00:00, run_after=2024-03-22 00:40:00+00:00
[2024-03-22T00:40:02.990+0000] {processor.py:183} INFO - Processing /home/airflow/.local/lib/python3.8/site-packages/airflow/example_dags/example_branch_python_dop_operator_3.py took 0.112 seconds
