[2024-03-22T00:38:08.916+0000] {processor.py:161} INFO - Started process (PID=90) to work on /home/airflow/.local/lib/python3.8/site-packages/airflow/example_dags/example_task_group.py
[2024-03-22T00:38:08.918+0000] {processor.py:830} INFO - Processing file /home/airflow/.local/lib/python3.8/site-packages/airflow/example_dags/example_task_group.py for tasks to queue
[2024-03-22T00:38:08.921+0000] {logging_mixin.py:188} INFO - [2024-03-22T00:38:08.921+0000] {dagbag.py:540} INFO - Filling up the DagBag from /home/airflow/.local/lib/python3.8/site-packages/airflow/example_dags/example_task_group.py
[2024-03-22T00:38:08.933+0000] {processor.py:840} INFO - DAG(s) 'example_task_group' retrieved from /home/airflow/.local/lib/python3.8/site-packages/airflow/example_dags/example_task_group.py
[2024-03-22T00:38:09.106+0000] {logging_mixin.py:188} INFO - [2024-03-22T00:38:09.106+0000] {dag.py:3047} INFO - Sync 1 DAGs
[2024-03-22T00:38:09.147+0000] {logging_mixin.py:188} INFO - [2024-03-22T00:38:09.147+0000] {dag.py:3834} INFO - Setting next_dagrun for example_task_group to 2024-03-21 00:00:00+00:00, run_after=2024-03-22 00:00:00+00:00
[2024-03-22T00:38:09.190+0000] {processor.py:183} INFO - Processing /home/airflow/.local/lib/python3.8/site-packages/airflow/example_dags/example_task_group.py took 0.280 seconds
[2024-03-22T00:38:39.323+0000] {processor.py:161} INFO - Started process (PID=145) to work on /home/airflow/.local/lib/python3.8/site-packages/airflow/example_dags/example_task_group.py
[2024-03-22T00:38:39.324+0000] {processor.py:830} INFO - Processing file /home/airflow/.local/lib/python3.8/site-packages/airflow/example_dags/example_task_group.py for tasks to queue
[2024-03-22T00:38:39.327+0000] {logging_mixin.py:188} INFO - [2024-03-22T00:38:39.327+0000] {dagbag.py:540} INFO - Filling up the DagBag from /home/airflow/.local/lib/python3.8/site-packages/airflow/example_dags/example_task_group.py
[2024-03-22T00:38:39.337+0000] {processor.py:840} INFO - DAG(s) 'example_task_group' retrieved from /home/airflow/.local/lib/python3.8/site-packages/airflow/example_dags/example_task_group.py
[2024-03-22T00:38:39.367+0000] {logging_mixin.py:188} INFO - [2024-03-22T00:38:39.366+0000] {dag.py:3047} INFO - Sync 1 DAGs
[2024-03-22T00:38:39.398+0000] {logging_mixin.py:188} INFO - [2024-03-22T00:38:39.398+0000] {dag.py:3834} INFO - Setting next_dagrun for example_task_group to 2024-03-21 00:00:00+00:00, run_after=2024-03-22 00:00:00+00:00
[2024-03-22T00:38:39.419+0000] {processor.py:183} INFO - Processing /home/airflow/.local/lib/python3.8/site-packages/airflow/example_dags/example_task_group.py took 0.102 seconds
[2024-03-22T00:39:10.292+0000] {processor.py:161} INFO - Started process (PID=200) to work on /home/airflow/.local/lib/python3.8/site-packages/airflow/example_dags/example_task_group.py
[2024-03-22T00:39:10.294+0000] {processor.py:830} INFO - Processing file /home/airflow/.local/lib/python3.8/site-packages/airflow/example_dags/example_task_group.py for tasks to queue
[2024-03-22T00:39:10.298+0000] {logging_mixin.py:188} INFO - [2024-03-22T00:39:10.298+0000] {dagbag.py:540} INFO - Filling up the DagBag from /home/airflow/.local/lib/python3.8/site-packages/airflow/example_dags/example_task_group.py
[2024-03-22T00:39:10.308+0000] {processor.py:840} INFO - DAG(s) 'example_task_group' retrieved from /home/airflow/.local/lib/python3.8/site-packages/airflow/example_dags/example_task_group.py
[2024-03-22T00:39:10.337+0000] {logging_mixin.py:188} INFO - [2024-03-22T00:39:10.337+0000] {dag.py:3047} INFO - Sync 1 DAGs
[2024-03-22T00:39:10.366+0000] {logging_mixin.py:188} INFO - [2024-03-22T00:39:10.366+0000] {dag.py:3834} INFO - Setting next_dagrun for example_task_group to 2024-03-21 00:00:00+00:00, run_after=2024-03-22 00:00:00+00:00
[2024-03-22T00:39:10.390+0000] {processor.py:183} INFO - Processing /home/airflow/.local/lib/python3.8/site-packages/airflow/example_dags/example_task_group.py took 0.104 seconds
[2024-03-22T00:39:40.476+0000] {processor.py:161} INFO - Started process (PID=255) to work on /home/airflow/.local/lib/python3.8/site-packages/airflow/example_dags/example_task_group.py
[2024-03-22T00:39:40.477+0000] {processor.py:830} INFO - Processing file /home/airflow/.local/lib/python3.8/site-packages/airflow/example_dags/example_task_group.py for tasks to queue
[2024-03-22T00:39:40.479+0000] {logging_mixin.py:188} INFO - [2024-03-22T00:39:40.479+0000] {dagbag.py:540} INFO - Filling up the DagBag from /home/airflow/.local/lib/python3.8/site-packages/airflow/example_dags/example_task_group.py
[2024-03-22T00:39:40.488+0000] {processor.py:840} INFO - DAG(s) 'example_task_group' retrieved from /home/airflow/.local/lib/python3.8/site-packages/airflow/example_dags/example_task_group.py
[2024-03-22T00:39:40.516+0000] {logging_mixin.py:188} INFO - [2024-03-22T00:39:40.516+0000] {dag.py:3047} INFO - Sync 1 DAGs
[2024-03-22T00:39:40.545+0000] {logging_mixin.py:188} INFO - [2024-03-22T00:39:40.545+0000] {dag.py:3834} INFO - Setting next_dagrun for example_task_group to 2024-03-21 00:00:00+00:00, run_after=2024-03-22 00:00:00+00:00
[2024-03-22T00:39:40.568+0000] {processor.py:183} INFO - Processing /home/airflow/.local/lib/python3.8/site-packages/airflow/example_dags/example_task_group.py took 0.096 seconds
[2024-03-22T00:40:10.840+0000] {processor.py:161} INFO - Started process (PID=311) to work on /home/airflow/.local/lib/python3.8/site-packages/airflow/example_dags/example_task_group.py
[2024-03-22T00:40:10.841+0000] {processor.py:830} INFO - Processing file /home/airflow/.local/lib/python3.8/site-packages/airflow/example_dags/example_task_group.py for tasks to queue
[2024-03-22T00:40:10.843+0000] {logging_mixin.py:188} INFO - [2024-03-22T00:40:10.843+0000] {dagbag.py:540} INFO - Filling up the DagBag from /home/airflow/.local/lib/python3.8/site-packages/airflow/example_dags/example_task_group.py
[2024-03-22T00:40:10.852+0000] {processor.py:840} INFO - DAG(s) 'example_task_group' retrieved from /home/airflow/.local/lib/python3.8/site-packages/airflow/example_dags/example_task_group.py
[2024-03-22T00:40:10.878+0000] {logging_mixin.py:188} INFO - [2024-03-22T00:40:10.878+0000] {dag.py:3047} INFO - Sync 1 DAGs
[2024-03-22T00:40:10.903+0000] {logging_mixin.py:188} INFO - [2024-03-22T00:40:10.903+0000] {dag.py:3834} INFO - Setting next_dagrun for example_task_group to 2024-03-21 00:00:00+00:00, run_after=2024-03-22 00:00:00+00:00
[2024-03-22T00:40:10.925+0000] {processor.py:183} INFO - Processing /home/airflow/.local/lib/python3.8/site-packages/airflow/example_dags/example_task_group.py took 0.089 seconds
