[2024-03-22T00:38:06.371+0000] {processor.py:161} INFO - Started process (PID=72) to work on /home/airflow/.local/lib/python3.8/site-packages/airflow/example_dags/example_python_decorator.py
[2024-03-22T00:38:06.373+0000] {processor.py:830} INFO - Processing file /home/airflow/.local/lib/python3.8/site-packages/airflow/example_dags/example_python_decorator.py for tasks to queue
[2024-03-22T00:38:06.376+0000] {logging_mixin.py:188} INFO - [2024-03-22T00:38:06.375+0000] {dagbag.py:540} INFO - Filling up the DagBag from /home/airflow/.local/lib/python3.8/site-packages/airflow/example_dags/example_python_decorator.py
[2024-03-22T00:38:06.396+0000] {processor.py:840} INFO - DAG(s) 'example_python_decorator' retrieved from /home/airflow/.local/lib/python3.8/site-packages/airflow/example_dags/example_python_decorator.py
[2024-03-22T00:38:06.549+0000] {logging_mixin.py:188} INFO - [2024-03-22T00:38:06.549+0000] {dag.py:3047} INFO - Sync 1 DAGs
[2024-03-22T00:38:06.565+0000] {logging_mixin.py:188} INFO - [2024-03-22T00:38:06.565+0000] {dag.py:3834} INFO - Setting next_dagrun for example_python_decorator to None, run_after=None
[2024-03-22T00:38:06.595+0000] {processor.py:183} INFO - Processing /home/airflow/.local/lib/python3.8/site-packages/airflow/example_dags/example_python_decorator.py took 0.229 seconds
[2024-03-22T00:38:37.299+0000] {processor.py:161} INFO - Started process (PID=127) to work on /home/airflow/.local/lib/python3.8/site-packages/airflow/example_dags/example_python_decorator.py
[2024-03-22T00:38:37.300+0000] {processor.py:830} INFO - Processing file /home/airflow/.local/lib/python3.8/site-packages/airflow/example_dags/example_python_decorator.py for tasks to queue
[2024-03-22T00:38:37.302+0000] {logging_mixin.py:188} INFO - [2024-03-22T00:38:37.302+0000] {dagbag.py:540} INFO - Filling up the DagBag from /home/airflow/.local/lib/python3.8/site-packages/airflow/example_dags/example_python_decorator.py
[2024-03-22T00:38:37.319+0000] {processor.py:840} INFO - DAG(s) 'example_python_decorator' retrieved from /home/airflow/.local/lib/python3.8/site-packages/airflow/example_dags/example_python_decorator.py
[2024-03-22T00:38:37.345+0000] {logging_mixin.py:188} INFO - [2024-03-22T00:38:37.345+0000] {dag.py:3047} INFO - Sync 1 DAGs
[2024-03-22T00:38:37.360+0000] {logging_mixin.py:188} INFO - [2024-03-22T00:38:37.360+0000] {dag.py:3834} INFO - Setting next_dagrun for example_python_decorator to None, run_after=None
[2024-03-22T00:38:37.380+0000] {processor.py:183} INFO - Processing /home/airflow/.local/lib/python3.8/site-packages/airflow/example_dags/example_python_decorator.py took 0.086 seconds
[2024-03-22T00:39:08.416+0000] {processor.py:161} INFO - Started process (PID=188) to work on /home/airflow/.local/lib/python3.8/site-packages/airflow/example_dags/example_python_decorator.py
[2024-03-22T00:39:08.417+0000] {processor.py:830} INFO - Processing file /home/airflow/.local/lib/python3.8/site-packages/airflow/example_dags/example_python_decorator.py for tasks to queue
[2024-03-22T00:39:08.419+0000] {logging_mixin.py:188} INFO - [2024-03-22T00:39:08.419+0000] {dagbag.py:540} INFO - Filling up the DagBag from /home/airflow/.local/lib/python3.8/site-packages/airflow/example_dags/example_python_decorator.py
[2024-03-22T00:39:08.438+0000] {processor.py:840} INFO - DAG(s) 'example_python_decorator' retrieved from /home/airflow/.local/lib/python3.8/site-packages/airflow/example_dags/example_python_decorator.py
[2024-03-22T00:39:08.466+0000] {logging_mixin.py:188} INFO - [2024-03-22T00:39:08.466+0000] {dag.py:3047} INFO - Sync 1 DAGs
[2024-03-22T00:39:08.483+0000] {logging_mixin.py:188} INFO - [2024-03-22T00:39:08.483+0000] {dag.py:3834} INFO - Setting next_dagrun for example_python_decorator to None, run_after=None
[2024-03-22T00:39:08.507+0000] {processor.py:183} INFO - Processing /home/airflow/.local/lib/python3.8/site-packages/airflow/example_dags/example_python_decorator.py took 0.096 seconds
[2024-03-22T00:39:38.620+0000] {processor.py:161} INFO - Started process (PID=243) to work on /home/airflow/.local/lib/python3.8/site-packages/airflow/example_dags/example_python_decorator.py
[2024-03-22T00:39:38.621+0000] {processor.py:830} INFO - Processing file /home/airflow/.local/lib/python3.8/site-packages/airflow/example_dags/example_python_decorator.py for tasks to queue
[2024-03-22T00:39:38.623+0000] {logging_mixin.py:188} INFO - [2024-03-22T00:39:38.623+0000] {dagbag.py:540} INFO - Filling up the DagBag from /home/airflow/.local/lib/python3.8/site-packages/airflow/example_dags/example_python_decorator.py
[2024-03-22T00:39:38.639+0000] {processor.py:840} INFO - DAG(s) 'example_python_decorator' retrieved from /home/airflow/.local/lib/python3.8/site-packages/airflow/example_dags/example_python_decorator.py
[2024-03-22T00:39:38.665+0000] {logging_mixin.py:188} INFO - [2024-03-22T00:39:38.664+0000] {dag.py:3047} INFO - Sync 1 DAGs
[2024-03-22T00:39:38.683+0000] {logging_mixin.py:188} INFO - [2024-03-22T00:39:38.682+0000] {dag.py:3834} INFO - Setting next_dagrun for example_python_decorator to None, run_after=None
[2024-03-22T00:39:38.704+0000] {processor.py:183} INFO - Processing /home/airflow/.local/lib/python3.8/site-packages/airflow/example_dags/example_python_decorator.py took 0.087 seconds
[2024-03-22T00:40:09.044+0000] {processor.py:161} INFO - Started process (PID=299) to work on /home/airflow/.local/lib/python3.8/site-packages/airflow/example_dags/example_python_decorator.py
[2024-03-22T00:40:09.046+0000] {processor.py:830} INFO - Processing file /home/airflow/.local/lib/python3.8/site-packages/airflow/example_dags/example_python_decorator.py for tasks to queue
[2024-03-22T00:40:09.048+0000] {logging_mixin.py:188} INFO - [2024-03-22T00:40:09.048+0000] {dagbag.py:540} INFO - Filling up the DagBag from /home/airflow/.local/lib/python3.8/site-packages/airflow/example_dags/example_python_decorator.py
[2024-03-22T00:40:09.075+0000] {processor.py:840} INFO - DAG(s) 'example_python_decorator' retrieved from /home/airflow/.local/lib/python3.8/site-packages/airflow/example_dags/example_python_decorator.py
[2024-03-22T00:40:09.114+0000] {logging_mixin.py:188} INFO - [2024-03-22T00:40:09.113+0000] {dag.py:3047} INFO - Sync 1 DAGs
[2024-03-22T00:40:09.140+0000] {logging_mixin.py:188} INFO - [2024-03-22T00:40:09.140+0000] {dag.py:3834} INFO - Setting next_dagrun for example_python_decorator to None, run_after=None
[2024-03-22T00:40:09.173+0000] {processor.py:183} INFO - Processing /home/airflow/.local/lib/python3.8/site-packages/airflow/example_dags/example_python_decorator.py took 0.136 seconds
