[2024-03-22T00:38:00.100+0000] {processor.py:161} INFO - Started process (PID=43) to work on /home/airflow/.local/lib/python3.8/site-packages/airflow/example_dags/example_latest_only.py
[2024-03-22T00:38:00.103+0000] {processor.py:830} INFO - Processing file /home/airflow/.local/lib/python3.8/site-packages/airflow/example_dags/example_latest_only.py for tasks to queue
[2024-03-22T00:38:00.107+0000] {logging_mixin.py:188} INFO - [2024-03-22T00:38:00.106+0000] {dagbag.py:540} INFO - Filling up the DagBag from /home/airflow/.local/lib/python3.8/site-packages/airflow/example_dags/example_latest_only.py
[2024-03-22T00:38:00.129+0000] {processor.py:840} INFO - DAG(s) 'latest_only' retrieved from /home/airflow/.local/lib/python3.8/site-packages/airflow/example_dags/example_latest_only.py
[2024-03-22T00:38:00.489+0000] {logging_mixin.py:188} INFO - [2024-03-22T00:38:00.489+0000] {dag.py:3047} INFO - Sync 1 DAGs
[2024-03-22T00:38:00.548+0000] {logging_mixin.py:188} INFO - [2024-03-22T00:38:00.547+0000] {dag.py:3834} INFO - Setting next_dagrun for latest_only to 2024-03-21 20:00:00+00:00, run_after=2024-03-22 00:00:00+00:00
[2024-03-22T00:38:00.618+0000] {processor.py:183} INFO - Processing /home/airflow/.local/lib/python3.8/site-packages/airflow/example_dags/example_latest_only.py took 0.527 seconds
[2024-03-22T00:38:30.761+0000] {processor.py:161} INFO - Started process (PID=98) to work on /home/airflow/.local/lib/python3.8/site-packages/airflow/example_dags/example_latest_only.py
[2024-03-22T00:38:30.763+0000] {processor.py:830} INFO - Processing file /home/airflow/.local/lib/python3.8/site-packages/airflow/example_dags/example_latest_only.py for tasks to queue
[2024-03-22T00:38:30.767+0000] {logging_mixin.py:188} INFO - [2024-03-22T00:38:30.766+0000] {dagbag.py:540} INFO - Filling up the DagBag from /home/airflow/.local/lib/python3.8/site-packages/airflow/example_dags/example_latest_only.py
[2024-03-22T00:38:30.773+0000] {processor.py:840} INFO - DAG(s) 'latest_only' retrieved from /home/airflow/.local/lib/python3.8/site-packages/airflow/example_dags/example_latest_only.py
[2024-03-22T00:38:30.809+0000] {logging_mixin.py:188} INFO - [2024-03-22T00:38:30.808+0000] {dag.py:3047} INFO - Sync 1 DAGs
[2024-03-22T00:38:30.847+0000] {logging_mixin.py:188} INFO - [2024-03-22T00:38:30.846+0000] {dag.py:3834} INFO - Setting next_dagrun for latest_only to 2024-03-21 20:00:00+00:00, run_after=2024-03-22 00:00:00+00:00
[2024-03-22T00:38:30.875+0000] {processor.py:183} INFO - Processing /home/airflow/.local/lib/python3.8/site-packages/airflow/example_dags/example_latest_only.py took 0.118 seconds
[2024-03-22T00:39:01.218+0000] {processor.py:161} INFO - Started process (PID=153) to work on /home/airflow/.local/lib/python3.8/site-packages/airflow/example_dags/example_latest_only.py
[2024-03-22T00:39:01.220+0000] {processor.py:830} INFO - Processing file /home/airflow/.local/lib/python3.8/site-packages/airflow/example_dags/example_latest_only.py for tasks to queue
[2024-03-22T00:39:01.222+0000] {logging_mixin.py:188} INFO - [2024-03-22T00:39:01.222+0000] {dagbag.py:540} INFO - Filling up the DagBag from /home/airflow/.local/lib/python3.8/site-packages/airflow/example_dags/example_latest_only.py
[2024-03-22T00:39:01.228+0000] {processor.py:840} INFO - DAG(s) 'latest_only' retrieved from /home/airflow/.local/lib/python3.8/site-packages/airflow/example_dags/example_latest_only.py
[2024-03-22T00:39:01.253+0000] {logging_mixin.py:188} INFO - [2024-03-22T00:39:01.253+0000] {dag.py:3047} INFO - Sync 1 DAGs
[2024-03-22T00:39:01.280+0000] {logging_mixin.py:188} INFO - [2024-03-22T00:39:01.280+0000] {dag.py:3834} INFO - Setting next_dagrun for latest_only to 2024-03-21 20:00:00+00:00, run_after=2024-03-22 00:00:00+00:00
[2024-03-22T00:39:01.305+0000] {processor.py:183} INFO - Processing /home/airflow/.local/lib/python3.8/site-packages/airflow/example_dags/example_latest_only.py took 0.092 seconds
[2024-03-22T00:39:31.713+0000] {processor.py:161} INFO - Started process (PID=208) to work on /home/airflow/.local/lib/python3.8/site-packages/airflow/example_dags/example_latest_only.py
[2024-03-22T00:39:31.715+0000] {processor.py:830} INFO - Processing file /home/airflow/.local/lib/python3.8/site-packages/airflow/example_dags/example_latest_only.py for tasks to queue
[2024-03-22T00:39:31.717+0000] {logging_mixin.py:188} INFO - [2024-03-22T00:39:31.717+0000] {dagbag.py:540} INFO - Filling up the DagBag from /home/airflow/.local/lib/python3.8/site-packages/airflow/example_dags/example_latest_only.py
[2024-03-22T00:39:31.723+0000] {processor.py:840} INFO - DAG(s) 'latest_only' retrieved from /home/airflow/.local/lib/python3.8/site-packages/airflow/example_dags/example_latest_only.py
[2024-03-22T00:39:31.747+0000] {logging_mixin.py:188} INFO - [2024-03-22T00:39:31.747+0000] {dag.py:3047} INFO - Sync 1 DAGs
[2024-03-22T00:39:31.773+0000] {logging_mixin.py:188} INFO - [2024-03-22T00:39:31.773+0000] {dag.py:3834} INFO - Setting next_dagrun for latest_only to 2024-03-21 20:00:00+00:00, run_after=2024-03-22 00:00:00+00:00
[2024-03-22T00:39:31.795+0000] {processor.py:183} INFO - Processing /home/airflow/.local/lib/python3.8/site-packages/airflow/example_dags/example_latest_only.py took 0.086 seconds
[2024-03-22T00:40:01.867+0000] {processor.py:161} INFO - Started process (PID=263) to work on /home/airflow/.local/lib/python3.8/site-packages/airflow/example_dags/example_latest_only.py
[2024-03-22T00:40:01.869+0000] {processor.py:830} INFO - Processing file /home/airflow/.local/lib/python3.8/site-packages/airflow/example_dags/example_latest_only.py for tasks to queue
[2024-03-22T00:40:01.872+0000] {logging_mixin.py:188} INFO - [2024-03-22T00:40:01.872+0000] {dagbag.py:540} INFO - Filling up the DagBag from /home/airflow/.local/lib/python3.8/site-packages/airflow/example_dags/example_latest_only.py
[2024-03-22T00:40:01.878+0000] {processor.py:840} INFO - DAG(s) 'latest_only' retrieved from /home/airflow/.local/lib/python3.8/site-packages/airflow/example_dags/example_latest_only.py
[2024-03-22T00:40:01.904+0000] {logging_mixin.py:188} INFO - [2024-03-22T00:40:01.904+0000] {dag.py:3047} INFO - Sync 1 DAGs
[2024-03-22T00:40:01.934+0000] {logging_mixin.py:188} INFO - [2024-03-22T00:40:01.934+0000] {dag.py:3834} INFO - Setting next_dagrun for latest_only to 2024-03-21 20:00:00+00:00, run_after=2024-03-22 00:00:00+00:00
[2024-03-22T00:40:01.959+0000] {processor.py:183} INFO - Processing /home/airflow/.local/lib/python3.8/site-packages/airflow/example_dags/example_latest_only.py took 0.096 seconds
