[2024-03-22T00:38:01.769+0000] {processor.py:161} INFO - Started process (PID=49) to work on /home/airflow/.local/lib/python3.8/site-packages/airflow/example_dags/example_branch_labels.py
[2024-03-22T00:38:01.770+0000] {processor.py:830} INFO - Processing file /home/airflow/.local/lib/python3.8/site-packages/airflow/example_dags/example_branch_labels.py for tasks to queue
[2024-03-22T00:38:01.773+0000] {logging_mixin.py:188} INFO - [2024-03-22T00:38:01.772+0000] {dagbag.py:540} INFO - Filling up the DagBag from /home/airflow/.local/lib/python3.8/site-packages/airflow/example_dags/example_branch_labels.py
[2024-03-22T00:38:01.793+0000] {processor.py:840} INFO - DAG(s) 'example_branch_labels' retrieved from /home/airflow/.local/lib/python3.8/site-packages/airflow/example_dags/example_branch_labels.py
[2024-03-22T00:38:01.992+0000] {logging_mixin.py:188} INFO - [2024-03-22T00:38:01.991+0000] {dag.py:3047} INFO - Sync 1 DAGs
[2024-03-22T00:38:02.029+0000] {logging_mixin.py:188} INFO - [2024-03-22T00:38:02.029+0000] {dag.py:3834} INFO - Setting next_dagrun for example_branch_labels to 2024-03-21 00:00:00+00:00, run_after=2024-03-22 00:00:00+00:00
[2024-03-22T00:38:02.061+0000] {processor.py:183} INFO - Processing /home/airflow/.local/lib/python3.8/site-packages/airflow/example_dags/example_branch_labels.py took 0.297 seconds
[2024-03-22T00:38:32.192+0000] {processor.py:161} INFO - Started process (PID=104) to work on /home/airflow/.local/lib/python3.8/site-packages/airflow/example_dags/example_branch_labels.py
[2024-03-22T00:38:32.193+0000] {processor.py:830} INFO - Processing file /home/airflow/.local/lib/python3.8/site-packages/airflow/example_dags/example_branch_labels.py for tasks to queue
[2024-03-22T00:38:32.197+0000] {logging_mixin.py:188} INFO - [2024-03-22T00:38:32.196+0000] {dagbag.py:540} INFO - Filling up the DagBag from /home/airflow/.local/lib/python3.8/site-packages/airflow/example_dags/example_branch_labels.py
[2024-03-22T00:38:32.212+0000] {processor.py:840} INFO - DAG(s) 'example_branch_labels' retrieved from /home/airflow/.local/lib/python3.8/site-packages/airflow/example_dags/example_branch_labels.py
[2024-03-22T00:38:32.247+0000] {logging_mixin.py:188} INFO - [2024-03-22T00:38:32.246+0000] {dag.py:3047} INFO - Sync 1 DAGs
[2024-03-22T00:38:32.284+0000] {logging_mixin.py:188} INFO - [2024-03-22T00:38:32.283+0000] {dag.py:3834} INFO - Setting next_dagrun for example_branch_labels to 2024-03-21 00:00:00+00:00, run_after=2024-03-22 00:00:00+00:00
[2024-03-22T00:38:32.315+0000] {processor.py:183} INFO - Processing /home/airflow/.local/lib/python3.8/site-packages/airflow/example_dags/example_branch_labels.py took 0.129 seconds
[2024-03-22T00:39:02.459+0000] {processor.py:161} INFO - Started process (PID=159) to work on /home/airflow/.local/lib/python3.8/site-packages/airflow/example_dags/example_branch_labels.py
[2024-03-22T00:39:02.460+0000] {processor.py:830} INFO - Processing file /home/airflow/.local/lib/python3.8/site-packages/airflow/example_dags/example_branch_labels.py for tasks to queue
[2024-03-22T00:39:02.462+0000] {logging_mixin.py:188} INFO - [2024-03-22T00:39:02.462+0000] {dagbag.py:540} INFO - Filling up the DagBag from /home/airflow/.local/lib/python3.8/site-packages/airflow/example_dags/example_branch_labels.py
[2024-03-22T00:39:02.473+0000] {processor.py:840} INFO - DAG(s) 'example_branch_labels' retrieved from /home/airflow/.local/lib/python3.8/site-packages/airflow/example_dags/example_branch_labels.py
[2024-03-22T00:39:02.500+0000] {logging_mixin.py:188} INFO - [2024-03-22T00:39:02.500+0000] {dag.py:3047} INFO - Sync 1 DAGs
[2024-03-22T00:39:02.529+0000] {logging_mixin.py:188} INFO - [2024-03-22T00:39:02.529+0000] {dag.py:3834} INFO - Setting next_dagrun for example_branch_labels to 2024-03-21 00:00:00+00:00, run_after=2024-03-22 00:00:00+00:00
[2024-03-22T00:39:02.561+0000] {processor.py:183} INFO - Processing /home/airflow/.local/lib/python3.8/site-packages/airflow/example_dags/example_branch_labels.py took 0.106 seconds
[2024-03-22T00:39:33.032+0000] {processor.py:161} INFO - Started process (PID=214) to work on /home/airflow/.local/lib/python3.8/site-packages/airflow/example_dags/example_branch_labels.py
[2024-03-22T00:39:33.033+0000] {processor.py:830} INFO - Processing file /home/airflow/.local/lib/python3.8/site-packages/airflow/example_dags/example_branch_labels.py for tasks to queue
[2024-03-22T00:39:33.036+0000] {logging_mixin.py:188} INFO - [2024-03-22T00:39:33.036+0000] {dagbag.py:540} INFO - Filling up the DagBag from /home/airflow/.local/lib/python3.8/site-packages/airflow/example_dags/example_branch_labels.py
[2024-03-22T00:39:33.051+0000] {processor.py:840} INFO - DAG(s) 'example_branch_labels' retrieved from /home/airflow/.local/lib/python3.8/site-packages/airflow/example_dags/example_branch_labels.py
[2024-03-22T00:39:33.086+0000] {logging_mixin.py:188} INFO - [2024-03-22T00:39:33.086+0000] {dag.py:3047} INFO - Sync 1 DAGs
[2024-03-22T00:39:33.125+0000] {logging_mixin.py:188} INFO - [2024-03-22T00:39:33.124+0000] {dag.py:3834} INFO - Setting next_dagrun for example_branch_labels to 2024-03-21 00:00:00+00:00, run_after=2024-03-22 00:00:00+00:00
[2024-03-22T00:39:33.148+0000] {processor.py:183} INFO - Processing /home/airflow/.local/lib/python3.8/site-packages/airflow/example_dags/example_branch_labels.py took 0.121 seconds
[2024-03-22T00:40:04.125+0000] {processor.py:161} INFO - Started process (PID=269) to work on /home/airflow/.local/lib/python3.8/site-packages/airflow/example_dags/example_branch_labels.py
[2024-03-22T00:40:04.127+0000] {processor.py:830} INFO - Processing file /home/airflow/.local/lib/python3.8/site-packages/airflow/example_dags/example_branch_labels.py for tasks to queue
[2024-03-22T00:40:04.130+0000] {logging_mixin.py:188} INFO - [2024-03-22T00:40:04.129+0000] {dagbag.py:540} INFO - Filling up the DagBag from /home/airflow/.local/lib/python3.8/site-packages/airflow/example_dags/example_branch_labels.py
[2024-03-22T00:40:04.141+0000] {processor.py:840} INFO - DAG(s) 'example_branch_labels' retrieved from /home/airflow/.local/lib/python3.8/site-packages/airflow/example_dags/example_branch_labels.py
[2024-03-22T00:40:04.171+0000] {logging_mixin.py:188} INFO - [2024-03-22T00:40:04.170+0000] {dag.py:3047} INFO - Sync 1 DAGs
[2024-03-22T00:40:04.203+0000] {logging_mixin.py:188} INFO - [2024-03-22T00:40:04.203+0000] {dag.py:3834} INFO - Setting next_dagrun for example_branch_labels to 2024-03-21 00:00:00+00:00, run_after=2024-03-22 00:00:00+00:00
[2024-03-22T00:40:04.228+0000] {processor.py:183} INFO - Processing /home/airflow/.local/lib/python3.8/site-packages/airflow/example_dags/example_branch_labels.py took 0.107 seconds
