[2024-03-22T00:38:05.756+0000] {processor.py:161} INFO - Started process (PID=68) to work on /home/airflow/.local/lib/python3.8/site-packages/airflow/example_dags/example_xcomargs.py
[2024-03-22T00:38:05.759+0000] {processor.py:830} INFO - Processing file /home/airflow/.local/lib/python3.8/site-packages/airflow/example_dags/example_xcomargs.py for tasks to queue
[2024-03-22T00:38:05.761+0000] {logging_mixin.py:188} INFO - [2024-03-22T00:38:05.761+0000] {dagbag.py:540} INFO - Filling up the DagBag from /home/airflow/.local/lib/python3.8/site-packages/airflow/example_dags/example_xcomargs.py
[2024-03-22T00:38:05.776+0000] {processor.py:840} INFO - DAG(s) 'example_xcom_args', 'example_xcom_args_with_operators' retrieved from /home/airflow/.local/lib/python3.8/site-packages/airflow/example_dags/example_xcomargs.py
[2024-03-22T00:38:05.953+0000] {logging_mixin.py:188} INFO - [2024-03-22T00:38:05.953+0000] {dag.py:3047} INFO - Sync 2 DAGs
[2024-03-22T00:38:05.971+0000] {logging_mixin.py:188} INFO - [2024-03-22T00:38:05.970+0000] {dag.py:3834} INFO - Setting next_dagrun for example_xcom_args to None, run_after=None
[2024-03-22T00:38:05.975+0000] {logging_mixin.py:188} INFO - [2024-03-22T00:38:05.975+0000] {dag.py:3834} INFO - Setting next_dagrun for example_xcom_args_with_operators to None, run_after=None
[2024-03-22T00:38:06.009+0000] {processor.py:183} INFO - Processing /home/airflow/.local/lib/python3.8/site-packages/airflow/example_dags/example_xcomargs.py took 0.259 seconds
[2024-03-22T00:38:36.141+0000] {processor.py:161} INFO - Started process (PID=124) to work on /home/airflow/.local/lib/python3.8/site-packages/airflow/example_dags/example_xcomargs.py
[2024-03-22T00:38:36.142+0000] {processor.py:830} INFO - Processing file /home/airflow/.local/lib/python3.8/site-packages/airflow/example_dags/example_xcomargs.py for tasks to queue
[2024-03-22T00:38:36.144+0000] {logging_mixin.py:188} INFO - [2024-03-22T00:38:36.144+0000] {dagbag.py:540} INFO - Filling up the DagBag from /home/airflow/.local/lib/python3.8/site-packages/airflow/example_dags/example_xcomargs.py
[2024-03-22T00:38:36.155+0000] {processor.py:840} INFO - DAG(s) 'example_xcom_args', 'example_xcom_args_with_operators' retrieved from /home/airflow/.local/lib/python3.8/site-packages/airflow/example_dags/example_xcomargs.py
[2024-03-22T00:38:36.181+0000] {logging_mixin.py:188} INFO - [2024-03-22T00:38:36.181+0000] {dag.py:3047} INFO - Sync 2 DAGs
[2024-03-22T00:38:36.197+0000] {logging_mixin.py:188} INFO - [2024-03-22T00:38:36.196+0000] {dag.py:3834} INFO - Setting next_dagrun for example_xcom_args to None, run_after=None
[2024-03-22T00:38:36.201+0000] {logging_mixin.py:188} INFO - [2024-03-22T00:38:36.200+0000] {dag.py:3834} INFO - Setting next_dagrun for example_xcom_args_with_operators to None, run_after=None
[2024-03-22T00:38:36.219+0000] {processor.py:183} INFO - Processing /home/airflow/.local/lib/python3.8/site-packages/airflow/example_dags/example_xcomargs.py took 0.082 seconds
[2024-03-22T00:39:07.157+0000] {processor.py:161} INFO - Started process (PID=178) to work on /home/airflow/.local/lib/python3.8/site-packages/airflow/example_dags/example_xcomargs.py
[2024-03-22T00:39:07.158+0000] {processor.py:830} INFO - Processing file /home/airflow/.local/lib/python3.8/site-packages/airflow/example_dags/example_xcomargs.py for tasks to queue
[2024-03-22T00:39:07.161+0000] {logging_mixin.py:188} INFO - [2024-03-22T00:39:07.161+0000] {dagbag.py:540} INFO - Filling up the DagBag from /home/airflow/.local/lib/python3.8/site-packages/airflow/example_dags/example_xcomargs.py
[2024-03-22T00:39:07.177+0000] {processor.py:840} INFO - DAG(s) 'example_xcom_args', 'example_xcom_args_with_operators' retrieved from /home/airflow/.local/lib/python3.8/site-packages/airflow/example_dags/example_xcomargs.py
[2024-03-22T00:39:07.210+0000] {logging_mixin.py:188} INFO - [2024-03-22T00:39:07.210+0000] {dag.py:3047} INFO - Sync 2 DAGs
[2024-03-22T00:39:07.228+0000] {logging_mixin.py:188} INFO - [2024-03-22T00:39:07.228+0000] {dag.py:3834} INFO - Setting next_dagrun for example_xcom_args to None, run_after=None
[2024-03-22T00:39:07.233+0000] {logging_mixin.py:188} INFO - [2024-03-22T00:39:07.233+0000] {dag.py:3834} INFO - Setting next_dagrun for example_xcom_args_with_operators to None, run_after=None
[2024-03-22T00:39:07.252+0000] {processor.py:183} INFO - Processing /home/airflow/.local/lib/python3.8/site-packages/airflow/example_dags/example_xcomargs.py took 0.102 seconds
[2024-03-22T00:39:37.365+0000] {processor.py:161} INFO - Started process (PID=233) to work on /home/airflow/.local/lib/python3.8/site-packages/airflow/example_dags/example_xcomargs.py
[2024-03-22T00:39:37.366+0000] {processor.py:830} INFO - Processing file /home/airflow/.local/lib/python3.8/site-packages/airflow/example_dags/example_xcomargs.py for tasks to queue
[2024-03-22T00:39:37.368+0000] {logging_mixin.py:188} INFO - [2024-03-22T00:39:37.368+0000] {dagbag.py:540} INFO - Filling up the DagBag from /home/airflow/.local/lib/python3.8/site-packages/airflow/example_dags/example_xcomargs.py
[2024-03-22T00:39:37.380+0000] {processor.py:840} INFO - DAG(s) 'example_xcom_args_with_operators', 'example_xcom_args' retrieved from /home/airflow/.local/lib/python3.8/site-packages/airflow/example_dags/example_xcomargs.py
[2024-03-22T00:39:37.410+0000] {logging_mixin.py:188} INFO - [2024-03-22T00:39:37.410+0000] {dag.py:3047} INFO - Sync 2 DAGs
[2024-03-22T00:39:37.426+0000] {logging_mixin.py:188} INFO - [2024-03-22T00:39:37.426+0000] {dag.py:3834} INFO - Setting next_dagrun for example_xcom_args to None, run_after=None
[2024-03-22T00:39:37.430+0000] {logging_mixin.py:188} INFO - [2024-03-22T00:39:37.430+0000] {dag.py:3834} INFO - Setting next_dagrun for example_xcom_args_with_operators to None, run_after=None
[2024-03-22T00:39:37.448+0000] {processor.py:183} INFO - Processing /home/airflow/.local/lib/python3.8/site-packages/airflow/example_dags/example_xcomargs.py took 0.087 seconds
[2024-03-22T00:40:07.734+0000] {processor.py:161} INFO - Started process (PID=288) to work on /home/airflow/.local/lib/python3.8/site-packages/airflow/example_dags/example_xcomargs.py
[2024-03-22T00:40:07.736+0000] {processor.py:830} INFO - Processing file /home/airflow/.local/lib/python3.8/site-packages/airflow/example_dags/example_xcomargs.py for tasks to queue
[2024-03-22T00:40:07.738+0000] {logging_mixin.py:188} INFO - [2024-03-22T00:40:07.738+0000] {dagbag.py:540} INFO - Filling up the DagBag from /home/airflow/.local/lib/python3.8/site-packages/airflow/example_dags/example_xcomargs.py
[2024-03-22T00:40:07.748+0000] {processor.py:840} INFO - DAG(s) 'example_xcom_args_with_operators', 'example_xcom_args' retrieved from /home/airflow/.local/lib/python3.8/site-packages/airflow/example_dags/example_xcomargs.py
[2024-03-22T00:40:07.777+0000] {logging_mixin.py:188} INFO - [2024-03-22T00:40:07.776+0000] {dag.py:3047} INFO - Sync 2 DAGs
[2024-03-22T00:40:07.793+0000] {logging_mixin.py:188} INFO - [2024-03-22T00:40:07.792+0000] {dag.py:3834} INFO - Setting next_dagrun for example_xcom_args to None, run_after=None
[2024-03-22T00:40:07.797+0000] {logging_mixin.py:188} INFO - [2024-03-22T00:40:07.797+0000] {dag.py:3834} INFO - Setting next_dagrun for example_xcom_args_with_operators to None, run_after=None
[2024-03-22T00:40:07.819+0000] {processor.py:183} INFO - Processing /home/airflow/.local/lib/python3.8/site-packages/airflow/example_dags/example_xcomargs.py took 0.090 seconds
