[2024-03-22T00:38:01.774+0000] {processor.py:161} INFO - Started process (PID=50) to work on /home/airflow/.local/lib/python3.8/site-packages/airflow/example_dags/example_subdag_operator.py
[2024-03-22T00:38:01.776+0000] {processor.py:830} INFO - Processing file /home/airflow/.local/lib/python3.8/site-packages/airflow/example_dags/example_subdag_operator.py for tasks to queue
[2024-03-22T00:38:01.779+0000] {logging_mixin.py:188} INFO - [2024-03-22T00:38:01.779+0000] {dagbag.py:540} INFO - Filling up the DagBag from /home/airflow/.local/lib/python3.8/site-packages/airflow/example_dags/example_subdag_operator.py
[2024-03-22T00:38:01.824+0000] {processor.py:840} INFO - DAG(s) 'example_subdag_operator.section-1', 'example_subdag_operator.section-2', 'example_subdag_operator' retrieved from /home/airflow/.local/lib/python3.8/site-packages/airflow/example_dags/example_subdag_operator.py
[2024-03-22T00:38:02.000+0000] {logging_mixin.py:188} INFO - [2024-03-22T00:38:01.999+0000] {dag.py:3047} INFO - Sync 3 DAGs
[2024-03-22T00:38:02.044+0000] {logging_mixin.py:188} INFO - [2024-03-22T00:38:02.043+0000] {dag.py:3834} INFO - Setting next_dagrun for example_subdag_operator to 2022-01-01 00:00:00+00:00, run_after=2022-01-01 00:00:00+00:00
[2024-03-22T00:38:02.050+0000] {logging_mixin.py:188} INFO - [2024-03-22T00:38:02.049+0000] {dag.py:3834} INFO - Setting next_dagrun for example_subdag_operator.section-1 to None, run_after=None
[2024-03-22T00:38:02.053+0000] {logging_mixin.py:188} INFO - [2024-03-22T00:38:02.052+0000] {dag.py:3834} INFO - Setting next_dagrun for example_subdag_operator.section-2 to None, run_after=None
[2024-03-22T00:38:02.070+0000] {logging_mixin.py:188} INFO - [2024-03-22T00:38:02.069+0000] {dag.py:3047} INFO - Sync 2 DAGs
[2024-03-22T00:38:02.080+0000] {logging_mixin.py:188} INFO - [2024-03-22T00:38:02.079+0000] {dag.py:3834} INFO - Setting next_dagrun for example_subdag_operator.section-1 to None, run_after=None
[2024-03-22T00:38:02.080+0000] {logging_mixin.py:188} INFO - [2024-03-22T00:38:02.080+0000] {dag.py:3834} INFO - Setting next_dagrun for example_subdag_operator.section-2 to None, run_after=None
[2024-03-22T00:38:02.108+0000] {processor.py:183} INFO - Processing /home/airflow/.local/lib/python3.8/site-packages/airflow/example_dags/example_subdag_operator.py took 0.340 seconds
[2024-03-22T00:38:32.264+0000] {processor.py:161} INFO - Started process (PID=105) to work on /home/airflow/.local/lib/python3.8/site-packages/airflow/example_dags/example_subdag_operator.py
[2024-03-22T00:38:32.266+0000] {processor.py:830} INFO - Processing file /home/airflow/.local/lib/python3.8/site-packages/airflow/example_dags/example_subdag_operator.py for tasks to queue
[2024-03-22T00:38:32.269+0000] {logging_mixin.py:188} INFO - [2024-03-22T00:38:32.269+0000] {dagbag.py:540} INFO - Filling up the DagBag from /home/airflow/.local/lib/python3.8/site-packages/airflow/example_dags/example_subdag_operator.py
[2024-03-22T00:38:32.307+0000] {processor.py:840} INFO - DAG(s) 'example_subdag_operator.section-1', 'example_subdag_operator.section-2', 'example_subdag_operator' retrieved from /home/airflow/.local/lib/python3.8/site-packages/airflow/example_dags/example_subdag_operator.py
[2024-03-22T00:38:32.336+0000] {logging_mixin.py:188} INFO - [2024-03-22T00:38:32.335+0000] {dag.py:3047} INFO - Sync 3 DAGs
[2024-03-22T00:38:32.375+0000] {logging_mixin.py:188} INFO - [2024-03-22T00:38:32.374+0000] {dag.py:3834} INFO - Setting next_dagrun for example_subdag_operator to 2022-01-01 00:00:00+00:00, run_after=2022-01-01 00:00:00+00:00
[2024-03-22T00:38:32.381+0000] {logging_mixin.py:188} INFO - [2024-03-22T00:38:32.381+0000] {dag.py:3834} INFO - Setting next_dagrun for example_subdag_operator.section-1 to None, run_after=None
[2024-03-22T00:38:32.383+0000] {logging_mixin.py:188} INFO - [2024-03-22T00:38:32.383+0000] {dag.py:3834} INFO - Setting next_dagrun for example_subdag_operator.section-2 to None, run_after=None
[2024-03-22T00:38:32.392+0000] {logging_mixin.py:188} INFO - [2024-03-22T00:38:32.392+0000] {dag.py:3047} INFO - Sync 2 DAGs
[2024-03-22T00:38:32.403+0000] {logging_mixin.py:188} INFO - [2024-03-22T00:38:32.402+0000] {dag.py:3834} INFO - Setting next_dagrun for example_subdag_operator.section-1 to None, run_after=None
[2024-03-22T00:38:32.404+0000] {logging_mixin.py:188} INFO - [2024-03-22T00:38:32.403+0000] {dag.py:3834} INFO - Setting next_dagrun for example_subdag_operator.section-2 to None, run_after=None
[2024-03-22T00:38:32.423+0000] {processor.py:183} INFO - Processing /home/airflow/.local/lib/python3.8/site-packages/airflow/example_dags/example_subdag_operator.py took 0.165 seconds
[2024-03-22T00:39:02.508+0000] {processor.py:161} INFO - Started process (PID=160) to work on /home/airflow/.local/lib/python3.8/site-packages/airflow/example_dags/example_subdag_operator.py
[2024-03-22T00:39:02.509+0000] {processor.py:830} INFO - Processing file /home/airflow/.local/lib/python3.8/site-packages/airflow/example_dags/example_subdag_operator.py for tasks to queue
[2024-03-22T00:39:02.511+0000] {logging_mixin.py:188} INFO - [2024-03-22T00:39:02.511+0000] {dagbag.py:540} INFO - Filling up the DagBag from /home/airflow/.local/lib/python3.8/site-packages/airflow/example_dags/example_subdag_operator.py
[2024-03-22T00:39:02.541+0000] {processor.py:840} INFO - DAG(s) 'example_subdag_operator.section-1', 'example_subdag_operator.section-2', 'example_subdag_operator' retrieved from /home/airflow/.local/lib/python3.8/site-packages/airflow/example_dags/example_subdag_operator.py
[2024-03-22T00:39:02.569+0000] {logging_mixin.py:188} INFO - [2024-03-22T00:39:02.568+0000] {dag.py:3047} INFO - Sync 3 DAGs
[2024-03-22T00:39:02.595+0000] {logging_mixin.py:188} INFO - [2024-03-22T00:39:02.595+0000] {dag.py:3834} INFO - Setting next_dagrun for example_subdag_operator to 2022-01-01 00:00:00+00:00, run_after=2022-01-01 00:00:00+00:00
[2024-03-22T00:39:02.599+0000] {logging_mixin.py:188} INFO - [2024-03-22T00:39:02.599+0000] {dag.py:3834} INFO - Setting next_dagrun for example_subdag_operator.section-1 to None, run_after=None
[2024-03-22T00:39:02.600+0000] {logging_mixin.py:188} INFO - [2024-03-22T00:39:02.600+0000] {dag.py:3834} INFO - Setting next_dagrun for example_subdag_operator.section-2 to None, run_after=None
[2024-03-22T00:39:02.608+0000] {logging_mixin.py:188} INFO - [2024-03-22T00:39:02.608+0000] {dag.py:3047} INFO - Sync 2 DAGs
[2024-03-22T00:39:02.614+0000] {logging_mixin.py:188} INFO - [2024-03-22T00:39:02.614+0000] {dag.py:3834} INFO - Setting next_dagrun for example_subdag_operator.section-1 to None, run_after=None
[2024-03-22T00:39:02.615+0000] {logging_mixin.py:188} INFO - [2024-03-22T00:39:02.615+0000] {dag.py:3834} INFO - Setting next_dagrun for example_subdag_operator.section-2 to None, run_after=None
[2024-03-22T00:39:02.627+0000] {processor.py:183} INFO - Processing /home/airflow/.local/lib/python3.8/site-packages/airflow/example_dags/example_subdag_operator.py took 0.124 seconds
[2024-03-22T00:39:33.072+0000] {processor.py:161} INFO - Started process (PID=215) to work on /home/airflow/.local/lib/python3.8/site-packages/airflow/example_dags/example_subdag_operator.py
[2024-03-22T00:39:33.074+0000] {processor.py:830} INFO - Processing file /home/airflow/.local/lib/python3.8/site-packages/airflow/example_dags/example_subdag_operator.py for tasks to queue
[2024-03-22T00:39:33.076+0000] {logging_mixin.py:188} INFO - [2024-03-22T00:39:33.076+0000] {dagbag.py:540} INFO - Filling up the DagBag from /home/airflow/.local/lib/python3.8/site-packages/airflow/example_dags/example_subdag_operator.py
[2024-03-22T00:39:33.116+0000] {processor.py:840} INFO - DAG(s) 'example_subdag_operator.section-1', 'example_subdag_operator.section-2', 'example_subdag_operator' retrieved from /home/airflow/.local/lib/python3.8/site-packages/airflow/example_dags/example_subdag_operator.py
[2024-03-22T00:39:33.138+0000] {logging_mixin.py:188} INFO - [2024-03-22T00:39:33.137+0000] {dag.py:3047} INFO - Sync 3 DAGs
[2024-03-22T00:39:33.168+0000] {logging_mixin.py:188} INFO - [2024-03-22T00:39:33.168+0000] {dag.py:3834} INFO - Setting next_dagrun for example_subdag_operator to 2022-01-01 00:00:00+00:00, run_after=2022-01-01 00:00:00+00:00
[2024-03-22T00:39:33.174+0000] {logging_mixin.py:188} INFO - [2024-03-22T00:39:33.173+0000] {dag.py:3834} INFO - Setting next_dagrun for example_subdag_operator.section-1 to None, run_after=None
[2024-03-22T00:39:33.176+0000] {logging_mixin.py:188} INFO - [2024-03-22T00:39:33.176+0000] {dag.py:3834} INFO - Setting next_dagrun for example_subdag_operator.section-2 to None, run_after=None
[2024-03-22T00:39:33.188+0000] {logging_mixin.py:188} INFO - [2024-03-22T00:39:33.187+0000] {dag.py:3047} INFO - Sync 2 DAGs
[2024-03-22T00:39:33.194+0000] {logging_mixin.py:188} INFO - [2024-03-22T00:39:33.194+0000] {dag.py:3834} INFO - Setting next_dagrun for example_subdag_operator.section-1 to None, run_after=None
[2024-03-22T00:39:33.195+0000] {logging_mixin.py:188} INFO - [2024-03-22T00:39:33.195+0000] {dag.py:3834} INFO - Setting next_dagrun for example_subdag_operator.section-2 to None, run_after=None
[2024-03-22T00:39:33.208+0000] {processor.py:183} INFO - Processing /home/airflow/.local/lib/python3.8/site-packages/airflow/example_dags/example_subdag_operator.py took 0.140 seconds
[2024-03-22T00:40:04.158+0000] {processor.py:161} INFO - Started process (PID=270) to work on /home/airflow/.local/lib/python3.8/site-packages/airflow/example_dags/example_subdag_operator.py
[2024-03-22T00:40:04.160+0000] {processor.py:830} INFO - Processing file /home/airflow/.local/lib/python3.8/site-packages/airflow/example_dags/example_subdag_operator.py for tasks to queue
[2024-03-22T00:40:04.162+0000] {logging_mixin.py:188} INFO - [2024-03-22T00:40:04.161+0000] {dagbag.py:540} INFO - Filling up the DagBag from /home/airflow/.local/lib/python3.8/site-packages/airflow/example_dags/example_subdag_operator.py
[2024-03-22T00:40:04.193+0000] {processor.py:840} INFO - DAG(s) 'example_subdag_operator.section-1', 'example_subdag_operator.section-2', 'example_subdag_operator' retrieved from /home/airflow/.local/lib/python3.8/site-packages/airflow/example_dags/example_subdag_operator.py
[2024-03-22T00:40:04.216+0000] {logging_mixin.py:188} INFO - [2024-03-22T00:40:04.216+0000] {dag.py:3047} INFO - Sync 3 DAGs
[2024-03-22T00:40:04.246+0000] {logging_mixin.py:188} INFO - [2024-03-22T00:40:04.245+0000] {dag.py:3834} INFO - Setting next_dagrun for example_subdag_operator to 2022-01-01 00:00:00+00:00, run_after=2022-01-01 00:00:00+00:00
[2024-03-22T00:40:04.252+0000] {logging_mixin.py:188} INFO - [2024-03-22T00:40:04.252+0000] {dag.py:3834} INFO - Setting next_dagrun for example_subdag_operator.section-1 to None, run_after=None
[2024-03-22T00:40:04.254+0000] {logging_mixin.py:188} INFO - [2024-03-22T00:40:04.254+0000] {dag.py:3834} INFO - Setting next_dagrun for example_subdag_operator.section-2 to None, run_after=None
[2024-03-22T00:40:04.264+0000] {logging_mixin.py:188} INFO - [2024-03-22T00:40:04.263+0000] {dag.py:3047} INFO - Sync 2 DAGs
[2024-03-22T00:40:04.272+0000] {logging_mixin.py:188} INFO - [2024-03-22T00:40:04.271+0000] {dag.py:3834} INFO - Setting next_dagrun for example_subdag_operator.section-1 to None, run_after=None
[2024-03-22T00:40:04.273+0000] {logging_mixin.py:188} INFO - [2024-03-22T00:40:04.272+0000] {dag.py:3834} INFO - Setting next_dagrun for example_subdag_operator.section-2 to None, run_after=None
[2024-03-22T00:40:04.291+0000] {processor.py:183} INFO - Processing /home/airflow/.local/lib/python3.8/site-packages/airflow/example_dags/example_subdag_operator.py took 0.137 seconds
