[2024-03-22T00:38:08.648+0000] {processor.py:161} INFO - Started process (PID=89) to work on /home/airflow/.local/lib/python3.8/site-packages/airflow/example_dags/example_setup_teardown.py
[2024-03-22T00:38:08.650+0000] {processor.py:830} INFO - Processing file /home/airflow/.local/lib/python3.8/site-packages/airflow/example_dags/example_setup_teardown.py for tasks to queue
[2024-03-22T00:38:08.652+0000] {logging_mixin.py:188} INFO - [2024-03-22T00:38:08.651+0000] {dagbag.py:540} INFO - Filling up the DagBag from /home/airflow/.local/lib/python3.8/site-packages/airflow/example_dags/example_setup_teardown.py
[2024-03-22T00:38:08.661+0000] {processor.py:840} INFO - DAG(s) 'example_setup_teardown' retrieved from /home/airflow/.local/lib/python3.8/site-packages/airflow/example_dags/example_setup_teardown.py
[2024-03-22T00:38:08.816+0000] {logging_mixin.py:188} INFO - [2024-03-22T00:38:08.816+0000] {dag.py:3047} INFO - Sync 1 DAGs
[2024-03-22T00:38:08.845+0000] {logging_mixin.py:188} INFO - [2024-03-22T00:38:08.844+0000] {dag.py:3834} INFO - Setting next_dagrun for example_setup_teardown to 2024-03-21 00:00:00+00:00, run_after=2024-03-22 00:00:00+00:00
[2024-03-22T00:38:08.871+0000] {processor.py:183} INFO - Processing /home/airflow/.local/lib/python3.8/site-packages/airflow/example_dags/example_setup_teardown.py took 0.228 seconds
[2024-03-22T00:38:39.253+0000] {processor.py:161} INFO - Started process (PID=144) to work on /home/airflow/.local/lib/python3.8/site-packages/airflow/example_dags/example_setup_teardown.py
[2024-03-22T00:38:39.255+0000] {processor.py:830} INFO - Processing file /home/airflow/.local/lib/python3.8/site-packages/airflow/example_dags/example_setup_teardown.py for tasks to queue
[2024-03-22T00:38:39.257+0000] {logging_mixin.py:188} INFO - [2024-03-22T00:38:39.257+0000] {dagbag.py:540} INFO - Filling up the DagBag from /home/airflow/.local/lib/python3.8/site-packages/airflow/example_dags/example_setup_teardown.py
[2024-03-22T00:38:39.265+0000] {processor.py:840} INFO - DAG(s) 'example_setup_teardown' retrieved from /home/airflow/.local/lib/python3.8/site-packages/airflow/example_dags/example_setup_teardown.py
[2024-03-22T00:38:39.295+0000] {logging_mixin.py:188} INFO - [2024-03-22T00:38:39.295+0000] {dag.py:3047} INFO - Sync 1 DAGs
[2024-03-22T00:38:39.331+0000] {logging_mixin.py:188} INFO - [2024-03-22T00:38:39.331+0000] {dag.py:3834} INFO - Setting next_dagrun for example_setup_teardown to 2024-03-21 00:00:00+00:00, run_after=2024-03-22 00:00:00+00:00
[2024-03-22T00:38:39.354+0000] {processor.py:183} INFO - Processing /home/airflow/.local/lib/python3.8/site-packages/airflow/example_dags/example_setup_teardown.py took 0.105 seconds
[2024-03-22T00:39:10.225+0000] {processor.py:161} INFO - Started process (PID=199) to work on /home/airflow/.local/lib/python3.8/site-packages/airflow/example_dags/example_setup_teardown.py
[2024-03-22T00:39:10.226+0000] {processor.py:830} INFO - Processing file /home/airflow/.local/lib/python3.8/site-packages/airflow/example_dags/example_setup_teardown.py for tasks to queue
[2024-03-22T00:39:10.229+0000] {logging_mixin.py:188} INFO - [2024-03-22T00:39:10.229+0000] {dagbag.py:540} INFO - Filling up the DagBag from /home/airflow/.local/lib/python3.8/site-packages/airflow/example_dags/example_setup_teardown.py
[2024-03-22T00:39:10.238+0000] {processor.py:840} INFO - DAG(s) 'example_setup_teardown' retrieved from /home/airflow/.local/lib/python3.8/site-packages/airflow/example_dags/example_setup_teardown.py
[2024-03-22T00:39:10.267+0000] {logging_mixin.py:188} INFO - [2024-03-22T00:39:10.266+0000] {dag.py:3047} INFO - Sync 1 DAGs
[2024-03-22T00:39:10.299+0000] {logging_mixin.py:188} INFO - [2024-03-22T00:39:10.299+0000] {dag.py:3834} INFO - Setting next_dagrun for example_setup_teardown to 2024-03-21 00:00:00+00:00, run_after=2024-03-22 00:00:00+00:00
[2024-03-22T00:39:10.323+0000] {processor.py:183} INFO - Processing /home/airflow/.local/lib/python3.8/site-packages/airflow/example_dags/example_setup_teardown.py took 0.103 seconds
[2024-03-22T00:39:40.365+0000] {processor.py:161} INFO - Started process (PID=254) to work on /home/airflow/.local/lib/python3.8/site-packages/airflow/example_dags/example_setup_teardown.py
[2024-03-22T00:39:40.366+0000] {processor.py:830} INFO - Processing file /home/airflow/.local/lib/python3.8/site-packages/airflow/example_dags/example_setup_teardown.py for tasks to queue
[2024-03-22T00:39:40.368+0000] {logging_mixin.py:188} INFO - [2024-03-22T00:39:40.368+0000] {dagbag.py:540} INFO - Filling up the DagBag from /home/airflow/.local/lib/python3.8/site-packages/airflow/example_dags/example_setup_teardown.py
[2024-03-22T00:39:40.376+0000] {processor.py:840} INFO - DAG(s) 'example_setup_teardown' retrieved from /home/airflow/.local/lib/python3.8/site-packages/airflow/example_dags/example_setup_teardown.py
[2024-03-22T00:39:40.402+0000] {logging_mixin.py:188} INFO - [2024-03-22T00:39:40.402+0000] {dag.py:3047} INFO - Sync 1 DAGs
[2024-03-22T00:39:40.428+0000] {logging_mixin.py:188} INFO - [2024-03-22T00:39:40.428+0000] {dag.py:3834} INFO - Setting next_dagrun for example_setup_teardown to 2024-03-21 00:00:00+00:00, run_after=2024-03-22 00:00:00+00:00
[2024-03-22T00:39:40.448+0000] {processor.py:183} INFO - Processing /home/airflow/.local/lib/python3.8/site-packages/airflow/example_dags/example_setup_teardown.py took 0.087 seconds
[2024-03-22T00:40:10.730+0000] {processor.py:161} INFO - Started process (PID=309) to work on /home/airflow/.local/lib/python3.8/site-packages/airflow/example_dags/example_setup_teardown.py
[2024-03-22T00:40:10.732+0000] {processor.py:830} INFO - Processing file /home/airflow/.local/lib/python3.8/site-packages/airflow/example_dags/example_setup_teardown.py for tasks to queue
[2024-03-22T00:40:10.734+0000] {logging_mixin.py:188} INFO - [2024-03-22T00:40:10.734+0000] {dagbag.py:540} INFO - Filling up the DagBag from /home/airflow/.local/lib/python3.8/site-packages/airflow/example_dags/example_setup_teardown.py
[2024-03-22T00:40:10.742+0000] {processor.py:840} INFO - DAG(s) 'example_setup_teardown' retrieved from /home/airflow/.local/lib/python3.8/site-packages/airflow/example_dags/example_setup_teardown.py
[2024-03-22T00:40:10.767+0000] {logging_mixin.py:188} INFO - [2024-03-22T00:40:10.767+0000] {dag.py:3047} INFO - Sync 1 DAGs
[2024-03-22T00:40:10.793+0000] {logging_mixin.py:188} INFO - [2024-03-22T00:40:10.793+0000] {dag.py:3834} INFO - Setting next_dagrun for example_setup_teardown to 2024-03-21 00:00:00+00:00, run_after=2024-03-22 00:00:00+00:00
[2024-03-22T00:40:10.813+0000] {processor.py:183} INFO - Processing /home/airflow/.local/lib/python3.8/site-packages/airflow/example_dags/example_setup_teardown.py took 0.087 seconds
