[2024-03-22T00:38:02.423+0000] {processor.py:161} INFO - Started process (PID=53) to work on /home/airflow/.local/lib/python3.8/site-packages/airflow/example_dags/example_external_task_marker_dag.py
[2024-03-22T00:38:02.425+0000] {processor.py:830} INFO - Processing file /home/airflow/.local/lib/python3.8/site-packages/airflow/example_dags/example_external_task_marker_dag.py for tasks to queue
[2024-03-22T00:38:02.429+0000] {logging_mixin.py:188} INFO - [2024-03-22T00:38:02.428+0000] {dagbag.py:540} INFO - Filling up the DagBag from /home/airflow/.local/lib/python3.8/site-packages/airflow/example_dags/example_external_task_marker_dag.py
[2024-03-22T00:38:02.440+0000] {processor.py:840} INFO - DAG(s) 'example_external_task_marker_parent', 'example_external_task_marker_child' retrieved from /home/airflow/.local/lib/python3.8/site-packages/airflow/example_dags/example_external_task_marker_dag.py
[2024-03-22T00:38:02.633+0000] {logging_mixin.py:188} INFO - [2024-03-22T00:38:02.632+0000] {dag.py:3047} INFO - Sync 2 DAGs
[2024-03-22T00:38:02.657+0000] {logging_mixin.py:188} INFO - [2024-03-22T00:38:02.656+0000] {dag.py:3834} INFO - Setting next_dagrun for example_external_task_marker_child to None, run_after=None
[2024-03-22T00:38:02.662+0000] {logging_mixin.py:188} INFO - [2024-03-22T00:38:02.661+0000] {dag.py:3834} INFO - Setting next_dagrun for example_external_task_marker_parent to None, run_after=None
[2024-03-22T00:38:02.704+0000] {processor.py:183} INFO - Processing /home/airflow/.local/lib/python3.8/site-packages/airflow/example_dags/example_external_task_marker_dag.py took 0.285 seconds
[2024-03-22T00:38:33.492+0000] {processor.py:161} INFO - Started process (PID=108) to work on /home/airflow/.local/lib/python3.8/site-packages/airflow/example_dags/example_external_task_marker_dag.py
[2024-03-22T00:38:33.494+0000] {processor.py:830} INFO - Processing file /home/airflow/.local/lib/python3.8/site-packages/airflow/example_dags/example_external_task_marker_dag.py for tasks to queue
[2024-03-22T00:38:33.496+0000] {logging_mixin.py:188} INFO - [2024-03-22T00:38:33.496+0000] {dagbag.py:540} INFO - Filling up the DagBag from /home/airflow/.local/lib/python3.8/site-packages/airflow/example_dags/example_external_task_marker_dag.py
[2024-03-22T00:38:33.505+0000] {processor.py:840} INFO - DAG(s) 'example_external_task_marker_parent', 'example_external_task_marker_child' retrieved from /home/airflow/.local/lib/python3.8/site-packages/airflow/example_dags/example_external_task_marker_dag.py
[2024-03-22T00:38:33.539+0000] {logging_mixin.py:188} INFO - [2024-03-22T00:38:33.538+0000] {dag.py:3047} INFO - Sync 2 DAGs
[2024-03-22T00:38:33.556+0000] {logging_mixin.py:188} INFO - [2024-03-22T00:38:33.556+0000] {dag.py:3834} INFO - Setting next_dagrun for example_external_task_marker_child to None, run_after=None
[2024-03-22T00:38:33.562+0000] {logging_mixin.py:188} INFO - [2024-03-22T00:38:33.562+0000] {dag.py:3834} INFO - Setting next_dagrun for example_external_task_marker_parent to None, run_after=None
[2024-03-22T00:38:33.585+0000] {processor.py:183} INFO - Processing /home/airflow/.local/lib/python3.8/site-packages/airflow/example_dags/example_external_task_marker_dag.py took 0.098 seconds
[2024-03-22T00:39:03.799+0000] {processor.py:161} INFO - Started process (PID=163) to work on /home/airflow/.local/lib/python3.8/site-packages/airflow/example_dags/example_external_task_marker_dag.py
[2024-03-22T00:39:03.803+0000] {processor.py:830} INFO - Processing file /home/airflow/.local/lib/python3.8/site-packages/airflow/example_dags/example_external_task_marker_dag.py for tasks to queue
[2024-03-22T00:39:03.808+0000] {logging_mixin.py:188} INFO - [2024-03-22T00:39:03.807+0000] {dagbag.py:540} INFO - Filling up the DagBag from /home/airflow/.local/lib/python3.8/site-packages/airflow/example_dags/example_external_task_marker_dag.py
[2024-03-22T00:39:03.820+0000] {processor.py:840} INFO - DAG(s) 'example_external_task_marker_child', 'example_external_task_marker_parent' retrieved from /home/airflow/.local/lib/python3.8/site-packages/airflow/example_dags/example_external_task_marker_dag.py
[2024-03-22T00:39:03.852+0000] {logging_mixin.py:188} INFO - [2024-03-22T00:39:03.852+0000] {dag.py:3047} INFO - Sync 2 DAGs
[2024-03-22T00:39:03.871+0000] {logging_mixin.py:188} INFO - [2024-03-22T00:39:03.871+0000] {dag.py:3834} INFO - Setting next_dagrun for example_external_task_marker_child to None, run_after=None
[2024-03-22T00:39:03.879+0000] {logging_mixin.py:188} INFO - [2024-03-22T00:39:03.878+0000] {dag.py:3834} INFO - Setting next_dagrun for example_external_task_marker_parent to None, run_after=None
[2024-03-22T00:39:03.903+0000] {processor.py:183} INFO - Processing /home/airflow/.local/lib/python3.8/site-packages/airflow/example_dags/example_external_task_marker_dag.py took 0.110 seconds
[2024-03-22T00:39:34.323+0000] {processor.py:161} INFO - Started process (PID=218) to work on /home/airflow/.local/lib/python3.8/site-packages/airflow/example_dags/example_external_task_marker_dag.py
[2024-03-22T00:39:34.324+0000] {processor.py:830} INFO - Processing file /home/airflow/.local/lib/python3.8/site-packages/airflow/example_dags/example_external_task_marker_dag.py for tasks to queue
[2024-03-22T00:39:34.327+0000] {logging_mixin.py:188} INFO - [2024-03-22T00:39:34.326+0000] {dagbag.py:540} INFO - Filling up the DagBag from /home/airflow/.local/lib/python3.8/site-packages/airflow/example_dags/example_external_task_marker_dag.py
[2024-03-22T00:39:34.334+0000] {processor.py:840} INFO - DAG(s) 'example_external_task_marker_parent', 'example_external_task_marker_child' retrieved from /home/airflow/.local/lib/python3.8/site-packages/airflow/example_dags/example_external_task_marker_dag.py
[2024-03-22T00:39:34.364+0000] {logging_mixin.py:188} INFO - [2024-03-22T00:39:34.363+0000] {dag.py:3047} INFO - Sync 2 DAGs
[2024-03-22T00:39:34.380+0000] {logging_mixin.py:188} INFO - [2024-03-22T00:39:34.379+0000] {dag.py:3834} INFO - Setting next_dagrun for example_external_task_marker_child to None, run_after=None
[2024-03-22T00:39:34.384+0000] {logging_mixin.py:188} INFO - [2024-03-22T00:39:34.384+0000] {dag.py:3834} INFO - Setting next_dagrun for example_external_task_marker_parent to None, run_after=None
[2024-03-22T00:39:34.402+0000] {processor.py:183} INFO - Processing /home/airflow/.local/lib/python3.8/site-packages/airflow/example_dags/example_external_task_marker_dag.py took 0.083 seconds
[2024-03-22T00:40:04.450+0000] {processor.py:161} INFO - Started process (PID=273) to work on /home/airflow/.local/lib/python3.8/site-packages/airflow/example_dags/example_external_task_marker_dag.py
[2024-03-22T00:40:04.452+0000] {processor.py:830} INFO - Processing file /home/airflow/.local/lib/python3.8/site-packages/airflow/example_dags/example_external_task_marker_dag.py for tasks to queue
[2024-03-22T00:40:04.454+0000] {logging_mixin.py:188} INFO - [2024-03-22T00:40:04.454+0000] {dagbag.py:540} INFO - Filling up the DagBag from /home/airflow/.local/lib/python3.8/site-packages/airflow/example_dags/example_external_task_marker_dag.py
[2024-03-22T00:40:04.462+0000] {processor.py:840} INFO - DAG(s) 'example_external_task_marker_parent', 'example_external_task_marker_child' retrieved from /home/airflow/.local/lib/python3.8/site-packages/airflow/example_dags/example_external_task_marker_dag.py
[2024-03-22T00:40:04.499+0000] {logging_mixin.py:188} INFO - [2024-03-22T00:40:04.499+0000] {dag.py:3047} INFO - Sync 2 DAGs
[2024-03-22T00:40:04.521+0000] {logging_mixin.py:188} INFO - [2024-03-22T00:40:04.521+0000] {dag.py:3834} INFO - Setting next_dagrun for example_external_task_marker_child to None, run_after=None
[2024-03-22T00:40:04.527+0000] {logging_mixin.py:188} INFO - [2024-03-22T00:40:04.526+0000] {dag.py:3834} INFO - Setting next_dagrun for example_external_task_marker_parent to None, run_after=None
[2024-03-22T00:40:04.552+0000] {processor.py:183} INFO - Processing /home/airflow/.local/lib/python3.8/site-packages/airflow/example_dags/example_external_task_marker_dag.py took 0.107 seconds
