[2024-03-22T00:38:02.782+0000] {processor.py:161} INFO - Started process (PID=55) to work on /home/airflow/.local/lib/python3.8/site-packages/airflow/example_dags/example_latest_only_with_trigger.py
[2024-03-22T00:38:02.784+0000] {processor.py:830} INFO - Processing file /home/airflow/.local/lib/python3.8/site-packages/airflow/example_dags/example_latest_only_with_trigger.py for tasks to queue
[2024-03-22T00:38:02.789+0000] {logging_mixin.py:188} INFO - [2024-03-22T00:38:02.789+0000] {dagbag.py:540} INFO - Filling up the DagBag from /home/airflow/.local/lib/python3.8/site-packages/airflow/example_dags/example_latest_only_with_trigger.py
[2024-03-22T00:38:02.799+0000] {processor.py:840} INFO - DAG(s) 'latest_only_with_trigger' retrieved from /home/airflow/.local/lib/python3.8/site-packages/airflow/example_dags/example_latest_only_with_trigger.py
[2024-03-22T00:38:02.973+0000] {logging_mixin.py:188} INFO - [2024-03-22T00:38:02.972+0000] {dag.py:3047} INFO - Sync 1 DAGs
[2024-03-22T00:38:03.004+0000] {logging_mixin.py:188} INFO - [2024-03-22T00:38:03.004+0000] {dag.py:3834} INFO - Setting next_dagrun for latest_only_with_trigger to 2024-03-21 20:00:00+00:00, run_after=2024-03-22 00:00:00+00:00
[2024-03-22T00:38:03.039+0000] {processor.py:183} INFO - Processing /home/airflow/.local/lib/python3.8/site-packages/airflow/example_dags/example_latest_only_with_trigger.py took 0.261 seconds
[2024-03-22T00:38:33.616+0000] {processor.py:161} INFO - Started process (PID=110) to work on /home/airflow/.local/lib/python3.8/site-packages/airflow/example_dags/example_latest_only_with_trigger.py
[2024-03-22T00:38:33.617+0000] {processor.py:830} INFO - Processing file /home/airflow/.local/lib/python3.8/site-packages/airflow/example_dags/example_latest_only_with_trigger.py for tasks to queue
[2024-03-22T00:38:33.621+0000] {logging_mixin.py:188} INFO - [2024-03-22T00:38:33.620+0000] {dagbag.py:540} INFO - Filling up the DagBag from /home/airflow/.local/lib/python3.8/site-packages/airflow/example_dags/example_latest_only_with_trigger.py
[2024-03-22T00:38:33.629+0000] {processor.py:840} INFO - DAG(s) 'latest_only_with_trigger' retrieved from /home/airflow/.local/lib/python3.8/site-packages/airflow/example_dags/example_latest_only_with_trigger.py
[2024-03-22T00:38:33.659+0000] {logging_mixin.py:188} INFO - [2024-03-22T00:38:33.659+0000] {dag.py:3047} INFO - Sync 1 DAGs
[2024-03-22T00:38:33.695+0000] {logging_mixin.py:188} INFO - [2024-03-22T00:38:33.694+0000] {dag.py:3834} INFO - Setting next_dagrun for latest_only_with_trigger to 2024-03-21 20:00:00+00:00, run_after=2024-03-22 00:00:00+00:00
[2024-03-22T00:38:33.727+0000] {processor.py:183} INFO - Processing /home/airflow/.local/lib/python3.8/site-packages/airflow/example_dags/example_latest_only_with_trigger.py took 0.117 seconds
[2024-03-22T00:39:03.924+0000] {processor.py:161} INFO - Started process (PID=165) to work on /home/airflow/.local/lib/python3.8/site-packages/airflow/example_dags/example_latest_only_with_trigger.py
[2024-03-22T00:39:03.925+0000] {processor.py:830} INFO - Processing file /home/airflow/.local/lib/python3.8/site-packages/airflow/example_dags/example_latest_only_with_trigger.py for tasks to queue
[2024-03-22T00:39:03.928+0000] {logging_mixin.py:188} INFO - [2024-03-22T00:39:03.928+0000] {dagbag.py:540} INFO - Filling up the DagBag from /home/airflow/.local/lib/python3.8/site-packages/airflow/example_dags/example_latest_only_with_trigger.py
[2024-03-22T00:39:03.935+0000] {processor.py:840} INFO - DAG(s) 'latest_only_with_trigger' retrieved from /home/airflow/.local/lib/python3.8/site-packages/airflow/example_dags/example_latest_only_with_trigger.py
[2024-03-22T00:39:03.961+0000] {logging_mixin.py:188} INFO - [2024-03-22T00:39:03.961+0000] {dag.py:3047} INFO - Sync 1 DAGs
[2024-03-22T00:39:03.990+0000] {logging_mixin.py:188} INFO - [2024-03-22T00:39:03.990+0000] {dag.py:3834} INFO - Setting next_dagrun for latest_only_with_trigger to 2024-03-21 20:00:00+00:00, run_after=2024-03-22 00:00:00+00:00
[2024-03-22T00:39:04.013+0000] {processor.py:183} INFO - Processing /home/airflow/.local/lib/python3.8/site-packages/airflow/example_dags/example_latest_only_with_trigger.py took 0.093 seconds
[2024-03-22T00:39:34.431+0000] {processor.py:161} INFO - Started process (PID=220) to work on /home/airflow/.local/lib/python3.8/site-packages/airflow/example_dags/example_latest_only_with_trigger.py
[2024-03-22T00:39:34.432+0000] {processor.py:830} INFO - Processing file /home/airflow/.local/lib/python3.8/site-packages/airflow/example_dags/example_latest_only_with_trigger.py for tasks to queue
[2024-03-22T00:39:34.435+0000] {logging_mixin.py:188} INFO - [2024-03-22T00:39:34.434+0000] {dagbag.py:540} INFO - Filling up the DagBag from /home/airflow/.local/lib/python3.8/site-packages/airflow/example_dags/example_latest_only_with_trigger.py
[2024-03-22T00:39:34.442+0000] {processor.py:840} INFO - DAG(s) 'latest_only_with_trigger' retrieved from /home/airflow/.local/lib/python3.8/site-packages/airflow/example_dags/example_latest_only_with_trigger.py
[2024-03-22T00:39:34.466+0000] {logging_mixin.py:188} INFO - [2024-03-22T00:39:34.466+0000] {dag.py:3047} INFO - Sync 1 DAGs
[2024-03-22T00:39:34.492+0000] {logging_mixin.py:188} INFO - [2024-03-22T00:39:34.492+0000] {dag.py:3834} INFO - Setting next_dagrun for latest_only_with_trigger to 2024-03-21 20:00:00+00:00, run_after=2024-03-22 00:00:00+00:00
[2024-03-22T00:39:34.512+0000] {processor.py:183} INFO - Processing /home/airflow/.local/lib/python3.8/site-packages/airflow/example_dags/example_latest_only_with_trigger.py took 0.085 seconds
[2024-03-22T00:40:04.573+0000] {processor.py:161} INFO - Started process (PID=275) to work on /home/airflow/.local/lib/python3.8/site-packages/airflow/example_dags/example_latest_only_with_trigger.py
[2024-03-22T00:40:04.575+0000] {processor.py:830} INFO - Processing file /home/airflow/.local/lib/python3.8/site-packages/airflow/example_dags/example_latest_only_with_trigger.py for tasks to queue
[2024-03-22T00:40:04.577+0000] {logging_mixin.py:188} INFO - [2024-03-22T00:40:04.577+0000] {dagbag.py:540} INFO - Filling up the DagBag from /home/airflow/.local/lib/python3.8/site-packages/airflow/example_dags/example_latest_only_with_trigger.py
[2024-03-22T00:40:04.585+0000] {processor.py:840} INFO - DAG(s) 'latest_only_with_trigger' retrieved from /home/airflow/.local/lib/python3.8/site-packages/airflow/example_dags/example_latest_only_with_trigger.py
[2024-03-22T00:40:04.611+0000] {logging_mixin.py:188} INFO - [2024-03-22T00:40:04.610+0000] {dag.py:3047} INFO - Sync 1 DAGs
[2024-03-22T00:40:04.639+0000] {logging_mixin.py:188} INFO - [2024-03-22T00:40:04.639+0000] {dag.py:3834} INFO - Setting next_dagrun for latest_only_with_trigger to 2024-03-21 20:00:00+00:00, run_after=2024-03-22 00:00:00+00:00
[2024-03-22T00:40:04.663+0000] {processor.py:183} INFO - Processing /home/airflow/.local/lib/python3.8/site-packages/airflow/example_dags/example_latest_only_with_trigger.py took 0.093 seconds
