[2024-03-22T00:38:02.464+0000] {processor.py:161} INFO - Started process (PID=54) to work on /home/airflow/.local/lib/python3.8/site-packages/airflow/example_dags/example_trigger_target_dag.py
[2024-03-22T00:38:02.467+0000] {processor.py:830} INFO - Processing file /home/airflow/.local/lib/python3.8/site-packages/airflow/example_dags/example_trigger_target_dag.py for tasks to queue
[2024-03-22T00:38:02.471+0000] {logging_mixin.py:188} INFO - [2024-03-22T00:38:02.471+0000] {dagbag.py:540} INFO - Filling up the DagBag from /home/airflow/.local/lib/python3.8/site-packages/airflow/example_dags/example_trigger_target_dag.py
[2024-03-22T00:38:02.481+0000] {processor.py:840} INFO - DAG(s) 'example_trigger_target_dag' retrieved from /home/airflow/.local/lib/python3.8/site-packages/airflow/example_dags/example_trigger_target_dag.py
[2024-03-22T00:38:02.652+0000] {logging_mixin.py:188} INFO - [2024-03-22T00:38:02.652+0000] {dag.py:3047} INFO - Sync 1 DAGs
[2024-03-22T00:38:02.671+0000] {logging_mixin.py:188} INFO - [2024-03-22T00:38:02.671+0000] {dag.py:3834} INFO - Setting next_dagrun for example_trigger_target_dag to None, run_after=None
[2024-03-22T00:38:02.731+0000] {processor.py:183} INFO - Processing /home/airflow/.local/lib/python3.8/site-packages/airflow/example_dags/example_trigger_target_dag.py took 0.272 seconds
[2024-03-22T00:38:33.493+0000] {processor.py:161} INFO - Started process (PID=109) to work on /home/airflow/.local/lib/python3.8/site-packages/airflow/example_dags/example_trigger_target_dag.py
[2024-03-22T00:38:33.494+0000] {processor.py:830} INFO - Processing file /home/airflow/.local/lib/python3.8/site-packages/airflow/example_dags/example_trigger_target_dag.py for tasks to queue
[2024-03-22T00:38:33.496+0000] {logging_mixin.py:188} INFO - [2024-03-22T00:38:33.496+0000] {dagbag.py:540} INFO - Filling up the DagBag from /home/airflow/.local/lib/python3.8/site-packages/airflow/example_dags/example_trigger_target_dag.py
[2024-03-22T00:38:33.505+0000] {processor.py:840} INFO - DAG(s) 'example_trigger_target_dag' retrieved from /home/airflow/.local/lib/python3.8/site-packages/airflow/example_dags/example_trigger_target_dag.py
[2024-03-22T00:38:33.531+0000] {logging_mixin.py:188} INFO - [2024-03-22T00:38:33.531+0000] {dag.py:3047} INFO - Sync 1 DAGs
[2024-03-22T00:38:33.549+0000] {logging_mixin.py:188} INFO - [2024-03-22T00:38:33.549+0000] {dag.py:3834} INFO - Setting next_dagrun for example_trigger_target_dag to None, run_after=None
[2024-03-22T00:38:33.575+0000] {processor.py:183} INFO - Processing /home/airflow/.local/lib/python3.8/site-packages/airflow/example_dags/example_trigger_target_dag.py took 0.087 seconds
[2024-03-22T00:39:03.799+0000] {processor.py:161} INFO - Started process (PID=164) to work on /home/airflow/.local/lib/python3.8/site-packages/airflow/example_dags/example_trigger_target_dag.py
[2024-03-22T00:39:03.803+0000] {processor.py:830} INFO - Processing file /home/airflow/.local/lib/python3.8/site-packages/airflow/example_dags/example_trigger_target_dag.py for tasks to queue
[2024-03-22T00:39:03.808+0000] {logging_mixin.py:188} INFO - [2024-03-22T00:39:03.807+0000] {dagbag.py:540} INFO - Filling up the DagBag from /home/airflow/.local/lib/python3.8/site-packages/airflow/example_dags/example_trigger_target_dag.py
[2024-03-22T00:39:03.819+0000] {processor.py:840} INFO - DAG(s) 'example_trigger_target_dag' retrieved from /home/airflow/.local/lib/python3.8/site-packages/airflow/example_dags/example_trigger_target_dag.py
[2024-03-22T00:39:03.847+0000] {logging_mixin.py:188} INFO - [2024-03-22T00:39:03.846+0000] {dag.py:3047} INFO - Sync 1 DAGs
[2024-03-22T00:39:03.865+0000] {logging_mixin.py:188} INFO - [2024-03-22T00:39:03.865+0000] {dag.py:3834} INFO - Setting next_dagrun for example_trigger_target_dag to None, run_after=None
[2024-03-22T00:39:03.890+0000] {processor.py:183} INFO - Processing /home/airflow/.local/lib/python3.8/site-packages/airflow/example_dags/example_trigger_target_dag.py took 0.097 seconds
[2024-03-22T00:39:34.324+0000] {processor.py:161} INFO - Started process (PID=219) to work on /home/airflow/.local/lib/python3.8/site-packages/airflow/example_dags/example_trigger_target_dag.py
[2024-03-22T00:39:34.326+0000] {processor.py:830} INFO - Processing file /home/airflow/.local/lib/python3.8/site-packages/airflow/example_dags/example_trigger_target_dag.py for tasks to queue
[2024-03-22T00:39:34.328+0000] {logging_mixin.py:188} INFO - [2024-03-22T00:39:34.327+0000] {dagbag.py:540} INFO - Filling up the DagBag from /home/airflow/.local/lib/python3.8/site-packages/airflow/example_dags/example_trigger_target_dag.py
[2024-03-22T00:39:34.334+0000] {processor.py:840} INFO - DAG(s) 'example_trigger_target_dag' retrieved from /home/airflow/.local/lib/python3.8/site-packages/airflow/example_dags/example_trigger_target_dag.py
[2024-03-22T00:39:34.359+0000] {logging_mixin.py:188} INFO - [2024-03-22T00:39:34.359+0000] {dag.py:3047} INFO - Sync 1 DAGs
[2024-03-22T00:39:34.375+0000] {logging_mixin.py:188} INFO - [2024-03-22T00:39:34.375+0000] {dag.py:3834} INFO - Setting next_dagrun for example_trigger_target_dag to None, run_after=None
[2024-03-22T00:39:34.399+0000] {processor.py:183} INFO - Processing /home/airflow/.local/lib/python3.8/site-packages/airflow/example_dags/example_trigger_target_dag.py took 0.078 seconds
[2024-03-22T00:40:04.450+0000] {processor.py:161} INFO - Started process (PID=274) to work on /home/airflow/.local/lib/python3.8/site-packages/airflow/example_dags/example_trigger_target_dag.py
[2024-03-22T00:40:04.452+0000] {processor.py:830} INFO - Processing file /home/airflow/.local/lib/python3.8/site-packages/airflow/example_dags/example_trigger_target_dag.py for tasks to queue
[2024-03-22T00:40:04.454+0000] {logging_mixin.py:188} INFO - [2024-03-22T00:40:04.454+0000] {dagbag.py:540} INFO - Filling up the DagBag from /home/airflow/.local/lib/python3.8/site-packages/airflow/example_dags/example_trigger_target_dag.py
[2024-03-22T00:40:04.461+0000] {processor.py:840} INFO - DAG(s) 'example_trigger_target_dag' retrieved from /home/airflow/.local/lib/python3.8/site-packages/airflow/example_dags/example_trigger_target_dag.py
[2024-03-22T00:40:04.490+0000] {logging_mixin.py:188} INFO - [2024-03-22T00:40:04.490+0000] {dag.py:3047} INFO - Sync 1 DAGs
[2024-03-22T00:40:04.512+0000] {logging_mixin.py:188} INFO - [2024-03-22T00:40:04.511+0000] {dag.py:3834} INFO - Setting next_dagrun for example_trigger_target_dag to None, run_after=None
[2024-03-22T00:40:04.537+0000] {processor.py:183} INFO - Processing /home/airflow/.local/lib/python3.8/site-packages/airflow/example_dags/example_trigger_target_dag.py took 0.091 seconds
