[2024-03-22T00:38:03.085+0000] {processor.py:161} INFO - Started process (PID=57) to work on /home/airflow/.local/lib/python3.8/site-packages/airflow/example_dags/example_python_operator.py
[2024-03-22T00:38:03.088+0000] {processor.py:830} INFO - Processing file /home/airflow/.local/lib/python3.8/site-packages/airflow/example_dags/example_python_operator.py for tasks to queue
[2024-03-22T00:38:03.090+0000] {logging_mixin.py:188} INFO - [2024-03-22T00:38:03.090+0000] {dagbag.py:540} INFO - Filling up the DagBag from /home/airflow/.local/lib/python3.8/site-packages/airflow/example_dags/example_python_operator.py
[2024-03-22T00:38:03.107+0000] {processor.py:840} INFO - DAG(s) 'example_python_operator' retrieved from /home/airflow/.local/lib/python3.8/site-packages/airflow/example_dags/example_python_operator.py
[2024-03-22T00:38:03.303+0000] {logging_mixin.py:188} INFO - [2024-03-22T00:38:03.302+0000] {dag.py:3047} INFO - Sync 1 DAGs
[2024-03-22T00:38:03.321+0000] {logging_mixin.py:188} INFO - [2024-03-22T00:38:03.321+0000] {dag.py:3834} INFO - Setting next_dagrun for example_python_operator to None, run_after=None
[2024-03-22T00:38:03.367+0000] {processor.py:183} INFO - Processing /home/airflow/.local/lib/python3.8/site-packages/airflow/example_dags/example_python_operator.py took 0.287 seconds
[2024-03-22T00:38:33.777+0000] {processor.py:161} INFO - Started process (PID=112) to work on /home/airflow/.local/lib/python3.8/site-packages/airflow/example_dags/example_python_operator.py
[2024-03-22T00:38:33.778+0000] {processor.py:830} INFO - Processing file /home/airflow/.local/lib/python3.8/site-packages/airflow/example_dags/example_python_operator.py for tasks to queue
[2024-03-22T00:38:33.781+0000] {logging_mixin.py:188} INFO - [2024-03-22T00:38:33.780+0000] {dagbag.py:540} INFO - Filling up the DagBag from /home/airflow/.local/lib/python3.8/site-packages/airflow/example_dags/example_python_operator.py
[2024-03-22T00:38:33.806+0000] {processor.py:840} INFO - DAG(s) 'example_python_operator' retrieved from /home/airflow/.local/lib/python3.8/site-packages/airflow/example_dags/example_python_operator.py
[2024-03-22T00:38:33.852+0000] {logging_mixin.py:188} INFO - [2024-03-22T00:38:33.852+0000] {dag.py:3047} INFO - Sync 1 DAGs
[2024-03-22T00:38:33.875+0000] {logging_mixin.py:188} INFO - [2024-03-22T00:38:33.874+0000] {dag.py:3834} INFO - Setting next_dagrun for example_python_operator to None, run_after=None
[2024-03-22T00:38:33.913+0000] {processor.py:183} INFO - Processing /home/airflow/.local/lib/python3.8/site-packages/airflow/example_dags/example_python_operator.py took 0.141 seconds
[2024-03-22T00:39:04.074+0000] {processor.py:161} INFO - Started process (PID=167) to work on /home/airflow/.local/lib/python3.8/site-packages/airflow/example_dags/example_python_operator.py
[2024-03-22T00:39:04.078+0000] {processor.py:830} INFO - Processing file /home/airflow/.local/lib/python3.8/site-packages/airflow/example_dags/example_python_operator.py for tasks to queue
[2024-03-22T00:39:04.084+0000] {logging_mixin.py:188} INFO - [2024-03-22T00:39:04.083+0000] {dagbag.py:540} INFO - Filling up the DagBag from /home/airflow/.local/lib/python3.8/site-packages/airflow/example_dags/example_python_operator.py
[2024-03-22T00:39:04.111+0000] {processor.py:840} INFO - DAG(s) 'example_python_operator' retrieved from /home/airflow/.local/lib/python3.8/site-packages/airflow/example_dags/example_python_operator.py
[2024-03-22T00:39:04.150+0000] {logging_mixin.py:188} INFO - [2024-03-22T00:39:04.149+0000] {dag.py:3047} INFO - Sync 1 DAGs
[2024-03-22T00:39:04.170+0000] {logging_mixin.py:188} INFO - [2024-03-22T00:39:04.170+0000] {dag.py:3834} INFO - Setting next_dagrun for example_python_operator to None, run_after=None
[2024-03-22T00:39:04.199+0000] {processor.py:183} INFO - Processing /home/airflow/.local/lib/python3.8/site-packages/airflow/example_dags/example_python_operator.py took 0.136 seconds
[2024-03-22T00:39:34.547+0000] {processor.py:161} INFO - Started process (PID=222) to work on /home/airflow/.local/lib/python3.8/site-packages/airflow/example_dags/example_python_operator.py
[2024-03-22T00:39:34.548+0000] {processor.py:830} INFO - Processing file /home/airflow/.local/lib/python3.8/site-packages/airflow/example_dags/example_python_operator.py for tasks to queue
[2024-03-22T00:39:34.550+0000] {logging_mixin.py:188} INFO - [2024-03-22T00:39:34.550+0000] {dagbag.py:540} INFO - Filling up the DagBag from /home/airflow/.local/lib/python3.8/site-packages/airflow/example_dags/example_python_operator.py
[2024-03-22T00:39:34.563+0000] {processor.py:840} INFO - DAG(s) 'example_python_operator' retrieved from /home/airflow/.local/lib/python3.8/site-packages/airflow/example_dags/example_python_operator.py
[2024-03-22T00:39:34.589+0000] {logging_mixin.py:188} INFO - [2024-03-22T00:39:34.589+0000] {dag.py:3047} INFO - Sync 1 DAGs
[2024-03-22T00:39:34.606+0000] {logging_mixin.py:188} INFO - [2024-03-22T00:39:34.606+0000] {dag.py:3834} INFO - Setting next_dagrun for example_python_operator to None, run_after=None
[2024-03-22T00:39:34.630+0000] {processor.py:183} INFO - Processing /home/airflow/.local/lib/python3.8/site-packages/airflow/example_dags/example_python_operator.py took 0.087 seconds
[2024-03-22T00:40:04.701+0000] {processor.py:161} INFO - Started process (PID=276) to work on /home/airflow/.local/lib/python3.8/site-packages/airflow/example_dags/example_python_operator.py
[2024-03-22T00:40:04.702+0000] {processor.py:830} INFO - Processing file /home/airflow/.local/lib/python3.8/site-packages/airflow/example_dags/example_python_operator.py for tasks to queue
[2024-03-22T00:40:04.705+0000] {logging_mixin.py:188} INFO - [2024-03-22T00:40:04.704+0000] {dagbag.py:540} INFO - Filling up the DagBag from /home/airflow/.local/lib/python3.8/site-packages/airflow/example_dags/example_python_operator.py
[2024-03-22T00:40:04.719+0000] {processor.py:840} INFO - DAG(s) 'example_python_operator' retrieved from /home/airflow/.local/lib/python3.8/site-packages/airflow/example_dags/example_python_operator.py
[2024-03-22T00:40:04.748+0000] {logging_mixin.py:188} INFO - [2024-03-22T00:40:04.748+0000] {dag.py:3047} INFO - Sync 1 DAGs
[2024-03-22T00:40:04.766+0000] {logging_mixin.py:188} INFO - [2024-03-22T00:40:04.766+0000] {dag.py:3834} INFO - Setting next_dagrun for example_python_operator to None, run_after=None
[2024-03-22T00:40:04.790+0000] {processor.py:183} INFO - Processing /home/airflow/.local/lib/python3.8/site-packages/airflow/example_dags/example_python_operator.py took 0.094 seconds
