[2024-03-22T00:38:06.371+0000] {processor.py:161} INFO - Started process (PID=71) to work on /home/airflow/.local/lib/python3.8/site-packages/airflow/example_dags/example_task_group_decorator.py
[2024-03-22T00:38:06.373+0000] {processor.py:830} INFO - Processing file /home/airflow/.local/lib/python3.8/site-packages/airflow/example_dags/example_task_group_decorator.py for tasks to queue
[2024-03-22T00:38:06.376+0000] {logging_mixin.py:188} INFO - [2024-03-22T00:38:06.375+0000] {dagbag.py:540} INFO - Filling up the DagBag from /home/airflow/.local/lib/python3.8/site-packages/airflow/example_dags/example_task_group_decorator.py
[2024-03-22T00:38:06.397+0000] {processor.py:840} INFO - DAG(s) 'example_task_group_decorator' retrieved from /home/airflow/.local/lib/python3.8/site-packages/airflow/example_dags/example_task_group_decorator.py
[2024-03-22T00:38:06.546+0000] {logging_mixin.py:188} INFO - [2024-03-22T00:38:06.546+0000] {dag.py:3047} INFO - Sync 1 DAGs
[2024-03-22T00:38:06.578+0000] {logging_mixin.py:188} INFO - [2024-03-22T00:38:06.578+0000] {dag.py:3834} INFO - Setting next_dagrun for example_task_group_decorator to 2024-03-21 00:00:00+00:00, run_after=2024-03-22 00:00:00+00:00
[2024-03-22T00:38:06.612+0000] {processor.py:183} INFO - Processing /home/airflow/.local/lib/python3.8/site-packages/airflow/example_dags/example_task_group_decorator.py took 0.246 seconds
[2024-03-22T00:38:37.173+0000] {processor.py:161} INFO - Started process (PID=126) to work on /home/airflow/.local/lib/python3.8/site-packages/airflow/example_dags/example_task_group_decorator.py
[2024-03-22T00:38:37.174+0000] {processor.py:830} INFO - Processing file /home/airflow/.local/lib/python3.8/site-packages/airflow/example_dags/example_task_group_decorator.py for tasks to queue
[2024-03-22T00:38:37.176+0000] {logging_mixin.py:188} INFO - [2024-03-22T00:38:37.176+0000] {dagbag.py:540} INFO - Filling up the DagBag from /home/airflow/.local/lib/python3.8/site-packages/airflow/example_dags/example_task_group_decorator.py
[2024-03-22T00:38:37.194+0000] {processor.py:840} INFO - DAG(s) 'example_task_group_decorator' retrieved from /home/airflow/.local/lib/python3.8/site-packages/airflow/example_dags/example_task_group_decorator.py
[2024-03-22T00:38:37.224+0000] {logging_mixin.py:188} INFO - [2024-03-22T00:38:37.223+0000] {dag.py:3047} INFO - Sync 1 DAGs
[2024-03-22T00:38:37.251+0000] {logging_mixin.py:188} INFO - [2024-03-22T00:38:37.251+0000] {dag.py:3834} INFO - Setting next_dagrun for example_task_group_decorator to 2024-03-21 00:00:00+00:00, run_after=2024-03-22 00:00:00+00:00
[2024-03-22T00:38:37.271+0000] {processor.py:183} INFO - Processing /home/airflow/.local/lib/python3.8/site-packages/airflow/example_dags/example_task_group_decorator.py took 0.102 seconds
[2024-03-22T00:39:08.290+0000] {processor.py:161} INFO - Started process (PID=187) to work on /home/airflow/.local/lib/python3.8/site-packages/airflow/example_dags/example_task_group_decorator.py
[2024-03-22T00:39:08.291+0000] {processor.py:830} INFO - Processing file /home/airflow/.local/lib/python3.8/site-packages/airflow/example_dags/example_task_group_decorator.py for tasks to queue
[2024-03-22T00:39:08.293+0000] {logging_mixin.py:188} INFO - [2024-03-22T00:39:08.293+0000] {dagbag.py:540} INFO - Filling up the DagBag from /home/airflow/.local/lib/python3.8/site-packages/airflow/example_dags/example_task_group_decorator.py
[2024-03-22T00:39:08.311+0000] {processor.py:840} INFO - DAG(s) 'example_task_group_decorator' retrieved from /home/airflow/.local/lib/python3.8/site-packages/airflow/example_dags/example_task_group_decorator.py
[2024-03-22T00:39:08.341+0000] {logging_mixin.py:188} INFO - [2024-03-22T00:39:08.341+0000] {dag.py:3047} INFO - Sync 1 DAGs
[2024-03-22T00:39:08.369+0000] {logging_mixin.py:188} INFO - [2024-03-22T00:39:08.368+0000] {dag.py:3834} INFO - Setting next_dagrun for example_task_group_decorator to 2024-03-21 00:00:00+00:00, run_after=2024-03-22 00:00:00+00:00
[2024-03-22T00:39:08.389+0000] {processor.py:183} INFO - Processing /home/airflow/.local/lib/python3.8/site-packages/airflow/example_dags/example_task_group_decorator.py took 0.104 seconds
[2024-03-22T00:39:38.484+0000] {processor.py:161} INFO - Started process (PID=242) to work on /home/airflow/.local/lib/python3.8/site-packages/airflow/example_dags/example_task_group_decorator.py
[2024-03-22T00:39:38.486+0000] {processor.py:830} INFO - Processing file /home/airflow/.local/lib/python3.8/site-packages/airflow/example_dags/example_task_group_decorator.py for tasks to queue
[2024-03-22T00:39:38.488+0000] {logging_mixin.py:188} INFO - [2024-03-22T00:39:38.487+0000] {dagbag.py:540} INFO - Filling up the DagBag from /home/airflow/.local/lib/python3.8/site-packages/airflow/example_dags/example_task_group_decorator.py
[2024-03-22T00:39:38.506+0000] {processor.py:840} INFO - DAG(s) 'example_task_group_decorator' retrieved from /home/airflow/.local/lib/python3.8/site-packages/airflow/example_dags/example_task_group_decorator.py
[2024-03-22T00:39:38.535+0000] {logging_mixin.py:188} INFO - [2024-03-22T00:39:38.534+0000] {dag.py:3047} INFO - Sync 1 DAGs
[2024-03-22T00:39:38.559+0000] {logging_mixin.py:188} INFO - [2024-03-22T00:39:38.559+0000] {dag.py:3834} INFO - Setting next_dagrun for example_task_group_decorator to 2024-03-21 00:00:00+00:00, run_after=2024-03-22 00:00:00+00:00
[2024-03-22T00:39:38.594+0000] {processor.py:183} INFO - Processing /home/airflow/.local/lib/python3.8/site-packages/airflow/example_dags/example_task_group_decorator.py took 0.114 seconds
[2024-03-22T00:40:08.880+0000] {processor.py:161} INFO - Started process (PID=298) to work on /home/airflow/.local/lib/python3.8/site-packages/airflow/example_dags/example_task_group_decorator.py
[2024-03-22T00:40:08.882+0000] {processor.py:830} INFO - Processing file /home/airflow/.local/lib/python3.8/site-packages/airflow/example_dags/example_task_group_decorator.py for tasks to queue
[2024-03-22T00:40:08.886+0000] {logging_mixin.py:188} INFO - [2024-03-22T00:40:08.885+0000] {dagbag.py:540} INFO - Filling up the DagBag from /home/airflow/.local/lib/python3.8/site-packages/airflow/example_dags/example_task_group_decorator.py
[2024-03-22T00:40:08.909+0000] {processor.py:840} INFO - DAG(s) 'example_task_group_decorator' retrieved from /home/airflow/.local/lib/python3.8/site-packages/airflow/example_dags/example_task_group_decorator.py
[2024-03-22T00:40:08.947+0000] {logging_mixin.py:188} INFO - [2024-03-22T00:40:08.946+0000] {dag.py:3047} INFO - Sync 1 DAGs
[2024-03-22T00:40:08.984+0000] {logging_mixin.py:188} INFO - [2024-03-22T00:40:08.984+0000] {dag.py:3834} INFO - Setting next_dagrun for example_task_group_decorator to 2024-03-21 00:00:00+00:00, run_after=2024-03-22 00:00:00+00:00
[2024-03-22T00:40:09.008+0000] {processor.py:183} INFO - Processing /home/airflow/.local/lib/python3.8/site-packages/airflow/example_dags/example_task_group_decorator.py took 0.134 seconds
